Instance name,  X location,  Y location,  Voltage 
FILLER_12_72, 53.82, 58.8, -8.61368e-09
FILLER_11_73, 53.82, 50.96, -1.16898e-08
FILLER_11_93, 53.82, 50.96, -1.16898e-08
FILLER_12_88, 53.82, 50.96, -1.16898e-08
FILLER_12_96, 53.82, 50.96, -1.16898e-08
spare_logic_const_zero\[15\], 53.82, 50.96, -1.16898e-08
spare_logic_mux\[0\], 53.82, 50.96, -1.16898e-08
FILLER_10_95, 53.82, 43.12, -9.98881e-09
FILLER_8_85, 53.82, 43.12, -9.98881e-09
FILLER_9_73, 53.82, 43.12, -9.98881e-09
spare_logic_const_zero\[13\], 53.82, 43.12, -9.98881e-09
ANTENNA_spare_logic_nor\[1\]_A1, 53.82, 35.28, -1.07128e-08
FILLER_6_81, 53.82, 35.28, -1.07128e-08
FILLER_7_73, 53.82, 35.28, -1.07128e-08
FILLER_7_79, 53.82, 35.28, -1.07128e-08
FILLER_7_91, 53.82, 35.28, -1.07128e-08
FILLER_8_93, 53.82, 35.28, -1.07128e-08
spare_logic_const_zero\[10\], 53.82, 35.28, -1.07128e-08
spare_logic_const_zero\[12\], 53.82, 35.28, -1.07128e-08
spare_logic_nor\[1\], 53.82, 35.28, -1.07128e-08
FILLER_5_73, 53.82, 27.44, -7.54037e-09
FILLER_6_97, 53.82, 27.44, -7.54037e-09
FILLER_3_73, 53.82, 19.6, -9.09768e-09
FILLER_3_81, 53.82, 19.6, -9.09768e-09
FILLER_3_89, 53.82, 19.6, -9.09768e-09
FILLER_3_97, 53.82, 19.6, -9.09768e-09
spare_logic_const_zero\[24\], 53.82, 19.6, -9.09768e-09
FILLER_0_72, 53.82, 11.76, -1.17418e-08
FILLER_1_73, 53.82, 11.76, -1.17418e-08
FILLER_1_78, 53.82, 11.76, -1.17418e-08
FILLER_1_84, 53.82, 11.76, -1.17418e-08
spare_logic_const_zero\[20\], 53.82, 11.76, -1.17418e-08
spare_logic_const_zero\[26\], 53.82, 11.76, -1.17418e-08
FILLER_12_53, 37.87, 58.8, -8.24244e-09
spare_logic_const_zero\[3\], 37.87, 58.8, -8.24244e-09
ANTENNA_spare_logic_inv\[3\]_I, 37.87, 50.96, -1.163e-08
FILLER_10_53, 37.87, 50.96, -1.163e-08
FILLER_10_57, 37.87, 50.96, -1.163e-08
FILLER_11_44, 37.87, 50.96, -1.163e-08
FILLER_11_46, 37.87, 50.96, -1.163e-08
FILLER_11_49, 37.87, 50.96, -1.163e-08
FILLER_11_57, 37.87, 50.96, -1.163e-08
FILLER_11_65, 37.87, 50.96, -1.163e-08
FILLER_11_69, 37.87, 50.96, -1.163e-08
FILLER_12_61, 37.87, 50.96, -1.163e-08
FILLER_12_69, 37.87, 50.96, -1.163e-08
TAP_44, 37.87, 50.96, -1.163e-08
TAP_46, 37.87, 50.96, -1.163e-08
spare_logic_inv\[0\], 37.87, 50.96, -1.163e-08
spare_logic_inv\[3\], 37.87, 50.96, -1.163e-08
ANTENNA_spare_logic_mux\[1\]_I1, 37.87, 43.12, -9.7767e-09
FILLER_10_63, 37.87, 43.12, -9.7767e-09
FILLER_8_45, 37.87, 43.12, -9.7767e-09
FILLER_8_48, 37.87, 43.12, -9.7767e-09
FILLER_9_66, 37.87, 43.12, -9.7767e-09
FILLER_9_70, 37.87, 43.12, -9.7767e-09
TAP_41, 37.87, 43.12, -9.7767e-09
spare_logic_const_zero\[0\], 37.87, 43.12, -9.7767e-09
spare_logic_mux\[1\], 37.87, 43.12, -9.7767e-09
ANTENNA_spare_logic_mux\[1\]_S, 37.87, 35.28, -1.05118e-08
FILLER_7_44, 37.87, 35.28, -1.05118e-08
FILLER_7_50, 37.87, 35.28, -1.05118e-08
FILLER_7_56, 37.87, 35.28, -1.05118e-08
FILLER_7_62, 37.87, 35.28, -1.05118e-08
FILLER_7_68, 37.87, 35.28, -1.05118e-08
FILLER_7_70, 37.87, 35.28, -1.05118e-08
FILLER_8_65, 37.87, 35.28, -1.05118e-08
FILLER_8_69, 37.87, 35.28, -1.05118e-08
TAP_38, 37.87, 35.28, -1.05118e-08
spare_logic_biginv, 37.87, 35.28, -1.05118e-08
spare_logic_const_zero\[14\], 37.87, 35.28, -1.05118e-08
spare_logic_const_zero\[16\], 37.87, 35.28, -1.05118e-08
spare_logic_const_zero\[18\], 37.87, 35.28, -1.05118e-08
spare_logic_const_zero\[1\], 37.87, 35.28, -1.05118e-08
FILLER_5_50, 37.87, 27.44, -7.19667e-09
FILLER_5_57, 37.87, 27.44, -7.19667e-09
FILLER_5_65, 37.87, 27.44, -7.19667e-09
FILLER_5_69, 37.87, 27.44, -7.19667e-09
FILLER_6_71, 37.87, 27.44, -7.19667e-09
TAP_35, 37.87, 27.44, -7.19667e-09
spare_logic_inv\[1\], 37.87, 27.44, -7.19667e-09
ANTENNA_spare_logic_flop\[0\]_SETN, 37.87, 19.6, -8.76965e-09
ANTENNA_spare_logic_flop\[1\]_CLK, 37.87, 19.6, -8.76965e-09
FILLER_2_46, 37.87, 19.6, -8.76965e-09
FILLER_2_54, 37.87, 19.6, -8.76965e-09
FILLER_3_46, 37.87, 19.6, -8.76965e-09
FILLER_3_49, 37.87, 19.6, -8.76965e-09
FILLER_3_59, 37.87, 19.6, -8.76965e-09
FILLER_3_67, 37.87, 19.6, -8.76965e-09
TAP_32, 37.87, 19.6, -8.76965e-09
spare_logic_const_zero\[2\], 37.87, 19.6, -8.76965e-09
ANTENNA_spare_logic_flop\[0\]_RN, 37.87, 11.76, -1.22376e-08
ANTENNA_spare_logic_nand\[1\]_A2, 37.87, 11.76, -1.22376e-08
FILLER_0_48, 37.87, 11.76, -1.22376e-08
FILLER_0_52, 37.87, 11.76, -1.22376e-08
FILLER_0_54, 37.87, 11.76, -1.22376e-08
FILLER_0_59, 37.87, 11.76, -1.22376e-08
FILLER_0_63, 37.87, 11.76, -1.22376e-08
FILLER_0_69, 37.87, 11.76, -1.22376e-08
FILLER_1_45, 37.87, 11.76, -1.22376e-08
FILLER_1_49, 37.87, 11.76, -1.22376e-08
FILLER_1_56, 37.87, 11.76, -1.22376e-08
FILLER_1_67, 37.87, 11.76, -1.22376e-08
FILLER_2_58, 37.87, 11.76, -1.22376e-08
TAP_27, 37.87, 11.76, -1.22376e-08
TAP_29, 37.87, 11.76, -1.22376e-08
spare_logic_const_zero\[22\], 37.87, 11.76, -1.22376e-08
spare_logic_const_zero\[6\], 37.87, 11.76, -1.22376e-08
spare_logic_const_zero\[8\], 37.87, 11.76, -1.22376e-08
spare_logic_flop\[1\], 37.87, 11.76, -1.22376e-08
spare_logic_inv\[2\], 37.87, 11.76, -1.22376e-08
spare_logic_nand\[1\], 37.87, 11.76, -1.22376e-08
FILLER_12_28, 21.92, 58.8, -8.28089e-09
FILLER_10_15, 21.92, 50.96, -1.18612e-08
FILLER_11_20, 21.92, 50.96, -1.18612e-08
FILLER_11_36, 21.92, 50.96, -1.18612e-08
FILLER_12_32, 21.92, 50.96, -1.18612e-08
FILLER_12_34, 21.92, 50.96, -1.18612e-08
FILLER_12_37, 21.92, 50.96, -1.18612e-08
TAP_45, 21.92, 50.96, -1.18612e-08
spare_logic_const_zero\[7\], 21.92, 50.96, -1.18612e-08
FILLER_10_31, 21.92, 43.12, -9.74571e-09
FILLER_10_37, 21.92, 43.12, -9.74571e-09
FILLER_8_28, 21.92, 43.12, -9.74571e-09
TAP_42, 21.92, 43.12, -9.74571e-09
FILLER_7_34, 21.92, 35.28, -1.03108e-08
FILLER_7_38, 21.92, 35.28, -1.03108e-08
FILLER_8_32, 21.92, 35.28, -1.03108e-08
FILLER_8_34, 21.92, 35.28, -1.03108e-08
FILLER_8_37, 21.92, 35.28, -1.03108e-08
TAP_39, 21.92, 35.28, -1.03108e-08
spare_logic_const_zero\[4\], 21.92, 35.28, -1.03108e-08
ANTENNA_spare_logic_biginv_I, 21.92, 27.44, -7.60399e-09
FILLER_5_34, 21.92, 27.44, -7.60399e-09
FILLER_6_34, 21.92, 27.44, -7.60399e-09
FILLER_6_37, 21.92, 27.44, -7.60399e-09
FILLER_6_43, 21.92, 27.44, -7.60399e-09
TAP_36, 21.92, 27.44, -7.60399e-09
ANTENNA_spare_logic_nor\[0\]_A1, 21.92, 19.6, -9.38852e-09
FILLER_2_19, 21.92, 19.6, -9.38852e-09
FILLER_2_25, 21.92, 19.6, -9.38852e-09
FILLER_2_29, 21.92, 19.6, -9.38852e-09
FILLER_3_16, 21.92, 19.6, -9.38852e-09
FILLER_3_22, 21.92, 19.6, -9.38852e-09
FILLER_3_38, 21.92, 19.6, -9.38852e-09
FILLER_4_34, 21.92, 19.6, -9.38852e-09
FILLER_4_37, 21.92, 19.6, -9.38852e-09
TAP_33, 21.92, 19.6, -9.38852e-09
spare_logic_const_zero\[11\], 21.92, 19.6, -9.38852e-09
spare_logic_const_zero\[9\], 21.92, 19.6, -9.38852e-09
ANTENNA_spare_logic_flop\[0\]_CLK, 21.92, 11.76, -1.29684e-08
FILLER_0_20, 21.92, 11.76, -1.29684e-08
FILLER_0_24, 21.92, 11.76, -1.29684e-08
FILLER_0_29, 21.92, 11.76, -1.29684e-08
FILLER_0_33, 21.92, 11.76, -1.29684e-08
FILLER_0_37, 21.92, 11.76, -1.29684e-08
FILLER_0_42, 21.92, 11.76, -1.29684e-08
FILLER_2_33, 21.92, 11.76, -1.29684e-08
FILLER_2_37, 21.92, 11.76, -1.29684e-08
FILLER_2_40, 21.92, 11.76, -1.29684e-08
TAP_26, 21.92, 11.76, -1.29684e-08
TAP_30, 21.92, 11.76, -1.29684e-08
spare_logic_const_one\[0\], 21.92, 11.76, -1.29684e-08
spare_logic_const_zero\[23\], 21.92, 11.76, -1.29684e-08
spare_logic_const_zero\[25\], 21.92, 11.76, -1.29684e-08
PHY_24, 5.6, 58.8, -8.40329e-09
FILLER_12_104, 68.88, 58.8, -9.17828e-09
FILLER_12_107, 68.88, 58.8, -9.17828e-09
PHY_25, 68.88, 58.8, -9.17828e-09
TAP_47, 68.88, 58.8, -9.17828e-09
spare_logic_const_zero\[17\], 68.88, 58.8, -9.17828e-09
FILLER_11_14, 5.6, 50.96, -1.3292e-08
FILLER_11_2, 5.6, 50.96, -1.3292e-08
FILLER_11_4, 5.6, 50.96, -1.3292e-08
FILLER_12_12, 5.6, 50.96, -1.3292e-08
FILLER_12_2, 5.6, 50.96, -1.3292e-08
FILLER_12_6, 5.6, 50.96, -1.3292e-08
PHY_20, 5.6, 50.96, -1.3292e-08
PHY_22, 5.6, 50.96, -1.3292e-08
spare_logic_const_one\[1\], 5.6, 50.96, -1.3292e-08
spare_logic_nand\[0\], 5.6, 50.96, -1.3292e-08
FILLER_10_101, 68.88, 50.96, -1.25934e-08
FILLER_10_105, 68.88, 50.96, -1.25934e-08
FILLER_10_108, 68.88, 50.96, -1.25934e-08
FILLER_10_110, 68.88, 50.96, -1.25934e-08
FILLER_11_110, 68.88, 50.96, -1.25934e-08
PHY_21, 68.88, 50.96, -1.25934e-08
PHY_23, 68.88, 50.96, -1.25934e-08
TAP_43, 68.88, 50.96, -1.25934e-08
FILLER_10_10, 5.6, 43.12, -1.048e-08
FILLER_10_2, 5.6, 43.12, -1.048e-08
FILLER_9_2, 5.6, 43.12, -1.048e-08
PHY_16, 5.6, 43.12, -1.048e-08
PHY_18, 5.6, 43.12, -1.048e-08
spare_logic_const_zero\[5\], 5.6, 43.12, -1.048e-08
FILLER_8_101, 68.88, 43.12, -1.10054e-08
FILLER_8_105, 68.88, 43.12, -1.10054e-08
FILLER_8_108, 68.88, 43.12, -1.10054e-08
FILLER_8_110, 68.88, 43.12, -1.10054e-08
FILLER_9_105, 68.88, 43.12, -1.10054e-08
FILLER_9_109, 68.88, 43.12, -1.10054e-08
PHY_17, 68.88, 43.12, -1.10054e-08
PHY_19, 68.88, 43.12, -1.10054e-08
TAP_40, 68.88, 43.12, -1.10054e-08
FILLER_7_2, 5.6, 35.28, -1.11676e-08
FILLER_8_12, 5.6, 35.28, -1.11676e-08
FILLER_8_2, 5.6, 35.28, -1.11676e-08
FILLER_8_6, 5.6, 35.28, -1.11676e-08
PHY_12, 5.6, 35.28, -1.11676e-08
PHY_14, 5.6, 35.28, -1.11676e-08
spare_logic_const_one\[3\], 5.6, 35.28, -1.11676e-08
FILLER_6_105, 68.88, 35.28, -1.15034e-08
FILLER_6_108, 68.88, 35.28, -1.15034e-08
FILLER_6_110, 68.88, 35.28, -1.15034e-08
FILLER_7_107, 68.88, 35.28, -1.15034e-08
PHY_13, 68.88, 35.28, -1.15034e-08
PHY_15, 68.88, 35.28, -1.15034e-08
TAP_37, 68.88, 35.28, -1.15034e-08
FILLER_5_2, 5.6, 27.44, -8.09362e-09
FILLER_6_2, 5.6, 27.44, -8.09362e-09
PHY_10, 5.6, 27.44, -8.09362e-09
PHY_8, 5.6, 27.44, -8.09362e-09
FILLER_4_101, 68.88, 27.44, -8.55694e-09
FILLER_4_105, 68.88, 27.44, -8.55694e-09
FILLER_4_108, 68.88, 27.44, -8.55694e-09
FILLER_4_110, 68.88, 27.44, -8.55694e-09
FILLER_5_105, 68.88, 27.44, -8.55694e-09
FILLER_5_109, 68.88, 27.44, -8.55694e-09
PHY_11, 68.88, 27.44, -8.55694e-09
PHY_9, 68.88, 27.44, -8.55694e-09
TAP_34, 68.88, 27.44, -8.55694e-09
FILLER_3_12, 5.6, 19.6, -1.02452e-08
FILLER_3_2, 5.6, 19.6, -1.02452e-08
FILLER_3_6, 5.6, 19.6, -1.02452e-08
FILLER_4_2, 5.6, 19.6, -1.02452e-08
PHY_4, 5.6, 19.6, -1.02452e-08
PHY_6, 5.6, 19.6, -1.02452e-08
spare_logic_const_zero\[21\], 5.6, 19.6, -1.02452e-08
ANTENNA_spare_logic_flop\[1\]_D, 68.88, 19.6, -1.05096e-08
FILLER_2_100, 68.88, 19.6, -1.05096e-08
FILLER_2_104, 68.88, 19.6, -1.05096e-08
FILLER_2_108, 68.88, 19.6, -1.05096e-08
FILLER_2_110, 68.88, 19.6, -1.05096e-08
FILLER_3_105, 68.88, 19.6, -1.05096e-08
FILLER_3_109, 68.88, 19.6, -1.05096e-08
PHY_5, 68.88, 19.6, -1.05096e-08
PHY_7, 68.88, 19.6, -1.05096e-08
TAP_31, 68.88, 19.6, -1.05096e-08
spare_logic_const_one\[2\], 68.88, 19.6, -1.05096e-08
FILLER_0_12, 5.6, 11.76, -1.51787e-08
FILLER_0_2, 5.6, 11.76, -1.51787e-08
FILLER_0_6, 5.6, 11.76, -1.51787e-08
FILLER_1_2, 5.6, 11.76, -1.51787e-08
FILLER_2_2, 5.6, 11.76, -1.51787e-08
FILLER_2_6, 5.6, 11.76, -1.51787e-08
FILLER_2_8, 5.6, 11.76, -1.51787e-08
PHY_0, 5.6, 11.76, -1.51787e-08
PHY_2, 5.6, 11.76, -1.51787e-08
spare_logic_const_zero\[19\], 5.6, 11.76, -1.51787e-08
spare_logic_flop\[0\], 5.6, 11.76, -1.51787e-08
spare_logic_nor\[0\], 5.6, 11.76, -1.51787e-08
ANTENNA_spare_logic_flop\[1\]_RN, 68.88, 11.76, -1.33231e-08
ANTENNA_spare_logic_flop\[1\]_SETN, 68.88, 11.76, -1.33231e-08
FILLER_0_104, 68.88, 11.76, -1.33231e-08
FILLER_0_107, 68.88, 11.76, -1.33231e-08
FILLER_1_100, 68.88, 11.76, -1.33231e-08
FILLER_1_104, 68.88, 11.76, -1.33231e-08
FILLER_1_108, 68.88, 11.76, -1.33231e-08
FILLER_1_110, 68.88, 11.76, -1.33231e-08
PHY_1, 68.88, 11.76, -1.33231e-08
PHY_3, 68.88, 11.76, -1.33231e-08
TAP_28, 68.88, 11.76, -1.33231e-08

