[INFO]: Run Directory: /home/hosni/GF180/PnR_2/caravel-gf180mcu/openlane/housekeeping/runs/RUN_2022.11.30_16.37.36
[INFO]: Storing configs into config.tcl ...
[INFO]: Preparing LEF files for the nom corner...
[INFO]: Extracting the number of available metal layers from /home/hosni/GF180/PnR_2/OpenLane/pdks/gf180mcuC/libs.ref/gf180mcu_fd_sc_mcu7t5v0/techlef/gf180mcu_fd_sc_mcu7t5v0.tlef...
[INFO]: The available metal layers (5) are Metal1 Metal2 Metal3 Metal4 Metal5.
[INFO]: Merging LEF Files...
[INFO]: Created merged LEF without pads at 'housekeeping/runs/RUN_2022.11.30_16.37.36/tmp/merged.nom.lef'...
[INFO]: Preparing LEF files for the min corner...
[INFO]: Created merged LEF without pads at 'housekeeping/runs/RUN_2022.11.30_16.37.36/tmp/merged.min.lef'...
[INFO]: Preparing LEF files for the max corner...
[INFO]: Created merged LEF without pads at 'housekeeping/runs/RUN_2022.11.30_16.37.36/tmp/merged.max.lef'...
[INFO]: Trimming liberty files {/home/hosni/GF180/PnR_2/caravel-gf180mcu/openlane/housekeeping/runs/RUN_2022.11.30_16.37.36/tmp/synthesis/merged.lib} into /home/hosni/GF180/PnR_2/caravel-gf180mcu/openlane/housekeeping/runs/RUN_2022.11.30_16.37.36/tmp/synthesis/trimmed.lib...
[INFO]: Generating cell exclude list...
[INFO]: Creating ::env(DONT_USE_CELLS)...
[INFO]: Created ::env(DONT_USE_CELLS): {gf180mcu_fd_sc_mcu7t5v0__mux2_1 gf180mcu_fd_sc_mcu7t5v0__oai33_2 gf180mcu_fd_sc_mcu7t5v0__sdffq_1 gf180mcu_fd_sc_mcu7t5v0__sdffq_2 gf180mcu_fd_sc_mcu7t5v0__sdffq_4 gf180mcu_fd_sc_mcu7t5v0__sdffrnq_1 gf180mcu_fd_sc_mcu7t5v0__sdffrnq_2 gf180mcu_fd_sc_mcu7t5v0__sdffrnq_4 gf180mcu_fd_sc_mcu7t5v0__sdffrsnq_1 gf180mcu_fd_sc_mcu7t5v0__sdffrsnq_2 gf180mcu_fd_sc_mcu7t5v0__sdffrsnq_4 gf180mcu_fd_sc_mcu7t5v0__sdffsnq_1 gf180mcu_fd_sc_mcu7t5v0__sdffsnq_2 gf180mcu_fd_sc_mcu7t5v0__sdffsnq_4 gf180mcu_fd_sc_mcu7t5v0__aoi21_1 gf180mcu_fd_sc_mcu7t5v0__aoi21_2 gf180mcu_fd_sc_mcu7t5v0__aoi22_1 gf180mcu_fd_sc_mcu7t5v0__aoi22_2 gf180mcu_fd_sc_mcu7t5v0__aoi211_1 gf180mcu_fd_sc_mcu7t5v0__aoi211_2 gf180mcu_fd_sc_mcu7t5v0__aoi221_1 gf180mcu_fd_sc_mcu7t5v0__aoi221_2 gf180mcu_fd_sc_mcu7t5v0__aoi222_1 gf180mcu_fd_sc_mcu7t5v0__aoi222_2 gf180mcu_fd_sc_mcu7t5v0__oai21_1 gf180mcu_fd_sc_mcu7t5v0__oai21_2 gf180mcu_fd_sc_mcu7t5v0__oai22_1 gf180mcu_fd_sc_mcu7t5v0__oai22_2 gf180mcu_fd_sc_mcu7t5v0__oai31_1 gf180mcu_fd_sc_mcu7t5v0__oai31_2 gf180mcu_fd_sc_mcu7t5v0__oai32_1 gf180mcu_fd_sc_mcu7t5v0__oai32_2 gf180mcu_fd_sc_mcu7t5v0__oai33_1 gf180mcu_fd_sc_mcu7t5v0__oai33_2 gf180mcu_fd_sc_mcu7t5v0__oai211_1 gf180mcu_fd_sc_mcu7t5v0__oai211_2 gf180mcu_fd_sc_mcu7t5v0__oai221_1 gf180mcu_fd_sc_mcu7t5v0__oai221_2 gf180mcu_fd_sc_mcu7t5v0__oai222_1 gf180mcu_fd_sc_mcu7t5v0__oai222_2 gf180mcu_fd_sc_mcu7t5v0__nor4_1 gf180mcu_fd_sc_mcu7t5v0__nor4_2 gf180mcu_fd_sc_mcu7t5v0__nor3_1 gf180mcu_fd_sc_mcu7t5v0__nor3_2 gf180mcu_fd_sc_mcu7t5v0__nor2_1 gf180mcu_fd_sc_mcu7t5v0__or2_1 gf180mcu_fd_sc_mcu7t5v0__or2_2 gf180mcu_fd_sc_mcu7t5v0__or3_1 gf180mcu_fd_sc_mcu7t5v0__or3_2 gf180mcu_fd_sc_mcu7t5v0__or4_1 gf180mcu_fd_sc_mcu7t5v0__or4_2 gf180mcu_fd_sc_mcu7t5v0__nand2_1 gf180mcu_fd_sc_mcu7t5v0__nand2_2 gf180mcu_fd_sc_mcu7t5v0__nand3_1 gf180mcu_fd_sc_mcu7t5v0__nand3_2 gf180mcu_fd_sc_mcu7t5v0__nand4_1 gf180mcu_fd_sc_mcu7t5v0__nand4_2 gf180mcu_fd_sc_mcu7t5v0__and2_1 gf180mcu_fd_sc_mcu7t5v0__and2_2 gf180mcu_fd_sc_mcu7t5v0__and3_1 gf180mcu_fd_sc_mcu7t5v0__and3_2 gf180mcu_fd_sc_mcu7t5v0__and4_1 gf180mcu_fd_sc_mcu7t5v0__and4_2 gf180mcu_fd_sc_mcu7t5v0__dlyd_4 gf180mcu_fd_sc_mcu7t5v0__dlyd_2 gf180mcu_fd_sc_mcu7t5v0__dlyd_1 gf180mcu_fd_sc_mcu7t5v0__dlyc_4 gf180mcu_fd_sc_mcu7t5v0__dlyd_1 gf180mcu_fd_sc_mcu7t5v0__dlya_1 gf180mcu_fd_sc_mcu7t5v0__dlya_2 gf180mcu_fd_sc_mcu7t5v0__dlyb_1 gf180mcu_fd_sc_mcu7t5v0__dlyb_2 gf180mcu_fd_sc_mcu7t5v0__dlyc_1 gf180mcu_fd_sc_mcu7t5v0__dlyc_2 gf180mcu_fd_sc_mcu7t5v0__buf_1 gf180mcu_fd_sc_mcu7t5v0__buf_2 gf180mcu_fd_sc_mcu7t5v0__buf_3 gf180mcu_fd_sc_mcu7t5v0__mux2_1 gf180mcu_fd_sc_mcu7t5v0__oai33_2 gf180mcu_fd_sc_mcu7t5v0__sdffq_1 gf180mcu_fd_sc_mcu7t5v0__sdffq_2 gf180mcu_fd_sc_mcu7t5v0__sdffq_4 gf180mcu_fd_sc_mcu7t5v0__sdffrnq_1 gf180mcu_fd_sc_mcu7t5v0__sdffrnq_2 gf180mcu_fd_sc_mcu7t5v0__sdffrnq_4 gf180mcu_fd_sc_mcu7t5v0__sdffrsnq_1 gf180mcu_fd_sc_mcu7t5v0__sdffrsnq_2 gf180mcu_fd_sc_mcu7t5v0__sdffrsnq_4 gf180mcu_fd_sc_mcu7t5v0__sdffsnq_1 gf180mcu_fd_sc_mcu7t5v0__sdffsnq_2 gf180mcu_fd_sc_mcu7t5v0__sdffsnq_4 gf180mcu_fd_sc_mcu7t5v0__aoi21_1 gf180mcu_fd_sc_mcu7t5v0__aoi21_2 gf180mcu_fd_sc_mcu7t5v0__aoi22_1 gf180mcu_fd_sc_mcu7t5v0__aoi22_2 gf180mcu_fd_sc_mcu7t5v0__aoi211_1 gf180mcu_fd_sc_mcu7t5v0__aoi211_2 gf180mcu_fd_sc_mcu7t5v0__aoi221_1 gf180mcu_fd_sc_mcu7t5v0__aoi221_2 gf180mcu_fd_sc_mcu7t5v0__aoi222_1 gf180mcu_fd_sc_mcu7t5v0__aoi222_2 gf180mcu_fd_sc_mcu7t5v0__oai21_1 gf180mcu_fd_sc_mcu7t5v0__oai21_2 gf180mcu_fd_sc_mcu7t5v0__oai22_1 gf180mcu_fd_sc_mcu7t5v0__oai22_2 gf180mcu_fd_sc_mcu7t5v0__oai31_1 gf180mcu_fd_sc_mcu7t5v0__oai31_2 gf180mcu_fd_sc_mcu7t5v0__oai32_1 gf180mcu_fd_sc_mcu7t5v0__oai32_2 gf180mcu_fd_sc_mcu7t5v0__oai33_1 gf180mcu_fd_sc_mcu7t5v0__oai33_2 gf180mcu_fd_sc_mcu7t5v0__oai211_1 gf180mcu_fd_sc_mcu7t5v0__oai211_2 gf180mcu_fd_sc_mcu7t5v0__oai221_1 gf180mcu_fd_sc_mcu7t5v0__oai221_2 gf180mcu_fd_sc_mcu7t5v0__oai222_1 gf180mcu_fd_sc_mcu7t5v0__oai222_2 gf180mcu_fd_sc_mcu7t5v0__nor4_1 gf180mcu_fd_sc_mcu7t5v0__nor4_2 gf180mcu_fd_sc_mcu7t5v0__nor3_1 gf180mcu_fd_sc_mcu7t5v0__nor3_2 gf180mcu_fd_sc_mcu7t5v0__nor2_1 gf180mcu_fd_sc_mcu7t5v0__or2_1 gf180mcu_fd_sc_mcu7t5v0__or2_2 gf180mcu_fd_sc_mcu7t5v0__or3_1 gf180mcu_fd_sc_mcu7t5v0__or3_2 gf180mcu_fd_sc_mcu7t5v0__or4_1 gf180mcu_fd_sc_mcu7t5v0__or4_2 gf180mcu_fd_sc_mcu7t5v0__nand2_1 gf180mcu_fd_sc_mcu7t5v0__nand2_2 gf180mcu_fd_sc_mcu7t5v0__nand3_1 gf180mcu_fd_sc_mcu7t5v0__nand3_2 gf180mcu_fd_sc_mcu7t5v0__nand4_1 gf180mcu_fd_sc_mcu7t5v0__nand4_2 gf180mcu_fd_sc_mcu7t5v0__and2_1 gf180mcu_fd_sc_mcu7t5v0__and2_2 gf180mcu_fd_sc_mcu7t5v0__and3_1 gf180mcu_fd_sc_mcu7t5v0__and3_2 gf180mcu_fd_sc_mcu7t5v0__and4_1 gf180mcu_fd_sc_mcu7t5v0__and4_2 gf180mcu_fd_sc_mcu7t5v0__dlyd_4 gf180mcu_fd_sc_mcu7t5v0__dlyd_2 gf180mcu_fd_sc_mcu7t5v0__dlyd_1 gf180mcu_fd_sc_mcu7t5v0__dlyc_4 gf180mcu_fd_sc_mcu7t5v0__dlyd_1 gf180mcu_fd_sc_mcu7t5v0__dlya_1 gf180mcu_fd_sc_mcu7t5v0__dlya_2 gf180mcu_fd_sc_mcu7t5v0__dlyb_1 gf180mcu_fd_sc_mcu7t5v0__dlyb_2 gf180mcu_fd_sc_mcu7t5v0__dlyc_1 gf180mcu_fd_sc_mcu7t5v0__dlyc_2 gf180mcu_fd_sc_mcu7t5v0__buf_1 gf180mcu_fd_sc_mcu7t5v0__buf_2 gf180mcu_fd_sc_mcu7t5v0__buf_3 }
[INFO]: Trimming liberty files {/home/hosni/GF180/PnR_2//OpenLane/pdks/gf180mcuC/libs.ref/gf180mcu_fd_sc_mcu7t5v0/liberty/gf180mcu_fd_sc_mcu7t5v0__tt_025C_5v00.lib} into /home/hosni/GF180/PnR_2/caravel-gf180mcu/openlane/housekeeping/runs/RUN_2022.11.30_16.37.36/tmp/cts/cts.lib...
[INFO]: Generating cell exclude list...
[INFO]: Creating ::env(DONT_USE_CELLS)...
[INFO]: Created ::env(DONT_USE_CELLS): {gf180mcu_fd_sc_mcu7t5v0__mux2_1 gf180mcu_fd_sc_mcu7t5v0__oai33_2 gf180mcu_fd_sc_mcu7t5v0__sdffq_1 gf180mcu_fd_sc_mcu7t5v0__sdffq_2 gf180mcu_fd_sc_mcu7t5v0__sdffq_4 gf180mcu_fd_sc_mcu7t5v0__sdffrnq_1 gf180mcu_fd_sc_mcu7t5v0__sdffrnq_2 gf180mcu_fd_sc_mcu7t5v0__sdffrnq_4 gf180mcu_fd_sc_mcu7t5v0__sdffrsnq_1 gf180mcu_fd_sc_mcu7t5v0__sdffrsnq_2 gf180mcu_fd_sc_mcu7t5v0__sdffrsnq_4 gf180mcu_fd_sc_mcu7t5v0__sdffsnq_1 gf180mcu_fd_sc_mcu7t5v0__sdffsnq_2 gf180mcu_fd_sc_mcu7t5v0__sdffsnq_4 gf180mcu_fd_sc_mcu7t5v0__aoi21_1 gf180mcu_fd_sc_mcu7t5v0__aoi21_2 gf180mcu_fd_sc_mcu7t5v0__aoi22_1 gf180mcu_fd_sc_mcu7t5v0__aoi22_2 gf180mcu_fd_sc_mcu7t5v0__aoi211_1 gf180mcu_fd_sc_mcu7t5v0__aoi211_2 gf180mcu_fd_sc_mcu7t5v0__aoi221_1 gf180mcu_fd_sc_mcu7t5v0__aoi221_2 gf180mcu_fd_sc_mcu7t5v0__aoi222_1 gf180mcu_fd_sc_mcu7t5v0__aoi222_2 gf180mcu_fd_sc_mcu7t5v0__oai21_1 gf180mcu_fd_sc_mcu7t5v0__oai21_2 gf180mcu_fd_sc_mcu7t5v0__oai22_1 gf180mcu_fd_sc_mcu7t5v0__oai22_2 gf180mcu_fd_sc_mcu7t5v0__oai31_1 gf180mcu_fd_sc_mcu7t5v0__oai31_2 gf180mcu_fd_sc_mcu7t5v0__oai32_1 gf180mcu_fd_sc_mcu7t5v0__oai32_2 gf180mcu_fd_sc_mcu7t5v0__oai33_1 gf180mcu_fd_sc_mcu7t5v0__oai33_2 gf180mcu_fd_sc_mcu7t5v0__oai211_1 gf180mcu_fd_sc_mcu7t5v0__oai211_2 gf180mcu_fd_sc_mcu7t5v0__oai221_1 gf180mcu_fd_sc_mcu7t5v0__oai221_2 gf180mcu_fd_sc_mcu7t5v0__oai222_1 gf180mcu_fd_sc_mcu7t5v0__oai222_2 gf180mcu_fd_sc_mcu7t5v0__nor4_1 gf180mcu_fd_sc_mcu7t5v0__nor4_2 gf180mcu_fd_sc_mcu7t5v0__nor3_1 gf180mcu_fd_sc_mcu7t5v0__nor3_2 gf180mcu_fd_sc_mcu7t5v0__nor2_1 gf180mcu_fd_sc_mcu7t5v0__or2_1 gf180mcu_fd_sc_mcu7t5v0__or2_2 gf180mcu_fd_sc_mcu7t5v0__or3_1 gf180mcu_fd_sc_mcu7t5v0__or3_2 gf180mcu_fd_sc_mcu7t5v0__or4_1 gf180mcu_fd_sc_mcu7t5v0__or4_2 gf180mcu_fd_sc_mcu7t5v0__nand2_1 gf180mcu_fd_sc_mcu7t5v0__nand2_2 gf180mcu_fd_sc_mcu7t5v0__nand3_1 gf180mcu_fd_sc_mcu7t5v0__nand3_2 gf180mcu_fd_sc_mcu7t5v0__nand4_1 gf180mcu_fd_sc_mcu7t5v0__nand4_2 gf180mcu_fd_sc_mcu7t5v0__and2_1 gf180mcu_fd_sc_mcu7t5v0__and2_2 gf180mcu_fd_sc_mcu7t5v0__and3_1 gf180mcu_fd_sc_mcu7t5v0__and3_2 gf180mcu_fd_sc_mcu7t5v0__and4_1 gf180mcu_fd_sc_mcu7t5v0__and4_2 gf180mcu_fd_sc_mcu7t5v0__dlyd_4 gf180mcu_fd_sc_mcu7t5v0__dlyd_2 gf180mcu_fd_sc_mcu7t5v0__dlyd_1 gf180mcu_fd_sc_mcu7t5v0__dlyc_4 gf180mcu_fd_sc_mcu7t5v0__dlyd_1 gf180mcu_fd_sc_mcu7t5v0__dlya_1 gf180mcu_fd_sc_mcu7t5v0__dlya_2 gf180mcu_fd_sc_mcu7t5v0__dlyb_1 gf180mcu_fd_sc_mcu7t5v0__dlyb_2 gf180mcu_fd_sc_mcu7t5v0__dlyc_1 gf180mcu_fd_sc_mcu7t5v0__dlyc_2 gf180mcu_fd_sc_mcu7t5v0__buf_1 gf180mcu_fd_sc_mcu7t5v0__buf_2 gf180mcu_fd_sc_mcu7t5v0__buf_3 }
[INFO]: Running Synthesis (log: housekeeping/runs/RUN_2022.11.30_16.37.36/logs/synthesis/1-synthesis.log)...
[INFO]: Executing yosys with Tcl script '../../../../../../openlane/scripts/yosys/synth.tcl'...
[INFO]: Changing netlist to 'housekeeping/runs/RUN_2022.11.30_16.37.36/results/synthesis/housekeeping.v'...
[INFO]: Running Single-Corner Static Timing Analysis (log: housekeeping/runs/RUN_2022.11.30_16.37.36/logs/synthesis/2-sta.log)...
[INFO]: Executing openroad with Tcl script '../../../../../../openlane/scripts/openroad/sta.tcl'...
[INFO]: Running Initial Floorplanning (log: housekeeping/runs/RUN_2022.11.30_16.37.36/logs/floorplan/3-initial_fp.log)...
[INFO]: Executing openroad with Tcl script '../../../../../../openlane/scripts/openroad/floorplan.tcl'...
[INFO]: Changing layout to 'housekeeping/runs/RUN_2022.11.30_16.37.36/tmp/floorplan/3-initial_fp.def'...
[INFO]: Changing timing constraints to 'housekeeping/runs/RUN_2022.11.30_16.37.36/tmp/floorplan/3-initial_fp.sdc'...
[INFO]: Changing database to 'housekeeping/runs/RUN_2022.11.30_16.37.36/tmp/floorplan/3-initial_fp.odb'...
[INFO]: Executing openroad with Tcl script '../../../../../../openlane/scripts/openroad/floorplan.tcl'...
[INFO]: Core area width: 606.48
[INFO]: Core area height: 744.8000000000001
[INFO]: Final Vertical PDN Offset: 16.32
[INFO]: Final Horizontal PDN Offset: 6.41
[INFO]: Final Vertical PDN Pitch: 76.8
[INFO]: Final Horizontal PDN Pitch: 60
[INFO]: Extracting core dimensions...
[INFO]: Floorplanned with width 606.48 and height 744.8.
[INFO]: Running IO Placement (log: housekeeping/runs/RUN_2022.11.30_16.37.36/logs/floorplan/4-place_io.log)...
[INFO]: Changing layout to 'housekeeping/runs/RUN_2022.11.30_16.37.36/tmp/floorplan/4-io.def'...
[INFO]: Changing database to 'housekeeping/runs/RUN_2022.11.30_16.37.36/tmp/floorplan/4-io.odb'...
[INFO]: Running Tap/Decap Insertion (log: housekeeping/runs/RUN_2022.11.30_16.37.36/logs/floorplan/5-tap.log)...
[INFO]: Executing openroad with Tcl script '../../../../../../openlane/scripts/openroad/tapcell.tcl'...
[INFO]: Changing layout to 'housekeeping/runs/RUN_2022.11.30_16.37.36/results/floorplan/housekeeping.def'...
[INFO]: Changing database to 'housekeeping/runs/RUN_2022.11.30_16.37.36/results/floorplan/housekeeping.odb'...
[INFO]: Power planning with power {VDD} and ground {VSS}...
[INFO]: Generating PDN (log: housekeeping/runs/RUN_2022.11.30_16.37.36/logs/floorplan/6-pdn.log)...
[INFO]: Executing openroad with Tcl script '../../../../../../openlane/scripts/openroad/pdn.tcl'...
[INFO]: Changing layout to 'housekeeping/runs/RUN_2022.11.30_16.37.36/tmp/floorplan/6-pdn.def'...
[INFO]: Changing database to 'housekeeping/runs/RUN_2022.11.30_16.37.36/tmp/floorplan/6-pdn.odb'...
[INFO]: Running Global Placement (log: housekeeping/runs/RUN_2022.11.30_16.37.36/logs/placement/7-global.log)...
[INFO]: Executing openroad with Tcl script '../../../../../../openlane/scripts/openroad/gpl.tcl'...
[INFO]: Changing layout to 'housekeeping/runs/RUN_2022.11.30_16.37.36/tmp/placement/7-global.def'...
[INFO]: Changing database to 'housekeeping/runs/RUN_2022.11.30_16.37.36/tmp/placement/7-global.odb'...
[INFO]: Running Placement Resizer Design Optimizations (log: housekeeping/runs/RUN_2022.11.30_16.37.36/logs/placement/8-resizer.log)...
[INFO]: Executing openroad with Tcl script '../../../../../../openlane/scripts/openroad/resizer.tcl'...
[INFO]: Changing layout to 'housekeeping/runs/RUN_2022.11.30_16.37.36/tmp/placement/8-resizer.def'...
[INFO]: Changing database to 'housekeeping/runs/RUN_2022.11.30_16.37.36/tmp/placement/8-resizer.odb'...
[INFO]: Changing timing constraints to 'housekeeping/runs/RUN_2022.11.30_16.37.36/tmp/placement/8-resizer.sdc'...
[INFO]: Changing netlist to 'housekeeping/runs/RUN_2022.11.30_16.37.36/tmp/placement/8-resizer.nl.v'...
[INFO]: Running Detailed Placement (log: housekeeping/runs/RUN_2022.11.30_16.37.36/logs/placement/9-detailed.log)...
[INFO]: Executing openroad with Tcl script '../../../../../../openlane/scripts/openroad/dpl.tcl'...
[INFO]: Changing layout to 'housekeeping/runs/RUN_2022.11.30_16.37.36/results/placement/housekeeping.def'...
[INFO]: Changing database to 'housekeeping/runs/RUN_2022.11.30_16.37.36/results/placement/housekeeping.odb'...
[INFO]: Changing netlist to 'housekeeping/runs/RUN_2022.11.30_16.37.36/results/placement/housekeeping.nl.v'...
[INFO]: Running Clock Tree Synthesis (log: housekeeping/runs/RUN_2022.11.30_16.37.36/logs/cts/10-cts.log)...
[INFO]: Executing openroad with Tcl script '../../../../../../openlane/scripts/openroad/cts.tcl'...
[INFO]: Changing layout to 'housekeeping/runs/RUN_2022.11.30_16.37.36/results/cts/housekeeping.def'...
[INFO]: Changing timing constraints to 'housekeeping/runs/RUN_2022.11.30_16.37.36/results/cts/housekeeping.sdc'...
[INFO]: Changing database to 'housekeeping/runs/RUN_2022.11.30_16.37.36/results/cts/housekeeping.odb'...
[INFO]: Running Placement Resizer Timing Optimizations (log: housekeeping/runs/RUN_2022.11.30_16.37.36/logs/cts/11-resizer.log)...
[INFO]: Executing openroad with Tcl script '../../../../../../openlane/scripts/openroad/resizer_timing.tcl'...
[INFO]: Changing layout to 'housekeeping/runs/RUN_2022.11.30_16.37.36/tmp/cts/11-housekeeping.resized.def'...
[INFO]: Changing timing constraints to 'housekeeping/runs/RUN_2022.11.30_16.37.36/tmp/cts/11-housekeeping.resized.sdc'...
[INFO]: Changing database to 'housekeeping/runs/RUN_2022.11.30_16.37.36/tmp/cts/11-housekeeping.resized.odb'...
[INFO]: Changing netlist to 'housekeeping/runs/RUN_2022.11.30_16.37.36/tmp/cts/11-housekeeping.resized.nl.v'...
[INFO]: Starting routing process...
[INFO]: Running Global Routing Resizer Timing Optimizations (log: housekeeping/runs/RUN_2022.11.30_16.37.36/logs/routing/12-resizer.log)...
[INFO]: Executing openroad with Tcl script '../../../../../../openlane/scripts/openroad/resizer_routing_timing.tcl'...
[INFO]: Changing layout to 'housekeeping/runs/RUN_2022.11.30_16.37.36/tmp/12-housekeeping.def'...
[INFO]: Changing timing constraints to 'housekeeping/runs/RUN_2022.11.30_16.37.36/tmp/12-housekeeping.sdc'...
[INFO]: Changing database to 'housekeeping/runs/RUN_2022.11.30_16.37.36/tmp/12-housekeeping.odb'...
[INFO]: Changing netlist to 'housekeeping/runs/RUN_2022.11.30_16.37.36/tmp/12-housekeeping.nl.v'...
[INFO]: Running Detailed Placement (log: housekeeping/runs/RUN_2022.11.30_16.37.36/logs/routing/13-diode_legalization.log)...
[INFO]: Executing openroad with Tcl script '../../../../../../openlane/scripts/openroad/dpl.tcl'...
[INFO]: Changing layout to 'housekeeping/runs/RUN_2022.11.30_16.37.36/tmp/routing/diode.def'...
[INFO]: Changing database to 'housekeeping/runs/RUN_2022.11.30_16.37.36/tmp/routing/diode.odb'...
[INFO]: Changing netlist to 'housekeeping/runs/RUN_2022.11.30_16.37.36/tmp/routing/diode.nl.v'...
[INFO]: Running Global Routing (log: housekeeping/runs/RUN_2022.11.30_16.37.36/logs/routing/14-global.log)...
[INFO]: Executing openroad with Tcl script '../../../../../../openlane/scripts/openroad/groute.tcl'...
[INFO]: Starting OpenROAD Antenna Repair Iterations...
[INFO]: Changing layout to 'housekeeping/runs/RUN_2022.11.30_16.37.36/tmp/routing/14-global.def'...
[INFO]: Changing guide to 'housekeeping/runs/RUN_2022.11.30_16.37.36/tmp/routing/14-global.guide'...
[INFO]: Changing database to 'housekeeping/runs/RUN_2022.11.30_16.37.36/tmp/routing/14-global.odb'...
[INFO]: Writing Verilog (log: housekeeping/runs/RUN_2022.11.30_16.37.36/logs/routing/14-global_write_netlist.log)...
[INFO]: Executing openroad with Tcl script '../../../../../../openlane/scripts/openroad/write_views.tcl'...
[INFO]: Changing netlist to 'housekeeping/runs/RUN_2022.11.30_16.37.36/tmp/routing/global.nl.v'...
[INFO]: Running Fill Insertion (log: housekeeping/runs/RUN_2022.11.30_16.37.36/logs/routing/16-fill.log)...
[INFO]: Executing openroad with Tcl script '../../../../../../openlane/scripts/openroad/fill.tcl'...
[INFO]: Changing layout to 'housekeeping/runs/RUN_2022.11.30_16.37.36/tmp/routing/16-fill.def'...
[INFO]: Changing database to 'housekeeping/runs/RUN_2022.11.30_16.37.36/tmp/routing/16-fill.odb'...
[INFO]: Changing netlist to 'housekeeping/runs/RUN_2022.11.30_16.37.36/tmp/routing/16-fill.nl.v'...
[INFO]: Running Detailed Routing (log: housekeeping/runs/RUN_2022.11.30_16.37.36/logs/routing/17-detailed.log)...
[INFO]: Executing openroad with Tcl script '../../../../../../openlane/scripts/openroad/droute.tcl'...
[INFO]: Changing layout to 'housekeeping/runs/RUN_2022.11.30_16.37.36/results/routing/housekeeping.def'...
[INFO]: Changing database to 'housekeeping/runs/RUN_2022.11.30_16.37.36/results/routing/housekeeping.odb'...
[INFO]: Changing netlist to 'housekeeping/runs/RUN_2022.11.30_16.37.36/results/routing/housekeeping.nl.v'...
[INFO]: No DRC violations after detailed routing.
[INFO]: Checking Wire Lengths (log: housekeeping/runs/RUN_2022.11.30_16.37.36/logs/routing/18-wire_lengths.log)...
[INFO]: Running SPEF Extraction at the min process corner (log: housekeeping/runs/RUN_2022.11.30_16.37.36/logs/signoff/19-parasitics_extraction.min.log)...
[INFO]: /home/hosni/GF180/PnR_2//OpenLane/pdks/gf180mcuC/libs.tech/openlane/rules.openrcx.gf180mcuC.min existence verified.
[INFO]: /home/hosni/GF180/PnR_2//OpenLane/pdks/gf180mcuC/libs.ref/gf180mcu_fd_sc_mcu7t5v0/liberty/gf180mcu_fd_sc_mcu7t5v0__tt_025C_5v00.lib existence verified.
[INFO]: Executing openroad with Tcl script '../../../../../../openlane/scripts/openroad/rcx.tcl'...
[INFO]: Running Multi-Corner Static Timing Analysis at the min process corner (log: housekeeping/runs/RUN_2022.11.30_16.37.36/logs/signoff/20-rcx_mcsta.min.log)...
[INFO]: Executing openroad with Tcl script '../../../../../../openlane/scripts/openroad/sta_multi_corner.tcl'...
[INFO]: Running SPEF Extraction at the max process corner (log: housekeeping/runs/RUN_2022.11.30_16.37.36/logs/signoff/21-parasitics_extraction.max.log)...
[INFO]: /home/hosni/GF180/PnR_2//OpenLane/pdks/gf180mcuC/libs.tech/openlane/rules.openrcx.gf180mcuC.max existence verified.
[INFO]: /home/hosni/GF180/PnR_2//OpenLane/pdks/gf180mcuC/libs.ref/gf180mcu_fd_sc_mcu7t5v0/liberty/gf180mcu_fd_sc_mcu7t5v0__tt_025C_5v00.lib existence verified.
[INFO]: Executing openroad with Tcl script '../../../../../../openlane/scripts/openroad/rcx.tcl'...
[INFO]: Running Multi-Corner Static Timing Analysis at the max process corner (log: housekeeping/runs/RUN_2022.11.30_16.37.36/logs/signoff/22-rcx_mcsta.max.log)...
[INFO]: Executing openroad with Tcl script '../../../../../../openlane/scripts/openroad/sta_multi_corner.tcl'...
[INFO]: Running SPEF Extraction at the nom process corner (log: housekeeping/runs/RUN_2022.11.30_16.37.36/logs/signoff/23-parasitics_extraction.nom.log)...
[INFO]: /home/hosni/GF180/PnR_2//OpenLane/pdks/gf180mcuC/libs.tech/openlane/rules.openrcx.gf180mcuC.nom existence verified.
[INFO]: /home/hosni/GF180/PnR_2//OpenLane/pdks/gf180mcuC/libs.ref/gf180mcu_fd_sc_mcu7t5v0/liberty/gf180mcu_fd_sc_mcu7t5v0__tt_025C_5v00.lib existence verified.
[INFO]: Executing openroad with Tcl script '../../../../../../openlane/scripts/openroad/rcx.tcl'...
[INFO]: Running Multi-Corner Static Timing Analysis at the nom process corner (log: housekeeping/runs/RUN_2022.11.30_16.37.36/logs/signoff/24-rcx_mcsta.nom.log)...
[INFO]: Executing openroad with Tcl script '../../../../../../openlane/scripts/openroad/sta_multi_corner.tcl'...
[INFO]: Running Single-Corner Static Timing Analysis at the nom process corner (log: housekeeping/runs/RUN_2022.11.30_16.37.36/logs/signoff/25-rcx_sta.log)...
[INFO]: Executing openroad with Tcl script '../../../../../../openlane/scripts/openroad/sta.tcl'...
[INFO]: Running Magic to generate various views...
[INFO]: Streaming out GDSII with Magic (log: housekeeping/runs/RUN_2022.11.30_16.37.36/logs/signoff/26-gdsii.log)...
[INFO]: Executing magic with Tcl script '../../../../../../openlane/scripts/magic/def/mag_gds.tcl'...
[INFO]: Generating MAGLEF views...
[INFO]: Executing magic with Tcl script '../../../../../../openlane/scripts/magic/gds/mag_with_pointers.tcl'...
[INFO]: Executing magic with Tcl script '../../../../../../openlane/scripts/magic/mag/lef.tcl'...
[INFO]: Executing magic with Tcl script '../../../../../../openlane/scripts/magic/lef/maglef.tcl'...
[INFO]: Running Magic Spice Export from LEF (log: housekeeping/runs/RUN_2022.11.30_16.37.36/logs/signoff/27-spice.log)...
[INFO]: Executing magic with Tcl script '../../../../../../openlane/scripts/magic/extract_spice.tcl'...
[INFO]: Starting LVS process...
[INFO]: Writing Powered Verilog (logs: housekeeping/runs/RUN_2022.11.30_16.37.36/logs/signoff/28-write_powered_def.log, housekeeping/runs/RUN_2022.11.30_16.37.36/logs/signoff/28-write_powered_verilog.log)...
[INFO]: Writing Verilog (log: housekeeping/runs/RUN_2022.11.30_16.37.36/logs/signoff/28-write_powered_verilog.log)...
[INFO]: Executing openroad with Tcl script '../../../../../../openlane/scripts/openroad/write_views.tcl'...
[INFO]: Changing netlist to 'housekeeping/runs/RUN_2022.11.30_16.37.36/tmp/signoff/27-housekeeping.nl.v'...
[INFO]: Running LVS (log: housekeeping/runs/RUN_2022.11.30_16.37.36/logs/signoff/30-lvs.lef.log)...
[INFO]: /home/hosni/GF180/PnR_2/caravel-gf180mcu/openlane/housekeeping/runs/RUN_2022.11.30_16.37.36/results/signoff/housekeeping.spice against /home/hosni/GF180/PnR_2/caravel-gf180mcu/openlane/housekeeping/runs/RUN_2022.11.30_16.37.36/tmp/signoff/27-housekeeping.pnl.v
[INFO]: Running Magic DRC (log: housekeeping/runs/RUN_2022.11.30_16.37.36/logs/signoff/31-drc.log)...
[INFO]: Executing magic with Tcl script '../../../../../../openlane/scripts/magic/drc.tcl'...
[INFO]: Converting Magic DRC database to various tool-readable formats...
[INFO]: No DRC violations after GDS streaming out.
[INFO]: Running OpenROAD Antenna Rule Checker (log: housekeeping/runs/RUN_2022.11.30_16.37.36/logs/signoff/32-antenna.log)...
[INFO]: Executing openroad with Tcl script '../../../../../../openlane/scripts/openroad/antenna_check.tcl'...
[WARNING]: This PDK does not support the Circuit Validity Checker, skipping...
[INFO]: Saving current set of views in 'housekeeping/runs/RUN_2022.11.30_16.37.36/results/final'...
[INFO]: Saving current set of views in '..'...
[INFO]: Calculating runtime...
[INFO]: Saving runtime environment...
[INFO]: Generating final set of reports...
[INFO]: Created manufacturability report at 'housekeeping/runs/RUN_2022.11.30_16.37.36/reports/manufacturability.rpt'.
[INFO]: Created metrics report at 'housekeeping/runs/RUN_2022.11.30_16.37.36/reports/metrics.csv'.
[INFO]: There are no max slew, max fanout or max capacitance violations in the design at the typical corner.
[INFO]: There are no hold violations in the design at the typical corner.
[INFO]: There are no setup violations in the design at the typical corner.
[SUCCESS]: Flow complete.
[INFO]: Note that the following warnings have been generated:
