StarRC extraction run for design: user_id_programming at RC corner nom

StarRC command file created:	star_cmd-nom.xtcmd

BLOCK: user_id_programming
TCAD_GRD_FILE: /home/passant/gf180_timing/caravel-gf180mcu/scripts/gf180-tech/gf180mcu_1p5m_1tm_9k_sp_smim_OPTB_typ.nxtgrd
MAPPING_FILE: /home/passant/gf180_timing/caravel-gf180mcu/scripts/gf180-tech/gf180mcu.starxt_map
OPERATING_TEMPERATURE: 25
NETLIST_FORMAT: SPEF
NETLIST_FILE: /home/passant/gf180_timing/caravel-gf180mcu/signoff/user_id_programming/StarRC/2022_12_06_03_35_16/user_id_programming.nom.spef
SUMMARY_FILE: ./star_dir_temp/user_id_programming.nom.star_sum
LEF_FILE: /home/passant/OpenLane/pdks/gf180mcuC/libs.ref/gf180mcu_fd_sc_mcu7t5v0/techlef/gf180mcu_fd_sc_mcu7t5v0__nom.tlef
LEF_FILE: /home/passant/OpenLane/pdks/gf180mcuC/libs.ref/gf180mcu_fd_sc_mcu7t5v0/lef/gf180mcu_fd_sc_mcu7t5v0.lef
LEF_FILE: /home/passant/OpenLane/pdks/gf180mcuC/libs.ref/gf180mcu_fd_io/lef/gf180mcu_fd_io.lef
LEF_FILE: /home/passant/OpenLane/pdks/gf180mcuC/libs.ref/gf180mcu_fd_ip_sram/lef/gf180mcu_fd_ip_sram__sram512x8m8wm1.lef
LEF_FILE: /home/passant/gf180_timing/caravel-gf180mcu//macros/simple_por/lef/simple_por.lef
LEF_FILE: /home/passant/gf180_timing/caravel-gf180mcu//lef/user_id_programming.lef
LEF_FILE: /home/passant/gf180_timing/caravel-gf180mcu//lef/gpio_defaults_block_007.lef
LEF_FILE: /home/passant/gf180_timing/caravel-gf180mcu//lef/digital_pll.lef
LEF_FILE: /home/passant/gf180_timing/caravel-gf180mcu//lef/gpio_defaults_block.lef
LEF_FILE: /home/passant/gf180_timing/caravel-gf180mcu//lef/housekeeping.lef
LEF_FILE: /home/passant/gf180_timing/caravel-gf180mcu//lef/gpio_control_block.lef
LEF_FILE: /home/passant/gf180_timing/caravel-gf180mcu//lef/mgmt_protect.lef
LEF_FILE: /home/passant/gf180_timing/caravel-gf180mcu//lef/user_project_wrapper.lef
LEF_FILE: /home/passant/gf180_timing/caravel-gf180mcu//lef/caravel_power_routing.lef
LEF_FILE: /home/passant/gf180_timing/caravel-gf180mcu//lef/spare_logic_block.lef
LEF_FILE: /home/passant/gf180_timing/caravel-gf180mcu//lef/gpio_defaults_block_087.lef
LEF_FILE: /home/passant/gf180_timing/caravel-gf180mcu//lef/caravel_core.lef
LEF_FILE: /home/passant/gf180_timing/caravel-gf180mcu//lef/caravel_clocking.lef
LEF_FILE: /home/passant/gf180_timing/caravel-gf180mcu//lef/mprj_io_buffer.lef
LEF_FILE: /home/passant/gf180_timing/caravel-gf180mcu//lef/gpio_defaults_block_009.lef
LEF_FILE: /home/passant/gf180_timing/caravel-gf180mcu//lef/chip_io.lef
LEF_FILE: /home/passant/caravel_mgmt_soc_gf180mcu/lef/mgmt_core_wrapper.lef
LEF_FILE: /home/passant/caravel_mgmt_soc_gf180mcu/lef/gf180_ram_512x8_wrapper.lef
LEF_FILE: /home/passant/caravel_mgmt_soc_gf180mcu/lef/GF180_RAM_512x32.lef
LEF_FILE: /home/passant/caravel_user_project-gf180mcu/lef/user_proj_example.lef
LEF_FILE: /home/passant/caravel_user_project-gf180mcu/lef/user_project_wrapper.lef
TOP_DEF_FILE: /home/passant/gf180_timing/caravel-gf180mcu/def/user_id_programming.def
STAR_DIRECTORY: ./star_dir_temp/user_id_programming.nom/
GPD: /home/passant/gf180_timing/caravel-gf180mcu/scripts/star_dir_temp/user_id_programming.nom.gpd
TRANSLATE_RETAIN_BULK_LAYERS: YES
IGNORE_CAPACITANCE: NONE
TRANSLATE_RETAIN_BULK_LAYERS: YES
NETLIST_PASSIVE_PARAMS: YES
EXTRACTION: RC
EXTRACT_VIA_CAPS: YES
COUPLE_TO_GROUND: NO
COUPLING_ABS_THRESHOLD: 1e-19
REDUCTION: NO_EXTRA_LOOPS

                                  StarRC (TM)

               Version T-2022.03-SP3 for linux64 - Jul 12, 2022 

                    Copyright (c) 1999 - 2022 Synopsys, Inc.
   This software and the associated documentation are proprietary to Synopsys,
 Inc. This software may only be used in accordance with the terms and conditions
 of a written license agreement with Synopsys, Inc. All other use, reproduction,
   or distribution of this software is strictly prohibited.  Licensed Products
     communicate with Synopsys servers for the purpose of providing software
    updates, detecting software piracy and verifying that customers are using
    Licensed Products in conformity with the applicable License Key for such
  Licensed Products. Synopsys will use information gathered in connection with
    this process to deliver software updates and pursue software pirates and
                                   infringers.

 Inclusivity & Diversity - Visit SolvNetPlus to read the "Synopsys Statement on
            Inclusivity and Diversity" (Refer to article 000036315 at
                        https://solvnetplus.synopsys.com)

ExecName: /tools/snps/starrc/T-2022.03-SP3/linux64_starrc/bin/StarXtract
Version: T-2022.03-SP3
Built on: Jul 12 2022 19:20:26
Start Time: Tue Dec  6 03:35:16 2022

Host ............ license-server-00

xTractorName: /tools/snps/starrc/T-2022.03-SP3/linux64_starrc/bin/xTractor
Version: T-2022.03-SP3
Built on: Jul 12 2022 19:20:14

Called as: StarXtract /home/passant/gf180_timing/caravel-gf180mcu/scripts/star_cmd-nom.xtcmd 
Run Directory: /home/passant/gf180_timing/caravel-gf180mcu/scripts
Read unit 2000 from tech LEF file
/home/passant/OpenLane/pdks/gf180mcuC/libs.ref/gf180mcu_fd_sc_mcu7t5v0/techlef/gf180mcu_fd_sc_mcu7t5v0__nom.tlef.
Using Units:2000 to translate LEF. (SX-2158)
Read unit 400 from top DEF file
/home/passant/gf180_timing/caravel-gf180mcu/def/user_id_programming.def. Using Units:2000 to
translate top DEF. (SX-2158)
WARNING: DEF_MASKSHIFT_CONSISTENCY_CHECK may incur performance penalty in preXtraction. (SX-2105)
WARNING: INPUT_NAMES_ESCAPE_REMOVAL is enabled, please make sure that the net select commands remove
         the escape at the same time. (SX-3860)

Block ........... user_id_programming
Star Directory ..
 /home/passant/gf180_timing/caravel-gf180mcu/scripts/star_dir_temp/user_id_programming.nom
WARNING: Running StarRC in single corner mode will result in degraded runtime for design flows where
         multiple corners are used.  For optimal runtime, add the necessary commands to configure
         the Simultaneous Multicorner flow (CORNERS_FILE and SELECTED_CORNERS). (SX-3552)
LEF file ........
 /home/passant/OpenLane/pdks/gf180mcuC/libs.ref/gf180mcu_fd_sc_mcu7t5v0/techlef/gf180mcu_fd_sc_mcu7t5v0__nom.tlef

LEF file ........
 /home/passant/OpenLane/pdks/gf180mcuC/libs.ref/gf180mcu_fd_sc_mcu7t5v0/lef/gf180mcu_fd_sc_mcu7t5v0.lef

LEF file ........
 /home/passant/OpenLane/pdks/gf180mcuC/libs.ref/gf180mcu_fd_io/lef/gf180mcu_fd_io.lef
LEF file ........
 /home/passant/OpenLane/pdks/gf180mcuC/libs.ref/gf180mcu_fd_ip_sram/lef/gf180mcu_fd_ip_sram__sram512x8m8wm1.lef

LEF file ........ /home/passant/gf180_timing/caravel-gf180mcu//macros/simple_por/lef/simple_por.lef
LEF file ........ /home/passant/gf180_timing/caravel-gf180mcu//lef/user_id_programming.lef
LEF file ........ /home/passant/gf180_timing/caravel-gf180mcu//lef/gpio_defaults_block_007.lef
LEF file ........ /home/passant/gf180_timing/caravel-gf180mcu//lef/digital_pll.lef
LEF file ........ /home/passant/gf180_timing/caravel-gf180mcu//lef/gpio_defaults_block.lef
LEF file ........ /home/passant/gf180_timing/caravel-gf180mcu//lef/housekeeping.lef
LEF file ........ /home/passant/gf180_timing/caravel-gf180mcu//lef/gpio_control_block.lef
LEF file ........ /home/passant/gf180_timing/caravel-gf180mcu//lef/mgmt_protect.lef
LEF file ........ /home/passant/gf180_timing/caravel-gf180mcu//lef/user_project_wrapper.lef
LEF file ........ /home/passant/gf180_timing/caravel-gf180mcu//lef/caravel_power_routing.lef
LEF file ........ /home/passant/gf180_timing/caravel-gf180mcu//lef/spare_logic_block.lef
LEF file ........ /home/passant/gf180_timing/caravel-gf180mcu//lef/gpio_defaults_block_087.lef
LEF file ........ /home/passant/gf180_timing/caravel-gf180mcu//lef/caravel_core.lef
LEF file ........ /home/passant/gf180_timing/caravel-gf180mcu//lef/caravel_clocking.lef
LEF file ........ /home/passant/gf180_timing/caravel-gf180mcu//lef/mprj_io_buffer.lef
LEF file ........ /home/passant/gf180_timing/caravel-gf180mcu//lef/gpio_defaults_block_009.lef
LEF file ........ /home/passant/gf180_timing/caravel-gf180mcu//lef/chip_io.lef
LEF file ........ /home/passant/caravel_mgmt_soc_gf180mcu/lef/mgmt_core_wrapper.lef
LEF file ........ /home/passant/caravel_mgmt_soc_gf180mcu/lef/gf180_ram_512x8_wrapper.lef
LEF file ........ /home/passant/caravel_mgmt_soc_gf180mcu/lef/GF180_RAM_512x32.lef
LEF file ........ /home/passant/caravel_user_project-gf180mcu/lef/user_proj_example.lef
LEF file ........ /home/passant/caravel_user_project-gf180mcu/lef/user_project_wrapper.lef
Top DEF File .... /home/passant/gf180_timing/caravel-gf180mcu/def/user_id_programming.def
  Setup         Elp=00:00:02 Cpu=00:00:01 Usr=1.1    Sys=0.0    Mem=378.1 
Done

Map Layers:  Tue Dec  6 03:35:18 2022
    Parsing LEF file
WARNING: LEF LAYER 'Nwell' is not defined in mapping file (SX-2086)
WARNING: LEF LAYER 'CON' is not defined in mapping file (SX-2086)
WARNING: LEF LAYER 'PR_bndry' is not defined in mapping file (SX-2086)
WARNING: LAYER 'CON' has no VIA connection (SX-2076)
WARNING: Layer "Poly2" has no connections. (SX-1851)
  Warnings: 6    Errors: 0    (See file summary/layers.sum)
  Layers        Elp=00:00:00 Cpu=00:00:00 Usr=0.2    Sys=0.0    Mem=405.8 
Done

Build HN:  Tue Dec  6 03:35:20 2022
    Parsing LEF file
WARNING: Invalid pairings of the LEF dbuPerMicron '2000' and the corresponding DEF dbuPerMircon
         '400' (SX-2150)
WARNING: Detected the net 'VDD' connected to the P/G port 'VDD' of instance 'FILLCAP_4_21' (cell
         'gf180mcu_fd_sc_mcu7t5v0__fillcap_4') would take them as power net (SX-2227)
WARNING: Detected the net 'VSS' connected to the P/G port 'VSS' of instance 'FILLCAP_4_20' (cell
         'gf180mcu_fd_sc_mcu7t5v0__fillcap_4') would take them as power net (SX-2227)
    
  Warnings: 3    Errors: 0    (See file summary/hn.sum)
  HN            Elp=00:00:00 Cpu=00:00:00 Usr=0.3    Sys=0.0    Mem=408.9 
Done

Process Cells:  Tue Dec  6 03:35:20 2022
  Warnings: 0    Errors: 0
  Cells         Elp=00:00:00 Cpu=00:00:00 Usr=0.0    Sys=0.0    Mem=393.1 
Done

Translate DB:  Tue Dec  6 03:35:20 2022
  Warnings: 0    Errors: 0
  Translate     Elp=00:00:00 Cpu=00:00:00 Usr=0.0    Sys=0.0    Mem=378.3 
Done

Handle Bulk Layer:  Tue Dec  6 03:35:20 2022
  Warnings: 0    Errors: 0
  BulkLayerHandling Elp=00:00:00 Cpu=00:00:00 Usr=0.0    Sys=0.0    Mem=0.0   
Done

Netlist Setup:  Tue Dec  6 03:35:20 2022
  Warnings: 0    Errors: 0
  NetlistSetup  Elp=00:00:00 Cpu=00:00:00 Usr=0.0    Sys=0.0    Mem=360.7 
Done

GPD XtractSetup:  Tue Dec  6 03:35:22 2022
  Warnings: 0    Errors: 0
  GPD_XtractSetup Elp=00:00:00 Cpu=00:00:00 Usr=0.0    Sys=0.0    Mem=378.2 
Done

GPD NameMap:  Tue Dec  6 03:35:25 2022
  Warnings: 0    Errors: 0
  GPD_NameMap   Elp=00:00:01 Cpu=00:00:00 Usr=0.0    Sys=0.0    Mem=361.0 
Done

xTract DB:  Tue Dec  6 03:35:28 2022
Completed   1%  Time=00:00:00  RemainingTime=00:00:00  Mem=295.535
Completed   4%  Time=00:00:00  RemainingTime=00:00:00  Mem=295.535
Completed   7%  Time=00:00:00  RemainingTime=00:00:00  Mem=295.535
Completed  12%  Time=00:00:00  RemainingTime=00:00:00  Mem=295.535
Completed  17%  Time=00:00:00  RemainingTime=00:00:00  Mem=295.535
Completed  21%  Time=00:00:00  RemainingTime=00:00:00  Mem=295.535
Completed  26%  Time=00:00:00  RemainingTime=00:00:00  Mem=295.535
Completed  31%  Time=00:00:00  RemainingTime=00:00:00  Mem=295.535
Completed  35%  Time=00:00:00  RemainingTime=00:00:00  Mem=295.535
Completed  40%  Time=00:00:00  RemainingTime=00:00:00  Mem=295.535
Completed  45%  Time=00:00:00  RemainingTime=00:00:00  Mem=295.535
Completed  50%  Time=00:00:00  RemainingTime=00:00:00  Mem=295.535
Completed  54%  Time=00:00:00  RemainingTime=00:00:00  Mem=295.535
Completed  59%  Time=00:00:00  RemainingTime=00:00:00  Mem=295.535
Completed  64%  Time=00:00:00  RemainingTime=00:00:00  Mem=295.535
Completed  68%  Time=00:00:00  RemainingTime=00:00:00  Mem=295.535
Completed  73%  Time=00:00:00  RemainingTime=00:00:00  Mem=295.535
Completed  78%  Time=00:00:00  RemainingTime=00:00:00  Mem=295.535
Completed  82%  Time=00:00:00  RemainingTime=00:00:00  Mem=295.535
Completed  87%  Time=00:00:00  RemainingTime=00:00:00  Mem=295.535
Completed  92%  Time=00:00:00  RemainingTime=00:00:00  Mem=295.535
Completed  96%  Time=00:00:00  RemainingTime=00:00:00  Mem=295.535
Completed 100%  Time=00:00:00  RemainingTime=00:00:00  Mem=295.535
Extracted 492 capacitors, 851 resistors, 798 nodes
Reduced to 229 nodes,  (71.3033%)
Reduced to 165 resistors,  (80.611%)
Reduced to 220 capacitors: -9 Cc and 229 Cg (55.2846%)
  Warnings: 0    Errors: 0
  xTract        Elp=00:00:00 Cpu=00:00:00 Usr=0.0    Sys=0.0    Mem=296.1 
Done

xTract Post Process DB:  Tue Dec  6 03:35:32 2022
  Warnings: 0    Errors: 0
  xTractPP      Elp=00:00:00 Cpu=00:00:00 Usr=0.0    Sys=0.0    Mem=258.7 
Done

Report Violations:  Tue Dec  6 03:35:34 2022
WARNING: Found shorted nets (see file shorts_all.sum). The capacitances of these nets may be
         unreliable due to the shorts. (SX-0955)
  Warnings: 1    Errors: 0    (See file summary/report_violations.sum)
  ReportViolations Elp=00:00:00 Cpu=00:00:00 Usr=0.0    Sys=0.0    Mem=360.7 
Done

Report Opens:  Tue Dec  6 03:35:36 2022
  Warnings: 0    Errors: 0
  ReportOpens   Elp=00:00:00 Cpu=00:00:00 Usr=0.0    Sys=0.0    Mem=360.6 
Done

GPD Post Process:  Tue Dec  6 03:35:38 2022
  Warnings: 0    Errors: 0
  GPD_PostProcess Elp=00:00:00 Cpu=00:00:00 Usr=0.0    Sys=0.0    Mem=361.0 
Done

GPD Converter Part 1:  Tue Dec  6 03:35:40 2022
  Warnings: 0    Errors: 0
  GPD_Converter1 Elp=00:00:00 Cpu=00:00:00 Usr=0.0    Sys=0.0    Mem=254.3 
Done

GPD Converter Part 2:  Tue Dec  6 03:35:43 2022
  Warnings: 0    Errors: 0
  GPD_Converter2 Elp=00:00:00 Cpu=00:00:00 Usr=0.0    Sys=0.0    Mem=253.0 
Done

GPD Converter Merge:  Tue Dec  6 03:35:45 2022
  Warnings: 0    Errors: 0
  GPD_Converter_merge Elp=00:00:00 Cpu=00:00:00 Usr=0.0    Sys=0.0    Mem=252.9 
Done
  
Setup               Elp=00:00:02 Cpu=00:00:01 Usr=1.1    Sys=0.0    Mem=378.1 
Layers              Elp=00:00:00 Cpu=00:00:00 Usr=0.2    Sys=0.0    Mem=405.8 
HN                  Elp=00:00:00 Cpu=00:00:00 Usr=0.3    Sys=0.0    Mem=408.9 
Cells               Elp=00:00:00 Cpu=00:00:00 Usr=0.0    Sys=0.0    Mem=393.1 
Translate           Elp=00:00:00 Cpu=00:00:00 Usr=0.0    Sys=0.0    Mem=378.3 
BulkLayerHandling   Elp=00:00:00 Cpu=00:00:00 Usr=0.0    Sys=0.0    Mem=0.0   
NetlistSetup        Elp=00:00:00 Cpu=00:00:00 Usr=0.0    Sys=0.0    Mem=360.7 
GPD_XtractSetup     Elp=00:00:00 Cpu=00:00:00 Usr=0.0    Sys=0.0    Mem=378.2 
GPD_NameMap         Elp=00:00:01 Cpu=00:00:00 Usr=0.0    Sys=0.0    Mem=361.0 
xTract              Elp=00:00:00 Cpu=00:00:00 Usr=0.0    Sys=0.0    Mem=296.1 
xTractPP            Elp=00:00:00 Cpu=00:00:00 Usr=0.0    Sys=0.0    Mem=258.7 
ReportViolations    Elp=00:00:00 Cpu=00:00:00 Usr=0.0    Sys=0.0    Mem=360.7 
ReportOpens         Elp=00:00:00 Cpu=00:00:00 Usr=0.0    Sys=0.0    Mem=360.6 
GPD_PostProcess     Elp=00:00:00 Cpu=00:00:00 Usr=0.0    Sys=0.0    Mem=361.0 
GPD_Converter1      Elp=00:00:00 Cpu=00:00:00 Usr=0.0    Sys=0.0    Mem=254.3 
GPD_Converter2      Elp=00:00:00 Cpu=00:00:00 Usr=0.0    Sys=0.0    Mem=253.0 
GPD_Converter_merge Elp=00:00:00 Cpu=00:00:00 Usr=0.0    Sys=0.0    Mem=252.9 
  
Done          Elp=00:00:03 Cpu=00:00:01 Usr=1.6    Sys=0.0    Mem=408.9 

End Time: Tue Dec  6 03:35:49 2022



RUN-TIME SUMMARY:
----------------------------------------------------------------------------------------------
CPU#   | STAGE SUMMARY                                            |END TIME             |HOST NAME
----------------------------------------------------------------------------------------------
CPU_01 |*Setup                     Elp=00:00:02 Cpu=00:00:01 Mem=378.1  |Dec  6 03:35:18 |license-server-00
CPU_01 |*Layers                    Elp=00:00:00 Cpu=00:00:00 Mem=405.8  |Dec  6 03:35:18 |license-server-00
CPU_01 |*BulkLayerHandling         Elp=00:00:00 Cpu=00:00:00 Mem=0      |Dec  6 03:35:20 |license-server-00
CPU_01 |*Cells                     Elp=00:00:00 Cpu=00:00:00 Mem=393.1  |Dec  6 03:35:20 |license-server-00
CPU_01 |*HN                        Elp=00:00:00 Cpu=00:00:00 Mem=408.9  |Dec  6 03:35:20 |license-server-00
CPU_01 |*NetlistSetup              Elp=00:00:00 Cpu=00:00:00 Mem=360.7  |Dec  6 03:35:20 |license-server-00
CPU_01 |*Translate                 Elp=00:00:00 Cpu=00:00:00 Mem=378.3  |Dec  6 03:35:20 |license-server-00
CPU_01 |*GPD_XtractSetup           Elp=00:00:01 Cpu=00:00:00 Mem=378.2  |Dec  6 03:35:23 |license-server-00
CPU_01 |*GPD_NameMap               Elp=00:00:01 Cpu=00:00:00 Mem=361    |Dec  6 03:35:26 |license-server-00
CPU_01 |*xTract                    Elp=00:00:00 Cpu=00:00:00 Mem=296.1  |Dec  6 03:35:28 |license-server-00
CPU_01 |*xTractPP                  Elp=00:00:00 Cpu=00:00:00 Mem=258.7  |Dec  6 03:35:32 |license-server-00
CPU_01 |*ReportViolations          Elp=00:00:00 Cpu=00:00:00 Mem=360.7  |Dec  6 03:35:34 |license-server-00
CPU_01 |*ReportOpens               Elp=00:00:00 Cpu=00:00:00 Mem=360.6  |Dec  6 03:35:36 |license-server-00
CPU_01 |*GPD_PostProcess           Elp=00:00:00 Cpu=00:00:00 Mem=361    |Dec  6 03:35:38 |license-server-00
CPU_01 |*GPD_Converter_DP          Elp=00:00:03 Cpu=00:00:00 Mem=254.3  |Dec  6 03:35:43 |license-server-00
CPU_01 |*GPD_Converter_merge       Elp=00:00:00 Cpu=00:00:00 Mem=252.9  |Dec  6 03:35:45 |license-server-00
----------------------------------------------------------------------------------------------
Start Time: Tue Dec  6 03:35:16 2022
End Time: Tue Dec  6 03:35:38 2022
----------------------------------------------------------------------------------------------
Overall:         Elp=00:00:18 Cpu= 00:00:01 Peak_Mem(MB)=408.9
PreXtraction:    Elp=00:00:12 Cpu= 00:00:01 Peak_Mem(MB)=408.9
Xtraction:       Elp=00:00:00 Cpu= 00:00:00 Peak_Mem(MB)=0
PostXtraction:   Elp=00:00:06 Cpu= 00:00:00 Peak_Mem(MB)=361
----------------------------------------------------------------------------------------------
Spef Output:     Elp= 00:00:05 Cpu= 00:00:00 Peak_Mem(MB)=254.3
----------------------------------------------------------------------------------------------


NOTE: Simultaneous Multicorner (SMC) is now the default mode for StarRC gate-level extraction.
By running SMC, the overall runtime can be reduced by up to 2x with the same level of accuracy
as single corner extraction. For more information, consult the Simultaneous Multicorner Section
in the StarRC User Guide.

Message Summary:
----------------------------------------------------------------------------------------------
SX-0955 (x   1)|Warning      |FOUND SHORTED NETS (SEE FILE SHORTS_ALL.SUM). THE CAPACITANCES OF THESE NETS MAY BE UNRELIABLE DUE TO THE SHORTS.
SX-1851 (x   1)|Warning      |LAYER "()" HAS NO CONNECTIONS.
SX-2076 (x   1)|Warning      |LAYER '()' HAS NO VIA CONNECTION
SX-2086 (x   3)|Warning      |LEF LAYER '()' IS NOT DEFINED IN MAPPING FILE
SX-2105 (x   1)|Warning      |DEF_MASKSHIFT_CONSISTENCY_CHECK MAY INCUR PERFORMANCE PENALTY IN PREXTRACTION.
SX-2150 (x   1)|Warning      |INVALID PAIRINGS OF THE LEF DBUPERMICRON '()' AND THE CORRESPONDING DEF DBUPERMIRCON '()'
SX-2158 (x   2)|Information  |READ UNIT () FROM () FILE (). USING UNITS:() TO TRANSLATE ().
SX-2227 (x   2)|Warning      |DETECTED THE NET '()' CONNECTED TO THE P/G PORT '()' OF INSTANCE '()' (CELL '()') WOULD TAKE THEM AS POWER NET
SX-3552 (x   1)|Warning      |RUNNING STARRC IN SINGLE CORNER MODE WILL RESULT IN DEGRADED RUNTIME FOR DESIGN FLOWS WHERE MULTIPLE CORNERS ARE USED.  FOR OPTIMAL RUNTIME, ADD THE NECESSARY COMMANDS TO CONFIGURE THE SIMULTANEOUS MULTICORNER FLOW (CORNERS_FILE AND SELECTED_CORNERS).
SX-3860 (x   1)|Warning      |INPUT_NAMES_ESCAPE_REMOVAL IS ENABLED, PLEASE MAKE SURE THAT THE NET SELECT COMMANDS REMOVE THE ESCAPE AT THE SAME TIME.

