****************************************
Report : constraint
	-all_violators
	-path slack_only
Design : housekeeping
Version: T-2022.03-SP3
Date   : Sun Nov 27 09:30:03 2022
****************************************






   max_capacitance

                             Required        Actual
   Pin                      Capacitance    Capacitance       Slack
   -----------------------------------------------------------------
   hold65/Z                   0.4796         0.8337        -0.3541  (VIOLATED)
   hold48/Z                   0.4796         0.7613        -0.2817  (VIOLATED)
   hold91/Z                   0.4796         0.7459        -0.2663  (VIOLATED)
   hold20/Z                   0.4796         0.7395        -0.2599  (VIOLATED)
   hold2/Z                    0.4796         0.7342        -0.2546  (VIOLATED)
   hold12/Z                   0.4796         0.7128        -0.2332  (VIOLATED)
   hold227/Z                  0.4796         0.6566        -0.1770  (VIOLATED)


   max_transition

                             Required        Actual
   Pin                      Transition     Transition        Slack
   -----------------------------------------------------------------
   _5579_/I1                  4.0000         7.0185        -3.0185  (VIOLATED)
   _5501_/I1                  4.0000         7.0185        -3.0185  (VIOLATED)
   _5588_/I1                  4.0000         7.0185        -3.0185  (VIOLATED)
   _5507_/I1                  4.0000         7.0185        -3.0185  (VIOLATED)
   _4250_/I0                  4.0000         7.0184        -3.0184  (VIOLATED)
   _5660_/I1                  4.0000         7.0184        -3.0184  (VIOLATED)
   _4123_/I0                  4.0000         7.0184        -3.0184  (VIOLATED)
   _4132_/I0                  4.0000         7.0184        -3.0184  (VIOLATED)
   _4219_/I1                  4.0000         7.0183        -3.0183  (VIOLATED)
   _5825_/I0                  4.0000         7.0183        -3.0183  (VIOLATED)
   _5861_/I0                  4.0000         7.0182        -3.0182  (VIOLATED)
   _5735_/I0                  4.0000         7.0182        -3.0182  (VIOLATED)
   _5816_/I0                  4.0000         7.0182        -3.0182  (VIOLATED)
   _5744_/I0                  4.0000         7.0182        -3.0182  (VIOLATED)
   _5561_/I0                  4.0000         7.0182        -3.0182  (VIOLATED)
   _5762_/I1                  4.0000         7.0182        -3.0182  (VIOLATED)
   _5834_/I0                  4.0000         7.0182        -3.0182  (VIOLATED)
   _5888_/I0                  4.0000         7.0182        -3.0182  (VIOLATED)
   _5879_/I0                  4.0000         7.0182        -3.0182  (VIOLATED)
   _5753_/I0                  4.0000         7.0182        -3.0182  (VIOLATED)
   _5843_/I0                  4.0000         7.0182        -3.0182  (VIOLATED)
   _5870_/I0                  4.0000         7.0182        -3.0182  (VIOLATED)
   _5807_/I0                  4.0000         7.0182        -3.0182  (VIOLATED)
   _5570_/I0                  4.0000         7.0182        -3.0182  (VIOLATED)
   _5687_/I1                  4.0000         7.0182        -3.0182  (VIOLATED)
   _5771_/I0                  4.0000         7.0182        -3.0182  (VIOLATED)
   _5852_/I0                  4.0000         7.0182        -3.0182  (VIOLATED)
   _5789_/I0                  4.0000         7.0182        -3.0182  (VIOLATED)
   _5543_/I0                  4.0000         7.0181        -3.0181  (VIOLATED)
   _5615_/I0                  4.0000         7.0181        -3.0181  (VIOLATED)
   _5798_/I0                  4.0000         7.0181        -3.0181  (VIOLATED)
   _4110_/I0                  4.0000         7.0180        -3.0180  (VIOLATED)
   _5780_/I0                  4.0000         7.0180        -3.0180  (VIOLATED)
   _5696_/I0                  4.0000         7.0176        -3.0176  (VIOLATED)
   _5705_/I1                  4.0000         7.0176        -3.0176  (VIOLATED)
   _5678_/I1                  4.0000         7.0176        -3.0176  (VIOLATED)
   _5633_/I0                  4.0000         7.0176        -3.0176  (VIOLATED)
   _5552_/I0                  4.0000         7.0176        -3.0176  (VIOLATED)
   _5606_/I0                  4.0000         7.0176        -3.0176  (VIOLATED)
   _4236_/I1                  4.0000         7.0176        -3.0176  (VIOLATED)
   _5642_/I1                  4.0000         7.0176        -3.0176  (VIOLATED)
   _5651_/I1                  4.0000         7.0176        -3.0176  (VIOLATED)
   _4202_/I1                  4.0000         7.0175        -3.0175  (VIOLATED)
   _5624_/I0                  4.0000         7.0175        -3.0175  (VIOLATED)
   _4257_/I0                  4.0000         7.0175        -3.0175  (VIOLATED)
   _5669_/I1                  4.0000         7.0175        -3.0175  (VIOLATED)
   _5723_/I0                  4.0000         7.0174        -3.0174  (VIOLATED)
   _4153_/I0                  4.0000         7.0174        -3.0174  (VIOLATED)
   _5714_/I0                  4.0000         7.0174        -3.0174  (VIOLATED)
   _5523_/I1                  4.0000         7.0174        -3.0174  (VIOLATED)
   _4266_/I1                  4.0000         7.0174        -3.0174  (VIOLATED)
   _5597_/I0                  4.0000         7.0174        -3.0174  (VIOLATED)
   hold65/Z                   4.0000         7.0168        -3.0168  (VIOLATED)
   _4124_/I0                  4.0000         6.4580        -2.4580  (VIOLATED)
   _5508_/I1                  4.0000         6.4580        -2.4580  (VIOLATED)
   _5754_/I0                  4.0000         6.4580        -2.4580  (VIOLATED)
   _5502_/I1                  4.0000         6.4580        -2.4580  (VIOLATED)
   _5844_/I0                  4.0000         6.4579        -2.4579  (VIOLATED)
   _5688_/I1                  4.0000         6.4579        -2.4579  (VIOLATED)
   _5817_/I0                  4.0000         6.4579        -2.4579  (VIOLATED)
   _5889_/I0                  4.0000         6.4579        -2.4579  (VIOLATED)
   _5772_/I0                  4.0000         6.4579        -2.4579  (VIOLATED)
   _5706_/I1                  4.0000         6.4578        -2.4578  (VIOLATED)
   _5826_/I0                  4.0000         6.4577        -2.4577  (VIOLATED)
   _5862_/I0                  4.0000         6.4577        -2.4577  (VIOLATED)
   _5853_/I0                  4.0000         6.4577        -2.4577  (VIOLATED)
   _4204_/I1                  4.0000         6.4577        -2.4577  (VIOLATED)
   _5880_/I0                  4.0000         6.4577        -2.4577  (VIOLATED)
   _5835_/I0                  4.0000         6.4577        -2.4577  (VIOLATED)
   _5871_/I0                  4.0000         6.4577        -2.4577  (VIOLATED)
   _4258_/I0                  4.0000         6.4576        -2.4576  (VIOLATED)
   _4251_/I0                  4.0000         6.4576        -2.4576  (VIOLATED)
   _5763_/I1                  4.0000         6.4576        -2.4576  (VIOLATED)
   _5544_/I0                  4.0000         6.4576        -2.4576  (VIOLATED)
   _5634_/I0                  4.0000         6.4572        -2.4572  (VIOLATED)
   _5661_/I1                  4.0000         6.4571        -2.4571  (VIOLATED)
   _5616_/I0                  4.0000         6.4571        -2.4571  (VIOLATED)
   _5724_/I0                  4.0000         6.4569        -2.4569  (VIOLATED)
   _5745_/I0                  4.0000         6.4568        -2.4568  (VIOLATED)
   _5670_/I1                  4.0000         6.4565        -2.4565  (VIOLATED)
   _5643_/I1                  4.0000         6.4565        -2.4565  (VIOLATED)
   _5736_/I0                  4.0000         6.4565        -2.4565  (VIOLATED)
   _5522_/I1                  4.0000         6.4564        -2.4564  (VIOLATED)
   _4267_/I1                  4.0000         6.4563        -2.4563  (VIOLATED)
   _4221_/I1                  4.0000         6.4563        -2.4563  (VIOLATED)
   _5799_/I0                  4.0000         6.4563        -2.4563  (VIOLATED)
   _5571_/I0                  4.0000         6.4563        -2.4563  (VIOLATED)
   _5580_/I1                  4.0000         6.4563        -2.4563  (VIOLATED)
   _5715_/I0                  4.0000         6.4562        -2.4562  (VIOLATED)
   _5589_/I1                  4.0000         6.4562        -2.4562  (VIOLATED)
   _5808_/I0                  4.0000         6.4560        -2.4560  (VIOLATED)
   _4154_/I0                  4.0000         6.4559        -2.4559  (VIOLATED)
   _5781_/I0                  4.0000         6.4558        -2.4558  (VIOLATED)
   _5607_/I0                  4.0000         6.4557        -2.4557  (VIOLATED)
   _5625_/I0                  4.0000         6.4557        -2.4557  (VIOLATED)
   _5598_/I0                  4.0000         6.4556        -2.4556  (VIOLATED)
   _5679_/I1                  4.0000         6.4556        -2.4556  (VIOLATED)
   _5697_/I0                  4.0000         6.4556        -2.4556  (VIOLATED)
   _5652_/I1                  4.0000         6.4556        -2.4556  (VIOLATED)
   _4112_/I0                  4.0000         6.4555        -2.4555  (VIOLATED)
   _4133_/I0                  4.0000         6.4555        -2.4555  (VIOLATED)
   _5562_/I0                  4.0000         6.4530        -2.4530  (VIOLATED)
   hold48/Z                   4.0000         6.4525        -2.4525  (VIOLATED)
   _4238_/I1                  4.0000         6.4524        -2.4524  (VIOLATED)
   _5553_/I0                  4.0000         6.4524        -2.4524  (VIOLATED)
   _5790_/I0                  4.0000         6.4519        -2.4519  (VIOLATED)
   _5842_/I0                  4.0000         6.3330        -2.3330  (VIOLATED)
   _5824_/I0                  4.0000         6.3321        -2.3321  (VIOLATED)
   _5761_/I1                  4.0000         6.3319        -2.3319  (VIOLATED)
   _5686_/I1                  4.0000         6.3312        -2.3312  (VIOLATED)
   _5869_/I0                  4.0000         6.3301        -2.3301  (VIOLATED)
   _5743_/I0                  4.0000         6.3290        -2.3290  (VIOLATED)
   _5851_/I0                  4.0000         6.3290        -2.3290  (VIOLATED)
   _5524_/I1                  4.0000         6.3269        -2.3269  (VIOLATED)
   _4152_/I0                  4.0000         6.3269        -2.3269  (VIOLATED)
   _5770_/I0                  4.0000         6.3269        -2.3269  (VIOLATED)
   _4217_/I1                  4.0000         6.3267        -2.3267  (VIOLATED)
   _5560_/I0                  4.0000         6.3241        -2.3241  (VIOLATED)
   _5704_/I1                  4.0000         6.3238        -2.3238  (VIOLATED)
   _5752_/I0                  4.0000         6.3238        -2.3238  (VIOLATED)
   _5833_/I0                  4.0000         6.3232        -2.3232  (VIOLATED)
   _5668_/I1                  4.0000         6.3230        -2.3230  (VIOLATED)
   _5815_/I0                  4.0000         6.3230        -2.3230  (VIOLATED)
   _5596_/I0                  4.0000         6.3220        -2.3220  (VIOLATED)
   _4265_/I1                  4.0000         6.3215        -2.3215  (VIOLATED)
   _5533_/I1                  4.0000         6.3110        -2.3110  (VIOLATED)
   _5860_/I0                  4.0000         6.3110        -2.3110  (VIOLATED)
   _5887_/I0                  4.0000         6.3109        -2.3109  (VIOLATED)
   _5878_/I0                  4.0000         6.3109        -2.3109  (VIOLATED)
   _5788_/I0                  4.0000         6.3108        -2.3108  (VIOLATED)
   _5722_/I0                  4.0000         6.3108        -2.3108  (VIOLATED)
   _4249_/I0                  4.0000         6.3108        -2.3108  (VIOLATED)
   _5542_/I0                  4.0000         6.3107        -2.3107  (VIOLATED)
   _5713_/I0                  4.0000         6.3107        -2.3107  (VIOLATED)
   _4108_/I0                  4.0000         6.3107        -2.3107  (VIOLATED)
   _5578_/I1                  4.0000         6.3106        -2.3106  (VIOLATED)
   _4200_/I1                  4.0000         6.3106        -2.3106  (VIOLATED)
   _5605_/I0                  4.0000         6.3106        -2.3106  (VIOLATED)
   _5587_/I1                  4.0000         6.3106        -2.3106  (VIOLATED)
   _4256_/I0                  4.0000         6.3106        -2.3106  (VIOLATED)
   _4122_/I0                  4.0000         6.3106        -2.3106  (VIOLATED)
   _5506_/I1                  4.0000         6.3106        -2.3106  (VIOLATED)
   _4131_/I0                  4.0000         6.3106        -2.3106  (VIOLATED)
   _5500_/I1                  4.0000         6.3105        -2.3105  (VIOLATED)
   _5569_/I0                  4.0000         6.3103        -2.3103  (VIOLATED)
   _4234_/I1                  4.0000         6.3103        -2.3103  (VIOLATED)
   _5806_/I0                  4.0000         6.3102        -2.3102  (VIOLATED)
   _5695_/I0                  4.0000         6.3102        -2.3102  (VIOLATED)
   _5779_/I0                  4.0000         6.3102        -2.3102  (VIOLATED)
   _5614_/I0                  4.0000         6.3102        -2.3102  (VIOLATED)
   _5677_/I1                  4.0000         6.3102        -2.3102  (VIOLATED)
   _5623_/I0                  4.0000         6.3102        -2.3102  (VIOLATED)
   _5650_/I1                  4.0000         6.3102        -2.3102  (VIOLATED)
   _5641_/I1                  4.0000         6.3101        -2.3101  (VIOLATED)
   _5659_/I1                  4.0000         6.3101        -2.3101  (VIOLATED)
   _5551_/I0                  4.0000         6.3100        -2.3100  (VIOLATED)
   _5734_/I0                  4.0000         6.3099        -2.3099  (VIOLATED)
   _5797_/I0                  4.0000         6.3098        -2.3098  (VIOLATED)
   _5632_/I0                  4.0000         6.3098        -2.3098  (VIOLATED)
   hold91/Z                   4.0000         6.3080        -2.3080  (VIOLATED)
   _5892_/I0                  4.0000         6.2369        -2.2369  (VIOLATED)
   _5856_/I0                  4.0000         6.2368        -2.2368  (VIOLATED)
   _5865_/I0                  4.0000         6.2368        -2.2368  (VIOLATED)
   _5847_/I0                  4.0000         6.2368        -2.2368  (VIOLATED)
   _5874_/I0                  4.0000         6.2368        -2.2368  (VIOLATED)
   _5793_/I0                  4.0000         6.2368        -2.2368  (VIOLATED)
   _5709_/I1                  4.0000         6.2368        -2.2368  (VIOLATED)
   _5883_/I0                  4.0000         6.2368        -2.2368  (VIOLATED)
   _5829_/I0                  4.0000         6.2367        -2.2367  (VIOLATED)
   _4157_/I0                  4.0000         6.2367        -2.2367  (VIOLATED)
   _5766_/I1                  4.0000         6.2367        -2.2367  (VIOLATED)
   _5727_/I0                  4.0000         6.2366        -2.2366  (VIOLATED)
   _5820_/I0                  4.0000         6.2366        -2.2366  (VIOLATED)
   _5718_/I0                  4.0000         6.2366        -2.2366  (VIOLATED)
   _5775_/I0                  4.0000         6.2366        -2.2366  (VIOLATED)
   _5739_/I0                  4.0000         6.2366        -2.2366  (VIOLATED)
   _5838_/I0                  4.0000         6.2366        -2.2366  (VIOLATED)
   _5574_/I0                  4.0000         6.2366        -2.2366  (VIOLATED)
   _5757_/I0                  4.0000         6.2366        -2.2366  (VIOLATED)
   _5748_/I0                  4.0000         6.2366        -2.2366  (VIOLATED)
   _5811_/I0                  4.0000         6.2365        -2.2365  (VIOLATED)
   _5691_/I1                  4.0000         6.2363        -2.2363  (VIOLATED)
   _5556_/I0                  4.0000         6.2362        -2.2362  (VIOLATED)
   _4244_/I1                  4.0000         6.2362        -2.2362  (VIOLATED)
   _5565_/I0                  4.0000         6.2362        -2.2362  (VIOLATED)
   _5547_/I0                  4.0000         6.2361        -2.2361  (VIOLATED)
   _4210_/I1                  4.0000         6.2356        -2.2356  (VIOLATED)
   _4261_/I0                  4.0000         6.2356        -2.2356  (VIOLATED)
   _5700_/I0                  4.0000         6.2355        -2.2355  (VIOLATED)
   _5655_/I1                  4.0000         6.2345        -2.2345  (VIOLATED)
   _5682_/I1                  4.0000         6.2341        -2.2341  (VIOLATED)
   _5610_/I0                  4.0000         6.2338        -2.2338  (VIOLATED)
   _5583_/I1                  4.0000         6.2336        -2.2336  (VIOLATED)
   _4270_/I1                  4.0000         6.2335        -2.2335  (VIOLATED)
   _4227_/I1                  4.0000         6.2335        -2.2335  (VIOLATED)
   _5646_/I1                  4.0000         6.2334        -2.2334  (VIOLATED)
   _5664_/I1                  4.0000         6.2333        -2.2333  (VIOLATED)
   _5628_/I0                  4.0000         6.2333        -2.2333  (VIOLATED)
   _5673_/I1                  4.0000         6.2332        -2.2332  (VIOLATED)
   _5619_/I0                  4.0000         6.2332        -2.2332  (VIOLATED)
   _5601_/I0                  4.0000         6.2331        -2.2331  (VIOLATED)
   _5592_/I1                  4.0000         6.2331        -2.2331  (VIOLATED)
   _4118_/I0                  4.0000         6.2329        -2.2329  (VIOLATED)
   _5802_/I0                  4.0000         6.2329        -2.2329  (VIOLATED)
   _4136_/I0                  4.0000         6.2324        -2.2324  (VIOLATED)
   _4127_/I0                  4.0000         6.2322        -2.2322  (VIOLATED)
   _5784_/I0                  4.0000         6.2317        -2.2317  (VIOLATED)
   _5637_/I0                  4.0000         6.2310        -2.2310  (VIOLATED)
   hold2/Z                    4.0000         6.2306        -2.2306  (VIOLATED)
   _5581_/I1                  4.0000         6.2305        -2.2305  (VIOLATED)
   _5525_/I1                  4.0000         6.2305        -2.2305  (VIOLATED)
   _4223_/I1                  4.0000         6.2305        -2.2305  (VIOLATED)
   _5590_/I1                  4.0000         6.2304        -2.2304  (VIOLATED)
   _5764_/I1                  4.0000         6.2304        -2.2304  (VIOLATED)
   _5881_/I0                  4.0000         6.2304        -2.2304  (VIOLATED)
   _5509_/I1                  4.0000         6.2304        -2.2304  (VIOLATED)
   _5827_/I0                  4.0000         6.2304        -2.2304  (VIOLATED)
   _5746_/I0                  4.0000         6.2304        -2.2304  (VIOLATED)
   _5680_/I1                  4.0000         6.2304        -2.2304  (VIOLATED)
   _4125_/I0                  4.0000         6.2304        -2.2304  (VIOLATED)
   _5608_/I0                  4.0000         6.2304        -2.2304  (VIOLATED)
   _4268_/I1                  4.0000         6.2304        -2.2304  (VIOLATED)
   _5854_/I0                  4.0000         6.2304        -2.2304  (VIOLATED)
   _4134_/I0                  4.0000         6.2304        -2.2304  (VIOLATED)
   _5626_/I0                  4.0000         6.2303        -2.2303  (VIOLATED)
   _5599_/I0                  4.0000         6.2303        -2.2303  (VIOLATED)
   _5617_/I0                  4.0000         6.2303        -2.2303  (VIOLATED)
   _5671_/I1                  4.0000         6.2303        -2.2303  (VIOLATED)
   _5653_/I1                  4.0000         6.2303        -2.2303  (VIOLATED)
   _5737_/I0                  4.0000         6.2303        -2.2303  (VIOLATED)
   _5782_/I0                  4.0000         6.2303        -2.2303  (VIOLATED)
   _5662_/I1                  4.0000         6.2303        -2.2303  (VIOLATED)
   _5563_/I0                  4.0000         6.2303        -2.2303  (VIOLATED)
   _5698_/I0                  4.0000         6.2303        -2.2303  (VIOLATED)
   _5572_/I0                  4.0000         6.2303        -2.2303  (VIOLATED)
   _5716_/I0                  4.0000         6.2303        -2.2303  (VIOLATED)
   _5818_/I0                  4.0000         6.2303        -2.2303  (VIOLATED)
   _5809_/I0                  4.0000         6.2303        -2.2303  (VIOLATED)
   _5800_/I0                  4.0000         6.2303        -2.2303  (VIOLATED)
   _4114_/I0                  4.0000         6.2303        -2.2303  (VIOLATED)
   _5707_/I1                  4.0000         6.2303        -2.2303  (VIOLATED)
   _5689_/I1                  4.0000         6.2303        -2.2303  (VIOLATED)
   _5836_/I0                  4.0000         6.2303        -2.2303  (VIOLATED)
   _5644_/I1                  4.0000         6.2302        -2.2302  (VIOLATED)
   _5635_/I0                  4.0000         6.2302        -2.2302  (VIOLATED)
   _5554_/I0                  4.0000         6.2296        -2.2296  (VIOLATED)
   _4240_/I1                  4.0000         6.2295        -2.2295  (VIOLATED)
   _5872_/I0                  4.0000         6.2295        -2.2295  (VIOLATED)
   _5845_/I0                  4.0000         6.2295        -2.2295  (VIOLATED)
   _5890_/I0                  4.0000         6.2295        -2.2295  (VIOLATED)
   _5863_/I0                  4.0000         6.2294        -2.2294  (VIOLATED)
   _5755_/I0                  4.0000         6.2294        -2.2294  (VIOLATED)
   _5545_/I0                  4.0000         6.2293        -2.2293  (VIOLATED)
   _4252_/I0                  4.0000         6.2292        -2.2292  (VIOLATED)
   _4206_/I1                  4.0000         6.2291        -2.2291  (VIOLATED)
   _4259_/I0                  4.0000         6.2291        -2.2291  (VIOLATED)
   _5773_/I0                  4.0000         6.2290        -2.2290  (VIOLATED)
   _5725_/I0                  4.0000         6.2290        -2.2290  (VIOLATED)
   _5791_/I0                  4.0000         6.2289        -2.2289  (VIOLATED)
   _4155_/I0                  4.0000         6.2289        -2.2289  (VIOLATED)
   hold20/Z                   4.0000         6.2289        -2.2289  (VIOLATED)
   _5882_/I0                  4.0000         6.0186        -2.0186  (VIOLATED)
   _5765_/I1                  4.0000         6.0186        -2.0186  (VIOLATED)
   _5819_/I0                  4.0000         6.0186        -2.0186  (VIOLATED)
   _5738_/I0                  4.0000         6.0186        -2.0186  (VIOLATED)
   _5810_/I0                  4.0000         6.0186        -2.0186  (VIOLATED)
   _5837_/I0                  4.0000         6.0186        -2.0186  (VIOLATED)
   _5573_/I0                  4.0000         6.0186        -2.0186  (VIOLATED)
   _5873_/I0                  4.0000         6.0186        -2.0186  (VIOLATED)
   _5726_/I0                  4.0000         6.0185        -2.0185  (VIOLATED)
   _5855_/I0                  4.0000         6.0185        -2.0185  (VIOLATED)
   _5792_/I0                  4.0000         6.0185        -2.0185  (VIOLATED)
   _5774_/I0                  4.0000         6.0185        -2.0185  (VIOLATED)
   _5747_/I0                  4.0000         6.0185        -2.0185  (VIOLATED)
   _4156_/I0                  4.0000         6.0185        -2.0185  (VIOLATED)
   _5828_/I0                  4.0000         6.0185        -2.0185  (VIOLATED)
   _5846_/I0                  4.0000         6.0185        -2.0185  (VIOLATED)
   _5891_/I0                  4.0000         6.0185        -2.0185  (VIOLATED)
   _5864_/I0                  4.0000         6.0185        -2.0185  (VIOLATED)
   _5717_/I0                  4.0000         6.0185        -2.0185  (VIOLATED)
   _5756_/I0                  4.0000         6.0185        -2.0185  (VIOLATED)
   _5555_/I0                  4.0000         6.0185        -2.0185  (VIOLATED)
   _4242_/I1                  4.0000         6.0185        -2.0185  (VIOLATED)
   _5708_/I1                  4.0000         6.0184        -2.0184  (VIOLATED)
   _5546_/I0                  4.0000         6.0183        -2.0183  (VIOLATED)
   _5690_/I1                  4.0000         6.0183        -2.0183  (VIOLATED)
   _5699_/I0                  4.0000         6.0183        -2.0183  (VIOLATED)
   _4260_/I0                  4.0000         6.0183        -2.0183  (VIOLATED)
   _4208_/I1                  4.0000         6.0183        -2.0183  (VIOLATED)
   _5564_/I0                  4.0000         6.0181        -2.0181  (VIOLATED)
   _5600_/I0                  4.0000         6.0180        -2.0180  (VIOLATED)
   _5654_/I1                  4.0000         6.0178        -2.0178  (VIOLATED)
   _5681_/I1                  4.0000         6.0173        -2.0173  (VIOLATED)
   _5627_/I0                  4.0000         6.0170        -2.0170  (VIOLATED)
   _5526_/I1                  4.0000         6.0168        -2.0168  (VIOLATED)
   _5591_/I1                  4.0000         6.0167        -2.0167  (VIOLATED)
   _5783_/I0                  4.0000         6.0167        -2.0167  (VIOLATED)
   _5663_/I1                  4.0000         6.0166        -2.0166  (VIOLATED)
   _5645_/I1                  4.0000         6.0166        -2.0166  (VIOLATED)
   _5609_/I0                  4.0000         6.0165        -2.0165  (VIOLATED)
   _5672_/I1                  4.0000         6.0165        -2.0165  (VIOLATED)
   _5582_/I1                  4.0000         6.0165        -2.0165  (VIOLATED)
   _5636_/I0                  4.0000         6.0165        -2.0165  (VIOLATED)
   _5618_/I0                  4.0000         6.0164        -2.0164  (VIOLATED)
   _4135_/I0                  4.0000         6.0164        -2.0164  (VIOLATED)
   _4126_/I0                  4.0000         6.0164        -2.0164  (VIOLATED)
   _4269_/I1                  4.0000         6.0163        -2.0163  (VIOLATED)
   _4225_/I1                  4.0000         6.0163        -2.0163  (VIOLATED)
   hold12/Z                   4.0000         6.0160        -2.0160  (VIOLATED)
   _4116_/I0                  4.0000         6.0160        -2.0160  (VIOLATED)
   _5801_/I0                  4.0000         6.0159        -2.0159  (VIOLATED)
   _5621_/I0                  4.0000         5.5821        -1.5821  (VIOLATED)
   _5804_/I0                  4.0000         5.5821        -1.5821  (VIOLATED)
   _5567_/I0                  4.0000         5.5821        -1.5821  (VIOLATED)
   _4321_/I0                  4.0000         5.5821        -1.5821  (VIOLATED)
   _5630_/I0                  4.0000         5.5820        -1.5820  (VIOLATED)
   _4150_/I0                  4.0000         5.5820        -1.5820  (VIOLATED)
   _5711_/I0                  4.0000         5.5820        -1.5820  (VIOLATED)
   _5732_/I0                  4.0000         5.5820        -1.5820  (VIOLATED)
   _5594_/I0                  4.0000         5.5820        -1.5820  (VIOLATED)
   _5795_/I0                  4.0000         5.5819        -1.5819  (VIOLATED)
   _5876_/I0                  4.0000         5.5819        -1.5819  (VIOLATED)
   _5777_/I0                  4.0000         5.5818        -1.5818  (VIOLATED)
   _5511_/I0                  4.0000         5.5817        -1.5817  (VIOLATED)
   _5702_/I1                  4.0000         5.5817        -1.5817  (VIOLATED)
   _5516_/I0                  4.0000         5.5816        -1.5816  (VIOLATED)
   _5648_/I1                  4.0000         5.5816        -1.5816  (VIOLATED)
   _5675_/I1                  4.0000         5.5816        -1.5816  (VIOLATED)
   _4330_/I0                  4.0000         5.5816        -1.5816  (VIOLATED)
   _4104_/I0                  4.0000         5.5816        -1.5816  (VIOLATED)
   _5585_/I1                  4.0000         5.5816        -1.5816  (VIOLATED)
   _4333_/I0                  4.0000         5.5816        -1.5816  (VIOLATED)
   _5576_/I1                  4.0000         5.5816        -1.5816  (VIOLATED)
   _4278_/I0                  4.0000         5.5815        -1.5815  (VIOLATED)
   _5849_/I0                  4.0000         5.5815        -1.5815  (VIOLATED)
   _5867_/I0                  4.0000         5.5814        -1.5814  (VIOLATED)
   _5612_/I0                  4.0000         5.5812        -1.5812  (VIOLATED)
   _5768_/I0                  4.0000         5.5812        -1.5812  (VIOLATED)
   _5840_/I0                  4.0000         5.5812        -1.5812  (VIOLATED)
   _5741_/I0                  4.0000         5.5812        -1.5812  (VIOLATED)
   _5720_/I0                  4.0000         5.5811        -1.5811  (VIOLATED)
   _5693_/I0                  4.0000         5.5806        -1.5806  (VIOLATED)
   _5666_/I1                  4.0000         5.5803        -1.5803  (VIOLATED)
   _5657_/I1                  4.0000         5.5799        -1.5799  (VIOLATED)
   _5639_/I1                  4.0000         5.5795        -1.5795  (VIOLATED)
   _5786_/I0                  4.0000         5.5761        -1.5761  (VIOLATED)
   _5558_/I0                  4.0000         5.5759        -1.5759  (VIOLATED)
   _5549_/I0                  4.0000         5.5758        -1.5758  (VIOLATED)
   _4254_/I0                  4.0000         5.5755        -1.5755  (VIOLATED)
   hold227/Z                  4.0000         5.5751        -1.5751  (VIOLATED)
   _5540_/I0                  4.0000         5.5750        -1.5750  (VIOLATED)


   max_fanout

                             Required        Actual
   Pin                        Fanout         Fanout          Slack
   -----------------------------------------------------------------
   hold291/Z                 12.0000        94.0000       -82.0000  (VIOLATED)
   max_cap357/Z              12.0000        72.0000       -60.0000  (VIOLATED)
   max_cap355/Z              12.0000        70.0000       -58.0000  (VIOLATED)
   max_cap354/Z              12.0000        68.0000       -56.0000  (VIOLATED)
   max_cap359/Z              12.0000        68.0000       -56.0000  (VIOLATED)
   max_cap356/Z              12.0000        66.0000       -54.0000  (VIOLATED)
   max_cap358/Z              12.0000        62.0000       -50.0000  (VIOLATED)
   max_cap353/Z              12.0000        60.0000       -48.0000  (VIOLATED)
   load_slew350/Z            12.0000        55.0000       -43.0000  (VIOLATED)
   hold91/Z                  12.0000        53.0000       -41.0000  (VIOLATED)
   max_cap361/Z              12.0000        53.0000       -41.0000  (VIOLATED)
   hold48/Z                  12.0000        52.0000       -40.0000  (VIOLATED)
   hold65/Z                  12.0000        52.0000       -40.0000  (VIOLATED)
   hold20/Z                  12.0000        51.0000       -39.0000  (VIOLATED)
   hold12/Z                  12.0000        49.0000       -37.0000  (VIOLATED)
   hold2/Z                   12.0000        48.0000       -36.0000  (VIOLATED)
   load_slew349/Z            12.0000        48.0000       -36.0000  (VIOLATED)
   max_cap360/Z              12.0000        47.0000       -35.0000  (VIOLATED)
   _4689_/ZN                 12.0000        39.0000       -27.0000  (VIOLATED)
   hold227/Z                 12.0000        39.0000       -27.0000  (VIOLATED)
   input122/Z                12.0000        36.0000       -24.0000  (VIOLATED)
   input124/Z                12.0000        35.0000       -23.0000  (VIOLATED)
   input160/Z                12.0000        35.0000       -23.0000  (VIOLATED)
   max_cap352/Z              12.0000        35.0000       -23.0000  (VIOLATED)
   input120/Z                12.0000        33.0000       -21.0000  (VIOLATED)
   hold32/Z                  12.0000        32.0000       -20.0000  (VIOLATED)
   input117/Z                12.0000        32.0000       -20.0000  (VIOLATED)
   _3485_/Z                  12.0000        31.0000       -19.0000  (VIOLATED)
   input75/Z                 12.0000        31.0000       -19.0000  (VIOLATED)
   _3537_/Z                  12.0000        28.0000       -16.0000  (VIOLATED)
   _3552_/Z                  12.0000        28.0000       -16.0000  (VIOLATED)
   input95/Z                 12.0000        28.0000       -16.0000  (VIOLATED)
   input121/Z                12.0000        28.0000       -16.0000  (VIOLATED)
   load_slew351/Z            12.0000        27.0000       -15.0000  (VIOLATED)
   _4563_/Z                  12.0000        26.0000       -14.0000  (VIOLATED)
   input106/Z                12.0000        26.0000       -14.0000  (VIOLATED)
   _7227_/Q                  12.0000        25.0000       -13.0000  (VIOLATED)
   _7231_/Q                  12.0000        25.0000       -13.0000  (VIOLATED)
   input123/Z                12.0000        25.0000       -13.0000  (VIOLATED)
   _3529_/Z                  12.0000        24.0000       -12.0000  (VIOLATED)
   input107/Z                12.0000        24.0000       -12.0000  (VIOLATED)
   _3509_/Z                  12.0000        23.0000       -11.0000  (VIOLATED)
   _4422_/Z                  12.0000        22.0000       -10.0000  (VIOLATED)
   _4716_/Z                  12.0000        22.0000       -10.0000  (VIOLATED)
   _7234_/Q                  12.0000        22.0000       -10.0000  (VIOLATED)
   _3408_/ZN                 12.0000        21.0000        -9.0000  (VIOLATED)
   _4377_/ZN                 12.0000        21.0000        -9.0000  (VIOLATED)
   _6733_/Q                  12.0000        21.0000        -9.0000  (VIOLATED)
   _4454_/Z                  12.0000        20.0000        -8.0000  (VIOLATED)
   _4683_/Z                  12.0000        20.0000        -8.0000  (VIOLATED)
   _5957_/Z                  12.0000        20.0000        -8.0000  (VIOLATED)
   _7228_/Q                  12.0000        20.0000        -8.0000  (VIOLATED)
   _3407_/ZN                 12.0000        19.0000        -7.0000  (VIOLATED)
   clkbuf_3_6__f_wb_clk_i/Z  12.0000        19.0000        -7.0000  (VIOLATED)
   hold24/Z                  12.0000        19.0000        -7.0000  (VIOLATED)
   max_cap347/Z              12.0000        19.0000        -7.0000  (VIOLATED)
   _3385_/ZN                 12.0000        18.0000        -6.0000  (VIOLATED)
   _3401_/ZN                 12.0000        18.0000        -6.0000  (VIOLATED)
   _4011_/ZN                 12.0000        18.0000        -6.0000  (VIOLATED)
   _4532_/ZN                 12.0000        18.0000        -6.0000  (VIOLATED)
   _4700_/Z                  12.0000        18.0000        -6.0000  (VIOLATED)
   _5968_/ZN                 12.0000        18.0000        -6.0000  (VIOLATED)
   clkbuf_3_7__f_wb_clk_i/Z  12.0000        18.0000        -6.0000  (VIOLATED)
   _3402_/ZN                 12.0000        17.0000        -5.0000  (VIOLATED)
   _3541_/ZN                 12.0000        17.0000        -5.0000  (VIOLATED)
   _3543_/ZN                 12.0000        17.0000        -5.0000  (VIOLATED)
   _4784_/Z                  12.0000        17.0000        -5.0000  (VIOLATED)
   clkbuf_2_3__f_mgmt_gpio_in[4]/Z  12.0000  17.0000       -5.0000  (VIOLATED)
   max_cap343/Z              12.0000        17.0000        -5.0000  (VIOLATED)
   _3404_/ZN                 12.0000        16.0000        -4.0000  (VIOLATED)
   _3503_/ZN                 12.0000        16.0000        -4.0000  (VIOLATED)
   _3511_/ZN                 12.0000        16.0000        -4.0000  (VIOLATED)
   _3517_/ZN                 12.0000        16.0000        -4.0000  (VIOLATED)
   _3533_/Z                  12.0000        16.0000        -4.0000  (VIOLATED)
   _4520_/ZN                 12.0000        16.0000        -4.0000  (VIOLATED)
   _4526_/Z                  12.0000        16.0000        -4.0000  (VIOLATED)
   _6745_/Q                  12.0000        16.0000        -4.0000  (VIOLATED)
   clkbuf_0__1359_/Z         12.0000        16.0000        -4.0000  (VIOLATED)
   max_cap344/Z              12.0000        16.0000        -4.0000  (VIOLATED)
   _3403_/ZN                 12.0000        15.0000        -3.0000  (VIOLATED)
   _3518_/ZN                 12.0000        15.0000        -3.0000  (VIOLATED)
   _4551_/Z                  12.0000        15.0000        -3.0000  (VIOLATED)
   _4614_/Z                  12.0000        15.0000        -3.0000  (VIOLATED)
   _4703_/Z                  12.0000        15.0000        -3.0000  (VIOLATED)
   _6233_/ZN                 12.0000        15.0000        -3.0000  (VIOLATED)
   _6834_/Q                  12.0000        15.0000        -3.0000  (VIOLATED)
   clkbuf_3_1__f_wb_clk_i/Z  12.0000        15.0000        -3.0000  (VIOLATED)
   clkbuf_3_4__f_wb_clk_i/Z  12.0000        15.0000        -3.0000  (VIOLATED)
   input108/Z                12.0000        15.0000        -3.0000  (VIOLATED)
   _3406_/ZN                 12.0000        14.0000        -2.0000  (VIOLATED)
   _4366_/ZN                 12.0000        14.0000        -2.0000  (VIOLATED)
   _4502_/ZN                 12.0000        14.0000        -2.0000  (VIOLATED)
   _4524_/Z                  12.0000        14.0000        -2.0000  (VIOLATED)
   _4554_/Z                  12.0000        14.0000        -2.0000  (VIOLATED)
   _4666_/Z                  12.0000        14.0000        -2.0000  (VIOLATED)
   _4718_/ZN                 12.0000        14.0000        -2.0000  (VIOLATED)
   _5947_/ZN                 12.0000        14.0000        -2.0000  (VIOLATED)
   _6744_/Q                  12.0000        14.0000        -2.0000  (VIOLATED)
   _6835_/Q                  12.0000        14.0000        -2.0000  (VIOLATED)
   _6836_/Q                  12.0000        14.0000        -2.0000  (VIOLATED)
   clkbuf_4_5_0__1359_/Z     12.0000        14.0000        -2.0000  (VIOLATED)
   hold54/Z                  12.0000        14.0000        -2.0000  (VIOLATED)
   max_cap345/Z              12.0000        14.0000        -2.0000  (VIOLATED)
   max_cap346/Z              12.0000        14.0000        -2.0000  (VIOLATED)
   _3331_/ZN                 12.0000        13.0000        -1.0000  (VIOLATED)
   _3386_/ZN                 12.0000        13.0000        -1.0000  (VIOLATED)
   _3488_/Z                  12.0000        13.0000        -1.0000  (VIOLATED)
   _4368_/ZN                 12.0000        13.0000        -1.0000  (VIOLATED)
   _4401_/Z                  12.0000        13.0000        -1.0000  (VIOLATED)
   _4495_/Z                  12.0000        13.0000        -1.0000  (VIOLATED)
   _4517_/Z                  12.0000        13.0000        -1.0000  (VIOLATED)
   _4522_/ZN                 12.0000        13.0000        -1.0000  (VIOLATED)
   _4562_/ZN                 12.0000        13.0000        -1.0000  (VIOLATED)
   _4568_/Z                  12.0000        13.0000        -1.0000  (VIOLATED)
   _4586_/Z                  12.0000        13.0000        -1.0000  (VIOLATED)
   _6234_/ZN                 12.0000        13.0000        -1.0000  (VIOLATED)
   _6244_/ZN                 12.0000        13.0000        -1.0000  (VIOLATED)
   _7235_/Q                  12.0000        13.0000        -1.0000  (VIOLATED)
   clkbuf_4_0_0__1359_/Z     12.0000        13.0000        -1.0000  (VIOLATED)
   clkbuf_4_4_0__1359_/Z     12.0000        13.0000        -1.0000  (VIOLATED)
   max_cap348/Z              12.0000        13.0000        -1.0000  (VIOLATED)


1
