****************************************
Report : constraint
	-all_violators
	-path slack_only
Design : housekeeping
Version: T-2022.03-SP3
Date   : Tue Nov 29 11:58:53 2022
****************************************






   max_capacitance

                             Required        Actual
   Pin                      Capacitance    Capacitance       Slack
   -----------------------------------------------------------------
   output300/Z                0.9581         2.0759        -1.1178  (VIOLATED)
   output303/Z                0.9581         2.0627        -1.1046  (VIOLATED)
   hold52/Z                   0.4796         0.9587        -0.4791  (VIOLATED)
   hold62/Z                   0.4796         0.8856        -0.4060  (VIOLATED)
   hold86/Z                   0.4796         0.8690        -0.3894  (VIOLATED)
   hold29/Z                   0.4796         0.8509        -0.3713  (VIOLATED)
   hold15/Z                   0.4796         0.8470        -0.3674  (VIOLATED)
   hold2/Z                    0.4796         0.8359        -0.3563  (VIOLATED)
   hold113/Z                  0.4796         0.6483        -0.1687  (VIOLATED)
   _3541_/ZN                  0.5003         0.5291        -0.0288  (VIOLATED)


   max_transition

                             Required        Actual
   Pin                      Transition     Transition        Slack
   -----------------------------------------------------------------
   serial_clock               4.0000         9.2752        -5.2752  (VIOLATED)
   serial_load                4.0000         9.1589        -5.1589  (VIOLATED)
   output300/Z                4.0000         9.1420        -5.1420  (VIOLATED)
   output303/Z                4.0000         9.0455        -5.0455  (VIOLATED)
   _5735_/I0                  4.0000         8.1342        -4.1342  (VIOLATED)
   _5888_/I0                  4.0000         8.1342        -4.1342  (VIOLATED)
   _5561_/I0                  4.0000         8.1342        -4.1342  (VIOLATED)
   _5879_/I0                  4.0000         8.1342        -4.1342  (VIOLATED)
   _5780_/I0                  4.0000         8.1342        -4.1342  (VIOLATED)
   _5843_/I0                  4.0000         8.1342        -4.1342  (VIOLATED)
   _5588_/I1                  4.0000         8.1342        -4.1342  (VIOLATED)
   _4219_/I1                  4.0000         8.1342        -4.1342  (VIOLATED)
   _5825_/I0                  4.0000         8.1341        -4.1341  (VIOLATED)
   _5744_/I0                  4.0000         8.1341        -4.1341  (VIOLATED)
   _5501_/I1                  4.0000         8.1341        -4.1341  (VIOLATED)
   _5543_/I0                  4.0000         8.1340        -4.1340  (VIOLATED)
   _5834_/I0                  4.0000         8.1340        -4.1340  (VIOLATED)
   _5753_/I0                  4.0000         8.1340        -4.1340  (VIOLATED)
   _4250_/I0                  4.0000         8.1340        -4.1340  (VIOLATED)
   _5861_/I0                  4.0000         8.1340        -4.1340  (VIOLATED)
   _5579_/I1                  4.0000         8.1338        -4.1338  (VIOLATED)
   _5816_/I0                  4.0000         8.1337        -4.1337  (VIOLATED)
   _5507_/I1                  4.0000         8.1337        -4.1337  (VIOLATED)
   _4123_/I0                  4.0000         8.1334        -4.1334  (VIOLATED)
   _5762_/I1                  4.0000         8.1334        -4.1334  (VIOLATED)
   _5523_/I1                  4.0000         8.1333        -4.1333  (VIOLATED)
   _4110_/I0                  4.0000         8.1332        -4.1332  (VIOLATED)
   _5798_/I0                  4.0000         8.1331        -4.1331  (VIOLATED)
   _5570_/I0                  4.0000         8.1331        -4.1331  (VIOLATED)
   _5660_/I1                  4.0000         8.1330        -4.1330  (VIOLATED)
   _5615_/I0                  4.0000         8.1330        -4.1330  (VIOLATED)
   _4132_/I0                  4.0000         8.1327        -4.1327  (VIOLATED)
   _4266_/I1                  4.0000         8.1322        -4.1322  (VIOLATED)
   _5552_/I0                  4.0000         8.1321        -4.1321  (VIOLATED)
   _4236_/I1                  4.0000         8.1321        -4.1321  (VIOLATED)
   _4257_/I0                  4.0000         8.1321        -4.1321  (VIOLATED)
   _4202_/I1                  4.0000         8.1321        -4.1321  (VIOLATED)
   _5723_/I0                  4.0000         8.1318        -4.1318  (VIOLATED)
   _5705_/I1                  4.0000         8.1318        -4.1318  (VIOLATED)
   _5714_/I0                  4.0000         8.1316        -4.1316  (VIOLATED)
   _4153_/I0                  4.0000         8.1314        -4.1314  (VIOLATED)
   _5696_/I0                  4.0000         8.1314        -4.1314  (VIOLATED)
   _5789_/I0                  4.0000         8.1313        -4.1313  (VIOLATED)
   _5678_/I1                  4.0000         8.1313        -4.1313  (VIOLATED)
   _5597_/I0                  4.0000         8.1311        -4.1311  (VIOLATED)
   _5687_/I1                  4.0000         8.1311        -4.1311  (VIOLATED)
   _5807_/I0                  4.0000         8.1311        -4.1311  (VIOLATED)
   _5852_/I0                  4.0000         8.1309        -4.1309  (VIOLATED)
   _5633_/I0                  4.0000         8.1308        -4.1308  (VIOLATED)
   _5771_/I0                  4.0000         8.1308        -4.1308  (VIOLATED)
   _5870_/I0                  4.0000         8.1307        -4.1307  (VIOLATED)
   _5651_/I1                  4.0000         8.1306        -4.1306  (VIOLATED)
   _5624_/I0                  4.0000         8.1306        -4.1306  (VIOLATED)
   _5669_/I1                  4.0000         8.1305        -4.1305  (VIOLATED)
   _5642_/I1                  4.0000         8.1305        -4.1305  (VIOLATED)
   _5606_/I0                  4.0000         8.1305        -4.1305  (VIOLATED)
   hold52/Z                   4.0000         8.1267        -4.1267  (VIOLATED)
   _5571_/I0                  4.0000         7.5714        -3.5714  (VIOLATED)
   _5625_/I0                  4.0000         7.5714        -3.5714  (VIOLATED)
   _5697_/I0                  4.0000         7.5713        -3.5713  (VIOLATED)
   _5808_/I0                  4.0000         7.5712        -3.5712  (VIOLATED)
   _5715_/I0                  4.0000         7.5710        -3.5710  (VIOLATED)
   _5781_/I0                  4.0000         7.5710        -3.5710  (VIOLATED)
   _5616_/I0                  4.0000         7.5709        -3.5709  (VIOLATED)
   _5736_/I0                  4.0000         7.5708        -3.5708  (VIOLATED)
   _5652_/I1                  4.0000         7.5708        -3.5708  (VIOLATED)
   _5607_/I0                  4.0000         7.5706        -3.5706  (VIOLATED)
   _4154_/I0                  4.0000         7.5706        -3.5706  (VIOLATED)
   _5598_/I0                  4.0000         7.5706        -3.5706  (VIOLATED)
   _5679_/I1                  4.0000         7.5705        -3.5705  (VIOLATED)
   _4112_/I0                  4.0000         7.5704        -3.5704  (VIOLATED)
   _5580_/I1                  4.0000         7.5703        -3.5703  (VIOLATED)
   _5799_/I0                  4.0000         7.5697        -3.5697  (VIOLATED)
   _4267_/I1                  4.0000         7.5697        -3.5697  (VIOLATED)
   _4221_/I1                  4.0000         7.5697        -3.5697  (VIOLATED)
   _5502_/I1                  4.0000         7.5692        -3.5692  (VIOLATED)
   _5508_/I1                  4.0000         7.5692        -3.5692  (VIOLATED)
   _5634_/I0                  4.0000         7.5691        -3.5691  (VIOLATED)
   _5763_/I1                  4.0000         7.5690        -3.5690  (VIOLATED)
   _5706_/I1                  4.0000         7.5688        -3.5688  (VIOLATED)
   _5589_/I1                  4.0000         7.5688        -3.5688  (VIOLATED)
   _4133_/I0                  4.0000         7.5687        -3.5687  (VIOLATED)
   _5853_/I0                  4.0000         7.5686        -3.5686  (VIOLATED)
   _5880_/I0                  4.0000         7.5684        -3.5684  (VIOLATED)
   _5871_/I0                  4.0000         7.5683        -3.5683  (VIOLATED)
   _5661_/I1                  4.0000         7.5680        -3.5680  (VIOLATED)
   _5835_/I0                  4.0000         7.5664        -3.5664  (VIOLATED)
   _5670_/I1                  4.0000         7.5662        -3.5662  (VIOLATED)
   _5817_/I0                  4.0000         7.5661        -3.5661  (VIOLATED)
   _4124_/I0                  4.0000         7.5660        -3.5660  (VIOLATED)
   _5826_/I0                  4.0000         7.5659        -3.5659  (VIOLATED)
   _5688_/I1                  4.0000         7.5657        -3.5657  (VIOLATED)
   _5889_/I0                  4.0000         7.5654        -3.5654  (VIOLATED)
   _5724_/I0                  4.0000         7.5571        -3.5571  (VIOLATED)
   _5643_/I1                  4.0000         7.5568        -3.5568  (VIOLATED)
   _5522_/I1                  4.0000         7.5568        -3.5568  (VIOLATED)
   _5745_/I0                  4.0000         7.5543        -3.5543  (VIOLATED)
   _5562_/I0                  4.0000         7.5409        -3.5409  (VIOLATED)
   _5790_/I0                  4.0000         7.5408        -3.5408  (VIOLATED)
   _4238_/I1                  4.0000         7.5397        -3.5397  (VIOLATED)
   _5553_/I0                  4.0000         7.5396        -3.5396  (VIOLATED)
   _5772_/I0                  4.0000         7.5366        -3.5366  (VIOLATED)
   _5754_/I0                  4.0000         7.5359        -3.5359  (VIOLATED)
   _5844_/I0                  4.0000         7.5358        -3.5358  (VIOLATED)
   _5862_/I0                  4.0000         7.5349        -3.5349  (VIOLATED)
   _4251_/I0                  4.0000         7.5336        -3.5336  (VIOLATED)
   hold62/Z                   4.0000         7.5332        -3.5332  (VIOLATED)
   _4258_/I0                  4.0000         7.5297        -3.5297  (VIOLATED)
   _4204_/I1                  4.0000         7.5290        -3.5290  (VIOLATED)
   _5544_/I0                  4.0000         7.5274        -3.5274  (VIOLATED)
   _5788_/I0                  4.0000         7.4295        -3.4295  (VIOLATED)
   _5560_/I0                  4.0000         7.4295        -3.4295  (VIOLATED)
   _5887_/I0                  4.0000         7.4294        -3.4294  (VIOLATED)
   _5878_/I0                  4.0000         7.4293        -3.4293  (VIOLATED)
   _5860_/I0                  4.0000         7.4293        -3.4293  (VIOLATED)
   _5722_/I0                  4.0000         7.4293        -3.4293  (VIOLATED)
   _5713_/I0                  4.0000         7.4293        -3.4293  (VIOLATED)
   _5533_/I1                  4.0000         7.4291        -3.4291  (VIOLATED)
   _5869_/I0                  4.0000         7.4290        -3.4290  (VIOLATED)
   _5851_/I0                  4.0000         7.4290        -3.4290  (VIOLATED)
   _5743_/I0                  4.0000         7.4289        -3.4289  (VIOLATED)
   _5752_/I0                  4.0000         7.4289        -3.4289  (VIOLATED)
   _5686_/I1                  4.0000         7.4289        -3.4289  (VIOLATED)
   _5761_/I1                  4.0000         7.4289        -3.4289  (VIOLATED)
   _5704_/I1                  4.0000         7.4288        -3.4288  (VIOLATED)
   _5824_/I0                  4.0000         7.4288        -3.4288  (VIOLATED)
   _5842_/I0                  4.0000         7.4287        -3.4287  (VIOLATED)
   _5833_/I0                  4.0000         7.4286        -3.4286  (VIOLATED)
   _4249_/I0                  4.0000         7.4285        -3.4285  (VIOLATED)
   _5542_/I0                  4.0000         7.4284        -3.4284  (VIOLATED)
   _5632_/I0                  4.0000         7.4281        -3.4281  (VIOLATED)
   _5587_/I1                  4.0000         7.4281        -3.4281  (VIOLATED)
   _4217_/I1                  4.0000         7.4280        -3.4280  (VIOLATED)
   _5668_/I1                  4.0000         7.4280        -3.4280  (VIOLATED)
   _5815_/I0                  4.0000         7.4279        -3.4279  (VIOLATED)
   _5734_/I0                  4.0000         7.4279        -3.4279  (VIOLATED)
   _5797_/I0                  4.0000         7.4279        -3.4279  (VIOLATED)
   _4108_/I0                  4.0000         7.4278        -3.4278  (VIOLATED)
   _5596_/I0                  4.0000         7.4278        -3.4278  (VIOLATED)
   _4265_/I1                  4.0000         7.4277        -3.4277  (VIOLATED)
   _5605_/I0                  4.0000         7.4276        -3.4276  (VIOLATED)
   _5524_/I1                  4.0000         7.4276        -3.4276  (VIOLATED)
   _5650_/I1                  4.0000         7.4276        -3.4276  (VIOLATED)
   _5614_/I0                  4.0000         7.4274        -3.4274  (VIOLATED)
   _5641_/I1                  4.0000         7.4274        -3.4274  (VIOLATED)
   _5695_/I0                  4.0000         7.4274        -3.4274  (VIOLATED)
   _5500_/I1                  4.0000         7.4274        -3.4274  (VIOLATED)
   _5506_/I1                  4.0000         7.4274        -3.4274  (VIOLATED)
   _5779_/I0                  4.0000         7.4273        -3.4273  (VIOLATED)
   _5623_/I0                  4.0000         7.4271        -3.4271  (VIOLATED)
   _5659_/I1                  4.0000         7.4271        -3.4271  (VIOLATED)
   _4152_/I0                  4.0000         7.4271        -3.4271  (VIOLATED)
   _5578_/I1                  4.0000         7.4271        -3.4271  (VIOLATED)
   _5677_/I1                  4.0000         7.4270        -3.4270  (VIOLATED)
   _5806_/I0                  4.0000         7.4264        -3.4264  (VIOLATED)
   _4131_/I0                  4.0000         7.4262        -3.4262  (VIOLATED)
   _4122_/I0                  4.0000         7.4262        -3.4262  (VIOLATED)
   _5770_/I0                  4.0000         7.4258        -3.4258  (VIOLATED)
   _5569_/I0                  4.0000         7.4242        -3.4242  (VIOLATED)
   _4234_/I1                  4.0000         7.4183        -3.4183  (VIOLATED)
   _5551_/I0                  4.0000         7.4180        -3.4180  (VIOLATED)
   _4200_/I1                  4.0000         7.4157        -3.4157  (VIOLATED)
   hold86/Z                   4.0000         7.4157        -3.4157  (VIOLATED)
   _4256_/I0                  4.0000         7.4151        -3.4151  (VIOLATED)
   _5828_/I0                  4.0000         7.2800        -3.2800  (VIOLATED)
   _5846_/I0                  4.0000         7.2798        -3.2798  (VIOLATED)
   _5837_/I0                  4.0000         7.2798        -3.2798  (VIOLATED)
   _5756_/I0                  4.0000         7.2797        -3.2797  (VIOLATED)
   _5747_/I0                  4.0000         7.2795        -3.2795  (VIOLATED)
   _5810_/I0                  4.0000         7.2790        -3.2790  (VIOLATED)
   _5738_/I0                  4.0000         7.2784        -3.2784  (VIOLATED)
   _5819_/I0                  4.0000         7.2784        -3.2784  (VIOLATED)
   _4208_/I1                  4.0000         7.2782        -3.2782  (VIOLATED)
   _5573_/I0                  4.0000         7.2781        -3.2781  (VIOLATED)
   _4260_/I0                  4.0000         7.2779        -3.2779  (VIOLATED)
   _5765_/I1                  4.0000         7.2778        -3.2778  (VIOLATED)
   _5882_/I0                  4.0000         7.2778        -3.2778  (VIOLATED)
   _5891_/I0                  4.0000         7.2773        -3.2773  (VIOLATED)
   _5792_/I0                  4.0000         7.2769        -3.2769  (VIOLATED)
   _5864_/I0                  4.0000         7.2768        -3.2768  (VIOLATED)
   _5600_/I0                  4.0000         7.2768        -3.2768  (VIOLATED)
   _5546_/I0                  4.0000         7.2766        -3.2766  (VIOLATED)
   _5774_/I0                  4.0000         7.2763        -3.2763  (VIOLATED)
   _5726_/I0                  4.0000         7.2760        -3.2760  (VIOLATED)
   _5617_/I0                  4.0000         7.2759        -3.2759  (VIOLATED)
   _4156_/I0                  4.0000         7.2758        -3.2758  (VIOLATED)
   _5782_/I0                  4.0000         7.2758        -3.2758  (VIOLATED)
   _5855_/I0                  4.0000         7.2758        -3.2758  (VIOLATED)
   _5873_/I0                  4.0000         7.2757        -3.2757  (VIOLATED)
   _5671_/I1                  4.0000         7.2757        -3.2757  (VIOLATED)
   _5599_/I0                  4.0000         7.2757        -3.2757  (VIOLATED)
   _5626_/I0                  4.0000         7.2756        -3.2756  (VIOLATED)
   _5653_/I1                  4.0000         7.2756        -3.2756  (VIOLATED)
   _5809_/I0                  4.0000         7.2756        -3.2756  (VIOLATED)
   _4114_/I0                  4.0000         7.2756        -3.2756  (VIOLATED)
   _5698_/I0                  4.0000         7.2755        -3.2755  (VIOLATED)
   _5680_/I1                  4.0000         7.2755        -3.2755  (VIOLATED)
   _5635_/I0                  4.0000         7.2755        -3.2755  (VIOLATED)
   _5608_/I0                  4.0000         7.2754        -3.2754  (VIOLATED)
   _5737_/I0                  4.0000         7.2754        -3.2754  (VIOLATED)
   _5644_/I1                  4.0000         7.2754        -3.2754  (VIOLATED)
   _5662_/I1                  4.0000         7.2754        -3.2754  (VIOLATED)
   _5800_/I0                  4.0000         7.2753        -3.2753  (VIOLATED)
   _5707_/I1                  4.0000         7.2753        -3.2753  (VIOLATED)
   _4223_/I1                  4.0000         7.2752        -3.2752  (VIOLATED)
   _4268_/I1                  4.0000         7.2752        -3.2752  (VIOLATED)
   _5590_/I1                  4.0000         7.2751        -3.2751  (VIOLATED)
   _5572_/I0                  4.0000         7.2749        -3.2749  (VIOLATED)
   _5708_/I1                  4.0000         7.2747        -3.2747  (VIOLATED)
   _5681_/I1                  4.0000         7.2746        -3.2746  (VIOLATED)
   _5689_/I1                  4.0000         7.2745        -3.2745  (VIOLATED)
   _5716_/I0                  4.0000         7.2743        -3.2743  (VIOLATED)
   _5818_/I0                  4.0000         7.2739        -3.2739  (VIOLATED)
   _5525_/I1                  4.0000         7.2738        -3.2738  (VIOLATED)
   _5564_/I0                  4.0000         7.2736        -3.2736  (VIOLATED)
   _5746_/I0                  4.0000         7.2730        -3.2730  (VIOLATED)
   _5827_/I0                  4.0000         7.2729        -3.2729  (VIOLATED)
   _5690_/I1                  4.0000         7.2728        -3.2728  (VIOLATED)
   _4242_/I1                  4.0000         7.2726        -3.2726  (VIOLATED)
   _5555_/I0                  4.0000         7.2724        -3.2724  (VIOLATED)
   _5717_/I0                  4.0000         7.2722        -3.2722  (VIOLATED)
   _5699_/I0                  4.0000         7.2718        -3.2718  (VIOLATED)
   _5836_/I0                  4.0000         7.2711        -3.2711  (VIOLATED)
   _5581_/I1                  4.0000         7.2710        -3.2710  (VIOLATED)
   _4134_/I0                  4.0000         7.2703        -3.2703  (VIOLATED)
   _5764_/I1                  4.0000         7.2700        -3.2700  (VIOLATED)
   _4125_/I0                  4.0000         7.2698        -3.2698  (VIOLATED)
   _5881_/I0                  4.0000         7.2692        -3.2692  (VIOLATED)
   _5509_/I1                  4.0000         7.2691        -3.2691  (VIOLATED)
   _5582_/I1                  4.0000         7.2687        -3.2687  (VIOLATED)
   _5654_/I1                  4.0000         7.2686        -3.2686  (VIOLATED)
   _5591_/I1                  4.0000         7.2685        -3.2685  (VIOLATED)
   _5645_/I1                  4.0000         7.2683        -3.2683  (VIOLATED)
   _5526_/I1                  4.0000         7.2679        -3.2679  (VIOLATED)
   _5801_/I0                  4.0000         7.2678        -3.2678  (VIOLATED)
   _4116_/I0                  4.0000         7.2676        -3.2676  (VIOLATED)
   _4269_/I1                  4.0000         7.2671        -3.2671  (VIOLATED)
   _4225_/I1                  4.0000         7.2667        -3.2667  (VIOLATED)
   _5854_/I0                  4.0000         7.2664        -3.2664  (VIOLATED)
   _5663_/I1                  4.0000         7.2663        -3.2663  (VIOLATED)
   _5618_/I0                  4.0000         7.2657        -3.2657  (VIOLATED)
   _4126_/I0                  4.0000         7.2657        -3.2657  (VIOLATED)
   _4135_/I0                  4.0000         7.2656        -3.2656  (VIOLATED)
   _5672_/I1                  4.0000         7.2649        -3.2649  (VIOLATED)
   _5609_/I0                  4.0000         7.2649        -3.2649  (VIOLATED)
   _5636_/I0                  4.0000         7.2648        -3.2648  (VIOLATED)
   _5627_/I0                  4.0000         7.2647        -3.2647  (VIOLATED)
   _5783_/I0                  4.0000         7.2635        -3.2635  (VIOLATED)
   hold15/Z                   4.0000         7.2572        -3.2572  (VIOLATED)
   _5845_/I0                  4.0000         7.2521        -3.2521  (VIOLATED)
   _5863_/I0                  4.0000         7.2518        -3.2518  (VIOLATED)
   _4240_/I1                  4.0000         7.2518        -3.2518  (VIOLATED)
   _5554_/I0                  4.0000         7.2517        -3.2517  (VIOLATED)
   _5755_/I0                  4.0000         7.2512        -3.2512  (VIOLATED)
   _5890_/I0                  4.0000         7.2508        -3.2508  (VIOLATED)
   _5872_/I0                  4.0000         7.2508        -3.2508  (VIOLATED)
   _5563_/I0                  4.0000         7.2484        -3.2484  (VIOLATED)
   _4259_/I0                  4.0000         7.2475        -3.2475  (VIOLATED)
   _4206_/I1                  4.0000         7.2473        -3.2473  (VIOLATED)
   _5725_/I0                  4.0000         7.2455        -3.2455  (VIOLATED)
   _5773_/I0                  4.0000         7.2447        -3.2447  (VIOLATED)
   _4155_/I0                  4.0000         7.2441        -3.2441  (VIOLATED)
   _4252_/I0                  4.0000         7.2441        -3.2441  (VIOLATED)
   _5791_/I0                  4.0000         7.2439        -3.2439  (VIOLATED)
   _5545_/I0                  4.0000         7.2425        -3.2425  (VIOLATED)
   hold29/Z                   4.0000         7.2419        -3.2419  (VIOLATED)
   _5775_/I0                  4.0000         7.1656        -3.1656  (VIOLATED)
   _4157_/I0                  4.0000         7.1656        -3.1656  (VIOLATED)
   _5793_/I0                  4.0000         7.1656        -3.1656  (VIOLATED)
   _5727_/I0                  4.0000         7.1655        -3.1655  (VIOLATED)
   _5718_/I0                  4.0000         7.1655        -3.1655  (VIOLATED)
   _4244_/I1                  4.0000         7.1655        -3.1655  (VIOLATED)
   _5556_/I0                  4.0000         7.1655        -3.1655  (VIOLATED)
   _5811_/I0                  4.0000         7.1655        -3.1655  (VIOLATED)
   _5691_/I1                  4.0000         7.1654        -3.1654  (VIOLATED)
   _5739_/I0                  4.0000         7.1650        -3.1650  (VIOLATED)
   _5565_/I0                  4.0000         7.1650        -3.1650  (VIOLATED)
   _5574_/I0                  4.0000         7.1649        -3.1649  (VIOLATED)
   _5874_/I0                  4.0000         7.1648        -3.1648  (VIOLATED)
   _5766_/I1                  4.0000         7.1645        -3.1645  (VIOLATED)
   _5709_/I1                  4.0000         7.1643        -3.1643  (VIOLATED)
   _5820_/I0                  4.0000         7.1643        -3.1643  (VIOLATED)
   _5883_/I0                  4.0000         7.1640        -3.1640  (VIOLATED)
   _5829_/I0                  4.0000         7.1638        -3.1638  (VIOLATED)
   _5838_/I0                  4.0000         7.1638        -3.1638  (VIOLATED)
   _5856_/I0                  4.0000         7.1637        -3.1637  (VIOLATED)
   _5892_/I0                  4.0000         7.1635        -3.1635  (VIOLATED)
   _5865_/I0                  4.0000         7.1634        -3.1634  (VIOLATED)
   _5847_/I0                  4.0000         7.1632        -3.1632  (VIOLATED)
   _5748_/I0                  4.0000         7.1632        -3.1632  (VIOLATED)
   _5757_/I0                  4.0000         7.1632        -3.1632  (VIOLATED)
   _4261_/I0                  4.0000         7.1615        -3.1615  (VIOLATED)
   _4210_/I1                  4.0000         7.1613        -3.1613  (VIOLATED)
   _5547_/I0                  4.0000         7.1596        -3.1596  (VIOLATED)
   _4270_/I1                  4.0000         7.1584        -3.1584  (VIOLATED)
   _4227_/I1                  4.0000         7.1582        -3.1582  (VIOLATED)
   _5601_/I0                  4.0000         7.1573        -3.1573  (VIOLATED)
   _5646_/I1                  4.0000         7.1572        -3.1572  (VIOLATED)
   _5583_/I1                  4.0000         7.1572        -3.1572  (VIOLATED)
   _5610_/I0                  4.0000         7.1569        -3.1569  (VIOLATED)
   _5619_/I0                  4.0000         7.1569        -3.1569  (VIOLATED)
   _4118_/I0                  4.0000         7.1569        -3.1569  (VIOLATED)
   _5802_/I0                  4.0000         7.1568        -3.1568  (VIOLATED)
   _5628_/I0                  4.0000         7.1568        -3.1568  (VIOLATED)
   _5673_/I1                  4.0000         7.1567        -3.1567  (VIOLATED)
   _5592_/I1                  4.0000         7.1567        -3.1567  (VIOLATED)
   _5682_/I1                  4.0000         7.1567        -3.1567  (VIOLATED)
   _5700_/I0                  4.0000         7.1567        -3.1567  (VIOLATED)
   _4136_/I0                  4.0000         7.1566        -3.1566  (VIOLATED)
   _4127_/I0                  4.0000         7.1566        -3.1566  (VIOLATED)
   _5655_/I1                  4.0000         7.1566        -3.1566  (VIOLATED)
   _5664_/I1                  4.0000         7.1563        -3.1563  (VIOLATED)
   _5637_/I0                  4.0000         7.1555        -3.1555  (VIOLATED)
   _5784_/I0                  4.0000         7.1530        -3.1530  (VIOLATED)
   hold2/Z                    4.0000         7.1481        -3.1481  (VIOLATED)
   _4321_/I0                  4.0000         5.6473        -1.6473  (VIOLATED)
   _5876_/I0                  4.0000         5.6472        -1.6472  (VIOLATED)
   _4150_/I0                  4.0000         5.6472        -1.6472  (VIOLATED)
   _5849_/I0                  4.0000         5.6468        -1.6468  (VIOLATED)
   _5675_/I1                  4.0000         5.6468        -1.6468  (VIOLATED)
   _5702_/I1                  4.0000         5.6468        -1.6468  (VIOLATED)
   _5603_/I0                  4.0000         5.6464        -1.6464  (VIOLATED)
   _5804_/I0                  4.0000         5.6463        -1.6463  (VIOLATED)
   _5621_/I0                  4.0000         5.6462        -1.6462  (VIOLATED)
   _5777_/I0                  4.0000         5.6461        -1.6461  (VIOLATED)
   _5732_/I0                  4.0000         5.6461        -1.6461  (VIOLATED)
   _5867_/I0                  4.0000         5.6460        -1.6460  (VIOLATED)
   _5630_/I0                  4.0000         5.6449        -1.6449  (VIOLATED)
   _5594_/I0                  4.0000         5.6435        -1.6435  (VIOLATED)
   _5741_/I0                  4.0000         5.6434        -1.6434  (VIOLATED)
   _5612_/I0                  4.0000         5.6433        -1.6433  (VIOLATED)
   _5840_/I0                  4.0000         5.6433        -1.6433  (VIOLATED)
   _5567_/I0                  4.0000         5.6423        -1.6423  (VIOLATED)
   _5768_/I0                  4.0000         5.6422        -1.6422  (VIOLATED)
   load_slew350/I             4.0000         5.6415        -1.6415  (VIOLATED)
   _5795_/I0                  4.0000         5.6413        -1.6413  (VIOLATED)
   _5711_/I0                  4.0000         5.6409        -1.6409  (VIOLATED)
   _5786_/I0                  4.0000         5.6403        -1.6403  (VIOLATED)
   _5535_/I1                  4.0000         5.6391        -1.6391  (VIOLATED)
   _5540_/I0                  4.0000         5.6386        -1.6386  (VIOLATED)
   _5648_/I1                  4.0000         5.6382        -1.6382  (VIOLATED)
   _4263_/I1                  4.0000         5.6361        -1.6361  (VIOLATED)
   _5693_/I0                  4.0000         5.6316        -1.6316  (VIOLATED)
   _5657_/I1                  4.0000         5.6266        -1.6266  (VIOLATED)
   _5666_/I1                  4.0000         5.6241        -1.6241  (VIOLATED)
   _5639_/I1                  4.0000         5.6237        -1.6237  (VIOLATED)
   _5576_/I1                  4.0000         5.6237        -1.6237  (VIOLATED)
   _5585_/I1                  4.0000         5.6192        -1.6192  (VIOLATED)
   _4254_/I0                  4.0000         5.6057        -1.6057  (VIOLATED)
   _5558_/I0                  4.0000         5.5874        -1.5874  (VIOLATED)
   _5549_/I0                  4.0000         5.5857        -1.5857  (VIOLATED)
   hold113/Z                  4.0000         5.5841        -1.5841  (VIOLATED)
   _3544_/A2                  4.0000         4.1888        -0.1888  (VIOLATED)
   _3787_/B1                  4.0000         4.1888        -0.1888  (VIOLATED)
   _3635_/A2                  4.0000         4.1887        -0.1887  (VIOLATED)
   _4202_/S                   4.0000         4.1883        -0.1883  (VIOLATED)
   _3728_/A2                  4.0000         4.1882        -0.1882  (VIOLATED)
   _4200_/S                   4.0000         4.1880        -0.1880  (VIOLATED)
   _4196_/S                   4.0000         4.1878        -0.1878  (VIOLATED)
   _4198_/S                   4.0000         4.1877        -0.1877  (VIOLATED)
   _4195_/A1                  4.0000         4.1862        -0.1862  (VIOLATED)
   _3703_/A2                  4.0000         4.1815        -0.1815  (VIOLATED)
   _3854_/B1                  4.0000         4.1815        -0.1815  (VIOLATED)
   _3948_/A2                  4.0000         4.1812        -0.1812  (VIOLATED)
   _4208_/S                   4.0000         4.1808        -0.1808  (VIOLATED)
   _4210_/S                   4.0000         4.1807        -0.1807  (VIOLATED)
   _4206_/S                   4.0000         4.1799        -0.1799  (VIOLATED)
   _4204_/S                   4.0000         4.1797        -0.1797  (VIOLATED)
   _3677_/A2                  4.0000         4.1786        -0.1786  (VIOLATED)
   _3541_/ZN                  4.0000         4.1758        -0.1758  (VIOLATED)


   max_fanout

                             Required        Actual
   Pin                        Fanout         Fanout          Slack
   -----------------------------------------------------------------
   hold271/Z                 12.0000        95.0000       -83.0000  (VIOLATED)
   max_cap357/Z              12.0000        74.0000       -62.0000  (VIOLATED)
   max_cap358/Z              12.0000        72.0000       -60.0000  (VIOLATED)
   max_cap354/Z              12.0000        66.0000       -54.0000  (VIOLATED)
   max_cap356/Z              12.0000        66.0000       -54.0000  (VIOLATED)
   max_cap355/Z              12.0000        64.0000       -52.0000  (VIOLATED)
   max_cap361/Z              12.0000        64.0000       -52.0000  (VIOLATED)
   load_slew350/Z            12.0000        60.0000       -48.0000  (VIOLATED)
   max_cap353/Z              12.0000        58.0000       -46.0000  (VIOLATED)
   hold86/Z                  12.0000        53.0000       -41.0000  (VIOLATED)
   hold52/Z                  12.0000        52.0000       -40.0000  (VIOLATED)
   hold62/Z                  12.0000        52.0000       -40.0000  (VIOLATED)
   hold29/Z                  12.0000        51.0000       -39.0000  (VIOLATED)
   max_cap359/Z              12.0000        51.0000       -39.0000  (VIOLATED)
   max_cap360/Z              12.0000        51.0000       -39.0000  (VIOLATED)
   hold15/Z                  12.0000        49.0000       -37.0000  (VIOLATED)
   hold2/Z                   12.0000        48.0000       -36.0000  (VIOLATED)
   load_slew349/Z            12.0000        48.0000       -36.0000  (VIOLATED)
   _4689_/ZN                 12.0000        39.0000       -27.0000  (VIOLATED)
   hold113/Z                 12.0000        36.0000       -24.0000  (VIOLATED)
   input122/Z                12.0000        36.0000       -24.0000  (VIOLATED)
   input124/Z                12.0000        35.0000       -23.0000  (VIOLATED)
   input160/Z                12.0000        34.0000       -22.0000  (VIOLATED)
   hold18/Z                  12.0000        33.0000       -21.0000  (VIOLATED)
   input120/Z                12.0000        33.0000       -21.0000  (VIOLATED)
   _4563_/Z                  12.0000        32.0000       -20.0000  (VIOLATED)
   input117/Z                12.0000        32.0000       -20.0000  (VIOLATED)
   _3485_/Z                  12.0000        31.0000       -19.0000  (VIOLATED)
   input75/Z                 12.0000        31.0000       -19.0000  (VIOLATED)
   max_cap352/Z              12.0000        29.0000       -17.0000  (VIOLATED)
   _3537_/Z                  12.0000        28.0000       -16.0000  (VIOLATED)
   _3552_/Z                  12.0000        28.0000       -16.0000  (VIOLATED)
   input95/Z                 12.0000        28.0000       -16.0000  (VIOLATED)
   input121/Z                12.0000        28.0000       -16.0000  (VIOLATED)
   load_slew351/Z            12.0000        27.0000       -15.0000  (VIOLATED)
   input106/Z                12.0000        26.0000       -14.0000  (VIOLATED)
   _7227_/Q                  12.0000        25.0000       -13.0000  (VIOLATED)
   _7231_/Q                  12.0000        25.0000       -13.0000  (VIOLATED)
   input123/Z                12.0000        25.0000       -13.0000  (VIOLATED)
   _3529_/Z                  12.0000        24.0000       -12.0000  (VIOLATED)
   input107/Z                12.0000        24.0000       -12.0000  (VIOLATED)
   _3509_/Z                  12.0000        23.0000       -11.0000  (VIOLATED)
   _4422_/Z                  12.0000        22.0000       -10.0000  (VIOLATED)
   _4716_/Z                  12.0000        22.0000       -10.0000  (VIOLATED)
   _7234_/Q                  12.0000        22.0000       -10.0000  (VIOLATED)
   _3408_/ZN                 12.0000        21.0000        -9.0000  (VIOLATED)
   _4377_/ZN                 12.0000        21.0000        -9.0000  (VIOLATED)
   _6733_/Q                  12.0000        21.0000        -9.0000  (VIOLATED)
   clkbuf_3_6__f_wb_clk_i/Z  12.0000        21.0000        -9.0000  (VIOLATED)
   _4454_/Z                  12.0000        20.0000        -8.0000  (VIOLATED)
   _4683_/Z                  12.0000        20.0000        -8.0000  (VIOLATED)
   _5957_/Z                  12.0000        20.0000        -8.0000  (VIOLATED)
   _7228_/Q                  12.0000        20.0000        -8.0000  (VIOLATED)
   hold6/Z                   12.0000        20.0000        -8.0000  (VIOLATED)
   _3407_/ZN                 12.0000        19.0000        -7.0000  (VIOLATED)
   max_cap347/Z              12.0000        19.0000        -7.0000  (VIOLATED)
   _3385_/ZN                 12.0000        18.0000        -6.0000  (VIOLATED)
   _3401_/ZN                 12.0000        18.0000        -6.0000  (VIOLATED)
   _4011_/ZN                 12.0000        18.0000        -6.0000  (VIOLATED)
   _4532_/ZN                 12.0000        18.0000        -6.0000  (VIOLATED)
   _4700_/Z                  12.0000        18.0000        -6.0000  (VIOLATED)
   _5968_/ZN                 12.0000        18.0000        -6.0000  (VIOLATED)
   hold21/Z                  12.0000        18.0000        -6.0000  (VIOLATED)
   _3402_/ZN                 12.0000        17.0000        -5.0000  (VIOLATED)
   _3541_/ZN                 12.0000        17.0000        -5.0000  (VIOLATED)
   _3543_/ZN                 12.0000        17.0000        -5.0000  (VIOLATED)
   _4784_/Z                  12.0000        17.0000        -5.0000  (VIOLATED)
   clkbuf_2_3__f_mgmt_gpio_in[4]/Z  12.0000  17.0000       -5.0000  (VIOLATED)
   max_cap343/Z              12.0000        17.0000        -5.0000  (VIOLATED)
   max_cap344/Z              12.0000        17.0000        -5.0000  (VIOLATED)
   wire348/Z                 12.0000        17.0000        -5.0000  (VIOLATED)
   _3404_/ZN                 12.0000        16.0000        -4.0000  (VIOLATED)
   _3503_/ZN                 12.0000        16.0000        -4.0000  (VIOLATED)
   _3511_/ZN                 12.0000        16.0000        -4.0000  (VIOLATED)
   _3517_/ZN                 12.0000        16.0000        -4.0000  (VIOLATED)
   _3533_/Z                  12.0000        16.0000        -4.0000  (VIOLATED)
   _4520_/ZN                 12.0000        16.0000        -4.0000  (VIOLATED)
   _4526_/Z                  12.0000        16.0000        -4.0000  (VIOLATED)
   _6745_/Q                  12.0000        16.0000        -4.0000  (VIOLATED)
   clkbuf_0__1359_/Z         12.0000        16.0000        -4.0000  (VIOLATED)
   clkbuf_3_7__f_wb_clk_i/Z  12.0000        16.0000        -4.0000  (VIOLATED)
   _3403_/ZN                 12.0000        15.0000        -3.0000  (VIOLATED)
   _3518_/ZN                 12.0000        15.0000        -3.0000  (VIOLATED)
   _4551_/Z                  12.0000        15.0000        -3.0000  (VIOLATED)
   _4614_/Z                  12.0000        15.0000        -3.0000  (VIOLATED)
   _4703_/Z                  12.0000        15.0000        -3.0000  (VIOLATED)
   _6233_/ZN                 12.0000        15.0000        -3.0000  (VIOLATED)
   _6834_/Q                  12.0000        15.0000        -3.0000  (VIOLATED)
   clkbuf_3_1__f_wb_clk_i/Z  12.0000        15.0000        -3.0000  (VIOLATED)
   clkbuf_3_4__f_wb_clk_i/Z  12.0000        15.0000        -3.0000  (VIOLATED)
   clkbuf_4_5_0__1359_/Z     12.0000        15.0000        -3.0000  (VIOLATED)
   input108/Z                12.0000        15.0000        -3.0000  (VIOLATED)
   max_cap346/Z              12.0000        15.0000        -3.0000  (VIOLATED)
   _3406_/ZN                 12.0000        14.0000        -2.0000  (VIOLATED)
   _4366_/ZN                 12.0000        14.0000        -2.0000  (VIOLATED)
   _4502_/ZN                 12.0000        14.0000        -2.0000  (VIOLATED)
   _4524_/Z                  12.0000        14.0000        -2.0000  (VIOLATED)
   _4554_/Z                  12.0000        14.0000        -2.0000  (VIOLATED)
   _4666_/Z                  12.0000        14.0000        -2.0000  (VIOLATED)
   _4718_/ZN                 12.0000        14.0000        -2.0000  (VIOLATED)
   _5947_/ZN                 12.0000        14.0000        -2.0000  (VIOLATED)
   _6744_/Q                  12.0000        14.0000        -2.0000  (VIOLATED)
   _6835_/Q                  12.0000        14.0000        -2.0000  (VIOLATED)
   _6836_/Q                  12.0000        14.0000        -2.0000  (VIOLATED)
   clkbuf_4_0_0__1359_/Z     12.0000        14.0000        -2.0000  (VIOLATED)
   max_cap345/Z              12.0000        14.0000        -2.0000  (VIOLATED)
   _3331_/ZN                 12.0000        13.0000        -1.0000  (VIOLATED)
   _3386_/ZN                 12.0000        13.0000        -1.0000  (VIOLATED)
   _3488_/Z                  12.0000        13.0000        -1.0000  (VIOLATED)
   _4368_/ZN                 12.0000        13.0000        -1.0000  (VIOLATED)
   _4401_/Z                  12.0000        13.0000        -1.0000  (VIOLATED)
   _4495_/Z                  12.0000        13.0000        -1.0000  (VIOLATED)
   _4517_/Z                  12.0000        13.0000        -1.0000  (VIOLATED)
   _4522_/ZN                 12.0000        13.0000        -1.0000  (VIOLATED)
   _4562_/ZN                 12.0000        13.0000        -1.0000  (VIOLATED)
   _4568_/Z                  12.0000        13.0000        -1.0000  (VIOLATED)
   _4586_/Z                  12.0000        13.0000        -1.0000  (VIOLATED)
   _6234_/ZN                 12.0000        13.0000        -1.0000  (VIOLATED)
   _6244_/ZN                 12.0000        13.0000        -1.0000  (VIOLATED)
   _7235_/Q                  12.0000        13.0000        -1.0000  (VIOLATED)


1
