****************************************
Report : constraint
	-all_violators
	-path slack_only
Design : housekeeping
Version: T-2022.03-SP3
Date   : Tue Nov 29 11:59:13 2022
****************************************






   max_capacitance

                             Required        Actual
   Pin                      Capacitance    Capacitance       Slack
   -----------------------------------------------------------------
   output300/Z                0.9581         2.0608        -1.1027  (VIOLATED)
   output303/Z                0.9581         2.0515        -1.0934  (VIOLATED)
   hold52/Z                   0.4796         0.7952        -0.3156  (VIOLATED)
   hold62/Z                   0.4796         0.7400        -0.2604  (VIOLATED)
   hold86/Z                   0.4796         0.7275        -0.2479  (VIOLATED)
   hold29/Z                   0.4796         0.7116        -0.2320  (VIOLATED)
   hold15/Z                   0.4796         0.7063        -0.2267  (VIOLATED)
   hold2/Z                    0.4796         0.6972        -0.2176  (VIOLATED)
   hold113/Z                  0.4796         0.5448        -0.0652  (VIOLATED)


   max_transition

                             Required        Actual
   Pin                      Transition     Transition        Slack
   -----------------------------------------------------------------
   serial_clock               4.0000         8.7938        -4.7938  (VIOLATED)
   output300/Z                4.0000         8.7663        -4.7663  (VIOLATED)
   serial_load                4.0000         8.7167        -4.7167  (VIOLATED)
   output303/Z                4.0000         8.6943        -4.6943  (VIOLATED)
   _5501_/I1                  4.0000         6.7031        -2.7031  (VIOLATED)
   _5543_/I0                  4.0000         6.7027        -2.7027  (VIOLATED)
   _4202_/I1                  4.0000         6.7026        -2.7026  (VIOLATED)
   _4257_/I0                  4.0000         6.7019        -2.7019  (VIOLATED)
   _5552_/I0                  4.0000         6.7003        -2.7003  (VIOLATED)
   _5523_/I1                  4.0000         6.6994        -2.6994  (VIOLATED)
   _4236_/I1                  4.0000         6.6994        -2.6994  (VIOLATED)
   _5570_/I0                  4.0000         6.6990        -2.6990  (VIOLATED)
   _5762_/I1                  4.0000         6.6981        -2.6981  (VIOLATED)
   _5780_/I0                  4.0000         6.6960        -2.6960  (VIOLATED)
   _5579_/I1                  4.0000         6.6952        -2.6952  (VIOLATED)
   _5561_/I0                  4.0000         6.6948        -2.6948  (VIOLATED)
   _5816_/I0                  4.0000         6.6947        -2.6947  (VIOLATED)
   _5843_/I0                  4.0000         6.6942        -2.6942  (VIOLATED)
   _5879_/I0                  4.0000         6.6940        -2.6940  (VIOLATED)
   _4219_/I1                  4.0000         6.6937        -2.6937  (VIOLATED)
   _5588_/I1                  4.0000         6.6936        -2.6936  (VIOLATED)
   _5888_/I0                  4.0000         6.6927        -2.6927  (VIOLATED)
   _5744_/I0                  4.0000         6.6912        -2.6912  (VIOLATED)
   _5735_/I0                  4.0000         6.6911        -2.6911  (VIOLATED)
   _5825_/I0                  4.0000         6.6802        -2.6802  (VIOLATED)
   _5834_/I0                  4.0000         6.6802        -2.6802  (VIOLATED)
   _5753_/I0                  4.0000         6.6802        -2.6802  (VIOLATED)
   _4250_/I0                  4.0000         6.6802        -2.6802  (VIOLATED)
   _5861_/I0                  4.0000         6.6802        -2.6802  (VIOLATED)
   _5507_/I1                  4.0000         6.6801        -2.6801  (VIOLATED)
   _4123_/I0                  4.0000         6.6801        -2.6801  (VIOLATED)
   _4110_/I0                  4.0000         6.6801        -2.6801  (VIOLATED)
   _5798_/I0                  4.0000         6.6801        -2.6801  (VIOLATED)
   _5660_/I1                  4.0000         6.6800        -2.6800  (VIOLATED)
   _5615_/I0                  4.0000         6.6800        -2.6800  (VIOLATED)
   _4132_/I0                  4.0000         6.6800        -2.6800  (VIOLATED)
   _5723_/I0                  4.0000         6.6800        -2.6800  (VIOLATED)
   _5714_/I0                  4.0000         6.6799        -2.6799  (VIOLATED)
   _4153_/I0                  4.0000         6.6799        -2.6799  (VIOLATED)
   _4266_/I1                  4.0000         6.6799        -2.6799  (VIOLATED)
   _5705_/I1                  4.0000         6.6799        -2.6799  (VIOLATED)
   _5789_/I0                  4.0000         6.6799        -2.6799  (VIOLATED)
   _5687_/I1                  4.0000         6.6799        -2.6799  (VIOLATED)
   _5807_/I0                  4.0000         6.6799        -2.6799  (VIOLATED)
   _5852_/I0                  4.0000         6.6799        -2.6799  (VIOLATED)
   _5771_/I0                  4.0000         6.6799        -2.6799  (VIOLATED)
   _5696_/I0                  4.0000         6.6799        -2.6799  (VIOLATED)
   _5870_/I0                  4.0000         6.6799        -2.6799  (VIOLATED)
   _5678_/I1                  4.0000         6.6799        -2.6799  (VIOLATED)
   _5597_/I0                  4.0000         6.6798        -2.6798  (VIOLATED)
   _5633_/I0                  4.0000         6.6798        -2.6798  (VIOLATED)
   _5651_/I1                  4.0000         6.6798        -2.6798  (VIOLATED)
   _5624_/I0                  4.0000         6.6798        -2.6798  (VIOLATED)
   _5669_/I1                  4.0000         6.6798        -2.6798  (VIOLATED)
   _5642_/I1                  4.0000         6.6798        -2.6798  (VIOLATED)
   _5606_/I0                  4.0000         6.6798        -2.6798  (VIOLATED)
   hold52/Z                   4.0000         6.6794        -2.6794  (VIOLATED)
   _5571_/I0                  4.0000         6.2548        -2.2548  (VIOLATED)
   _5625_/I0                  4.0000         6.2548        -2.2548  (VIOLATED)
   _5697_/I0                  4.0000         6.2548        -2.2548  (VIOLATED)
   _5808_/I0                  4.0000         6.2547        -2.2547  (VIOLATED)
   _5715_/I0                  4.0000         6.2547        -2.2547  (VIOLATED)
   _5781_/I0                  4.0000         6.2547        -2.2547  (VIOLATED)
   _5616_/I0                  4.0000         6.2547        -2.2547  (VIOLATED)
   _5736_/I0                  4.0000         6.2547        -2.2547  (VIOLATED)
   _5652_/I1                  4.0000         6.2547        -2.2547  (VIOLATED)
   _5679_/I1                  4.0000         6.2547        -2.2547  (VIOLATED)
   _5607_/I0                  4.0000         6.2547        -2.2547  (VIOLATED)
   _4154_/I0                  4.0000         6.2547        -2.2547  (VIOLATED)
   _5598_/I0                  4.0000         6.2547        -2.2547  (VIOLATED)
   _5580_/I1                  4.0000         6.2547        -2.2547  (VIOLATED)
   _4112_/I0                  4.0000         6.2546        -2.2546  (VIOLATED)
   _4267_/I1                  4.0000         6.2546        -2.2546  (VIOLATED)
   _4221_/I1                  4.0000         6.2546        -2.2546  (VIOLATED)
   _5799_/I0                  4.0000         6.2546        -2.2546  (VIOLATED)
   _5502_/I1                  4.0000         6.2545        -2.2545  (VIOLATED)
   _5508_/I1                  4.0000         6.2545        -2.2545  (VIOLATED)
   _5763_/I1                  4.0000         6.2545        -2.2545  (VIOLATED)
   _5706_/I1                  4.0000         6.2545        -2.2545  (VIOLATED)
   _5634_/I0                  4.0000         6.2545        -2.2545  (VIOLATED)
   _5853_/I0                  4.0000         6.2545        -2.2545  (VIOLATED)
   _5880_/I0                  4.0000         6.2545        -2.2545  (VIOLATED)
   _4133_/I0                  4.0000         6.2545        -2.2545  (VIOLATED)
   _5589_/I1                  4.0000         6.2545        -2.2545  (VIOLATED)
   _5871_/I0                  4.0000         6.2545        -2.2545  (VIOLATED)
   _5661_/I1                  4.0000         6.2544        -2.2544  (VIOLATED)
   _5835_/I0                  4.0000         6.2543        -2.2543  (VIOLATED)
   _5817_/I0                  4.0000         6.2542        -2.2542  (VIOLATED)
   _5670_/I1                  4.0000         6.2542        -2.2542  (VIOLATED)
   _5826_/I0                  4.0000         6.2542        -2.2542  (VIOLATED)
   _4124_/I0                  4.0000         6.2542        -2.2542  (VIOLATED)
   _5688_/I1                  4.0000         6.2542        -2.2542  (VIOLATED)
   _5889_/I0                  4.0000         6.2541        -2.2541  (VIOLATED)
   _5724_/I0                  4.0000         6.2533        -2.2533  (VIOLATED)
   _5643_/I1                  4.0000         6.2533        -2.2533  (VIOLATED)
   _5522_/I1                  4.0000         6.2533        -2.2533  (VIOLATED)
   _5745_/I0                  4.0000         6.2531        -2.2531  (VIOLATED)
   _5790_/I0                  4.0000         6.2515        -2.2515  (VIOLATED)
   _5562_/I0                  4.0000         6.2515        -2.2515  (VIOLATED)
   _4238_/I1                  4.0000         6.2514        -2.2514  (VIOLATED)
   _5553_/I0                  4.0000         6.2513        -2.2513  (VIOLATED)
   _5772_/I0                  4.0000         6.2512        -2.2512  (VIOLATED)
   _5754_/I0                  4.0000         6.2512        -2.2512  (VIOLATED)
   _5844_/I0                  4.0000         6.2512        -2.2512  (VIOLATED)
   _5862_/I0                  4.0000         6.2510        -2.2510  (VIOLATED)
   hold62/Z                   4.0000         6.2509        -2.2509  (VIOLATED)
   _4251_/I0                  4.0000         6.2509        -2.2509  (VIOLATED)
   _4258_/I0                  4.0000         6.2505        -2.2505  (VIOLATED)
   _4204_/I1                  4.0000         6.2505        -2.2505  (VIOLATED)
   _5544_/I0                  4.0000         6.2503        -2.2503  (VIOLATED)
   _5824_/I0                  4.0000         6.1497        -2.1497  (VIOLATED)
   _5623_/I0                  4.0000         6.1497        -2.1497  (VIOLATED)
   _5659_/I1                  4.0000         6.1496        -2.1496  (VIOLATED)
   _5788_/I0                  4.0000         6.1495        -2.1495  (VIOLATED)
   _5833_/I0                  4.0000         6.1485        -2.1485  (VIOLATED)
   _5704_/I1                  4.0000         6.1469        -2.1469  (VIOLATED)
   _5779_/I0                  4.0000         6.1458        -2.1458  (VIOLATED)
   _5761_/I1                  4.0000         6.1453        -2.1453  (VIOLATED)
   _5686_/I1                  4.0000         6.1448        -2.1448  (VIOLATED)
   _5752_/I0                  4.0000         6.1446        -2.1446  (VIOLATED)
   _5695_/I0                  4.0000         6.1445        -2.1445  (VIOLATED)
   _5641_/I1                  4.0000         6.1442        -2.1442  (VIOLATED)
   _5614_/I0                  4.0000         6.1438        -2.1438  (VIOLATED)
   _5632_/I0                  4.0000         6.1434        -2.1434  (VIOLATED)
   _5743_/I0                  4.0000         6.1434        -2.1434  (VIOLATED)
   _5851_/I0                  4.0000         6.1430        -2.1430  (VIOLATED)
   _5869_/I0                  4.0000         6.1428        -2.1428  (VIOLATED)
   _5650_/I1                  4.0000         6.1419        -2.1419  (VIOLATED)
   _5605_/I0                  4.0000         6.1413        -2.1413  (VIOLATED)
   _5587_/I1                  4.0000         6.1393        -2.1393  (VIOLATED)
   _5560_/I0                  4.0000         6.1373        -2.1373  (VIOLATED)
   _5815_/I0                  4.0000         6.1372        -2.1372  (VIOLATED)
   _5887_/I0                  4.0000         6.1287        -2.1287  (VIOLATED)
   _5878_/I0                  4.0000         6.1287        -2.1287  (VIOLATED)
   _5722_/I0                  4.0000         6.1287        -2.1287  (VIOLATED)
   _5860_/I0                  4.0000         6.1287        -2.1287  (VIOLATED)
   _5713_/I0                  4.0000         6.1287        -2.1287  (VIOLATED)
   _5533_/I1                  4.0000         6.1287        -2.1287  (VIOLATED)
   _5842_/I0                  4.0000         6.1286        -2.1286  (VIOLATED)
   _4249_/I0                  4.0000         6.1286        -2.1286  (VIOLATED)
   _5542_/I0                  4.0000         6.1286        -2.1286  (VIOLATED)
   _5668_/I1                  4.0000         6.1286        -2.1286  (VIOLATED)
   _4217_/I1                  4.0000         6.1286        -2.1286  (VIOLATED)
   _4265_/I1                  4.0000         6.1286        -2.1286  (VIOLATED)
   _5734_/I0                  4.0000         6.1286        -2.1286  (VIOLATED)
   _5524_/I1                  4.0000         6.1286        -2.1286  (VIOLATED)
   _5797_/I0                  4.0000         6.1286        -2.1286  (VIOLATED)
   _4108_/I0                  4.0000         6.1286        -2.1286  (VIOLATED)
   _5500_/I1                  4.0000         6.1285        -2.1285  (VIOLATED)
   _5506_/I1                  4.0000         6.1285        -2.1285  (VIOLATED)
   _5578_/I1                  4.0000         6.1285        -2.1285  (VIOLATED)
   _5596_/I0                  4.0000         6.1285        -2.1285  (VIOLATED)
   _4131_/I0                  4.0000         6.1285        -2.1285  (VIOLATED)
   _4122_/I0                  4.0000         6.1285        -2.1285  (VIOLATED)
   _5677_/I1                  4.0000         6.1285        -2.1285  (VIOLATED)
   _4152_/I0                  4.0000         6.1284        -2.1284  (VIOLATED)
   _5806_/I0                  4.0000         6.1284        -2.1284  (VIOLATED)
   _5770_/I0                  4.0000         6.1283        -2.1283  (VIOLATED)
   _5569_/I0                  4.0000         6.1282        -2.1282  (VIOLATED)
   _4234_/I1                  4.0000         6.1276        -2.1276  (VIOLATED)
   _5551_/I0                  4.0000         6.1276        -2.1276  (VIOLATED)
   hold86/Z                   4.0000         6.1274        -2.1274  (VIOLATED)
   _4200_/I1                  4.0000         6.1274        -2.1274  (VIOLATED)
   _4256_/I0                  4.0000         6.1274        -2.1274  (VIOLATED)
   _5617_/I0                  4.0000         6.0146        -2.0146  (VIOLATED)
   _5782_/I0                  4.0000         6.0146        -2.0146  (VIOLATED)
   _5671_/I1                  4.0000         6.0146        -2.0146  (VIOLATED)
   _5599_/I0                  4.0000         6.0146        -2.0146  (VIOLATED)
   _5626_/I0                  4.0000         6.0146        -2.0146  (VIOLATED)
   _5653_/I1                  4.0000         6.0146        -2.0146  (VIOLATED)
   _5809_/I0                  4.0000         6.0146        -2.0146  (VIOLATED)
   _5680_/I1                  4.0000         6.0146        -2.0146  (VIOLATED)
   _5698_/I0                  4.0000         6.0146        -2.0146  (VIOLATED)
   _5635_/I0                  4.0000         6.0146        -2.0146  (VIOLATED)
   _4114_/I0                  4.0000         6.0146        -2.0146  (VIOLATED)
   _5662_/I1                  4.0000         6.0146        -2.0146  (VIOLATED)
   _5608_/I0                  4.0000         6.0146        -2.0146  (VIOLATED)
   _5737_/I0                  4.0000         6.0146        -2.0146  (VIOLATED)
   _5707_/I1                  4.0000         6.0146        -2.0146  (VIOLATED)
   _5644_/I1                  4.0000         6.0146        -2.0146  (VIOLATED)
   _4223_/I1                  4.0000         6.0146        -2.0146  (VIOLATED)
   _4268_/I1                  4.0000         6.0146        -2.0146  (VIOLATED)
   _5800_/I0                  4.0000         6.0146        -2.0146  (VIOLATED)
   _5590_/I1                  4.0000         6.0145        -2.0145  (VIOLATED)
   _5572_/I0                  4.0000         6.0145        -2.0145  (VIOLATED)
   _5689_/I1                  4.0000         6.0145        -2.0145  (VIOLATED)
   _5716_/I0                  4.0000         6.0145        -2.0145  (VIOLATED)
   _5818_/I0                  4.0000         6.0144        -2.0144  (VIOLATED)
   _5525_/I1                  4.0000         6.0144        -2.0144  (VIOLATED)
   _5746_/I0                  4.0000         6.0144        -2.0144  (VIOLATED)
   _5827_/I0                  4.0000         6.0143        -2.0143  (VIOLATED)
   _5836_/I0                  4.0000         6.0142        -2.0142  (VIOLATED)
   _5581_/I1                  4.0000         6.0142        -2.0142  (VIOLATED)
   _5764_/I1                  4.0000         6.0141        -2.0141  (VIOLATED)
   _4134_/I0                  4.0000         6.0141        -2.0141  (VIOLATED)
   _5881_/I0                  4.0000         6.0140        -2.0140  (VIOLATED)
   _4125_/I0                  4.0000         6.0140        -2.0140  (VIOLATED)
   _5509_/I1                  4.0000         6.0140        -2.0140  (VIOLATED)
   _5854_/I0                  4.0000         6.0137        -2.0137  (VIOLATED)
   _5845_/I0                  4.0000         6.0123        -2.0123  (VIOLATED)
   _5863_/I0                  4.0000         6.0123        -2.0123  (VIOLATED)
   _4240_/I1                  4.0000         6.0122        -2.0122  (VIOLATED)
   _5554_/I0                  4.0000         6.0122        -2.0122  (VIOLATED)
   _5755_/I0                  4.0000         6.0122        -2.0122  (VIOLATED)
   _5890_/I0                  4.0000         6.0122        -2.0122  (VIOLATED)
   _5872_/I0                  4.0000         6.0121        -2.0121  (VIOLATED)
   _5563_/I0                  4.0000         6.0119        -2.0119  (VIOLATED)
   _4259_/I0                  4.0000         6.0118        -2.0118  (VIOLATED)
   _4206_/I1                  4.0000         6.0117        -2.0117  (VIOLATED)
   _5725_/I0                  4.0000         6.0116        -2.0116  (VIOLATED)
   _5773_/I0                  4.0000         6.0115        -2.0115  (VIOLATED)
   _4252_/I0                  4.0000         6.0115        -2.0115  (VIOLATED)
   _4155_/I0                  4.0000         6.0114        -2.0114  (VIOLATED)
   _5791_/I0                  4.0000         6.0114        -2.0114  (VIOLATED)
   hold29/Z                   4.0000         6.0114        -2.0114  (VIOLATED)
   _5545_/I0                  4.0000         6.0113        -2.0113  (VIOLATED)
   _5828_/I0                  4.0000         5.9589        -1.9589  (VIOLATED)
   _5846_/I0                  4.0000         5.9589        -1.9589  (VIOLATED)
   _5837_/I0                  4.0000         5.9589        -1.9589  (VIOLATED)
   _5756_/I0                  4.0000         5.9588        -1.9588  (VIOLATED)
   _5747_/I0                  4.0000         5.9588        -1.9588  (VIOLATED)
   _5810_/I0                  4.0000         5.9588        -1.9588  (VIOLATED)
   _5738_/I0                  4.0000         5.9587        -1.9587  (VIOLATED)
   _5819_/I0                  4.0000         5.9587        -1.9587  (VIOLATED)
   _4208_/I1                  4.0000         5.9587        -1.9587  (VIOLATED)
   _5573_/I0                  4.0000         5.9587        -1.9587  (VIOLATED)
   _4260_/I0                  4.0000         5.9587        -1.9587  (VIOLATED)
   _5765_/I1                  4.0000         5.9587        -1.9587  (VIOLATED)
   _5882_/I0                  4.0000         5.9587        -1.9587  (VIOLATED)
   _5891_/I0                  4.0000         5.9587        -1.9587  (VIOLATED)
   _5792_/I0                  4.0000         5.9586        -1.9586  (VIOLATED)
   _5864_/I0                  4.0000         5.9586        -1.9586  (VIOLATED)
   _5546_/I0                  4.0000         5.9586        -1.9586  (VIOLATED)
   _5600_/I0                  4.0000         5.9586        -1.9586  (VIOLATED)
   _5774_/I0                  4.0000         5.9586        -1.9586  (VIOLATED)
   _5726_/I0                  4.0000         5.9585        -1.9585  (VIOLATED)
   _4156_/I0                  4.0000         5.9585        -1.9585  (VIOLATED)
   _5855_/I0                  4.0000         5.9585        -1.9585  (VIOLATED)
   _5873_/I0                  4.0000         5.9585        -1.9585  (VIOLATED)
   _5708_/I1                  4.0000         5.9584        -1.9584  (VIOLATED)
   _5681_/I1                  4.0000         5.9584        -1.9584  (VIOLATED)
   _5564_/I0                  4.0000         5.9583        -1.9583  (VIOLATED)
   _5690_/I1                  4.0000         5.9582        -1.9582  (VIOLATED)
   _4242_/I1                  4.0000         5.9582        -1.9582  (VIOLATED)
   _5555_/I0                  4.0000         5.9582        -1.9582  (VIOLATED)
   _5717_/I0                  4.0000         5.9582        -1.9582  (VIOLATED)
   _5699_/I0                  4.0000         5.9581        -1.9581  (VIOLATED)
   _5582_/I1                  4.0000         5.9579        -1.9579  (VIOLATED)
   _5591_/I1                  4.0000         5.9579        -1.9579  (VIOLATED)
   _5645_/I1                  4.0000         5.9579        -1.9579  (VIOLATED)
   _5801_/I0                  4.0000         5.9579        -1.9579  (VIOLATED)
   _5526_/I1                  4.0000         5.9579        -1.9579  (VIOLATED)
   _4116_/I0                  4.0000         5.9578        -1.9578  (VIOLATED)
   _5654_/I1                  4.0000         5.9578        -1.9578  (VIOLATED)
   _4269_/I1                  4.0000         5.9578        -1.9578  (VIOLATED)
   _4225_/I1                  4.0000         5.9578        -1.9578  (VIOLATED)
   _5663_/I1                  4.0000         5.9577        -1.9577  (VIOLATED)
   _4126_/I0                  4.0000         5.9577        -1.9577  (VIOLATED)
   _4135_/I0                  4.0000         5.9577        -1.9577  (VIOLATED)
   _5618_/I0                  4.0000         5.9576        -1.9576  (VIOLATED)
   _5672_/I1                  4.0000         5.9576        -1.9576  (VIOLATED)
   _5609_/I0                  4.0000         5.9576        -1.9576  (VIOLATED)
   _5636_/I0                  4.0000         5.9576        -1.9576  (VIOLATED)
   _5627_/I0                  4.0000         5.9575        -1.9575  (VIOLATED)
   _5783_/I0                  4.0000         5.9574        -1.9574  (VIOLATED)
   hold15/Z                   4.0000         5.9570        -1.9570  (VIOLATED)
   _5775_/I0                  4.0000         5.8783        -1.8783  (VIOLATED)
   _5793_/I0                  4.0000         5.8783        -1.8783  (VIOLATED)
   _4157_/I0                  4.0000         5.8783        -1.8783  (VIOLATED)
   _5727_/I0                  4.0000         5.8783        -1.8783  (VIOLATED)
   _5718_/I0                  4.0000         5.8783        -1.8783  (VIOLATED)
   _4244_/I1                  4.0000         5.8783        -1.8783  (VIOLATED)
   _5556_/I0                  4.0000         5.8783        -1.8783  (VIOLATED)
   _5811_/I0                  4.0000         5.8783        -1.8783  (VIOLATED)
   _5691_/I1                  4.0000         5.8783        -1.8783  (VIOLATED)
   _5565_/I0                  4.0000         5.8783        -1.8783  (VIOLATED)
   _5739_/I0                  4.0000         5.8782        -1.8782  (VIOLATED)
   _5874_/I0                  4.0000         5.8782        -1.8782  (VIOLATED)
   _5574_/I0                  4.0000         5.8782        -1.8782  (VIOLATED)
   _5709_/I1                  4.0000         5.8782        -1.8782  (VIOLATED)
   _5766_/I1                  4.0000         5.8782        -1.8782  (VIOLATED)
   _5820_/I0                  4.0000         5.8782        -1.8782  (VIOLATED)
   _5883_/I0                  4.0000         5.8781        -1.8781  (VIOLATED)
   _5856_/I0                  4.0000         5.8781        -1.8781  (VIOLATED)
   _5829_/I0                  4.0000         5.8781        -1.8781  (VIOLATED)
   _5892_/I0                  4.0000         5.8781        -1.8781  (VIOLATED)
   _5838_/I0                  4.0000         5.8781        -1.8781  (VIOLATED)
   _5865_/I0                  4.0000         5.8781        -1.8781  (VIOLATED)
   _5847_/I0                  4.0000         5.8781        -1.8781  (VIOLATED)
   _5748_/I0                  4.0000         5.8781        -1.8781  (VIOLATED)
   _5757_/I0                  4.0000         5.8780        -1.8780  (VIOLATED)
   _4261_/I0                  4.0000         5.8779        -1.8779  (VIOLATED)
   _4210_/I1                  4.0000         5.8779        -1.8779  (VIOLATED)
   _5547_/I0                  4.0000         5.8778        -1.8778  (VIOLATED)
   _4270_/I1                  4.0000         5.8776        -1.8776  (VIOLATED)
   _4227_/I1                  4.0000         5.8776        -1.8776  (VIOLATED)
   _5601_/I0                  4.0000         5.8775        -1.8775  (VIOLATED)
   _5583_/I1                  4.0000         5.8775        -1.8775  (VIOLATED)
   _5646_/I1                  4.0000         5.8774        -1.8774  (VIOLATED)
   _4118_/I0                  4.0000         5.8774        -1.8774  (VIOLATED)
   _5802_/I0                  4.0000         5.8774        -1.8774  (VIOLATED)
   _5610_/I0                  4.0000         5.8774        -1.8774  (VIOLATED)
   _5592_/I1                  4.0000         5.8774        -1.8774  (VIOLATED)
   _5619_/I0                  4.0000         5.8774        -1.8774  (VIOLATED)
   _4136_/I0                  4.0000         5.8774        -1.8774  (VIOLATED)
   _5673_/I1                  4.0000         5.8774        -1.8774  (VIOLATED)
   _4127_/I0                  4.0000         5.8774        -1.8774  (VIOLATED)
   _5628_/I0                  4.0000         5.8774        -1.8774  (VIOLATED)
   _5682_/I1                  4.0000         5.8774        -1.8774  (VIOLATED)
   _5700_/I0                  4.0000         5.8774        -1.8774  (VIOLATED)
   _5655_/I1                  4.0000         5.8774        -1.8774  (VIOLATED)
   _5664_/I1                  4.0000         5.8773        -1.8773  (VIOLATED)
   _5637_/I0                  4.0000         5.8773        -1.8773  (VIOLATED)
   _5784_/I0                  4.0000         5.8771        -1.8771  (VIOLATED)
   hold2/Z                    4.0000         5.8767        -1.8767  (VIOLATED)
   _4321_/I0                  4.0000         4.6545        -0.6545  (VIOLATED)
   _4150_/I0                  4.0000         4.6545        -0.6545  (VIOLATED)
   _5876_/I0                  4.0000         4.6545        -0.6545  (VIOLATED)
   _5849_/I0                  4.0000         4.6545        -0.6545  (VIOLATED)
   _5675_/I1                  4.0000         4.6545        -0.6545  (VIOLATED)
   _5702_/I1                  4.0000         4.6545        -0.6545  (VIOLATED)
   _5603_/I0                  4.0000         4.6545        -0.6545  (VIOLATED)
   _5804_/I0                  4.0000         4.6545        -0.6545  (VIOLATED)
   _5621_/I0                  4.0000         4.6545        -0.6545  (VIOLATED)
   _5732_/I0                  4.0000         4.6544        -0.6544  (VIOLATED)
   _5777_/I0                  4.0000         4.6544        -0.6544  (VIOLATED)
   _5867_/I0                  4.0000         4.6544        -0.6544  (VIOLATED)
   _5630_/I0                  4.0000         4.6543        -0.6543  (VIOLATED)
   _5594_/I0                  4.0000         4.6542        -0.6542  (VIOLATED)
   _5741_/I0                  4.0000         4.6541        -0.6541  (VIOLATED)
   _5612_/I0                  4.0000         4.6541        -0.6541  (VIOLATED)
   _5840_/I0                  4.0000         4.6541        -0.6541  (VIOLATED)
   _5567_/I0                  4.0000         4.6541        -0.6541  (VIOLATED)
   _5795_/I0                  4.0000         4.6540        -0.6540  (VIOLATED)
   _5768_/I0                  4.0000         4.6540        -0.6540  (VIOLATED)
   _5711_/I0                  4.0000         4.6540        -0.6540  (VIOLATED)
   load_slew350/I             4.0000         4.6539        -0.6539  (VIOLATED)
   _5786_/I0                  4.0000         4.6538        -0.6538  (VIOLATED)
   _5648_/I1                  4.0000         4.6537        -0.6537  (VIOLATED)
   _5535_/I1                  4.0000         4.6537        -0.6537  (VIOLATED)
   _5540_/I0                  4.0000         4.6536        -0.6536  (VIOLATED)
   _4263_/I1                  4.0000         4.6535        -0.6535  (VIOLATED)
   _5693_/I0                  4.0000         4.6532        -0.6532  (VIOLATED)
   _5657_/I1                  4.0000         4.6526        -0.6526  (VIOLATED)
   _5666_/I1                  4.0000         4.6524        -0.6524  (VIOLATED)
   _5639_/I1                  4.0000         4.6524        -0.6524  (VIOLATED)
   _5576_/I1                  4.0000         4.6524        -0.6524  (VIOLATED)
   _5585_/I1                  4.0000         4.6519        -0.6519  (VIOLATED)
   _5558_/I0                  4.0000         4.6484        -0.6484  (VIOLATED)
   _5549_/I0                  4.0000         4.6483        -0.6483  (VIOLATED)
   hold113/Z                  4.0000         4.6482        -0.6482  (VIOLATED)
   _4254_/I0                  4.0000         4.6479        -0.6479  (VIOLATED)


   max_fanout

                             Required        Actual
   Pin                        Fanout         Fanout          Slack
   -----------------------------------------------------------------
   hold271/Z                 12.0000        95.0000       -83.0000  (VIOLATED)
   max_cap357/Z              12.0000        74.0000       -62.0000  (VIOLATED)
   max_cap358/Z              12.0000        72.0000       -60.0000  (VIOLATED)
   max_cap354/Z              12.0000        66.0000       -54.0000  (VIOLATED)
   max_cap356/Z              12.0000        66.0000       -54.0000  (VIOLATED)
   max_cap355/Z              12.0000        64.0000       -52.0000  (VIOLATED)
   max_cap361/Z              12.0000        64.0000       -52.0000  (VIOLATED)
   load_slew350/Z            12.0000        60.0000       -48.0000  (VIOLATED)
   max_cap353/Z              12.0000        58.0000       -46.0000  (VIOLATED)
   hold86/Z                  12.0000        53.0000       -41.0000  (VIOLATED)
   hold52/Z                  12.0000        52.0000       -40.0000  (VIOLATED)
   hold62/Z                  12.0000        52.0000       -40.0000  (VIOLATED)
   hold29/Z                  12.0000        51.0000       -39.0000  (VIOLATED)
   max_cap359/Z              12.0000        51.0000       -39.0000  (VIOLATED)
   max_cap360/Z              12.0000        51.0000       -39.0000  (VIOLATED)
   hold15/Z                  12.0000        49.0000       -37.0000  (VIOLATED)
   hold2/Z                   12.0000        48.0000       -36.0000  (VIOLATED)
   load_slew349/Z            12.0000        48.0000       -36.0000  (VIOLATED)
   _4689_/ZN                 12.0000        39.0000       -27.0000  (VIOLATED)
   hold113/Z                 12.0000        36.0000       -24.0000  (VIOLATED)
   input122/Z                12.0000        36.0000       -24.0000  (VIOLATED)
   input124/Z                12.0000        35.0000       -23.0000  (VIOLATED)
   input160/Z                12.0000        34.0000       -22.0000  (VIOLATED)
   hold18/Z                  12.0000        33.0000       -21.0000  (VIOLATED)
   input120/Z                12.0000        33.0000       -21.0000  (VIOLATED)
   _4563_/Z                  12.0000        32.0000       -20.0000  (VIOLATED)
   input117/Z                12.0000        32.0000       -20.0000  (VIOLATED)
   _3485_/Z                  12.0000        31.0000       -19.0000  (VIOLATED)
   input75/Z                 12.0000        31.0000       -19.0000  (VIOLATED)
   max_cap352/Z              12.0000        29.0000       -17.0000  (VIOLATED)
   _3537_/Z                  12.0000        28.0000       -16.0000  (VIOLATED)
   _3552_/Z                  12.0000        28.0000       -16.0000  (VIOLATED)
   input95/Z                 12.0000        28.0000       -16.0000  (VIOLATED)
   input121/Z                12.0000        28.0000       -16.0000  (VIOLATED)
   load_slew351/Z            12.0000        27.0000       -15.0000  (VIOLATED)
   input106/Z                12.0000        26.0000       -14.0000  (VIOLATED)
   _7227_/Q                  12.0000        25.0000       -13.0000  (VIOLATED)
   _7231_/Q                  12.0000        25.0000       -13.0000  (VIOLATED)
   input123/Z                12.0000        25.0000       -13.0000  (VIOLATED)
   _3529_/Z                  12.0000        24.0000       -12.0000  (VIOLATED)
   input107/Z                12.0000        24.0000       -12.0000  (VIOLATED)
   _3509_/Z                  12.0000        23.0000       -11.0000  (VIOLATED)
   _4422_/Z                  12.0000        22.0000       -10.0000  (VIOLATED)
   _4716_/Z                  12.0000        22.0000       -10.0000  (VIOLATED)
   _7234_/Q                  12.0000        22.0000       -10.0000  (VIOLATED)
   _3408_/ZN                 12.0000        21.0000        -9.0000  (VIOLATED)
   _4377_/ZN                 12.0000        21.0000        -9.0000  (VIOLATED)
   _6733_/Q                  12.0000        21.0000        -9.0000  (VIOLATED)
   clkbuf_3_6__f_wb_clk_i/Z  12.0000        21.0000        -9.0000  (VIOLATED)
   _4454_/Z                  12.0000        20.0000        -8.0000  (VIOLATED)
   _4683_/Z                  12.0000        20.0000        -8.0000  (VIOLATED)
   _5957_/Z                  12.0000        20.0000        -8.0000  (VIOLATED)
   _7228_/Q                  12.0000        20.0000        -8.0000  (VIOLATED)
   hold6/Z                   12.0000        20.0000        -8.0000  (VIOLATED)
   _3407_/ZN                 12.0000        19.0000        -7.0000  (VIOLATED)
   max_cap347/Z              12.0000        19.0000        -7.0000  (VIOLATED)
   _3385_/ZN                 12.0000        18.0000        -6.0000  (VIOLATED)
   _3401_/ZN                 12.0000        18.0000        -6.0000  (VIOLATED)
   _4011_/ZN                 12.0000        18.0000        -6.0000  (VIOLATED)
   _4532_/ZN                 12.0000        18.0000        -6.0000  (VIOLATED)
   _4700_/Z                  12.0000        18.0000        -6.0000  (VIOLATED)
   _5968_/ZN                 12.0000        18.0000        -6.0000  (VIOLATED)
   hold21/Z                  12.0000        18.0000        -6.0000  (VIOLATED)
   _3402_/ZN                 12.0000        17.0000        -5.0000  (VIOLATED)
   _3541_/ZN                 12.0000        17.0000        -5.0000  (VIOLATED)
   _3543_/ZN                 12.0000        17.0000        -5.0000  (VIOLATED)
   _4784_/Z                  12.0000        17.0000        -5.0000  (VIOLATED)
   clkbuf_2_3__f_mgmt_gpio_in[4]/Z  12.0000  17.0000       -5.0000  (VIOLATED)
   max_cap343/Z              12.0000        17.0000        -5.0000  (VIOLATED)
   max_cap344/Z              12.0000        17.0000        -5.0000  (VIOLATED)
   wire348/Z                 12.0000        17.0000        -5.0000  (VIOLATED)
   _3404_/ZN                 12.0000        16.0000        -4.0000  (VIOLATED)
   _3503_/ZN                 12.0000        16.0000        -4.0000  (VIOLATED)
   _3511_/ZN                 12.0000        16.0000        -4.0000  (VIOLATED)
   _3517_/ZN                 12.0000        16.0000        -4.0000  (VIOLATED)
   _3533_/Z                  12.0000        16.0000        -4.0000  (VIOLATED)
   _4520_/ZN                 12.0000        16.0000        -4.0000  (VIOLATED)
   _4526_/Z                  12.0000        16.0000        -4.0000  (VIOLATED)
   _6745_/Q                  12.0000        16.0000        -4.0000  (VIOLATED)
   clkbuf_0__1359_/Z         12.0000        16.0000        -4.0000  (VIOLATED)
   clkbuf_3_7__f_wb_clk_i/Z  12.0000        16.0000        -4.0000  (VIOLATED)
   _3403_/ZN                 12.0000        15.0000        -3.0000  (VIOLATED)
   _3518_/ZN                 12.0000        15.0000        -3.0000  (VIOLATED)
   _4551_/Z                  12.0000        15.0000        -3.0000  (VIOLATED)
   _4614_/Z                  12.0000        15.0000        -3.0000  (VIOLATED)
   _4703_/Z                  12.0000        15.0000        -3.0000  (VIOLATED)
   _6233_/ZN                 12.0000        15.0000        -3.0000  (VIOLATED)
   _6834_/Q                  12.0000        15.0000        -3.0000  (VIOLATED)
   clkbuf_3_1__f_wb_clk_i/Z  12.0000        15.0000        -3.0000  (VIOLATED)
   clkbuf_3_4__f_wb_clk_i/Z  12.0000        15.0000        -3.0000  (VIOLATED)
   clkbuf_4_5_0__1359_/Z     12.0000        15.0000        -3.0000  (VIOLATED)
   input108/Z                12.0000        15.0000        -3.0000  (VIOLATED)
   max_cap346/Z              12.0000        15.0000        -3.0000  (VIOLATED)
   _3406_/ZN                 12.0000        14.0000        -2.0000  (VIOLATED)
   _4366_/ZN                 12.0000        14.0000        -2.0000  (VIOLATED)
   _4502_/ZN                 12.0000        14.0000        -2.0000  (VIOLATED)
   _4524_/Z                  12.0000        14.0000        -2.0000  (VIOLATED)
   _4554_/Z                  12.0000        14.0000        -2.0000  (VIOLATED)
   _4666_/Z                  12.0000        14.0000        -2.0000  (VIOLATED)
   _4718_/ZN                 12.0000        14.0000        -2.0000  (VIOLATED)
   _5947_/ZN                 12.0000        14.0000        -2.0000  (VIOLATED)
   _6744_/Q                  12.0000        14.0000        -2.0000  (VIOLATED)
   _6835_/Q                  12.0000        14.0000        -2.0000  (VIOLATED)
   _6836_/Q                  12.0000        14.0000        -2.0000  (VIOLATED)
   clkbuf_4_0_0__1359_/Z     12.0000        14.0000        -2.0000  (VIOLATED)
   max_cap345/Z              12.0000        14.0000        -2.0000  (VIOLATED)
   _3331_/ZN                 12.0000        13.0000        -1.0000  (VIOLATED)
   _3386_/ZN                 12.0000        13.0000        -1.0000  (VIOLATED)
   _3488_/Z                  12.0000        13.0000        -1.0000  (VIOLATED)
   _4368_/ZN                 12.0000        13.0000        -1.0000  (VIOLATED)
   _4401_/Z                  12.0000        13.0000        -1.0000  (VIOLATED)
   _4495_/Z                  12.0000        13.0000        -1.0000  (VIOLATED)
   _4517_/Z                  12.0000        13.0000        -1.0000  (VIOLATED)
   _4522_/ZN                 12.0000        13.0000        -1.0000  (VIOLATED)
   _4562_/ZN                 12.0000        13.0000        -1.0000  (VIOLATED)
   _4568_/Z                  12.0000        13.0000        -1.0000  (VIOLATED)
   _4586_/Z                  12.0000        13.0000        -1.0000  (VIOLATED)
   _6234_/ZN                 12.0000        13.0000        -1.0000  (VIOLATED)
   _6244_/ZN                 12.0000        13.0000        -1.0000  (VIOLATED)
   _7235_/Q                  12.0000        13.0000        -1.0000  (VIOLATED)


1
