[INFO]: Run Directory: /home/hosni/GF180/update_user_project_wrapper/caravel-gf180mcu/openlane/user_project_wrapper/runs/RUN_2022.11.21_16.40.49
[INFO]: Storing configs into config.tcl ...
[INFO]: Preparing LEF files for the nom corner...
[INFO]: Extracting the number of available metal layers from /home/hosni/GF180/OpenLane/pdks/gf180mcuC/libs.ref/gf180mcu_fd_sc_mcu7t5v0/techlef/gf180mcu_fd_sc_mcu7t5v0.tlef...
[INFO]: The available metal layers (5) are Metal1 Metal2 Metal3 Metal4 Metal5.
[INFO]: Merging LEF Files...
[INFO]: Created merged LEF without pads at 'user_project_wrapper/runs/RUN_2022.11.21_16.40.49/tmp/merged.nom.lef'...
[INFO]: Trimming liberty files {/home/hosni/GF180/update_user_project_wrapper/caravel-gf180mcu/openlane/user_project_wrapper/runs/RUN_2022.11.21_16.40.49/tmp/synthesis/merged.lib} into /home/hosni/GF180/update_user_project_wrapper/caravel-gf180mcu/openlane/user_project_wrapper/runs/RUN_2022.11.21_16.40.49/tmp/synthesis/trimmed.lib...
[INFO]: Generating cell exclude list...
[INFO]: Creating ::env(DONT_USE_CELLS)...
[INFO]: Created ::env(DONT_USE_CELLS): {gf180mcu_fd_sc_mcu7t5v0__mux2_1 gf180mcu_fd_sc_mcu7t5v0__oai33_2 gf180mcu_fd_sc_mcu7t5v0__sdffq_1 gf180mcu_fd_sc_mcu7t5v0__sdffq_2 gf180mcu_fd_sc_mcu7t5v0__sdffq_4 gf180mcu_fd_sc_mcu7t5v0__sdffrnq_1 gf180mcu_fd_sc_mcu7t5v0__sdffrnq_2 gf180mcu_fd_sc_mcu7t5v0__sdffrnq_4 gf180mcu_fd_sc_mcu7t5v0__sdffrsnq_1 gf180mcu_fd_sc_mcu7t5v0__sdffrsnq_2 gf180mcu_fd_sc_mcu7t5v0__sdffrsnq_4 gf180mcu_fd_sc_mcu7t5v0__sdffsnq_1 gf180mcu_fd_sc_mcu7t5v0__sdffsnq_2 gf180mcu_fd_sc_mcu7t5v0__sdffsnq_4  }
[INFO]: Trimming liberty files {/home/hosni/GF180/OpenLane/pdks/gf180mcuC/libs.ref/gf180mcu_fd_sc_mcu7t5v0/liberty/gf180mcu_fd_sc_mcu7t5v0__tt_025C_3v30.lib} into /home/hosni/GF180/update_user_project_wrapper/caravel-gf180mcu/openlane/user_project_wrapper/runs/RUN_2022.11.21_16.40.49/tmp/cts/cts.lib...
[INFO]: Generating cell exclude list...
[INFO]: Creating ::env(DONT_USE_CELLS)...
[INFO]: Created ::env(DONT_USE_CELLS): {gf180mcu_fd_sc_mcu7t5v0__mux2_1 gf180mcu_fd_sc_mcu7t5v0__oai33_2 }
[INFO]: Running Synthesis (log: user_project_wrapper/runs/RUN_2022.11.21_16.40.49/logs/synthesis/1-synthesis.log)...
[INFO]: Executing yosys with Tcl script '../../../../../../openlane/scripts/yosys/synth.tcl'...
[INFO]: Changing netlist to 'user_project_wrapper/runs/RUN_2022.11.21_16.40.49/results/synthesis/user_project_wrapper.v'...
[INFO]: Running Single-Corner Static Timing Analysis (log: user_project_wrapper/runs/RUN_2022.11.21_16.40.49/logs/synthesis/2-sta.log)...
[INFO]: Executing openroad with Tcl script '../../../../../../openlane/scripts/openroad/sta.tcl'...
[INFO]: Creating a netlist with power/ground pins.
[INFO]: Executing yosys with Tcl script '../../../../../../openlane/scripts/yosys/synth.tcl'...
[INFO]: Running Initial Floorplanning (log: user_project_wrapper/runs/RUN_2022.11.21_16.40.49/logs/floorplan/3-initial_fp.log)...
[INFO]: Executing openroad with Tcl script '../../../../../../openlane/scripts/openroad/floorplan.tcl'...
[INFO]: Changing layout to 'user_project_wrapper/runs/RUN_2022.11.21_16.40.49/tmp/floorplan/3-initial_fp.def'...
[INFO]: Changing timing constraints to 'user_project_wrapper/runs/RUN_2022.11.21_16.40.49/tmp/floorplan/3-initial_fp.sdc'...
[INFO]: Changing database to 'user_project_wrapper/runs/RUN_2022.11.21_16.40.49/tmp/floorplan/3-initial_fp.odb'...
[INFO]: Executing openroad with Tcl script '../../../../../../openlane/scripts/openroad/floorplan.tcl'...
[INFO]: Core area width: 2956.24
[INFO]: Core area height: 2951.76
[INFO]: Final Vertical PDN Offset: 5
[INFO]: Final Horizontal PDN Offset: 5
[INFO]: Final Vertical PDN Pitch: 90
[INFO]: Final Horizontal PDN Pitch: 90
[INFO]: Extracting core dimensions...
[INFO]: Floorplanned with width 2956.24 and height 2951.76.
[INFO]: Running IO Placement (log: user_project_wrapper/runs/RUN_2022.11.21_16.40.49/logs/floorplan/4-place_io.log)...
[INFO]: Changing layout to 'user_project_wrapper/runs/RUN_2022.11.21_16.40.49/tmp/floorplan/4-io.def'...
[INFO]: Changing database to 'user_project_wrapper/runs/RUN_2022.11.21_16.40.49/tmp/floorplan/4-io.odb'...
[INFO]: Running Tap/Decap Insertion (log: user_project_wrapper/runs/RUN_2022.11.21_16.40.49/logs/floorplan/5-tap.log)...
[INFO]: Executing openroad with Tcl script '../../../../../../openlane/scripts/openroad/tapcell.tcl'...
[INFO]: Changing layout to 'user_project_wrapper/runs/RUN_2022.11.21_16.40.49/results/floorplan/user_project_wrapper.def'...
[INFO]: Changing database to 'user_project_wrapper/runs/RUN_2022.11.21_16.40.49/results/floorplan/user_project_wrapper.odb'...
[INFO]: Power planning with power {vdd} and ground {vss}...
[INFO]: Generating PDN (log: user_project_wrapper/runs/RUN_2022.11.21_16.40.49/logs/floorplan/6-pdn.log)...
[INFO]: Executing openroad with Tcl script '../../../../../../openlane/scripts/openroad/pdn.tcl'...
[INFO]: Changing layout to 'user_project_wrapper/runs/RUN_2022.11.21_16.40.49/tmp/floorplan/6-pdn.def'...
[INFO]: Changing database to 'user_project_wrapper/runs/RUN_2022.11.21_16.40.49/tmp/floorplan/6-pdn.odb'...
[INFO]: Running Global Placement (log: user_project_wrapper/runs/RUN_2022.11.21_16.40.49/logs/placement/7-global.log)...
[INFO]: Executing openroad with Tcl script '../../../../../../openlane/scripts/openroad/gpl.tcl'...
[INFO]: Changing layout to 'user_project_wrapper/runs/RUN_2022.11.21_16.40.49/tmp/placement/7-global.def'...
[INFO]: Changing database to 'user_project_wrapper/runs/RUN_2022.11.21_16.40.49/tmp/placement/7-global.odb'...
[INFO]: Running Placement Resizer Design Optimizations (log: user_project_wrapper/runs/RUN_2022.11.21_16.40.49/logs/placement/8-resizer.log)...
[INFO]: Executing openroad with Tcl script '../../../../../../openlane/scripts/openroad/resizer.tcl'...
[INFO]: Changing layout to 'user_project_wrapper/runs/RUN_2022.11.21_16.40.49/tmp/placement/8-resizer.def'...
[INFO]: Changing database to 'user_project_wrapper/runs/RUN_2022.11.21_16.40.49/tmp/placement/8-resizer.odb'...
[INFO]: Changing timing constraints to 'user_project_wrapper/runs/RUN_2022.11.21_16.40.49/tmp/placement/8-resizer.sdc'...
[INFO]: Changing netlist to 'user_project_wrapper/runs/RUN_2022.11.21_16.40.49/tmp/placement/8-resizer.nl.v'...
[INFO]: Running Detailed Placement (log: user_project_wrapper/runs/RUN_2022.11.21_16.40.49/logs/placement/9-detailed.log)...
[INFO]: Executing openroad with Tcl script '../../../../../../openlane/scripts/openroad/dpl.tcl'...
[INFO]: Changing layout to 'user_project_wrapper/runs/RUN_2022.11.21_16.40.49/results/placement/user_project_wrapper.def'...
[INFO]: Changing database to 'user_project_wrapper/runs/RUN_2022.11.21_16.40.49/results/placement/user_project_wrapper.odb'...
[INFO]: Changing netlist to 'user_project_wrapper/runs/RUN_2022.11.21_16.40.49/results/placement/user_project_wrapper.nl.v'...
[INFO]: Running Clock Tree Synthesis (log: user_project_wrapper/runs/RUN_2022.11.21_16.40.49/logs/cts/10-cts.log)...
[INFO]: Executing openroad with Tcl script '../../../../../../openlane/scripts/openroad/cts.tcl'...
[INFO]: Changing layout to 'user_project_wrapper/runs/RUN_2022.11.21_16.40.49/results/cts/user_project_wrapper.def'...
[INFO]: Changing timing constraints to 'user_project_wrapper/runs/RUN_2022.11.21_16.40.49/results/cts/user_project_wrapper.sdc'...
[INFO]: Changing database to 'user_project_wrapper/runs/RUN_2022.11.21_16.40.49/results/cts/user_project_wrapper.odb'...
[INFO]: Running Placement Resizer Timing Optimizations (log: user_project_wrapper/runs/RUN_2022.11.21_16.40.49/logs/cts/11-resizer.log)...
[INFO]: Executing openroad with Tcl script '../../../../../../openlane/scripts/openroad/resizer_timing.tcl'...
[INFO]: Changing layout to 'user_project_wrapper/runs/RUN_2022.11.21_16.40.49/tmp/cts/11-user_project_wrapper.resized.def'...
[INFO]: Changing timing constraints to 'user_project_wrapper/runs/RUN_2022.11.21_16.40.49/tmp/cts/11-user_project_wrapper.resized.sdc'...
[INFO]: Changing database to 'user_project_wrapper/runs/RUN_2022.11.21_16.40.49/tmp/cts/11-user_project_wrapper.resized.odb'...
[INFO]: Changing netlist to 'user_project_wrapper/runs/RUN_2022.11.21_16.40.49/tmp/cts/11-user_project_wrapper.resized.nl.v'...
[INFO]: Starting routing process...
[INFO]: Running Global Routing Resizer Timing Optimizations (log: user_project_wrapper/runs/RUN_2022.11.21_16.40.49/logs/routing/12-resizer.log)...
[INFO]: Executing openroad with Tcl script '../../../../../../openlane/scripts/openroad/resizer_routing_timing.tcl'...
[INFO]: Changing layout to 'user_project_wrapper/runs/RUN_2022.11.21_16.40.49/tmp/12-user_project_wrapper.def'...
[INFO]: Changing timing constraints to 'user_project_wrapper/runs/RUN_2022.11.21_16.40.49/tmp/12-user_project_wrapper.sdc'...
[INFO]: Changing database to 'user_project_wrapper/runs/RUN_2022.11.21_16.40.49/tmp/12-user_project_wrapper.odb'...
[INFO]: Changing netlist to 'user_project_wrapper/runs/RUN_2022.11.21_16.40.49/tmp/12-user_project_wrapper.nl.v'...
[INFO]: Running Detailed Placement (log: user_project_wrapper/runs/RUN_2022.11.21_16.40.49/logs/routing/13-diode_legalization.log)...
[INFO]: Executing openroad with Tcl script '../../../../../../openlane/scripts/openroad/dpl.tcl'...
[INFO]: Changing layout to 'user_project_wrapper/runs/RUN_2022.11.21_16.40.49/tmp/routing/diode.def'...
[INFO]: Changing database to 'user_project_wrapper/runs/RUN_2022.11.21_16.40.49/tmp/routing/diode.odb'...
[INFO]: Changing netlist to 'user_project_wrapper/runs/RUN_2022.11.21_16.40.49/tmp/routing/diode.nl.v'...
[INFO]: Running Fill Insertion (log: user_project_wrapper/runs/RUN_2022.11.21_16.40.49/logs/routing/14-fill.log)...
[INFO]: Executing openroad with Tcl script '../../../../../../openlane/scripts/openroad/fill.tcl'...
[INFO]: Changing layout to 'user_project_wrapper/runs/RUN_2022.11.21_16.40.49/tmp/routing/14-fill.def'...
[INFO]: Changing database to 'user_project_wrapper/runs/RUN_2022.11.21_16.40.49/tmp/routing/14-fill.odb'...
[INFO]: Changing netlist to 'user_project_wrapper/runs/RUN_2022.11.21_16.40.49/tmp/routing/14-fill.nl.v'...
[INFO]: Running Global Routing (log: user_project_wrapper/runs/RUN_2022.11.21_16.40.49/logs/routing/15-global.log)...
[INFO]: Executing openroad with Tcl script '../../../../../../openlane/scripts/openroad/groute.tcl'...
[INFO]: Changing layout to 'user_project_wrapper/runs/RUN_2022.11.21_16.40.49/tmp/routing/15-global.def'...
[INFO]: Changing guide to 'user_project_wrapper/runs/RUN_2022.11.21_16.40.49/tmp/routing/15-global.guide'...
[INFO]: Changing database to 'user_project_wrapper/runs/RUN_2022.11.21_16.40.49/tmp/routing/15-global.odb'...
[INFO]: Writing Verilog (log: user_project_wrapper/runs/RUN_2022.11.21_16.40.49/logs/routing/15-global_write_netlist.log)...
[INFO]: Executing openroad with Tcl script '../../../../../../openlane/scripts/openroad/write_views.tcl'...
[INFO]: Changing netlist to 'user_project_wrapper/runs/RUN_2022.11.21_16.40.49/tmp/routing/global.nl.v'...
[INFO]: Running Detailed Routing (log: user_project_wrapper/runs/RUN_2022.11.21_16.40.49/logs/routing/17-detailed.log)...
[INFO]: Executing openroad with Tcl script '../../../../../../openlane/scripts/openroad/droute.tcl'...
[INFO]: Changing layout to 'user_project_wrapper/runs/RUN_2022.11.21_16.40.49/results/routing/user_project_wrapper.def'...
[INFO]: Changing database to 'user_project_wrapper/runs/RUN_2022.11.21_16.40.49/results/routing/user_project_wrapper.odb'...
[INFO]: Changing netlist to 'user_project_wrapper/runs/RUN_2022.11.21_16.40.49/results/routing/user_project_wrapper.nl.v'...
[INFO]: No DRC violations after detailed routing.
[INFO]: Checking Wire Lengths (log: user_project_wrapper/runs/RUN_2022.11.21_16.40.49/logs/routing/18-wire_lengths.log)...
[INFO]: Running SPEF Extraction at the nom process corner (log: user_project_wrapper/runs/RUN_2022.11.21_16.40.49/logs/signoff/19-parasitics_extraction.nom.log)...
[INFO]: /home/hosni/GF180/OpenLane/pdks/gf180mcuC/libs.tech/openlane/rules.openrcx.gf180mcuC.nom.magic existence verified.
[INFO]: /home/hosni/GF180/OpenLane/pdks/gf180mcuC/libs.ref/gf180mcu_fd_sc_mcu7t5v0/liberty/gf180mcu_fd_sc_mcu7t5v0__tt_025C_3v30.lib existence verified.
[INFO]: Executing openroad with Tcl script '../../../../../../openlane/scripts/openroad/rcx.tcl'...
[INFO]: Running Multi-Corner Static Timing Analysis at the nom process corner (log: user_project_wrapper/runs/RUN_2022.11.21_16.40.49/logs/signoff/20-rcx_mcsta.nom.log)...
[INFO]: Executing openroad with Tcl script '../../../../../../openlane/scripts/openroad/sta_multi_corner.tcl'...
[INFO]: Running Single-Corner Static Timing Analysis at the nom process corner (log: user_project_wrapper/runs/RUN_2022.11.21_16.40.49/logs/signoff/21-rcx_sta.log)...
[INFO]: Executing openroad with Tcl script '../../../../../../openlane/scripts/openroad/sta.tcl'...
[INFO]: Running OpenROAD Antenna Rule Checker (log: user_project_wrapper/runs/RUN_2022.11.21_16.40.49/logs/signoff/22-antenna.log)...
[INFO]: Executing openroad with Tcl script '../../../../../../openlane/scripts/openroad/antenna_check.tcl'...
[INFO]: Running Magic to generate various views...
[INFO]: Streaming out GDSII with Magic (log: user_project_wrapper/runs/RUN_2022.11.21_16.40.49/logs/signoff/23-gdsii.log)...
[INFO]: Executing magic with Tcl script '../../../../../../openlane/scripts/magic/def/mag_gds.tcl'...
[INFO]: Generating MAGLEF views...
[INFO]: Executing magic with Tcl script '../../../../../../openlane/scripts/magic/gds/mag_with_pointers.tcl'...
[INFO]: Executing magic with Tcl script '../../../../../../openlane/scripts/magic/mag/lef.tcl'...
[INFO]: Executing magic with Tcl script '../../../../../../openlane/scripts/magic/lef/maglef.tcl'...
[INFO]: Running Magic Spice Export from LEF (log: user_project_wrapper/runs/RUN_2022.11.21_16.40.49/logs/signoff/24-spice.log)...
[INFO]: Executing magic with Tcl script '../../../../../../openlane/scripts/magic/extract_spice.tcl'...
[INFO]: Starting LVS process...
[INFO]: Writing Powered Verilog (logs: user_project_wrapper/runs/RUN_2022.11.21_16.40.49/logs/signoff/25-write_powered_def.log, user_project_wrapper/runs/RUN_2022.11.21_16.40.49/logs/signoff/25-write_powered_verilog.log)...
[INFO]: Writing Verilog (log: user_project_wrapper/runs/RUN_2022.11.21_16.40.49/logs/signoff/25-write_powered_verilog.log)...
[INFO]: Executing openroad with Tcl script '../../../../../../openlane/scripts/openroad/write_views.tcl'...
[INFO]: Changing netlist to 'user_project_wrapper/runs/RUN_2022.11.21_16.40.49/tmp/signoff/24-user_project_wrapper.nl.v'...
[INFO]: Running LVS (log: user_project_wrapper/runs/RUN_2022.11.21_16.40.49/logs/signoff/27-lvs.lef.log)...
[INFO]: /home/hosni/GF180/update_user_project_wrapper/caravel-gf180mcu/openlane/user_project_wrapper/runs/RUN_2022.11.21_16.40.49/results/signoff/user_project_wrapper.spice against /home/hosni/GF180/update_user_project_wrapper/caravel-gf180mcu/openlane/user_project_wrapper/runs/RUN_2022.11.21_16.40.49/tmp/signoff/24-user_project_wrapper.pnl.v
[INFO]: Running Magic DRC (log: user_project_wrapper/runs/RUN_2022.11.21_16.40.49/logs/signoff/28-drc.log)...
[INFO]: Executing magic with Tcl script '../../../../../../openlane/scripts/magic/drc.tcl'...
[INFO]: Converting Magic DRC database to various tool-readable formats...
[INFO]: No DRC violations after GDS streaming out.
[INFO]: Saving current set of views in 'user_project_wrapper/runs/RUN_2022.11.21_16.40.49/results/final'...
[INFO]: Saving current set of views in '..'...
[INFO]: Calculating runtime...
[INFO]: Saving runtime environment...
[INFO]: Generating final set of reports...
[INFO]: Created manufacturability report at 'user_project_wrapper/runs/RUN_2022.11.21_16.40.49/reports/manufacturability.rpt'.
[INFO]: Created metrics report at 'user_project_wrapper/runs/RUN_2022.11.21_16.40.49/reports/metrics.csv'.
[INFO]: There are no max slew, max fanout or max capacitance violations in the design at the typical corner.
[INFO]: There are no hold violations in the design at the typical corner.
[INFO]: There are no setup violations in the design at the typical corner.
[SUCCESS]: Flow complete.
