Design Name: caravel_core
Run Directory: /home/hosni/GF180/PnR/caravel-gf180mcu/openlane/caravel_core/runs/RUN_2022.11.23_20.02.18
----------------------------------------

Magic DRC Summary:
Source: /home/hosni/GF180/PnR/caravel-gf180mcu/openlane/caravel_core/runs/RUN_2022.11.23_20.02.18/reports/signoff/drc.rpt
Violation Message "MV P-Diffusion overlap of contact < 0.065um (CO.4) "found 17688 Times.
Violation Message "Via3 spacing < 0.24um (V3.2a - 2 * V3.4) "found 1318 Times.
Violation Message "This layer can't abut or partially overlap between subcells "found 1640 Times.
Violation Message "P-Ohmic spacing to N-well < 0.005um (DF.5) "found 32 Times.
Violation Message "Diffusion spacing < 0.36um (DF.3a) "found 364 Times.
Violation Message "Can't overlap those layers "found 1533 Times.
Violation Message "Via3 width < 0.28um (V3.1 + 2 * V3.4) "found 2553 Times.
Violation Message "N-well overlap of P-Diffusion < 0.6um (DF.7) "found 326364 Times.
Violation Message "MiM Contact width < 0.28um (VT.1+VT.3) "found 648 Times.
Violation Message "P-Ohmic spacing to N-well < 0.16um (DF.5) "found 32 Times.
Violation Message "Metal1 overlap of contact < 0.055um in one direction (CO.6) "found 11687 Times.
Violation Message "Both LV and MV devices cannot be in the same N-well (DV.9) "found 1804 Times.
Violation Message "N-Diffusion spacing to N-well < 0.005um (DF.8) "found 2906 Times.
Violation Message "Diffusion contact width < 0.23um (CO.1 + 2 * CO.6) "found 256 Times.
Violation Message "MV N-Diffusion overlap of contact < 0.065um (CO.4) "found 70752 Times.
Violation Message "Poly spacing to MV diffusion < 0.3um (PL.5a) "found 673860 Times.
Violation Message "Metal1 spacing < 0.23um (M1.2a) "found 4 Times.
Violation Message "N-Diffusion overlap of contact < 0.065um (CO.4) "found 192 Times.
Violation Message "N-Diffusion spacing to N-well < 0.6um (DF.8) "found 97645 Times.
Violation Message "MiM cap contact spacing < 0.48um (1TM.9 - VT.3) "found 2592 Times.
Violation Message "N-Diffusion spacing to N-well < 0.43um (DF.8) "found 2911 Times.
Total Magic DRC violations is 1216781
----------------------------------------

LVS Summary:
Source: /home/hosni/GF180/PnR/caravel-gf180mcu/openlane/caravel_core/runs/RUN_2022.11.23_20.02.18/logs/signoff/caravel_core.lvs.lef.log
Source not found.
----------------------------------------

Antenna Summary:
No antenna report found.