[INFO]: Run Directory: /home/hosni/GF180/PnR_2/caravel-gf180mcu/openlane/caravel_core/runs/RUN_2022.11.29_21.32.23
[INFO]: Storing configs into config.tcl ...
[INFO]: Preparing LEF files for the nom corner...
[INFO]: Extracting the number of available metal layers from /home/hosni/GF180/PnR_2/OpenLane/pdks/gf180mcuC/libs.ref/gf180mcu_fd_sc_mcu7t5v0/techlef/gf180mcu_fd_sc_mcu7t5v0.tlef...
[INFO]: The available metal layers (5) are Metal1 Metal2 Metal3 Metal4 Metal5.
[INFO]: Merging LEF Files...
[INFO]: Created merged LEF without pads at 'caravel_core/runs/RUN_2022.11.29_21.32.23/tmp/merged.nom.lef'...
[INFO]: Added extra lefs to 'caravel_core/runs/RUN_2022.11.29_21.32.23/tmp/merged.nom.lef'...
[INFO]: Preparing LEF files for the min corner...
[INFO]: Created merged LEF without pads at 'caravel_core/runs/RUN_2022.11.29_21.32.23/tmp/merged.min.lef'...
[INFO]: Added extra lefs to 'caravel_core/runs/RUN_2022.11.29_21.32.23/tmp/merged.min.lef'...
[INFO]: Preparing LEF files for the max corner...
[INFO]: Created merged LEF without pads at 'caravel_core/runs/RUN_2022.11.29_21.32.23/tmp/merged.max.lef'...
[INFO]: Added extra lefs to 'caravel_core/runs/RUN_2022.11.29_21.32.23/tmp/merged.max.lef'...
[INFO]: Trimming liberty files {/home/hosni/GF180/PnR_2/caravel-gf180mcu/openlane/caravel_core/runs/RUN_2022.11.29_21.32.23/tmp/synthesis/merged.lib} into /home/hosni/GF180/PnR_2/caravel-gf180mcu/openlane/caravel_core/runs/RUN_2022.11.29_21.32.23/tmp/synthesis/trimmed.lib...
[INFO]: Generating cell exclude list...
[INFO]: Creating ::env(DONT_USE_CELLS)...
[INFO]: Created ::env(DONT_USE_CELLS): {gf180mcu_fd_sc_mcu7t5v0__sdffq_1 gf180mcu_fd_sc_mcu7t5v0__sdffq_2 gf180mcu_fd_sc_mcu7t5v0__sdffq_4 gf180mcu_fd_sc_mcu7t5v0__sdffrnq_1 gf180mcu_fd_sc_mcu7t5v0__sdffrnq_2 gf180mcu_fd_sc_mcu7t5v0__sdffrnq_4 gf180mcu_fd_sc_mcu7t5v0__sdffrsnq_1 gf180mcu_fd_sc_mcu7t5v0__sdffrsnq_2 gf180mcu_fd_sc_mcu7t5v0__sdffrsnq_4 gf180mcu_fd_sc_mcu7t5v0__sdffsnq_1 gf180mcu_fd_sc_mcu7t5v0__sdffsnq_2 gf180mcu_fd_sc_mcu7t5v0__sdffsnq_4 gf180mcu_fd_sc_mcu7t5v0__aoi21_1 gf180mcu_fd_sc_mcu7t5v0__aoi21_2 gf180mcu_fd_sc_mcu7t5v0__aoi22_1 gf180mcu_fd_sc_mcu7t5v0__aoi22_2 gf180mcu_fd_sc_mcu7t5v0__aoi211_1 gf180mcu_fd_sc_mcu7t5v0__aoi211_2 gf180mcu_fd_sc_mcu7t5v0__aoi221_1 gf180mcu_fd_sc_mcu7t5v0__aoi221_2 gf180mcu_fd_sc_mcu7t5v0__aoi222_1 gf180mcu_fd_sc_mcu7t5v0__aoi222_2 gf180mcu_fd_sc_mcu7t5v0__oai21_1 gf180mcu_fd_sc_mcu7t5v0__oai21_2 gf180mcu_fd_sc_mcu7t5v0__oai22_1 gf180mcu_fd_sc_mcu7t5v0__oai22_2 gf180mcu_fd_sc_mcu7t5v0__oai31_1 gf180mcu_fd_sc_mcu7t5v0__oai31_2 gf180mcu_fd_sc_mcu7t5v0__oai32_1 gf180mcu_fd_sc_mcu7t5v0__oai32_2 gf180mcu_fd_sc_mcu7t5v0__oai33_1 gf180mcu_fd_sc_mcu7t5v0__oai33_2 gf180mcu_fd_sc_mcu7t5v0__oai211_1 gf180mcu_fd_sc_mcu7t5v0__oai211_2 gf180mcu_fd_sc_mcu7t5v0__oai221_1 gf180mcu_fd_sc_mcu7t5v0__oai221_2 gf180mcu_fd_sc_mcu7t5v0__oai222_1 gf180mcu_fd_sc_mcu7t5v0__oai222_2 gf180mcu_fd_sc_mcu7t5v0__nor4_1 gf180mcu_fd_sc_mcu7t5v0__nor4_2 gf180mcu_fd_sc_mcu7t5v0__nor3_1 gf180mcu_fd_sc_mcu7t5v0__nor3_2 gf180mcu_fd_sc_mcu7t5v0__nor2_1 gf180mcu_fd_sc_mcu7t5v0__or2_1 gf180mcu_fd_sc_mcu7t5v0__or2_2 gf180mcu_fd_sc_mcu7t5v0__or3_1 gf180mcu_fd_sc_mcu7t5v0__or3_2 gf180mcu_fd_sc_mcu7t5v0__or4_1 gf180mcu_fd_sc_mcu7t5v0__or4_2 gf180mcu_fd_sc_mcu7t5v0__nand2_1 gf180mcu_fd_sc_mcu7t5v0__nand3_1 gf180mcu_fd_sc_mcu7t5v0__nand3_2 gf180mcu_fd_sc_mcu7t5v0__nand4_1 gf180mcu_fd_sc_mcu7t5v0__nand4_2 gf180mcu_fd_sc_mcu7t5v0__buf_1 gf180mcu_fd_sc_mcu7t5v0__and2_1 gf180mcu_fd_sc_mcu7t5v0__and2_2 gf180mcu_fd_sc_mcu7t5v0__and3_1 gf180mcu_fd_sc_mcu7t5v0__and3_2 gf180mcu_fd_sc_mcu7t5v0__and4_1 gf180mcu_fd_sc_mcu7t5v0__and4_2 gf180mcu_fd_sc_mcu7t5v0__dlyd_4 gf180mcu_fd_sc_mcu7t5v0__dlyd_2 gf180mcu_fd_sc_mcu7t5v0__dlyd_1 gf180mcu_fd_sc_mcu7t5v0__dlyc_4 gf180mcu_fd_sc_mcu7t5v0__mux2_1 gf180mcu_fd_sc_mcu7t5v0__oai33_2 gf180mcu_fd_sc_mcu7t5v0__mux4_1 gf180mcu_fd_sc_mcu7t5v0__sdffq_1 gf180mcu_fd_sc_mcu7t5v0__sdffq_2 gf180mcu_fd_sc_mcu7t5v0__sdffq_4 gf180mcu_fd_sc_mcu7t5v0__sdffrnq_1 gf180mcu_fd_sc_mcu7t5v0__sdffrnq_2 gf180mcu_fd_sc_mcu7t5v0__sdffrnq_4 gf180mcu_fd_sc_mcu7t5v0__sdffrsnq_1 gf180mcu_fd_sc_mcu7t5v0__sdffrsnq_2 gf180mcu_fd_sc_mcu7t5v0__sdffrsnq_4 gf180mcu_fd_sc_mcu7t5v0__sdffsnq_1 gf180mcu_fd_sc_mcu7t5v0__sdffsnq_2 gf180mcu_fd_sc_mcu7t5v0__sdffsnq_4 gf180mcu_fd_sc_mcu7t5v0__aoi21_1 gf180mcu_fd_sc_mcu7t5v0__aoi21_2 gf180mcu_fd_sc_mcu7t5v0__aoi22_1 gf180mcu_fd_sc_mcu7t5v0__aoi22_2 gf180mcu_fd_sc_mcu7t5v0__aoi211_1 gf180mcu_fd_sc_mcu7t5v0__aoi211_2 gf180mcu_fd_sc_mcu7t5v0__aoi221_1 gf180mcu_fd_sc_mcu7t5v0__aoi221_2 gf180mcu_fd_sc_mcu7t5v0__aoi222_1 gf180mcu_fd_sc_mcu7t5v0__aoi222_2 gf180mcu_fd_sc_mcu7t5v0__oai21_1 gf180mcu_fd_sc_mcu7t5v0__oai21_2 gf180mcu_fd_sc_mcu7t5v0__oai22_1 gf180mcu_fd_sc_mcu7t5v0__oai22_2 gf180mcu_fd_sc_mcu7t5v0__oai31_1 gf180mcu_fd_sc_mcu7t5v0__oai31_2 gf180mcu_fd_sc_mcu7t5v0__oai32_1 gf180mcu_fd_sc_mcu7t5v0__oai32_2 gf180mcu_fd_sc_mcu7t5v0__oai33_1 gf180mcu_fd_sc_mcu7t5v0__oai33_2 gf180mcu_fd_sc_mcu7t5v0__oai211_1 gf180mcu_fd_sc_mcu7t5v0__oai211_2 gf180mcu_fd_sc_mcu7t5v0__oai221_1 gf180mcu_fd_sc_mcu7t5v0__oai221_2 gf180mcu_fd_sc_mcu7t5v0__oai222_1 gf180mcu_fd_sc_mcu7t5v0__oai222_2 gf180mcu_fd_sc_mcu7t5v0__nor4_1 gf180mcu_fd_sc_mcu7t5v0__nor4_2 gf180mcu_fd_sc_mcu7t5v0__nor3_1 gf180mcu_fd_sc_mcu7t5v0__nor3_2 gf180mcu_fd_sc_mcu7t5v0__nor2_1 gf180mcu_fd_sc_mcu7t5v0__or2_1 gf180mcu_fd_sc_mcu7t5v0__or2_2 gf180mcu_fd_sc_mcu7t5v0__or3_1 gf180mcu_fd_sc_mcu7t5v0__or3_2 gf180mcu_fd_sc_mcu7t5v0__or4_1 gf180mcu_fd_sc_mcu7t5v0__or4_2 gf180mcu_fd_sc_mcu7t5v0__nand2_1 gf180mcu_fd_sc_mcu7t5v0__nand3_1 gf180mcu_fd_sc_mcu7t5v0__nand3_2 gf180mcu_fd_sc_mcu7t5v0__nand4_1 gf180mcu_fd_sc_mcu7t5v0__nand4_2 gf180mcu_fd_sc_mcu7t5v0__buf_1 gf180mcu_fd_sc_mcu7t5v0__and2_1 gf180mcu_fd_sc_mcu7t5v0__and2_2 gf180mcu_fd_sc_mcu7t5v0__and3_1 gf180mcu_fd_sc_mcu7t5v0__and3_2 gf180mcu_fd_sc_mcu7t5v0__and4_1 gf180mcu_fd_sc_mcu7t5v0__and4_2 gf180mcu_fd_sc_mcu7t5v0__dlyd_4 gf180mcu_fd_sc_mcu7t5v0__dlyd_2 gf180mcu_fd_sc_mcu7t5v0__dlyd_1 gf180mcu_fd_sc_mcu7t5v0__dlyc_4 gf180mcu_fd_sc_mcu7t5v0__mux2_1 gf180mcu_fd_sc_mcu7t5v0__oai33_2 gf180mcu_fd_sc_mcu7t5v0__mux4_1 }
[INFO]: Trimming liberty files {/home/hosni/GF180/PnR_2//OpenLane/pdks/gf180mcuC/libs.ref/gf180mcu_fd_sc_mcu7t5v0/liberty/gf180mcu_fd_sc_mcu7t5v0__tt_025C_5v00.lib} into /home/hosni/GF180/PnR_2/caravel-gf180mcu/openlane/caravel_core/runs/RUN_2022.11.29_21.32.23/tmp/cts/cts.lib...
[INFO]: Generating cell exclude list...
[INFO]: Creating ::env(DONT_USE_CELLS)...
[INFO]: Created ::env(DONT_USE_CELLS): {gf180mcu_fd_sc_mcu7t5v0__sdffq_1 gf180mcu_fd_sc_mcu7t5v0__sdffq_2 gf180mcu_fd_sc_mcu7t5v0__sdffq_4 gf180mcu_fd_sc_mcu7t5v0__sdffrnq_1 gf180mcu_fd_sc_mcu7t5v0__sdffrnq_2 gf180mcu_fd_sc_mcu7t5v0__sdffrnq_4 gf180mcu_fd_sc_mcu7t5v0__sdffrsnq_1 gf180mcu_fd_sc_mcu7t5v0__sdffrsnq_2 gf180mcu_fd_sc_mcu7t5v0__sdffrsnq_4 gf180mcu_fd_sc_mcu7t5v0__sdffsnq_1 gf180mcu_fd_sc_mcu7t5v0__sdffsnq_2 gf180mcu_fd_sc_mcu7t5v0__sdffsnq_4 gf180mcu_fd_sc_mcu7t5v0__aoi21_1 gf180mcu_fd_sc_mcu7t5v0__aoi21_2 gf180mcu_fd_sc_mcu7t5v0__aoi22_1 gf180mcu_fd_sc_mcu7t5v0__aoi22_2 gf180mcu_fd_sc_mcu7t5v0__aoi211_1 gf180mcu_fd_sc_mcu7t5v0__aoi211_2 gf180mcu_fd_sc_mcu7t5v0__aoi221_1 gf180mcu_fd_sc_mcu7t5v0__aoi221_2 gf180mcu_fd_sc_mcu7t5v0__aoi222_1 gf180mcu_fd_sc_mcu7t5v0__aoi222_2 gf180mcu_fd_sc_mcu7t5v0__oai21_1 gf180mcu_fd_sc_mcu7t5v0__oai21_2 gf180mcu_fd_sc_mcu7t5v0__oai22_1 gf180mcu_fd_sc_mcu7t5v0__oai22_2 gf180mcu_fd_sc_mcu7t5v0__oai31_1 gf180mcu_fd_sc_mcu7t5v0__oai31_2 gf180mcu_fd_sc_mcu7t5v0__oai32_1 gf180mcu_fd_sc_mcu7t5v0__oai32_2 gf180mcu_fd_sc_mcu7t5v0__oai33_1 gf180mcu_fd_sc_mcu7t5v0__oai33_2 gf180mcu_fd_sc_mcu7t5v0__oai211_1 gf180mcu_fd_sc_mcu7t5v0__oai211_2 gf180mcu_fd_sc_mcu7t5v0__oai221_1 gf180mcu_fd_sc_mcu7t5v0__oai221_2 gf180mcu_fd_sc_mcu7t5v0__oai222_1 gf180mcu_fd_sc_mcu7t5v0__oai222_2 gf180mcu_fd_sc_mcu7t5v0__nor4_1 gf180mcu_fd_sc_mcu7t5v0__nor4_2 gf180mcu_fd_sc_mcu7t5v0__nor3_1 gf180mcu_fd_sc_mcu7t5v0__nor3_2 gf180mcu_fd_sc_mcu7t5v0__nor2_1 gf180mcu_fd_sc_mcu7t5v0__or2_1 gf180mcu_fd_sc_mcu7t5v0__or2_2 gf180mcu_fd_sc_mcu7t5v0__or3_1 gf180mcu_fd_sc_mcu7t5v0__or3_2 gf180mcu_fd_sc_mcu7t5v0__or4_1 gf180mcu_fd_sc_mcu7t5v0__or4_2 gf180mcu_fd_sc_mcu7t5v0__nand2_1 gf180mcu_fd_sc_mcu7t5v0__nand3_1 gf180mcu_fd_sc_mcu7t5v0__nand3_2 gf180mcu_fd_sc_mcu7t5v0__nand4_1 gf180mcu_fd_sc_mcu7t5v0__nand4_2 gf180mcu_fd_sc_mcu7t5v0__buf_1 gf180mcu_fd_sc_mcu7t5v0__and2_1 gf180mcu_fd_sc_mcu7t5v0__and2_2 gf180mcu_fd_sc_mcu7t5v0__and3_1 gf180mcu_fd_sc_mcu7t5v0__and3_2 gf180mcu_fd_sc_mcu7t5v0__and4_1 gf180mcu_fd_sc_mcu7t5v0__and4_2 gf180mcu_fd_sc_mcu7t5v0__dlyd_4 gf180mcu_fd_sc_mcu7t5v0__dlyd_2 gf180mcu_fd_sc_mcu7t5v0__dlyd_1 gf180mcu_fd_sc_mcu7t5v0__dlyc_4 gf180mcu_fd_sc_mcu7t5v0__mux2_1 gf180mcu_fd_sc_mcu7t5v0__oai33_2 gf180mcu_fd_sc_mcu7t5v0__mux4_1 }
[INFO]: Verifying existence of files defined in ::env(EXTRA_GDS_FILES)...
[INFO]: /home/hosni/GF180/PnR_2/caravel-gf180mcu/openlane/caravel_core/../../gds/user_project_wrapper.gds existence verified.
[INFO]: /home/hosni/GF180/PnR_2/caravel-gf180mcu/openlane/caravel_core/../../gds/housekeeping.gds existence verified.
[INFO]: /home/hosni/GF180/PnR_2/caravel-gf180mcu/openlane/caravel_core/../../macros/simple_por/gds/simple_por.gds existence verified.
[INFO]: /home/hosni/GF180/PnR_2/caravel-gf180mcu/openlane/caravel_core/../../gds/user_id_programming.gds existence verified.
[INFO]: /home/hosni/GF180/PnR_2/caravel-gf180mcu/openlane/caravel_core/../../gds/spare_logic_block.gds existence verified.
[INFO]: /home/hosni/GF180/PnR_2/caravel-gf180mcu/openlane/caravel_core/../../gds/mprj_io_buffer.gds existence verified.
[INFO]: /home/hosni/GF180/PnR_2/caravel-gf180mcu/openlane/caravel_core/../../gds/gpio_defaults_block.gds existence verified.
[INFO]: /home/hosni/GF180/PnR_2//OpenLane/pdks/gf180mcuC/libs.ref/gf180mcu_fd_ip_sram/gds/gf180mcu_fd_ip_sram__sram512x8m8wm1.gds existence verified.
[INFO]: Running Synthesis (log: caravel_core/runs/RUN_2022.11.29_21.32.23/logs/synthesis/1-synthesis.log)...
[INFO]: Executing yosys with Tcl script '../../../../../../openlane/scripts/yosys/synth.tcl'...
[INFO]: Changing netlist to 'caravel_core/runs/RUN_2022.11.29_21.32.23/results/synthesis/caravel_core.v'...
[INFO]: Running Single-Corner Static Timing Analysis (log: caravel_core/runs/RUN_2022.11.29_21.32.23/logs/synthesis/2-sta.log)...
[INFO]: Executing openroad with Tcl script '../../../../../../openlane/scripts/openroad/sta.tcl'...
[INFO]: Running Initial Floorplanning (log: caravel_core/runs/RUN_2022.11.29_21.32.23/logs/floorplan/3-initial_fp.log)...
[INFO]: Executing openroad with Tcl script '../../../../../../openlane/scripts/openroad/floorplan.tcl'...
[INFO]: Changing layout to 'caravel_core/runs/RUN_2022.11.29_21.32.23/tmp/floorplan/3-initial_fp.def'...
[INFO]: Changing timing constraints to 'caravel_core/runs/RUN_2022.11.29_21.32.23/tmp/floorplan/3-initial_fp.sdc'...
[INFO]: Changing database to 'caravel_core/runs/RUN_2022.11.29_21.32.23/tmp/floorplan/3-initial_fp.odb'...
[INFO]: Executing openroad with Tcl script '../../../../../../openlane/scripts/openroad/floorplan.tcl'...
[INFO]: Core area width: 3120.88
[INFO]: Core area height: 4304.160000000001
[INFO]: Final Vertical PDN Offset: 3.5
[INFO]: Final Horizontal PDN Offset: 30.65
[INFO]: Final Vertical PDN Pitch: 80
[INFO]: Final Horizontal PDN Pitch: 60
[INFO]: Extracting core dimensions...
[INFO]: Floorplanned with width 3120.88 and height 4304.16.
[INFO]: Running IO Placement...
[INFO]: Executing openroad with Tcl script '../../../../../../openlane/scripts/openroad/ioplacer.tcl'...
[INFO]: Changing layout to 'caravel_core/runs/RUN_2022.11.29_21.32.23/tmp/floorplan/4-io.def'...
[INFO]: Changing database to 'caravel_core/runs/RUN_2022.11.29_21.32.23/tmp/floorplan/4-io.odb'...
[INFO]: Applying DEF template...
[INFO]: Performing Manual Macro Placement (log: caravel_core/runs/RUN_2022.11.29_21.32.23/logs/placement/5-macro_placement.log)...
[INFO]: Changing database to 'caravel_core/runs/RUN_2022.11.29_21.32.23/tmp/floorplan/4-io.macro_placement.odb'...
[INFO]: Changing layout to 'caravel_core/runs/RUN_2022.11.29_21.32.23/tmp/floorplan/4-io.macro_placement.def'...
[INFO]: Running Tap/Decap Insertion (log: caravel_core/runs/RUN_2022.11.29_21.32.23/logs/floorplan/6-tap.log)...
[INFO]: Executing openroad with Tcl script '../../../../../../openlane/scripts/openroad/tapcell.tcl'...
[INFO]: Changing layout to 'caravel_core/runs/RUN_2022.11.29_21.32.23/results/floorplan/caravel_core.def'...
[INFO]: Changing database to 'caravel_core/runs/RUN_2022.11.29_21.32.23/results/floorplan/caravel_core.odb'...
[INFO]: Power planning with power {VDD} and ground {VSS}...
[INFO]: Generating PDN (log: caravel_core/runs/RUN_2022.11.29_21.32.23/logs/floorplan/7-pdn.log)...
[INFO]: Executing openroad with Tcl script '../../../../../../openlane/scripts/openroad/pdn.tcl'...
[INFO]: Changing layout to 'caravel_core/runs/RUN_2022.11.29_21.32.23/tmp/floorplan/7-pdn.def'...
[INFO]: Changing database to 'caravel_core/runs/RUN_2022.11.29_21.32.23/tmp/floorplan/7-pdn.odb'...
[INFO]: Running Global Placement (log: caravel_core/runs/RUN_2022.11.29_21.32.23/logs/placement/8-global.log)...
[INFO]: Executing openroad with Tcl script '../../../../../../openlane/scripts/openroad/gpl.tcl'...
[INFO]: Changing layout to 'caravel_core/runs/RUN_2022.11.29_21.32.23/tmp/placement/8-global.def'...
[INFO]: Changing database to 'caravel_core/runs/RUN_2022.11.29_21.32.23/tmp/placement/8-global.odb'...
[INFO]: Running Placement Resizer Design Optimizations (log: caravel_core/runs/RUN_2022.11.29_21.32.23/logs/placement/9-resizer.log)...
[INFO]: Executing openroad with Tcl script '../../../../../../openlane/scripts/openroad/resizer.tcl'...
[INFO]: Changing layout to 'caravel_core/runs/RUN_2022.11.29_21.32.23/tmp/placement/9-resizer.def'...
[INFO]: Changing database to 'caravel_core/runs/RUN_2022.11.29_21.32.23/tmp/placement/9-resizer.odb'...
[INFO]: Changing timing constraints to 'caravel_core/runs/RUN_2022.11.29_21.32.23/tmp/placement/9-resizer.sdc'...
[INFO]: Changing netlist to 'caravel_core/runs/RUN_2022.11.29_21.32.23/tmp/placement/9-resizer.nl.v'...
[INFO]: Running Detailed Placement (log: caravel_core/runs/RUN_2022.11.29_21.32.23/logs/placement/10-detailed.log)...
[INFO]: Executing openroad with Tcl script '../../../../../../openlane/scripts/openroad/dpl.tcl'...
[INFO]: Changing layout to 'caravel_core/runs/RUN_2022.11.29_21.32.23/results/placement/caravel_core.def'...
[INFO]: Changing database to 'caravel_core/runs/RUN_2022.11.29_21.32.23/results/placement/caravel_core.odb'...
[INFO]: Changing netlist to 'caravel_core/runs/RUN_2022.11.29_21.32.23/results/placement/caravel_core.nl.v'...
[INFO]: Running Clock Tree Synthesis (log: caravel_core/runs/RUN_2022.11.29_21.32.23/logs/cts/11-cts.log)...
[INFO]: Executing openroad with Tcl script '../../../../../../openlane/scripts/openroad/cts.tcl'...
[INFO]: Changing layout to 'caravel_core/runs/RUN_2022.11.29_21.32.23/results/cts/caravel_core.def'...
[INFO]: Changing timing constraints to 'caravel_core/runs/RUN_2022.11.29_21.32.23/results/cts/caravel_core.sdc'...
[INFO]: Changing database to 'caravel_core/runs/RUN_2022.11.29_21.32.23/results/cts/caravel_core.odb'...
[INFO]: Running Placement Resizer Timing Optimizations (log: caravel_core/runs/RUN_2022.11.29_21.32.23/logs/cts/12-resizer.log)...
[INFO]: Executing openroad with Tcl script '../../../../../../openlane/scripts/openroad/resizer_timing.tcl'...
[INFO]: Changing layout to 'caravel_core/runs/RUN_2022.11.29_21.32.23/tmp/cts/12-caravel_core.resized.def'...
[INFO]: Changing timing constraints to 'caravel_core/runs/RUN_2022.11.29_21.32.23/tmp/cts/12-caravel_core.resized.sdc'...
[INFO]: Changing database to 'caravel_core/runs/RUN_2022.11.29_21.32.23/tmp/cts/12-caravel_core.resized.odb'...
[INFO]: Changing netlist to 'caravel_core/runs/RUN_2022.11.29_21.32.23/tmp/cts/12-caravel_core.resized.nl.v'...
[INFO]: Starting routing process...
[INFO]: Running Global Routing Resizer Timing Optimizations (log: caravel_core/runs/RUN_2022.11.29_21.32.23/logs/routing/13-resizer.log)...
[INFO]: Executing openroad with Tcl script '../../../../../../openlane/scripts/openroad/resizer_routing_timing.tcl'...
[INFO]: Changing layout to 'caravel_core/runs/RUN_2022.11.29_21.32.23/tmp/13-caravel_core.def'...
[INFO]: Changing timing constraints to 'caravel_core/runs/RUN_2022.11.29_21.32.23/tmp/13-caravel_core.sdc'...
[INFO]: Changing database to 'caravel_core/runs/RUN_2022.11.29_21.32.23/tmp/13-caravel_core.odb'...
[INFO]: Changing netlist to 'caravel_core/runs/RUN_2022.11.29_21.32.23/tmp/13-caravel_core.nl.v'...
[INFO]: Running Detailed Placement (log: caravel_core/runs/RUN_2022.11.29_21.32.23/logs/routing/14-diode_legalization.log)...
[INFO]: Executing openroad with Tcl script '../../../../../../openlane/scripts/openroad/dpl.tcl'...
[INFO]: Changing layout to 'caravel_core/runs/RUN_2022.11.29_21.32.23/tmp/routing/diode.def'...
[INFO]: Changing database to 'caravel_core/runs/RUN_2022.11.29_21.32.23/tmp/routing/diode.odb'...
[INFO]: Changing netlist to 'caravel_core/runs/RUN_2022.11.29_21.32.23/tmp/routing/diode.nl.v'...
[INFO]: Running Global Routing (log: caravel_core/runs/RUN_2022.11.29_21.32.23/logs/routing/15-global.log)...
[INFO]: Executing openroad with Tcl script '../../../../../../openlane/scripts/openroad/groute.tcl'...
[INFO]: Starting OpenROAD Antenna Repair Iterations...
[INFO]: Starting antenna repair iteration 1 with 1 violations...
[INFO]: Executing openroad with Tcl script '../../../../../../openlane/scripts/openroad/groute.tcl'...
[INFO]: [Iteration 1] Failed to reduce antenna violations (1 -> 1), stopping iterations...
[INFO]: Changing layout to 'caravel_core/runs/RUN_2022.11.29_21.32.23/tmp/routing/15-global.def'...
[INFO]: Changing guide to 'caravel_core/runs/RUN_2022.11.29_21.32.23/tmp/routing/15-global.guide'...
[INFO]: Changing database to 'caravel_core/runs/RUN_2022.11.29_21.32.23/tmp/routing/15-global.odb'...
[INFO]: Writing Verilog (log: caravel_core/runs/RUN_2022.11.29_21.32.23/logs/routing/15-global_write_netlist.log)...
[INFO]: Executing openroad with Tcl script '../../../../../../openlane/scripts/openroad/write_views.tcl'...
[INFO]: Changing netlist to 'caravel_core/runs/RUN_2022.11.29_21.32.23/tmp/routing/global.nl.v'...
[INFO]: Running Fill Insertion (log: caravel_core/runs/RUN_2022.11.29_21.32.23/logs/routing/17-fill.log)...
[INFO]: Executing openroad with Tcl script '../../../../../../openlane/scripts/openroad/fill.tcl'...
[INFO]: Changing layout to 'caravel_core/runs/RUN_2022.11.29_21.32.23/tmp/routing/17-fill.def'...
[INFO]: Changing database to 'caravel_core/runs/RUN_2022.11.29_21.32.23/tmp/routing/17-fill.odb'...
[INFO]: Changing netlist to 'caravel_core/runs/RUN_2022.11.29_21.32.23/tmp/routing/17-fill.nl.v'...
[INFO]: Running Detailed Routing (log: caravel_core/runs/RUN_2022.11.29_21.32.23/logs/routing/18-detailed.log)...
[INFO]: Executing openroad with Tcl script '../../../../../../openlane/scripts/openroad/droute.tcl'...
[INFO]: Changing layout to 'caravel_core/runs/RUN_2022.11.29_21.32.23/results/routing/caravel_core.def'...
[INFO]: Changing database to 'caravel_core/runs/RUN_2022.11.29_21.32.23/results/routing/caravel_core.odb'...
[INFO]: Changing netlist to 'caravel_core/runs/RUN_2022.11.29_21.32.23/results/routing/caravel_core.nl.v'...
[INFO]: No DRC violations after detailed routing.
[INFO]: Checking Wire Lengths (log: caravel_core/runs/RUN_2022.11.29_21.32.23/logs/routing/19-wire_lengths.log)...
[INFO]: Running SPEF Extraction at the min process corner (log: caravel_core/runs/RUN_2022.11.29_21.32.23/logs/signoff/20-parasitics_extraction.min.log)...
[INFO]: /home/hosni/GF180/PnR_2//OpenLane/pdks/gf180mcuC/libs.tech/openlane/rules.openrcx.gf180mcuC.min existence verified.
[INFO]: /home/hosni/GF180/PnR_2//OpenLane/pdks/gf180mcuC/libs.ref/gf180mcu_fd_sc_mcu7t5v0/liberty/gf180mcu_fd_sc_mcu7t5v0__tt_025C_5v00.lib existence verified.
[INFO]: Executing openroad with Tcl script '../../../../../../openlane/scripts/openroad/rcx.tcl'...
[INFO]: Running Multi-Corner Static Timing Analysis at the min process corner (log: caravel_core/runs/RUN_2022.11.29_21.32.23/logs/signoff/21-rcx_mcsta.min.log)...
[INFO]: Executing openroad with Tcl script '../../../../../../openlane/scripts/openroad/sta_multi_corner.tcl'...
[INFO]: Running SPEF Extraction at the max process corner (log: caravel_core/runs/RUN_2022.11.29_21.32.23/logs/signoff/22-parasitics_extraction.max.log)...
[INFO]: /home/hosni/GF180/PnR_2//OpenLane/pdks/gf180mcuC/libs.tech/openlane/rules.openrcx.gf180mcuC.max existence verified.
[INFO]: /home/hosni/GF180/PnR_2//OpenLane/pdks/gf180mcuC/libs.ref/gf180mcu_fd_sc_mcu7t5v0/liberty/gf180mcu_fd_sc_mcu7t5v0__tt_025C_5v00.lib existence verified.
[INFO]: Executing openroad with Tcl script '../../../../../../openlane/scripts/openroad/rcx.tcl'...
[INFO]: Running Multi-Corner Static Timing Analysis at the max process corner (log: caravel_core/runs/RUN_2022.11.29_21.32.23/logs/signoff/23-rcx_mcsta.max.log)...
[INFO]: Executing openroad with Tcl script '../../../../../../openlane/scripts/openroad/sta_multi_corner.tcl'...
[INFO]: Running SPEF Extraction at the nom process corner (log: caravel_core/runs/RUN_2022.11.29_21.32.23/logs/signoff/24-parasitics_extraction.nom.log)...
[INFO]: /home/hosni/GF180/PnR_2//OpenLane/pdks/gf180mcuC/libs.tech/openlane/rules.openrcx.gf180mcuC.nom existence verified.
[INFO]: /home/hosni/GF180/PnR_2//OpenLane/pdks/gf180mcuC/libs.ref/gf180mcu_fd_sc_mcu7t5v0/liberty/gf180mcu_fd_sc_mcu7t5v0__tt_025C_5v00.lib existence verified.
[INFO]: Executing openroad with Tcl script '../../../../../../openlane/scripts/openroad/rcx.tcl'...
[INFO]: Running Multi-Corner Static Timing Analysis at the nom process corner (log: caravel_core/runs/RUN_2022.11.29_21.32.23/logs/signoff/25-rcx_mcsta.nom.log)...
[INFO]: Executing openroad with Tcl script '../../../../../../openlane/scripts/openroad/sta_multi_corner.tcl'...
[INFO]: Running Single-Corner Static Timing Analysis at the nom process corner (log: caravel_core/runs/RUN_2022.11.29_21.32.23/logs/signoff/26-rcx_sta.log)...
[INFO]: Executing openroad with Tcl script '../../../../../../openlane/scripts/openroad/sta.tcl'...
[INFO]: Running Magic to generate various views...
[INFO]: Streaming out GDSII with Magic (log: caravel_core/runs/RUN_2022.11.29_21.32.23/logs/signoff/27-gdsii.log)...
[INFO]: Executing magic with Tcl script '../../../../../../openlane/scripts/magic/def/mag_gds.tcl'...
[INFO]: Generating MAGLEF views...
[INFO]: Executing magic with Tcl script '../../../../../../openlane/scripts/magic/gds/mag_with_pointers.tcl'...
[INFO]: Executing magic with Tcl script '../../../../../../openlane/scripts/magic/mag/lef.tcl'...
[INFO]: Executing magic with Tcl script '../../../../../../openlane/scripts/magic/lef/maglef.tcl'...
[INFO]: Running Magic Spice Export from LEF (log: caravel_core/runs/RUN_2022.11.29_21.32.23/logs/signoff/28-spice.log)...
[INFO]: Executing magic with Tcl script '../../../../../../openlane/scripts/magic/extract_spice.tcl'...
[INFO]: Starting LVS process...
[INFO]: Writing Powered Verilog (logs: caravel_core/runs/RUN_2022.11.29_21.32.23/logs/signoff/29-write_powered_def.log, caravel_core/runs/RUN_2022.11.29_21.32.23/logs/signoff/29-write_powered_verilog.log)...
[INFO]: Writing Verilog (log: caravel_core/runs/RUN_2022.11.29_21.32.23/logs/signoff/29-write_powered_verilog.log)...
[INFO]: Executing openroad with Tcl script '../../../../../../openlane/scripts/openroad/write_views.tcl'...
[INFO]: Changing netlist to 'caravel_core/runs/RUN_2022.11.29_21.32.23/tmp/signoff/28-caravel_core.nl.v'...
[INFO]: Running LVS (log: caravel_core/runs/RUN_2022.11.29_21.32.23/logs/signoff/31-lvs.lef.log)...
[INFO]: /home/hosni/GF180/PnR_2/caravel-gf180mcu/openlane/caravel_core/runs/RUN_2022.11.29_21.32.23/results/signoff/caravel_core.spice against /home/hosni/GF180/PnR_2/caravel-gf180mcu/openlane/caravel_core/runs/RUN_2022.11.29_21.32.23/tmp/signoff/28-caravel_core.pnl.v
[INFO]: Running Magic DRC (log: caravel_core/runs/RUN_2022.11.29_21.32.23/logs/signoff/32-drc.log)...
[INFO]: Executing magic with Tcl script '../../../../../../openlane/scripts/magic/drc.tcl'...
[INFO]: Converting Magic DRC database to various tool-readable formats...
[INFO]: Running OpenROAD Antenna Rule Checker (log: caravel_core/runs/RUN_2022.11.29_21.32.23/logs/signoff/33-antenna.log)...
[INFO]: Executing openroad with Tcl script '../../../../../../openlane/scripts/openroad/antenna_check.tcl'...
[WARNING]: This PDK does not support the Circuit Validity Checker, skipping...
[INFO]: Saving current set of views in 'caravel_core/runs/RUN_2022.11.29_21.32.23/results/final'...
[INFO]: Saving current set of views in '..'...
[INFO]: Calculating runtime...
[INFO]: Saving runtime environment...
[INFO]: Generating final set of reports...
[INFO]: Created manufacturability report at 'caravel_core/runs/RUN_2022.11.29_21.32.23/reports/manufacturability.rpt'.
[INFO]: Created metrics report at 'caravel_core/runs/RUN_2022.11.29_21.32.23/reports/metrics.csv'.
[WARNING]: There are max slew violations in the design at the typical corner. Please refer to 'caravel_core/runs/RUN_2022.11.29_21.32.23/reports/signoff/26-rcx_sta.slew.rpt'.
[WARNING]: There are max fanout violations in the design at the typical corner. Please refer to 'caravel_core/runs/RUN_2022.11.29_21.32.23/reports/signoff/26-rcx_sta.slew.rpt'.
[WARNING]: There are max capacitance violations in the design at the typical corner. Please refer to 'caravel_core/runs/RUN_2022.11.29_21.32.23/reports/signoff/26-rcx_sta.slew.rpt'.
[INFO]: There are no hold violations in the design at the typical corner.
[INFO]: There are no setup violations in the design at the typical corner.
[SUCCESS]: Flow complete.
[INFO]: Note that the following warnings have been generated:
