****************************************
Report : constraint
	-all_violators
	-path slack_only
Design : caravel
Version: T-2022.03-SP3
Date   : Tue Dec 13 14:12:42 2022
****************************************


   max_delay/setup ('clk' group)

   Endpoint                                                  Slack
   -----------------------------------------------------------------
   mprj_io[32]                                            -11.2119  (VIOLATED)
   mprj_io[33]                                            -10.8436  (VIOLATED)
   mprj_io[35]                                            -10.5350  (VIOLATED)
   mprj_io[6]                                              -8.2448  (VIOLATED)
   flash_csb                                               -7.3131  (VIOLATED)
   mprj_io[0]                                              -5.8426  (VIOLATED)
   flash_clk                                               -4.9147  (VIOLATED)
   flash_io0                                               -3.2066  (VIOLATED)
   chip_core/housekeeping/_6860_/D                         -2.6607  (VIOLATED)
   chip_core/housekeeping/_6859_/D                         -1.7676  (VIOLATED)
   chip_core/_33702_/D                                     -0.7532  (VIOLATED)
   chip_core/_33698_/D                                     -0.7297  (VIOLATED)
   chip_core/_33711_/D                                     -0.7003  (VIOLATED)
   chip_core/_33701_/D                                     -0.6464  (VIOLATED)
   chip_core/_33685_/D                                     -0.6450  (VIOLATED)
   chip_core/_33704_/D                                     -0.6436  (VIOLATED)
   chip_core/_33705_/D                                     -0.4888  (VIOLATED)
   chip_core/_33706_/D                                     -0.4776  (VIOLATED)
   chip_core/_33708_/D                                     -0.4317  (VIOLATED)
   chip_core/_33653_/D                                     -0.4055  (VIOLATED)
   chip_core/_33649_/D                                     -0.3733  (VIOLATED)
   chip_core/_33659_/D                                     -0.3589  (VIOLATED)
   chip_core/_33699_/D                                     -0.3562  (VIOLATED)
   chip_core/_33681_/D                                     -0.2876  (VIOLATED)
   chip_core/_33707_/D                                     -0.2733  (VIOLATED)
   chip_core/_33655_/D                                     -0.2416  (VIOLATED)
   chip_core/_33669_/D                                     -0.1933  (VIOLATED)
   chip_core/_33696_/D                                     -0.0924  (VIOLATED)
   chip_core/_33689_/D                                     -0.0833  (VIOLATED)
   chip_core/_33679_/D                                     -0.0510  (VIOLATED)
   chip_core/_33687_/D                                     -0.0029  (VIOLATED)





   min_capacitance

                             Required        Actual
   Pin                      Capacitance    Capacitance       Slack
   -----------------------------------------------------------------
   chip_core/gpio_control_in_1[10].BUF[0]/Z   0.0010   0.0000  -0.0010 (VIOLATED)
   chip_core/gpio_control_in_1[10].BUF[1]/Z   0.0010   0.0000  -0.0010 (VIOLATED)
   chip_core/gpio_control_in_1[10].BUF[2]/Z   0.0010   0.0000  -0.0010 (VIOLATED)
   chip_core/gpio_control_in_2[0].BUF[0]/Z   0.0010   0.0000  -0.0010 (VIOLATED)
   chip_core/gpio_control_in_2[0].BUF[1]/Z   0.0010   0.0000  -0.0010 (VIOLATED)
   chip_core/gpio_control_in_2[0].BUF[2]/Z   0.0010   0.0000  -0.0010 (VIOLATED)


   max_transition

                             Required        Actual
   Pin                      Transition     Transition        Slack
   -----------------------------------------------------------------
   padframe/flash_io1_pad/PAD   1.0000       6.0000        -5.0000  (VIOLATED)
   padframe/mprj_pads[15]/PAD   1.0000       5.4298        -4.4298  (VIOLATED)
   padframe/mprj_pads[17]/PAD   1.0000       5.4298        -4.4298  (VIOLATED)
   padframe/mprj_pads[19]/PAD   1.0000       5.4298        -4.4298  (VIOLATED)
   padframe/mprj_pads[22]/PAD   1.0000       5.4298        -4.4298  (VIOLATED)
   padframe/mprj_pads[20]/PAD   1.0000       5.4298        -4.4298  (VIOLATED)
   padframe/mprj_pads[23]/PAD   1.0000       5.4298        -4.4298  (VIOLATED)
   padframe/mprj_pads[21]/PAD   1.0000       5.4298        -4.4298  (VIOLATED)
   padframe/mprj_pads[16]/PAD   1.0000       5.4298        -4.4298  (VIOLATED)
   padframe/mprj_pads[18]/PAD   1.0000       5.4298        -4.4298  (VIOLATED)
   padframe/mprj_pads[1]/PAD   1.0000        5.4258        -4.4258  (VIOLATED)
   padframe/mprj_pads[0]/PAD   1.0000        5.4258        -4.4258  (VIOLATED)
   padframe/mprj_pads[14]/PAD   1.0000       5.4258        -4.4258  (VIOLATED)
   padframe/mprj_pads[10]/PAD   1.0000       5.4258        -4.4258  (VIOLATED)
   padframe/mprj_pads[13]/PAD   1.0000       5.4258        -4.4258  (VIOLATED)
   padframe/mprj_pads[25]/PAD   1.0000       5.4258        -4.4258  (VIOLATED)
   padframe/mprj_pads[29]/PAD   1.0000       5.4258        -4.4258  (VIOLATED)
   padframe/mprj_pads[6]/PAD   1.0000        5.4258        -4.4258  (VIOLATED)
   padframe/mprj_pads[9]/PAD   1.0000        5.4258        -4.4258  (VIOLATED)
   padframe/mprj_pads[28]/PAD   1.0000       5.4258        -4.4258  (VIOLATED)
   padframe/mprj_pads[30]/PAD   1.0000       5.4258        -4.4258  (VIOLATED)
   padframe/mprj_pads[32]/PAD   1.0000       5.4258        -4.4258  (VIOLATED)
   padframe/mprj_pads[34]/PAD   1.0000       5.4258        -4.4258  (VIOLATED)
   padframe/mprj_pads[35]/PAD   1.0000       5.4258        -4.4258  (VIOLATED)
   padframe/mprj_pads[37]/PAD   1.0000       5.4258        -4.4258  (VIOLATED)
   padframe/mprj_pads[5]/PAD   1.0000        5.4258        -4.4258  (VIOLATED)
   padframe/mprj_pads[7]/PAD   1.0000        5.4258        -4.4258  (VIOLATED)
   padframe/mprj_pads[8]/PAD   1.0000        5.4258        -4.4258  (VIOLATED)
   padframe/mprj_pads[11]/PAD   1.0000       5.4258        -4.4258  (VIOLATED)
   padframe/mprj_pads[12]/PAD   1.0000       5.4258        -4.4258  (VIOLATED)
   padframe/mprj_pads[24]/PAD   1.0000       5.4258        -4.4258  (VIOLATED)
   padframe/mprj_pads[27]/PAD   1.0000       5.4258        -4.4258  (VIOLATED)
   padframe/mprj_pads[31]/PAD   1.0000       5.4258        -4.4258  (VIOLATED)
   padframe/mprj_pads[26]/PAD   1.0000       5.4258        -4.4258  (VIOLATED)
   padframe/mprj_pads[33]/PAD   1.0000       5.4258        -4.4258  (VIOLATED)
   padframe/mprj_pads[36]/PAD   1.0000       5.4258        -4.4258  (VIOLATED)
   padframe/flash_io0_pad/PAD   1.0000       4.5637        -3.5637  (VIOLATED)
   padframe/flash_csb_pad/PAD   1.0000       4.5637        -3.5637  (VIOLATED)
   padframe/flash_clk_pad/PAD   1.0000       4.5636        -3.5636  (VIOLATED)
   padframe/mgmt_clock_input_pad/PAD   1.0000   3.5000     -2.5000  (VIOLATED)
   padframe/mgmt_gpio_pad/PAD   1.0000       3.5000        -2.5000  (VIOLATED)
   padframe/mprj_pads[3]/PAD   1.0000        3.5000        -2.5000  (VIOLATED)
   padframe/mprj_pads[4]/PAD   1.0000        3.5000        -2.5000  (VIOLATED)
   chip_core/soc.core.sram.ram512x32.RAM02/RAM/GWEN   2.7750   3.6757  -0.9007 (VIOLATED)
   chip_core/soc.core.sram.ram512x32.RAM03/RAM/GWEN   2.7750   3.6751  -0.9001 (VIOLATED)
   chip_core/soc.core.sram.ram512x32.RAM02/RAM/D[3]   2.7750   3.2627  -0.4877 (VIOLATED)
   chip_core/soc.core.sram.ram512x32.RAM00/RAM/CLK   2.7750   3.0453  -0.2703 (VIOLATED)
   chip_core/soc.core.sram.ram512x32.RAM03/RAM/D[6]   2.7750   3.0026  -0.2276 (VIOLATED)
   chip_core/soc.core.sram.ram512x32.RAM02/RAM/CLK   2.7750   2.9969  -0.2219 (VIOLATED)
   chip_core/soc.core.sram.ram512x32.RAM01/RAM/CLK   2.7750   2.9071  -0.1321 (VIOLATED)


   max_fanout

                             Required        Actual
   Pin                        Fanout         Fanout          Slack
   -----------------------------------------------------------------
   chip_core/housekeeping/clkbuf_3_6__f_wb_clk_i/Z  22.0000  23.0000  -1.0000 (VIOLATED)


1
