****************************************
Report : constraint
	-all_violators
	-path slack_only
Design : caravel
Version: T-2022.03-SP3
Date   : Fri Dec  9 09:06:22 2022
****************************************


   max_delay/setup ('clk' group)

   Endpoint                                                  Slack
   -----------------------------------------------------------------
   mprj_io[32]                                             -7.8826  (VIOLATED)
   mprj_io[35]                                             -7.8422  (VIOLATED)
   mprj_io[33]                                             -7.7348  (VIOLATED)
   mprj_io[6]                                              -6.1140  (VIOLATED)
   flash_csb                                               -5.2187  (VIOLATED)
   mprj_io[0]                                              -4.1371  (VIOLATED)
   flash_clk                                               -3.3641  (VIOLATED)
   flash_io0                                               -1.8453  (VIOLATED)
   chip_core/housekeeping/_6860_/D                         -0.1985  (VIOLATED)





   min_capacitance

                             Required        Actual
   Pin                      Capacitance    Capacitance       Slack
   -----------------------------------------------------------------
   chip_core/gpio_control_in_1[10].BUF[0]/Z   0.0010   0.0000  -0.0010 (VIOLATED)
   chip_core/gpio_control_in_1[10].BUF[1]/Z   0.0010   0.0000  -0.0010 (VIOLATED)
   chip_core/gpio_control_in_1[10].BUF[2]/Z   0.0010   0.0000  -0.0010 (VIOLATED)
   chip_core/gpio_control_in_2[0].BUF[0]/Z   0.0010   0.0000  -0.0010 (VIOLATED)
   chip_core/gpio_control_in_2[0].BUF[1]/Z   0.0010   0.0000  -0.0010 (VIOLATED)
   chip_core/gpio_control_in_2[0].BUF[2]/Z   0.0010   0.0000  -0.0010 (VIOLATED)


   max_transition

                             Required        Actual
   Pin                      Transition     Transition        Slack
   -----------------------------------------------------------------
   padframe/mprj_pads[15]/PAD   1.0000       5.4290        -4.4290  (VIOLATED)
   padframe/mprj_pads[17]/PAD   1.0000       5.4290        -4.4290  (VIOLATED)
   padframe/flash_clk_pad/PAD   1.0000       5.4290        -4.4290  (VIOLATED)
   padframe/mprj_pads[19]/PAD   1.0000       5.4290        -4.4290  (VIOLATED)
   padframe/mprj_pads[22]/PAD   1.0000       5.4290        -4.4290  (VIOLATED)
   padframe/flash_csb_pad/PAD   1.0000       5.4290        -4.4290  (VIOLATED)
   padframe/mprj_pads[16]/PAD   1.0000       5.4290        -4.4290  (VIOLATED)
   padframe/mprj_pads[20]/PAD   1.0000       5.4290        -4.4290  (VIOLATED)
   padframe/mprj_pads[23]/PAD   1.0000       5.4290        -4.4290  (VIOLATED)
   padframe/mgmt_gpio_pad/PAD   1.0000       5.4290        -4.4290  (VIOLATED)
   padframe/mprj_pads[18]/PAD   1.0000       5.4290        -4.4290  (VIOLATED)
   padframe/flash_io0_pad/PAD   1.0000       5.4290        -4.4290  (VIOLATED)
   padframe/mprj_pads[21]/PAD   1.0000       5.4290        -4.4290  (VIOLATED)
   padframe/mprj_pads[25]/PAD   1.0000       5.4254        -4.4254  (VIOLATED)
   padframe/mprj_pads[35]/PAD   1.0000       5.4254        -4.4254  (VIOLATED)
   padframe/mprj_pads[26]/PAD   1.0000       5.4254        -4.4254  (VIOLATED)
   padframe/mprj_pads[29]/PAD   1.0000       5.4254        -4.4254  (VIOLATED)
   padframe/mprj_pads[30]/PAD   1.0000       5.4254        -4.4254  (VIOLATED)
   padframe/mprj_pads[33]/PAD   1.0000       5.4254        -4.4254  (VIOLATED)
   padframe/mprj_pads[34]/PAD   1.0000       5.4254        -4.4254  (VIOLATED)
   padframe/mprj_pads[24]/PAD   1.0000       5.4254        -4.4254  (VIOLATED)
   padframe/mprj_pads[27]/PAD   1.0000       5.4254        -4.4254  (VIOLATED)
   padframe/mprj_pads[31]/PAD   1.0000       5.4254        -4.4254  (VIOLATED)
   padframe/mprj_pads[32]/PAD   1.0000       5.4253        -4.4253  (VIOLATED)
   padframe/mprj_pads[37]/PAD   1.0000       5.4253        -4.4253  (VIOLATED)
   padframe/mprj_pads[28]/PAD   1.0000       5.4253        -4.4253  (VIOLATED)
   padframe/mprj_pads[36]/PAD   1.0000       5.4253        -4.4253  (VIOLATED)
   padframe/mprj_pads[1]/PAD   1.0000        5.4253        -4.4253  (VIOLATED)
   padframe/mprj_pads[0]/PAD   1.0000        5.4253        -4.4253  (VIOLATED)
   padframe/mprj_pads[12]/PAD   1.0000       5.4253        -4.4253  (VIOLATED)
   padframe/mprj_pads[5]/PAD   1.0000        5.4253        -4.4253  (VIOLATED)
   padframe/mprj_pads[8]/PAD   1.0000        5.4253        -4.4253  (VIOLATED)
   padframe/mprj_pads[14]/PAD   1.0000       5.4253        -4.4253  (VIOLATED)
   padframe/mprj_pads[3]/PAD   1.0000        5.4253        -4.4253  (VIOLATED)
   padframe/mprj_pads[6]/PAD   1.0000        5.4253        -4.4253  (VIOLATED)
   padframe/mprj_pads[7]/PAD   1.0000        5.4253        -4.4253  (VIOLATED)
   padframe/mprj_pads[9]/PAD   1.0000        5.4253        -4.4253  (VIOLATED)
   padframe/mprj_pads[10]/PAD   1.0000       5.4253        -4.4253  (VIOLATED)
   padframe/mprj_pads[11]/PAD   1.0000       5.4253        -4.4253  (VIOLATED)
   padframe/mprj_pads[13]/PAD   1.0000       5.4253        -4.4253  (VIOLATED)
   padframe/mgmt_clock_input_pad/PAD   1.0000   3.5000     -2.5000  (VIOLATED)
   padframe/mprj_pads[2]/PAD   1.0000        3.5000        -2.5000  (VIOLATED)
   padframe/mprj_pads[4]/PAD   1.0000        3.5000        -2.5000  (VIOLATED)
   padframe/resetb_pad/PAD    1.0000         3.5000        -2.5000  (VIOLATED)
   padframe/mprj_pads[0]/PDRV1   1.0000      2.7143        -1.7143  (VIOLATED)
   padframe/mprj_pads[1]/PDRV1   1.0000      2.7143        -1.7143  (VIOLATED)
   padframe/mprj_pads[2]/PDRV1   1.0000      2.7143        -1.7143  (VIOLATED)
   padframe/mprj_pads[3]/PDRV1   1.0000      2.7143        -1.7143  (VIOLATED)
   padframe/mprj_pads[4]/PDRV1   1.0000      2.7143        -1.7143  (VIOLATED)
   padframe/mprj_pads[5]/PDRV1   1.0000      2.7143        -1.7143  (VIOLATED)
   padframe/mprj_pads[6]/PDRV1   1.0000      2.7143        -1.7143  (VIOLATED)
   padframe/mprj_pads[7]/PDRV1   1.0000      2.7143        -1.7143  (VIOLATED)
   padframe/mprj_pads[8]/PDRV1   1.0000      2.7143        -1.7143  (VIOLATED)
   padframe/mprj_pads[9]/PDRV1   1.0000      2.7143        -1.7143  (VIOLATED)
   padframe/mprj_pads[10]/PDRV1   1.0000     2.7143        -1.7143  (VIOLATED)
   padframe/mprj_pads[11]/PDRV1   1.0000     2.7143        -1.7143  (VIOLATED)
   padframe/mprj_pads[12]/PDRV1   1.0000     2.7143        -1.7143  (VIOLATED)
   padframe/mprj_pads[13]/PDRV1   1.0000     2.7143        -1.7143  (VIOLATED)
   padframe/mprj_pads[14]/PDRV1   1.0000     2.7143        -1.7143  (VIOLATED)
   padframe/mprj_pads[15]/PDRV1   1.0000     2.7143        -1.7143  (VIOLATED)
   padframe/mprj_pads[16]/PDRV1   1.0000     2.7143        -1.7143  (VIOLATED)
   padframe/mprj_pads[17]/PDRV1   1.0000     2.7143        -1.7143  (VIOLATED)
   padframe/mprj_pads[18]/PDRV1   1.0000     2.7143        -1.7143  (VIOLATED)
   padframe/mprj_pads[19]/PDRV1   1.0000     2.7143        -1.7143  (VIOLATED)
   padframe/mprj_pads[20]/PDRV1   1.0000     2.7143        -1.7143  (VIOLATED)
   padframe/mprj_pads[21]/PDRV1   1.0000     2.7143        -1.7143  (VIOLATED)
   padframe/mprj_pads[22]/PDRV1   1.0000     2.7143        -1.7143  (VIOLATED)
   padframe/mprj_pads[23]/PDRV1   1.0000     2.7143        -1.7143  (VIOLATED)
   padframe/mprj_pads[24]/PDRV1   1.0000     2.7143        -1.7143  (VIOLATED)
   padframe/mprj_pads[25]/PDRV1   1.0000     2.7143        -1.7143  (VIOLATED)
   padframe/mprj_pads[26]/PDRV1   1.0000     2.7143        -1.7143  (VIOLATED)
   padframe/mprj_pads[27]/PDRV1   1.0000     2.7143        -1.7143  (VIOLATED)
   padframe/mprj_pads[28]/PDRV1   1.0000     2.7143        -1.7143  (VIOLATED)
   padframe/mprj_pads[29]/PDRV1   1.0000     2.7143        -1.7143  (VIOLATED)
   padframe/mprj_pads[30]/PDRV1   1.0000     2.7143        -1.7143  (VIOLATED)
   padframe/mprj_pads[31]/PDRV1   1.0000     2.7143        -1.7143  (VIOLATED)
   padframe/mprj_pads[32]/PDRV1   1.0000     2.7143        -1.7143  (VIOLATED)
   padframe/mprj_pads[33]/PDRV1   1.0000     2.7143        -1.7143  (VIOLATED)
   padframe/mprj_pads[34]/PDRV1   1.0000     2.7143        -1.7143  (VIOLATED)
   padframe/mprj_pads[35]/PDRV1   1.0000     2.7143        -1.7143  (VIOLATED)
   padframe/mprj_pads[36]/PDRV1   1.0000     2.7143        -1.7143  (VIOLATED)
   padframe/mprj_pads[37]/PDRV1   1.0000     2.7143        -1.7143  (VIOLATED)
   padframe/mprj_pads[0]/PDRV0   1.0000      2.5754        -1.5754  (VIOLATED)
   padframe/mprj_pads[1]/PDRV0   1.0000      2.5754        -1.5754  (VIOLATED)
   padframe/mprj_pads[2]/PDRV0   1.0000      2.5754        -1.5754  (VIOLATED)
   padframe/mprj_pads[3]/PDRV0   1.0000      2.5754        -1.5754  (VIOLATED)
   padframe/mprj_pads[4]/PDRV0   1.0000      2.5754        -1.5754  (VIOLATED)
   padframe/mprj_pads[5]/PDRV0   1.0000      2.5754        -1.5754  (VIOLATED)
   padframe/mprj_pads[6]/PDRV0   1.0000      2.5754        -1.5754  (VIOLATED)
   padframe/mprj_pads[7]/PDRV0   1.0000      2.5754        -1.5754  (VIOLATED)
   padframe/mprj_pads[8]/PDRV0   1.0000      2.5754        -1.5754  (VIOLATED)
   padframe/mprj_pads[9]/PDRV0   1.0000      2.5754        -1.5754  (VIOLATED)
   padframe/mprj_pads[10]/PDRV0   1.0000     2.5754        -1.5754  (VIOLATED)
   padframe/mprj_pads[11]/PDRV0   1.0000     2.5754        -1.5754  (VIOLATED)
   padframe/mprj_pads[12]/PDRV0   1.0000     2.5754        -1.5754  (VIOLATED)
   padframe/mprj_pads[13]/PDRV0   1.0000     2.5754        -1.5754  (VIOLATED)
   padframe/mprj_pads[14]/PDRV0   1.0000     2.5754        -1.5754  (VIOLATED)
   padframe/mprj_pads[15]/PDRV0   1.0000     2.5754        -1.5754  (VIOLATED)
   padframe/mprj_pads[16]/PDRV0   1.0000     2.5754        -1.5754  (VIOLATED)
   padframe/mprj_pads[17]/PDRV0   1.0000     2.5754        -1.5754  (VIOLATED)
   padframe/mprj_pads[18]/PDRV0   1.0000     2.5754        -1.5754  (VIOLATED)
   padframe/mprj_pads[19]/PDRV0   1.0000     2.5754        -1.5754  (VIOLATED)
   padframe/mprj_pads[20]/PDRV0   1.0000     2.5754        -1.5754  (VIOLATED)
   padframe/mprj_pads[21]/PDRV0   1.0000     2.5754        -1.5754  (VIOLATED)
   padframe/mprj_pads[22]/PDRV0   1.0000     2.5754        -1.5754  (VIOLATED)
   padframe/mprj_pads[23]/PDRV0   1.0000     2.5754        -1.5754  (VIOLATED)
   padframe/mprj_pads[24]/PDRV0   1.0000     2.5754        -1.5754  (VIOLATED)
   padframe/mprj_pads[25]/PDRV0   1.0000     2.5754        -1.5754  (VIOLATED)
   padframe/mprj_pads[26]/PDRV0   1.0000     2.5754        -1.5754  (VIOLATED)
   padframe/mprj_pads[27]/PDRV0   1.0000     2.5754        -1.5754  (VIOLATED)
   padframe/mprj_pads[28]/PDRV0   1.0000     2.5754        -1.5754  (VIOLATED)
   padframe/mprj_pads[29]/PDRV0   1.0000     2.5754        -1.5754  (VIOLATED)
   padframe/mprj_pads[30]/PDRV0   1.0000     2.5754        -1.5754  (VIOLATED)
   padframe/mprj_pads[31]/PDRV0   1.0000     2.5754        -1.5754  (VIOLATED)
   padframe/mprj_pads[32]/PDRV0   1.0000     2.5754        -1.5754  (VIOLATED)
   padframe/mprj_pads[33]/PDRV0   1.0000     2.5754        -1.5754  (VIOLATED)
   padframe/mprj_pads[34]/PDRV0   1.0000     2.5754        -1.5754  (VIOLATED)
   padframe/mprj_pads[35]/PDRV0   1.0000     2.5754        -1.5754  (VIOLATED)
   padframe/mprj_pads[36]/PDRV0   1.0000     2.5754        -1.5754  (VIOLATED)
   padframe/mprj_pads[37]/PDRV0   1.0000     2.5754        -1.5754  (VIOLATED)
   chip_core/soc.core.sram.ram512x32.RAM02/RAM/GWEN   2.7750   3.4577  -0.6827 (VIOLATED)
   chip_core/soc.core.sram.ram512x32.RAM03/RAM/GWEN   2.7750   3.4568  -0.6818 (VIOLATED)
   chip_core/soc.core.sram.ram512x32.RAM01/RAM/D[0]   2.7750   3.3717  -0.5967 (VIOLATED)
   chip_core/soc.core.sram.ram512x32.RAM00/RAM/CLK   2.7750   3.3369  -0.5619 (VIOLATED)
   chip_core/soc.core.sram.ram512x32.RAM02/RAM/D[4]   2.7750   3.2169  -0.4419 (VIOLATED)
   chip_core/soc.core.sram.ram512x32.RAM02/RAM/CLK   2.7750   2.8816  -0.1066 (VIOLATED)


   max_fanout

                             Required        Actual
   Pin                        Fanout         Fanout          Slack
   -----------------------------------------------------------------
   chip_core/output59/Z      22.0000        38.0000       -16.0000  (VIOLATED)
   chip_core/output70/Z      22.0000        38.0000       -16.0000  (VIOLATED)
   chip_core/gpio_control_in_1a[3].BUF[2]/Z  22.0000  24.0000  -2.0000 (VIOLATED)
   chip_core/housekeeping/clkbuf_3_6__f_wb_clk_i/Z  22.0000  23.0000  -1.0000 (VIOLATED)


1
