****************************************
Report : global_timing
	-format { narrow }
	-separate_all_groups
Design : caravel
Version: U-2022.12-SP5
Date   : Tue Nov  7 13:33:29 2023
****************************************

Setup violations for paths in clk
---------------------------------------------------------
         Total  reg->reg   in->reg  reg->out   in->out
---------------------------------------------------------
WNS    -7.6697   -2.9890    0.0000   -7.6697    0.0000
TNS   -39.4017  -23.1231    0.0000  -16.2786    0.0000
NUM         41        38         0         3         0
---------------------------------------------------------


Hold violations for paths in clk
---------------------------------------------------------
         Total  reg->reg   in->reg  reg->out   in->out
---------------------------------------------------------
WNS    -0.2000    0.0000   -0.2000    0.0000    0.0000
TNS    -0.2000    0.0000   -0.2000    0.0000    0.0000
NUM          1         0         1         0         0
---------------------------------------------------------

1
