****************************************
Report : clock timing
	-type skew
	-nworst 1
	-hold
Design : caravel
Version: U-2022.12-SP5
Date   : Tue Nov  7 13:33:31 2023
****************************************

  Clock: clk

  Clock Pin                                 Latency   CRP     Skew
----------------------------------------------------------------------------
  chip_core/_36205_/CLK                     13.5353                    rp-+
  chip_core/housekeeping/_6832_/CLK         19.6893  -3.0479  3.1060   rp-+
----------------------------------------------------------------------------

  Clock: hk_serial_clk

  Clock Pin                                 Latency   CRP     Skew
----------------------------------------------------------------------------
  chip_core/_38511_/CLKN                    11.6565                    fp-+
  chip_core/_38491_/CLK                     15.0308  -0.9102  2.4640   rp-+
----------------------------------------------------------------------------

  Clock: hk_serial_load

  No local skews.


  Clock: hkspi_clk

  Clock Pin                                 Latency   CRP     Skew
----------------------------------------------------------------------------
  chip_core/housekeeping/_7304_/CLK         4.3948                     rp-+
  chip_core/housekeeping/_6891_/CLK         10.6260  -0.9894  5.2418   rp-+
----------------------------------------------------------------------------

1
