****************************************
Report : clock timing
	-type skew
	-nworst 1
	-setup
Design : caravel
Version: U-2022.12-SP5
Date   : Tue Nov  7 13:33:31 2023
****************************************

  Clock: clk

  Clock Pin                                 Latency   CRP     Skew
----------------------------------------------------------------------------
  chip_core/housekeeping/_7261_/CLK         19.6868                    rp-+
  chip_core/_37535_/CLK                     13.1492  -0.7500  5.7876   rp-+
----------------------------------------------------------------------------

  Clock: hk_serial_clk

  Clock Pin                                 Latency   CRP     Skew
----------------------------------------------------------------------------
  chip_core/_38394_/CLK                     19.2656                    rp-+
  chip_core/_38395_/CLK                     15.9545  -1.3220  1.9892   rp-+
----------------------------------------------------------------------------

  Clock: hk_serial_load

  No local skews.


  Clock: hkspi_clk

  Clock Pin                                 Latency   CRP     Skew
----------------------------------------------------------------------------
  chip_core/housekeeping/_6891_/CLK         10.6260                    rp-+
  chip_core/housekeeping/_6868_/CLKN        4.4961   -0.9721  5.1578   fp-+
----------------------------------------------------------------------------

1
