****************************************
Report : clock timing
	-type skew
	-nworst 1
	-setup
Design : caravel
Version: U-2022.12-SP5
Date   : Tue Nov  7 13:48:59 2023
****************************************

  Clock: clk

  Clock Pin                                 Latency   CRP     Skew
----------------------------------------------------------------------------
  chip_core/housekeeping/_7261_/CLK         18.1329                    rp-+
  chip_core/_37535_/CLK                     12.5060  -0.6948  4.9321   rp-+
----------------------------------------------------------------------------

  Clock: hk_serial_clk

  Clock Pin                                 Latency   CRP     Skew
----------------------------------------------------------------------------
  chip_core/_38391_/CLK                     17.3945                    rp-+
  chip_core/_38392_/CLK                     14.7533  -1.2050  1.4362   rp-+
----------------------------------------------------------------------------

  Clock: hk_serial_load

  No local skews.


  Clock: hkspi_clk

  Clock Pin                                 Latency   CRP     Skew
----------------------------------------------------------------------------
  chip_core/housekeeping/_6950_/CLK         9.7383                     rp-+
  chip_core/housekeeping/_7304_/CLK         4.1158   -0.9542  4.6683   rp-+
----------------------------------------------------------------------------

1
