****************************************
Report : clock timing
	-type skew
	-nworst 1
	-hold
Design : caravel
Version: U-2022.12-SP5
Date   : Tue Nov  7 13:49:00 2023
****************************************

  Clock: clk

  Clock Pin                                 Latency   CRP     Skew
----------------------------------------------------------------------------
  chip_core/_36205_/CLK                     12.8624                    rp-+
  chip_core/housekeeping/_6832_/CLK         18.1337  -2.3429  2.9284   rp-+
----------------------------------------------------------------------------

  Clock: hk_serial_clk

  Clock Pin                                 Latency   CRP     Skew
----------------------------------------------------------------------------
  chip_core/_38511_/CLKN                    10.5232                    fp-+
  chip_core/_38491_/CLK                     13.5754  -0.8250  2.2273   rp-+
----------------------------------------------------------------------------

  Clock: hk_serial_load

  No local skews.


  Clock: hkspi_clk

  Clock Pin                                 Latency   CRP     Skew
----------------------------------------------------------------------------
  chip_core/housekeeping/_7304_/CLK         4.1158                     rp-+
  chip_core/housekeeping/_6766_/CLK         9.8364   -0.9542  4.7665   rp-+
----------------------------------------------------------------------------

1
