****************************************
Report : clock timing
	-type skew
	-nworst 1
	-hold
Design : caravel
Version: U-2022.12-SP5
Date   : Tue Nov  7 13:41:14 2023
****************************************

  Clock: clk

  Clock Pin                                 Latency   CRP     Skew
----------------------------------------------------------------------------
  chip_core/_36205_/CLK                     13.2292                    rp-+
  chip_core/housekeeping/_6832_/CLK         18.7523  -2.5317  2.9914   rp-+
----------------------------------------------------------------------------

  Clock: hk_serial_clk

  Clock Pin                                 Latency   CRP     Skew
----------------------------------------------------------------------------
  chip_core/_38511_/CLKN                    10.9596                    fp-+
  chip_core/_38491_/CLK                     14.1670  -0.8576  2.3499   rp-+
----------------------------------------------------------------------------

  Clock: hk_serial_load

  No local skews.


  Clock: hkspi_clk

  Clock Pin                                 Latency   CRP     Skew
----------------------------------------------------------------------------
  chip_core/housekeeping/_7304_/CLK         4.2220                     rp-+
  chip_core/housekeeping/_6766_/CLK         10.1505  -0.9736  4.9549   rp-+
----------------------------------------------------------------------------

1
