****************************************
Report : qor
	-summary
Design : caravel
Version: U-2022.12-SP5
Date   : Tue Nov  7 13:41:15 2023
****************************************

  Summary of timing violations
  -----------------------------------------------------------------------------
  Setup WNS:   -6.2243  TNS:    -14.2902  Number of Violating Paths:      5
  No hold violations found
  -----------------------------------------------------------------------------

  Area
  ---------------------------------------------
  Net Interconnect area:                 0.0000
  Total cell area:                 8384048.0000
  Design Area:                     8384048.0000
  ---------------------------------------------


  Cell & Pin Count
  ---------------------------------------------
  Pin Count:                             118066
  Hierarchical Cell Count:                   52
  Hierarchical Port Count:                 2544
  Leaf Cell Count:                        36612
  ---------------------------------------------


  Design Rule Violations
  ---------------------------------------------
  Total No. of Pins in Design:           118066
  min_capacitance Count:                      6
  max_transition Count:                      49
  min_capacitance Cost:                  0.0060
  max_transition Cost:                 182.5985
  Total DRC Cost:                      182.6045
  ---------------------------------------------

1
