****************************************
Report : clock timing
	-type skew
	-nworst 1
	-setup
Design : caravel
Version: U-2022.12-SP5
Date   : Tue Nov  7 13:41:14 2023
****************************************

  Clock: clk

  Clock Pin                                 Latency   CRP     Skew
----------------------------------------------------------------------------
  chip_core/housekeeping/_7261_/CLK         18.7512                    rp-+
  chip_core/_37535_/CLK                     12.8611  -0.7185  5.1716   rp-+
----------------------------------------------------------------------------

  Clock: hk_serial_clk

  Clock Pin                                 Latency   CRP     Skew
----------------------------------------------------------------------------
  chip_core/_38391_/CLK                     18.1643                    rp-+
  chip_core/_38392_/CLK                     15.1697  -1.2514  1.7432   rp-+
----------------------------------------------------------------------------

  Clock: hk_serial_load

  No local skews.


  Clock: hkspi_clk

  Clock Pin                                 Latency   CRP     Skew
----------------------------------------------------------------------------
  chip_core/housekeeping/_6950_/CLK         10.0474                    rp-+
  chip_core/housekeeping/_7304_/CLK         4.2220   -0.9613  4.8641   rp-+
----------------------------------------------------------------------------

1
