Information: Derived library resistance unit is 1.000000 Kohm (Time unit is 1 ns, and Capacitance unit is 1.000000 pF). (DES-028)
Error: Cannot find net 'chip_core/gpio_defaults_block_0/gpio_default_value_one[0]/Z' in design 'caravel' (PARA-124)
Error: Cannot find net 'chip_core/gpio_defaults_block_0/gpio_default_value_one[1]/Z' in design 'caravel' (PARA-124)
Error: Cannot find net 'chip_core/gpio_defaults_block_0/gpio_default_value_one[2]/Z' in design 'caravel' (PARA-124)
Error: Cannot find net 'chip_core/gpio_defaults_block_0/gpio_default_value_one[3]/Z' in design 'caravel' (PARA-124)
Error: Cannot find net 'chip_core/gpio_defaults_block_0/gpio_default_value_one[4]/Z' in design 'caravel' (PARA-124)
Error: Cannot find net 'chip_core/gpio_defaults_block_0/gpio_default_value_one[5]/Z' in design 'caravel' (PARA-124)
Error: Cannot find net 'chip_core/gpio_defaults_block_0/gpio_default_value_one[6]/Z' in design 'caravel' (PARA-124)
Error: Cannot find net 'chip_core/gpio_defaults_block_0/gpio_default_value_one[7]/Z' in design 'caravel' (PARA-124)
Error: Cannot find net 'chip_core/gpio_defaults_block_0/gpio_default_value_one[8]/Z' in design 'caravel' (PARA-124)
Error: Cannot find net 'chip_core/gpio_defaults_block_0/gpio_default_value_one[9]/Z' in design 'caravel' (PARA-124)

****************************************
Report : read_parasitics /home/passant/caravel-gf180mcu/signoff/gpio_defaults_block/StarRC/gpio_defaults_block.max.spef
	-keep_capacitive_coupling
Design : caravel
Version: T-2022.03-SP3
Date   : Tue Dec 13 14:14:32 2022
****************************************

        10 error(s)
        Format is SPEF
        Annotated nets                   :           10
        Annotated capacitances           :         2368
        Annotated resistances            :         1998
        Annotated coupling capacitances  :          925
        Annotated PI models              :            0
        Annotated Elmore delays          :            0

Information: Derived library resistance unit is 1.000000 Kohm (Time unit is 1 ns, and Capacitance unit is 1.000000 pF). (DES-028)

****************************************
Report : read_parasitics /home/passant/caravel-gf180mcu/signoff/housekeeping/StarRC/housekeeping.max.spef
	-keep_capacitive_coupling
Design : caravel
Version: T-2022.03-SP3
Date   : Tue Dec 13 14:14:33 2022
****************************************

        0 error(s)
        Format is SPEF
        Annotated nets                   :         6692
        Annotated capacitances           :        61593
        Annotated resistances            :        55044
        Annotated coupling capacitances  :       165535
        Annotated PI models              :            0
        Annotated Elmore delays          :            0

Information: Derived library resistance unit is 1.000000 Kohm (Time unit is 1 ns, and Capacitance unit is 1.000000 pF). (DES-028)

****************************************
Report : read_parasitics /home/passant/caravel-gf180mcu/signoff/caravel_core/StarRC/caravel_core.max.spef
	-keep_capacitive_coupling
Design : caravel
Version: T-2022.03-SP3
Date   : Tue Dec 13 14:14:34 2022
****************************************

        0 error(s)
        Format is SPEF
        Annotated nets                   :        28373
        Annotated capacitances           :       279399
        Annotated resistances            :       252301
        Annotated coupling capacitances  :       536354
        Annotated PI models              :            0
        Annotated Elmore delays          :            0

Information: Derived library resistance unit is 1.000000 Kohm (Time unit is 1 ns, and Capacitance unit is 1.000000 pF). (DES-028)

****************************************
Report : read_parasitics /home/passant/caravel-gf180mcu/signoff/spare_logic_block/StarRC/spare_logic_block.max.spef
	-keep_capacitive_coupling
Design : caravel
Version: T-2022.03-SP3
Date   : Tue Dec 13 14:14:34 2022
****************************************

        0 error(s)
        Format is SPEF
        Annotated nets                   :           44
        Annotated capacitances           :         1168
        Annotated resistances            :          996
        Annotated coupling capacitances  :          888
        Annotated PI models              :            0
        Annotated Elmore delays          :            0

Information: Derived library resistance unit is 1.000000 Kohm (Time unit is 1 ns, and Capacitance unit is 1.000000 pF). (DES-028)
Error: Cannot find net 'padframe/flash_clk_pad/Y' in design 'caravel' (PARA-124)
Error: Cannot find net 'padframe/flash_csb_pad/Y' in design 'caravel' (PARA-124)

****************************************
Report : read_parasitics /home/passant/caravel-gf180mcu/signoff/chip_io/StarRC/chip_io.max.spef
	-keep_capacitive_coupling
Design : caravel
Version: T-2022.03-SP3
Date   : Tue Dec 13 14:14:34 2022
****************************************

        2 error(s)
        Format is SPEF
        Annotated nets                   :          457
        Annotated capacitances           :         4533
        Annotated resistances            :         4185
        Annotated coupling capacitances  :          567
        Annotated PI models              :            0
        Annotated Elmore delays          :            0

Information: Derived library resistance unit is 1.000000 Kohm (Time unit is 1 ns, and Capacitance unit is 1.000000 pF). (DES-028)

****************************************
Report : read_parasitics /home/passant/caravel-gf180mcu/signoff/mprj_io_buffer/StarRC/mprj_io_buffer.max.spef
	-keep_capacitive_coupling
Design : caravel
Version: T-2022.03-SP3
Date   : Tue Dec 13 14:14:34 2022
****************************************

        0 error(s)
        Format is SPEF
        Annotated nets                   :           78
        Annotated capacitances           :          406
        Annotated resistances            :          328
        Annotated coupling capacitances  :          424
        Annotated PI models              :            0
        Annotated Elmore delays          :            0

Information: Derived library resistance unit is 1.000000 Kohm (Time unit is 1 ns, and Capacitance unit is 1.000000 pF). (DES-028)
Error: Invalid capacitor (*507 0) on net mprj_io_drive_sel[10]: Pin 'padframe/mprj_io_drive_sel[9]' is not connected to net (PARA-044)
Error: Invalid capacitor (*507 0) on net mprj_io_drive_sel[11]: Pin 'padframe/mprj_io_drive_sel[10]' is not connected to net (PARA-044)
Error: Invalid capacitor (*507 0) on net mprj_io_drive_sel[12]: Pin 'padframe/mprj_io_drive_sel[11]' is not connected to net (PARA-044)
Error: Invalid capacitor (*507 0) on net mprj_io_drive_sel[13]: Pin 'padframe/mprj_io_drive_sel[12]' is not connected to net (PARA-044)
Error: Invalid capacitor (*507 0) on net mprj_io_drive_sel[14]: Pin 'padframe/mprj_io_drive_sel[13]' is not connected to net (PARA-044)
Error: Invalid capacitor (*507 0) on net mprj_io_drive_sel[15]: Pin 'padframe/mprj_io_drive_sel[14]' is not connected to net (PARA-044)
Error: Invalid capacitor (*507 0) on net mprj_io_drive_sel[16]: Pin 'padframe/mprj_io_drive_sel[15]' is not connected to net (PARA-044)
Error: Invalid capacitor (*507 0) on net mprj_io_drive_sel[17]: Pin 'padframe/mprj_io_drive_sel[16]' is not connected to net (PARA-044)
Error: Invalid capacitor (*507 0) on net mprj_io_drive_sel[18]: Pin 'padframe/mprj_io_drive_sel[17]' is not connected to net (PARA-044)
Error: Invalid capacitor (*507 0) on net mprj_io_drive_sel[19]: Pin 'padframe/mprj_io_drive_sel[18]' is not connected to net (PARA-044)
Error: Invalid capacitor (*507 0) on net mprj_io_drive_sel[1]: Pin 'padframe/mprj_io_drive_sel[0]' is not connected to net (PARA-044)
Error: Invalid capacitor (*507 0) on net mprj_io_drive_sel[20]: Pin 'padframe/mprj_io_drive_sel[19]' is not connected to net (PARA-044)
Error: Invalid capacitor (*507 0) on net mprj_io_drive_sel[21]: Pin 'padframe/mprj_io_drive_sel[20]' is not connected to net (PARA-044)
Error: Invalid capacitor (*507 0) on net mprj_io_drive_sel[22]: Pin 'padframe/mprj_io_drive_sel[21]' is not connected to net (PARA-044)
Error: Invalid capacitor (*507 0) on net mprj_io_drive_sel[23]: Pin 'padframe/mprj_io_drive_sel[22]' is not connected to net (PARA-044)
Error: Invalid capacitor (*507 0) on net mprj_io_drive_sel[24]: Pin 'padframe/mprj_io_drive_sel[23]' is not connected to net (PARA-044)
Error: Invalid capacitor (*507 0) on net mprj_io_drive_sel[25]: Pin 'padframe/mprj_io_drive_sel[24]' is not connected to net (PARA-044)
Error: Invalid capacitor (*507 0) on net mprj_io_drive_sel[26]: Pin 'padframe/mprj_io_drive_sel[25]' is not connected to net (PARA-044)
Error: Invalid capacitor (*507 0) on net mprj_io_drive_sel[27]: Pin 'padframe/mprj_io_drive_sel[26]' is not connected to net (PARA-044)
Error: Invalid capacitor (*507 0) on net mprj_io_drive_sel[28]: Pin 'padframe/mprj_io_drive_sel[27]' is not connected to net (PARA-044)
Error: Invalid capacitor (*507 0) on net mprj_io_drive_sel[29]: Pin 'padframe/mprj_io_drive_sel[28]' is not connected to net (PARA-044)
Error: Invalid capacitor (*507 0) on net mprj_io_drive_sel[2]: Pin 'padframe/mprj_io_drive_sel[1]' is not connected to net (PARA-044)
Error: Invalid capacitor (*507 0) on net mprj_io_drive_sel[30]: Pin 'padframe/mprj_io_drive_sel[29]' is not connected to net (PARA-044)
Error: Invalid capacitor (*507 0) on net mprj_io_drive_sel[31]: Pin 'padframe/mprj_io_drive_sel[30]' is not connected to net (PARA-044)
Error: Invalid capacitor (*507 0) on net mprj_io_drive_sel[32]: Pin 'padframe/mprj_io_drive_sel[31]' is not connected to net (PARA-044)
Error: Invalid capacitor (*507 0) on net mprj_io_drive_sel[33]: Pin 'padframe/mprj_io_drive_sel[32]' is not connected to net (PARA-044)
Error: Invalid capacitor (*507 0) on net mprj_io_drive_sel[34]: Pin 'padframe/mprj_io_drive_sel[33]' is not connected to net (PARA-044)
Error: Invalid capacitor (*507 0) on net mprj_io_drive_sel[35]: Pin 'padframe/mprj_io_drive_sel[34]' is not connected to net (PARA-044)
Error: Invalid capacitor (*507 0) on net mprj_io_drive_sel[36]: Pin 'padframe/mprj_io_drive_sel[35]' is not connected to net (PARA-044)
Error: Invalid capacitor (*507 0) on net mprj_io_drive_sel[37]: Pin 'padframe/mprj_io_drive_sel[36]' is not connected to net (PARA-044)
Error: Invalid capacitor (*507 0) on net mprj_io_drive_sel[38]: Pin 'padframe/mprj_io_drive_sel[37]' is not connected to net (PARA-044)
Error: Invalid capacitor (*507 0) on net mprj_io_drive_sel[39]: Pin 'padframe/mprj_io_drive_sel[38]' is not connected to net (PARA-044)
Error: Invalid capacitor (*507 0) on net mprj_io_drive_sel[3]: Pin 'padframe/mprj_io_drive_sel[2]' is not connected to net (PARA-044)
Error: Invalid capacitor (*507 0) on net mprj_io_drive_sel[40]: Pin 'padframe/mprj_io_drive_sel[39]' is not connected to net (PARA-044)
Error: Invalid capacitor (*507 0) on net mprj_io_drive_sel[41]: Pin 'padframe/mprj_io_drive_sel[40]' is not connected to net (PARA-044)
Error: Invalid capacitor (*507 0) on net mprj_io_drive_sel[42]: Pin 'padframe/mprj_io_drive_sel[41]' is not connected to net (PARA-044)
Error: Invalid capacitor (*507 0) on net mprj_io_drive_sel[43]: Pin 'padframe/mprj_io_drive_sel[42]' is not connected to net (PARA-044)
Error: Invalid capacitor (*507 0) on net mprj_io_drive_sel[44]: Pin 'padframe/mprj_io_drive_sel[43]' is not connected to net (PARA-044)
Error: Invalid capacitor (*507 0) on net mprj_io_drive_sel[45]: Pin 'padframe/mprj_io_drive_sel[44]' is not connected to net (PARA-044)
Error: Invalid capacitor (*507 0) on net mprj_io_drive_sel[46]: Pin 'padframe/mprj_io_drive_sel[45]' is not connected to net (PARA-044)
Error: Invalid capacitor (*507 0) on net mprj_io_drive_sel[47]: Pin 'padframe/mprj_io_drive_sel[46]' is not connected to net (PARA-044)
Error: Invalid capacitor (*507 0) on net mprj_io_drive_sel[48]: Pin 'padframe/mprj_io_drive_sel[47]' is not connected to net (PARA-044)
Error: Invalid capacitor (*507 0) on net mprj_io_drive_sel[49]: Pin 'padframe/mprj_io_drive_sel[48]' is not connected to net (PARA-044)
Error: Invalid capacitor (*507 0) on net mprj_io_drive_sel[4]: Pin 'padframe/mprj_io_drive_sel[3]' is not connected to net (PARA-044)
Error: Invalid capacitor (*507 0) on net mprj_io_drive_sel[50]: Pin 'padframe/mprj_io_drive_sel[49]' is not connected to net (PARA-044)
Error: Invalid capacitor (*507 0) on net mprj_io_drive_sel[51]: Pin 'padframe/mprj_io_drive_sel[50]' is not connected to net (PARA-044)
Error: Invalid capacitor (*507 0) on net mprj_io_drive_sel[52]: Pin 'padframe/mprj_io_drive_sel[51]' is not connected to net (PARA-044)
Error: Invalid capacitor (*507 0) on net mprj_io_drive_sel[53]: Pin 'padframe/mprj_io_drive_sel[52]' is not connected to net (PARA-044)
Error: Invalid capacitor (*507 0) on net mprj_io_drive_sel[54]: Pin 'padframe/mprj_io_drive_sel[53]' is not connected to net (PARA-044)
Error: Invalid capacitor (*507 0) on net mprj_io_drive_sel[55]: Pin 'padframe/mprj_io_drive_sel[54]' is not connected to net (PARA-044)
Error: Invalid capacitor (*507 0) on net mprj_io_drive_sel[56]: Pin 'padframe/mprj_io_drive_sel[55]' is not connected to net (PARA-044)
Error: Invalid capacitor (*507 0) on net mprj_io_drive_sel[57]: Pin 'padframe/mprj_io_drive_sel[56]' is not connected to net (PARA-044)
Error: Invalid capacitor (*507 0) on net mprj_io_drive_sel[58]: Pin 'padframe/mprj_io_drive_sel[57]' is not connected to net (PARA-044)
Error: Invalid capacitor (*507 0) on net mprj_io_drive_sel[59]: Pin 'padframe/mprj_io_drive_sel[58]' is not connected to net (PARA-044)
Error: Invalid capacitor (*507 0) on net mprj_io_drive_sel[5]: Pin 'padframe/mprj_io_drive_sel[4]' is not connected to net (PARA-044)
Error: Invalid capacitor (*507 0) on net mprj_io_drive_sel[60]: Pin 'padframe/mprj_io_drive_sel[59]' is not connected to net (PARA-044)
Error: Invalid capacitor (*507 0) on net mprj_io_drive_sel[6]: Pin 'padframe/mprj_io_drive_sel[5]' is not connected to net (PARA-044)
Error: Invalid capacitor (*507 0) on net mprj_io_drive_sel[7]: Pin 'padframe/mprj_io_drive_sel[6]' is not connected to net (PARA-044)
Error: Invalid capacitor (*507 0) on net mprj_io_drive_sel[8]: Pin 'padframe/mprj_io_drive_sel[7]' is not connected to net (PARA-044)
Error: Invalid capacitor (*507 0) on net mprj_io_drive_sel[9]: Pin 'padframe/mprj_io_drive_sel[8]' is not connected to net (PARA-044)

****************************************
Report : read_parasitics /home/passant/caravel-gf180mcu/signoff/caravel/StarRC/caravel.max.spef
	-pin_cap_included
	-keep_capacitive_coupling
Design : caravel
Version: T-2022.03-SP3
Date   : Tue Dec 13 14:14:34 2022
****************************************

        60 error(s)
        Format is SPEF
        Annotated nets                   :          397
        Annotated capacitances           :         1523
        Annotated resistances            :         1126
        Annotated coupling capacitances  :            0
        Annotated PI models              :            0
        Annotated Elmore delays          :            0

****************************************
Report : annotated_parasitics
	-check
	-internal_nets
	-boundary_nets
Design : caravel
Version: T-2022.03-SP3
Date   : Tue Dec 13 14:14:34 2022
****************************************

                    |         |         |         |   RC    | Coupled |   Not   |
Net Type            |  Total  | Lumped  |  RC pi  | network | network |Annotated|
--------------------+---------+---------+---------+---------+---------+---------+
Internal nets       |         |         |         |         |         |         |
  - Pin to pin nets |   34221 |       0 |       0 |      31 |   34188 |       2 |
  - Driverless nets |    1211 |       0 |       0 |       1 |     177 |    1033 |
  - Loadless nets   |     735 |       0 |       0 |       6 |     317 |     412 |
--------------------+---------+---------+---------+---------+---------+---------+
Boundary/port nets  |         |         |         |         |         |         |
  - Pin to pin nets |      45 |       0 |       0 |      45 |       0 |       0 |
  - Driverless nets |       0 |       0 |       0 |       0 |       0 |       0 |
  - Loadless nets   |       0 |       0 |       0 |       0 |       0 |       0 |
--------------------+---------+---------+---------+---------+---------+---------+
                    |   36212 |       0 |       0 |      83 |   34682 |    1447 |

