1.  flash_clk_ie (driver: <none>)
2.  flash_csb_ie (driver: <none>)
3.  gpio_pd_select_core (driver: <none>)
4.  gpio_pu_select_core (driver: <none>)
5.  gpio_schmitt_select_core (driver: <none>)
6.  gpio_slew_select_core (driver: <none>)
7.  chip_core/housekeeping/clknet_2_3__leaf_mgmt_gpio_in[0] (driver: <none>)
8.  chip_core/housekeeping/clknet_2_3__leaf_mgmt_gpio_in[1] (driver: <none>)
9.  chip_core/housekeeping/clknet_2_3__leaf_mgmt_gpio_in[2] (driver: <none>)
10.  chip_core/housekeeping/clknet_0_mgmt_gpio_in[0] (driver: <none>)
11.  chip_core/housekeeping/clknet_2_3__leaf_mgmt_gpio_in[3] (driver: <none>)
12.  chip_core/housekeeping/clknet_0_mgmt_gpio_in[1] (driver: <none>)
13.  chip_core/housekeeping/clknet_0_mgmt_gpio_in[2] (driver: <none>)
14.  chip_core/housekeeping/clknet_0_mgmt_gpio_in[3] (driver: <none>)
15.  chip_core/housekeeping/clknet_2_0__leaf_mgmt_gpio_in[0] (driver: <none>)
16.  chip_core/housekeeping/clknet_2_0__leaf_mgmt_gpio_in[1] (driver: <none>)
17.  chip_core/housekeeping/clknet_2_0__leaf_mgmt_gpio_in[2] (driver: <none>)
18.  chip_core/housekeeping/clknet_2_0__leaf_mgmt_gpio_in[3] (driver: <none>)
19.  chip_core/housekeeping/clknet_2_1__leaf_mgmt_gpio_in[0] (driver: <none>)
20.  chip_core/housekeeping/clknet_2_1__leaf_mgmt_gpio_in[1] (driver: <none>)
21.  chip_core/housekeeping/clknet_2_1__leaf_mgmt_gpio_in[2] (driver: <none>)
22.  chip_core/housekeeping/clknet_2_1__leaf_mgmt_gpio_in[3] (driver: <none>)
23.  chip_core/housekeeping/clknet_2_2__leaf_mgmt_gpio_in[0] (driver: <none>)
24.  chip_core/housekeeping/clknet_2_2__leaf_mgmt_gpio_in[1] (driver: <none>)
25.  chip_core/housekeeping/clknet_2_2__leaf_mgmt_gpio_in[2] (driver: <none>)
26.  chip_core/housekeeping/clknet_2_2__leaf_mgmt_gpio_in[3] (driver: <none>)
27.  chip_core/mprj/vss (driver: pin chip_core/mprj/vss)
28.  chip_core/mprj/vdd (driver: pin chip_core/mprj/vdd)
29.  padframe/vss (driver: pin padframe/gf180mcu_fd_io__fill10_679/VSS)
30.  padframe/vdd (driver: pin padframe/gf180mcu_fd_io__fill10_679/VDD)
31.  chip_core/user_id_value/user_proj_id_nc[22] (driver: pin chip_core/user_id_value/mask_rev_value_one[22]/Z)
32.  chip_core/user_id_value/user_proj_id_nc[26] (driver: pin chip_core/user_id_value/mask_rev_value_one[26]/Z)
33.  chip_core/user_id_value/user_proj_id_nc[10] (driver: pin chip_core/user_id_value/mask_rev_value_one[10]/Z)
34.  chip_core/user_id_value/user_proj_id_nc[14] (driver: pin chip_core/user_id_value/mask_rev_value_one[14]/Z)
35.  chip_core/user_id_value/user_proj_id_nc[2] (driver: pin chip_core/user_id_value/mask_rev_value_one[2]/Z)
36.  chip_core/user_id_value/user_proj_id_nc[18] (driver: pin chip_core/user_id_value/mask_rev_value_one[18]/Z)
37.  chip_core/user_id_value/user_proj_id_nc[6] (driver: pin chip_core/user_id_value/mask_rev_value_one[6]/Z)
38.  chip_core/user_id_value/user_proj_id_nc[21] (driver: pin chip_core/user_id_value/mask_rev_value_one[21]/Z)
39.  chip_core/user_id_value/user_proj_id_nc[25] (driver: pin chip_core/user_id_value/mask_rev_value_one[25]/Z)
40.  chip_core/user_id_value/user_proj_id_nc[29] (driver: pin chip_core/user_id_value/mask_rev_value_one[29]/Z)
41.  chip_core/user_id_value/user_proj_id_nc[13] (driver: pin chip_core/user_id_value/mask_rev_value_one[13]/Z)
42.  chip_core/user_id_value/user_proj_id_nc[1] (driver: pin chip_core/user_id_value/mask_rev_value_one[1]/Z)
43.  chip_core/user_id_value/user_proj_id_nc[17] (driver: pin chip_core/user_id_value/mask_rev_value_one[17]/Z)
44.  chip_core/user_id_value/user_proj_id_nc[5] (driver: pin chip_core/user_id_value/mask_rev_value_one[5]/Z)
45.  chip_core/user_id_value/user_proj_id_nc[9] (driver: pin chip_core/user_id_value/mask_rev_value_one[9]/Z)
46.  chip_core/user_id_value/user_proj_id_nc[20] (driver: pin chip_core/user_id_value/mask_rev_value_one[20]/Z)
47.  chip_core/user_id_value/user_proj_id_nc[24] (driver: pin chip_core/user_id_value/mask_rev_value_one[24]/Z)
48.  chip_core/user_id_value/user_proj_id_nc[28] (driver: pin chip_core/user_id_value/mask_rev_value_one[28]/Z)
49.  chip_core/user_id_value/user_proj_id_nc[12] (driver: pin chip_core/user_id_value/mask_rev_value_one[12]/Z)
50.  chip_core/user_id_value/user_proj_id_nc[0] (driver: pin chip_core/user_id_value/mask_rev_value_one[0]/Z)
51.  chip_core/user_id_value/user_proj_id_nc[16] (driver: pin chip_core/user_id_value/mask_rev_value_one[16]/Z)
52.  chip_core/user_id_value/user_proj_id_nc[4] (driver: pin chip_core/user_id_value/mask_rev_value_one[4]/Z)
53.  chip_core/user_id_value/user_proj_id_nc[8] (driver: pin chip_core/user_id_value/mask_rev_value_one[8]/Z)
54.  chip_core/user_id_value/user_proj_id_nc[31] (driver: pin chip_core/user_id_value/mask_rev_value_one[31]/Z)
55.  chip_core/user_id_value/user_proj_id_nc[23] (driver: pin chip_core/user_id_value/mask_rev_value_one[23]/Z)
56.  chip_core/user_id_value/user_proj_id_nc[27] (driver: pin chip_core/user_id_value/mask_rev_value_one[27]/Z)
57.  chip_core/user_id_value/user_proj_id_nc[11] (driver: pin chip_core/user_id_value/mask_rev_value_one[11]/Z)
58.  chip_core/user_id_value/user_proj_id_nc[15] (driver: pin chip_core/user_id_value/mask_rev_value_one[15]/Z)
59.  chip_core/user_id_value/user_proj_id_nc[3] (driver: pin chip_core/user_id_value/mask_rev_value_one[3]/Z)
60.  chip_core/user_id_value/user_proj_id_nc[19] (driver: pin chip_core/user_id_value/mask_rev_value_one[19]/Z)
61.  chip_core/user_id_value/user_proj_id_nc[7] (driver: pin chip_core/user_id_value/mask_rev_value_one[7]/Z)
62.  chip_core/user_id_value/user_proj_id_nc[30] (driver: pin chip_core/user_id_value/mask_rev_value_one[30]/Z)
63.  chip_core/gpio_defaults_block_0/gpio_defaults_high[9] (driver: pin chip_core/gpio_defaults_block_0/gpio_default_value_one[9]/Z)
64.  chip_core/gpio_defaults_block_0/gpio_defaults_high[1] (driver: pin chip_core/gpio_defaults_block_0/gpio_default_value_one[1]/Z)
65.  chip_core/gpio_defaults_block_0/gpio_defaults_high[4] (driver: pin chip_core/gpio_defaults_block_0/gpio_default_value_one[4]/Z)
66.  chip_core/gpio_defaults_block_0/gpio_defaults_high[7] (driver: pin chip_core/gpio_defaults_block_0/gpio_default_value_one[7]/Z)
67.  chip_core/gpio_defaults_block_0/gpio_defaults_high[2] (driver: pin chip_core/gpio_defaults_block_0/gpio_default_value_one[2]/Z)
68.  chip_core/gpio_defaults_block_0/gpio_defaults_high[5] (driver: pin chip_core/gpio_defaults_block_0/gpio_default_value_one[5]/Z)
69.  chip_core/gpio_defaults_block_0/gpio_defaults_high[8] (driver: pin chip_core/gpio_defaults_block_0/gpio_default_value_one[8]/Z)
70.  chip_core/gpio_defaults_block_0/gpio_defaults_high[0] (driver: pin chip_core/gpio_defaults_block_0/gpio_default_value_one[0]/Z)
71.  chip_core/gpio_defaults_block_0/gpio_defaults_high[3] (driver: pin chip_core/gpio_defaults_block_0/gpio_default_value_one[3]/Z)
72.  chip_core/gpio_defaults_block_0/gpio_defaults_high[6] (driver: pin chip_core/gpio_defaults_block_0/gpio_default_value_one[6]/Z)
73.  chip_core/gpio_defaults_block_1/gpio_defaults_high[9] (driver: pin chip_core/gpio_defaults_block_1/gpio_default_value_one[9]/Z)
74.  chip_core/gpio_defaults_block_1/gpio_defaults_high[1] (driver: pin chip_core/gpio_defaults_block_1/gpio_default_value_one[1]/Z)
75.  chip_core/gpio_defaults_block_1/gpio_defaults_high[4] (driver: pin chip_core/gpio_defaults_block_1/gpio_default_value_one[4]/Z)
76.  chip_core/gpio_defaults_block_1/gpio_defaults_high[7] (driver: pin chip_core/gpio_defaults_block_1/gpio_default_value_one[7]/Z)
77.  chip_core/gpio_defaults_block_1/gpio_defaults_high[2] (driver: pin chip_core/gpio_defaults_block_1/gpio_default_value_one[2]/Z)
78.  chip_core/gpio_defaults_block_1/gpio_defaults_high[5] (driver: pin chip_core/gpio_defaults_block_1/gpio_default_value_one[5]/Z)
79.  chip_core/gpio_defaults_block_1/gpio_defaults_high[8] (driver: pin chip_core/gpio_defaults_block_1/gpio_default_value_one[8]/Z)
80.  chip_core/gpio_defaults_block_1/gpio_defaults_high[0] (driver: pin chip_core/gpio_defaults_block_1/gpio_default_value_one[0]/Z)
81.  chip_core/gpio_defaults_block_1/gpio_defaults_high[3] (driver: pin chip_core/gpio_defaults_block_1/gpio_default_value_one[3]/Z)
82.  chip_core/gpio_defaults_block_1/gpio_defaults_high[6] (driver: pin chip_core/gpio_defaults_block_1/gpio_default_value_one[6]/Z)
83.  chip_core/gpio_defaults_block_2/gpio_defaults_high[9] (driver: pin chip_core/gpio_defaults_block_2/gpio_default_value_one[9]/Z)
84.  chip_core/gpio_defaults_block_2/gpio_defaults_high[1] (driver: pin chip_core/gpio_defaults_block_2/gpio_default_value_one[1]/Z)
85.  chip_core/gpio_defaults_block_2/gpio_defaults_high[4] (driver: pin chip_core/gpio_defaults_block_2/gpio_default_value_one[4]/Z)
86.  chip_core/gpio_defaults_block_2/gpio_defaults_high[7] (driver: pin chip_core/gpio_defaults_block_2/gpio_default_value_one[7]/Z)
87.  chip_core/gpio_defaults_block_2/gpio_defaults_high[2] (driver: pin chip_core/gpio_defaults_block_2/gpio_default_value_one[2]/Z)
88.  chip_core/gpio_defaults_block_2/gpio_defaults_high[5] (driver: pin chip_core/gpio_defaults_block_2/gpio_default_value_one[5]/Z)
89.  chip_core/gpio_defaults_block_2/gpio_defaults_high[8] (driver: pin chip_core/gpio_defaults_block_2/gpio_default_value_one[8]/Z)
90.  chip_core/gpio_defaults_block_2/gpio_defaults_high[0] (driver: pin chip_core/gpio_defaults_block_2/gpio_default_value_one[0]/Z)
91.  chip_core/gpio_defaults_block_2/gpio_defaults_high[3] (driver: pin chip_core/gpio_defaults_block_2/gpio_default_value_one[3]/Z)
92.  chip_core/gpio_defaults_block_2/gpio_defaults_high[6] (driver: pin chip_core/gpio_defaults_block_2/gpio_default_value_one[6]/Z)
93.  chip_core/gpio_defaults_block_3/gpio_defaults_high[9] (driver: pin chip_core/gpio_defaults_block_3/gpio_default_value_one[9]/Z)
94.  chip_core/gpio_defaults_block_3/gpio_defaults_high[1] (driver: pin chip_core/gpio_defaults_block_3/gpio_default_value_one[1]/Z)
95.  chip_core/gpio_defaults_block_3/gpio_defaults_high[4] (driver: pin chip_core/gpio_defaults_block_3/gpio_default_value_one[4]/Z)
96.  chip_core/gpio_defaults_block_3/gpio_defaults_high[7] (driver: pin chip_core/gpio_defaults_block_3/gpio_default_value_one[7]/Z)
97.  chip_core/gpio_defaults_block_3/gpio_defaults_high[2] (driver: pin chip_core/gpio_defaults_block_3/gpio_default_value_one[2]/Z)
98.  chip_core/gpio_defaults_block_3/gpio_defaults_high[5] (driver: pin chip_core/gpio_defaults_block_3/gpio_default_value_one[5]/Z)
99.  chip_core/gpio_defaults_block_3/gpio_defaults_high[8] (driver: pin chip_core/gpio_defaults_block_3/gpio_default_value_one[8]/Z)
100.  chip_core/gpio_defaults_block_3/gpio_defaults_high[0] (driver: pin chip_core/gpio_defaults_block_3/gpio_default_value_one[0]/Z)
101.  chip_core/gpio_defaults_block_3/gpio_defaults_high[3] (driver: pin chip_core/gpio_defaults_block_3/gpio_default_value_one[3]/Z)
102.  chip_core/gpio_defaults_block_3/gpio_defaults_high[6] (driver: pin chip_core/gpio_defaults_block_3/gpio_default_value_one[6]/Z)
103.  chip_core/gpio_defaults_block_4/gpio_defaults_high[9] (driver: pin chip_core/gpio_defaults_block_4/gpio_default_value_one[9]/Z)
104.  chip_core/gpio_defaults_block_4/gpio_defaults_high[1] (driver: pin chip_core/gpio_defaults_block_4/gpio_default_value_one[1]/Z)
105.  chip_core/gpio_defaults_block_4/gpio_defaults_high[4] (driver: pin chip_core/gpio_defaults_block_4/gpio_default_value_one[4]/Z)
106.  chip_core/gpio_defaults_block_4/gpio_defaults_high[7] (driver: pin chip_core/gpio_defaults_block_4/gpio_default_value_one[7]/Z)
107.  chip_core/gpio_defaults_block_4/gpio_defaults_high[2] (driver: pin chip_core/gpio_defaults_block_4/gpio_default_value_one[2]/Z)
108.  chip_core/gpio_defaults_block_4/gpio_defaults_high[5] (driver: pin chip_core/gpio_defaults_block_4/gpio_default_value_one[5]/Z)
109.  chip_core/gpio_defaults_block_4/gpio_defaults_high[8] (driver: pin chip_core/gpio_defaults_block_4/gpio_default_value_one[8]/Z)
110.  chip_core/gpio_defaults_block_4/gpio_defaults_high[0] (driver: pin chip_core/gpio_defaults_block_4/gpio_default_value_one[0]/Z)
111.  chip_core/gpio_defaults_block_4/gpio_defaults_high[3] (driver: pin chip_core/gpio_defaults_block_4/gpio_default_value_one[3]/Z)
112.  chip_core/gpio_defaults_block_4/gpio_defaults_high[6] (driver: pin chip_core/gpio_defaults_block_4/gpio_default_value_one[6]/Z)
113.  chip_core/gpio_defaults_block_5/gpio_defaults_high[9] (driver: pin chip_core/gpio_defaults_block_5/gpio_default_value_one[9]/Z)
114.  chip_core/gpio_defaults_block_5/gpio_defaults_high[1] (driver: pin chip_core/gpio_defaults_block_5/gpio_default_value_one[1]/Z)
115.  chip_core/gpio_defaults_block_5/gpio_defaults_high[4] (driver: pin chip_core/gpio_defaults_block_5/gpio_default_value_one[4]/Z)
116.  chip_core/gpio_defaults_block_5/gpio_defaults_high[7] (driver: pin chip_core/gpio_defaults_block_5/gpio_default_value_one[7]/Z)
117.  chip_core/gpio_defaults_block_5/gpio_defaults_high[2] (driver: pin chip_core/gpio_defaults_block_5/gpio_default_value_one[2]/Z)
118.  chip_core/gpio_defaults_block_5/gpio_defaults_high[5] (driver: pin chip_core/gpio_defaults_block_5/gpio_default_value_one[5]/Z)
119.  chip_core/gpio_defaults_block_5/gpio_defaults_high[8] (driver: pin chip_core/gpio_defaults_block_5/gpio_default_value_one[8]/Z)
120.  chip_core/gpio_defaults_block_5/gpio_defaults_high[0] (driver: pin chip_core/gpio_defaults_block_5/gpio_default_value_one[0]/Z)
121.  chip_core/gpio_defaults_block_5/gpio_defaults_high[3] (driver: pin chip_core/gpio_defaults_block_5/gpio_default_value_one[3]/Z)
122.  chip_core/gpio_defaults_block_5/gpio_defaults_high[6] (driver: pin chip_core/gpio_defaults_block_5/gpio_default_value_one[6]/Z)
123.  chip_core/gpio_defaults_block_6/gpio_defaults_high[9] (driver: pin chip_core/gpio_defaults_block_6/gpio_default_value_one[9]/Z)
124.  chip_core/gpio_defaults_block_6/gpio_defaults_high[1] (driver: pin chip_core/gpio_defaults_block_6/gpio_default_value_one[1]/Z)
125.  chip_core/gpio_defaults_block_6/gpio_defaults_high[4] (driver: pin chip_core/gpio_defaults_block_6/gpio_default_value_one[4]/Z)
126.  chip_core/gpio_defaults_block_6/gpio_defaults_high[7] (driver: pin chip_core/gpio_defaults_block_6/gpio_default_value_one[7]/Z)
127.  chip_core/gpio_defaults_block_6/gpio_defaults_high[2] (driver: pin chip_core/gpio_defaults_block_6/gpio_default_value_one[2]/Z)
128.  chip_core/gpio_defaults_block_6/gpio_defaults_high[5] (driver: pin chip_core/gpio_defaults_block_6/gpio_default_value_one[5]/Z)
129.  chip_core/gpio_defaults_block_6/gpio_defaults_high[8] (driver: pin chip_core/gpio_defaults_block_6/gpio_default_value_one[8]/Z)
130.  chip_core/gpio_defaults_block_6/gpio_defaults_high[0] (driver: pin chip_core/gpio_defaults_block_6/gpio_default_value_one[0]/Z)
131.  chip_core/gpio_defaults_block_6/gpio_defaults_high[3] (driver: pin chip_core/gpio_defaults_block_6/gpio_default_value_one[3]/Z)
132.  chip_core/gpio_defaults_block_6/gpio_defaults_high[6] (driver: pin chip_core/gpio_defaults_block_6/gpio_default_value_one[6]/Z)
133.  chip_core/gpio_defaults_block_7/gpio_defaults_high[9] (driver: pin chip_core/gpio_defaults_block_7/gpio_default_value_one[9]/Z)
134.  chip_core/gpio_defaults_block_7/gpio_defaults_high[1] (driver: pin chip_core/gpio_defaults_block_7/gpio_default_value_one[1]/Z)
135.  chip_core/gpio_defaults_block_7/gpio_defaults_high[4] (driver: pin chip_core/gpio_defaults_block_7/gpio_default_value_one[4]/Z)
136.  chip_core/gpio_defaults_block_7/gpio_defaults_high[7] (driver: pin chip_core/gpio_defaults_block_7/gpio_default_value_one[7]/Z)
137.  chip_core/gpio_defaults_block_7/gpio_defaults_high[2] (driver: pin chip_core/gpio_defaults_block_7/gpio_default_value_one[2]/Z)
138.  chip_core/gpio_defaults_block_7/gpio_defaults_high[5] (driver: pin chip_core/gpio_defaults_block_7/gpio_default_value_one[5]/Z)
139.  chip_core/gpio_defaults_block_7/gpio_defaults_high[8] (driver: pin chip_core/gpio_defaults_block_7/gpio_default_value_one[8]/Z)
140.  chip_core/gpio_defaults_block_7/gpio_defaults_high[0] (driver: pin chip_core/gpio_defaults_block_7/gpio_default_value_one[0]/Z)
141.  chip_core/gpio_defaults_block_7/gpio_defaults_high[3] (driver: pin chip_core/gpio_defaults_block_7/gpio_default_value_one[3]/Z)
142.  chip_core/gpio_defaults_block_7/gpio_defaults_high[6] (driver: pin chip_core/gpio_defaults_block_7/gpio_default_value_one[6]/Z)
143.  chip_core/gpio_defaults_block_8/gpio_defaults_high[9] (driver: pin chip_core/gpio_defaults_block_8/gpio_default_value_one[9]/Z)
144.  chip_core/gpio_defaults_block_8/gpio_defaults_high[1] (driver: pin chip_core/gpio_defaults_block_8/gpio_default_value_one[1]/Z)
145.  chip_core/gpio_defaults_block_8/gpio_defaults_high[4] (driver: pin chip_core/gpio_defaults_block_8/gpio_default_value_one[4]/Z)
146.  chip_core/gpio_defaults_block_8/gpio_defaults_high[7] (driver: pin chip_core/gpio_defaults_block_8/gpio_default_value_one[7]/Z)
147.  chip_core/gpio_defaults_block_8/gpio_defaults_high[2] (driver: pin chip_core/gpio_defaults_block_8/gpio_default_value_one[2]/Z)
148.  chip_core/gpio_defaults_block_8/gpio_defaults_high[5] (driver: pin chip_core/gpio_defaults_block_8/gpio_default_value_one[5]/Z)
149.  chip_core/gpio_defaults_block_8/gpio_defaults_high[8] (driver: pin chip_core/gpio_defaults_block_8/gpio_default_value_one[8]/Z)
150.  chip_core/gpio_defaults_block_8/gpio_defaults_high[0] (driver: pin chip_core/gpio_defaults_block_8/gpio_default_value_one[0]/Z)
151.  chip_core/gpio_defaults_block_8/gpio_defaults_high[3] (driver: pin chip_core/gpio_defaults_block_8/gpio_default_value_one[3]/Z)
152.  chip_core/gpio_defaults_block_8/gpio_defaults_high[6] (driver: pin chip_core/gpio_defaults_block_8/gpio_default_value_one[6]/Z)
153.  chip_core/gpio_defaults_block_9/gpio_defaults_high[9] (driver: pin chip_core/gpio_defaults_block_9/gpio_default_value_one[9]/Z)
154.  chip_core/gpio_defaults_block_9/gpio_defaults_high[1] (driver: pin chip_core/gpio_defaults_block_9/gpio_default_value_one[1]/Z)
155.  chip_core/gpio_defaults_block_9/gpio_defaults_high[4] (driver: pin chip_core/gpio_defaults_block_9/gpio_default_value_one[4]/Z)
156.  chip_core/gpio_defaults_block_9/gpio_defaults_high[7] (driver: pin chip_core/gpio_defaults_block_9/gpio_default_value_one[7]/Z)
157.  chip_core/gpio_defaults_block_9/gpio_defaults_high[2] (driver: pin chip_core/gpio_defaults_block_9/gpio_default_value_one[2]/Z)
158.  chip_core/gpio_defaults_block_9/gpio_defaults_high[5] (driver: pin chip_core/gpio_defaults_block_9/gpio_default_value_one[5]/Z)
159.  chip_core/gpio_defaults_block_9/gpio_defaults_high[8] (driver: pin chip_core/gpio_defaults_block_9/gpio_default_value_one[8]/Z)
160.  chip_core/gpio_defaults_block_9/gpio_defaults_high[0] (driver: pin chip_core/gpio_defaults_block_9/gpio_default_value_one[0]/Z)
161.  chip_core/gpio_defaults_block_9/gpio_defaults_high[3] (driver: pin chip_core/gpio_defaults_block_9/gpio_default_value_one[3]/Z)
162.  chip_core/gpio_defaults_block_9/gpio_defaults_high[6] (driver: pin chip_core/gpio_defaults_block_9/gpio_default_value_one[6]/Z)
163.  chip_core/gpio_defaults_block_10/gpio_defaults_high[9] (driver: pin chip_core/gpio_defaults_block_10/gpio_default_value_one[9]/Z)
164.  chip_core/gpio_defaults_block_10/gpio_defaults_high[1] (driver: pin chip_core/gpio_defaults_block_10/gpio_default_value_one[1]/Z)
165.  chip_core/gpio_defaults_block_10/gpio_defaults_high[4] (driver: pin chip_core/gpio_defaults_block_10/gpio_default_value_one[4]/Z)
166.  chip_core/gpio_defaults_block_10/gpio_defaults_high[7] (driver: pin chip_core/gpio_defaults_block_10/gpio_default_value_one[7]/Z)
167.  chip_core/gpio_defaults_block_10/gpio_defaults_high[2] (driver: pin chip_core/gpio_defaults_block_10/gpio_default_value_one[2]/Z)
168.  chip_core/gpio_defaults_block_10/gpio_defaults_high[5] (driver: pin chip_core/gpio_defaults_block_10/gpio_default_value_one[5]/Z)
169.  chip_core/gpio_defaults_block_10/gpio_defaults_high[8] (driver: pin chip_core/gpio_defaults_block_10/gpio_default_value_one[8]/Z)
170.  chip_core/gpio_defaults_block_10/gpio_defaults_high[0] (driver: pin chip_core/gpio_defaults_block_10/gpio_default_value_one[0]/Z)
171.  chip_core/gpio_defaults_block_10/gpio_defaults_high[3] (driver: pin chip_core/gpio_defaults_block_10/gpio_default_value_one[3]/Z)
172.  chip_core/gpio_defaults_block_10/gpio_defaults_high[6] (driver: pin chip_core/gpio_defaults_block_10/gpio_default_value_one[6]/Z)
173.  chip_core/gpio_defaults_block_11/gpio_defaults_high[9] (driver: pin chip_core/gpio_defaults_block_11/gpio_default_value_one[9]/Z)
174.  chip_core/gpio_defaults_block_11/gpio_defaults_high[1] (driver: pin chip_core/gpio_defaults_block_11/gpio_default_value_one[1]/Z)
175.  chip_core/gpio_defaults_block_11/gpio_defaults_high[4] (driver: pin chip_core/gpio_defaults_block_11/gpio_default_value_one[4]/Z)
176.  chip_core/gpio_defaults_block_11/gpio_defaults_high[7] (driver: pin chip_core/gpio_defaults_block_11/gpio_default_value_one[7]/Z)
177.  chip_core/gpio_defaults_block_11/gpio_defaults_high[2] (driver: pin chip_core/gpio_defaults_block_11/gpio_default_value_one[2]/Z)
178.  chip_core/gpio_defaults_block_11/gpio_defaults_high[5] (driver: pin chip_core/gpio_defaults_block_11/gpio_default_value_one[5]/Z)
179.  chip_core/gpio_defaults_block_11/gpio_defaults_high[8] (driver: pin chip_core/gpio_defaults_block_11/gpio_default_value_one[8]/Z)
180.  chip_core/gpio_defaults_block_11/gpio_defaults_high[0] (driver: pin chip_core/gpio_defaults_block_11/gpio_default_value_one[0]/Z)
181.  chip_core/gpio_defaults_block_11/gpio_defaults_high[3] (driver: pin chip_core/gpio_defaults_block_11/gpio_default_value_one[3]/Z)
182.  chip_core/gpio_defaults_block_11/gpio_defaults_high[6] (driver: pin chip_core/gpio_defaults_block_11/gpio_default_value_one[6]/Z)
183.  chip_core/gpio_defaults_block_12/gpio_defaults_high[9] (driver: pin chip_core/gpio_defaults_block_12/gpio_default_value_one[9]/Z)
184.  chip_core/gpio_defaults_block_12/gpio_defaults_high[1] (driver: pin chip_core/gpio_defaults_block_12/gpio_default_value_one[1]/Z)
185.  chip_core/gpio_defaults_block_12/gpio_defaults_high[4] (driver: pin chip_core/gpio_defaults_block_12/gpio_default_value_one[4]/Z)
186.  chip_core/gpio_defaults_block_12/gpio_defaults_high[7] (driver: pin chip_core/gpio_defaults_block_12/gpio_default_value_one[7]/Z)
187.  chip_core/gpio_defaults_block_12/gpio_defaults_high[2] (driver: pin chip_core/gpio_defaults_block_12/gpio_default_value_one[2]/Z)
188.  chip_core/gpio_defaults_block_12/gpio_defaults_high[5] (driver: pin chip_core/gpio_defaults_block_12/gpio_default_value_one[5]/Z)
189.  chip_core/gpio_defaults_block_12/gpio_defaults_high[8] (driver: pin chip_core/gpio_defaults_block_12/gpio_default_value_one[8]/Z)
190.  chip_core/gpio_defaults_block_12/gpio_defaults_high[0] (driver: pin chip_core/gpio_defaults_block_12/gpio_default_value_one[0]/Z)
191.  chip_core/gpio_defaults_block_12/gpio_defaults_high[3] (driver: pin chip_core/gpio_defaults_block_12/gpio_default_value_one[3]/Z)
192.  chip_core/gpio_defaults_block_12/gpio_defaults_high[6] (driver: pin chip_core/gpio_defaults_block_12/gpio_default_value_one[6]/Z)
193.  chip_core/gpio_defaults_block_13/gpio_defaults_high[9] (driver: pin chip_core/gpio_defaults_block_13/gpio_default_value_one[9]/Z)
194.  chip_core/gpio_defaults_block_13/gpio_defaults_high[1] (driver: pin chip_core/gpio_defaults_block_13/gpio_default_value_one[1]/Z)
195.  chip_core/gpio_defaults_block_13/gpio_defaults_high[4] (driver: pin chip_core/gpio_defaults_block_13/gpio_default_value_one[4]/Z)
196.  chip_core/gpio_defaults_block_13/gpio_defaults_high[7] (driver: pin chip_core/gpio_defaults_block_13/gpio_default_value_one[7]/Z)
197.  chip_core/gpio_defaults_block_13/gpio_defaults_high[2] (driver: pin chip_core/gpio_defaults_block_13/gpio_default_value_one[2]/Z)
198.  chip_core/gpio_defaults_block_13/gpio_defaults_high[5] (driver: pin chip_core/gpio_defaults_block_13/gpio_default_value_one[5]/Z)
199.  chip_core/gpio_defaults_block_13/gpio_defaults_high[8] (driver: pin chip_core/gpio_defaults_block_13/gpio_default_value_one[8]/Z)
200.  chip_core/gpio_defaults_block_13/gpio_defaults_high[0] (driver: pin chip_core/gpio_defaults_block_13/gpio_default_value_one[0]/Z)
201.  chip_core/gpio_defaults_block_13/gpio_defaults_high[3] (driver: pin chip_core/gpio_defaults_block_13/gpio_default_value_one[3]/Z)
202.  chip_core/gpio_defaults_block_13/gpio_defaults_high[6] (driver: pin chip_core/gpio_defaults_block_13/gpio_default_value_one[6]/Z)
203.  chip_core/gpio_defaults_block_14/gpio_defaults_high[9] (driver: pin chip_core/gpio_defaults_block_14/gpio_default_value_one[9]/Z)
204.  chip_core/gpio_defaults_block_14/gpio_defaults_high[1] (driver: pin chip_core/gpio_defaults_block_14/gpio_default_value_one[1]/Z)
205.  chip_core/gpio_defaults_block_14/gpio_defaults_high[4] (driver: pin chip_core/gpio_defaults_block_14/gpio_default_value_one[4]/Z)
206.  chip_core/gpio_defaults_block_14/gpio_defaults_high[7] (driver: pin chip_core/gpio_defaults_block_14/gpio_default_value_one[7]/Z)
207.  chip_core/gpio_defaults_block_14/gpio_defaults_high[2] (driver: pin chip_core/gpio_defaults_block_14/gpio_default_value_one[2]/Z)
208.  chip_core/gpio_defaults_block_14/gpio_defaults_high[5] (driver: pin chip_core/gpio_defaults_block_14/gpio_default_value_one[5]/Z)
209.  chip_core/gpio_defaults_block_14/gpio_defaults_high[8] (driver: pin chip_core/gpio_defaults_block_14/gpio_default_value_one[8]/Z)
210.  chip_core/gpio_defaults_block_14/gpio_defaults_high[0] (driver: pin chip_core/gpio_defaults_block_14/gpio_default_value_one[0]/Z)
211.  chip_core/gpio_defaults_block_14/gpio_defaults_high[3] (driver: pin chip_core/gpio_defaults_block_14/gpio_default_value_one[3]/Z)
212.  chip_core/gpio_defaults_block_14/gpio_defaults_high[6] (driver: pin chip_core/gpio_defaults_block_14/gpio_default_value_one[6]/Z)
213.  chip_core/gpio_defaults_block_15/gpio_defaults_high[9] (driver: pin chip_core/gpio_defaults_block_15/gpio_default_value_one[9]/Z)
214.  chip_core/gpio_defaults_block_15/gpio_defaults_high[1] (driver: pin chip_core/gpio_defaults_block_15/gpio_default_value_one[1]/Z)
215.  chip_core/gpio_defaults_block_15/gpio_defaults_high[4] (driver: pin chip_core/gpio_defaults_block_15/gpio_default_value_one[4]/Z)
216.  chip_core/gpio_defaults_block_15/gpio_defaults_high[7] (driver: pin chip_core/gpio_defaults_block_15/gpio_default_value_one[7]/Z)
217.  chip_core/gpio_defaults_block_15/gpio_defaults_high[2] (driver: pin chip_core/gpio_defaults_block_15/gpio_default_value_one[2]/Z)
218.  chip_core/gpio_defaults_block_15/gpio_defaults_high[5] (driver: pin chip_core/gpio_defaults_block_15/gpio_default_value_one[5]/Z)
219.  chip_core/gpio_defaults_block_15/gpio_defaults_high[8] (driver: pin chip_core/gpio_defaults_block_15/gpio_default_value_one[8]/Z)
220.  chip_core/gpio_defaults_block_15/gpio_defaults_high[0] (driver: pin chip_core/gpio_defaults_block_15/gpio_default_value_one[0]/Z)
221.  chip_core/gpio_defaults_block_15/gpio_defaults_high[3] (driver: pin chip_core/gpio_defaults_block_15/gpio_default_value_one[3]/Z)
222.  chip_core/gpio_defaults_block_15/gpio_defaults_high[6] (driver: pin chip_core/gpio_defaults_block_15/gpio_default_value_one[6]/Z)
223.  chip_core/gpio_defaults_block_16/gpio_defaults_high[9] (driver: pin chip_core/gpio_defaults_block_16/gpio_default_value_one[9]/Z)
224.  chip_core/gpio_defaults_block_16/gpio_defaults_high[1] (driver: pin chip_core/gpio_defaults_block_16/gpio_default_value_one[1]/Z)
225.  chip_core/gpio_defaults_block_16/gpio_defaults_high[4] (driver: pin chip_core/gpio_defaults_block_16/gpio_default_value_one[4]/Z)
226.  chip_core/gpio_defaults_block_16/gpio_defaults_high[7] (driver: pin chip_core/gpio_defaults_block_16/gpio_default_value_one[7]/Z)
227.  chip_core/gpio_defaults_block_16/gpio_defaults_high[2] (driver: pin chip_core/gpio_defaults_block_16/gpio_default_value_one[2]/Z)
228.  chip_core/gpio_defaults_block_16/gpio_defaults_high[5] (driver: pin chip_core/gpio_defaults_block_16/gpio_default_value_one[5]/Z)
229.  chip_core/gpio_defaults_block_16/gpio_defaults_high[8] (driver: pin chip_core/gpio_defaults_block_16/gpio_default_value_one[8]/Z)
230.  chip_core/gpio_defaults_block_16/gpio_defaults_high[0] (driver: pin chip_core/gpio_defaults_block_16/gpio_default_value_one[0]/Z)
231.  chip_core/gpio_defaults_block_16/gpio_defaults_high[3] (driver: pin chip_core/gpio_defaults_block_16/gpio_default_value_one[3]/Z)
232.  chip_core/gpio_defaults_block_16/gpio_defaults_high[6] (driver: pin chip_core/gpio_defaults_block_16/gpio_default_value_one[6]/Z)
233.  chip_core/gpio_defaults_block_17/gpio_defaults_high[9] (driver: pin chip_core/gpio_defaults_block_17/gpio_default_value_one[9]/Z)
234.  chip_core/gpio_defaults_block_17/gpio_defaults_high[1] (driver: pin chip_core/gpio_defaults_block_17/gpio_default_value_one[1]/Z)
235.  chip_core/gpio_defaults_block_17/gpio_defaults_high[4] (driver: pin chip_core/gpio_defaults_block_17/gpio_default_value_one[4]/Z)
236.  chip_core/gpio_defaults_block_17/gpio_defaults_high[7] (driver: pin chip_core/gpio_defaults_block_17/gpio_default_value_one[7]/Z)
237.  chip_core/gpio_defaults_block_17/gpio_defaults_high[2] (driver: pin chip_core/gpio_defaults_block_17/gpio_default_value_one[2]/Z)
238.  chip_core/gpio_defaults_block_17/gpio_defaults_high[5] (driver: pin chip_core/gpio_defaults_block_17/gpio_default_value_one[5]/Z)
239.  chip_core/gpio_defaults_block_17/gpio_defaults_high[8] (driver: pin chip_core/gpio_defaults_block_17/gpio_default_value_one[8]/Z)
240.  chip_core/gpio_defaults_block_17/gpio_defaults_high[0] (driver: pin chip_core/gpio_defaults_block_17/gpio_default_value_one[0]/Z)
241.  chip_core/gpio_defaults_block_17/gpio_defaults_high[3] (driver: pin chip_core/gpio_defaults_block_17/gpio_default_value_one[3]/Z)
242.  chip_core/gpio_defaults_block_17/gpio_defaults_high[6] (driver: pin chip_core/gpio_defaults_block_17/gpio_default_value_one[6]/Z)
243.  chip_core/gpio_defaults_block_18/gpio_defaults_high[9] (driver: pin chip_core/gpio_defaults_block_18/gpio_default_value_one[9]/Z)
244.  chip_core/gpio_defaults_block_18/gpio_defaults_high[1] (driver: pin chip_core/gpio_defaults_block_18/gpio_default_value_one[1]/Z)
245.  chip_core/gpio_defaults_block_18/gpio_defaults_high[4] (driver: pin chip_core/gpio_defaults_block_18/gpio_default_value_one[4]/Z)
246.  chip_core/gpio_defaults_block_18/gpio_defaults_high[7] (driver: pin chip_core/gpio_defaults_block_18/gpio_default_value_one[7]/Z)
247.  chip_core/gpio_defaults_block_18/gpio_defaults_high[2] (driver: pin chip_core/gpio_defaults_block_18/gpio_default_value_one[2]/Z)
248.  chip_core/gpio_defaults_block_18/gpio_defaults_high[5] (driver: pin chip_core/gpio_defaults_block_18/gpio_default_value_one[5]/Z)
249.  chip_core/gpio_defaults_block_18/gpio_defaults_high[8] (driver: pin chip_core/gpio_defaults_block_18/gpio_default_value_one[8]/Z)
250.  chip_core/gpio_defaults_block_18/gpio_defaults_high[0] (driver: pin chip_core/gpio_defaults_block_18/gpio_default_value_one[0]/Z)
251.  chip_core/gpio_defaults_block_18/gpio_defaults_high[3] (driver: pin chip_core/gpio_defaults_block_18/gpio_default_value_one[3]/Z)
252.  chip_core/gpio_defaults_block_18/gpio_defaults_high[6] (driver: pin chip_core/gpio_defaults_block_18/gpio_default_value_one[6]/Z)
253.  chip_core/gpio_defaults_block_19/gpio_defaults_high[9] (driver: pin chip_core/gpio_defaults_block_19/gpio_default_value_one[9]/Z)
254.  chip_core/gpio_defaults_block_19/gpio_defaults_high[1] (driver: pin chip_core/gpio_defaults_block_19/gpio_default_value_one[1]/Z)
255.  chip_core/gpio_defaults_block_19/gpio_defaults_high[4] (driver: pin chip_core/gpio_defaults_block_19/gpio_default_value_one[4]/Z)
256.  chip_core/gpio_defaults_block_19/gpio_defaults_high[7] (driver: pin chip_core/gpio_defaults_block_19/gpio_default_value_one[7]/Z)
257.  chip_core/gpio_defaults_block_19/gpio_defaults_high[2] (driver: pin chip_core/gpio_defaults_block_19/gpio_default_value_one[2]/Z)
258.  chip_core/gpio_defaults_block_19/gpio_defaults_high[5] (driver: pin chip_core/gpio_defaults_block_19/gpio_default_value_one[5]/Z)
259.  chip_core/gpio_defaults_block_19/gpio_defaults_high[8] (driver: pin chip_core/gpio_defaults_block_19/gpio_default_value_one[8]/Z)
260.  chip_core/gpio_defaults_block_19/gpio_defaults_high[0] (driver: pin chip_core/gpio_defaults_block_19/gpio_default_value_one[0]/Z)
261.  chip_core/gpio_defaults_block_19/gpio_defaults_high[3] (driver: pin chip_core/gpio_defaults_block_19/gpio_default_value_one[3]/Z)
262.  chip_core/gpio_defaults_block_19/gpio_defaults_high[6] (driver: pin chip_core/gpio_defaults_block_19/gpio_default_value_one[6]/Z)
263.  chip_core/gpio_defaults_block_20/gpio_defaults_high[9] (driver: pin chip_core/gpio_defaults_block_20/gpio_default_value_one[9]/Z)
264.  chip_core/gpio_defaults_block_20/gpio_defaults_high[1] (driver: pin chip_core/gpio_defaults_block_20/gpio_default_value_one[1]/Z)
265.  chip_core/gpio_defaults_block_20/gpio_defaults_high[4] (driver: pin chip_core/gpio_defaults_block_20/gpio_default_value_one[4]/Z)
266.  chip_core/gpio_defaults_block_20/gpio_defaults_high[7] (driver: pin chip_core/gpio_defaults_block_20/gpio_default_value_one[7]/Z)
267.  chip_core/gpio_defaults_block_20/gpio_defaults_high[2] (driver: pin chip_core/gpio_defaults_block_20/gpio_default_value_one[2]/Z)
268.  chip_core/gpio_defaults_block_20/gpio_defaults_high[5] (driver: pin chip_core/gpio_defaults_block_20/gpio_default_value_one[5]/Z)
269.  chip_core/gpio_defaults_block_20/gpio_defaults_high[8] (driver: pin chip_core/gpio_defaults_block_20/gpio_default_value_one[8]/Z)
270.  chip_core/gpio_defaults_block_20/gpio_defaults_high[0] (driver: pin chip_core/gpio_defaults_block_20/gpio_default_value_one[0]/Z)
271.  chip_core/gpio_defaults_block_20/gpio_defaults_high[3] (driver: pin chip_core/gpio_defaults_block_20/gpio_default_value_one[3]/Z)
272.  chip_core/gpio_defaults_block_20/gpio_defaults_high[6] (driver: pin chip_core/gpio_defaults_block_20/gpio_default_value_one[6]/Z)
273.  chip_core/gpio_defaults_block_21/gpio_defaults_high[9] (driver: pin chip_core/gpio_defaults_block_21/gpio_default_value_one[9]/Z)
274.  chip_core/gpio_defaults_block_21/gpio_defaults_high[1] (driver: pin chip_core/gpio_defaults_block_21/gpio_default_value_one[1]/Z)
275.  chip_core/gpio_defaults_block_21/gpio_defaults_high[4] (driver: pin chip_core/gpio_defaults_block_21/gpio_default_value_one[4]/Z)
276.  chip_core/gpio_defaults_block_21/gpio_defaults_high[7] (driver: pin chip_core/gpio_defaults_block_21/gpio_default_value_one[7]/Z)
277.  chip_core/gpio_defaults_block_21/gpio_defaults_high[2] (driver: pin chip_core/gpio_defaults_block_21/gpio_default_value_one[2]/Z)
278.  chip_core/gpio_defaults_block_21/gpio_defaults_high[5] (driver: pin chip_core/gpio_defaults_block_21/gpio_default_value_one[5]/Z)
279.  chip_core/gpio_defaults_block_21/gpio_defaults_high[8] (driver: pin chip_core/gpio_defaults_block_21/gpio_default_value_one[8]/Z)
280.  chip_core/gpio_defaults_block_21/gpio_defaults_high[0] (driver: pin chip_core/gpio_defaults_block_21/gpio_default_value_one[0]/Z)
281.  chip_core/gpio_defaults_block_21/gpio_defaults_high[3] (driver: pin chip_core/gpio_defaults_block_21/gpio_default_value_one[3]/Z)
282.  chip_core/gpio_defaults_block_21/gpio_defaults_high[6] (driver: pin chip_core/gpio_defaults_block_21/gpio_default_value_one[6]/Z)
283.  chip_core/gpio_defaults_block_22/gpio_defaults_high[9] (driver: pin chip_core/gpio_defaults_block_22/gpio_default_value_one[9]/Z)
284.  chip_core/gpio_defaults_block_22/gpio_defaults_high[1] (driver: pin chip_core/gpio_defaults_block_22/gpio_default_value_one[1]/Z)
285.  chip_core/gpio_defaults_block_22/gpio_defaults_high[4] (driver: pin chip_core/gpio_defaults_block_22/gpio_default_value_one[4]/Z)
286.  chip_core/gpio_defaults_block_22/gpio_defaults_high[7] (driver: pin chip_core/gpio_defaults_block_22/gpio_default_value_one[7]/Z)
287.  chip_core/gpio_defaults_block_22/gpio_defaults_high[2] (driver: pin chip_core/gpio_defaults_block_22/gpio_default_value_one[2]/Z)
288.  chip_core/gpio_defaults_block_22/gpio_defaults_high[5] (driver: pin chip_core/gpio_defaults_block_22/gpio_default_value_one[5]/Z)
289.  chip_core/gpio_defaults_block_22/gpio_defaults_high[8] (driver: pin chip_core/gpio_defaults_block_22/gpio_default_value_one[8]/Z)
290.  chip_core/gpio_defaults_block_22/gpio_defaults_high[0] (driver: pin chip_core/gpio_defaults_block_22/gpio_default_value_one[0]/Z)
291.  chip_core/gpio_defaults_block_22/gpio_defaults_high[3] (driver: pin chip_core/gpio_defaults_block_22/gpio_default_value_one[3]/Z)
292.  chip_core/gpio_defaults_block_22/gpio_defaults_high[6] (driver: pin chip_core/gpio_defaults_block_22/gpio_default_value_one[6]/Z)
293.  chip_core/gpio_defaults_block_23/gpio_defaults_high[9] (driver: pin chip_core/gpio_defaults_block_23/gpio_default_value_one[9]/Z)
294.  chip_core/gpio_defaults_block_23/gpio_defaults_high[1] (driver: pin chip_core/gpio_defaults_block_23/gpio_default_value_one[1]/Z)
295.  chip_core/gpio_defaults_block_23/gpio_defaults_high[4] (driver: pin chip_core/gpio_defaults_block_23/gpio_default_value_one[4]/Z)
296.  chip_core/gpio_defaults_block_23/gpio_defaults_high[7] (driver: pin chip_core/gpio_defaults_block_23/gpio_default_value_one[7]/Z)
297.  chip_core/gpio_defaults_block_23/gpio_defaults_high[2] (driver: pin chip_core/gpio_defaults_block_23/gpio_default_value_one[2]/Z)
298.  chip_core/gpio_defaults_block_23/gpio_defaults_high[5] (driver: pin chip_core/gpio_defaults_block_23/gpio_default_value_one[5]/Z)
299.  chip_core/gpio_defaults_block_23/gpio_defaults_high[8] (driver: pin chip_core/gpio_defaults_block_23/gpio_default_value_one[8]/Z)
300.  chip_core/gpio_defaults_block_23/gpio_defaults_high[0] (driver: pin chip_core/gpio_defaults_block_23/gpio_default_value_one[0]/Z)
301.  chip_core/gpio_defaults_block_23/gpio_defaults_high[3] (driver: pin chip_core/gpio_defaults_block_23/gpio_default_value_one[3]/Z)
302.  chip_core/gpio_defaults_block_23/gpio_defaults_high[6] (driver: pin chip_core/gpio_defaults_block_23/gpio_default_value_one[6]/Z)
303.  chip_core/gpio_defaults_block_24/gpio_defaults_high[9] (driver: pin chip_core/gpio_defaults_block_24/gpio_default_value_one[9]/Z)
304.  chip_core/gpio_defaults_block_24/gpio_defaults_high[1] (driver: pin chip_core/gpio_defaults_block_24/gpio_default_value_one[1]/Z)
305.  chip_core/gpio_defaults_block_24/gpio_defaults_high[4] (driver: pin chip_core/gpio_defaults_block_24/gpio_default_value_one[4]/Z)
306.  chip_core/gpio_defaults_block_24/gpio_defaults_high[7] (driver: pin chip_core/gpio_defaults_block_24/gpio_default_value_one[7]/Z)
307.  chip_core/gpio_defaults_block_24/gpio_defaults_high[2] (driver: pin chip_core/gpio_defaults_block_24/gpio_default_value_one[2]/Z)
308.  chip_core/gpio_defaults_block_24/gpio_defaults_high[5] (driver: pin chip_core/gpio_defaults_block_24/gpio_default_value_one[5]/Z)
309.  chip_core/gpio_defaults_block_24/gpio_defaults_high[8] (driver: pin chip_core/gpio_defaults_block_24/gpio_default_value_one[8]/Z)
310.  chip_core/gpio_defaults_block_24/gpio_defaults_high[0] (driver: pin chip_core/gpio_defaults_block_24/gpio_default_value_one[0]/Z)
311.  chip_core/gpio_defaults_block_24/gpio_defaults_high[3] (driver: pin chip_core/gpio_defaults_block_24/gpio_default_value_one[3]/Z)
312.  chip_core/gpio_defaults_block_24/gpio_defaults_high[6] (driver: pin chip_core/gpio_defaults_block_24/gpio_default_value_one[6]/Z)
313.  chip_core/gpio_defaults_block_25/gpio_defaults_high[9] (driver: pin chip_core/gpio_defaults_block_25/gpio_default_value_one[9]/Z)
314.  chip_core/gpio_defaults_block_25/gpio_defaults_high[1] (driver: pin chip_core/gpio_defaults_block_25/gpio_default_value_one[1]/Z)
315.  chip_core/gpio_defaults_block_25/gpio_defaults_high[4] (driver: pin chip_core/gpio_defaults_block_25/gpio_default_value_one[4]/Z)
316.  chip_core/gpio_defaults_block_25/gpio_defaults_high[7] (driver: pin chip_core/gpio_defaults_block_25/gpio_default_value_one[7]/Z)
317.  chip_core/gpio_defaults_block_25/gpio_defaults_high[2] (driver: pin chip_core/gpio_defaults_block_25/gpio_default_value_one[2]/Z)
318.  chip_core/gpio_defaults_block_25/gpio_defaults_high[5] (driver: pin chip_core/gpio_defaults_block_25/gpio_default_value_one[5]/Z)
319.  chip_core/gpio_defaults_block_25/gpio_defaults_high[8] (driver: pin chip_core/gpio_defaults_block_25/gpio_default_value_one[8]/Z)
320.  chip_core/gpio_defaults_block_25/gpio_defaults_high[0] (driver: pin chip_core/gpio_defaults_block_25/gpio_default_value_one[0]/Z)
321.  chip_core/gpio_defaults_block_25/gpio_defaults_high[3] (driver: pin chip_core/gpio_defaults_block_25/gpio_default_value_one[3]/Z)
322.  chip_core/gpio_defaults_block_25/gpio_defaults_high[6] (driver: pin chip_core/gpio_defaults_block_25/gpio_default_value_one[6]/Z)
323.  chip_core/gpio_defaults_block_26/gpio_defaults_high[9] (driver: pin chip_core/gpio_defaults_block_26/gpio_default_value_one[9]/Z)
324.  chip_core/gpio_defaults_block_26/gpio_defaults_high[1] (driver: pin chip_core/gpio_defaults_block_26/gpio_default_value_one[1]/Z)
325.  chip_core/gpio_defaults_block_26/gpio_defaults_high[4] (driver: pin chip_core/gpio_defaults_block_26/gpio_default_value_one[4]/Z)
326.  chip_core/gpio_defaults_block_26/gpio_defaults_high[7] (driver: pin chip_core/gpio_defaults_block_26/gpio_default_value_one[7]/Z)
327.  chip_core/gpio_defaults_block_26/gpio_defaults_high[2] (driver: pin chip_core/gpio_defaults_block_26/gpio_default_value_one[2]/Z)
328.  chip_core/gpio_defaults_block_26/gpio_defaults_high[5] (driver: pin chip_core/gpio_defaults_block_26/gpio_default_value_one[5]/Z)
329.  chip_core/gpio_defaults_block_26/gpio_defaults_high[8] (driver: pin chip_core/gpio_defaults_block_26/gpio_default_value_one[8]/Z)
330.  chip_core/gpio_defaults_block_26/gpio_defaults_high[0] (driver: pin chip_core/gpio_defaults_block_26/gpio_default_value_one[0]/Z)
331.  chip_core/gpio_defaults_block_26/gpio_defaults_high[3] (driver: pin chip_core/gpio_defaults_block_26/gpio_default_value_one[3]/Z)
332.  chip_core/gpio_defaults_block_26/gpio_defaults_high[6] (driver: pin chip_core/gpio_defaults_block_26/gpio_default_value_one[6]/Z)
333.  chip_core/gpio_defaults_block_27/gpio_defaults_high[9] (driver: pin chip_core/gpio_defaults_block_27/gpio_default_value_one[9]/Z)
334.  chip_core/gpio_defaults_block_27/gpio_defaults_high[1] (driver: pin chip_core/gpio_defaults_block_27/gpio_default_value_one[1]/Z)
335.  chip_core/gpio_defaults_block_27/gpio_defaults_high[4] (driver: pin chip_core/gpio_defaults_block_27/gpio_default_value_one[4]/Z)
336.  chip_core/gpio_defaults_block_27/gpio_defaults_high[7] (driver: pin chip_core/gpio_defaults_block_27/gpio_default_value_one[7]/Z)
337.  chip_core/gpio_defaults_block_27/gpio_defaults_high[2] (driver: pin chip_core/gpio_defaults_block_27/gpio_default_value_one[2]/Z)
338.  chip_core/gpio_defaults_block_27/gpio_defaults_high[5] (driver: pin chip_core/gpio_defaults_block_27/gpio_default_value_one[5]/Z)
339.  chip_core/gpio_defaults_block_27/gpio_defaults_high[8] (driver: pin chip_core/gpio_defaults_block_27/gpio_default_value_one[8]/Z)
340.  chip_core/gpio_defaults_block_27/gpio_defaults_high[0] (driver: pin chip_core/gpio_defaults_block_27/gpio_default_value_one[0]/Z)
341.  chip_core/gpio_defaults_block_27/gpio_defaults_high[3] (driver: pin chip_core/gpio_defaults_block_27/gpio_default_value_one[3]/Z)
342.  chip_core/gpio_defaults_block_27/gpio_defaults_high[6] (driver: pin chip_core/gpio_defaults_block_27/gpio_default_value_one[6]/Z)
343.  chip_core/gpio_defaults_block_28/gpio_defaults_high[9] (driver: pin chip_core/gpio_defaults_block_28/gpio_default_value_one[9]/Z)
344.  chip_core/gpio_defaults_block_28/gpio_defaults_high[1] (driver: pin chip_core/gpio_defaults_block_28/gpio_default_value_one[1]/Z)
345.  chip_core/gpio_defaults_block_28/gpio_defaults_high[4] (driver: pin chip_core/gpio_defaults_block_28/gpio_default_value_one[4]/Z)
346.  chip_core/gpio_defaults_block_28/gpio_defaults_high[7] (driver: pin chip_core/gpio_defaults_block_28/gpio_default_value_one[7]/Z)
347.  chip_core/gpio_defaults_block_28/gpio_defaults_high[2] (driver: pin chip_core/gpio_defaults_block_28/gpio_default_value_one[2]/Z)
348.  chip_core/gpio_defaults_block_28/gpio_defaults_high[5] (driver: pin chip_core/gpio_defaults_block_28/gpio_default_value_one[5]/Z)
349.  chip_core/gpio_defaults_block_28/gpio_defaults_high[8] (driver: pin chip_core/gpio_defaults_block_28/gpio_default_value_one[8]/Z)
350.  chip_core/gpio_defaults_block_28/gpio_defaults_high[0] (driver: pin chip_core/gpio_defaults_block_28/gpio_default_value_one[0]/Z)
351.  chip_core/gpio_defaults_block_28/gpio_defaults_high[3] (driver: pin chip_core/gpio_defaults_block_28/gpio_default_value_one[3]/Z)
352.  chip_core/gpio_defaults_block_28/gpio_defaults_high[6] (driver: pin chip_core/gpio_defaults_block_28/gpio_default_value_one[6]/Z)
353.  chip_core/gpio_defaults_block_29/gpio_defaults_high[9] (driver: pin chip_core/gpio_defaults_block_29/gpio_default_value_one[9]/Z)
354.  chip_core/gpio_defaults_block_29/gpio_defaults_high[1] (driver: pin chip_core/gpio_defaults_block_29/gpio_default_value_one[1]/Z)
355.  chip_core/gpio_defaults_block_29/gpio_defaults_high[4] (driver: pin chip_core/gpio_defaults_block_29/gpio_default_value_one[4]/Z)
356.  chip_core/gpio_defaults_block_29/gpio_defaults_high[7] (driver: pin chip_core/gpio_defaults_block_29/gpio_default_value_one[7]/Z)
357.  chip_core/gpio_defaults_block_29/gpio_defaults_high[2] (driver: pin chip_core/gpio_defaults_block_29/gpio_default_value_one[2]/Z)
358.  chip_core/gpio_defaults_block_29/gpio_defaults_high[5] (driver: pin chip_core/gpio_defaults_block_29/gpio_default_value_one[5]/Z)
359.  chip_core/gpio_defaults_block_29/gpio_defaults_high[8] (driver: pin chip_core/gpio_defaults_block_29/gpio_default_value_one[8]/Z)
360.  chip_core/gpio_defaults_block_29/gpio_defaults_high[0] (driver: pin chip_core/gpio_defaults_block_29/gpio_default_value_one[0]/Z)
361.  chip_core/gpio_defaults_block_29/gpio_defaults_high[3] (driver: pin chip_core/gpio_defaults_block_29/gpio_default_value_one[3]/Z)
362.  chip_core/gpio_defaults_block_29/gpio_defaults_high[6] (driver: pin chip_core/gpio_defaults_block_29/gpio_default_value_one[6]/Z)
363.  chip_core/gpio_defaults_block_30/gpio_defaults_high[9] (driver: pin chip_core/gpio_defaults_block_30/gpio_default_value_one[9]/Z)
364.  chip_core/gpio_defaults_block_30/gpio_defaults_high[1] (driver: pin chip_core/gpio_defaults_block_30/gpio_default_value_one[1]/Z)
365.  chip_core/gpio_defaults_block_30/gpio_defaults_high[4] (driver: pin chip_core/gpio_defaults_block_30/gpio_default_value_one[4]/Z)
366.  chip_core/gpio_defaults_block_30/gpio_defaults_high[7] (driver: pin chip_core/gpio_defaults_block_30/gpio_default_value_one[7]/Z)
367.  chip_core/gpio_defaults_block_30/gpio_defaults_high[2] (driver: pin chip_core/gpio_defaults_block_30/gpio_default_value_one[2]/Z)
368.  chip_core/gpio_defaults_block_30/gpio_defaults_high[5] (driver: pin chip_core/gpio_defaults_block_30/gpio_default_value_one[5]/Z)
369.  chip_core/gpio_defaults_block_30/gpio_defaults_high[8] (driver: pin chip_core/gpio_defaults_block_30/gpio_default_value_one[8]/Z)
370.  chip_core/gpio_defaults_block_30/gpio_defaults_high[0] (driver: pin chip_core/gpio_defaults_block_30/gpio_default_value_one[0]/Z)
371.  chip_core/gpio_defaults_block_30/gpio_defaults_high[3] (driver: pin chip_core/gpio_defaults_block_30/gpio_default_value_one[3]/Z)
372.  chip_core/gpio_defaults_block_30/gpio_defaults_high[6] (driver: pin chip_core/gpio_defaults_block_30/gpio_default_value_one[6]/Z)
373.  chip_core/gpio_defaults_block_31/gpio_defaults_high[9] (driver: pin chip_core/gpio_defaults_block_31/gpio_default_value_one[9]/Z)
374.  chip_core/gpio_defaults_block_31/gpio_defaults_high[1] (driver: pin chip_core/gpio_defaults_block_31/gpio_default_value_one[1]/Z)
375.  chip_core/gpio_defaults_block_31/gpio_defaults_high[4] (driver: pin chip_core/gpio_defaults_block_31/gpio_default_value_one[4]/Z)
376.  chip_core/gpio_defaults_block_31/gpio_defaults_high[7] (driver: pin chip_core/gpio_defaults_block_31/gpio_default_value_one[7]/Z)
377.  chip_core/gpio_defaults_block_31/gpio_defaults_high[2] (driver: pin chip_core/gpio_defaults_block_31/gpio_default_value_one[2]/Z)
378.  chip_core/gpio_defaults_block_31/gpio_defaults_high[5] (driver: pin chip_core/gpio_defaults_block_31/gpio_default_value_one[5]/Z)
379.  chip_core/gpio_defaults_block_31/gpio_defaults_high[8] (driver: pin chip_core/gpio_defaults_block_31/gpio_default_value_one[8]/Z)
380.  chip_core/gpio_defaults_block_31/gpio_defaults_high[0] (driver: pin chip_core/gpio_defaults_block_31/gpio_default_value_one[0]/Z)
381.  chip_core/gpio_defaults_block_31/gpio_defaults_high[3] (driver: pin chip_core/gpio_defaults_block_31/gpio_default_value_one[3]/Z)
382.  chip_core/gpio_defaults_block_31/gpio_defaults_high[6] (driver: pin chip_core/gpio_defaults_block_31/gpio_default_value_one[6]/Z)
383.  chip_core/gpio_defaults_block_32/gpio_defaults_high[9] (driver: pin chip_core/gpio_defaults_block_32/gpio_default_value_one[9]/Z)
384.  chip_core/gpio_defaults_block_32/gpio_defaults_high[1] (driver: pin chip_core/gpio_defaults_block_32/gpio_default_value_one[1]/Z)
385.  chip_core/gpio_defaults_block_32/gpio_defaults_high[4] (driver: pin chip_core/gpio_defaults_block_32/gpio_default_value_one[4]/Z)
386.  chip_core/gpio_defaults_block_32/gpio_defaults_high[7] (driver: pin chip_core/gpio_defaults_block_32/gpio_default_value_one[7]/Z)
387.  chip_core/gpio_defaults_block_32/gpio_defaults_high[2] (driver: pin chip_core/gpio_defaults_block_32/gpio_default_value_one[2]/Z)
388.  chip_core/gpio_defaults_block_32/gpio_defaults_high[5] (driver: pin chip_core/gpio_defaults_block_32/gpio_default_value_one[5]/Z)
389.  chip_core/gpio_defaults_block_32/gpio_defaults_high[8] (driver: pin chip_core/gpio_defaults_block_32/gpio_default_value_one[8]/Z)
390.  chip_core/gpio_defaults_block_32/gpio_defaults_high[0] (driver: pin chip_core/gpio_defaults_block_32/gpio_default_value_one[0]/Z)
391.  chip_core/gpio_defaults_block_32/gpio_defaults_high[3] (driver: pin chip_core/gpio_defaults_block_32/gpio_default_value_one[3]/Z)
392.  chip_core/gpio_defaults_block_32/gpio_defaults_high[6] (driver: pin chip_core/gpio_defaults_block_32/gpio_default_value_one[6]/Z)
393.  chip_core/gpio_defaults_block_33/gpio_defaults_high[9] (driver: pin chip_core/gpio_defaults_block_33/gpio_default_value_one[9]/Z)
394.  chip_core/gpio_defaults_block_33/gpio_defaults_high[1] (driver: pin chip_core/gpio_defaults_block_33/gpio_default_value_one[1]/Z)
395.  chip_core/gpio_defaults_block_33/gpio_defaults_high[4] (driver: pin chip_core/gpio_defaults_block_33/gpio_default_value_one[4]/Z)
396.  chip_core/gpio_defaults_block_33/gpio_defaults_high[7] (driver: pin chip_core/gpio_defaults_block_33/gpio_default_value_one[7]/Z)
397.  chip_core/gpio_defaults_block_33/gpio_defaults_high[2] (driver: pin chip_core/gpio_defaults_block_33/gpio_default_value_one[2]/Z)
398.  chip_core/gpio_defaults_block_33/gpio_defaults_high[5] (driver: pin chip_core/gpio_defaults_block_33/gpio_default_value_one[5]/Z)
399.  chip_core/gpio_defaults_block_33/gpio_defaults_high[8] (driver: pin chip_core/gpio_defaults_block_33/gpio_default_value_one[8]/Z)
400.  chip_core/gpio_defaults_block_33/gpio_defaults_high[0] (driver: pin chip_core/gpio_defaults_block_33/gpio_default_value_one[0]/Z)
401.  chip_core/gpio_defaults_block_33/gpio_defaults_high[3] (driver: pin chip_core/gpio_defaults_block_33/gpio_default_value_one[3]/Z)
402.  chip_core/gpio_defaults_block_33/gpio_defaults_high[6] (driver: pin chip_core/gpio_defaults_block_33/gpio_default_value_one[6]/Z)
403.  chip_core/gpio_defaults_block_34/gpio_defaults_high[9] (driver: pin chip_core/gpio_defaults_block_34/gpio_default_value_one[9]/Z)
404.  chip_core/gpio_defaults_block_34/gpio_defaults_high[1] (driver: pin chip_core/gpio_defaults_block_34/gpio_default_value_one[1]/Z)
405.  chip_core/gpio_defaults_block_34/gpio_defaults_high[4] (driver: pin chip_core/gpio_defaults_block_34/gpio_default_value_one[4]/Z)
406.  chip_core/gpio_defaults_block_34/gpio_defaults_high[7] (driver: pin chip_core/gpio_defaults_block_34/gpio_default_value_one[7]/Z)
407.  chip_core/gpio_defaults_block_34/gpio_defaults_high[2] (driver: pin chip_core/gpio_defaults_block_34/gpio_default_value_one[2]/Z)
408.  chip_core/gpio_defaults_block_34/gpio_defaults_high[5] (driver: pin chip_core/gpio_defaults_block_34/gpio_default_value_one[5]/Z)
409.  chip_core/gpio_defaults_block_34/gpio_defaults_high[8] (driver: pin chip_core/gpio_defaults_block_34/gpio_default_value_one[8]/Z)
410.  chip_core/gpio_defaults_block_34/gpio_defaults_high[0] (driver: pin chip_core/gpio_defaults_block_34/gpio_default_value_one[0]/Z)
411.  chip_core/gpio_defaults_block_34/gpio_defaults_high[3] (driver: pin chip_core/gpio_defaults_block_34/gpio_default_value_one[3]/Z)
412.  chip_core/gpio_defaults_block_34/gpio_defaults_high[6] (driver: pin chip_core/gpio_defaults_block_34/gpio_default_value_one[6]/Z)
413.  chip_core/gpio_defaults_block_35/gpio_defaults_high[9] (driver: pin chip_core/gpio_defaults_block_35/gpio_default_value_one[9]/Z)
414.  chip_core/gpio_defaults_block_35/gpio_defaults_high[1] (driver: pin chip_core/gpio_defaults_block_35/gpio_default_value_one[1]/Z)
415.  chip_core/gpio_defaults_block_35/gpio_defaults_high[4] (driver: pin chip_core/gpio_defaults_block_35/gpio_default_value_one[4]/Z)
416.  chip_core/gpio_defaults_block_35/gpio_defaults_high[7] (driver: pin chip_core/gpio_defaults_block_35/gpio_default_value_one[7]/Z)
417.  chip_core/gpio_defaults_block_35/gpio_defaults_high[2] (driver: pin chip_core/gpio_defaults_block_35/gpio_default_value_one[2]/Z)
418.  chip_core/gpio_defaults_block_35/gpio_defaults_high[5] (driver: pin chip_core/gpio_defaults_block_35/gpio_default_value_one[5]/Z)
419.  chip_core/gpio_defaults_block_35/gpio_defaults_high[8] (driver: pin chip_core/gpio_defaults_block_35/gpio_default_value_one[8]/Z)
420.  chip_core/gpio_defaults_block_35/gpio_defaults_high[0] (driver: pin chip_core/gpio_defaults_block_35/gpio_default_value_one[0]/Z)
421.  chip_core/gpio_defaults_block_35/gpio_defaults_high[3] (driver: pin chip_core/gpio_defaults_block_35/gpio_default_value_one[3]/Z)
422.  chip_core/gpio_defaults_block_35/gpio_defaults_high[6] (driver: pin chip_core/gpio_defaults_block_35/gpio_default_value_one[6]/Z)
423.  chip_core/gpio_defaults_block_36/gpio_defaults_high[9] (driver: pin chip_core/gpio_defaults_block_36/gpio_default_value_one[9]/Z)
424.  chip_core/gpio_defaults_block_36/gpio_defaults_high[1] (driver: pin chip_core/gpio_defaults_block_36/gpio_default_value_one[1]/Z)
425.  chip_core/gpio_defaults_block_36/gpio_defaults_high[4] (driver: pin chip_core/gpio_defaults_block_36/gpio_default_value_one[4]/Z)
426.  chip_core/gpio_defaults_block_36/gpio_defaults_high[7] (driver: pin chip_core/gpio_defaults_block_36/gpio_default_value_one[7]/Z)
427.  chip_core/gpio_defaults_block_36/gpio_defaults_high[2] (driver: pin chip_core/gpio_defaults_block_36/gpio_default_value_one[2]/Z)
428.  chip_core/gpio_defaults_block_36/gpio_defaults_high[5] (driver: pin chip_core/gpio_defaults_block_36/gpio_default_value_one[5]/Z)
429.  chip_core/gpio_defaults_block_36/gpio_defaults_high[8] (driver: pin chip_core/gpio_defaults_block_36/gpio_default_value_one[8]/Z)
430.  chip_core/gpio_defaults_block_36/gpio_defaults_high[0] (driver: pin chip_core/gpio_defaults_block_36/gpio_default_value_one[0]/Z)
431.  chip_core/gpio_defaults_block_36/gpio_defaults_high[3] (driver: pin chip_core/gpio_defaults_block_36/gpio_default_value_one[3]/Z)
432.  chip_core/gpio_defaults_block_36/gpio_defaults_high[6] (driver: pin chip_core/gpio_defaults_block_36/gpio_default_value_one[6]/Z)
433.  chip_core/gpio_defaults_block_37/gpio_defaults_high[9] (driver: pin chip_core/gpio_defaults_block_37/gpio_default_value_one[9]/Z)
434.  chip_core/gpio_defaults_block_37/gpio_defaults_high[1] (driver: pin chip_core/gpio_defaults_block_37/gpio_default_value_one[1]/Z)
435.  chip_core/gpio_defaults_block_37/gpio_defaults_high[4] (driver: pin chip_core/gpio_defaults_block_37/gpio_default_value_one[4]/Z)
436.  chip_core/gpio_defaults_block_37/gpio_defaults_high[7] (driver: pin chip_core/gpio_defaults_block_37/gpio_default_value_one[7]/Z)
437.  chip_core/gpio_defaults_block_37/gpio_defaults_high[2] (driver: pin chip_core/gpio_defaults_block_37/gpio_default_value_one[2]/Z)
438.  chip_core/gpio_defaults_block_37/gpio_defaults_high[5] (driver: pin chip_core/gpio_defaults_block_37/gpio_default_value_one[5]/Z)
439.  chip_core/gpio_defaults_block_37/gpio_defaults_high[8] (driver: pin chip_core/gpio_defaults_block_37/gpio_default_value_one[8]/Z)
440.  chip_core/gpio_defaults_block_37/gpio_defaults_high[0] (driver: pin chip_core/gpio_defaults_block_37/gpio_default_value_one[0]/Z)
441.  chip_core/gpio_defaults_block_37/gpio_defaults_high[3] (driver: pin chip_core/gpio_defaults_block_37/gpio_default_value_one[3]/Z)
442.  chip_core/gpio_defaults_block_37/gpio_defaults_high[6] (driver: pin chip_core/gpio_defaults_block_37/gpio_default_value_one[6]/Z)
****************************************
Report : annotated_parasitics
	-check
	-internal_nets
	-boundary_nets
	-list_not_annotated
	-max_nets 5000
Design : caravel
Version: U-2022.12-SP5
Date   : Tue Nov  7 13:31:08 2023
****************************************

                    |         |         |         |   RC    | Coupled |   Not   |
Net Type            |  Total  | Lumped  |  RC pi  | network | network |Annotated|
--------------------+---------+---------+---------+---------+---------+---------+
Internal nets       |         |         |         |         |         |         |
  - Pin to pin nets |   34221 |       0 |       0 |      31 |   34188 |       2 |
  - Driverless nets |     206 |       0 |       0 |       1 |     177 |      28 |
  - Loadless nets   |     735 |       0 |       0 |       6 |     317 |     412 |
--------------------+---------+---------+---------+---------+---------+---------+

Boundary/port nets  |         |         |         |         |         |         |
  - Pin to pin nets |      45 |       0 |       0 |      45 |       0 |       0 |
  - Driverless nets |       0 |       0 |       0 |       0 |       0 |       0 |
  - Loadless nets   |       0 |       0 |       0 |       0 |       0 |       0 |
--------------------+---------+---------+---------+---------+---------+---------+

                    |   35207 |       0 |       0 |      83 |   34682 |     442 |


