****************************************
Report : constraint
	-all_violators
	-path slack_only
Design : caravel_core
Version: T-2022.03-SP3
Date   : Tue Dec 13 23:49:32 2022
****************************************






   min_capacitance

                             Required        Actual
   Pin                      Capacitance    Capacitance       Slack
   -----------------------------------------------------------------
   gpio_control_in_1[10].BUF[0]/Z   0.0010   0.0000        -0.0010  (VIOLATED)
   gpio_control_in_1[10].BUF[1]/Z   0.0010   0.0000        -0.0010  (VIOLATED)
   gpio_control_in_1[10].BUF[2]/Z   0.0010   0.0000        -0.0010  (VIOLATED)
   gpio_control_in_2[0].BUF[0]/Z   0.0010    0.0000        -0.0010  (VIOLATED)
   gpio_control_in_2[0].BUF[1]/Z   0.0010    0.0000        -0.0010  (VIOLATED)
   gpio_control_in_2[0].BUF[2]/Z   0.0010    0.0000        -0.0010  (VIOLATED)


   max_transition

                             Required        Actual
   Pin                      Transition     Transition        Slack
   -----------------------------------------------------------------
   soc.core.sram.ram512x32.RAM02/RAM/GWEN   1.0870   1.3902  -0.3032 (VIOLATED)
   soc.core.sram.ram512x32.RAM03/RAM/GWEN   1.0870   1.3886  -0.3016 (VIOLATED)
   soc.core.sram.ram512x32.RAM02/RAM/D[3]   1.0870   1.3531  -0.2661 (VIOLATED)
   soc.core.sram.ram512x32.RAM03/RAM/D[6]   1.0870   1.2439  -0.1569 (VIOLATED)
   soc.core.sram.ram512x32.RAM01/RAM/A[1]   1.0870   1.1993  -0.1123 (VIOLATED)
   soc.core.sram.ram512x32.RAM02/RAM/A[1]   1.0870   1.1934  -0.1064 (VIOLATED)
   soc.core.sram.ram512x32.RAM02/RAM/D[1]   1.0870   1.1373  -0.0503 (VIOLATED)
   soc.core.sram.ram512x32.RAM00/RAM/CLK   1.0870   1.1105  -0.0235 (VIOLATED)


   max_fanout

                             Required        Actual
   Pin                        Fanout         Fanout          Slack
   -----------------------------------------------------------------
   wire2087/Z                22.0000       115.0000       -93.0000  (VIOLATED)
   housekeeping/clkbuf_3_6__f_wb_clk_i/Z  22.0000  23.0000  -1.0000 (VIOLATED)


1
