
===========================================================================
report_checks -unconstrained
============================================================================
Startpoint: _32497_ (rising edge-triggered flip-flop clocked by clk)
Endpoint: _30367_ (rising edge-triggered flip-flop clocked by clk)
Path Group: clk
Path Type: max

Fanout     Cap    Slew   Delay    Time   Description
-----------------------------------------------------------------------------
                          0.00    0.00   clock clk (rise edge)
                          0.00    0.00   clock source latency
                  4.00    0.00    0.00 ^ clock_core (in)
     1    0.01                           clock_core (net)
                  4.00    0.00    0.00 ^ input1/I (gf180mcu_fd_sc_mcu7t5v0__buf_2)
                  0.63    0.49    0.49 ^ input1/Z (gf180mcu_fd_sc_mcu7t5v0__buf_2)
     1    0.07                           net1 (net)
                  0.63    0.01    0.50 ^ wire1485/I (gf180mcu_fd_sc_mcu7t5v0__buf_2)
                  1.27    0.93    1.43 ^ wire1485/Z (gf180mcu_fd_sc_mcu7t5v0__buf_2)
     3    0.16                           net1485 (net)
                  1.28    0.05    1.48 ^ _17573_/A1 (gf180mcu_fd_sc_mcu7t5v0__oai211_4)
                  0.44    0.22    1.70 v _17573_/ZN (gf180mcu_fd_sc_mcu7t5v0__oai211_4)
     2    0.02                           _07873_ (net)
                  0.44    0.00    1.70 v _17584_/A1 (gf180mcu_fd_sc_mcu7t5v0__nand2_2)
                  2.40    1.52    3.23 ^ _17584_/ZN (gf180mcu_fd_sc_mcu7t5v0__nand2_2)
     1    0.27                           clock_ctrl.core_clk (net)
                  2.40    0.09    3.31 ^ clkbuf_0_clock_ctrl.core_clk/I (gf180mcu_fd_sc_mcu7t5v0__clkbuf_16)
                  0.19    0.52    3.83 ^ clkbuf_0_clock_ctrl.core_clk/Z (gf180mcu_fd_sc_mcu7t5v0__clkbuf_16)
     2    0.07                           clknet_0_clock_ctrl.core_clk (net)
                  0.19    0.00    3.84 ^ clkbuf_1_0_0_clock_ctrl.core_clk/I (gf180mcu_fd_sc_mcu7t5v0__clkbuf_8)
                  0.13    0.28    4.12 ^ clkbuf_1_0_0_clock_ctrl.core_clk/Z (gf180mcu_fd_sc_mcu7t5v0__clkbuf_8)
     1    0.03                           clknet_1_0_0_clock_ctrl.core_clk (net)
                  0.13    0.00    4.12 ^ clkbuf_1_0_1_clock_ctrl.core_clk/I (gf180mcu_fd_sc_mcu7t5v0__clkbuf_8)
                  0.32    0.39    4.51 ^ clkbuf_1_0_1_clock_ctrl.core_clk/Z (gf180mcu_fd_sc_mcu7t5v0__clkbuf_8)
     2    0.14                           clknet_1_0_1_clock_ctrl.core_clk (net)
                  0.32    0.02    4.53 ^ clkbuf_2_1_0_clock_ctrl.core_clk/I (gf180mcu_fd_sc_mcu7t5v0__clkbuf_8)
                  0.14    0.31    4.84 ^ clkbuf_2_1_0_clock_ctrl.core_clk/Z (gf180mcu_fd_sc_mcu7t5v0__clkbuf_8)
     1    0.04                           clknet_2_1_0_clock_ctrl.core_clk (net)
                  0.14    0.00    4.84 ^ clkbuf_2_1_1_clock_ctrl.core_clk/I (gf180mcu_fd_sc_mcu7t5v0__clkbuf_8)
                  0.22    0.33    5.17 ^ clkbuf_2_1_1_clock_ctrl.core_clk/Z (gf180mcu_fd_sc_mcu7t5v0__clkbuf_8)
     2    0.09                           clknet_2_1_1_clock_ctrl.core_clk (net)
                  0.22    0.00    5.18 ^ clkbuf_3_3_0_clock_ctrl.core_clk/I (gf180mcu_fd_sc_mcu7t5v0__clkbuf_8)
                  0.14    0.29    5.47 ^ clkbuf_3_3_0_clock_ctrl.core_clk/Z (gf180mcu_fd_sc_mcu7t5v0__clkbuf_8)
     1    0.04                           clknet_3_3_0_clock_ctrl.core_clk (net)
                  0.14    0.00    5.47 ^ clkbuf_3_3_1_clock_ctrl.core_clk/I (gf180mcu_fd_sc_mcu7t5v0__clkbuf_8)
                  0.10    0.24    5.71 ^ clkbuf_3_3_1_clock_ctrl.core_clk/Z (gf180mcu_fd_sc_mcu7t5v0__clkbuf_8)
     1    0.02                           clknet_3_3_1_clock_ctrl.core_clk (net)
                  0.10    0.00    5.71 ^ clkbuf_3_3_2_clock_ctrl.core_clk/I (gf180mcu_fd_sc_mcu7t5v0__clkbuf_8)
                  0.19    0.31    6.02 ^ clkbuf_3_3_2_clock_ctrl.core_clk/Z (gf180mcu_fd_sc_mcu7t5v0__clkbuf_8)
     2    0.07                           clknet_3_3_2_clock_ctrl.core_clk (net)
                  0.19    0.00    6.02 ^ clkbuf_4_7_0_clock_ctrl.core_clk/I (gf180mcu_fd_sc_mcu7t5v0__clkbuf_8)
                  0.22    0.34    6.37 ^ clkbuf_4_7_0_clock_ctrl.core_clk/Z (gf180mcu_fd_sc_mcu7t5v0__clkbuf_8)
     2    0.09                           clknet_4_7_0_clock_ctrl.core_clk (net)
                  0.22    0.00    6.37 ^ clkbuf_5_15_0_clock_ctrl.core_clk/I (gf180mcu_fd_sc_mcu7t5v0__clkbuf_8)
                  0.16    0.31    6.68 ^ clkbuf_5_15_0_clock_ctrl.core_clk/Z (gf180mcu_fd_sc_mcu7t5v0__clkbuf_8)
     2    0.05                           clknet_5_15_0_clock_ctrl.core_clk (net)
                  0.16    0.00    6.68 ^ clkbuf_6_31_0_clock_ctrl.core_clk/I (gf180mcu_fd_sc_mcu7t5v0__clkbuf_8)
                  0.15    0.29    6.97 ^ clkbuf_6_31_0_clock_ctrl.core_clk/Z (gf180mcu_fd_sc_mcu7t5v0__clkbuf_8)
     2    0.05                           clknet_6_31_0_clock_ctrl.core_clk (net)
                  0.15    0.00    6.97 ^ clkbuf_7_63_0_clock_ctrl.core_clk/I (gf180mcu_fd_sc_mcu7t5v0__clkbuf_8)
                  0.45    0.48    7.45 ^ clkbuf_7_63_0_clock_ctrl.core_clk/Z (gf180mcu_fd_sc_mcu7t5v0__clkbuf_8)
    10    0.20                           clknet_7_63_0_clock_ctrl.core_clk (net)
                  0.45    0.01    7.45 ^ clkbuf_leaf_554_clock_ctrl.core_clk/I (gf180mcu_fd_sc_mcu7t5v0__clkbuf_16)
                  0.11    0.31    7.77 ^ clkbuf_leaf_554_clock_ctrl.core_clk/Z (gf180mcu_fd_sc_mcu7t5v0__clkbuf_16)
     5    0.03                           clknet_leaf_554_clock_ctrl.core_clk (net)
                  0.11    0.00    7.77 ^ _32497_/CLK (gf180mcu_fd_sc_mcu7t5v0__dffq_4)
                  0.84    1.23    9.00 ^ _32497_/Q (gf180mcu_fd_sc_mcu7t5v0__dffq_4)
     9    0.20                           soc.core.grant[1] (net)
                  0.84    0.00    9.00 ^ fanout1275/I (gf180mcu_fd_sc_mcu7t5v0__buf_12)
                  0.53    0.50    9.50 ^ fanout1275/Z (gf180mcu_fd_sc_mcu7t5v0__buf_12)
    18    0.37                           net1275 (net)
                  0.53    0.01    9.51 ^ fanout1274/I (gf180mcu_fd_sc_mcu7t5v0__buf_12)
                  0.54    0.48    9.99 ^ fanout1274/Z (gf180mcu_fd_sc_mcu7t5v0__buf_12)
    18    0.38                           net1274 (net)
                  0.54    0.03   10.02 ^ _15114_/A2 (gf180mcu_fd_sc_mcu7t5v0__nor2_2)
                  0.48    0.41   10.43 v _15114_/ZN (gf180mcu_fd_sc_mcu7t5v0__nor2_2)
     2    0.06                           _05665_ (net)
                  0.48    0.00   10.43 v fanout1184/I (gf180mcu_fd_sc_mcu7t5v0__clkbuf_8)
                  0.43    0.58   11.01 v fanout1184/Z (gf180mcu_fd_sc_mcu7t5v0__clkbuf_8)
    11    0.18                           net1184 (net)
                  0.43    0.01   11.02 v _15363_/A2 (gf180mcu_fd_sc_mcu7t5v0__nand2_2)
                  0.24    0.25   11.27 ^ _15363_/ZN (gf180mcu_fd_sc_mcu7t5v0__nand2_2)
     1    0.01                           _05836_ (net)
                  0.24    0.00   11.27 ^ _15365_/A1 (gf180mcu_fd_sc_mcu7t5v0__and2_4)
                  0.35    0.42   11.69 ^ _15365_/Z (gf180mcu_fd_sc_mcu7t5v0__and2_4)
     3    0.08                           _05838_ (net)
                  0.35    0.00   11.69 ^ _15366_/I (gf180mcu_fd_sc_mcu7t5v0__clkinv_3)
                  2.03    1.36   13.05 v _15366_/ZN (gf180mcu_fd_sc_mcu7t5v0__clkinv_3)
     4    0.39                           mgmt_buffers.mprj_adr_o_core[20] (net)
                  2.03    0.04   13.09 v _17840_/A1 (gf180mcu_fd_sc_mcu7t5v0__nor2_4)
                  0.83    0.93   14.02 ^ _17840_/ZN (gf180mcu_fd_sc_mcu7t5v0__nor2_4)
     4    0.07                           _08034_ (net)
                  0.83    0.00   14.02 ^ _17884_/A1 (gf180mcu_fd_sc_mcu7t5v0__and4_4)
                  0.72    0.95   14.96 ^ _17884_/Z (gf180mcu_fd_sc_mcu7t5v0__and4_4)
    10    0.16                           _08062_ (net)
                  0.72    0.02   14.99 ^ _17887_/A1 (gf180mcu_fd_sc_mcu7t5v0__nand2_2)
                  0.52    0.42   15.41 v _17887_/ZN (gf180mcu_fd_sc_mcu7t5v0__nand2_2)
     3    0.06                           _08065_ (net)
                  0.52    0.00   15.41 v _17890_/A1 (gf180mcu_fd_sc_mcu7t5v0__nor2_4)
                  1.12    0.80   16.21 ^ _17890_/ZN (gf180mcu_fd_sc_mcu7t5v0__nor2_4)
     7    0.14                           _08068_ (net)
                  1.12    0.01   16.22 ^ _17901_/A1 (gf180mcu_fd_sc_mcu7t5v0__nand2_2)
                  0.96    0.77   16.99 v _17901_/ZN (gf180mcu_fd_sc_mcu7t5v0__nand2_2)
     3    0.12                           _08079_ (net)
                  0.96    0.00   17.00 v fanout586/I (gf180mcu_fd_sc_mcu7t5v0__buf_8)
                  0.44    0.67   17.67 v fanout586/Z (gf180mcu_fd_sc_mcu7t5v0__buf_8)
    18    0.35                           net586 (net)
                  0.44    0.01   17.68 v _19306_/A2 (gf180mcu_fd_sc_mcu7t5v0__or2_2)
                  0.80    0.92   18.60 v _19306_/Z (gf180mcu_fd_sc_mcu7t5v0__or2_2)
     5    0.16                           _08516_ (net)
                  0.80    0.00   18.60 v _19377_/A3 (gf180mcu_fd_sc_mcu7t5v0__or4_4)
                  0.35    0.88   19.48 v _19377_/Z (gf180mcu_fd_sc_mcu7t5v0__or4_4)
     3    0.07                           _08555_ (net)
                  0.35    0.00   19.48 v _19378_/A2 (gf180mcu_fd_sc_mcu7t5v0__nor2_4)
                  1.81    1.16   20.64 ^ _19378_/ZN (gf180mcu_fd_sc_mcu7t5v0__nor2_4)
     5    0.23                           _08556_ (net)
                  1.81    0.01   20.65 ^ fanout445/I (gf180mcu_fd_sc_mcu7t5v0__buf_8)
                  0.71    0.58   21.24 ^ fanout445/Z (gf180mcu_fd_sc_mcu7t5v0__buf_8)
    18    0.34                           net445 (net)
                  0.71    0.01   21.25 ^ _19379_/A2 (gf180mcu_fd_sc_mcu7t5v0__nand2_2)
                  1.01    0.56   21.81 v _19379_/ZN (gf180mcu_fd_sc_mcu7t5v0__nand2_2)
     3    0.10                           _08557_ (net)
                  1.01    0.00   21.81 v _19380_/A2 (gf180mcu_fd_sc_mcu7t5v0__nor2_4)
                  2.27    1.53   23.34 ^ _19380_/ZN (gf180mcu_fd_sc_mcu7t5v0__nor2_4)
     8    0.30                           _08558_ (net)
                  2.27    0.04   23.38 ^ fanout411/I (gf180mcu_fd_sc_mcu7t5v0__clkbuf_8)
                  0.61    0.81   24.19 ^ fanout411/Z (gf180mcu_fd_sc_mcu7t5v0__clkbuf_8)
    11    0.28                           net411 (net)
                  0.61    0.01   24.20 ^ fanout410/I (gf180mcu_fd_sc_mcu7t5v0__buf_8)
                  0.58    0.52   24.72 ^ fanout410/Z (gf180mcu_fd_sc_mcu7t5v0__buf_8)
    13    0.28                           net410 (net)
                  0.59    0.02   24.74 ^ fanout409/I (gf180mcu_fd_sc_mcu7t5v0__buf_12)
                  0.45    0.44   25.18 ^ fanout409/Z (gf180mcu_fd_sc_mcu7t5v0__buf_12)
    18    0.31                           net409 (net)
                  0.45    0.01   25.19 ^ _19442_/A2 (gf180mcu_fd_sc_mcu7t5v0__nor2_2)
                  0.37    0.23   25.42 v _19442_/ZN (gf180mcu_fd_sc_mcu7t5v0__nor2_2)
     1    0.02                           _08590_ (net)
                  0.37    0.00   25.42 v _19443_/B (gf180mcu_fd_sc_mcu7t5v0__aoi211_4)
                  0.42    0.36   25.79 ^ _19443_/ZN (gf180mcu_fd_sc_mcu7t5v0__aoi211_4)
     1    0.01                           _01944_ (net)
                  0.42    0.00   25.79 ^ _30367_/D (gf180mcu_fd_sc_mcu7t5v0__dffq_2)
                                 25.79   data arrival time

                         30.00   30.00   clock clk (rise edge)
                          0.00   30.00   clock source latency
                  1.00    0.00   30.00 ^ clock_core (in)
     1    0.01                           clock_core (net)
                  1.00    0.00   30.00 ^ input1/I (gf180mcu_fd_sc_mcu7t5v0__buf_2)
                  0.59    0.51   30.51 ^ input1/Z (gf180mcu_fd_sc_mcu7t5v0__buf_2)
     1    0.07                           net1 (net)
                  0.59    0.01   30.52 ^ wire1485/I (gf180mcu_fd_sc_mcu7t5v0__buf_2)
                  1.27    0.86   31.39 ^ wire1485/Z (gf180mcu_fd_sc_mcu7t5v0__buf_2)
     3    0.16                           net1485 (net)
                  1.28    0.05   31.43 ^ _17573_/A1 (gf180mcu_fd_sc_mcu7t5v0__oai211_4)
                  0.23    0.20   31.64 v _17573_/ZN (gf180mcu_fd_sc_mcu7t5v0__oai211_4)
     2    0.02                           _07873_ (net)
                  0.23    0.00   31.64 v _17584_/A1 (gf180mcu_fd_sc_mcu7t5v0__nand2_2)
                  2.37    1.36   33.00 ^ _17584_/ZN (gf180mcu_fd_sc_mcu7t5v0__nand2_2)
     1    0.27                           clock_ctrl.core_clk (net)
                  2.38    0.08   33.08 ^ clkbuf_0_clock_ctrl.core_clk/I (gf180mcu_fd_sc_mcu7t5v0__clkbuf_16)
                  0.19    0.48   33.56 ^ clkbuf_0_clock_ctrl.core_clk/Z (gf180mcu_fd_sc_mcu7t5v0__clkbuf_16)
     2    0.07                           clknet_0_clock_ctrl.core_clk (net)
                  0.19    0.00   33.56 ^ clkbuf_1_1_0_clock_ctrl.core_clk/I (gf180mcu_fd_sc_mcu7t5v0__clkbuf_8)
                  0.11    0.24   33.81 ^ clkbuf_1_1_0_clock_ctrl.core_clk/Z (gf180mcu_fd_sc_mcu7t5v0__clkbuf_8)
     1    0.02                           clknet_1_1_0_clock_ctrl.core_clk (net)
                  0.11    0.00   33.81 ^ clkbuf_1_1_1_clock_ctrl.core_clk/I (gf180mcu_fd_sc_mcu7t5v0__clkbuf_8)
                  0.36    0.38   34.19 ^ clkbuf_1_1_1_clock_ctrl.core_clk/Z (gf180mcu_fd_sc_mcu7t5v0__clkbuf_8)
     2    0.16                           clknet_1_1_1_clock_ctrl.core_clk (net)
                  0.36    0.02   34.21 ^ clkbuf_2_3_0_clock_ctrl.core_clk/I (gf180mcu_fd_sc_mcu7t5v0__clkbuf_8)
                  0.14    0.30   34.51 ^ clkbuf_2_3_0_clock_ctrl.core_clk/Z (gf180mcu_fd_sc_mcu7t5v0__clkbuf_8)
     1    0.04                           clknet_2_3_0_clock_ctrl.core_clk (net)
                  0.14    0.00   34.51 ^ clkbuf_2_3_1_clock_ctrl.core_clk/I (gf180mcu_fd_sc_mcu7t5v0__clkbuf_8)
                  0.22    0.31   34.82 ^ clkbuf_2_3_1_clock_ctrl.core_clk/Z (gf180mcu_fd_sc_mcu7t5v0__clkbuf_8)
     2    0.09                           clknet_2_3_1_clock_ctrl.core_clk (net)
                  0.22    0.00   34.82 ^ clkbuf_3_7_0_clock_ctrl.core_clk/I (gf180mcu_fd_sc_mcu7t5v0__clkbuf_8)
                  0.14    0.27   35.10 ^ clkbuf_3_7_0_clock_ctrl.core_clk/Z (gf180mcu_fd_sc_mcu7t5v0__clkbuf_8)
     1    0.04                           clknet_3_7_0_clock_ctrl.core_clk (net)
                  0.14    0.00   35.10 ^ clkbuf_3_7_1_clock_ctrl.core_clk/I (gf180mcu_fd_sc_mcu7t5v0__clkbuf_8)
                  0.10    0.22   35.32 ^ clkbuf_3_7_1_clock_ctrl.core_clk/Z (gf180mcu_fd_sc_mcu7t5v0__clkbuf_8)
     1    0.01                           clknet_3_7_1_clock_ctrl.core_clk (net)
                  0.10    0.00   35.32 ^ clkbuf_3_7_2_clock_ctrl.core_clk/I (gf180mcu_fd_sc_mcu7t5v0__clkbuf_8)
                  0.22    0.30   35.62 ^ clkbuf_3_7_2_clock_ctrl.core_clk/Z (gf180mcu_fd_sc_mcu7t5v0__clkbuf_8)
     2    0.09                           clknet_3_7_2_clock_ctrl.core_clk (net)
                  0.22    0.00   35.63 ^ clkbuf_4_15_0_clock_ctrl.core_clk/I (gf180mcu_fd_sc_mcu7t5v0__clkbuf_8)
                  0.19    0.31   35.94 ^ clkbuf_4_15_0_clock_ctrl.core_clk/Z (gf180mcu_fd_sc_mcu7t5v0__clkbuf_8)
     2    0.07                           clknet_4_15_0_clock_ctrl.core_clk (net)
                  0.19    0.00   35.94 ^ clkbuf_5_31_0_clock_ctrl.core_clk/I (gf180mcu_fd_sc_mcu7t5v0__clkbuf_8)
                  0.15    0.28   36.21 ^ clkbuf_5_31_0_clock_ctrl.core_clk/Z (gf180mcu_fd_sc_mcu7t5v0__clkbuf_8)
     2    0.05                           clknet_5_31_0_clock_ctrl.core_clk (net)
                  0.15    0.00   36.22 ^ clkbuf_6_63_0_clock_ctrl.core_clk/I (gf180mcu_fd_sc_mcu7t5v0__clkbuf_8)
                  0.15    0.27   36.48 ^ clkbuf_6_63_0_clock_ctrl.core_clk/Z (gf180mcu_fd_sc_mcu7t5v0__clkbuf_8)
     2    0.05                           clknet_6_63_0_clock_ctrl.core_clk (net)
                  0.15    0.00   36.48 ^ clkbuf_7_127_0_clock_ctrl.core_clk/I (gf180mcu_fd_sc_mcu7t5v0__clkbuf_8)
                  0.59    0.52   37.01 ^ clkbuf_7_127_0_clock_ctrl.core_clk/Z (gf180mcu_fd_sc_mcu7t5v0__clkbuf_8)
    10    0.28                           clknet_7_127_0_clock_ctrl.core_clk (net)
                  0.59    0.01   37.02 ^ clkbuf_leaf_698_clock_ctrl.core_clk/I (gf180mcu_fd_sc_mcu7t5v0__clkbuf_16)
                  0.10    0.30   37.32 ^ clkbuf_leaf_698_clock_ctrl.core_clk/Z (gf180mcu_fd_sc_mcu7t5v0__clkbuf_16)
     3    0.02                           clknet_leaf_698_clock_ctrl.core_clk (net)
                  0.10    0.00   37.32 ^ _30367_/CLK (gf180mcu_fd_sc_mcu7t5v0__dffq_2)
                         -0.10   37.22   clock uncertainty
                          0.27   37.50   clock reconvergence pessimism
                         -0.27   37.23   library setup time
                                 37.23   data required time
-----------------------------------------------------------------------------
                                 37.23   data required time
                                -25.79   data arrival time
-----------------------------------------------------------------------------
                                 11.44   slack (MET)


Startpoint: _34537_ (falling edge-triggered flip-flop clocked by hk_serial_clk)
Endpoint: _34517_ (rising edge-triggered flip-flop clocked by hk_serial_clk)
Path Group: hk_serial_clk
Path Type: max

Fanout     Cap    Slew   Delay    Time   Description
-----------------------------------------------------------------------------
                         25.00   25.00   clock hk_serial_clk (fall edge)
                          0.00   25.00   clock source latency
                  0.00    0.00   25.00 v housekeeping/serial_clock (housekeeping)
    24    0.54                           gpio_control_bidir_1[0].serial_clock (net)
                  0.30    0.13   25.13 v gpio_control_bidir_2[2].BUF[2]/I (gf180mcu_fd_sc_mcu7t5v0__clkbuf_8)
                  0.25    0.42   25.55 v gpio_control_bidir_2[2].BUF[2]/Z (gf180mcu_fd_sc_mcu7t5v0__clkbuf_8)
    12    0.10                           gpio_control_bidir_2[1].serial_clock (net)
                  0.26    0.01   25.56 v gpio_control_bidir_2[1].BUF[2]/I (gf180mcu_fd_sc_mcu7t5v0__clkbuf_8)
                  0.24    0.39   25.95 v gpio_control_bidir_2[1].BUF[2]/Z (gf180mcu_fd_sc_mcu7t5v0__clkbuf_8)
    12    0.09                           gpio_control_bidir_2[0].serial_clock (net)
                  0.24    0.01   25.95 v gpio_control_bidir_2[0].BUF[2]/I (gf180mcu_fd_sc_mcu7t5v0__clkbuf_8)
                  0.24    0.39   26.34 v gpio_control_bidir_2[0].BUF[2]/Z (gf180mcu_fd_sc_mcu7t5v0__clkbuf_8)
    12    0.09                           gpio_control_bidir_2[0].serial_clock_out (net)
                  0.24    0.01   26.35 v gpio_control_in_2[15].BUF[2]/I (gf180mcu_fd_sc_mcu7t5v0__clkbuf_8)
                  0.24    0.39   26.74 v gpio_control_in_2[15].BUF[2]/Z (gf180mcu_fd_sc_mcu7t5v0__clkbuf_8)
    12    0.09                           gpio_control_in_2[14].serial_clock (net)
                  0.24    0.01   26.75 v gpio_control_in_2[14].BUF[2]/I (gf180mcu_fd_sc_mcu7t5v0__clkbuf_8)
                  0.38    0.48   27.24 v gpio_control_in_2[14].BUF[2]/Z (gf180mcu_fd_sc_mcu7t5v0__clkbuf_8)
    12    0.16                           gpio_control_in_2[13].serial_clock (net)
                  0.38    0.02   27.26 v gpio_control_in_2[13].BUF[2]/I (gf180mcu_fd_sc_mcu7t5v0__clkbuf_8)
                  0.25    0.44   27.70 v gpio_control_in_2[13].BUF[2]/Z (gf180mcu_fd_sc_mcu7t5v0__clkbuf_8)
    12    0.10                           gpio_control_in_2[12].serial_clock (net)
                  0.25    0.01   27.71 v gpio_control_in_2[12].BUF[2]/I (gf180mcu_fd_sc_mcu7t5v0__clkbuf_8)
                  0.26    0.41   28.12 v gpio_control_in_2[12].BUF[2]/Z (gf180mcu_fd_sc_mcu7t5v0__clkbuf_8)
    12    0.10                           gpio_control_in_2[11].serial_clock (net)
                  0.27    0.01   28.12 v gpio_control_in_2[11].BUF[2]/I (gf180mcu_fd_sc_mcu7t5v0__clkbuf_8)
                  0.25    0.40   28.53 v gpio_control_in_2[11].BUF[2]/Z (gf180mcu_fd_sc_mcu7t5v0__clkbuf_8)
    12    0.09                           gpio_control_in_2[10].serial_clock (net)
                  0.25    0.01   28.53 v gpio_control_in_2[10].BUF[2]/I (gf180mcu_fd_sc_mcu7t5v0__clkbuf_8)
                  0.23    0.39   28.92 v gpio_control_in_2[10].BUF[2]/Z (gf180mcu_fd_sc_mcu7t5v0__clkbuf_8)
    12    0.09                           gpio_control_in_2[10].serial_clock_out (net)
                  0.23    0.01   28.93 v gpio_control_in_2[9].BUF[2]/I (gf180mcu_fd_sc_mcu7t5v0__clkbuf_8)
                  0.23    0.38   29.31 v gpio_control_in_2[9].BUF[2]/Z (gf180mcu_fd_sc_mcu7t5v0__clkbuf_8)
    12    0.08                           gpio_control_in_2[8].serial_clock (net)
                  0.23    0.01   29.31 v gpio_control_in_2[8].BUF[2]/I (gf180mcu_fd_sc_mcu7t5v0__clkbuf_8)
                  0.25    0.39   29.71 v gpio_control_in_2[8].BUF[2]/Z (gf180mcu_fd_sc_mcu7t5v0__clkbuf_8)
    12    0.09                           gpio_control_in_2[7].serial_clock (net)
                  0.25    0.01   29.71 v gpio_control_in_2[7].BUF[2]/I (gf180mcu_fd_sc_mcu7t5v0__clkbuf_8)
                  0.24    0.40   30.11 v gpio_control_in_2[7].BUF[2]/Z (gf180mcu_fd_sc_mcu7t5v0__clkbuf_8)
    12    0.09                           gpio_control_in_2[6].serial_clock (net)
                  0.24    0.01   30.12 v _34537_/CLKN (gf180mcu_fd_sc_mcu7t5v0__dffnrnq_1)
                  2.14    2.20   32.32 ^ _34537_/Q (gf180mcu_fd_sc_mcu7t5v0__dffnrnq_1)
     5    0.13                           gpio_control_in_2[5].serial_data_in (net)
                  2.14    0.03   32.34 ^ _34517_/D (gf180mcu_fd_sc_mcu7t5v0__dffrnq_1)
                                 32.34   data arrival time

                         50.00   50.00   clock hk_serial_clk (rise edge)
                          0.00   50.00   clock source latency
                  0.00    0.00   50.00 ^ housekeeping/serial_clock (housekeeping)
    24    0.54                           gpio_control_bidir_1[0].serial_clock (net)
                  0.30    0.12   50.12 ^ gpio_control_bidir_2[2].BUF[2]/I (gf180mcu_fd_sc_mcu7t5v0__clkbuf_8)
                  0.24    0.35   50.47 ^ gpio_control_bidir_2[2].BUF[2]/Z (gf180mcu_fd_sc_mcu7t5v0__clkbuf_8)
    12    0.10                           gpio_control_bidir_2[1].serial_clock (net)
                  0.24    0.01   50.48 ^ gpio_control_bidir_2[1].BUF[2]/I (gf180mcu_fd_sc_mcu7t5v0__clkbuf_8)
                  0.22    0.33   50.81 ^ gpio_control_bidir_2[1].BUF[2]/Z (gf180mcu_fd_sc_mcu7t5v0__clkbuf_8)
    12    0.09                           gpio_control_bidir_2[0].serial_clock (net)
                  0.22    0.01   50.82 ^ gpio_control_bidir_2[0].BUF[2]/I (gf180mcu_fd_sc_mcu7t5v0__clkbuf_8)
                  0.23    0.33   51.15 ^ gpio_control_bidir_2[0].BUF[2]/Z (gf180mcu_fd_sc_mcu7t5v0__clkbuf_8)
    12    0.09                           gpio_control_bidir_2[0].serial_clock_out (net)
                  0.23    0.01   51.15 ^ gpio_control_in_2[15].BUF[2]/I (gf180mcu_fd_sc_mcu7t5v0__clkbuf_8)
                  0.23    0.33   51.48 ^ gpio_control_in_2[15].BUF[2]/Z (gf180mcu_fd_sc_mcu7t5v0__clkbuf_8)
    12    0.09                           gpio_control_in_2[14].serial_clock (net)
                  0.23    0.01   51.49 ^ gpio_control_in_2[14].BUF[2]/I (gf180mcu_fd_sc_mcu7t5v0__clkbuf_8)
                  0.36    0.41   51.90 ^ gpio_control_in_2[14].BUF[2]/Z (gf180mcu_fd_sc_mcu7t5v0__clkbuf_8)
    12    0.16                           gpio_control_in_2[13].serial_clock (net)
                  0.36    0.02   51.92 ^ gpio_control_in_2[13].BUF[2]/I (gf180mcu_fd_sc_mcu7t5v0__clkbuf_8)
                  0.24    0.36   52.28 ^ gpio_control_in_2[13].BUF[2]/Z (gf180mcu_fd_sc_mcu7t5v0__clkbuf_8)
    12    0.10                           gpio_control_in_2[12].serial_clock (net)
                  0.24    0.01   52.29 ^ gpio_control_in_2[12].BUF[2]/I (gf180mcu_fd_sc_mcu7t5v0__clkbuf_8)
                  0.25    0.35   52.64 ^ gpio_control_in_2[12].BUF[2]/Z (gf180mcu_fd_sc_mcu7t5v0__clkbuf_8)
    12    0.10                           gpio_control_in_2[11].serial_clock (net)
                  0.25    0.01   52.64 ^ gpio_control_in_2[11].BUF[2]/I (gf180mcu_fd_sc_mcu7t5v0__clkbuf_8)
                  0.23    0.34   52.98 ^ gpio_control_in_2[11].BUF[2]/Z (gf180mcu_fd_sc_mcu7t5v0__clkbuf_8)
    12    0.09                           gpio_control_in_2[10].serial_clock (net)
                  0.23    0.01   52.99 ^ gpio_control_in_2[10].BUF[2]/I (gf180mcu_fd_sc_mcu7t5v0__clkbuf_8)
                  0.22    0.33   53.31 ^ gpio_control_in_2[10].BUF[2]/Z (gf180mcu_fd_sc_mcu7t5v0__clkbuf_8)
    12    0.09                           gpio_control_in_2[10].serial_clock_out (net)
                  0.22    0.01   53.32 ^ gpio_control_in_2[9].BUF[2]/I (gf180mcu_fd_sc_mcu7t5v0__clkbuf_8)
                  0.21    0.32   53.64 ^ gpio_control_in_2[9].BUF[2]/Z (gf180mcu_fd_sc_mcu7t5v0__clkbuf_8)
    12    0.08                           gpio_control_in_2[8].serial_clock (net)
                  0.21    0.01   53.65 ^ gpio_control_in_2[8].BUF[2]/I (gf180mcu_fd_sc_mcu7t5v0__clkbuf_8)
                  0.24    0.33   53.98 ^ gpio_control_in_2[8].BUF[2]/Z (gf180mcu_fd_sc_mcu7t5v0__clkbuf_8)
    12    0.09                           gpio_control_in_2[7].serial_clock (net)
                  0.24    0.01   53.99 ^ gpio_control_in_2[7].BUF[2]/I (gf180mcu_fd_sc_mcu7t5v0__clkbuf_8)
                  0.23    0.33   54.32 ^ gpio_control_in_2[7].BUF[2]/Z (gf180mcu_fd_sc_mcu7t5v0__clkbuf_8)
    12    0.09                           gpio_control_in_2[6].serial_clock (net)
                  0.23    0.01   54.33 ^ gpio_control_in_2[6].BUF[2]/I (gf180mcu_fd_sc_mcu7t5v0__clkbuf_8)
                  0.34    0.39   54.72 ^ gpio_control_in_2[6].BUF[2]/Z (gf180mcu_fd_sc_mcu7t5v0__clkbuf_8)
    14    0.16                           gpio_control_in_2[5].serial_clock (net)
                  0.35    0.03   54.74 ^ _34517_/CLK (gf180mcu_fd_sc_mcu7t5v0__dffrnq_1)
                         -0.10   54.64   clock uncertainty
                          0.34   54.98   clock reconvergence pessimism
                         -0.45   54.53   library setup time
                                 54.53   data required time
-----------------------------------------------------------------------------
                                 54.53   data required time
                                -32.34   data arrival time
-----------------------------------------------------------------------------
                                 22.19   slack (MET)



===========================================================================
report_checks --slack_max -0.01
============================================================================
No paths found.
