OpenROAD 7c85c140308f01b73f57ea1117f3e43f39abd437 
This program is licensed under the BSD-3 license. See the LICENSE file for details.
Components of this program may be licensed under more restrictive licenses which must be honored.
[WARNING STA-0161] /home/hosni/GF180/PnR_2/caravel-gf180mcu/openlane/caravel_core/../../signoff/housekeeping/primetime-signoff/lib/tt/housekeeping.nom.lib line 340, max_transition is 0.0.
[WARNING STA-0161] /home/hosni/GF180/PnR_2/caravel-gf180mcu/openlane/caravel_core/../../signoff/housekeeping/primetime-signoff/lib/tt/housekeeping.nom.lib line 349, max_transition is 0.0.
[WARNING STA-0161] /home/hosni/GF180/PnR_2/caravel-gf180mcu/openlane/caravel_core/../../signoff/housekeeping/primetime-signoff/lib/tt/housekeeping.nom.lib line 358, max_transition is 0.0.
[WARNING STA-0161] /home/hosni/GF180/PnR_2/caravel-gf180mcu/openlane/caravel_core/../../signoff/housekeeping/primetime-signoff/lib/tt/housekeeping.nom.lib line 838, max_transition is 0.0.
[WARNING STA-0161] /home/hosni/GF180/PnR_2/caravel-gf180mcu/openlane/caravel_core/../../signoff/housekeeping/primetime-signoff/lib/tt/housekeeping.nom.lib line 1395, max_transition is 0.0.
[WARNING STA-0161] /home/hosni/GF180/PnR_2/caravel-gf180mcu/openlane/caravel_core/../../signoff/housekeeping/primetime-signoff/lib/tt/housekeeping.nom.lib line 2150, max_transition is 0.0.
[WARNING STA-0161] /home/hosni/GF180/PnR_2/caravel-gf180mcu/openlane/caravel_core/../../signoff/housekeeping/primetime-signoff/lib/tt/housekeeping.nom.lib line 2341, max_transition is 0.0.
[WARNING STA-0161] /home/hosni/GF180/PnR_2/caravel-gf180mcu/openlane/caravel_core/../../signoff/housekeeping/primetime-signoff/lib/tt/housekeeping.nom.lib line 2629, max_transition is 0.0.
[WARNING STA-0161] /home/hosni/GF180/PnR_2/caravel-gf180mcu/openlane/caravel_core/../../signoff/housekeeping/primetime-signoff/lib/tt/housekeeping.nom.lib line 3538, max_transition is 0.0.
[WARNING STA-0161] /home/hosni/GF180/PnR_2/caravel-gf180mcu/openlane/caravel_core/../../signoff/housekeeping/primetime-signoff/lib/tt/housekeeping.nom.lib line 3547, max_transition is 0.0.
[WARNING STA-0161] /home/hosni/GF180/PnR_2/caravel-gf180mcu/openlane/caravel_core/../../signoff/housekeeping/primetime-signoff/lib/tt/housekeeping.nom.lib line 3556, max_transition is 0.0.
[WARNING STA-0161] /home/hosni/GF180/PnR_2/caravel-gf180mcu/openlane/caravel_core/../../signoff/housekeeping/primetime-signoff/lib/tt/housekeeping.nom.lib line 3749, max_transition is 0.0.
[WARNING STA-0161] /home/hosni/GF180/PnR_2/caravel-gf180mcu/openlane/caravel_core/../../signoff/housekeeping/primetime-signoff/lib/tt/housekeeping.nom.lib line 3758, max_transition is 0.0.
[WARNING STA-0161] /home/hosni/GF180/PnR_2/caravel-gf180mcu/openlane/caravel_core/../../signoff/housekeeping/primetime-signoff/lib/tt/housekeeping.nom.lib line 3767, max_transition is 0.0.
[WARNING STA-0161] /home/hosni/GF180/PnR_2/caravel-gf180mcu/openlane/caravel_core/../../signoff/housekeeping/primetime-signoff/lib/tt/housekeeping.nom.lib line 3776, max_transition is 0.0.
[WARNING STA-0161] /home/hosni/GF180/PnR_2/caravel-gf180mcu/openlane/caravel_core/../../signoff/housekeeping/primetime-signoff/lib/tt/housekeeping.nom.lib line 3882, max_transition is 0.0.
[WARNING STA-0161] /home/hosni/GF180/PnR_2/caravel-gf180mcu/openlane/caravel_core/../../signoff/housekeeping/primetime-signoff/lib/tt/housekeeping.nom.lib line 3891, max_transition is 0.0.
[WARNING STA-0161] /home/hosni/GF180/PnR_2/caravel-gf180mcu/openlane/caravel_core/../../signoff/housekeeping/primetime-signoff/lib/tt/housekeeping.nom.lib line 3999, max_transition is 0.0.
[WARNING STA-0161] /home/hosni/GF180/PnR_2/caravel-gf180mcu/openlane/caravel_core/../../signoff/housekeeping/primetime-signoff/lib/tt/housekeeping.nom.lib line 4008, max_transition is 0.0.
[WARNING STA-0161] /home/hosni/GF180/PnR_2/caravel-gf180mcu/openlane/caravel_core/../../signoff/housekeeping/primetime-signoff/lib/tt/housekeeping.nom.lib line 4116, max_transition is 0.0.
[WARNING STA-0161] /home/hosni/GF180/PnR_2/caravel-gf180mcu/openlane/caravel_core/../../signoff/housekeeping/primetime-signoff/lib/tt/housekeeping.nom.lib line 4125, max_transition is 0.0.
[WARNING STA-0161] /home/hosni/GF180/PnR_2/caravel-gf180mcu/openlane/caravel_core/../../signoff/housekeeping/primetime-signoff/lib/tt/housekeeping.nom.lib line 4231, max_transition is 0.0.
[WARNING STA-0161] /home/hosni/GF180/PnR_2/caravel-gf180mcu/openlane/caravel_core/../../signoff/housekeeping/primetime-signoff/lib/tt/housekeeping.nom.lib line 4240, max_transition is 0.0.
[WARNING STA-0161] /home/hosni/GF180/PnR_2/caravel-gf180mcu/openlane/caravel_core/../../signoff/housekeeping/primetime-signoff/lib/tt/housekeeping.nom.lib line 4249, max_transition is 0.0.
[WARNING STA-0161] /home/hosni/GF180/PnR_2/caravel-gf180mcu/openlane/caravel_core/../../signoff/housekeeping/primetime-signoff/lib/tt/housekeeping.nom.lib line 4306, max_transition is 0.0.
[WARNING STA-0161] /home/hosni/GF180/PnR_2/caravel-gf180mcu/openlane/caravel_core/../../signoff/housekeeping/primetime-signoff/lib/tt/housekeeping.nom.lib line 4459, max_transition is 0.0.
[WARNING STA-0161] /home/hosni/GF180/PnR_2/caravel-gf180mcu/openlane/caravel_core/../../signoff/housekeeping/primetime-signoff/lib/tt/housekeeping.nom.lib line 4516, max_transition is 0.0.
[WARNING STA-0161] /home/hosni/GF180/PnR_2/caravel-gf180mcu/openlane/caravel_core/../../signoff/housekeeping/primetime-signoff/lib/tt/housekeeping.nom.lib line 4527, max_transition is 0.0.
[WARNING STA-0161] /home/hosni/GF180/PnR_2/caravel-gf180mcu/openlane/caravel_core/../../signoff/housekeeping/primetime-signoff/lib/tt/housekeeping.nom.lib line 4584, max_transition is 0.0.
[WARNING STA-0161] /home/hosni/GF180/PnR_2/caravel-gf180mcu/openlane/caravel_core/../../signoff/housekeeping/primetime-signoff/lib/tt/housekeeping.nom.lib line 5129, max_transition is 0.0.
[WARNING STA-0161] /home/hosni/GF180/PnR_2/caravel-gf180mcu/openlane/caravel_core/../../signoff/housekeeping/primetime-signoff/lib/tt/housekeeping.nom.lib line 5186, max_transition is 0.0.
[WARNING STA-0161] /home/hosni/GF180/PnR_2/caravel-gf180mcu/openlane/caravel_core/../../signoff/housekeeping/primetime-signoff/lib/tt/housekeeping.nom.lib line 5243, max_transition is 0.0.
[WARNING STA-0161] /home/hosni/GF180/PnR_2/caravel-gf180mcu/openlane/caravel_core/../../signoff/housekeeping/primetime-signoff/lib/tt/housekeeping.nom.lib line 5300, max_transition is 0.0.
[WARNING STA-0161] /home/hosni/GF180/PnR_2/caravel-gf180mcu/openlane/caravel_core/../../signoff/housekeeping/primetime-signoff/lib/tt/housekeeping.nom.lib line 5357, max_transition is 0.0.
[WARNING STA-0161] /home/hosni/GF180/PnR_2/caravel-gf180mcu/openlane/caravel_core/../../signoff/housekeeping/primetime-signoff/lib/tt/housekeeping.nom.lib line 5414, max_transition is 0.0.
[WARNING STA-0161] /home/hosni/GF180/PnR_2/caravel-gf180mcu/openlane/caravel_core/../../signoff/housekeeping/primetime-signoff/lib/tt/housekeeping.nom.lib line 5471, max_transition is 0.0.
[WARNING STA-0161] /home/hosni/GF180/PnR_2/caravel-gf180mcu/openlane/caravel_core/../../signoff/housekeeping/primetime-signoff/lib/tt/housekeeping.nom.lib line 5528, max_transition is 0.0.
[WARNING STA-0161] /home/hosni/GF180/PnR_2/caravel-gf180mcu/openlane/caravel_core/../../signoff/housekeeping/primetime-signoff/lib/tt/housekeeping.nom.lib line 5585, max_transition is 0.0.
[WARNING STA-0161] /home/hosni/GF180/PnR_2/caravel-gf180mcu/openlane/caravel_core/../../signoff/housekeeping/primetime-signoff/lib/tt/housekeeping.nom.lib line 5642, max_transition is 0.0.
[WARNING STA-0161] /home/hosni/GF180/PnR_2/caravel-gf180mcu/openlane/caravel_core/../../signoff/housekeeping/primetime-signoff/lib/tt/housekeeping.nom.lib line 5699, max_transition is 0.0.
[WARNING STA-0161] /home/hosni/GF180/PnR_2/caravel-gf180mcu/openlane/caravel_core/../../signoff/housekeeping/primetime-signoff/lib/tt/housekeeping.nom.lib line 5756, max_transition is 0.0.
[WARNING STA-0161] /home/hosni/GF180/PnR_2/caravel-gf180mcu/openlane/caravel_core/../../signoff/housekeeping/primetime-signoff/lib/tt/housekeeping.nom.lib line 5813, max_transition is 0.0.
[WARNING STA-0161] /home/hosni/GF180/PnR_2/caravel-gf180mcu/openlane/caravel_core/../../signoff/housekeeping/primetime-signoff/lib/tt/housekeeping.nom.lib line 5870, max_transition is 0.0.
[WARNING STA-0161] /home/hosni/GF180/PnR_2/caravel-gf180mcu/openlane/caravel_core/../../signoff/housekeeping/primetime-signoff/lib/tt/housekeeping.nom.lib line 5927, max_transition is 0.0.
[WARNING STA-0161] /home/hosni/GF180/PnR_2/caravel-gf180mcu/openlane/caravel_core/../../signoff/housekeeping/primetime-signoff/lib/tt/housekeeping.nom.lib line 5984, max_transition is 0.0.
[WARNING STA-0161] /home/hosni/GF180/PnR_2/caravel-gf180mcu/openlane/caravel_core/../../signoff/housekeeping/primetime-signoff/lib/tt/housekeeping.nom.lib line 6041, max_transition is 0.0.
[WARNING STA-0161] /home/hosni/GF180/PnR_2/caravel-gf180mcu/openlane/caravel_core/../../signoff/housekeeping/primetime-signoff/lib/tt/housekeeping.nom.lib line 6098, max_transition is 0.0.
[WARNING STA-0161] /home/hosni/GF180/PnR_2/caravel-gf180mcu/openlane/caravel_core/../../signoff/housekeeping/primetime-signoff/lib/tt/housekeeping.nom.lib line 6155, max_transition is 0.0.
[WARNING STA-0161] /home/hosni/GF180/PnR_2/caravel-gf180mcu/openlane/caravel_core/../../signoff/housekeeping/primetime-signoff/lib/tt/housekeeping.nom.lib line 6212, max_transition is 0.0.
[WARNING STA-0161] /home/hosni/GF180/PnR_2/caravel-gf180mcu/openlane/caravel_core/../../signoff/housekeeping/primetime-signoff/lib/tt/housekeeping.nom.lib line 6269, max_transition is 0.0.
[WARNING STA-0161] /home/hosni/GF180/PnR_2/caravel-gf180mcu/openlane/caravel_core/../../signoff/housekeeping/primetime-signoff/lib/tt/housekeeping.nom.lib line 6326, max_transition is 0.0.
[WARNING STA-0161] /home/hosni/GF180/PnR_2/caravel-gf180mcu/openlane/caravel_core/../../signoff/housekeeping/primetime-signoff/lib/tt/housekeeping.nom.lib line 6383, max_transition is 0.0.
[WARNING STA-0161] /home/hosni/GF180/PnR_2/caravel-gf180mcu/openlane/caravel_core/../../signoff/housekeeping/primetime-signoff/lib/tt/housekeeping.nom.lib line 6440, max_transition is 0.0.
[WARNING STA-0161] /home/hosni/GF180/PnR_2/caravel-gf180mcu/openlane/caravel_core/../../signoff/housekeeping/primetime-signoff/lib/tt/housekeeping.nom.lib line 6497, max_transition is 0.0.
[WARNING STA-0161] /home/hosni/GF180/PnR_2/caravel-gf180mcu/openlane/caravel_core/../../signoff/housekeeping/primetime-signoff/lib/tt/housekeeping.nom.lib line 6554, max_transition is 0.0.
[WARNING STA-0161] /home/hosni/GF180/PnR_2/caravel-gf180mcu/openlane/caravel_core/../../signoff/housekeeping/primetime-signoff/lib/tt/housekeeping.nom.lib line 6611, max_transition is 0.0.
[WARNING STA-0161] /home/hosni/GF180/PnR_2/caravel-gf180mcu/openlane/caravel_core/../../signoff/housekeeping/primetime-signoff/lib/tt/housekeeping.nom.lib line 6668, max_transition is 0.0.
[WARNING STA-0161] /home/hosni/GF180/PnR_2/caravel-gf180mcu/openlane/caravel_core/../../signoff/housekeeping/primetime-signoff/lib/tt/housekeeping.nom.lib line 6725, max_transition is 0.0.
[WARNING STA-0161] /home/hosni/GF180/PnR_2/caravel-gf180mcu/openlane/caravel_core/../../signoff/housekeeping/primetime-signoff/lib/tt/housekeeping.nom.lib line 6782, max_transition is 0.0.
[WARNING STA-0161] /home/hosni/GF180/PnR_2/caravel-gf180mcu/openlane/caravel_core/../../signoff/housekeeping/primetime-signoff/lib/tt/housekeeping.nom.lib line 6839, max_transition is 0.0.
[WARNING STA-0161] /home/hosni/GF180/PnR_2/caravel-gf180mcu/openlane/caravel_core/../../signoff/housekeeping/primetime-signoff/lib/tt/housekeeping.nom.lib line 6896, max_transition is 0.0.
[WARNING STA-0161] /home/hosni/GF180/PnR_2/caravel-gf180mcu/openlane/caravel_core/../../signoff/housekeeping/primetime-signoff/lib/tt/housekeeping.nom.lib line 6958, max_transition is 0.0.
[WARNING STA-0161] /home/hosni/GF180/PnR_2/caravel-gf180mcu/openlane/caravel_core/../../signoff/housekeeping/primetime-signoff/lib/tt/housekeeping.nom.lib line 7015, max_transition is 0.0.
[WARNING STA-0161] /home/hosni/GF180/PnR_2/caravel-gf180mcu/openlane/caravel_core/../../signoff/housekeeping/primetime-signoff/lib/tt/housekeeping.nom.lib line 7072, max_transition is 0.0.
[WARNING STA-0161] /home/hosni/GF180/PnR_2/caravel-gf180mcu/openlane/caravel_core/../../signoff/housekeeping/primetime-signoff/lib/tt/housekeeping.nom.lib line 7129, max_transition is 0.0.
[WARNING STA-0161] /home/hosni/GF180/PnR_2/caravel-gf180mcu/openlane/caravel_core/../../signoff/housekeeping/primetime-signoff/lib/tt/housekeeping.nom.lib line 7186, max_transition is 0.0.
[WARNING STA-0161] /home/hosni/GF180/PnR_2/caravel-gf180mcu/openlane/caravel_core/../../signoff/housekeeping/primetime-signoff/lib/tt/housekeeping.nom.lib line 7243, max_transition is 0.0.
[WARNING STA-0161] /home/hosni/GF180/PnR_2/caravel-gf180mcu/openlane/caravel_core/../../signoff/housekeeping/primetime-signoff/lib/tt/housekeeping.nom.lib line 7300, max_transition is 0.0.
[WARNING STA-0161] /home/hosni/GF180/PnR_2/caravel-gf180mcu/openlane/caravel_core/../../signoff/housekeeping/primetime-signoff/lib/tt/housekeeping.nom.lib line 7357, max_transition is 0.0.
[WARNING STA-0161] /home/hosni/GF180/PnR_2/caravel-gf180mcu/openlane/caravel_core/../../signoff/housekeeping/primetime-signoff/lib/tt/housekeeping.nom.lib line 7414, max_transition is 0.0.
[WARNING STA-0161] /home/hosni/GF180/PnR_2/caravel-gf180mcu/openlane/caravel_core/../../signoff/housekeeping/primetime-signoff/lib/tt/housekeeping.nom.lib line 7471, max_transition is 0.0.
[WARNING STA-0161] /home/hosni/GF180/PnR_2/caravel-gf180mcu/openlane/caravel_core/../../signoff/housekeeping/primetime-signoff/lib/tt/housekeeping.nom.lib line 7528, max_transition is 0.0.
[WARNING STA-0161] /home/hosni/GF180/PnR_2/caravel-gf180mcu/openlane/caravel_core/../../signoff/housekeeping/primetime-signoff/lib/tt/housekeeping.nom.lib line 7585, max_transition is 0.0.
[WARNING STA-0161] /home/hosni/GF180/PnR_2/caravel-gf180mcu/openlane/caravel_core/../../signoff/housekeeping/primetime-signoff/lib/tt/housekeeping.nom.lib line 7642, max_transition is 0.0.
[WARNING STA-0161] /home/hosni/GF180/PnR_2/caravel-gf180mcu/openlane/caravel_core/../../signoff/housekeeping/primetime-signoff/lib/tt/housekeeping.nom.lib line 7699, max_transition is 0.0.
[WARNING STA-0161] /home/hosni/GF180/PnR_2/caravel-gf180mcu/openlane/caravel_core/../../signoff/housekeeping/primetime-signoff/lib/tt/housekeeping.nom.lib line 7756, max_transition is 0.0.
[WARNING STA-0161] /home/hosni/GF180/PnR_2/caravel-gf180mcu/openlane/caravel_core/../../signoff/housekeeping/primetime-signoff/lib/tt/housekeeping.nom.lib line 7813, max_transition is 0.0.
[WARNING STA-0161] /home/hosni/GF180/PnR_2/caravel-gf180mcu/openlane/caravel_core/../../signoff/housekeeping/primetime-signoff/lib/tt/housekeeping.nom.lib line 7870, max_transition is 0.0.
[WARNING STA-0161] /home/hosni/GF180/PnR_2/caravel-gf180mcu/openlane/caravel_core/../../signoff/housekeeping/primetime-signoff/lib/tt/housekeeping.nom.lib line 7927, max_transition is 0.0.
[WARNING STA-0161] /home/hosni/GF180/PnR_2/caravel-gf180mcu/openlane/caravel_core/../../signoff/housekeeping/primetime-signoff/lib/tt/housekeeping.nom.lib line 7984, max_transition is 0.0.
[WARNING STA-0161] /home/hosni/GF180/PnR_2/caravel-gf180mcu/openlane/caravel_core/../../signoff/housekeeping/primetime-signoff/lib/tt/housekeeping.nom.lib line 8041, max_transition is 0.0.
[WARNING STA-0161] /home/hosni/GF180/PnR_2/caravel-gf180mcu/openlane/caravel_core/../../signoff/housekeeping/primetime-signoff/lib/tt/housekeeping.nom.lib line 8098, max_transition is 0.0.
[WARNING STA-0161] /home/hosni/GF180/PnR_2/caravel-gf180mcu/openlane/caravel_core/../../signoff/housekeeping/primetime-signoff/lib/tt/housekeeping.nom.lib line 8155, max_transition is 0.0.
[WARNING STA-0161] /home/hosni/GF180/PnR_2/caravel-gf180mcu/openlane/caravel_core/../../signoff/housekeeping/primetime-signoff/lib/tt/housekeeping.nom.lib line 8212, max_transition is 0.0.
[WARNING STA-0161] /home/hosni/GF180/PnR_2/caravel-gf180mcu/openlane/caravel_core/../../signoff/housekeeping/primetime-signoff/lib/tt/housekeeping.nom.lib line 8269, max_transition is 0.0.
[WARNING STA-0161] /home/hosni/GF180/PnR_2/caravel-gf180mcu/openlane/caravel_core/../../signoff/housekeeping/primetime-signoff/lib/tt/housekeeping.nom.lib line 8326, max_transition is 0.0.
[WARNING STA-0161] /home/hosni/GF180/PnR_2/caravel-gf180mcu/openlane/caravel_core/../../signoff/housekeeping/primetime-signoff/lib/tt/housekeeping.nom.lib line 8383, max_transition is 0.0.
[WARNING STA-0161] /home/hosni/GF180/PnR_2/caravel-gf180mcu/openlane/caravel_core/../../signoff/housekeeping/primetime-signoff/lib/tt/housekeeping.nom.lib line 8440, max_transition is 0.0.
[WARNING STA-0161] /home/hosni/GF180/PnR_2/caravel-gf180mcu/openlane/caravel_core/../../signoff/housekeeping/primetime-signoff/lib/tt/housekeeping.nom.lib line 8497, max_transition is 0.0.
[WARNING STA-0161] /home/hosni/GF180/PnR_2/caravel-gf180mcu/openlane/caravel_core/../../signoff/housekeeping/primetime-signoff/lib/tt/housekeeping.nom.lib line 8554, max_transition is 0.0.
[WARNING STA-0161] /home/hosni/GF180/PnR_2/caravel-gf180mcu/openlane/caravel_core/../../signoff/housekeeping/primetime-signoff/lib/tt/housekeeping.nom.lib line 8611, max_transition is 0.0.
[WARNING STA-0161] /home/hosni/GF180/PnR_2/caravel-gf180mcu/openlane/caravel_core/../../signoff/housekeeping/primetime-signoff/lib/tt/housekeeping.nom.lib line 8668, max_transition is 0.0.
[WARNING STA-0161] /home/hosni/GF180/PnR_2/caravel-gf180mcu/openlane/caravel_core/../../signoff/housekeeping/primetime-signoff/lib/tt/housekeeping.nom.lib line 8725, max_transition is 0.0.
[WARNING STA-0161] /home/hosni/GF180/PnR_2/caravel-gf180mcu/openlane/caravel_core/../../signoff/housekeeping/primetime-signoff/lib/tt/housekeeping.nom.lib line 8782, max_transition is 0.0.
[WARNING STA-0161] /home/hosni/GF180/PnR_2/caravel-gf180mcu/openlane/caravel_core/../../signoff/housekeeping/primetime-signoff/lib/tt/housekeeping.nom.lib line 8840, max_transition is 0.0.
[WARNING STA-0161] /home/hosni/GF180/PnR_2/caravel-gf180mcu/openlane/caravel_core/../../signoff/housekeeping/primetime-signoff/lib/tt/housekeeping.nom.lib line 8879, max_transition is 0.0.
[WARNING STA-0161] /home/hosni/GF180/PnR_2/caravel-gf180mcu/openlane/caravel_core/../../signoff/housekeeping/primetime-signoff/lib/tt/housekeeping.nom.lib line 8984, max_transition is 0.0.
[WARNING STA-0161] /home/hosni/GF180/PnR_2/caravel-gf180mcu/openlane/caravel_core/../../signoff/housekeeping/primetime-signoff/lib/tt/housekeeping.nom.lib line 9089, max_transition is 0.0.
[WARNING STA-0161] /home/hosni/GF180/PnR_2/caravel-gf180mcu/openlane/caravel_core/../../signoff/housekeeping/primetime-signoff/lib/tt/housekeeping.nom.lib line 9146, max_transition is 0.0.
[WARNING STA-0161] /home/hosni/GF180/PnR_2/caravel-gf180mcu/openlane/caravel_core/../../signoff/housekeeping/primetime-signoff/lib/tt/housekeeping.nom.lib line 23801, max_transition is 0.0.
[WARNING STA-0161] /home/hosni/GF180/PnR_2/caravel-gf180mcu/openlane/caravel_core/../../signoff/housekeeping/primetime-signoff/lib/tt/housekeeping.nom.lib line 23858, max_transition is 0.0.
[WARNING STA-0161] /home/hosni/GF180/PnR_2/caravel-gf180mcu/openlane/caravel_core/../../signoff/housekeeping/primetime-signoff/lib/tt/housekeeping.nom.lib line 23915, max_transition is 0.0.
[WARNING STA-0161] /home/hosni/GF180/PnR_2/caravel-gf180mcu/openlane/caravel_core/../../signoff/housekeeping/primetime-signoff/lib/tt/housekeeping.nom.lib line 23972, max_transition is 0.0.
[WARNING STA-0161] /home/hosni/GF180/PnR_2/caravel-gf180mcu/openlane/caravel_core/../../signoff/housekeeping/primetime-signoff/lib/tt/housekeeping.nom.lib line 24029, max_transition is 0.0.
[WARNING STA-0161] /home/hosni/GF180/PnR_2/caravel-gf180mcu/openlane/caravel_core/../../signoff/housekeeping/primetime-signoff/lib/tt/housekeeping.nom.lib line 24086, max_transition is 0.0.
[WARNING STA-0161] /home/hosni/GF180/PnR_2/caravel-gf180mcu/openlane/caravel_core/../../signoff/housekeeping/primetime-signoff/lib/tt/housekeeping.nom.lib line 24143, max_transition is 0.0.
[WARNING STA-0161] /home/hosni/GF180/PnR_2/caravel-gf180mcu/openlane/caravel_core/../../signoff/housekeeping/primetime-signoff/lib/tt/housekeeping.nom.lib line 24200, max_transition is 0.0.
[WARNING STA-0161] /home/hosni/GF180/PnR_2/caravel-gf180mcu/openlane/caravel_core/../../signoff/housekeeping/primetime-signoff/lib/tt/housekeeping.nom.lib line 24257, max_transition is 0.0.
[WARNING STA-0161] /home/hosni/GF180/PnR_2/caravel-gf180mcu/openlane/caravel_core/../../signoff/housekeeping/primetime-signoff/lib/tt/housekeeping.nom.lib line 24314, max_transition is 0.0.
[WARNING STA-0161] /home/hosni/GF180/PnR_2/caravel-gf180mcu/openlane/caravel_core/../../signoff/housekeeping/primetime-signoff/lib/tt/housekeeping.nom.lib line 24371, max_transition is 0.0.
[WARNING STA-0161] /home/hosni/GF180/PnR_2/caravel-gf180mcu/openlane/caravel_core/../../signoff/housekeeping/primetime-signoff/lib/tt/housekeeping.nom.lib line 24428, max_transition is 0.0.
[WARNING STA-0161] /home/hosni/GF180/PnR_2/caravel-gf180mcu/openlane/caravel_core/../../signoff/housekeeping/primetime-signoff/lib/tt/housekeeping.nom.lib line 24485, max_transition is 0.0.
[WARNING STA-0161] /home/hosni/GF180/PnR_2/caravel-gf180mcu/openlane/caravel_core/../../signoff/housekeeping/primetime-signoff/lib/tt/housekeeping.nom.lib line 24542, max_transition is 0.0.
[WARNING STA-0161] /home/hosni/GF180/PnR_2/caravel-gf180mcu/openlane/caravel_core/../../signoff/housekeeping/primetime-signoff/lib/tt/housekeeping.nom.lib line 24599, max_transition is 0.0.
[WARNING STA-0161] /home/hosni/GF180/PnR_2/caravel-gf180mcu/openlane/caravel_core/../../signoff/housekeeping/primetime-signoff/lib/tt/housekeeping.nom.lib line 24656, max_transition is 0.0.
[WARNING STA-0161] /home/hosni/GF180/PnR_2/caravel-gf180mcu/openlane/caravel_core/../../signoff/housekeeping/primetime-signoff/lib/tt/housekeeping.nom.lib line 24713, max_transition is 0.0.
[WARNING STA-0161] /home/hosni/GF180/PnR_2/caravel-gf180mcu/openlane/caravel_core/../../signoff/housekeeping/primetime-signoff/lib/tt/housekeeping.nom.lib line 24770, max_transition is 0.0.
[WARNING STA-0161] /home/hosni/GF180/PnR_2/caravel-gf180mcu/openlane/caravel_core/../../signoff/housekeeping/primetime-signoff/lib/tt/housekeeping.nom.lib line 24827, max_transition is 0.0.
[WARNING STA-0161] /home/hosni/GF180/PnR_2/caravel-gf180mcu/openlane/caravel_core/../../signoff/housekeeping/primetime-signoff/lib/tt/housekeeping.nom.lib line 24884, max_transition is 0.0.
[WARNING STA-0161] /home/hosni/GF180/PnR_2/caravel-gf180mcu/openlane/caravel_core/../../signoff/housekeeping/primetime-signoff/lib/tt/housekeeping.nom.lib line 24941, max_transition is 0.0.
[WARNING STA-0161] /home/hosni/GF180/PnR_2/caravel-gf180mcu/openlane/caravel_core/../../signoff/housekeeping/primetime-signoff/lib/tt/housekeeping.nom.lib line 24998, max_transition is 0.0.
[WARNING STA-0161] /home/hosni/GF180/PnR_2/caravel-gf180mcu/openlane/caravel_core/../../signoff/housekeeping/primetime-signoff/lib/tt/housekeeping.nom.lib line 25055, max_transition is 0.0.
[WARNING STA-0161] /home/hosni/GF180/PnR_2/caravel-gf180mcu/openlane/caravel_core/../../signoff/housekeeping/primetime-signoff/lib/tt/housekeeping.nom.lib line 25112, max_transition is 0.0.
[WARNING STA-0161] /home/hosni/GF180/PnR_2/caravel-gf180mcu/openlane/caravel_core/../../signoff/housekeeping/primetime-signoff/lib/tt/housekeeping.nom.lib line 25169, max_transition is 0.0.
[WARNING STA-0161] /home/hosni/GF180/PnR_2/caravel-gf180mcu/openlane/caravel_core/../../signoff/housekeeping/primetime-signoff/lib/tt/housekeeping.nom.lib line 25226, max_transition is 0.0.
[WARNING STA-0161] /home/hosni/GF180/PnR_2/caravel-gf180mcu/openlane/caravel_core/../../signoff/housekeeping/primetime-signoff/lib/tt/housekeeping.nom.lib line 25283, max_transition is 0.0.
[WARNING STA-0161] /home/hosni/GF180/PnR_2/caravel-gf180mcu/openlane/caravel_core/../../signoff/housekeeping/primetime-signoff/lib/tt/housekeeping.nom.lib line 25340, max_transition is 0.0.
[WARNING STA-0161] /home/hosni/GF180/PnR_2/caravel-gf180mcu/openlane/caravel_core/../../signoff/housekeeping/primetime-signoff/lib/tt/housekeeping.nom.lib line 25397, max_transition is 0.0.
[WARNING STA-0161] /home/hosni/GF180/PnR_2/caravel-gf180mcu/openlane/caravel_core/../../signoff/housekeeping/primetime-signoff/lib/tt/housekeeping.nom.lib line 25454, max_transition is 0.0.
[WARNING STA-0161] /home/hosni/GF180/PnR_2/caravel-gf180mcu/openlane/caravel_core/../../signoff/housekeeping/primetime-signoff/lib/tt/housekeeping.nom.lib line 25511, max_transition is 0.0.
[WARNING STA-0161] /home/hosni/GF180/PnR_2/caravel-gf180mcu/openlane/caravel_core/../../signoff/housekeeping/primetime-signoff/lib/tt/housekeeping.nom.lib line 25568, max_transition is 0.0.
[WARNING STA-0161] /home/hosni/GF180/PnR_2/caravel-gf180mcu/openlane/caravel_core/../../signoff/housekeeping/primetime-signoff/lib/tt/housekeeping.nom.lib line 25630, max_transition is 0.0.
[WARNING STA-0161] /home/hosni/GF180/PnR_2/caravel-gf180mcu/openlane/caravel_core/../../signoff/housekeeping/primetime-signoff/lib/tt/housekeeping.nom.lib line 25687, max_transition is 0.0.
[WARNING STA-0161] /home/hosni/GF180/PnR_2/caravel-gf180mcu/openlane/caravel_core/../../signoff/housekeeping/primetime-signoff/lib/tt/housekeeping.nom.lib line 25744, max_transition is 0.0.
[WARNING STA-0161] /home/hosni/GF180/PnR_2/caravel-gf180mcu/openlane/caravel_core/../../signoff/housekeeping/primetime-signoff/lib/tt/housekeeping.nom.lib line 25801, max_transition is 0.0.
[WARNING STA-0161] /home/hosni/GF180/PnR_2/caravel-gf180mcu/openlane/caravel_core/../../signoff/housekeeping/primetime-signoff/lib/tt/housekeeping.nom.lib line 25858, max_transition is 0.0.
[WARNING STA-0161] /home/hosni/GF180/PnR_2/caravel-gf180mcu/openlane/caravel_core/../../signoff/housekeeping/primetime-signoff/lib/tt/housekeeping.nom.lib line 25915, max_transition is 0.0.
[WARNING STA-0161] /home/hosni/GF180/PnR_2/caravel-gf180mcu/openlane/caravel_core/../../signoff/housekeeping/primetime-signoff/lib/tt/housekeeping.nom.lib line 25972, max_transition is 0.0.
[WARNING STA-0161] /home/hosni/GF180/PnR_2/caravel-gf180mcu/openlane/caravel_core/../../signoff/housekeeping/primetime-signoff/lib/tt/housekeeping.nom.lib line 26029, max_transition is 0.0.
[WARNING STA-0161] /home/hosni/GF180/PnR_2/caravel-gf180mcu/openlane/caravel_core/../../signoff/housekeeping/primetime-signoff/lib/tt/housekeeping.nom.lib line 26086, max_transition is 0.0.
[WARNING STA-0161] /home/hosni/GF180/PnR_2/caravel-gf180mcu/openlane/caravel_core/../../signoff/housekeeping/primetime-signoff/lib/tt/housekeeping.nom.lib line 26143, max_transition is 0.0.
[WARNING STA-0161] /home/hosni/GF180/PnR_2/caravel-gf180mcu/openlane/caravel_core/../../signoff/housekeeping/primetime-signoff/lib/tt/housekeeping.nom.lib line 26200, max_transition is 0.0.
[WARNING STA-0161] /home/hosni/GF180/PnR_2/caravel-gf180mcu/openlane/caravel_core/../../signoff/housekeeping/primetime-signoff/lib/tt/housekeeping.nom.lib line 26257, max_transition is 0.0.
[WARNING STA-0161] /home/hosni/GF180/PnR_2/caravel-gf180mcu/openlane/caravel_core/../../signoff/housekeeping/primetime-signoff/lib/tt/housekeeping.nom.lib line 26314, max_transition is 0.0.
[WARNING STA-0161] /home/hosni/GF180/PnR_2/caravel-gf180mcu/openlane/caravel_core/../../signoff/housekeeping/primetime-signoff/lib/tt/housekeeping.nom.lib line 26371, max_transition is 0.0.
[WARNING STA-0161] /home/hosni/GF180/PnR_2/caravel-gf180mcu/openlane/caravel_core/../../signoff/housekeeping/primetime-signoff/lib/tt/housekeeping.nom.lib line 26428, max_transition is 0.0.
[WARNING STA-0161] /home/hosni/GF180/PnR_2/caravel-gf180mcu/openlane/caravel_core/../../signoff/housekeeping/primetime-signoff/lib/tt/housekeeping.nom.lib line 26485, max_transition is 0.0.
[WARNING STA-0161] /home/hosni/GF180/PnR_2/caravel-gf180mcu/openlane/caravel_core/../../signoff/housekeeping/primetime-signoff/lib/tt/housekeeping.nom.lib line 26542, max_transition is 0.0.
[WARNING STA-0161] /home/hosni/GF180/PnR_2/caravel-gf180mcu/openlane/caravel_core/../../signoff/housekeeping/primetime-signoff/lib/tt/housekeeping.nom.lib line 26599, max_transition is 0.0.
[WARNING STA-0161] /home/hosni/GF180/PnR_2/caravel-gf180mcu/openlane/caravel_core/../../signoff/housekeeping/primetime-signoff/lib/tt/housekeeping.nom.lib line 26656, max_transition is 0.0.
[WARNING STA-0161] /home/hosni/GF180/PnR_2/caravel-gf180mcu/openlane/caravel_core/../../signoff/housekeeping/primetime-signoff/lib/tt/housekeeping.nom.lib line 26713, max_transition is 0.0.
[WARNING STA-0161] /home/hosni/GF180/PnR_2/caravel-gf180mcu/openlane/caravel_core/../../signoff/housekeeping/primetime-signoff/lib/tt/housekeeping.nom.lib line 26770, max_transition is 0.0.
[WARNING STA-0161] /home/hosni/GF180/PnR_2/caravel-gf180mcu/openlane/caravel_core/../../signoff/housekeeping/primetime-signoff/lib/tt/housekeeping.nom.lib line 26827, max_transition is 0.0.
[WARNING STA-0161] /home/hosni/GF180/PnR_2/caravel-gf180mcu/openlane/caravel_core/../../signoff/housekeeping/primetime-signoff/lib/tt/housekeeping.nom.lib line 26884, max_transition is 0.0.
[WARNING STA-0161] /home/hosni/GF180/PnR_2/caravel-gf180mcu/openlane/caravel_core/../../signoff/housekeeping/primetime-signoff/lib/tt/housekeeping.nom.lib line 26941, max_transition is 0.0.
[WARNING STA-0161] /home/hosni/GF180/PnR_2/caravel-gf180mcu/openlane/caravel_core/../../signoff/housekeeping/primetime-signoff/lib/tt/housekeeping.nom.lib line 26998, max_transition is 0.0.
[WARNING STA-0161] /home/hosni/GF180/PnR_2/caravel-gf180mcu/openlane/caravel_core/../../signoff/housekeeping/primetime-signoff/lib/tt/housekeeping.nom.lib line 27055, max_transition is 0.0.
[WARNING STA-0161] /home/hosni/GF180/PnR_2/caravel-gf180mcu/openlane/caravel_core/../../signoff/housekeeping/primetime-signoff/lib/tt/housekeeping.nom.lib line 27112, max_transition is 0.0.
[WARNING STA-0161] /home/hosni/GF180/PnR_2/caravel-gf180mcu/openlane/caravel_core/../../signoff/housekeeping/primetime-signoff/lib/tt/housekeeping.nom.lib line 27169, max_transition is 0.0.
[WARNING STA-0161] /home/hosni/GF180/PnR_2/caravel-gf180mcu/openlane/caravel_core/../../signoff/housekeeping/primetime-signoff/lib/tt/housekeeping.nom.lib line 27226, max_transition is 0.0.
[WARNING STA-0161] /home/hosni/GF180/PnR_2/caravel-gf180mcu/openlane/caravel_core/../../signoff/housekeeping/primetime-signoff/lib/tt/housekeeping.nom.lib line 27283, max_transition is 0.0.
[WARNING STA-0161] /home/hosni/GF180/PnR_2/caravel-gf180mcu/openlane/caravel_core/../../signoff/housekeeping/primetime-signoff/lib/tt/housekeeping.nom.lib line 27340, max_transition is 0.0.
[WARNING STA-0161] /home/hosni/GF180/PnR_2/caravel-gf180mcu/openlane/caravel_core/../../signoff/housekeeping/primetime-signoff/lib/tt/housekeeping.nom.lib line 27397, max_transition is 0.0.
[WARNING STA-0161] /home/hosni/GF180/PnR_2/caravel-gf180mcu/openlane/caravel_core/../../signoff/housekeeping/primetime-signoff/lib/tt/housekeeping.nom.lib line 30504, max_transition is 0.0.
[WARNING STA-0161] /home/hosni/GF180/PnR_2/caravel-gf180mcu/openlane/caravel_core/../../signoff/housekeeping/primetime-signoff/lib/tt/housekeeping.nom.lib line 30561, max_transition is 0.0.
[WARNING STA-0161] /home/hosni/GF180/PnR_2/caravel-gf180mcu/openlane/caravel_core/../../signoff/housekeeping/primetime-signoff/lib/tt/housekeeping.nom.lib line 30618, max_transition is 0.0.
[WARNING STA-0161] /home/hosni/GF180/PnR_2/caravel-gf180mcu/openlane/caravel_core/../../signoff/housekeeping/primetime-signoff/lib/tt/housekeeping.nom.lib line 30675, max_transition is 0.0.
Net: gpio_control_in_1\[4\].serial_load_out
  Pin: _34412_/CLK (gf180mcu_fd_sc_mcu7t5v0__dffrsnq_1)
    Layer: Metal3
      Partial area ratio:    0.60
      Required ratio:    0.00 (Gate area) 
      Partial area ratio:    2.39
      Required ratio:  400.00 (Side area) 
      Cumulative area ratio:    2.45
      Required ratio:    0.00 (Cumulative area) 
      Cumulative area ratio:    7.77
      Required ratio:    0.00 (Cumulative side area) 

    Layer: Metal2
      Partial area ratio:    1.28
      Required ratio:    0.00 (Gate area) 
      Partial area ratio:    5.37
      Required ratio:  400.00 (Side area) 
      Cumulative area ratio:    1.28
      Required ratio:    0.00 (Cumulative area) 
      Cumulative area ratio:    5.37
      Required ratio:    0.00 (Cumulative side area) 

    Layer: Metal1
      Partial area ratio:    0.00
      Required ratio:    0.00 (Gate area) 
      Partial area ratio:    0.00
      Required ratio:  400.00 (Side area) 
      Cumulative area ratio:    0.00
      Required ratio:    0.00 (Cumulative area) 
      Cumulative area ratio:    0.00
      Required ratio:    0.00 (Cumulative side area) 

    Via: Via2_VH
      Partial area ratio:    0.10
      Required ratio:   20.00 (Gate area) 
      Cumulative area ratio:    0.20
      Required ratio:    0.00 (Cumulative area) 

    Via: Via1_HV
      Partial area ratio:    0.10
      Required ratio:   20.00 (Gate area) 
      Cumulative area ratio:    0.10
      Required ratio:    0.00 (Cumulative area) 

  Pin: _34410_/CLK (gf180mcu_fd_sc_mcu7t5v0__dffrsnq_1)
    Layer: Metal3
      Partial area ratio:    0.60
      Required ratio:    0.00 (Gate area) 
      Partial area ratio:    2.39
      Required ratio:  400.00 (Side area) 
      Cumulative area ratio:    4.08
      Required ratio:    0.00 (Cumulative area) 
      Cumulative area ratio:   14.93
      Required ratio:    0.00 (Cumulative side area) 

    Layer: Metal2
      Partial area ratio:    2.90
      Required ratio:    0.00 (Gate area) 
      Partial area ratio:   12.53
      Required ratio:  400.00 (Side area) 
      Cumulative area ratio:    2.90
      Required ratio:    0.00 (Cumulative area) 
      Cumulative area ratio:   12.53
      Required ratio:    0.00 (Cumulative side area) 

    Layer: Metal1
      Partial area ratio:    0.00
      Required ratio:    0.00 (Gate area) 
      Partial area ratio:    0.00
      Required ratio:  400.00 (Side area) 
      Cumulative area ratio:    0.00
      Required ratio:    0.00 (Cumulative area) 
      Cumulative area ratio:    0.00
      Required ratio:    0.00 (Cumulative side area) 

    Via: Via2_VH
      Partial area ratio:    0.10
      Required ratio:   20.00 (Gate area) 
      Cumulative area ratio:    0.20
      Required ratio:    0.00 (Cumulative area) 

    Via: Via1_HV
      Partial area ratio:    0.10
      Required ratio:   20.00 (Gate area) 
      Cumulative area ratio:    0.10
      Required ratio:    0.00 (Cumulative area) 

  Pin: _34404_/CLK (gf180mcu_fd_sc_mcu7t5v0__dffrsnq_1)
    Layer: Metal3
      Partial area ratio:    0.60
      Required ratio:    0.00 (Gate area) 
      Partial area ratio:    2.39
      Required ratio:  400.00 (Side area) 
      Cumulative area ratio:    9.17
      Required ratio:    0.00 (Cumulative area) 
      Cumulative area ratio:   33.99
      Required ratio:    0.00 (Cumulative side area) 

    Layer: Metal2
      Partial area ratio:    7.99
      Required ratio:    0.00 (Gate area) 
      Partial area ratio:   31.59
      Required ratio:  400.00 (Side area) 
      Cumulative area ratio:    7.99
      Required ratio:    0.00 (Cumulative area) 
      Cumulative area ratio:   31.59
      Required ratio:    0.00 (Cumulative side area) 

    Layer: Metal1
      Partial area ratio:    0.00
      Required ratio:    0.00 (Gate area) 
      Partial area ratio:    0.00
      Required ratio:  400.00 (Side area) 
      Cumulative area ratio:    0.00
      Required ratio:    0.00 (Cumulative area) 
      Cumulative area ratio:    0.00
      Required ratio:    0.00 (Cumulative side area) 

    Via: Via2_VH
      Partial area ratio:    0.03
      Required ratio:   20.00 (Gate area) 
      Cumulative area ratio:    0.13
      Required ratio:    0.00 (Cumulative area) 

    Via: Via1_HV
      Partial area ratio:    0.10
      Required ratio:   20.00 (Gate area) 
      Cumulative area ratio:    0.10
      Required ratio:    0.00 (Cumulative area) 

  Pin: _34403_/CLK (gf180mcu_fd_sc_mcu7t5v0__dffrsnq_1)
    Layer: Metal3
      Partial area ratio:    0.60
      Required ratio:    0.00 (Gate area) 
      Partial area ratio:    2.39
      Required ratio:  400.00 (Side area) 
      Cumulative area ratio:    9.17
      Required ratio:    0.00 (Cumulative area) 
      Cumulative area ratio:   33.99
      Required ratio:    0.00 (Cumulative side area) 

    Layer: Metal2
      Partial area ratio:    7.99
      Required ratio:    0.00 (Gate area) 
      Partial area ratio:   31.59
      Required ratio:  400.00 (Side area) 
      Cumulative area ratio:    7.99
      Required ratio:    0.00 (Cumulative area) 
      Cumulative area ratio:   31.59
      Required ratio:    0.00 (Cumulative side area) 

    Layer: Metal1
      Partial area ratio:    0.00
      Required ratio:    0.00 (Gate area) 
      Partial area ratio:    0.00
      Required ratio:  400.00 (Side area) 
      Cumulative area ratio:    0.00
      Required ratio:    0.00 (Cumulative area) 
      Cumulative area ratio:    0.00
      Required ratio:    0.00 (Cumulative side area) 

    Via: Via2_VH
      Partial area ratio:    0.03
      Required ratio:   20.00 (Gate area) 
      Cumulative area ratio:    0.13
      Required ratio:    0.00 (Cumulative area) 

    Via: Via1_HV
      Partial area ratio:    0.10
      Required ratio:   20.00 (Gate area) 
      Cumulative area ratio:    0.10
      Required ratio:    0.00 (Cumulative area) 

  Pin: _34407_/CLK (gf180mcu_fd_sc_mcu7t5v0__dffrsnq_1)
    Layer: Metal3
      Partial area ratio:    0.60
      Required ratio:    0.00 (Gate area) 
      Partial area ratio:    2.39
      Required ratio:  400.00 (Side area) 
      Cumulative area ratio:    9.17
      Required ratio:    0.00 (Cumulative area) 
      Cumulative area ratio:   33.99
      Required ratio:    0.00 (Cumulative side area) 

    Layer: Metal2
      Partial area ratio:    7.99
      Required ratio:    0.00 (Gate area) 
      Partial area ratio:   31.59
      Required ratio:  400.00 (Side area) 
      Cumulative area ratio:    7.99
      Required ratio:    0.00 (Cumulative area) 
      Cumulative area ratio:   31.59
      Required ratio:    0.00 (Cumulative side area) 

    Layer: Metal1
      Partial area ratio:    0.00
      Required ratio:    0.00 (Gate area) 
      Partial area ratio:    0.00
      Required ratio:  400.00 (Side area) 
      Cumulative area ratio:    0.00
      Required ratio:    0.00 (Cumulative area) 
      Cumulative area ratio:    0.00
      Required ratio:    0.00 (Cumulative side area) 

    Via: Via2_VH
      Partial area ratio:    0.03
      Required ratio:   20.00 (Gate area) 
      Cumulative area ratio:    0.13
      Required ratio:    0.00 (Cumulative area) 

    Via: Via1_HV
      Partial area ratio:    0.10
      Required ratio:   20.00 (Gate area) 
      Cumulative area ratio:    0.10
      Required ratio:    0.00 (Cumulative area) 

  Pin: _34411_/CLK (gf180mcu_fd_sc_mcu7t5v0__dffrsnq_1)
    Layer: Metal3
      Partial area ratio:    0.60
      Required ratio:    0.00 (Gate area) 
      Partial area ratio:    2.39
      Required ratio:  400.00 (Side area) 
      Cumulative area ratio:    9.17
      Required ratio:    0.00 (Cumulative area) 
      Cumulative area ratio:   33.99
      Required ratio:    0.00 (Cumulative side area) 

    Layer: Metal2
      Partial area ratio:    7.99
      Required ratio:    0.00 (Gate area) 
      Partial area ratio:   31.59
      Required ratio:  400.00 (Side area) 
      Cumulative area ratio:    7.99
      Required ratio:    0.00 (Cumulative area) 
      Cumulative area ratio:   31.59
      Required ratio:    0.00 (Cumulative side area) 

    Layer: Metal1
      Partial area ratio:    0.00
      Required ratio:    0.00 (Gate area) 
      Partial area ratio:    0.00
      Required ratio:  400.00 (Side area) 
      Cumulative area ratio:    0.00
      Required ratio:    0.00 (Cumulative area) 
      Cumulative area ratio:    0.00
      Required ratio:    0.00 (Cumulative side area) 

    Via: Via2_VH
      Partial area ratio:    0.03
      Required ratio:   20.00 (Gate area) 
      Cumulative area ratio:    0.13
      Required ratio:    0.00 (Cumulative area) 

    Via: Via1_HV
      Partial area ratio:    0.10
      Required ratio:   20.00 (Gate area) 
      Cumulative area ratio:    0.10
      Required ratio:    0.00 (Cumulative area) 

  Pin: _34409_/CLK (gf180mcu_fd_sc_mcu7t5v0__dffrsnq_1)
    Layer: Metal3
      Partial area ratio:    0.60
      Required ratio:    0.00 (Gate area) 
      Partial area ratio:    2.39
      Required ratio:  400.00 (Side area) 
      Cumulative area ratio:    9.17
      Required ratio:    0.00 (Cumulative area) 
      Cumulative area ratio:   33.99
      Required ratio:    0.00 (Cumulative side area) 

    Layer: Metal2
      Partial area ratio:    7.99
      Required ratio:    0.00 (Gate area) 
      Partial area ratio:   31.59
      Required ratio:  400.00 (Side area) 
      Cumulative area ratio:    7.99
      Required ratio:    0.00 (Cumulative area) 
      Cumulative area ratio:   31.59
      Required ratio:    0.00 (Cumulative side area) 

    Layer: Metal1
      Partial area ratio:    0.00
      Required ratio:    0.00 (Gate area) 
      Partial area ratio:    0.00
      Required ratio:  400.00 (Side area) 
      Cumulative area ratio:    0.00
      Required ratio:    0.00 (Cumulative area) 
      Cumulative area ratio:    0.00
      Required ratio:    0.00 (Cumulative side area) 

    Via: Via2_VH
      Partial area ratio:    0.03
      Required ratio:   20.00 (Gate area) 
      Cumulative area ratio:    0.13
      Required ratio:    0.00 (Cumulative area) 

    Via: Via1_HV
      Partial area ratio:    0.10
      Required ratio:   20.00 (Gate area) 
      Cumulative area ratio:    0.10
      Required ratio:    0.00 (Cumulative area) 

  Pin: _34406_/CLK (gf180mcu_fd_sc_mcu7t5v0__dffrsnq_2)
    Layer: Metal3
      Partial area ratio:    0.60
      Required ratio:    0.00 (Gate area) 
      Partial area ratio:    2.39
      Required ratio:  400.00 (Side area) 
      Cumulative area ratio:    9.17
      Required ratio:    0.00 (Cumulative area) 
      Cumulative area ratio:   33.99
      Required ratio:    0.00 (Cumulative side area) 

    Layer: Metal2
      Partial area ratio:    7.99
      Required ratio:    0.00 (Gate area) 
      Partial area ratio:   31.59
      Required ratio:  400.00 (Side area) 
      Cumulative area ratio:    7.99
      Required ratio:    0.00 (Cumulative area) 
      Cumulative area ratio:   31.59
      Required ratio:    0.00 (Cumulative side area) 

    Layer: Metal1
      Partial area ratio:    0.00
      Required ratio:    0.00 (Gate area) 
      Partial area ratio:    0.00
      Required ratio:  400.00 (Side area) 
      Cumulative area ratio:    0.00
      Required ratio:    0.00 (Cumulative area) 
      Cumulative area ratio:    0.00
      Required ratio:    0.00 (Cumulative side area) 

    Via: Via2_VH
      Partial area ratio:    0.03
      Required ratio:   20.00 (Gate area) 
      Cumulative area ratio:    0.13
      Required ratio:    0.00 (Cumulative area) 

    Via: Via1_HV
      Partial area ratio:    0.10
      Required ratio:   20.00 (Gate area) 
      Cumulative area ratio:    0.10
      Required ratio:    0.00 (Cumulative area) 

  Pin: _34405_/CLK (gf180mcu_fd_sc_mcu7t5v0__dffrsnq_2)
    Layer: Metal3
      Partial area ratio:    0.60
      Required ratio:    0.00 (Gate area) 
      Partial area ratio:    2.39
      Required ratio:  400.00 (Side area) 
      Cumulative area ratio:    9.17
      Required ratio:    0.00 (Cumulative area) 
      Cumulative area ratio:   33.99
      Required ratio:    0.00 (Cumulative side area) 

    Layer: Metal2
      Partial area ratio:    7.99
      Required ratio:    0.00 (Gate area) 
      Partial area ratio:   31.59
      Required ratio:  400.00 (Side area) 
      Cumulative area ratio:    7.99
      Required ratio:    0.00 (Cumulative area) 
      Cumulative area ratio:   31.59
      Required ratio:    0.00 (Cumulative side area) 

    Layer: Metal1
      Partial area ratio:    0.00
      Required ratio:    0.00 (Gate area) 
      Partial area ratio:    0.00
      Required ratio:  400.00 (Side area) 
      Cumulative area ratio:    0.00
      Required ratio:    0.00 (Cumulative area) 
      Cumulative area ratio:    0.00
      Required ratio:    0.00 (Cumulative side area) 

    Via: Via2_VH
      Partial area ratio:    0.03
      Required ratio:   20.00 (Gate area) 
      Cumulative area ratio:    0.13
      Required ratio:    0.00 (Cumulative area) 

    Via: Via1_HV
      Partial area ratio:    0.10
      Required ratio:   20.00 (Gate area) 
      Cumulative area ratio:    0.10
      Required ratio:    0.00 (Cumulative area) 

  Pin: _34408_/CLK (gf180mcu_fd_sc_mcu7t5v0__dffrsnq_1)
    Layer: Metal3
      Partial area ratio:    0.60
      Required ratio:    0.00 (Gate area) 
      Partial area ratio:    2.39
      Required ratio:  400.00 (Side area) 
      Cumulative area ratio:  126.74
      Required ratio:    0.00 (Cumulative area) 
      Cumulative area ratio:  488.82
      Required ratio:    0.00 (Cumulative side area) 

    Layer: Metal2
      Partial area ratio:  117.57
      Required ratio:    0.00 (Gate area) 
      Partial area ratio:  454.83
      Required ratio:  400.00 (Side area) (VIOLATED)
      Cumulative area ratio:  117.57
      Required ratio:    0.00 (Cumulative area) 
      Cumulative area ratio:  454.83
      Required ratio:    0.00 (Cumulative side area) 

    Layer: Metal1
      Partial area ratio:    0.00
      Required ratio:    0.00 (Gate area) 
      Partial area ratio:    0.00
      Required ratio:  400.00 (Side area) 
      Cumulative area ratio:    0.00
      Required ratio:    0.00 (Cumulative area) 
      Cumulative area ratio:    0.00
      Required ratio:    0.00 (Cumulative side area) 

    Via: Via2_VH
      Partial area ratio:    0.20
      Required ratio:   20.00 (Gate area) 
      Cumulative area ratio:    0.30
      Required ratio:    0.00 (Cumulative area) 

    Via: Via1_HV
      Partial area ratio:    0.10
      Required ratio:   20.00 (Gate area) 
      Cumulative area ratio:    0.10
      Required ratio:    0.00 (Cumulative area) 

  Pin: gpio_control_in_1\[5\].BUF\[0\]/I (gf180mcu_fd_sc_mcu7t5v0__clkbuf_8)
    Layer: Metal3
      Partial area ratio:    0.60
      Required ratio:    0.00 (Gate area) 
      Partial area ratio:    2.39
      Required ratio:  400.00 (Side area) 
      Cumulative area ratio:  126.74
      Required ratio:    0.00 (Cumulative area) 
      Cumulative area ratio:  488.82
      Required ratio:    0.00 (Cumulative side area) 

    Layer: Metal2
      Partial area ratio:    0.00
      Required ratio:    0.00 (Gate area) 
      Partial area ratio:    0.00
      Required ratio:  400.00 (Side area) 
      Cumulative area ratio:    0.00
      Required ratio:    0.00 (Cumulative area) 
      Cumulative area ratio:    0.00
      Required ratio:    0.00 (Cumulative side area) 

    Layer: Metal1
      Partial area ratio:    0.00
      Required ratio:    0.00 (Gate area) 
      Partial area ratio:    0.00
      Required ratio:  400.00 (Side area) 
      Cumulative area ratio:    0.00
      Required ratio:    0.00 (Cumulative area) 
      Cumulative area ratio:    0.00
      Required ratio:    0.00 (Cumulative side area) 

    Via: Via2_VH
      Partial area ratio:    0.03
      Required ratio:   20.00 (Gate area) 
      Cumulative area ratio:    0.06
      Required ratio:    0.00 (Cumulative area) 

    Via: Via1_HV
      Partial area ratio:    0.03
      Required ratio:   20.00 (Gate area) 
      Cumulative area ratio:    0.03
      Required ratio:    0.00 (Cumulative area) 


Net: mgmt_buffers.mprj_dat_o_core\[25\]
  Pin: hold376/I (gf180mcu_fd_sc_mcu7t5v0__dlyc_2)
    Layer: Metal4
      Partial area ratio:    1.47
      Required ratio:    0.00 (Gate area) 
      Partial area ratio:    5.82
      Required ratio:  400.00 (Side area) 
      Cumulative area ratio:  140.27
      Required ratio:    0.00 (Cumulative area) 
      Cumulative area ratio:  537.31
      Required ratio:    0.00 (Cumulative side area) 

    Layer: Metal3
      Partial area ratio:  120.17
      Required ratio:    0.00 (Gate area) 
      Partial area ratio:  467.35
      Required ratio:  400.00 (Side area) (VIOLATED)
      Cumulative area ratio:  136.61
      Required ratio:    0.00 (Cumulative area) 
      Cumulative area ratio:  531.49
      Required ratio:    0.00 (Cumulative side area) 

    Layer: Metal2
      Partial area ratio:   16.43
      Required ratio:    0.00 (Gate area) 
      Partial area ratio:   64.15
      Required ratio:  400.00 (Side area) 
      Cumulative area ratio:   16.43
      Required ratio:    0.00 (Cumulative area) 
      Cumulative area ratio:   64.15
      Required ratio:    0.00 (Cumulative side area) 

    Layer: Metal1
      Partial area ratio:    0.00
      Required ratio:    0.00 (Gate area) 
      Partial area ratio:    0.00
      Required ratio:  400.00 (Side area) 
      Cumulative area ratio:    0.00
      Required ratio:    0.00 (Cumulative area) 
      Cumulative area ratio:    0.00
      Required ratio:    0.00 (Cumulative side area) 

    Via: Via3_HV
      Partial area ratio:    0.34
      Required ratio:   20.00 (Gate area) 
      Cumulative area ratio:    0.68
      Required ratio:    0.00 (Cumulative area) 

    Via: Via2_VH
      Partial area ratio:    0.17
      Required ratio:   20.00 (Gate area) 
      Cumulative area ratio:    0.34
      Required ratio:    0.00 (Cumulative area) 

    Via: Via1_HV
      Partial area ratio:    0.17
      Required ratio:   20.00 (Gate area) 
      Cumulative area ratio:    0.17
      Required ratio:    0.00 (Cumulative area) 

  Pin: max_length1378/I (gf180mcu_fd_sc_mcu7t5v0__buf_2)
    Layer: Metal4
      Partial area ratio:    1.47
      Required ratio:    0.00 (Gate area) 
      Partial area ratio:    5.82
      Required ratio:  400.00 (Side area) 
      Cumulative area ratio:  148.67
      Required ratio:    0.00 (Cumulative area) 
      Cumulative area ratio:  570.85
      Required ratio:    0.00 (Cumulative side area) 

    Layer: Metal3
      Partial area ratio:    0.21
      Required ratio:    0.00 (Gate area) 
      Partial area ratio:    1.10
      Required ratio:  400.00 (Side area) 
      Cumulative area ratio:   24.83
      Required ratio:    0.00 (Cumulative area) 
      Cumulative area ratio:   97.69
      Required ratio:    0.00 (Cumulative side area) 

    Layer: Metal2
      Partial area ratio:   24.62
      Required ratio:    0.00 (Gate area) 
      Partial area ratio:   96.59
      Required ratio:  400.00 (Side area) 
      Cumulative area ratio:   24.62
      Required ratio:    0.00 (Cumulative area) 
      Cumulative area ratio:   96.59
      Required ratio:    0.00 (Cumulative side area) 

    Layer: Metal1
      Partial area ratio:    0.00
      Required ratio:    0.00 (Gate area) 
      Partial area ratio:    0.00
      Required ratio:  400.00 (Side area) 
      Cumulative area ratio:    0.00
      Required ratio:    0.00 (Cumulative area) 
      Cumulative area ratio:    0.00
      Required ratio:    0.00 (Cumulative side area) 

    Via: Via3_HV
      Partial area ratio:    0.06
      Required ratio:   20.00 (Gate area) 
      Cumulative area ratio:    0.18
      Required ratio:    0.00 (Cumulative area) 

    Via: Via2_VH
      Partial area ratio:    0.06
      Required ratio:   20.00 (Gate area) 
      Cumulative area ratio:    0.12
      Required ratio:    0.00 (Cumulative area) 

    Via: Via1_HV
      Partial area ratio:    0.06
      Required ratio:   20.00 (Gate area) 
      Cumulative area ratio:    0.06
      Required ratio:    0.00 (Cumulative area) 


Net: soc.core.VexRiscv.DBusSimplePlugin_memoryExceptionPort_payload_badAddr\[16\]
  Pin: _27458_/I1 (gf180mcu_fd_sc_mcu7t5v0__mux2_2)
    Layer: Metal4
      Partial area ratio:    5.67
      Required ratio:    0.00 (Gate area) 
      Partial area ratio:   22.02
      Required ratio:  400.00 (Side area) 
      Cumulative area ratio:   22.55
      Required ratio:    0.00 (Cumulative area) 
      Cumulative area ratio:   78.00
      Required ratio:    0.00 (Cumulative side area) 

    Layer: Metal3
      Partial area ratio:   11.81
      Required ratio:    0.00 (Gate area) 
      Partial area ratio:   46.10
      Required ratio:  400.00 (Side area) 
      Cumulative area ratio:   14.23
      Required ratio:    0.00 (Cumulative area) 
      Cumulative area ratio:   55.98
      Required ratio:    0.00 (Cumulative side area) 

    Layer: Metal2
      Partial area ratio:    2.42
      Required ratio:    0.00 (Gate area) 
      Partial area ratio:    9.88
      Required ratio:  400.00 (Side area) 
      Cumulative area ratio:    2.42
      Required ratio:    0.00 (Cumulative area) 
      Cumulative area ratio:    9.88
      Required ratio:    0.00 (Cumulative side area) 

    Layer: Metal1
      Partial area ratio:    0.00
      Required ratio:    0.00 (Gate area) 
      Partial area ratio:    0.00
      Required ratio:  400.00 (Side area) 
      Cumulative area ratio:    0.00
      Required ratio:    0.00 (Cumulative area) 
      Cumulative area ratio:    0.00
      Required ratio:    0.00 (Cumulative side area) 

    Via: Via3_HV
      Partial area ratio:    0.12
      Required ratio:   20.00 (Gate area) 
      Cumulative area ratio:    0.25
      Required ratio:    0.00 (Cumulative area) 

    Via: Via2_VH
      Partial area ratio:    0.06
      Required ratio:   20.00 (Gate area) 
      Cumulative area ratio:    0.12
      Required ratio:    0.00 (Cumulative area) 

    Via: Via1_VV
      Partial area ratio:    0.06
      Required ratio:   20.00 (Gate area) 
      Cumulative area ratio:    0.06
      Required ratio:    0.00 (Cumulative area) 

  Pin: _33941_/D (gf180mcu_fd_sc_mcu7t5v0__dffq_1)
    Layer: Metal4
      Partial area ratio:    5.67
      Required ratio:    0.00 (Gate area) 
      Partial area ratio:   22.02
      Required ratio:  400.00 (Side area) 
      Cumulative area ratio:  125.45
      Required ratio:    0.00 (Cumulative area) 
      Cumulative area ratio:  480.48
      Required ratio:    0.00 (Cumulative side area) 

    Layer: Metal3
      Partial area ratio:  103.94
      Required ratio:    0.00 (Gate area) 
      Partial area ratio:  406.25
      Required ratio:  400.00 (Side area) (VIOLATED)
      Cumulative area ratio:  105.33
      Required ratio:    0.00 (Cumulative area) 
      Cumulative area ratio:  412.36
      Required ratio:    0.00 (Cumulative side area) 

    Layer: Metal2
      Partial area ratio:    1.39
      Required ratio:    0.00 (Gate area) 
      Partial area ratio:    6.11
      Required ratio:  400.00 (Side area) 
      Cumulative area ratio:    1.39
      Required ratio:    0.00 (Cumulative area) 
      Cumulative area ratio:    6.11
      Required ratio:    0.00 (Cumulative side area) 

    Layer: Metal1
      Partial area ratio:    0.00
      Required ratio:    0.00 (Gate area) 
      Partial area ratio:    0.00
      Required ratio:  400.00 (Side area) 
      Cumulative area ratio:    0.00
      Required ratio:    0.00 (Cumulative area) 
      Cumulative area ratio:    0.00
      Required ratio:    0.00 (Cumulative side area) 

    Via: Via3_HV
      Partial area ratio:    0.17
      Required ratio:   20.00 (Gate area) 
      Cumulative area ratio:    0.51
      Required ratio:    0.00 (Cumulative area) 

    Via: Via2_VH
      Partial area ratio:    0.17
      Required ratio:   20.00 (Gate area) 
      Cumulative area ratio:    0.34
      Required ratio:    0.00 (Cumulative area) 

    Via: Via1_HV
      Partial area ratio:    0.17
      Required ratio:   20.00 (Gate area) 
      Cumulative area ratio:    0.17
      Required ratio:    0.00 (Cumulative area) 

  Pin: _28089_/I2 (gf180mcu_fd_sc_mcu7t5v0__mux4_2)
    Layer: Metal3
      Partial area ratio:    6.51
      Required ratio:    0.00 (Gate area) 
      Partial area ratio:   25.61
      Required ratio:  400.00 (Side area) 
      Cumulative area ratio:   12.46
      Required ratio:    0.00 (Cumulative area) 
      Cumulative area ratio:   29.83
      Required ratio:    0.00 (Cumulative side area) 

    Layer: Metal4
      Partial area ratio:    5.67
      Required ratio:    0.00 (Gate area) 
      Partial area ratio:   22.02
      Required ratio:  400.00 (Side area) 
      Cumulative area ratio:   20.78
      Required ratio:    0.00 (Cumulative area) 
      Cumulative area ratio:   51.84
      Required ratio:    0.00 (Cumulative side area) 

    Layer: Metal2
      Partial area ratio:    0.00
      Required ratio:    0.00 (Gate area) 
      Partial area ratio:    0.00
      Required ratio:  400.00 (Side area) 
      Cumulative area ratio:    0.00
      Required ratio:    0.00 (Cumulative area) 
      Cumulative area ratio:    0.00
      Required ratio:    0.00 (Cumulative side area) 

    Layer: Metal1
      Partial area ratio:    0.00
      Required ratio:    0.00 (Gate area) 
      Partial area ratio:    0.00
      Required ratio:  400.00 (Side area) 
      Cumulative area ratio:    0.00
      Required ratio:    0.00 (Cumulative area) 
      Cumulative area ratio:    0.00
      Required ratio:    0.00 (Cumulative side area) 

    Via: Via3_HV
      Partial area ratio:    0.03
      Required ratio:   20.00 (Gate area) 
      Cumulative area ratio:    0.33
      Required ratio:    0.00 (Cumulative area) 

    Via: Via2_VH
      Partial area ratio:    0.11
      Required ratio:   20.00 (Gate area) 
      Cumulative area ratio:    0.22
      Required ratio:    0.00 (Cumulative area) 

    Via: Via1_VV
      Partial area ratio:    0.11
      Required ratio:   20.00 (Gate area) 
      Cumulative area ratio:    0.11
      Required ratio:    0.00 (Cumulative area) 

  Pin: _28088_/I1 (gf180mcu_fd_sc_mcu7t5v0__mux2_2)
    Layer: Metal3
      Partial area ratio:    6.51
      Required ratio:    0.00 (Gate area) 
      Partial area ratio:   25.61
      Required ratio:  400.00 (Side area) 
      Cumulative area ratio:   12.46
      Required ratio:    0.00 (Cumulative area) 
      Cumulative area ratio:   29.83
      Required ratio:    0.00 (Cumulative side area) 

    Layer: Metal2
      Partial area ratio:    0.96
      Required ratio:    0.00 (Gate area) 
      Partial area ratio:    4.22
      Required ratio:  400.00 (Side area) 
      Cumulative area ratio:    0.96
      Required ratio:    0.00 (Cumulative area) 
      Cumulative area ratio:    4.22
      Required ratio:    0.00 (Cumulative side area) 

    Layer: Metal4
      Partial area ratio:    5.67
      Required ratio:    0.00 (Gate area) 
      Partial area ratio:   22.02
      Required ratio:  400.00 (Side area) 
      Cumulative area ratio:   20.78
      Required ratio:    0.00 (Cumulative area) 
      Cumulative area ratio:   51.84
      Required ratio:    0.00 (Cumulative side area) 

    Layer: Metal1
      Partial area ratio:    0.00
      Required ratio:    0.00 (Gate area) 
      Partial area ratio:    0.00
      Required ratio:  400.00 (Side area) 
      Cumulative area ratio:    0.00
      Required ratio:    0.00 (Cumulative area) 
      Cumulative area ratio:    0.00
      Required ratio:    0.00 (Cumulative side area) 

    Via: Via3_HV
      Partial area ratio:    0.03
      Required ratio:   20.00 (Gate area) 
      Cumulative area ratio:    0.17
      Required ratio:    0.00 (Cumulative area) 

    Via: Via2_VH
      Partial area ratio:    0.08
      Required ratio:   20.00 (Gate area) 
      Cumulative area ratio:    0.14
      Required ratio:    0.00 (Cumulative area) 

    Via: Via1_VV
      Partial area ratio:    0.06
      Required ratio:   20.00 (Gate area) 
      Cumulative area ratio:    0.06
      Required ratio:    0.00 (Cumulative area) 

  Pin: _28075_/I3 (gf180mcu_fd_sc_mcu7t5v0__mux4_2)
    Layer: Metal3
      Partial area ratio:    6.51
      Required ratio:    0.00 (Gate area) 
      Partial area ratio:   25.61
      Required ratio:  400.00 (Side area) 
      Cumulative area ratio:   12.46
      Required ratio:    0.00 (Cumulative area) 
      Cumulative area ratio:   29.83
      Required ratio:    0.00 (Cumulative side area) 

    Layer: Metal2
      Partial area ratio:    0.96
      Required ratio:    0.00 (Gate area) 
      Partial area ratio:    4.22
      Required ratio:  400.00 (Side area) 
      Cumulative area ratio:    0.96
      Required ratio:    0.00 (Cumulative area) 
      Cumulative area ratio:    4.22
      Required ratio:    0.00 (Cumulative side area) 

    Layer: Metal4
      Partial area ratio:    5.67
      Required ratio:    0.00 (Gate area) 
      Partial area ratio:   22.02
      Required ratio:  400.00 (Side area) 
      Cumulative area ratio:   20.78
      Required ratio:    0.00 (Cumulative area) 
      Cumulative area ratio:   51.84
      Required ratio:    0.00 (Cumulative side area) 

    Layer: Metal1
      Partial area ratio:    0.00
      Required ratio:    0.00 (Gate area) 
      Partial area ratio:    0.00
      Required ratio:  400.00 (Side area) 
      Cumulative area ratio:    0.00
      Required ratio:    0.00 (Cumulative area) 
      Cumulative area ratio:    0.00
      Required ratio:    0.00 (Cumulative side area) 

    Via: Via3_HV
      Partial area ratio:    0.03
      Required ratio:   20.00 (Gate area) 
      Cumulative area ratio:    0.22
      Required ratio:    0.00 (Cumulative area) 

    Via: Via2_VH
      Partial area ratio:    0.08
      Required ratio:   20.00 (Gate area) 
      Cumulative area ratio:    0.19
      Required ratio:    0.00 (Cumulative area) 

    Via: Via1_VV
      Partial area ratio:    0.11
      Required ratio:   20.00 (Gate area) 
      Cumulative area ratio:    0.11
      Required ratio:    0.00 (Cumulative area) 


Net: user_io_oeb\[7\]
  Pin: _18154_/I0 (gf180mcu_fd_sc_mcu7t5v0__mux2_2)
    Layer: Metal3
      Partial area ratio:    1.02
      Required ratio:    0.00 (Gate area) 
      Partial area ratio:    4.18
      Required ratio:  400.00 (Side area) 
      Cumulative area ratio:  162.28
      Required ratio:    0.00 (Cumulative area) 
      Cumulative area ratio:  568.36
      Required ratio:    0.00 (Cumulative side area) 

    Layer: Metal2
      Partial area ratio:  146.06
      Required ratio:    0.00 (Gate area) 
      Partial area ratio:  564.19
      Required ratio:  400.00 (Side area) (VIOLATED)
      Cumulative area ratio:  146.06
      Required ratio:    0.00 (Cumulative area) 
      Cumulative area ratio:  564.19
      Required ratio:    0.00 (Cumulative side area) 

    Layer: Metal1
      Partial area ratio:    0.00
      Required ratio:    0.00 (Gate area) 
      Partial area ratio:    0.00
      Required ratio:  400.00 (Side area) 
      Cumulative area ratio:    0.00
      Required ratio:    0.00 (Cumulative area) 
      Cumulative area ratio:    0.00
      Required ratio:    0.00 (Cumulative side area) 

    Via: Via2_VH
      Partial area ratio:    0.12
      Required ratio:   20.00 (Gate area) 
      Cumulative area ratio:    0.18
      Required ratio:    0.00 (Cumulative area) 

    Via: Via1_HV
      Partial area ratio:    0.06
      Required ratio:   20.00 (Gate area) 
      Cumulative area ratio:    0.06
      Required ratio:    0.00 (Cumulative area) 


Net: user_io_out\[26\]
  Pin: _18241_/I0 (gf180mcu_fd_sc_mcu7t5v0__mux2_2)
    Layer: Metal3
      Partial area ratio:    3.49
      Required ratio:    0.00 (Gate area) 
      Partial area ratio:   13.72
      Required ratio:  400.00 (Side area) 
      Cumulative area ratio:  159.57
      Required ratio:    0.00 (Cumulative area) 
      Cumulative area ratio:  617.97
      Required ratio:    0.00 (Cumulative side area) 

    Layer: Metal2
      Partial area ratio:  156.09
      Required ratio:    0.00 (Gate area) 
      Partial area ratio:  604.25
      Required ratio:  400.00 (Side area) (VIOLATED)
      Cumulative area ratio:  156.09
      Required ratio:    0.00 (Cumulative area) 
      Cumulative area ratio:  604.25
      Required ratio:    0.00 (Cumulative side area) 

    Layer: Metal1
      Partial area ratio:    0.00
      Required ratio:    0.00 (Gate area) 
      Partial area ratio:    0.00
      Required ratio:  400.00 (Side area) 
      Cumulative area ratio:    0.00
      Required ratio:    0.00 (Cumulative area) 
      Cumulative area ratio:    0.00
      Required ratio:    0.00 (Cumulative side area) 

    Via: Via2_VH
      Partial area ratio:    0.06
      Required ratio:   20.00 (Gate area) 
      Cumulative area ratio:    0.12
      Required ratio:    0.00 (Cumulative area) 

    Via: Via1_HV
      Partial area ratio:    0.06
      Required ratio:   20.00 (Gate area) 
      Cumulative area ratio:    0.06
      Required ratio:    0.00 (Cumulative area) 


Net: net1360
  Pin: wire1359/I (gf180mcu_fd_sc_mcu7t5v0__clkbuf_2)
    Layer: Metal5
      Partial area ratio:    0.78
      Required ratio:    0.00 (Gate area) 
      Partial area ratio:    3.68
      Required ratio:  400.00 (Side area) 
      Cumulative area ratio:  329.53
      Required ratio:    0.00 (Cumulative area) 
      Cumulative area ratio:  595.90
      Required ratio:    0.00 (Cumulative side area) 

    Layer: Metal4
      Partial area ratio:   19.93
      Required ratio:    0.00 (Gate area) 
      Partial area ratio:   77.11
      Required ratio:  400.00 (Side area) 
      Cumulative area ratio:  326.83
      Required ratio:    0.00 (Cumulative area) 
      Cumulative area ratio:  592.22
      Required ratio:    0.00 (Cumulative side area) 

    Layer: Metal3
      Partial area ratio:  110.04
      Required ratio:    0.00 (Gate area) 
      Partial area ratio:  426.97
      Required ratio:  400.00 (Side area) (VIOLATED)
      Cumulative area ratio:  235.20
      Required ratio:    0.00 (Cumulative area) 
      Cumulative area ratio:  430.31
      Required ratio:    0.00 (Cumulative side area) 

    Layer: Metal2
      Partial area ratio:    0.76
      Required ratio:    0.00 (Gate area) 
      Partial area ratio:    3.33
      Required ratio:  400.00 (Side area) 
      Cumulative area ratio:    0.76
      Required ratio:    0.00 (Cumulative area) 
      Cumulative area ratio:    3.33
      Required ratio:    0.00 (Cumulative side area) 

    Layer: Metal1
      Partial area ratio:    0.00
      Required ratio:    0.00 (Gate area) 
      Partial area ratio:    0.00
      Required ratio:  400.00 (Side area) 
      Cumulative area ratio:    0.00
      Required ratio:    0.00 (Cumulative area) 
      Cumulative area ratio:    0.00
      Required ratio:    0.00 (Cumulative side area) 

    Via: Via4_1_VH
      Partial area ratio:    0.04
      Required ratio:   20.00 (Gate area) 
      Cumulative area ratio:    0.56
      Required ratio:    0.00 (Cumulative area) 

    Via: Via3_HV
      Partial area ratio:    0.09
      Required ratio:   20.00 (Gate area) 
      Cumulative area ratio:    0.37
      Required ratio:    0.00 (Cumulative area) 

    Via: Via2_VH
      Partial area ratio:    0.19
      Required ratio:   20.00 (Gate area) 
      Cumulative area ratio:    0.28
      Required ratio:    0.00 (Cumulative area) 

    Via: Via1_VV
      Partial area ratio:    0.09
      Required ratio:   20.00 (Gate area) 
      Cumulative area ratio:    0.09
      Required ratio:    0.00 (Cumulative area) 

  Pin: _15359_/I (gf180mcu_fd_sc_mcu7t5v0__clkinv_1)
    Layer: Metal5
      Partial area ratio:    0.78
      Required ratio:    0.00 (Gate area) 
      Partial area ratio:    3.68
      Required ratio:  400.00 (Side area) 
      Cumulative area ratio:   94.33
      Required ratio:    0.00 (Cumulative area) 
      Cumulative area ratio:  165.59
      Required ratio:    0.00 (Cumulative side area) 

    Layer: Metal4
      Partial area ratio:   19.93
      Required ratio:    0.00 (Gate area) 
      Partial area ratio:   77.11
      Required ratio:  400.00 (Side area) 
      Cumulative area ratio:   91.63
      Required ratio:    0.00 (Cumulative area) 
      Cumulative area ratio:  161.91
      Required ratio:    0.00 (Cumulative side area) 

    Layer: Metal3
      Partial area ratio:   21.67
      Required ratio:    0.00 (Gate area) 
      Partial area ratio:   84.80
      Required ratio:  400.00 (Side area) 
      Cumulative area ratio:   41.47
      Required ratio:    0.00 (Cumulative area) 
      Cumulative area ratio:   84.80
      Required ratio:    0.00 (Cumulative side area) 

    Layer: Metal2
      Partial area ratio:    0.00
      Required ratio:    0.00 (Gate area) 
      Partial area ratio:    0.00
      Required ratio:  400.00 (Side area) 
      Cumulative area ratio:    0.00
      Required ratio:    0.00 (Cumulative area) 
      Cumulative area ratio:    0.00
      Required ratio:    0.00 (Cumulative side area) 

    Layer: Metal1
      Partial area ratio:    0.00
      Required ratio:    0.00 (Gate area) 
      Partial area ratio:    0.00
      Required ratio:  400.00 (Side area) 
      Cumulative area ratio:    0.00
      Required ratio:    0.00 (Cumulative area) 
      Cumulative area ratio:    0.00
      Required ratio:    0.00 (Cumulative side area) 

    Via: Via4_1_VH
      Partial area ratio:    0.04
      Required ratio:   20.00 (Gate area) 
      Cumulative area ratio:    0.34
      Required ratio:    0.00 (Cumulative area) 

    Via: Via3_HV
      Partial area ratio:    0.15
      Required ratio:   20.00 (Gate area) 
      Cumulative area ratio:    0.30
      Required ratio:    0.00 (Cumulative area) 

    Via: Via2_VH
      Partial area ratio:    0.08
      Required ratio:   20.00 (Gate area) 
      Cumulative area ratio:    0.15
      Required ratio:    0.00 (Cumulative area) 

    Via: Via1_VV
      Partial area ratio:    0.08
      Required ratio:   20.00 (Gate area) 
      Cumulative area ratio:    0.08
      Required ratio:    0.00 (Cumulative area) 


Net: net1948
  Pin: _18146_/I0 (gf180mcu_fd_sc_mcu7t5v0__mux2_2)
    Layer: Metal3
      Partial area ratio:    0.34
      Required ratio:    0.00 (Gate area) 
      Partial area ratio:    1.48
      Required ratio:  400.00 (Side area) 
      Cumulative area ratio:  300.08
      Required ratio:    0.00 (Cumulative area) 
      Cumulative area ratio: 1117.24
      Required ratio:    0.00 (Cumulative side area) 

    Layer: Metal2
      Partial area ratio:  289.06
      Required ratio:    0.00 (Gate area) 
      Partial area ratio: 1115.75
      Required ratio:  400.00 (Side area) (VIOLATED)
      Cumulative area ratio:  289.06
      Required ratio:    0.00 (Cumulative area) 
      Cumulative area ratio: 1115.75
      Required ratio:    0.00 (Cumulative side area) 

    Layer: Metal1
      Partial area ratio:    0.00
      Required ratio:    0.00 (Gate area) 
      Partial area ratio:    0.00
      Required ratio:  400.00 (Side area) 
      Cumulative area ratio:    0.00
      Required ratio:    0.00 (Cumulative area) 
      Cumulative area ratio:    0.00
      Required ratio:    0.00 (Cumulative side area) 

    Via: Via2_VH
      Partial area ratio:    0.12
      Required ratio:   20.00 (Gate area) 
      Cumulative area ratio:    0.18
      Required ratio:    0.00 (Cumulative area) 

    Via: Via1_HV
      Partial area ratio:    0.06
      Required ratio:   20.00 (Gate area) 
      Cumulative area ratio:    0.06
      Required ratio:    0.00 (Cumulative area) 


[INFO ANT-0002] Found 7 net violations.
[INFO ANT-0001] Found 7 pin violations.
