
===========================================================================
 report_check_types -max_slew -max_cap -max_fanout -violators
============================================================================
max slew

Pin                                    Limit    Slew   Slack
------------------------------------------------------------
housekeeping/user_clock                 0.00    0.91   -0.91 (VIOLATED)
housekeeping/wb_rstn_i                  0.00    0.85   -0.85 (VIOLATED)
housekeeping/debug_mode                 0.00    0.57   -0.57 (VIOLATED)
housekeeping/spi_sdo                    0.00    0.56   -0.56 (VIOLATED)
housekeeping/mgmt_gpio_in[13]           0.00    0.55   -0.55 (VIOLATED)
housekeeping/wb_sel_i[1]                0.00    0.53   -0.53 (VIOLATED)
housekeeping/wb_sel_i[0]                0.00    0.52   -0.52 (VIOLATED)
housekeeping/debug_oeb                  0.00    0.51   -0.51 (VIOLATED)
housekeeping/spimemio_flash_csb         0.00    0.51   -0.51 (VIOLATED)
housekeeping/wb_adr_i[2]                0.00    0.51   -0.51 (VIOLATED)
housekeeping/mgmt_gpio_in[7]            0.00    0.49   -0.49 (VIOLATED)
housekeeping/spi_enabled                0.00    0.49   -0.49 (VIOLATED)
housekeeping/wb_sel_i[3]                0.00    0.49   -0.49 (VIOLATED)
housekeeping/wb_dat_i[6]                0.00    0.48   -0.48 (VIOLATED)
housekeeping/wb_dat_i[5]                0.00    0.47   -0.47 (VIOLATED)
housekeeping/wb_adr_i[18]               0.00    0.46   -0.46 (VIOLATED)
housekeeping/mgmt_gpio_in[8]            0.00    0.46   -0.46 (VIOLATED)
housekeeping/wb_adr_i[29]               0.00    0.46   -0.46 (VIOLATED)
housekeeping/wb_adr_i[17]               0.00    0.46   -0.46 (VIOLATED)
housekeeping/wb_dat_i[7]                0.00    0.45   -0.45 (VIOLATED)
housekeeping/mgmt_gpio_in[10]           0.00    0.45   -0.45 (VIOLATED)
housekeeping/mgmt_gpio_in[9]            0.00    0.44   -0.44 (VIOLATED)
housekeeping/wb_dat_i[28]               0.00    0.43   -0.43 (VIOLATED)
housekeeping/wb_adr_i[12]               0.00    0.41   -0.41 (VIOLATED)
housekeeping/wb_dat_i[25]               0.00    0.41   -0.41 (VIOLATED)
housekeeping/wb_adr_i[13]               0.00    0.41   -0.41 (VIOLATED)
housekeeping/mgmt_gpio_in[15]           0.00    0.40   -0.40 (VIOLATED)
housekeeping/wb_dat_i[14]               0.00    0.40   -0.40 (VIOLATED)
housekeeping/wb_dat_i[12]               0.00    0.39   -0.39 (VIOLATED)
housekeeping/wb_we_i                    0.00    0.39   -0.39 (VIOLATED)
housekeeping/wb_dat_i[20]               0.00    0.39   -0.39 (VIOLATED)
housekeeping/wb_dat_i[22]               0.00    0.39   -0.39 (VIOLATED)
housekeeping/mgmt_gpio_in[0]            0.00    0.39   -0.39 (VIOLATED)
housekeeping/wb_adr_i[3]                0.00    0.38   -0.38 (VIOLATED)
housekeeping/wb_dat_i[26]               0.00    0.38   -0.38 (VIOLATED)
housekeeping/spi_csb                    0.00    0.38   -0.38 (VIOLATED)
housekeeping/wb_stb_i                   0.00    0.38   -0.38 (VIOLATED)
housekeeping/wb_dat_i[29]               0.00    0.38   -0.38 (VIOLATED)
housekeeping/wb_dat_i[19]               0.00    0.38   -0.38 (VIOLATED)
housekeeping/wb_adr_i[14]               0.00    0.37   -0.37 (VIOLATED)
housekeeping/wb_adr_i[28]               0.00    0.37   -0.37 (VIOLATED)
housekeeping/wb_adr_i[11]               0.00    0.37   -0.37 (VIOLATED)
housekeeping/wb_dat_i[16]               0.00    0.37   -0.37 (VIOLATED)
housekeeping/wb_dat_i[27]               0.00    0.37   -0.37 (VIOLATED)
housekeeping/pad_flash_io1_di           0.00    0.37   -0.37 (VIOLATED)
housekeeping/wb_dat_i[9]                0.00    0.36   -0.36 (VIOLATED)
housekeeping/wb_dat_i[18]               0.00    0.36   -0.36 (VIOLATED)
housekeeping/wb_dat_i[8]                0.00    0.36   -0.36 (VIOLATED)
housekeeping/wb_adr_i[25]               0.00    0.36   -0.36 (VIOLATED)
housekeeping/wb_adr_i[22]               0.00    0.36   -0.36 (VIOLATED)
housekeeping/wb_dat_i[13]               0.00    0.36   -0.36 (VIOLATED)
housekeeping/wb_dat_i[17]               0.00    0.36   -0.36 (VIOLATED)
housekeeping/mgmt_gpio_in[12]           0.00    0.36   -0.36 (VIOLATED)
housekeeping/wb_adr_i[23]               0.00    0.35   -0.35 (VIOLATED)
housekeeping/wb_dat_i[31]               0.00    0.35   -0.35 (VIOLATED)
housekeeping/wb_dat_i[15]               0.00    0.35   -0.35 (VIOLATED)
housekeeping/wb_dat_i[10]               0.00    0.35   -0.35 (VIOLATED)
housekeeping/wb_dat_i[21]               0.00    0.35   -0.35 (VIOLATED)
housekeeping/wb_adr_i[19]               0.00    0.35   -0.35 (VIOLATED)
housekeeping/spi_sck                    0.00    0.35   -0.35 (VIOLATED)
housekeeping/wb_adr_i[15]               0.00    0.35   -0.35 (VIOLATED)
housekeeping/wb_dat_i[4]                0.00    0.34   -0.34 (VIOLATED)
housekeeping/wb_dat_i[24]               0.00    0.34   -0.34 (VIOLATED)
housekeeping/mgmt_gpio_in[4]            0.00    0.34   -0.34 (VIOLATED)
housekeeping/wb_cyc_i                   0.00    0.34   -0.34 (VIOLATED)
housekeeping/wb_dat_i[30]               0.00    0.33   -0.33 (VIOLATED)
housekeeping/wb_dat_i[2]                0.00    0.33   -0.33 (VIOLATED)
housekeeping/mgmt_gpio_in[6]            0.00    0.33   -0.33 (VIOLATED)
housekeeping/pad_flash_io0_di           0.00    0.33   -0.33 (VIOLATED)
housekeeping/wb_sel_i[2]                0.00    0.33   -0.33 (VIOLATED)
housekeeping/wb_adr_i[16]               0.00    0.33   -0.33 (VIOLATED)
housekeeping/wb_adr_i[5]                0.00    0.33   -0.33 (VIOLATED)
housekeeping/mgmt_gpio_in[29]           0.00    0.33   -0.33 (VIOLATED)
housekeeping/wb_dat_i[23]               0.00    0.32   -0.32 (VIOLATED)
housekeeping/mgmt_gpio_in[2]            0.00    0.32   -0.32 (VIOLATED)
housekeeping/mgmt_gpio_in[34]           0.00    0.32   -0.32 (VIOLATED)
housekeeping/wb_adr_i[6]                0.00    0.31   -0.31 (VIOLATED)
housekeeping/wb_dat_i[1]                0.00    0.31   -0.31 (VIOLATED)
housekeeping/mgmt_gpio_in[37]           0.00    0.30   -0.30 (VIOLATED)
housekeeping/mgmt_gpio_in[28]           0.00    0.30   -0.30 (VIOLATED)
housekeeping/wb_adr_i[31]               0.00    0.30   -0.30 (VIOLATED)
housekeeping/wb_dat_i[11]               0.00    0.30   -0.30 (VIOLATED)
housekeeping/wb_adr_i[30]               0.00    0.30   -0.30 (VIOLATED)
housekeeping/mgmt_gpio_in[21]           0.00    0.30   -0.30 (VIOLATED)
housekeeping/wb_adr_i[24]               0.00    0.30   -0.30 (VIOLATED)
housekeeping/mgmt_gpio_in[35]           0.00    0.30   -0.30 (VIOLATED)
housekeeping/mgmt_gpio_in[22]           0.00    0.30   -0.30 (VIOLATED)
housekeeping/wb_adr_i[7]                0.00    0.29   -0.29 (VIOLATED)
housekeeping/mgmt_gpio_in[24]           0.00    0.29   -0.29 (VIOLATED)
housekeeping/mgmt_gpio_in[11]           0.00    0.29   -0.29 (VIOLATED)
housekeeping/mgmt_gpio_in[23]           0.00    0.29   -0.29 (VIOLATED)
housekeeping/mgmt_gpio_in[32]           0.00    0.29   -0.29 (VIOLATED)
housekeeping/wb_dat_i[3]                0.00    0.29   -0.29 (VIOLATED)
housekeeping/mgmt_gpio_in[30]           0.00    0.28   -0.28 (VIOLATED)
housekeeping/mgmt_gpio_in[25]           0.00    0.28   -0.28 (VIOLATED)
housekeeping/mgmt_gpio_in[31]           0.00    0.28   -0.28 (VIOLATED)
housekeeping/uart_enabled               0.00    0.27   -0.27 (VIOLATED)
housekeeping/mgmt_gpio_in[26]           0.00    0.27   -0.27 (VIOLATED)
housekeeping/wb_adr_i[27]               0.00    0.27   -0.27 (VIOLATED)
housekeeping/mgmt_gpio_in[5]            0.00    0.27   -0.27 (VIOLATED)
housekeeping/mgmt_gpio_in[33]           0.00    0.27   -0.27 (VIOLATED)
housekeeping/mgmt_gpio_in[3]            0.00    0.27   -0.27 (VIOLATED)
housekeeping/mgmt_gpio_in[20]           0.00    0.27   -0.27 (VIOLATED)
housekeeping/wb_adr_i[26]               0.00    0.26   -0.26 (VIOLATED)
housekeeping/wb_adr_i[4]                0.00    0.26   -0.26 (VIOLATED)
housekeeping/wb_adr_i[21]               0.00    0.26   -0.26 (VIOLATED)
housekeeping/mgmt_gpio_in[27]           0.00    0.26   -0.26 (VIOLATED)
gpio_buf/mgmt_gpio_in[11]               0.19    0.44   -0.25 (VIOLATED)
housekeeping/wb_adr_i[9]                0.00    0.25   -0.25 (VIOLATED)
housekeeping/mgmt_gpio_in[36]           0.00    0.25   -0.25 (VIOLATED)
housekeeping/wb_adr_i[20]               0.00    0.25   -0.25 (VIOLATED)
housekeeping/mgmt_gpio_in[19]           0.00    0.25   -0.25 (VIOLATED)
housekeeping/spimemio_flash_io0_do      0.00    0.25   -0.25 (VIOLATED)
housekeeping/spi_sdoenb                 0.00    0.24   -0.24 (VIOLATED)
housekeeping/mgmt_gpio_in[14]           0.00    0.23   -0.23 (VIOLATED)
housekeeping/wb_dat_i[0]                0.00    0.23   -0.23 (VIOLATED)
gpio_buf/mgmt_gpio_in[12]               0.20    0.43   -0.23 (VIOLATED)
housekeeping/mgmt_gpio_in[17]           0.00    0.23   -0.23 (VIOLATED)
housekeeping/spimemio_flash_io0_oeb     0.00    0.22   -0.22 (VIOLATED)
gpio_buf/mgmt_gpio_in[15]               0.21    0.42   -0.21 (VIOLATED)
housekeeping/mgmt_gpio_in[16]           0.00    0.20   -0.20 (VIOLATED)
housekeeping/mgmt_gpio_in[1]            0.00    0.20   -0.20 (VIOLATED)
housekeeping/wb_adr_i[10]               0.00    0.20   -0.20 (VIOLATED)
housekeeping/spimemio_flash_clk         0.00    0.19   -0.19 (VIOLATED)
gpio_buf/mgmt_gpio_in[17]               0.21    0.40   -0.19 (VIOLATED)
gpio_buf/mgmt_gpio_in[6]                0.19    0.37   -0.18 (VIOLATED)
gpio_buf/mgmt_gpio_in[10]               0.18    0.36   -0.18 (VIOLATED)
housekeeping/ser_tx                     0.00    0.17   -0.17 (VIOLATED)
housekeeping/wb_adr_i[8]                0.00    0.17   -0.17 (VIOLATED)
housekeeping/mgmt_gpio_in[18]           0.00    0.17   -0.17 (VIOLATED)
gpio_buf/mgmt_gpio_in[16]               0.21    0.37   -0.16 (VIOLATED)
gpio_buf/mgmt_gpio_in[13]               0.19    0.34   -0.15 (VIOLATED)
housekeeping/wb_clk_i                   0.00    0.14   -0.14 (VIOLATED)
gpio_buf/mgmt_gpio_in[14]               0.25    0.32   -0.07 (VIOLATED)
gpio_buf/mgmt_gpio_in[8]                0.18    0.24   -0.06 (VIOLATED)
gpio_buf/mgmt_gpio_in[7]                0.20    0.24   -0.04 (VIOLATED)
gpio_buf/mgmt_gpio_in[9]                0.19    0.22   -0.03 (VIOLATED)

max fanout

Pin                                   Limit Fanout  Slack
---------------------------------------------------------
mprj/io_oeb[32]                          22     81    -59 (VIOLATED)
wire2318/Z                               22     81    -59 (VIOLATED)
wire2321/Z                               22     81    -59 (VIOLATED)
wire2336/Z                               22     81    -59 (VIOLATED)
mprj/io_oeb[29]                          22     41    -19 (VIOLATED)
mprj/io_oeb[30]                          22     41    -19 (VIOLATED)
mprj/io_oeb[31]                          22     41    -19 (VIOLATED)
mprj/io_out[28]                          22     41    -19 (VIOLATED)
mprj/io_out[31]                          22     41    -19 (VIOLATED)
mprj/io_oeb[27]                          22     27     -5 (VIOLATED)


===========================================================================
max slew violation count 137
max fanout violation count 10
max cap violation count 0
============================================================================
