Netgen 1.5.242 compiled on Wed Nov 16 22:54:20 UTC 2022
Warning: netgen command 'format' use fully-qualified name '::netgen::format'
Warning: netgen command 'global' use fully-qualified name '::netgen::global'
Generating JSON file result
Reading netlist file /home/hosni/GF180/PnR_2/caravel-gf180mcu/openlane/caravel_core/runs/RUN_2022.11.29_14.50.28/results/signoff/caravel_core.spice
Reading netlist file /home/hosni/GF180/PnR_2/caravel-gf180mcu/openlane/caravel_core/runs/RUN_2022.11.29_14.50.28/tmp/signoff/28-caravel_core.pnl.v
Warning:  A case-insensitive file has been read and so the	verilog file must be treated case-insensitive to match.
Creating placeholder cell definition for module gf180mcu_fd_sc_mcu7t5v0__clkinv_1.
Creating placeholder cell definition for module gf180mcu_fd_sc_mcu7t5v0__inv_1.
Creating placeholder cell definition for module gf180mcu_fd_sc_mcu7t5v0__clkinv_2.
Creating placeholder cell definition for module gf180mcu_fd_sc_mcu7t5v0__inv_4.
Creating placeholder cell definition for module gf180mcu_fd_sc_mcu7t5v0__clkinv_12.
Creating placeholder cell definition for module gf180mcu_fd_sc_mcu7t5v0__clkinv_3.
Creating placeholder cell definition for module gf180mcu_fd_sc_mcu7t5v0__inv_2.
Creating placeholder cell definition for module gf180mcu_fd_sc_mcu7t5v0__clkinv_4.
Creating placeholder cell definition for module gf180mcu_fd_sc_mcu7t5v0__inv_3.
Creating placeholder cell definition for module gf180mcu_fd_sc_mcu7t5v0__inv_8.
Creating placeholder cell definition for module gf180mcu_fd_sc_mcu7t5v0__clkinv_8.
Creating placeholder cell definition for module gf180mcu_fd_sc_mcu7t5v0__nand2_2.
Creating placeholder cell definition for module gf180mcu_fd_sc_mcu7t5v0__and3_4.
Creating placeholder cell definition for module gf180mcu_fd_sc_mcu7t5v0__and4_4.
Creating placeholder cell definition for module gf180mcu_fd_sc_mcu7t5v0__nor2_2.
Creating placeholder cell definition for module gf180mcu_fd_sc_mcu7t5v0__xnor2_2.
Creating placeholder cell definition for module gf180mcu_fd_sc_mcu7t5v0__xor2_4.
Creating placeholder cell definition for module gf180mcu_fd_sc_mcu7t5v0__aoi211_4.
Creating placeholder cell definition for module gf180mcu_fd_sc_mcu7t5v0__nand2_4.
Creating placeholder cell definition for module gf180mcu_fd_sc_mcu7t5v0__xor2_1.
Creating placeholder cell definition for module gf180mcu_fd_sc_mcu7t5v0__aoi21_4.
Creating placeholder cell definition for module gf180mcu_fd_sc_mcu7t5v0__xnor2_1.
Creating placeholder cell definition for module gf180mcu_fd_sc_mcu7t5v0__nand3_4.
Creating placeholder cell definition for module gf180mcu_fd_sc_mcu7t5v0__mux2_2.
Creating placeholder cell definition for module gf180mcu_fd_sc_mcu7t5v0__aoi221_4.
Creating placeholder cell definition for module gf180mcu_fd_sc_mcu7t5v0__aoi22_4.
Creating placeholder cell definition for module gf180mcu_fd_sc_mcu7t5v0__and2_4.
Creating placeholder cell definition for module gf180mcu_fd_sc_mcu7t5v0__clkinv_16.
Creating placeholder cell definition for module gf180mcu_fd_sc_mcu7t5v0__or4_4.
Creating placeholder cell definition for module gf180mcu_fd_sc_mcu7t5v0__nor2_4.
Creating placeholder cell definition for module gf180mcu_fd_sc_mcu7t5v0__oai21_4.
Creating placeholder cell definition for module gf180mcu_fd_sc_mcu7t5v0__oai211_4.
Creating placeholder cell definition for module gf180mcu_fd_sc_mcu7t5v0__oai221_4.
Creating placeholder cell definition for module gf180mcu_fd_sc_mcu7t5v0__xnor3_2.
Creating placeholder cell definition for module gf180mcu_fd_sc_mcu7t5v0__or2_4.
Creating placeholder cell definition for module gf180mcu_fd_sc_mcu7t5v0__xor3_2.
Creating placeholder cell definition for module gf180mcu_fd_sc_mcu7t5v0__oai22_4.
Creating placeholder cell definition for module gf180mcu_fd_sc_mcu7t5v0__xor3_1.
Creating placeholder cell definition for module gf180mcu_fd_sc_mcu7t5v0__xor2_2.
Creating placeholder cell definition for module gf180mcu_fd_sc_mcu7t5v0__nor4_4.
Creating placeholder cell definition for module gf180mcu_fd_sc_mcu7t5v0__nand4_4.
Creating placeholder cell definition for module gf180mcu_fd_sc_mcu7t5v0__or3_4.
Creating placeholder cell definition for module gf180mcu_fd_sc_mcu7t5v0__aoi222_4.
Creating placeholder cell definition for module gf180mcu_fd_sc_mcu7t5v0__oai31_4.
Creating placeholder cell definition for module gf180mcu_fd_sc_mcu7t5v0__mux4_4.
Creating placeholder cell definition for module gf180mcu_fd_sc_mcu7t5v0__nor3_4.
Creating placeholder cell definition for module gf180mcu_fd_sc_mcu7t5v0__oai222_4.
Creating placeholder cell definition for module gf180mcu_fd_sc_mcu7t5v0__oai32_4.
Creating placeholder cell definition for module gf180mcu_fd_sc_mcu7t5v0__mux2_4.
Creating placeholder cell definition for module gf180mcu_fd_sc_mcu7t5v0__mux4_2.
Creating placeholder cell definition for module gf180mcu_fd_sc_mcu7t5v0__xnor2_4.
Creating placeholder cell definition for module gf180mcu_fd_sc_mcu7t5v0__xnor3_1.
Creating placeholder cell definition for module gf180mcu_fd_sc_mcu7t5v0__oai33_4.
Creating placeholder cell definition for module gf180mcu_fd_sc_mcu7t5v0__dffq_1.
Creating placeholder cell definition for module gf180mcu_fd_sc_mcu7t5v0__dffq_2.
Creating placeholder cell definition for module gf180mcu_fd_sc_mcu7t5v0__dffq_4.
Creating placeholder cell definition for module gf180mcu_fd_sc_mcu7t5v0__dffrnq_2.
Creating placeholder cell definition for module gf180mcu_fd_sc_mcu7t5v0__dffrnq_4.
Creating placeholder cell definition for module gf180mcu_fd_sc_mcu7t5v0__dffsnq_2.
Creating placeholder cell definition for module gf180mcu_fd_sc_mcu7t5v0__dffrnq_1.
Creating placeholder cell definition for module gf180mcu_fd_sc_mcu7t5v0__dffsnq_1.
Creating placeholder cell definition for module gf180mcu_fd_sc_mcu7t5v0__dffsnq_4.
Creating placeholder cell definition for module gf180mcu_fd_sc_mcu7t5v0__dffnrnq_1.
Creating placeholder cell definition for module gf180mcu_fd_sc_mcu7t5v0__dffnsnq_4.
Creating placeholder cell definition for module gf180mcu_fd_sc_mcu7t5v0__dffnrnq_2.
Creating placeholder cell definition for module gf180mcu_fd_sc_mcu7t5v0__dffnsnq_1.
Creating placeholder cell definition for module gf180mcu_fd_sc_mcu7t5v0__dffnrnq_4.
Creating placeholder cell definition for module gf180mcu_fd_sc_mcu7t5v0__dffnsnq_2.
Creating placeholder cell definition for module gf180mcu_fd_sc_mcu7t5v0__dffrsnq_1.
Creating placeholder cell definition for module gf180mcu_fd_sc_mcu7t5v0__dffrsnq_2.
Creating placeholder cell definition for module gf180mcu_fd_sc_mcu7t5v0__tieh.
Creating placeholder cell definition for module gf180mcu_fd_sc_mcu7t5v0__tiel.
Creating placeholder cell definition for module gf180mcu_fd_sc_mcu7t5v0__clkbuf_20.
Creating placeholder cell definition for module gf180mcu_fd_sc_mcu7t5v0__buf_2.
Creating placeholder cell definition for module gf180mcu_fd_sc_mcu7t5v0__buf_1.
Creating placeholder cell definition for module mprj_io_buffer.
Creating placeholder cell definition for module gf180mcu_fd_sc_mcu7t5v0__clkbuf_8.
Creating placeholder cell definition for module gf180mcu_fd_sc_mcu7t5v0__buf_4.
Creating placeholder cell definition for module gf180mcu_fd_sc_mcu7t5v0__clkbuf_1.
Creating placeholder cell definition for module gpio_defaults_block.
Creating placeholder cell definition for module housekeeping.
Creating placeholder cell definition for module user_project_wrapper.
Creating placeholder cell definition for module gf180mcu_fd_sc_mcu7t5v0__invz_1.
Creating placeholder cell definition for module gf180mcu_fd_sc_mcu7t5v0__invz_2.
Creating placeholder cell definition for module simple_por.
Creating placeholder cell definition for module gf180mcu_fd_ip_sram__sram512x8m8wm1.
Creating placeholder cell definition for module spare_logic_block.
Creating placeholder cell definition for module user_id_programming.
Creating placeholder cell definition for module gf180mcu_fd_sc_mcu7t5v0__endcap.
Creating placeholder cell definition for module gf180mcu_fd_sc_mcu7t5v0__filltie.
Creating placeholder cell definition for module gf180mcu_fd_sc_mcu7t5v0__clkbuf_2.
Creating placeholder cell definition for module gf180mcu_fd_sc_mcu7t5v0__dlyb_1.
Creating placeholder cell definition for module gf180mcu_fd_sc_mcu7t5v0__buf_20.
Creating placeholder cell definition for module gf180mcu_fd_sc_mcu7t5v0__dlyc_1.
Creating placeholder cell definition for module gf180mcu_fd_sc_mcu7t5v0__clkbuf_4.
Creating placeholder cell definition for module gf180mcu_fd_sc_mcu7t5v0__buf_3.
Creating placeholder cell definition for module gf180mcu_fd_sc_mcu7t5v0__clkbuf_12.
Creating placeholder cell definition for module gf180mcu_fd_sc_mcu7t5v0__buf_8.
Creating placeholder cell definition for module gf180mcu_fd_sc_mcu7t5v0__buf_12.
Creating placeholder cell definition for module gf180mcu_fd_sc_mcu7t5v0__clkbuf_3.
Creating placeholder cell definition for module gf180mcu_fd_sc_mcu7t5v0__dlyc_2.
Creating placeholder cell definition for module gf180mcu_fd_sc_mcu7t5v0__antenna.
Creating placeholder cell definition for module gf180mcu_fd_sc_mcu7t5v0__fillcap_32.
Creating placeholder cell definition for module gf180mcu_fd_sc_mcu7t5v0__fill_1.
Creating placeholder cell definition for module gf180mcu_fd_sc_mcu7t5v0__fillcap_16.
Creating placeholder cell definition for module gf180mcu_fd_sc_mcu7t5v0__fillcap_8.
Creating placeholder cell definition for module gf180mcu_fd_sc_mcu7t5v0__fill_2.
Creating placeholder cell definition for module gf180mcu_fd_sc_mcu7t5v0__fillcap_4.
Creating placeholder cell definition for module gf180mcu_fd_sc_mcu7t5v0__fillcap_64.
Reading setup file /home/hosni/GF180/PnR_2//OpenLane/pdks/gf180mcuC/libs.tech/netgen/gf180mcuC_setup.tcl
Comparison output logged to file /home/hosni/GF180/PnR_2/caravel-gf180mcu/openlane/caravel_core/runs/RUN_2022.11.29_14.50.28/logs/signoff/31-caravel_core.lef.lvs.log
Logging to file "/home/hosni/GF180/PnR_2/caravel-gf180mcu/openlane/caravel_core/runs/RUN_2022.11.29_14.50.28/logs/signoff/31-caravel_core.lef.lvs.log" enabled

Contents of circuit 1:  Circuit: 'gf180mcu_fd_sc_mcu7t5v0__fillcap_4'
Circuit gf180mcu_fd_sc_mcu7t5v0__fillcap_4 contains 0 device instances.
Circuit contains 0 nets, and 2 disconnected pins.
Contents of circuit 2:  Circuit: 'gf180mcu_fd_sc_mcu7t5v0__fillcap_4'
Circuit gf180mcu_fd_sc_mcu7t5v0__fillcap_4 contains 0 device instances.
Circuit contains 0 nets.

Circuit gf180mcu_fd_sc_mcu7t5v0__fillcap_4 contains no devices.

Contents of circuit 1:  Circuit: 'gf180mcu_fd_sc_mcu7t5v0__buf_2'
Circuit gf180mcu_fd_sc_mcu7t5v0__buf_2 contains 0 device instances.
Circuit contains 0 nets, and 4 disconnected pins.
Contents of circuit 2:  Circuit: 'gf180mcu_fd_sc_mcu7t5v0__buf_2'
Circuit gf180mcu_fd_sc_mcu7t5v0__buf_2 contains 0 device instances.
Circuit contains 0 nets.

Circuit gf180mcu_fd_sc_mcu7t5v0__buf_2 contains no devices.

Contents of circuit 1:  Circuit: 'gf180mcu_fd_sc_mcu7t5v0__fillcap_16'
Circuit gf180mcu_fd_sc_mcu7t5v0__fillcap_16 contains 0 device instances.
Circuit contains 0 nets, and 2 disconnected pins.
Contents of circuit 2:  Circuit: 'gf180mcu_fd_sc_mcu7t5v0__fillcap_16'
Circuit gf180mcu_fd_sc_mcu7t5v0__fillcap_16 contains 0 device instances.
Circuit contains 0 nets.

Circuit gf180mcu_fd_sc_mcu7t5v0__fillcap_16 contains no devices.

Contents of circuit 1:  Circuit: 'gf180mcu_fd_sc_mcu7t5v0__fillcap_64'
Circuit gf180mcu_fd_sc_mcu7t5v0__fillcap_64 contains 0 device instances.
Circuit contains 0 nets, and 2 disconnected pins.
Contents of circuit 2:  Circuit: 'gf180mcu_fd_sc_mcu7t5v0__fillcap_64'
Circuit gf180mcu_fd_sc_mcu7t5v0__fillcap_64 contains 0 device instances.
Circuit contains 0 nets.

Circuit gf180mcu_fd_sc_mcu7t5v0__fillcap_64 contains no devices.

Contents of circuit 1:  Circuit: 'gf180mcu_fd_sc_mcu7t5v0__dffq_1'
Circuit gf180mcu_fd_sc_mcu7t5v0__dffq_1 contains 0 device instances.
Circuit contains 0 nets, and 5 disconnected pins.
Contents of circuit 2:  Circuit: 'gf180mcu_fd_sc_mcu7t5v0__dffq_1'
Circuit gf180mcu_fd_sc_mcu7t5v0__dffq_1 contains 0 device instances.
Circuit contains 0 nets.

Circuit gf180mcu_fd_sc_mcu7t5v0__dffq_1 contains no devices.

Contents of circuit 1:  Circuit: 'gf180mcu_fd_sc_mcu7t5v0__clkbuf_20'
Circuit gf180mcu_fd_sc_mcu7t5v0__clkbuf_20 contains 0 device instances.
Circuit contains 0 nets, and 4 disconnected pins.
Contents of circuit 2:  Circuit: 'gf180mcu_fd_sc_mcu7t5v0__clkbuf_20'
Circuit gf180mcu_fd_sc_mcu7t5v0__clkbuf_20 contains 0 device instances.
Circuit contains 0 nets.

Circuit gf180mcu_fd_sc_mcu7t5v0__clkbuf_20 contains no devices.

Contents of circuit 1:  Circuit: 'gf180mcu_fd_sc_mcu7t5v0__mux2_2'
Circuit gf180mcu_fd_sc_mcu7t5v0__mux2_2 contains 0 device instances.
Circuit contains 0 nets, and 6 disconnected pins.
Contents of circuit 2:  Circuit: 'gf180mcu_fd_sc_mcu7t5v0__mux2_2'
Circuit gf180mcu_fd_sc_mcu7t5v0__mux2_2 contains 0 device instances.
Circuit contains 0 nets.

Circuit gf180mcu_fd_sc_mcu7t5v0__mux2_2 contains no devices.

Contents of circuit 1:  Circuit: 'gf180mcu_fd_sc_mcu7t5v0__fillcap_32'
Circuit gf180mcu_fd_sc_mcu7t5v0__fillcap_32 contains 0 device instances.
Circuit contains 0 nets, and 2 disconnected pins.
Contents of circuit 2:  Circuit: 'gf180mcu_fd_sc_mcu7t5v0__fillcap_32'
Circuit gf180mcu_fd_sc_mcu7t5v0__fillcap_32 contains 0 device instances.
Circuit contains 0 nets.

Circuit gf180mcu_fd_sc_mcu7t5v0__fillcap_32 contains no devices.

Contents of circuit 1:  Circuit: 'gf180mcu_fd_sc_mcu7t5v0__fillcap_8'
Circuit gf180mcu_fd_sc_mcu7t5v0__fillcap_8 contains 0 device instances.
Circuit contains 0 nets, and 2 disconnected pins.
Contents of circuit 2:  Circuit: 'gf180mcu_fd_sc_mcu7t5v0__fillcap_8'
Circuit gf180mcu_fd_sc_mcu7t5v0__fillcap_8 contains 0 device instances.
Circuit contains 0 nets.

Circuit gf180mcu_fd_sc_mcu7t5v0__fillcap_8 contains no devices.

Contents of circuit 1:  Circuit: 'gf180mcu_fd_sc_mcu7t5v0__dffq_4'
Circuit gf180mcu_fd_sc_mcu7t5v0__dffq_4 contains 0 device instances.
Circuit contains 0 nets, and 5 disconnected pins.
Contents of circuit 2:  Circuit: 'gf180mcu_fd_sc_mcu7t5v0__dffq_4'
Circuit gf180mcu_fd_sc_mcu7t5v0__dffq_4 contains 0 device instances.
Circuit contains 0 nets.

Circuit gf180mcu_fd_sc_mcu7t5v0__dffq_4 contains no devices.

Contents of circuit 1:  Circuit: 'gf180mcu_fd_sc_mcu7t5v0__aoi211_4'
Circuit gf180mcu_fd_sc_mcu7t5v0__aoi211_4 contains 0 device instances.
Circuit contains 0 nets, and 7 disconnected pins.
Contents of circuit 2:  Circuit: 'gf180mcu_fd_sc_mcu7t5v0__aoi211_4'
Circuit gf180mcu_fd_sc_mcu7t5v0__aoi211_4 contains 0 device instances.
Circuit contains 0 nets.

Circuit gf180mcu_fd_sc_mcu7t5v0__aoi211_4 contains no devices.

Contents of circuit 1:  Circuit: 'gf180mcu_fd_sc_mcu7t5v0__nor2_2'
Circuit gf180mcu_fd_sc_mcu7t5v0__nor2_2 contains 0 device instances.
Circuit contains 0 nets, and 5 disconnected pins.
Contents of circuit 2:  Circuit: 'gf180mcu_fd_sc_mcu7t5v0__nor2_2'
Circuit gf180mcu_fd_sc_mcu7t5v0__nor2_2 contains 0 device instances.
Circuit contains 0 nets.

Circuit gf180mcu_fd_sc_mcu7t5v0__nor2_2 contains no devices.

Contents of circuit 1:  Circuit: 'gf180mcu_fd_sc_mcu7t5v0__oai211_4'
Circuit gf180mcu_fd_sc_mcu7t5v0__oai211_4 contains 0 device instances.
Circuit contains 0 nets, and 7 disconnected pins.
Contents of circuit 2:  Circuit: 'gf180mcu_fd_sc_mcu7t5v0__oai211_4'
Circuit gf180mcu_fd_sc_mcu7t5v0__oai211_4 contains 0 device instances.
Circuit contains 0 nets.

Circuit gf180mcu_fd_sc_mcu7t5v0__oai211_4 contains no devices.

Contents of circuit 1:  Circuit: 'gf180mcu_fd_sc_mcu7t5v0__aoi22_4'
Circuit gf180mcu_fd_sc_mcu7t5v0__aoi22_4 contains 0 device instances.
Circuit contains 0 nets, and 7 disconnected pins.
Contents of circuit 2:  Circuit: 'gf180mcu_fd_sc_mcu7t5v0__aoi22_4'
Circuit gf180mcu_fd_sc_mcu7t5v0__aoi22_4 contains 0 device instances.
Circuit contains 0 nets.

Circuit gf180mcu_fd_sc_mcu7t5v0__aoi22_4 contains no devices.

Contents of circuit 1:  Circuit: 'gf180mcu_fd_sc_mcu7t5v0__dffrnq_1'
Circuit gf180mcu_fd_sc_mcu7t5v0__dffrnq_1 contains 0 device instances.
Circuit contains 0 nets, and 6 disconnected pins.
Contents of circuit 2:  Circuit: 'gf180mcu_fd_sc_mcu7t5v0__dffrnq_1'
Circuit gf180mcu_fd_sc_mcu7t5v0__dffrnq_1 contains 0 device instances.
Circuit contains 0 nets.

Circuit gf180mcu_fd_sc_mcu7t5v0__dffrnq_1 contains no devices.

Contents of circuit 1:  Circuit: 'gf180mcu_fd_sc_mcu7t5v0__aoi221_4'
Circuit gf180mcu_fd_sc_mcu7t5v0__aoi221_4 contains 0 device instances.
Circuit contains 0 nets, and 8 disconnected pins.
Contents of circuit 2:  Circuit: 'gf180mcu_fd_sc_mcu7t5v0__aoi221_4'
Circuit gf180mcu_fd_sc_mcu7t5v0__aoi221_4 contains 0 device instances.
Circuit contains 0 nets.

Circuit gf180mcu_fd_sc_mcu7t5v0__aoi221_4 contains no devices.

Contents of circuit 1:  Circuit: 'gf180mcu_fd_sc_mcu7t5v0__nor3_4'
Circuit gf180mcu_fd_sc_mcu7t5v0__nor3_4 contains 0 device instances.
Circuit contains 0 nets, and 6 disconnected pins.
Contents of circuit 2:  Circuit: 'gf180mcu_fd_sc_mcu7t5v0__nor3_4'
Circuit gf180mcu_fd_sc_mcu7t5v0__nor3_4 contains 0 device instances.
Circuit contains 0 nets.

Circuit gf180mcu_fd_sc_mcu7t5v0__nor3_4 contains no devices.

Contents of circuit 1:  Circuit: 'gf180mcu_fd_sc_mcu7t5v0__dffrsnq_1'
Circuit gf180mcu_fd_sc_mcu7t5v0__dffrsnq_1 contains 0 device instances.
Circuit contains 0 nets, and 7 disconnected pins.
Contents of circuit 2:  Circuit: 'gf180mcu_fd_sc_mcu7t5v0__dffrsnq_1'
Circuit gf180mcu_fd_sc_mcu7t5v0__dffrsnq_1 contains 0 device instances.
Circuit contains 0 nets.

Circuit gf180mcu_fd_sc_mcu7t5v0__dffrsnq_1 contains no devices.

Contents of circuit 1:  Circuit: 'gf180mcu_fd_sc_mcu7t5v0__buf_4'
Circuit gf180mcu_fd_sc_mcu7t5v0__buf_4 contains 0 device instances.
Circuit contains 0 nets, and 4 disconnected pins.
Contents of circuit 2:  Circuit: 'gf180mcu_fd_sc_mcu7t5v0__buf_4'
Circuit gf180mcu_fd_sc_mcu7t5v0__buf_4 contains 0 device instances.
Circuit contains 0 nets.

Circuit gf180mcu_fd_sc_mcu7t5v0__buf_4 contains no devices.

Contents of circuit 1:  Circuit: 'gf180mcu_fd_sc_mcu7t5v0__nand2_2'
Circuit gf180mcu_fd_sc_mcu7t5v0__nand2_2 contains 0 device instances.
Circuit contains 0 nets, and 5 disconnected pins.
Contents of circuit 2:  Circuit: 'gf180mcu_fd_sc_mcu7t5v0__nand2_2'
Circuit gf180mcu_fd_sc_mcu7t5v0__nand2_2 contains 0 device instances.
Circuit contains 0 nets.

Circuit gf180mcu_fd_sc_mcu7t5v0__nand2_2 contains no devices.

Contents of circuit 1:  Circuit: 'gf180mcu_fd_sc_mcu7t5v0__oai21_4'
Circuit gf180mcu_fd_sc_mcu7t5v0__oai21_4 contains 0 device instances.
Circuit contains 0 nets, and 6 disconnected pins.
Contents of circuit 2:  Circuit: 'gf180mcu_fd_sc_mcu7t5v0__oai21_4'
Circuit gf180mcu_fd_sc_mcu7t5v0__oai21_4 contains 0 device instances.
Circuit contains 0 nets.

Circuit gf180mcu_fd_sc_mcu7t5v0__oai21_4 contains no devices.

Contents of circuit 1:  Circuit: 'gf180mcu_fd_sc_mcu7t5v0__clkinv_1'
Circuit gf180mcu_fd_sc_mcu7t5v0__clkinv_1 contains 0 device instances.
Circuit contains 0 nets, and 4 disconnected pins.
Contents of circuit 2:  Circuit: 'gf180mcu_fd_sc_mcu7t5v0__clkinv_1'
Circuit gf180mcu_fd_sc_mcu7t5v0__clkinv_1 contains 0 device instances.
Circuit contains 0 nets.

Circuit gf180mcu_fd_sc_mcu7t5v0__clkinv_1 contains no devices.

Contents of circuit 1:  Circuit: 'gf180mcu_fd_sc_mcu7t5v0__aoi21_4'
Circuit gf180mcu_fd_sc_mcu7t5v0__aoi21_4 contains 0 device instances.
Circuit contains 0 nets, and 6 disconnected pins.
Contents of circuit 2:  Circuit: 'gf180mcu_fd_sc_mcu7t5v0__aoi21_4'
Circuit gf180mcu_fd_sc_mcu7t5v0__aoi21_4 contains 0 device instances.
Circuit contains 0 nets.

Circuit gf180mcu_fd_sc_mcu7t5v0__aoi21_4 contains no devices.

Contents of circuit 1:  Circuit: 'gf180mcu_fd_sc_mcu7t5v0__or3_4'
Circuit gf180mcu_fd_sc_mcu7t5v0__or3_4 contains 0 device instances.
Circuit contains 0 nets, and 6 disconnected pins.
Contents of circuit 2:  Circuit: 'gf180mcu_fd_sc_mcu7t5v0__or3_4'
Circuit gf180mcu_fd_sc_mcu7t5v0__or3_4 contains 0 device instances.
Circuit contains 0 nets.

Circuit gf180mcu_fd_sc_mcu7t5v0__or3_4 contains no devices.

Contents of circuit 1:  Circuit: 'gf180mcu_fd_sc_mcu7t5v0__oai32_4'
Circuit gf180mcu_fd_sc_mcu7t5v0__oai32_4 contains 0 device instances.
Circuit contains 0 nets, and 8 disconnected pins.
Contents of circuit 2:  Circuit: 'gf180mcu_fd_sc_mcu7t5v0__oai32_4'
Circuit gf180mcu_fd_sc_mcu7t5v0__oai32_4 contains 0 device instances.
Circuit contains 0 nets.

Circuit gf180mcu_fd_sc_mcu7t5v0__oai32_4 contains no devices.

Contents of circuit 1:  Circuit: 'gf180mcu_fd_sc_mcu7t5v0__clkbuf_8'
Circuit gf180mcu_fd_sc_mcu7t5v0__clkbuf_8 contains 0 device instances.
Circuit contains 0 nets, and 4 disconnected pins.
Contents of circuit 2:  Circuit: 'gf180mcu_fd_sc_mcu7t5v0__clkbuf_8'
Circuit gf180mcu_fd_sc_mcu7t5v0__clkbuf_8 contains 0 device instances.
Circuit contains 0 nets.

Circuit gf180mcu_fd_sc_mcu7t5v0__clkbuf_8 contains no devices.

Contents of circuit 1:  Circuit: 'gf180mcu_fd_sc_mcu7t5v0__buf_3'
Circuit gf180mcu_fd_sc_mcu7t5v0__buf_3 contains 0 device instances.
Circuit contains 0 nets, and 4 disconnected pins.
Contents of circuit 2:  Circuit: 'gf180mcu_fd_sc_mcu7t5v0__buf_3'
Circuit gf180mcu_fd_sc_mcu7t5v0__buf_3 contains 0 device instances.
Circuit contains 0 nets.

Circuit gf180mcu_fd_sc_mcu7t5v0__buf_3 contains no devices.

Contents of circuit 1:  Circuit: 'gf180mcu_fd_sc_mcu7t5v0__and4_4'
Circuit gf180mcu_fd_sc_mcu7t5v0__and4_4 contains 0 device instances.
Circuit contains 0 nets, and 7 disconnected pins.
Contents of circuit 2:  Circuit: 'gf180mcu_fd_sc_mcu7t5v0__and4_4'
Circuit gf180mcu_fd_sc_mcu7t5v0__and4_4 contains 0 device instances.
Circuit contains 0 nets.

Circuit gf180mcu_fd_sc_mcu7t5v0__and4_4 contains no devices.

Contents of circuit 1:  Circuit: 'gf180mcu_fd_sc_mcu7t5v0__clkbuf_12'
Circuit gf180mcu_fd_sc_mcu7t5v0__clkbuf_12 contains 0 device instances.
Circuit contains 0 nets, and 4 disconnected pins.
Contents of circuit 2:  Circuit: 'gf180mcu_fd_sc_mcu7t5v0__clkbuf_12'
Circuit gf180mcu_fd_sc_mcu7t5v0__clkbuf_12 contains 0 device instances.
Circuit contains 0 nets.

Circuit gf180mcu_fd_sc_mcu7t5v0__clkbuf_12 contains no devices.

Contents of circuit 1:  Circuit: 'gf180mcu_fd_sc_mcu7t5v0__clkbuf_1'
Circuit gf180mcu_fd_sc_mcu7t5v0__clkbuf_1 contains 0 device instances.
Circuit contains 0 nets, and 4 disconnected pins.
Contents of circuit 2:  Circuit: 'gf180mcu_fd_sc_mcu7t5v0__clkbuf_1'
Circuit gf180mcu_fd_sc_mcu7t5v0__clkbuf_1 contains 0 device instances.
Circuit contains 0 nets.

Circuit gf180mcu_fd_sc_mcu7t5v0__clkbuf_1 contains no devices.

Contents of circuit 1:  Circuit: 'gf180mcu_fd_sc_mcu7t5v0__clkbuf_4'
Circuit gf180mcu_fd_sc_mcu7t5v0__clkbuf_4 contains 0 device instances.
Circuit contains 0 nets, and 4 disconnected pins.
Contents of circuit 2:  Circuit: 'gf180mcu_fd_sc_mcu7t5v0__clkbuf_4'
Circuit gf180mcu_fd_sc_mcu7t5v0__clkbuf_4 contains 0 device instances.
Circuit contains 0 nets.

Circuit gf180mcu_fd_sc_mcu7t5v0__clkbuf_4 contains no devices.

Contents of circuit 1:  Circuit: 'gf180mcu_fd_sc_mcu7t5v0__xor2_1'
Circuit gf180mcu_fd_sc_mcu7t5v0__xor2_1 contains 0 device instances.
Circuit contains 0 nets, and 5 disconnected pins.
Contents of circuit 2:  Circuit: 'gf180mcu_fd_sc_mcu7t5v0__xor2_1'
Circuit gf180mcu_fd_sc_mcu7t5v0__xor2_1 contains 0 device instances.
Circuit contains 0 nets.

Circuit gf180mcu_fd_sc_mcu7t5v0__xor2_1 contains no devices.

Contents of circuit 1:  Circuit: 'gf180mcu_fd_sc_mcu7t5v0__buf_8'
Circuit gf180mcu_fd_sc_mcu7t5v0__buf_8 contains 0 device instances.
Circuit contains 0 nets, and 4 disconnected pins.
Contents of circuit 2:  Circuit: 'gf180mcu_fd_sc_mcu7t5v0__buf_8'
Circuit gf180mcu_fd_sc_mcu7t5v0__buf_8 contains 0 device instances.
Circuit contains 0 nets.

Circuit gf180mcu_fd_sc_mcu7t5v0__buf_8 contains no devices.

Contents of circuit 1:  Circuit: 'gf180mcu_fd_sc_mcu7t5v0__antenna'
Circuit gf180mcu_fd_sc_mcu7t5v0__antenna contains 0 device instances.
Circuit contains 0 nets, and 3 disconnected pins.
Contents of circuit 2:  Circuit: 'gf180mcu_fd_sc_mcu7t5v0__antenna'
Circuit gf180mcu_fd_sc_mcu7t5v0__antenna contains 0 device instances.
Circuit contains 0 nets.

Circuit gf180mcu_fd_sc_mcu7t5v0__antenna contains no devices.

Contents of circuit 1:  Circuit: 'gf180mcu_fd_sc_mcu7t5v0__nand2_4'
Circuit gf180mcu_fd_sc_mcu7t5v0__nand2_4 contains 0 device instances.
Circuit contains 0 nets, and 5 disconnected pins.
Contents of circuit 2:  Circuit: 'gf180mcu_fd_sc_mcu7t5v0__nand2_4'
Circuit gf180mcu_fd_sc_mcu7t5v0__nand2_4 contains 0 device instances.
Circuit contains 0 nets.

Circuit gf180mcu_fd_sc_mcu7t5v0__nand2_4 contains no devices.

Contents of circuit 1:  Circuit: 'gf180mcu_fd_sc_mcu7t5v0__mux4_2'
Circuit gf180mcu_fd_sc_mcu7t5v0__mux4_2 contains 0 device instances.
Circuit contains 0 nets, and 9 disconnected pins.
Contents of circuit 2:  Circuit: 'gf180mcu_fd_sc_mcu7t5v0__mux4_2'
Circuit gf180mcu_fd_sc_mcu7t5v0__mux4_2 contains 0 device instances.
Circuit contains 0 nets.

Circuit gf180mcu_fd_sc_mcu7t5v0__mux4_2 contains no devices.

Contents of circuit 1:  Circuit: 'gf180mcu_fd_sc_mcu7t5v0__inv_1'
Circuit gf180mcu_fd_sc_mcu7t5v0__inv_1 contains 0 device instances.
Circuit contains 0 nets, and 4 disconnected pins.
Contents of circuit 2:  Circuit: 'gf180mcu_fd_sc_mcu7t5v0__inv_1'
Circuit gf180mcu_fd_sc_mcu7t5v0__inv_1 contains 0 device instances.
Circuit contains 0 nets.

Circuit gf180mcu_fd_sc_mcu7t5v0__inv_1 contains no devices.

Contents of circuit 1:  Circuit: 'gf180mcu_fd_sc_mcu7t5v0__invz_1'
Circuit gf180mcu_fd_sc_mcu7t5v0__invz_1 contains 0 device instances.
Circuit contains 0 nets, and 5 disconnected pins.
Contents of circuit 2:  Circuit: 'gf180mcu_fd_sc_mcu7t5v0__invz_1'
Circuit gf180mcu_fd_sc_mcu7t5v0__invz_1 contains 0 device instances.
Circuit contains 0 nets.

Circuit gf180mcu_fd_sc_mcu7t5v0__invz_1 contains no devices.

Contents of circuit 1:  Circuit: 'gf180mcu_fd_sc_mcu7t5v0__clkinv_2'
Circuit gf180mcu_fd_sc_mcu7t5v0__clkinv_2 contains 0 device instances.
Circuit contains 0 nets, and 4 disconnected pins.
Contents of circuit 2:  Circuit: 'gf180mcu_fd_sc_mcu7t5v0__clkinv_2'
Circuit gf180mcu_fd_sc_mcu7t5v0__clkinv_2 contains 0 device instances.
Circuit contains 0 nets.

Circuit gf180mcu_fd_sc_mcu7t5v0__clkinv_2 contains no devices.

Contents of circuit 1:  Circuit: 'gf180mcu_fd_sc_mcu7t5v0__and2_4'
Circuit gf180mcu_fd_sc_mcu7t5v0__and2_4 contains 0 device instances.
Circuit contains 0 nets, and 5 disconnected pins.
Contents of circuit 2:  Circuit: 'gf180mcu_fd_sc_mcu7t5v0__and2_4'
Circuit gf180mcu_fd_sc_mcu7t5v0__and2_4 contains 0 device instances.
Circuit contains 0 nets.

Circuit gf180mcu_fd_sc_mcu7t5v0__and2_4 contains no devices.

Contents of circuit 1:  Circuit: 'gf180mcu_fd_sc_mcu7t5v0__aoi222_4'
Circuit gf180mcu_fd_sc_mcu7t5v0__aoi222_4 contains 0 device instances.
Circuit contains 0 nets, and 9 disconnected pins.
Contents of circuit 2:  Circuit: 'gf180mcu_fd_sc_mcu7t5v0__aoi222_4'
Circuit gf180mcu_fd_sc_mcu7t5v0__aoi222_4 contains 0 device instances.
Circuit contains 0 nets.

Circuit gf180mcu_fd_sc_mcu7t5v0__aoi222_4 contains no devices.

Contents of circuit 1:  Circuit: 'gf180mcu_fd_sc_mcu7t5v0__or2_4'
Circuit gf180mcu_fd_sc_mcu7t5v0__or2_4 contains 0 device instances.
Circuit contains 0 nets, and 5 disconnected pins.
Contents of circuit 2:  Circuit: 'gf180mcu_fd_sc_mcu7t5v0__or2_4'
Circuit gf180mcu_fd_sc_mcu7t5v0__or2_4 contains 0 device instances.
Circuit contains 0 nets.

Circuit gf180mcu_fd_sc_mcu7t5v0__or2_4 contains no devices.

Contents of circuit 1:  Circuit: 'gf180mcu_fd_sc_mcu7t5v0__dffq_2'
Circuit gf180mcu_fd_sc_mcu7t5v0__dffq_2 contains 0 device instances.
Circuit contains 0 nets, and 5 disconnected pins.
Contents of circuit 2:  Circuit: 'gf180mcu_fd_sc_mcu7t5v0__dffq_2'
Circuit gf180mcu_fd_sc_mcu7t5v0__dffq_2 contains 0 device instances.
Circuit contains 0 nets.

Circuit gf180mcu_fd_sc_mcu7t5v0__dffq_2 contains no devices.

Contents of circuit 1:  Circuit: 'gf180mcu_fd_sc_mcu7t5v0__and3_4'
Circuit gf180mcu_fd_sc_mcu7t5v0__and3_4 contains 0 device instances.
Circuit contains 0 nets, and 6 disconnected pins.
Contents of circuit 2:  Circuit: 'gf180mcu_fd_sc_mcu7t5v0__and3_4'
Circuit gf180mcu_fd_sc_mcu7t5v0__and3_4 contains 0 device instances.
Circuit contains 0 nets.

Circuit gf180mcu_fd_sc_mcu7t5v0__and3_4 contains no devices.

Contents of circuit 1:  Circuit: 'gf180mcu_fd_sc_mcu7t5v0__dffnrnq_1'
Circuit gf180mcu_fd_sc_mcu7t5v0__dffnrnq_1 contains 0 device instances.
Circuit contains 0 nets, and 6 disconnected pins.
Contents of circuit 2:  Circuit: 'gf180mcu_fd_sc_mcu7t5v0__dffnrnq_1'
Circuit gf180mcu_fd_sc_mcu7t5v0__dffnrnq_1 contains 0 device instances.
Circuit contains 0 nets.

Circuit gf180mcu_fd_sc_mcu7t5v0__dffnrnq_1 contains no devices.

Contents of circuit 1:  Circuit: 'gf180mcu_fd_sc_mcu7t5v0__xnor2_1'
Circuit gf180mcu_fd_sc_mcu7t5v0__xnor2_1 contains 0 device instances.
Circuit contains 0 nets, and 5 disconnected pins.
Contents of circuit 2:  Circuit: 'gf180mcu_fd_sc_mcu7t5v0__xnor2_1'
Circuit gf180mcu_fd_sc_mcu7t5v0__xnor2_1 contains 0 device instances.
Circuit contains 0 nets.

Circuit gf180mcu_fd_sc_mcu7t5v0__xnor2_1 contains no devices.

Contents of circuit 1:  Circuit: 'gf180mcu_fd_sc_mcu7t5v0__dlyc_1'
Circuit gf180mcu_fd_sc_mcu7t5v0__dlyc_1 contains 0 device instances.
Circuit contains 0 nets, and 4 disconnected pins.
Contents of circuit 2:  Circuit: 'gf180mcu_fd_sc_mcu7t5v0__dlyc_1'
Circuit gf180mcu_fd_sc_mcu7t5v0__dlyc_1 contains 0 device instances.
Circuit contains 0 nets.

Circuit gf180mcu_fd_sc_mcu7t5v0__dlyc_1 contains no devices.

Contents of circuit 1:  Circuit: 'gf180mcu_fd_sc_mcu7t5v0__xor2_2'
Circuit gf180mcu_fd_sc_mcu7t5v0__xor2_2 contains 0 device instances.
Circuit contains 0 nets, and 5 disconnected pins.
Contents of circuit 2:  Circuit: 'gf180mcu_fd_sc_mcu7t5v0__xor2_2'
Circuit gf180mcu_fd_sc_mcu7t5v0__xor2_2 contains 0 device instances.
Circuit contains 0 nets.

Circuit gf180mcu_fd_sc_mcu7t5v0__xor2_2 contains no devices.

Contents of circuit 1:  Circuit: 'gf180mcu_fd_sc_mcu7t5v0__oai22_4'
Circuit gf180mcu_fd_sc_mcu7t5v0__oai22_4 contains 0 device instances.
Circuit contains 0 nets, and 7 disconnected pins.
Contents of circuit 2:  Circuit: 'gf180mcu_fd_sc_mcu7t5v0__oai22_4'
Circuit gf180mcu_fd_sc_mcu7t5v0__oai22_4 contains 0 device instances.
Circuit contains 0 nets.

Circuit gf180mcu_fd_sc_mcu7t5v0__oai22_4 contains no devices.

Contents of circuit 1:  Circuit: 'gf180mcu_fd_sc_mcu7t5v0__oai221_4'
Circuit gf180mcu_fd_sc_mcu7t5v0__oai221_4 contains 0 device instances.
Circuit contains 0 nets, and 8 disconnected pins.
Contents of circuit 2:  Circuit: 'gf180mcu_fd_sc_mcu7t5v0__oai221_4'
Circuit gf180mcu_fd_sc_mcu7t5v0__oai221_4 contains 0 device instances.
Circuit contains 0 nets.

Circuit gf180mcu_fd_sc_mcu7t5v0__oai221_4 contains no devices.

Contents of circuit 1:  Circuit: 'gf180mcu_fd_sc_mcu7t5v0__buf_12'
Circuit gf180mcu_fd_sc_mcu7t5v0__buf_12 contains 0 device instances.
Circuit contains 0 nets, and 4 disconnected pins.
Contents of circuit 2:  Circuit: 'gf180mcu_fd_sc_mcu7t5v0__buf_12'
Circuit gf180mcu_fd_sc_mcu7t5v0__buf_12 contains 0 device instances.
Circuit contains 0 nets.

Circuit gf180mcu_fd_sc_mcu7t5v0__buf_12 contains no devices.

Contents of circuit 1:  Circuit: 'gf180mcu_fd_sc_mcu7t5v0__nand4_4'
Circuit gf180mcu_fd_sc_mcu7t5v0__nand4_4 contains 0 device instances.
Circuit contains 0 nets, and 7 disconnected pins.
Contents of circuit 2:  Circuit: 'gf180mcu_fd_sc_mcu7t5v0__nand4_4'
Circuit gf180mcu_fd_sc_mcu7t5v0__nand4_4 contains 0 device instances.
Circuit contains 0 nets.

Circuit gf180mcu_fd_sc_mcu7t5v0__nand4_4 contains no devices.

Contents of circuit 1:  Circuit: 'gf180mcu_fd_sc_mcu7t5v0__clkinv_3'
Circuit gf180mcu_fd_sc_mcu7t5v0__clkinv_3 contains 0 device instances.
Circuit contains 0 nets, and 4 disconnected pins.
Contents of circuit 2:  Circuit: 'gf180mcu_fd_sc_mcu7t5v0__clkinv_3'
Circuit gf180mcu_fd_sc_mcu7t5v0__clkinv_3 contains 0 device instances.
Circuit contains 0 nets.

Circuit gf180mcu_fd_sc_mcu7t5v0__clkinv_3 contains no devices.

Contents of circuit 1:  Circuit: 'gf180mcu_fd_sc_mcu7t5v0__or4_4'
Circuit gf180mcu_fd_sc_mcu7t5v0__or4_4 contains 0 device instances.
Circuit contains 0 nets, and 7 disconnected pins.
Contents of circuit 2:  Circuit: 'gf180mcu_fd_sc_mcu7t5v0__or4_4'
Circuit gf180mcu_fd_sc_mcu7t5v0__or4_4 contains 0 device instances.
Circuit contains 0 nets.

Circuit gf180mcu_fd_sc_mcu7t5v0__or4_4 contains no devices.

Contents of circuit 1:  Circuit: 'gf180mcu_fd_sc_mcu7t5v0__dffrnq_2'
Circuit gf180mcu_fd_sc_mcu7t5v0__dffrnq_2 contains 0 device instances.
Circuit contains 0 nets, and 6 disconnected pins.
Contents of circuit 2:  Circuit: 'gf180mcu_fd_sc_mcu7t5v0__dffrnq_2'
Circuit gf180mcu_fd_sc_mcu7t5v0__dffrnq_2 contains 0 device instances.
Circuit contains 0 nets.

Circuit gf180mcu_fd_sc_mcu7t5v0__dffrnq_2 contains no devices.

Contents of circuit 1:  Circuit: 'gf180mcu_fd_sc_mcu7t5v0__buf_20'
Circuit gf180mcu_fd_sc_mcu7t5v0__buf_20 contains 0 device instances.
Circuit contains 0 nets, and 4 disconnected pins.
Contents of circuit 2:  Circuit: 'gf180mcu_fd_sc_mcu7t5v0__buf_20'
Circuit gf180mcu_fd_sc_mcu7t5v0__buf_20 contains 0 device instances.
Circuit contains 0 nets.

Circuit gf180mcu_fd_sc_mcu7t5v0__buf_20 contains no devices.

Contents of circuit 1:  Circuit: 'gf180mcu_fd_sc_mcu7t5v0__dffnsnq_2'
Circuit gf180mcu_fd_sc_mcu7t5v0__dffnsnq_2 contains 0 device instances.
Circuit contains 0 nets, and 6 disconnected pins.
Contents of circuit 2:  Circuit: 'gf180mcu_fd_sc_mcu7t5v0__dffnsnq_2'
Circuit gf180mcu_fd_sc_mcu7t5v0__dffnsnq_2 contains 0 device instances.
Circuit contains 0 nets.

Circuit gf180mcu_fd_sc_mcu7t5v0__dffnsnq_2 contains no devices.

Contents of circuit 1:  Circuit: 'gf180mcu_fd_sc_mcu7t5v0__clkbuf_2'
Circuit gf180mcu_fd_sc_mcu7t5v0__clkbuf_2 contains 0 device instances.
Circuit contains 0 nets, and 4 disconnected pins.
Contents of circuit 2:  Circuit: 'gf180mcu_fd_sc_mcu7t5v0__clkbuf_2'
Circuit gf180mcu_fd_sc_mcu7t5v0__clkbuf_2 contains 0 device instances.
Circuit contains 0 nets.

Circuit gf180mcu_fd_sc_mcu7t5v0__clkbuf_2 contains no devices.

Contents of circuit 1:  Circuit: 'gf180mcu_fd_sc_mcu7t5v0__xor2_4'
Circuit gf180mcu_fd_sc_mcu7t5v0__xor2_4 contains 0 device instances.
Circuit contains 0 nets, and 5 disconnected pins.
Contents of circuit 2:  Circuit: 'gf180mcu_fd_sc_mcu7t5v0__xor2_4'
Circuit gf180mcu_fd_sc_mcu7t5v0__xor2_4 contains 0 device instances.
Circuit contains 0 nets.

Circuit gf180mcu_fd_sc_mcu7t5v0__xor2_4 contains no devices.

Contents of circuit 1:  Circuit: 'gf180mcu_fd_sc_mcu7t5v0__oai31_4'
Circuit gf180mcu_fd_sc_mcu7t5v0__oai31_4 contains 0 device instances.
Circuit contains 0 nets, and 7 disconnected pins.
Contents of circuit 2:  Circuit: 'gf180mcu_fd_sc_mcu7t5v0__oai31_4'
Circuit gf180mcu_fd_sc_mcu7t5v0__oai31_4 contains 0 device instances.
Circuit contains 0 nets.

Circuit gf180mcu_fd_sc_mcu7t5v0__oai31_4 contains no devices.

Contents of circuit 1:  Circuit: 'gf180mcu_fd_sc_mcu7t5v0__nor4_4'
Circuit gf180mcu_fd_sc_mcu7t5v0__nor4_4 contains 0 device instances.
Circuit contains 0 nets, and 7 disconnected pins.
Contents of circuit 2:  Circuit: 'gf180mcu_fd_sc_mcu7t5v0__nor4_4'
Circuit gf180mcu_fd_sc_mcu7t5v0__nor4_4 contains 0 device instances.
Circuit contains 0 nets.

Circuit gf180mcu_fd_sc_mcu7t5v0__nor4_4 contains no devices.

Contents of circuit 1:  Circuit: 'gf180mcu_fd_sc_mcu7t5v0__clkbuf_3'
Circuit gf180mcu_fd_sc_mcu7t5v0__clkbuf_3 contains 0 device instances.
Circuit contains 0 nets, and 4 disconnected pins.
Contents of circuit 2:  Circuit: 'gf180mcu_fd_sc_mcu7t5v0__clkbuf_3'
Circuit gf180mcu_fd_sc_mcu7t5v0__clkbuf_3 contains 0 device instances.
Circuit contains 0 nets.

Circuit gf180mcu_fd_sc_mcu7t5v0__clkbuf_3 contains no devices.

Contents of circuit 1:  Circuit: 'gf180mcu_fd_sc_mcu7t5v0__dffrsnq_2'
Circuit gf180mcu_fd_sc_mcu7t5v0__dffrsnq_2 contains 0 device instances.
Circuit contains 0 nets, and 7 disconnected pins.
Contents of circuit 2:  Circuit: 'gf180mcu_fd_sc_mcu7t5v0__dffrsnq_2'
Circuit gf180mcu_fd_sc_mcu7t5v0__dffrsnq_2 contains 0 device instances.
Circuit contains 0 nets.

Circuit gf180mcu_fd_sc_mcu7t5v0__dffrsnq_2 contains no devices.

Contents of circuit 1:  Circuit: 'gf180mcu_fd_sc_mcu7t5v0__dlyc_2'
Circuit gf180mcu_fd_sc_mcu7t5v0__dlyc_2 contains 0 device instances.
Circuit contains 0 nets, and 4 disconnected pins.
Contents of circuit 2:  Circuit: 'gf180mcu_fd_sc_mcu7t5v0__dlyc_2'
Circuit gf180mcu_fd_sc_mcu7t5v0__dlyc_2 contains 0 device instances.
Circuit contains 0 nets.

Circuit gf180mcu_fd_sc_mcu7t5v0__dlyc_2 contains no devices.

Contents of circuit 1:  Circuit: 'gf180mcu_fd_sc_mcu7t5v0__inv_4'
Circuit gf180mcu_fd_sc_mcu7t5v0__inv_4 contains 0 device instances.
Circuit contains 0 nets, and 4 disconnected pins.
Contents of circuit 2:  Circuit: 'gf180mcu_fd_sc_mcu7t5v0__inv_4'
Circuit gf180mcu_fd_sc_mcu7t5v0__inv_4 contains 0 device instances.
Circuit contains 0 nets.

Circuit gf180mcu_fd_sc_mcu7t5v0__inv_4 contains no devices.

Contents of circuit 1:  Circuit: 'gf180mcu_fd_sc_mcu7t5v0__clkinv_4'
Circuit gf180mcu_fd_sc_mcu7t5v0__clkinv_4 contains 0 device instances.
Circuit contains 0 nets, and 4 disconnected pins.
Contents of circuit 2:  Circuit: 'gf180mcu_fd_sc_mcu7t5v0__clkinv_4'
Circuit gf180mcu_fd_sc_mcu7t5v0__clkinv_4 contains 0 device instances.
Circuit contains 0 nets.

Circuit gf180mcu_fd_sc_mcu7t5v0__clkinv_4 contains no devices.

Contents of circuit 1:  Circuit: 'gf180mcu_fd_sc_mcu7t5v0__tiel'
Circuit gf180mcu_fd_sc_mcu7t5v0__tiel contains 0 device instances.
Circuit contains 0 nets, and 3 disconnected pins.
Contents of circuit 2:  Circuit: 'gf180mcu_fd_sc_mcu7t5v0__tiel'
Circuit gf180mcu_fd_sc_mcu7t5v0__tiel contains 0 device instances.
Circuit contains 0 nets.

Circuit gf180mcu_fd_sc_mcu7t5v0__tiel contains no devices.

Contents of circuit 1:  Circuit: 'gpio_defaults_block'
Circuit gpio_defaults_block contains 0 device instances.
Circuit contains 0 nets, and 12 disconnected pins.
Contents of circuit 2:  Circuit: 'gpio_defaults_block'
Circuit gpio_defaults_block contains 0 device instances.
Circuit contains 0 nets.

Circuit gpio_defaults_block contains no devices.

Contents of circuit 1:  Circuit: 'gf180mcu_fd_sc_mcu7t5v0__inv_2'
Circuit gf180mcu_fd_sc_mcu7t5v0__inv_2 contains 0 device instances.
Circuit contains 0 nets, and 4 disconnected pins.
Contents of circuit 2:  Circuit: 'gf180mcu_fd_sc_mcu7t5v0__inv_2'
Circuit gf180mcu_fd_sc_mcu7t5v0__inv_2 contains 0 device instances.
Circuit contains 0 nets.

Circuit gf180mcu_fd_sc_mcu7t5v0__inv_2 contains no devices.

Contents of circuit 1:  Circuit: 'gf180mcu_fd_sc_mcu7t5v0__xor3_1'
Circuit gf180mcu_fd_sc_mcu7t5v0__xor3_1 contains 0 device instances.
Circuit contains 0 nets, and 6 disconnected pins.
Contents of circuit 2:  Circuit: 'gf180mcu_fd_sc_mcu7t5v0__xor3_1'
Circuit gf180mcu_fd_sc_mcu7t5v0__xor3_1 contains 0 device instances.
Circuit contains 0 nets.

Circuit gf180mcu_fd_sc_mcu7t5v0__xor3_1 contains no devices.

Contents of circuit 1:  Circuit: 'gf180mcu_fd_sc_mcu7t5v0__nor2_4'
Circuit gf180mcu_fd_sc_mcu7t5v0__nor2_4 contains 0 device instances.
Circuit contains 0 nets, and 5 disconnected pins.
Contents of circuit 2:  Circuit: 'gf180mcu_fd_sc_mcu7t5v0__nor2_4'
Circuit gf180mcu_fd_sc_mcu7t5v0__nor2_4 contains 0 device instances.
Circuit contains 0 nets.

Circuit gf180mcu_fd_sc_mcu7t5v0__nor2_4 contains no devices.

Contents of circuit 1:  Circuit: 'gf180mcu_fd_sc_mcu7t5v0__dffrnq_4'
Circuit gf180mcu_fd_sc_mcu7t5v0__dffrnq_4 contains 0 device instances.
Circuit contains 0 nets, and 6 disconnected pins.
Contents of circuit 2:  Circuit: 'gf180mcu_fd_sc_mcu7t5v0__dffrnq_4'
Circuit gf180mcu_fd_sc_mcu7t5v0__dffrnq_4 contains 0 device instances.
Circuit contains 0 nets.

Circuit gf180mcu_fd_sc_mcu7t5v0__dffrnq_4 contains no devices.

Contents of circuit 1:  Circuit: 'gf180mcu_fd_sc_mcu7t5v0__xnor2_2'
Circuit gf180mcu_fd_sc_mcu7t5v0__xnor2_2 contains 0 device instances.
Circuit contains 0 nets, and 5 disconnected pins.
Contents of circuit 2:  Circuit: 'gf180mcu_fd_sc_mcu7t5v0__xnor2_2'
Circuit gf180mcu_fd_sc_mcu7t5v0__xnor2_2 contains 0 device instances.
Circuit contains 0 nets.

Circuit gf180mcu_fd_sc_mcu7t5v0__xnor2_2 contains no devices.

Contents of circuit 1:  Circuit: 'gf180mcu_fd_sc_mcu7t5v0__nand3_4'
Circuit gf180mcu_fd_sc_mcu7t5v0__nand3_4 contains 0 device instances.
Circuit contains 0 nets, and 6 disconnected pins.
Contents of circuit 2:  Circuit: 'gf180mcu_fd_sc_mcu7t5v0__nand3_4'
Circuit gf180mcu_fd_sc_mcu7t5v0__nand3_4 contains 0 device instances.
Circuit contains 0 nets.

Circuit gf180mcu_fd_sc_mcu7t5v0__nand3_4 contains no devices.

Contents of circuit 1:  Circuit: 'gf180mcu_fd_sc_mcu7t5v0__inv_3'
Circuit gf180mcu_fd_sc_mcu7t5v0__inv_3 contains 0 device instances.
Circuit contains 0 nets, and 4 disconnected pins.
Contents of circuit 2:  Circuit: 'gf180mcu_fd_sc_mcu7t5v0__inv_3'
Circuit gf180mcu_fd_sc_mcu7t5v0__inv_3 contains 0 device instances.
Circuit contains 0 nets.

Circuit gf180mcu_fd_sc_mcu7t5v0__inv_3 contains no devices.

Contents of circuit 1:  Circuit: 'gf180mcu_fd_sc_mcu7t5v0__mux2_4'
Circuit gf180mcu_fd_sc_mcu7t5v0__mux2_4 contains 0 device instances.
Circuit contains 0 nets, and 6 disconnected pins.
Contents of circuit 2:  Circuit: 'gf180mcu_fd_sc_mcu7t5v0__mux2_4'
Circuit gf180mcu_fd_sc_mcu7t5v0__mux2_4 contains 0 device instances.
Circuit contains 0 nets.

Circuit gf180mcu_fd_sc_mcu7t5v0__mux2_4 contains no devices.

Contents of circuit 1:  Circuit: 'gf180mcu_fd_sc_mcu7t5v0__clkinv_8'
Circuit gf180mcu_fd_sc_mcu7t5v0__clkinv_8 contains 0 device instances.
Circuit contains 0 nets, and 4 disconnected pins.
Contents of circuit 2:  Circuit: 'gf180mcu_fd_sc_mcu7t5v0__clkinv_8'
Circuit gf180mcu_fd_sc_mcu7t5v0__clkinv_8 contains 0 device instances.
Circuit contains 0 nets.

Circuit gf180mcu_fd_sc_mcu7t5v0__clkinv_8 contains no devices.

Contents of circuit 1:  Circuit: 'gf180mcu_fd_sc_mcu7t5v0__dffsnq_1'
Circuit gf180mcu_fd_sc_mcu7t5v0__dffsnq_1 contains 0 device instances.
Circuit contains 0 nets, and 6 disconnected pins.
Contents of circuit 2:  Circuit: 'gf180mcu_fd_sc_mcu7t5v0__dffsnq_1'
Circuit gf180mcu_fd_sc_mcu7t5v0__dffsnq_1 contains 0 device instances.
Circuit contains 0 nets.

Circuit gf180mcu_fd_sc_mcu7t5v0__dffsnq_1 contains no devices.

Contents of circuit 1:  Circuit: 'gf180mcu_fd_sc_mcu7t5v0__dffnrnq_4'
Circuit gf180mcu_fd_sc_mcu7t5v0__dffnrnq_4 contains 0 device instances.
Circuit contains 0 nets, and 6 disconnected pins.
Contents of circuit 2:  Circuit: 'gf180mcu_fd_sc_mcu7t5v0__dffnrnq_4'
Circuit gf180mcu_fd_sc_mcu7t5v0__dffnrnq_4 contains 0 device instances.
Circuit contains 0 nets.

Circuit gf180mcu_fd_sc_mcu7t5v0__dffnrnq_4 contains no devices.

Contents of circuit 1:  Circuit: 'gf180mcu_fd_sc_mcu7t5v0__clkinv_16'
Circuit gf180mcu_fd_sc_mcu7t5v0__clkinv_16 contains 0 device instances.
Circuit contains 0 nets, and 4 disconnected pins.
Contents of circuit 2:  Circuit: 'gf180mcu_fd_sc_mcu7t5v0__clkinv_16'
Circuit gf180mcu_fd_sc_mcu7t5v0__clkinv_16 contains 0 device instances.
Circuit contains 0 nets.

Circuit gf180mcu_fd_sc_mcu7t5v0__clkinv_16 contains no devices.

Contents of circuit 1:  Circuit: 'gf180mcu_fd_sc_mcu7t5v0__dffnsnq_4'
Circuit gf180mcu_fd_sc_mcu7t5v0__dffnsnq_4 contains 0 device instances.
Circuit contains 0 nets, and 6 disconnected pins.
Contents of circuit 2:  Circuit: 'gf180mcu_fd_sc_mcu7t5v0__dffnsnq_4'
Circuit gf180mcu_fd_sc_mcu7t5v0__dffnsnq_4 contains 0 device instances.
Circuit contains 0 nets.

Circuit gf180mcu_fd_sc_mcu7t5v0__dffnsnq_4 contains no devices.

Contents of circuit 1:  Circuit: 'gf180mcu_fd_sc_mcu7t5v0__dffnrnq_2'
Circuit gf180mcu_fd_sc_mcu7t5v0__dffnrnq_2 contains 0 device instances.
Circuit contains 0 nets, and 6 disconnected pins.
Contents of circuit 2:  Circuit: 'gf180mcu_fd_sc_mcu7t5v0__dffnrnq_2'
Circuit gf180mcu_fd_sc_mcu7t5v0__dffnrnq_2 contains 0 device instances.
Circuit contains 0 nets.

Circuit gf180mcu_fd_sc_mcu7t5v0__dffnrnq_2 contains no devices.

Contents of circuit 1:  Circuit: 'gf180mcu_fd_sc_mcu7t5v0__oai33_4'
Circuit gf180mcu_fd_sc_mcu7t5v0__oai33_4 contains 0 device instances.
Circuit contains 0 nets, and 9 disconnected pins.
Contents of circuit 2:  Circuit: 'gf180mcu_fd_sc_mcu7t5v0__oai33_4'
Circuit gf180mcu_fd_sc_mcu7t5v0__oai33_4 contains 0 device instances.
Circuit contains 0 nets.

Circuit gf180mcu_fd_sc_mcu7t5v0__oai33_4 contains no devices.

Contents of circuit 1:  Circuit: 'gf180mcu_fd_sc_mcu7t5v0__dffnsnq_1'
Circuit gf180mcu_fd_sc_mcu7t5v0__dffnsnq_1 contains 0 device instances.
Circuit contains 0 nets, and 6 disconnected pins.
Contents of circuit 2:  Circuit: 'gf180mcu_fd_sc_mcu7t5v0__dffnsnq_1'
Circuit gf180mcu_fd_sc_mcu7t5v0__dffnsnq_1 contains 0 device instances.
Circuit contains 0 nets.

Circuit gf180mcu_fd_sc_mcu7t5v0__dffnsnq_1 contains no devices.

Contents of circuit 1:  Circuit: 'gf180mcu_fd_sc_mcu7t5v0__dffsnq_2'
Circuit gf180mcu_fd_sc_mcu7t5v0__dffsnq_2 contains 0 device instances.
Circuit contains 0 nets, and 6 disconnected pins.
Contents of circuit 2:  Circuit: 'gf180mcu_fd_sc_mcu7t5v0__dffsnq_2'
Circuit gf180mcu_fd_sc_mcu7t5v0__dffsnq_2 contains 0 device instances.
Circuit contains 0 nets.

Circuit gf180mcu_fd_sc_mcu7t5v0__dffsnq_2 contains no devices.

Contents of circuit 1:  Circuit: 'gf180mcu_fd_sc_mcu7t5v0__clkinv_12'
Circuit gf180mcu_fd_sc_mcu7t5v0__clkinv_12 contains 0 device instances.
Circuit contains 0 nets, and 4 disconnected pins.
Contents of circuit 2:  Circuit: 'gf180mcu_fd_sc_mcu7t5v0__clkinv_12'
Circuit gf180mcu_fd_sc_mcu7t5v0__clkinv_12 contains 0 device instances.
Circuit contains 0 nets.

Circuit gf180mcu_fd_sc_mcu7t5v0__clkinv_12 contains no devices.

Contents of circuit 1:  Circuit: 'gf180mcu_fd_sc_mcu7t5v0__inv_8'
Circuit gf180mcu_fd_sc_mcu7t5v0__inv_8 contains 0 device instances.
Circuit contains 0 nets, and 4 disconnected pins.
Contents of circuit 2:  Circuit: 'gf180mcu_fd_sc_mcu7t5v0__inv_8'
Circuit gf180mcu_fd_sc_mcu7t5v0__inv_8 contains 0 device instances.
Circuit contains 0 nets.

Circuit gf180mcu_fd_sc_mcu7t5v0__inv_8 contains no devices.

Contents of circuit 1:  Circuit: 'gf180mcu_fd_sc_mcu7t5v0__dffsnq_4'
Circuit gf180mcu_fd_sc_mcu7t5v0__dffsnq_4 contains 0 device instances.
Circuit contains 0 nets, and 6 disconnected pins.
Contents of circuit 2:  Circuit: 'gf180mcu_fd_sc_mcu7t5v0__dffsnq_4'
Circuit gf180mcu_fd_sc_mcu7t5v0__dffsnq_4 contains 0 device instances.
Circuit contains 0 nets.

Circuit gf180mcu_fd_sc_mcu7t5v0__dffsnq_4 contains no devices.

Contents of circuit 1:  Circuit: 'gf180mcu_fd_sc_mcu7t5v0__dlyb_1'
Circuit gf180mcu_fd_sc_mcu7t5v0__dlyb_1 contains 0 device instances.
Circuit contains 0 nets, and 4 disconnected pins.
Contents of circuit 2:  Circuit: 'gf180mcu_fd_sc_mcu7t5v0__dlyb_1'
Circuit gf180mcu_fd_sc_mcu7t5v0__dlyb_1 contains 0 device instances.
Circuit contains 0 nets.

Circuit gf180mcu_fd_sc_mcu7t5v0__dlyb_1 contains no devices.

Contents of circuit 1:  Circuit: 'gf180mcu_fd_sc_mcu7t5v0__xnor3_1'
Circuit gf180mcu_fd_sc_mcu7t5v0__xnor3_1 contains 0 device instances.
Circuit contains 0 nets, and 6 disconnected pins.
Contents of circuit 2:  Circuit: 'gf180mcu_fd_sc_mcu7t5v0__xnor3_1'
Circuit gf180mcu_fd_sc_mcu7t5v0__xnor3_1 contains 0 device instances.
Circuit contains 0 nets.

Circuit gf180mcu_fd_sc_mcu7t5v0__xnor3_1 contains no devices.

Contents of circuit 1:  Circuit: 'gf180mcu_fd_ip_sram__sram512x8m8wm1'
Circuit gf180mcu_fd_ip_sram__sram512x8m8wm1 contains 0 device instances.
Circuit contains 0 nets, and 38 disconnected pins.
Contents of circuit 2:  Circuit: 'gf180mcu_fd_ip_sram__sram512x8m8wm1'
Circuit gf180mcu_fd_ip_sram__sram512x8m8wm1 contains 0 device instances.
Circuit contains 0 nets.

Circuit gf180mcu_fd_ip_sram__sram512x8m8wm1 contains no devices.

Contents of circuit 1:  Circuit: 'spare_logic_block'
Circuit spare_logic_block contains 0 device instances.
Circuit contains 0 nets, and 46 disconnected pins.
Contents of circuit 2:  Circuit: 'spare_logic_block'
Circuit spare_logic_block contains 0 device instances.
Circuit contains 0 nets.

Circuit spare_logic_block contains no devices.

Contents of circuit 1:  Circuit: 'gf180mcu_fd_sc_mcu7t5v0__buf_1'
Circuit gf180mcu_fd_sc_mcu7t5v0__buf_1 contains 0 device instances.
Circuit contains 0 nets, and 4 disconnected pins.
Contents of circuit 2:  Circuit: 'gf180mcu_fd_sc_mcu7t5v0__buf_1'
Circuit gf180mcu_fd_sc_mcu7t5v0__buf_1 contains 0 device instances.
Circuit contains 0 nets.

Circuit gf180mcu_fd_sc_mcu7t5v0__buf_1 contains no devices.

Contents of circuit 1:  Circuit: 'user_id_programming'
Circuit user_id_programming contains 0 device instances.
Circuit contains 0 nets, and 34 disconnected pins.
Contents of circuit 2:  Circuit: 'user_id_programming'
Circuit user_id_programming contains 0 device instances.
Circuit contains 0 nets.

Circuit user_id_programming contains no devices.

Contents of circuit 1:  Circuit: 'gf180mcu_fd_sc_mcu7t5v0__oai222_4'
Circuit gf180mcu_fd_sc_mcu7t5v0__oai222_4 contains 0 device instances.
Circuit contains 0 nets, and 9 disconnected pins.
Contents of circuit 2:  Circuit: 'gf180mcu_fd_sc_mcu7t5v0__oai222_4'
Circuit gf180mcu_fd_sc_mcu7t5v0__oai222_4 contains 0 device instances.
Circuit contains 0 nets.

Circuit gf180mcu_fd_sc_mcu7t5v0__oai222_4 contains no devices.

Contents of circuit 1:  Circuit: 'gf180mcu_fd_sc_mcu7t5v0__mux4_4'
Circuit gf180mcu_fd_sc_mcu7t5v0__mux4_4 contains 0 device instances.
Circuit contains 0 nets, and 9 disconnected pins.
Contents of circuit 2:  Circuit: 'gf180mcu_fd_sc_mcu7t5v0__mux4_4'
Circuit gf180mcu_fd_sc_mcu7t5v0__mux4_4 contains 0 device instances.
Circuit contains 0 nets.

Circuit gf180mcu_fd_sc_mcu7t5v0__mux4_4 contains no devices.

Contents of circuit 1:  Circuit: 'gf180mcu_fd_sc_mcu7t5v0__xor3_2'
Circuit gf180mcu_fd_sc_mcu7t5v0__xor3_2 contains 0 device instances.
Circuit contains 0 nets, and 6 disconnected pins.
Contents of circuit 2:  Circuit: 'gf180mcu_fd_sc_mcu7t5v0__xor3_2'
Circuit gf180mcu_fd_sc_mcu7t5v0__xor3_2 contains 0 device instances.
Circuit contains 0 nets.

Circuit gf180mcu_fd_sc_mcu7t5v0__xor3_2 contains no devices.

Contents of circuit 1:  Circuit: 'mprj_io_buffer'
Circuit mprj_io_buffer contains 0 device instances.
Circuit contains 0 nets, and 80 disconnected pins.
Contents of circuit 2:  Circuit: 'mprj_io_buffer'
Circuit mprj_io_buffer contains 0 device instances.
Circuit contains 0 nets.

Circuit mprj_io_buffer contains no devices.

Contents of circuit 1:  Circuit: 'gf180mcu_fd_sc_mcu7t5v0__xnor3_2'
Circuit gf180mcu_fd_sc_mcu7t5v0__xnor3_2 contains 0 device instances.
Circuit contains 0 nets, and 6 disconnected pins.
Contents of circuit 2:  Circuit: 'gf180mcu_fd_sc_mcu7t5v0__xnor3_2'
Circuit gf180mcu_fd_sc_mcu7t5v0__xnor3_2 contains 0 device instances.
Circuit contains 0 nets.

Circuit gf180mcu_fd_sc_mcu7t5v0__xnor3_2 contains no devices.

Contents of circuit 1:  Circuit: 'simple_por'
Circuit simple_por contains 0 device instances.
Circuit contains 0 nets, and 4 disconnected pins.
Contents of circuit 2:  Circuit: 'simple_por'
Circuit simple_por contains 0 device instances.
Circuit contains 0 nets.

Circuit simple_por contains no devices.

Contents of circuit 1:  Circuit: 'gf180mcu_fd_sc_mcu7t5v0__invz_2'
Circuit gf180mcu_fd_sc_mcu7t5v0__invz_2 contains 0 device instances.
Circuit contains 0 nets, and 5 disconnected pins.
Contents of circuit 2:  Circuit: 'gf180mcu_fd_sc_mcu7t5v0__invz_2'
Circuit gf180mcu_fd_sc_mcu7t5v0__invz_2 contains 0 device instances.
Circuit contains 0 nets.

Circuit gf180mcu_fd_sc_mcu7t5v0__invz_2 contains no devices.

Contents of circuit 1:  Circuit: 'gf180mcu_fd_sc_mcu7t5v0__tieh'
Circuit gf180mcu_fd_sc_mcu7t5v0__tieh contains 0 device instances.
Circuit contains 0 nets, and 3 disconnected pins.
Contents of circuit 2:  Circuit: 'gf180mcu_fd_sc_mcu7t5v0__tieh'
Circuit gf180mcu_fd_sc_mcu7t5v0__tieh contains 0 device instances.
Circuit contains 0 nets.

Circuit gf180mcu_fd_sc_mcu7t5v0__tieh contains no devices.

Contents of circuit 1:  Circuit: 'user_project_wrapper'
Circuit user_project_wrapper contains 0 device instances.
Circuit contains 0 nets, and 418 disconnected pins.
Contents of circuit 2:  Circuit: 'user_project_wrapper'
Circuit user_project_wrapper contains 0 device instances.
Circuit contains 0 nets.

Circuit user_project_wrapper contains no devices.

Contents of circuit 1:  Circuit: 'gf180mcu_fd_sc_mcu7t5v0__xnor2_4'
Circuit gf180mcu_fd_sc_mcu7t5v0__xnor2_4 contains 0 device instances.
Circuit contains 0 nets, and 5 disconnected pins.
Contents of circuit 2:  Circuit: 'gf180mcu_fd_sc_mcu7t5v0__xnor2_4'
Circuit gf180mcu_fd_sc_mcu7t5v0__xnor2_4 contains 0 device instances.
Circuit contains 0 nets.

Circuit gf180mcu_fd_sc_mcu7t5v0__xnor2_4 contains no devices.

Contents of circuit 1:  Circuit: 'housekeeping'
Circuit housekeeping contains 0 device instances.
Circuit contains 0 nets, and 347 disconnected pins.
Contents of circuit 2:  Circuit: 'housekeeping'
Circuit housekeeping contains 0 device instances.
Circuit contains 0 nets.

Circuit housekeeping contains no devices.

Contents of circuit 1:  Circuit: 'caravel_core'
Circuit caravel_core contains 56548 device instances.
  Class: gf180mcu_fd_sc_mcu7t5v0__nand3_4 instances:  59
  Class: gf180mcu_fd_sc_mcu7t5v0__dffq_1 instances: 3488
  Class: gf180mcu_fd_sc_mcu7t5v0__dffq_2 instances: 753
  Class: gf180mcu_fd_sc_mcu7t5v0__dffq_4 instances: 171
  Class: gf180mcu_fd_sc_mcu7t5v0__oai33_4 instances:   1
  Class: user_id_programming   instances:   1
  Class: gf180mcu_fd_sc_mcu7t5v0__clkbuf_20 instances: 1050
  Class: gf180mcu_fd_sc_mcu7t5v0__oai221_4 instances:  52
  Class: spare_logic_block     instances:   4
  Class: gf180mcu_fd_sc_mcu7t5v0__dlyb_1 instances:  12
  Class: gf180mcu_fd_sc_mcu7t5v0__aoi222_4 instances: 138
  Class: gf180mcu_fd_sc_mcu7t5v0__buf_12 instances:  88
  Class: gf180mcu_fd_sc_mcu7t5v0__and3_4 instances: 159
  Class: gf180mcu_fd_sc_mcu7t5v0__dffsnq_1 instances:   6
  Class: gf180mcu_fd_sc_mcu7t5v0__dffsnq_2 instances:   4
  Class: gf180mcu_fd_sc_mcu7t5v0__dffsnq_4 instances:   2
  Class: gf180mcu_fd_sc_mcu7t5v0__dffrnq_1 instances: 403
  Class: gf180mcu_fd_sc_mcu7t5v0__dffrnq_2 instances:   8
  Class: gf180mcu_fd_sc_mcu7t5v0__dffrnq_4 instances:  13
  Class: gf180mcu_fd_sc_mcu7t5v0__nand2_2 instances: 2060
  Class: gf180mcu_fd_sc_mcu7t5v0__nand2_4 instances: 156
  Class: user_project_wrapper  instances:   1
  Class: gf180mcu_fd_sc_mcu7t5v0__dffnsnq_1 instances:   5
  Class: gf180mcu_fd_sc_mcu7t5v0__dffnsnq_2 instances:   2
  Class: gf180mcu_fd_sc_mcu7t5v0__dffnsnq_4 instances:   2
  Class: gf180mcu_fd_sc_mcu7t5v0__oai32_4 instances:  93
  Class: gf180mcu_fd_sc_mcu7t5v0__dffnrnq_1 instances:  38
  Class: gf180mcu_fd_sc_mcu7t5v0__dffnrnq_2 instances:   5
  Class: gf180mcu_fd_sc_mcu7t5v0__dffnrnq_4 instances:   1
  Class: gf180mcu_fd_sc_mcu7t5v0__oai211_4 instances: 222
  Class: gf180mcu_fd_sc_mcu7t5v0__aoi22_4 instances: 375
  Class: gf180mcu_fd_sc_mcu7t5v0__aoi221_4 instances: 254
  Class: gpio_defaults_block   instances:  38
  Class: gf180mcu_fd_sc_mcu7t5v0__clkbuf_1 instances: 262
  Class: gf180mcu_fd_sc_mcu7t5v0__clkbuf_2 instances:  91
  Class: gf180mcu_fd_sc_mcu7t5v0__clkbuf_3 instances:  15
  Class: gf180mcu_fd_sc_mcu7t5v0__mux2_2 instances: 3746
  Class: gf180mcu_fd_ip_sram__sram512x8m8wm1 instances:   4
  Class: gf180mcu_fd_sc_mcu7t5v0__clkbuf_4 instances:  55
  Class: gf180mcu_fd_sc_mcu7t5v0__mux2_4 instances:   9
  Class: gf180mcu_fd_sc_mcu7t5v0__clkbuf_8 instances: 727
  Class: gf180mcu_fd_sc_mcu7t5v0__and2_4 instances: 135
  Class: gf180mcu_fd_sc_mcu7t5v0__clkinv_12 instances:   5
  Class: gf180mcu_fd_sc_mcu7t5v0__clkinv_16 instances:   2
  Class: gf180mcu_fd_sc_mcu7t5v0__nor4_4 instances:  26
  Class: gf180mcu_fd_sc_mcu7t5v0__or4_4 instances: 183
  Class: gf180mcu_fd_sc_mcu7t5v0__clkinv_1 instances: 1303
  Class: gf180mcu_fd_sc_mcu7t5v0__clkinv_2 instances:  83
  Class: gf180mcu_fd_sc_mcu7t5v0__clkinv_3 instances:  52
  Class: gf180mcu_fd_sc_mcu7t5v0__clkinv_4 instances:  22
  Class: gf180mcu_fd_sc_mcu7t5v0__oai31_4 instances: 165
  Class: gf180mcu_fd_sc_mcu7t5v0__oai22_4 instances:  91
  Class: gf180mcu_fd_sc_mcu7t5v0__buf_1 instances:   1
  Class: gf180mcu_fd_sc_mcu7t5v0__clkinv_8 instances:  17
  Class: gf180mcu_fd_sc_mcu7t5v0__buf_2 instances: 417
  Class: gf180mcu_fd_sc_mcu7t5v0__buf_3 instances: 128
  Class: gf180mcu_fd_sc_mcu7t5v0__buf_4 instances: 238
  Class: gf180mcu_fd_sc_mcu7t5v0__buf_8 instances: 190
  Class: gf180mcu_fd_sc_mcu7t5v0__clkbuf_12 instances: 112
  Class: gf180mcu_fd_sc_mcu7t5v0__tieh instances:   6
  Class: gf180mcu_fd_sc_mcu7t5v0__aoi21_4 instances: 443
  Class: gf180mcu_fd_sc_mcu7t5v0__tiel instances:  54
  Class: gf180mcu_fd_sc_mcu7t5v0__aoi211_4 instances: 648
  Class: gf180mcu_fd_sc_mcu7t5v0__dffrsnq_1 instances: 304
  Class: gf180mcu_fd_sc_mcu7t5v0__dffrsnq_2 instances:  76
  Class: gf180mcu_fd_sc_mcu7t5v0__inv_1 instances:  89
  Class: gf180mcu_fd_sc_mcu7t5v0__inv_2 instances:  37
  Class: gf180mcu_fd_sc_mcu7t5v0__inv_3 instances:  10
  Class: gf180mcu_fd_sc_mcu7t5v0__inv_4 instances:  45
  Class: gf180mcu_fd_sc_mcu7t5v0__inv_8 instances:   2
  Class: gf180mcu_fd_sc_mcu7t5v0__xnor3_1 instances:   5
  Class: gf180mcu_fd_sc_mcu7t5v0__xnor3_2 instances:   1
  Class: gf180mcu_fd_sc_mcu7t5v0__nor3_4 instances: 105
  Class: gf180mcu_fd_sc_mcu7t5v0__or3_4 instances:  94
  Class: gf180mcu_fd_sc_mcu7t5v0__oai21_4 instances: 261
  Class: gf180mcu_fd_sc_mcu7t5v0__fillcap_4 instances: 14863
  Class: gf180mcu_fd_sc_mcu7t5v0__fillcap_8 instances: 5100
  Class: gf180mcu_fd_sc_mcu7t5v0__fillcap_64 instances: 5145
  Class: gf180mcu_fd_sc_mcu7t5v0__fillcap_16 instances: 2239
  Class: gf180mcu_fd_sc_mcu7t5v0__xor3_1 instances:  20
  Class: gf180mcu_fd_sc_mcu7t5v0__xor3_2 instances:   1
  Class: gf180mcu_fd_sc_mcu7t5v0__buf_20 instances: 356
  Class: gf180mcu_fd_sc_mcu7t5v0__xnor2_1 instances:  91
  Class: gf180mcu_fd_sc_mcu7t5v0__xnor2_2 instances:  13
  Class: gf180mcu_fd_sc_mcu7t5v0__xnor2_4 instances:   1
  Class: gf180mcu_fd_sc_mcu7t5v0__nor2_2 instances: 2234
  Class: gf180mcu_fd_sc_mcu7t5v0__nor2_4 instances: 123
  Class: gf180mcu_fd_sc_mcu7t5v0__antenna instances: 861
  Class: gf180mcu_fd_sc_mcu7t5v0__nand4_4 instances:  74
  Class: gf180mcu_fd_sc_mcu7t5v0__or2_4 instances:  86
  Class: mprj_io_buffer        instances:   1
  Class: simple_por            instances:   1
  Class: gf180mcu_fd_sc_mcu7t5v0__oai222_4 instances:   6
  Class: gf180mcu_fd_sc_mcu7t5v0__fillcap_32 instances: 3852
  Class: gf180mcu_fd_sc_mcu7t5v0__dlyc_1 instances:  17
  Class: gf180mcu_fd_sc_mcu7t5v0__dlyc_2 instances:  82
  Class: gf180mcu_fd_sc_mcu7t5v0__xor2_1 instances: 316
  Class: gf180mcu_fd_sc_mcu7t5v0__xor2_2 instances:  48
  Class: gf180mcu_fd_sc_mcu7t5v0__xor2_4 instances:  14
  Class: gf180mcu_fd_sc_mcu7t5v0__mux4_2 instances: 623
  Class: gf180mcu_fd_sc_mcu7t5v0__mux4_4 instances:   4
  Class: gf180mcu_fd_sc_mcu7t5v0__and4_4 instances: 400
  Class: gf180mcu_fd_sc_mcu7t5v0__invz_1 instances:  51
  Class: gf180mcu_fd_sc_mcu7t5v0__invz_2 instances:   2
  Class: housekeeping          instances:   1
Circuit contains 25612 nets.
Contents of circuit 2:  Circuit: 'caravel_core'
Circuit caravel_core contains 56548 device instances.
  Class: gf180mcu_fd_sc_mcu7t5v0__nand3_4 instances:  59
  Class: gf180mcu_fd_sc_mcu7t5v0__dffq_1 instances: 3488
  Class: gf180mcu_fd_sc_mcu7t5v0__dffq_2 instances: 753
  Class: gf180mcu_fd_sc_mcu7t5v0__dffq_4 instances: 171
  Class: gf180mcu_fd_sc_mcu7t5v0__oai33_4 instances:   1
  Class: user_id_programming   instances:   1
  Class: gf180mcu_fd_sc_mcu7t5v0__clkbuf_20 instances: 1050
  Class: gf180mcu_fd_sc_mcu7t5v0__oai221_4 instances:  52
  Class: spare_logic_block     instances:   4
  Class: gf180mcu_fd_sc_mcu7t5v0__dlyb_1 instances:  12
  Class: gf180mcu_fd_sc_mcu7t5v0__aoi222_4 instances: 138
  Class: gf180mcu_fd_sc_mcu7t5v0__buf_12 instances:  88
  Class: gf180mcu_fd_sc_mcu7t5v0__and3_4 instances: 159
  Class: gf180mcu_fd_sc_mcu7t5v0__dffsnq_1 instances:   6
  Class: gf180mcu_fd_sc_mcu7t5v0__dffsnq_2 instances:   4
  Class: gf180mcu_fd_sc_mcu7t5v0__dffsnq_4 instances:   2
  Class: gf180mcu_fd_sc_mcu7t5v0__dffrnq_1 instances: 403
  Class: gf180mcu_fd_sc_mcu7t5v0__dffrnq_2 instances:   8
  Class: gf180mcu_fd_sc_mcu7t5v0__dffrnq_4 instances:  13
  Class: gf180mcu_fd_sc_mcu7t5v0__nand2_2 instances: 2060
  Class: gf180mcu_fd_sc_mcu7t5v0__nand2_4 instances: 156
  Class: user_project_wrapper  instances:   1
  Class: gf180mcu_fd_sc_mcu7t5v0__dffnsnq_1 instances:   5
  Class: gf180mcu_fd_sc_mcu7t5v0__dffnsnq_2 instances:   2
  Class: gf180mcu_fd_sc_mcu7t5v0__dffnsnq_4 instances:   2
  Class: gf180mcu_fd_sc_mcu7t5v0__oai32_4 instances:  93
  Class: gf180mcu_fd_sc_mcu7t5v0__dffnrnq_1 instances:  38
  Class: gf180mcu_fd_sc_mcu7t5v0__dffnrnq_2 instances:   5
  Class: gf180mcu_fd_sc_mcu7t5v0__dffnrnq_4 instances:   1
  Class: gf180mcu_fd_sc_mcu7t5v0__oai211_4 instances: 222
  Class: gf180mcu_fd_sc_mcu7t5v0__aoi22_4 instances: 375
  Class: gf180mcu_fd_sc_mcu7t5v0__aoi221_4 instances: 254
  Class: gpio_defaults_block   instances:  38
  Class: gf180mcu_fd_sc_mcu7t5v0__clkbuf_1 instances: 262
  Class: gf180mcu_fd_sc_mcu7t5v0__clkbuf_2 instances:  91
  Class: gf180mcu_fd_sc_mcu7t5v0__clkbuf_3 instances:  15
  Class: gf180mcu_fd_sc_mcu7t5v0__mux2_2 instances: 3746
  Class: gf180mcu_fd_sc_mcu7t5v0__clkbuf_4 instances:  55
  Class: gf180mcu_fd_ip_sram__sram512x8m8wm1 instances:   4
  Class: gf180mcu_fd_sc_mcu7t5v0__mux2_4 instances:   9
  Class: gf180mcu_fd_sc_mcu7t5v0__clkbuf_8 instances: 727
  Class: gf180mcu_fd_sc_mcu7t5v0__and2_4 instances: 135
  Class: gf180mcu_fd_sc_mcu7t5v0__clkinv_12 instances:   5
  Class: gf180mcu_fd_sc_mcu7t5v0__clkinv_16 instances:   2
  Class: gf180mcu_fd_sc_mcu7t5v0__nor4_4 instances:  26
  Class: gf180mcu_fd_sc_mcu7t5v0__or4_4 instances: 183
  Class: gf180mcu_fd_sc_mcu7t5v0__clkinv_1 instances: 1303
  Class: gf180mcu_fd_sc_mcu7t5v0__clkinv_2 instances:  83
  Class: gf180mcu_fd_sc_mcu7t5v0__clkinv_3 instances:  52
  Class: gf180mcu_fd_sc_mcu7t5v0__oai31_4 instances: 165
  Class: gf180mcu_fd_sc_mcu7t5v0__clkinv_4 instances:  22
  Class: gf180mcu_fd_sc_mcu7t5v0__oai22_4 instances:  91
  Class: gf180mcu_fd_sc_mcu7t5v0__buf_1 instances:   1
  Class: gf180mcu_fd_sc_mcu7t5v0__buf_2 instances: 417
  Class: gf180mcu_fd_sc_mcu7t5v0__clkinv_8 instances:  17
  Class: gf180mcu_fd_sc_mcu7t5v0__buf_3 instances: 128
  Class: gf180mcu_fd_sc_mcu7t5v0__buf_4 instances: 238
  Class: gf180mcu_fd_sc_mcu7t5v0__buf_8 instances: 190
  Class: gf180mcu_fd_sc_mcu7t5v0__clkbuf_12 instances: 112
  Class: gf180mcu_fd_sc_mcu7t5v0__tieh instances:   6
  Class: gf180mcu_fd_sc_mcu7t5v0__aoi21_4 instances: 443
  Class: gf180mcu_fd_sc_mcu7t5v0__tiel instances:  54
  Class: gf180mcu_fd_sc_mcu7t5v0__aoi211_4 instances: 648
  Class: gf180mcu_fd_sc_mcu7t5v0__dffrsnq_1 instances: 304
  Class: gf180mcu_fd_sc_mcu7t5v0__dffrsnq_2 instances:  76
  Class: gf180mcu_fd_sc_mcu7t5v0__inv_1 instances:  89
  Class: gf180mcu_fd_sc_mcu7t5v0__inv_2 instances:  37
  Class: gf180mcu_fd_sc_mcu7t5v0__inv_3 instances:  10
  Class: gf180mcu_fd_sc_mcu7t5v0__inv_4 instances:  45
  Class: gf180mcu_fd_sc_mcu7t5v0__inv_8 instances:   2
  Class: gf180mcu_fd_sc_mcu7t5v0__xnor3_1 instances:   5
  Class: gf180mcu_fd_sc_mcu7t5v0__xnor3_2 instances:   1
  Class: gf180mcu_fd_sc_mcu7t5v0__nor3_4 instances: 105
  Class: gf180mcu_fd_sc_mcu7t5v0__or3_4 instances:  94
  Class: gf180mcu_fd_sc_mcu7t5v0__oai21_4 instances: 261
  Class: gf180mcu_fd_sc_mcu7t5v0__fillcap_4 instances: 14863
  Class: gf180mcu_fd_sc_mcu7t5v0__fillcap_8 instances: 5100
  Class: gf180mcu_fd_sc_mcu7t5v0__fillcap_64 instances: 5145
  Class: gf180mcu_fd_sc_mcu7t5v0__fillcap_16 instances: 2239
  Class: gf180mcu_fd_sc_mcu7t5v0__xor3_1 instances:  20
  Class: gf180mcu_fd_sc_mcu7t5v0__xor3_2 instances:   1
  Class: gf180mcu_fd_sc_mcu7t5v0__buf_20 instances: 356
  Class: gf180mcu_fd_sc_mcu7t5v0__xnor2_1 instances:  91
  Class: gf180mcu_fd_sc_mcu7t5v0__xnor2_2 instances:  13
  Class: gf180mcu_fd_sc_mcu7t5v0__xnor2_4 instances:   1
  Class: gf180mcu_fd_sc_mcu7t5v0__nor2_2 instances: 2234
  Class: gf180mcu_fd_sc_mcu7t5v0__nor2_4 instances: 123
  Class: gf180mcu_fd_sc_mcu7t5v0__antenna instances: 861
  Class: gf180mcu_fd_sc_mcu7t5v0__nand4_4 instances:  74
  Class: gf180mcu_fd_sc_mcu7t5v0__or2_4 instances:  86
  Class: mprj_io_buffer        instances:   1
  Class: simple_por            instances:   1
  Class: gf180mcu_fd_sc_mcu7t5v0__oai222_4 instances:   6
  Class: gf180mcu_fd_sc_mcu7t5v0__fillcap_32 instances: 3852
  Class: gf180mcu_fd_sc_mcu7t5v0__dlyc_1 instances:  17
  Class: gf180mcu_fd_sc_mcu7t5v0__dlyc_2 instances:  82
  Class: gf180mcu_fd_sc_mcu7t5v0__xor2_1 instances: 316
  Class: gf180mcu_fd_sc_mcu7t5v0__xor2_2 instances:  48
  Class: gf180mcu_fd_sc_mcu7t5v0__xor2_4 instances:  14
  Class: gf180mcu_fd_sc_mcu7t5v0__mux4_2 instances: 623
  Class: gf180mcu_fd_sc_mcu7t5v0__mux4_4 instances:   4
  Class: gf180mcu_fd_sc_mcu7t5v0__and4_4 instances: 400
  Class: gf180mcu_fd_sc_mcu7t5v0__invz_1 instances:  51
  Class: gf180mcu_fd_sc_mcu7t5v0__invz_2 instances:   2
  Class: housekeeping          instances:   1
Circuit contains 25468 nets.

Circuit was modified by parallel/series device merging.
New circuit summary:

Contents of circuit 1:  Circuit: 'caravel_core'
Circuit caravel_core contains 24745 device instances.
  Class: gf180mcu_fd_sc_mcu7t5v0__nand3_4 instances:  59
  Class: gf180mcu_fd_sc_mcu7t5v0__dffq_1 instances: 3488
  Class: gf180mcu_fd_sc_mcu7t5v0__dffq_2 instances: 753
  Class: gf180mcu_fd_sc_mcu7t5v0__dffq_4 instances: 171
  Class: gf180mcu_fd_sc_mcu7t5v0__oai33_4 instances:   1
  Class: user_id_programming   instances:   1
  Class: gf180mcu_fd_sc_mcu7t5v0__clkbuf_20 instances: 1050
  Class: gf180mcu_fd_sc_mcu7t5v0__oai221_4 instances:  52
  Class: spare_logic_block     instances:   4
  Class: gf180mcu_fd_sc_mcu7t5v0__dlyb_1 instances:  12
  Class: gf180mcu_fd_sc_mcu7t5v0__aoi222_4 instances: 138
  Class: gf180mcu_fd_sc_mcu7t5v0__buf_12 instances:  88
  Class: gf180mcu_fd_sc_mcu7t5v0__and3_4 instances: 159
  Class: gf180mcu_fd_sc_mcu7t5v0__dffsnq_1 instances:   6
  Class: gf180mcu_fd_sc_mcu7t5v0__dffsnq_2 instances:   4
  Class: gf180mcu_fd_sc_mcu7t5v0__dffsnq_4 instances:   2
  Class: gf180mcu_fd_sc_mcu7t5v0__dffrnq_1 instances: 403
  Class: gf180mcu_fd_sc_mcu7t5v0__dffrnq_2 instances:   8
  Class: gf180mcu_fd_sc_mcu7t5v0__dffrnq_4 instances:  13
  Class: gf180mcu_fd_sc_mcu7t5v0__nand2_2 instances: 2060
  Class: gf180mcu_fd_sc_mcu7t5v0__nand2_4 instances: 156
  Class: user_project_wrapper  instances:   1
  Class: gf180mcu_fd_sc_mcu7t5v0__dffnsnq_1 instances:   5
  Class: gf180mcu_fd_sc_mcu7t5v0__dffnsnq_2 instances:   2
  Class: gf180mcu_fd_sc_mcu7t5v0__dffnsnq_4 instances:   2
  Class: gf180mcu_fd_sc_mcu7t5v0__oai32_4 instances:  93
  Class: gf180mcu_fd_sc_mcu7t5v0__dffnrnq_1 instances:  38
  Class: gf180mcu_fd_sc_mcu7t5v0__dffnrnq_2 instances:   5
  Class: gf180mcu_fd_sc_mcu7t5v0__dffnrnq_4 instances:   1
  Class: gf180mcu_fd_sc_mcu7t5v0__oai211_4 instances: 222
  Class: gf180mcu_fd_sc_mcu7t5v0__aoi22_4 instances: 375
  Class: gf180mcu_fd_sc_mcu7t5v0__aoi221_4 instances: 254
  Class: gpio_defaults_block   instances:  38
  Class: gf180mcu_fd_sc_mcu7t5v0__clkbuf_1 instances: 262
  Class: gf180mcu_fd_sc_mcu7t5v0__clkbuf_2 instances:  91
  Class: gf180mcu_fd_sc_mcu7t5v0__clkbuf_3 instances:  15
  Class: gf180mcu_fd_sc_mcu7t5v0__mux2_2 instances: 3746
  Class: gf180mcu_fd_ip_sram__sram512x8m8wm1 instances:   4
  Class: gf180mcu_fd_sc_mcu7t5v0__clkbuf_4 instances:  55
  Class: gf180mcu_fd_sc_mcu7t5v0__mux2_4 instances:   9
  Class: gf180mcu_fd_sc_mcu7t5v0__clkbuf_8 instances: 727
  Class: gf180mcu_fd_sc_mcu7t5v0__and2_4 instances: 135
  Class: gf180mcu_fd_sc_mcu7t5v0__clkinv_12 instances:   5
  Class: gf180mcu_fd_sc_mcu7t5v0__clkinv_16 instances:   2
  Class: gf180mcu_fd_sc_mcu7t5v0__nor4_4 instances:  26
  Class: gf180mcu_fd_sc_mcu7t5v0__or4_4 instances: 183
  Class: gf180mcu_fd_sc_mcu7t5v0__clkinv_1 instances: 1303
  Class: gf180mcu_fd_sc_mcu7t5v0__clkinv_2 instances:  83
  Class: gf180mcu_fd_sc_mcu7t5v0__clkinv_3 instances:  52
  Class: gf180mcu_fd_sc_mcu7t5v0__clkinv_4 instances:  22
  Class: gf180mcu_fd_sc_mcu7t5v0__oai31_4 instances: 165
  Class: gf180mcu_fd_sc_mcu7t5v0__oai22_4 instances:  91
  Class: gf180mcu_fd_sc_mcu7t5v0__buf_1 instances:   1
  Class: gf180mcu_fd_sc_mcu7t5v0__clkinv_8 instances:  17
  Class: gf180mcu_fd_sc_mcu7t5v0__buf_2 instances: 417
  Class: gf180mcu_fd_sc_mcu7t5v0__buf_3 instances: 128
  Class: gf180mcu_fd_sc_mcu7t5v0__buf_4 instances: 238
  Class: gf180mcu_fd_sc_mcu7t5v0__buf_8 instances: 190
  Class: gf180mcu_fd_sc_mcu7t5v0__clkbuf_12 instances: 112
  Class: gf180mcu_fd_sc_mcu7t5v0__tieh instances:   6
  Class: gf180mcu_fd_sc_mcu7t5v0__aoi21_4 instances: 443
  Class: gf180mcu_fd_sc_mcu7t5v0__tiel instances:  54
  Class: gf180mcu_fd_sc_mcu7t5v0__aoi211_4 instances: 648
  Class: gf180mcu_fd_sc_mcu7t5v0__dffrsnq_1 instances: 304
  Class: gf180mcu_fd_sc_mcu7t5v0__dffrsnq_2 instances:  76
  Class: gf180mcu_fd_sc_mcu7t5v0__inv_1 instances:  89
  Class: gf180mcu_fd_sc_mcu7t5v0__inv_2 instances:  37
  Class: gf180mcu_fd_sc_mcu7t5v0__inv_3 instances:  10
  Class: gf180mcu_fd_sc_mcu7t5v0__inv_4 instances:  45
  Class: gf180mcu_fd_sc_mcu7t5v0__inv_8 instances:   2
  Class: gf180mcu_fd_sc_mcu7t5v0__xnor3_1 instances:   5
  Class: gf180mcu_fd_sc_mcu7t5v0__xnor3_2 instances:   1
  Class: gf180mcu_fd_sc_mcu7t5v0__nor3_4 instances: 105
  Class: gf180mcu_fd_sc_mcu7t5v0__or3_4 instances:  94
  Class: gf180mcu_fd_sc_mcu7t5v0__oai21_4 instances: 261
  Class: gf180mcu_fd_sc_mcu7t5v0__fillcap_4 instances:   1
  Class: gf180mcu_fd_sc_mcu7t5v0__fillcap_8 instances:   1
  Class: gf180mcu_fd_sc_mcu7t5v0__fillcap_64 instances:   1
  Class: gf180mcu_fd_sc_mcu7t5v0__fillcap_16 instances:   1
  Class: gf180mcu_fd_sc_mcu7t5v0__xor3_1 instances:  20
  Class: gf180mcu_fd_sc_mcu7t5v0__xor3_2 instances:   1
  Class: gf180mcu_fd_sc_mcu7t5v0__buf_20 instances: 356
  Class: gf180mcu_fd_sc_mcu7t5v0__xnor2_1 instances:  91
  Class: gf180mcu_fd_sc_mcu7t5v0__xnor2_2 instances:  13
  Class: gf180mcu_fd_sc_mcu7t5v0__xnor2_4 instances:   1
  Class: gf180mcu_fd_sc_mcu7t5v0__nor2_2 instances: 2234
  Class: gf180mcu_fd_sc_mcu7t5v0__nor2_4 instances: 123
  Class: gf180mcu_fd_sc_mcu7t5v0__antenna instances: 252
  Class: gf180mcu_fd_sc_mcu7t5v0__nand4_4 instances:  74
  Class: gf180mcu_fd_sc_mcu7t5v0__or2_4 instances:  86
  Class: mprj_io_buffer        instances:   1
  Class: simple_por            instances:   1
  Class: gf180mcu_fd_sc_mcu7t5v0__oai222_4 instances:   6
  Class: gf180mcu_fd_sc_mcu7t5v0__fillcap_32 instances:   1
  Class: gf180mcu_fd_sc_mcu7t5v0__dlyc_1 instances:  17
  Class: gf180mcu_fd_sc_mcu7t5v0__dlyc_2 instances:  82
  Class: gf180mcu_fd_sc_mcu7t5v0__xor2_1 instances: 316
  Class: gf180mcu_fd_sc_mcu7t5v0__xor2_2 instances:  48
  Class: gf180mcu_fd_sc_mcu7t5v0__xor2_4 instances:  14
  Class: gf180mcu_fd_sc_mcu7t5v0__mux4_2 instances: 623
  Class: gf180mcu_fd_sc_mcu7t5v0__mux4_4 instances:   4
  Class: gf180mcu_fd_sc_mcu7t5v0__and4_4 instances: 400
  Class: gf180mcu_fd_sc_mcu7t5v0__invz_1 instances:  51
  Class: gf180mcu_fd_sc_mcu7t5v0__invz_2 instances:   2
  Class: housekeeping          instances:   1
Circuit contains 25612 nets.
Contents of circuit 2:  Circuit: 'caravel_core'
Circuit caravel_core contains 24745 device instances.
  Class: gf180mcu_fd_sc_mcu7t5v0__nand3_4 instances:  59
  Class: gf180mcu_fd_sc_mcu7t5v0__dffq_1 instances: 3488
  Class: gf180mcu_fd_sc_mcu7t5v0__dffq_2 instances: 753
  Class: gf180mcu_fd_sc_mcu7t5v0__dffq_4 instances: 171
  Class: gf180mcu_fd_sc_mcu7t5v0__oai33_4 instances:   1
  Class: user_id_programming   instances:   1
  Class: gf180mcu_fd_sc_mcu7t5v0__clkbuf_20 instances: 1050
  Class: gf180mcu_fd_sc_mcu7t5v0__oai221_4 instances:  52
  Class: spare_logic_block     instances:   4
  Class: gf180mcu_fd_sc_mcu7t5v0__dlyb_1 instances:  12
  Class: gf180mcu_fd_sc_mcu7t5v0__aoi222_4 instances: 138
  Class: gf180mcu_fd_sc_mcu7t5v0__buf_12 instances:  88
  Class: gf180mcu_fd_sc_mcu7t5v0__and3_4 instances: 159
  Class: gf180mcu_fd_sc_mcu7t5v0__dffsnq_1 instances:   6
  Class: gf180mcu_fd_sc_mcu7t5v0__dffsnq_2 instances:   4
  Class: gf180mcu_fd_sc_mcu7t5v0__dffsnq_4 instances:   2
  Class: gf180mcu_fd_sc_mcu7t5v0__dffrnq_1 instances: 403
  Class: gf180mcu_fd_sc_mcu7t5v0__dffrnq_2 instances:   8
  Class: gf180mcu_fd_sc_mcu7t5v0__dffrnq_4 instances:  13
  Class: gf180mcu_fd_sc_mcu7t5v0__nand2_2 instances: 2060
  Class: gf180mcu_fd_sc_mcu7t5v0__nand2_4 instances: 156
  Class: user_project_wrapper  instances:   1
  Class: gf180mcu_fd_sc_mcu7t5v0__dffnsnq_1 instances:   5
  Class: gf180mcu_fd_sc_mcu7t5v0__dffnsnq_2 instances:   2
  Class: gf180mcu_fd_sc_mcu7t5v0__dffnsnq_4 instances:   2
  Class: gf180mcu_fd_sc_mcu7t5v0__oai32_4 instances:  93
  Class: gf180mcu_fd_sc_mcu7t5v0__dffnrnq_1 instances:  38
  Class: gf180mcu_fd_sc_mcu7t5v0__dffnrnq_2 instances:   5
  Class: gf180mcu_fd_sc_mcu7t5v0__dffnrnq_4 instances:   1
  Class: gf180mcu_fd_sc_mcu7t5v0__oai211_4 instances: 222
  Class: gf180mcu_fd_sc_mcu7t5v0__aoi22_4 instances: 375
  Class: gf180mcu_fd_sc_mcu7t5v0__aoi221_4 instances: 254
  Class: gpio_defaults_block   instances:  38
  Class: gf180mcu_fd_sc_mcu7t5v0__clkbuf_1 instances: 262
  Class: gf180mcu_fd_sc_mcu7t5v0__clkbuf_2 instances:  91
  Class: gf180mcu_fd_sc_mcu7t5v0__clkbuf_3 instances:  15
  Class: gf180mcu_fd_sc_mcu7t5v0__mux2_2 instances: 3746
  Class: gf180mcu_fd_sc_mcu7t5v0__clkbuf_4 instances:  55
  Class: gf180mcu_fd_ip_sram__sram512x8m8wm1 instances:   4
  Class: gf180mcu_fd_sc_mcu7t5v0__mux2_4 instances:   9
  Class: gf180mcu_fd_sc_mcu7t5v0__clkbuf_8 instances: 727
  Class: gf180mcu_fd_sc_mcu7t5v0__and2_4 instances: 135
  Class: gf180mcu_fd_sc_mcu7t5v0__clkinv_12 instances:   5
  Class: gf180mcu_fd_sc_mcu7t5v0__clkinv_16 instances:   2
  Class: gf180mcu_fd_sc_mcu7t5v0__nor4_4 instances:  26
  Class: gf180mcu_fd_sc_mcu7t5v0__or4_4 instances: 183
  Class: gf180mcu_fd_sc_mcu7t5v0__clkinv_1 instances: 1303
  Class: gf180mcu_fd_sc_mcu7t5v0__clkinv_2 instances:  83
  Class: gf180mcu_fd_sc_mcu7t5v0__clkinv_3 instances:  52
  Class: gf180mcu_fd_sc_mcu7t5v0__oai31_4 instances: 165
  Class: gf180mcu_fd_sc_mcu7t5v0__clkinv_4 instances:  22
  Class: gf180mcu_fd_sc_mcu7t5v0__oai22_4 instances:  91
  Class: gf180mcu_fd_sc_mcu7t5v0__buf_1 instances:   1
  Class: gf180mcu_fd_sc_mcu7t5v0__buf_2 instances: 417
  Class: gf180mcu_fd_sc_mcu7t5v0__clkinv_8 instances:  17
  Class: gf180mcu_fd_sc_mcu7t5v0__buf_3 instances: 128
  Class: gf180mcu_fd_sc_mcu7t5v0__buf_4 instances: 238
  Class: gf180mcu_fd_sc_mcu7t5v0__buf_8 instances: 190
  Class: gf180mcu_fd_sc_mcu7t5v0__clkbuf_12 instances: 112
  Class: gf180mcu_fd_sc_mcu7t5v0__tieh instances:   6
  Class: gf180mcu_fd_sc_mcu7t5v0__aoi21_4 instances: 443
  Class: gf180mcu_fd_sc_mcu7t5v0__tiel instances:  54
  Class: gf180mcu_fd_sc_mcu7t5v0__aoi211_4 instances: 648
  Class: gf180mcu_fd_sc_mcu7t5v0__dffrsnq_1 instances: 304
  Class: gf180mcu_fd_sc_mcu7t5v0__dffrsnq_2 instances:  76
  Class: gf180mcu_fd_sc_mcu7t5v0__inv_1 instances:  89
  Class: gf180mcu_fd_sc_mcu7t5v0__inv_2 instances:  37
  Class: gf180mcu_fd_sc_mcu7t5v0__inv_3 instances:  10
  Class: gf180mcu_fd_sc_mcu7t5v0__inv_4 instances:  45
  Class: gf180mcu_fd_sc_mcu7t5v0__inv_8 instances:   2
  Class: gf180mcu_fd_sc_mcu7t5v0__xnor3_1 instances:   5
  Class: gf180mcu_fd_sc_mcu7t5v0__xnor3_2 instances:   1
  Class: gf180mcu_fd_sc_mcu7t5v0__nor3_4 instances: 105
  Class: gf180mcu_fd_sc_mcu7t5v0__or3_4 instances:  94
  Class: gf180mcu_fd_sc_mcu7t5v0__oai21_4 instances: 261
  Class: gf180mcu_fd_sc_mcu7t5v0__fillcap_4 instances:   1
  Class: gf180mcu_fd_sc_mcu7t5v0__fillcap_8 instances:   1
  Class: gf180mcu_fd_sc_mcu7t5v0__fillcap_64 instances:   1
  Class: gf180mcu_fd_sc_mcu7t5v0__fillcap_16 instances:   1
  Class: gf180mcu_fd_sc_mcu7t5v0__xor3_1 instances:  20
  Class: gf180mcu_fd_sc_mcu7t5v0__xor3_2 instances:   1
  Class: gf180mcu_fd_sc_mcu7t5v0__buf_20 instances: 356
  Class: gf180mcu_fd_sc_mcu7t5v0__xnor2_1 instances:  91
  Class: gf180mcu_fd_sc_mcu7t5v0__xnor2_2 instances:  13
  Class: gf180mcu_fd_sc_mcu7t5v0__xnor2_4 instances:   1
  Class: gf180mcu_fd_sc_mcu7t5v0__nor2_2 instances: 2234
  Class: gf180mcu_fd_sc_mcu7t5v0__nor2_4 instances: 123
  Class: gf180mcu_fd_sc_mcu7t5v0__antenna instances: 252
  Class: gf180mcu_fd_sc_mcu7t5v0__nand4_4 instances:  74
  Class: gf180mcu_fd_sc_mcu7t5v0__or2_4 instances:  86
  Class: mprj_io_buffer        instances:   1
  Class: simple_por            instances:   1
  Class: gf180mcu_fd_sc_mcu7t5v0__oai222_4 instances:   6
  Class: gf180mcu_fd_sc_mcu7t5v0__fillcap_32 instances:   1
  Class: gf180mcu_fd_sc_mcu7t5v0__dlyc_1 instances:  17
  Class: gf180mcu_fd_sc_mcu7t5v0__dlyc_2 instances:  82
  Class: gf180mcu_fd_sc_mcu7t5v0__xor2_1 instances: 316
  Class: gf180mcu_fd_sc_mcu7t5v0__xor2_2 instances:  48
  Class: gf180mcu_fd_sc_mcu7t5v0__xor2_4 instances:  14
  Class: gf180mcu_fd_sc_mcu7t5v0__mux4_2 instances: 623
  Class: gf180mcu_fd_sc_mcu7t5v0__mux4_4 instances:   4
  Class: gf180mcu_fd_sc_mcu7t5v0__and4_4 instances: 400
  Class: gf180mcu_fd_sc_mcu7t5v0__invz_1 instances:  51
  Class: gf180mcu_fd_sc_mcu7t5v0__invz_2 instances:   2
  Class: housekeeping          instances:   1
Circuit contains 25468 nets.

Circuit 1 contains 24745 devices, Circuit 2 contains 24745 devices.
Circuit 1 contains 25612 nets,    Circuit 2 contains 25468 nets. *** MISMATCH ***


Final result: 
Top level cell failed pin matching.

Logging to file "/home/hosni/GF180/PnR_2/caravel-gf180mcu/openlane/caravel_core/runs/RUN_2022.11.29_14.50.28/logs/signoff/31-caravel_core.lef.lvs.log" disabled
LVS Done.
