
Magic 8.3 revision 331 - Compiled on Sat Oct 22 18:40:56 UTC 2022.
Starting magic under Tcl interpreter
Using the terminal as the console.
Using NULL graphics device.
Processing system .magicrc file
Sourcing design .magicrc for technology gf180mcuC ...
10 Magic internal units = 1 Lambda
Input style import: scaleFactor=10, multiplier=2
The following types are not handled by extraction and will be treated as non-electrical types:
    obsactive mvobsactive filldiff fillpoly m1hole obsm1 fillm1 obsv1 m2hole obsm2 fillm2 obsv2 m3hole obsm3 fillm3 m4hole obsm4 fillm4 m5hole obsm5 fillm5 glass fillblock lvstext obscomment 
Scaled tech values by 10 / 1 to match internal grid scaling
Loading gf180mcuC Device Generator Menu ...
Using technology "gf180mcuC", version 1.0.359-0-g35c7265
Warning: Calma reading is not undoable!  I hope that's OK.
Library written using GDS-II Release 3.0
Library name: caravel_core
Reading "gf180mcu_fd_sc_mcu7t5v0__filltie".
Reading "gf180mcu_fd_sc_mcu7t5v0__endcap".
Reading "gf180mcu_fd_sc_mcu7t5v0__fillcap_32".
Reading "gf180mcu_fd_sc_mcu7t5v0__fill_1".
Reading "gf180mcu_fd_sc_mcu7t5v0__fillcap_64".
Reading "gf180mcu_fd_sc_mcu7t5v0__fillcap_4".
Reading "gf180mcu_fd_sc_mcu7t5v0__fill_2".
Reading "gf180mcu_fd_sc_mcu7t5v0__buf_2".
Reading "gf180mcu_fd_sc_mcu7t5v0__fillcap_16".
Reading "gf180mcu_fd_sc_mcu7t5v0__tiel".
Reading "gf180mcu_fd_sc_mcu7t5v0__tieh".
Reading "gf180mcu_fd_sc_mcu7t5v0__fillcap_8".
Reading "gf180mcu_fd_sc_mcu7t5v0__antenna".
Reading "gf180mcu_fd_sc_mcu7t5v0__clkinv_1".
Reading "gf180mcu_fd_sc_mcu7t5v0__dffrnq_1".
Reading "gf180mcu_fd_sc_mcu7t5v0__dffrsnq_1".
Reading "gf180mcu_fd_sc_mcu7t5v0__buf_20".
Reading "gf180mcu_fd_sc_mcu7t5v0__clkinv_3".
Reading "gf180mcu_fd_sc_mcu7t5v0__clkbuf_4".
Reading "gf180mcu_fd_sc_mcu7t5v0__clkbuf_1".
Reading "gf180mcu_fd_sc_mcu7t5v0__nor2_2".
Reading "gf180mcu_fd_sc_mcu7t5v0__nand2_2".
Reading "gf180mcu_fd_sc_mcu7t5v0__buf_4".
Reading "gpio_defaults_block".
CIF file read warning: CIF style import: units rescaled by factor of 5 / 1
Reading "gf180mcu_fd_sc_mcu7t5v0__buf_8".
Reading "gf180mcu_fd_sc_mcu7t5v0__mux2_2".
Reading "gf180mcu_fd_sc_mcu7t5v0__dffrsnq_2".
Reading "gf180mcu_fd_sc_mcu7t5v0__clkbuf_2".
Reading "gf180mcu_fd_sc_mcu7t5v0__clkbuf_20".
Reading "gf180mcu_fd_sc_mcu7t5v0__dlyc_1".
Reading "gf180mcu_fd_sc_mcu7t5v0__dffnrnq_1".
Reading "gf180mcu_fd_sc_mcu7t5v0__clkbuf_8".
Reading "gf180mcu_fd_sc_mcu7t5v0__inv_4".
Reading "M2_M1431059130200_512x8m81".
Reading "M3_M2$$201415724_512x8m81".
Reading "M3_M24310591302013_512x8m81".
Reading "M3_M2431059130205_512x8m81".
Reading "m2m3_512x8m81".
Reading "M3_M2$$201416748_512x8m81".
Reading "M3_M2431059130201_512x8m81".
Reading "M3_M24310591302011_512x8m81".
Reading "M1_PSUB4310591302010_512x8m81".
Reading "M3_M2431059130209_512x8m81".
Reading "M3_M2$$201249836_512x8m81".
Reading "M3_M2$$201258028_512x8m81".
Reading "M3_M2$$201414700_512x8m81".
Reading "M2_M1$$201260076_512x8m81".
Reading "M3_M2$$201250860_512x8m81".
Reading "M3_M2$$201413676_512x8m81".
Reading "M3_M2$$201253932_512x8m81".
Reading "M2_M1$$201261100_512x8m81".
Reading "M2_M1431059130208_512x8m81".
Reading "M3_M2$$201412652_512x8m81".
Reading "M3_M2431059130207_512x8m81".
Reading "M3_M243105913020104_512x8m81".
Reading "M2_M143105913020103_512x8m81".
Reading "power_a_512x8m81".
Reading "M2_M1$$199747628_512x8m81".
Reading "M3_M2$$201248812_512x8m81".
Reading "M3_M24310591302015_512x8m81".
Reading "M3_M2$$201252908_512x8m81".
Reading "M2_M1431059130203_512x8m81".
Reading "M3_M2431059130202_512x8m81".
Reading "M3_M2$$201254956_512x8m81".
Reading "M1_PSUB4310591302014_512x8m81".
Reading "M2_M14310591302012_512x8m81".
Reading "M3_M2431059130206_512x8m81".
Reading "M3_M2$$201251884_512x8m81".
Reading "M2_M14310591302017_512x8m81".
Reading "M3_M24310591302016_512x8m81".
Reading "M3_M24310591302042_512x8m81".
Reading "power_route_01_a_512x8m81".
Reading "power_route_01_c_512x8m81".
Reading "power_route_01_b_512x8m81".
Reading "M2_M1431059130204_512x8m81".
Reading "pmoscap_R270_512x8m81".
Reading "M3_M2$$204142636_512x8m81".
Reading "nmos_5p043105913020111_512x8m81".
Reading "M2_M1$$204221484_512x8m81".
Reading "M2_M1$$204139564_512x8m81".
Reading "M2_M1$$204220460_512x8m81".
Reading "nmos_5p04310591302099_512x8m81".
Reading "nmos_1p2_02_R90_512x8m81".
Reading "M2_M1$$204140588_512x8m81".
Reading "M3_M2$$204143660_512x8m81".
Reading "M2_M1$$204138540_512x8m81".
Reading "M1_POLY2$$204150828_512x8m81".
Reading "M2_M1$$204222508_512x8m81".
Reading "pmos_5p043105913020101_512x8m81".
Reading "pmos_1p2_01_R90_512x8m81".
Reading "nmos_5p043105913020102_512x8m81".
Reading "nmos_1p2_01_R270_512x8m81".
Reading "M3_M2$$204147756_512x8m81".
Reading "pmos_5p043105913020100_512x8m81".
Reading "pmos_1p2_02_R90_512x8m81".
Reading "M1_NWELL_01_512x8m81".
Reading "M1_PACTIVE$10_512x8m81".
Reading "M1_POLY24310591302019_512x8m81".
Reading "M3_M2$$204145708_512x8m81".
Reading "M3_M2$01_R270_512x8m81".
Reading "M1_PACTIVE_R270_512x8m81".
Reading "M2_M1$04_R270_512x8m81".
Reading "M1_NACTIVE_01_R270_512x8m81".
Reading "M1_POLY2_01_R270_512x8m81".
Reading "pmoscap_L1_W2_R270_512x8m81".
Reading "M3_M2$$204144684_512x8m81".
Reading "M2_M1$$201262124_512x8m81".
Reading "M1_NACTIVE_02_512x8m81".
Reading "M1_POLY24310591302031_512x8m81".
Reading "M3_M2$$204146732_512x8m81".
Reading "M1_PACTIVE$11_512x8m81".
Reading "M2_M1$$204141612_512x8m81".
Reading "M2_M1$$204406828_512x8m81".
Reading "pmos_5p043105913020110_512x8m81".
Reading "nmos_5p043105913020109_512x8m81".
Reading "M2_M1$$204407852_512x8m81".
Reading "pmos_5p043105913020108_512x8m81".
Reading "pmos_1p2_01_R270_512x8m81".
Reading "nmos_5p043105913020107_512x8m81".
Reading "M2_M1$$204405804_512x8m81".
Reading "nmos_5p04310591302044_512x8m81".
Reading "nmos_1p2_02_R270_512x8m81".
Reading "M2_M1$02_R270_512x8m81".
Reading "M2_M1$$204408876_512x8m81".
Reading "M2_M1$$204403756_512x8m81".
Reading "M2_M1$$204402732_512x8m81".
Reading "M3_M2$$204401708_512x8m81".
Reading "nmos_5p043105913020106_512x8m81".
Reading "M3_M2$$204400684_512x8m81".
Reading "M3_M2$$204399660_512x8m81".
Reading "M3_M2$$204398636_512x8m81".
Reading "pmos_5p043105913020103_512x8m81".
Reading "pmos_1p2_03_R270_512x8m81".
Reading "pmos_5p043105913020105_512x8m81".
Reading "M1_PSUB_05_512x8m81".
Reading "M1_NWELL07_512x8m81".
Reading "M2_M1$$45004844_512x8m81".
Reading "M2_M1$$204404780_512x8m81".
Reading "M1_PACTIVE03_512x8m81".
Reading "pmos_5p043105913020104_512x8m81".
Reading "pmos_1p2_02_R270_512x8m81".
Reading "M1_POLY24310591302033_512x8m81".
Reading "M2_M1$$202394668_512x8m81".
Reading "M1_PACTIVE43105913020106_51_0".
Reading "M1_POLY243105913020105_512x8m81".
Reading "M2_M1$$46894124_512x8m81".
Reading "M1_NWELL4310591302032_512x8m81".
Reading "M1_PSUB$$45111340_512x8m81".
Reading "M2_M1$$202406956_512x8m81".
Reading "xdec_512x8m81".
Reading "xdec8_512x8m81".
Reading "xdec32_512x8m81".
Reading "xdec32_468_512x8m81".
Reading "xdec64_512x8m81".
Reading "GF018_512x8M8WM1_lef_512x8m81".
Reading "M3_M243105913020102_512x8m81".
Reading "M2_M14310591302097_512x8m81".
Reading "M3_M24310591302095_512x8m81".
Reading "power_route_07_512x8m81".
Reading "M3_M243105913020101_512x8m81".
Reading "M3_M243105913020100_512x8m81".
Reading "M3_M24310591302099_512x8m81".
Reading "M3_M24310591302098_512x8m81".
Reading "power_route_06_512x8m81".
Reading "M3_M24310591302096_512x8m81".
Reading "power_route_05_512x8m81".
Reading "M3_M24310591302090_512x8m81".
Reading "M2_M14310591302087_512x8m81".
Reading "power_route_02_a_512x8m81".
Reading "power_route_02_b_512x8m81".
Reading "power_route_01_512x8m81".
Reading "M3_M24310591302094_512x8m81".
Reading "M2_M14310591302093_512x8m81".
Reading "M2_M14310591302092_512x8m81".
Reading "M3_M24310591302091_512x8m81".
Reading "M3_M24310591302089_512x8m81".
Reading "M3_M24310591302088_512x8m81".
Reading "M3_M24310591302086_512x8m81".
Reading "M3_M24310591302085_512x8m81".
Reading "M3_M24310591302084_512x8m81".
Reading "M3_M24310591302083_512x8m81".
Reading "M3_M24310591302082_512x8m81".
Reading "M2_M14310591302081_512x8m81".
Reading "M2_M14310591302080_512x8m81".
Reading "power_route_04_512x8m81".
Reading "power_route_512x8m81".
Reading "M3_M24310591302079_512x8m81".
Reading "M3_M24310591302078_512x8m81".
Reading "M3_M24310591302077_512x8m81".
Reading "M2_M14310591302076_512x8m81".
Reading "M2_M14310591302025_512x8m81".
Reading "512x8M8W_PWR_512x8m81".
Reading "M2_M1$$43374636_512x8m81".
Reading "018SRAM_strap1_bndry_512x8m81".
Reading "018SRAM_cell1_512x8m81".
Reading "018SRAM_cell1_2x_512x8m81".
Reading "M3_M24310591302021_512x8m81".
Reading "M2_M14310591302020_512x8m81".
Reading "018SRAM_strap1_512x8m81".
Reading "018SRAM_strap1_2x_512x8m81".
Reading "rarray4_512_512x8m81".
Reading "via2_R90_512x8m81_0".
Reading "via1_R90_512x8m81_0".
Reading "via1_2_512x8m81_0".
Reading "M1_PSUB$$45111340_512x8m81_0".
Reading "via1_R270_512x8m81_0".
Reading "M2_M1$$46894124_512x8m81_0".
Reading "M1_NWELL$$47121452_512x8m81".
Reading "M3_M2$$43368492_512x8m81_0".
Reading "M1_PACTIVE4310591302075_512x8m81".
Reading "M1_NWELL$$46277676_512x8m81".
Reading "via1_x2_R90_512x8m81_0".
Reading "nmos_5p0431059130202_512x8m81".
Reading "pmos_5p0431059130201_512x8m81".
Reading "nmos_5p0431059130200_512x8m81".
Reading "ypass_gate_512x8m81_0".
Reading "018SRAM_cell1_dummy_R_512x8m81".
Reading "via2_x2_R90_512x8m81_0".
Reading "via1_2_x2_512x8m81_0".
Reading "pmos_5p04310591302097_512x8m81".
Reading "nmos_5p04310591302096_512x8m81".
Reading "pmos_5p04310591302095_512x8m81".
Reading "M1_POLY2$$44754988_512x8m81".
Reading "018SRAM_cell1_dummy_512x8m81".
Reading "M2_M1$$43375660_512x8m81".
Reading "nmos_5p04310591302098_512x8m81".
Reading "M1_PSUB$$46274604_512x8m81".
Reading "via1_x2_R270_512x8m81_0".
Reading "via2_x2_R270_512x8m81_0".
Reading "via1_2_x2_R270_512x8m81_0".
Reading "via1_2_x2_R90_512x8m81_0".
Reading "M2_M1$$47117356_512x8m81".
Reading "M1_NWELL$$44998700_512x8m81".
Reading "M1_POLY2$$46559276_512x8m81_0".
Reading "M2_M14310591302018_512x8m81".
Reading "M3_M24310591302029_512x8m81".
Reading "rdummy_512x4_512x8m81".
Reading "M3_M24310591302023_512x8m81".
Reading "M3_M24310591302022_512x8m81".
Reading "dcap_103_novia_512x8m81".
Reading "m2_saout01_512x8m81".
Reading "M2_M1$$45013036_512x8m81".
Reading "M2_M1$$45012012_512x8m81".
Reading "pmos_5p04310591302038_512x8m81".
Reading "via2_x2_R90_512x8m81".
Reading "via1_x2_R90_512x8m81".
Reading "via1_2_x2_512x8m81".
Reading "M1_PSUB_285_512x8m81".
Reading "M1_PSUB$$44997676_512x8m81".
Reading "via1_x2_512x8m81".
Reading "pmos_5p04310591302035_512x8m81".
Reading "pmos_1p2$$46284844_512x8m81".
Reading "nmos_5p04310591302034_512x8m81".
Reading "nmos_5p04310591302033_512x8m81".
Reading "via1_x2_R270_512x8m81".
Reading "nmos_5p04310591302029_512x8m81".
Reading "nmos_1p2$$45100076_512x8m81".
Reading "via2_x2_512x8m81".
Reading "M2_M1$$45003820_512x8m81".
Reading "M3_M2$$45006892_512x8m81".
Reading "pmos_5p04310591302027_512x8m81".
Reading "po_m1_512x8m81".
Reading "nmos_5p04310591302023_512x8m81".
Reading "nmos_5p04310591302036_512x8m81".
Reading "nmos_1p2$$45101100_512x8m81".
Reading "M3_M2$$45008940_512x8m81".
Reading "M1_NWELL02_512x8m81".
Reading "nmos_5p04310591302026_512x8m81".
Reading "nmos_1p2$$45102124_512x8m81".
Reading "pmos_5p04310591302024_512x8m81".
Reading "pmos_1p2$$46282796_512x8m81".
Reading "M1_POLY2$$44753964_512x8m81".
Reading "nmos_5p04310591302032_512x8m81".
Reading "pmos_5p04310591302031_512x8m81".
Reading "pmos_1p2$$46287916_512x8m81".
Reading "nmos_5p04310591302028_512x8m81".
Reading "M2_M1c$$203396140_512x8m81".
Reading "M1_PACTIVE4310591302034_512x8m81".
Reading "pmos_5p04310591302014_512x8m81".
Reading "pmos_1p2$$46285868_512x8m81".
Reading "pmos_5p04310591302013_512x8m81".
Reading "pmos_1p2$$46286892_512x8m81".
Reading "M1_POLY2$$45109292_512x8m81".
Reading "nmos_5p04310591302012_512x8m81".
Reading "M3_M2$$45005868_512x8m81".
Reading "nmos_5p04310591302037_512x8m81".
Reading "nmos_1p2$$45103148_512x8m81".
Reading "pmos_5p04310591302030_512x8m81".
Reading "pmos_1p2$$45095980_512x8m81".
Reading "M1_NWELL04_512x8m81".
Reading "M2_M1$$45002796_512x8m81".
Reading "M1_NWELL03_512x8m81".
Reading "pmos_5p04310591302025_512x8m81".
Reading "pmos_1p2$$46281772_512x8m81".
Reading "pmos_5p04310591302022_512x8m81".
Reading "pmos_1p2$$46283820_512x8m81".
Reading "via1_R90_512x8m81".
Reading "sacntl_2_512x8m81".
Reading "via2_x2_R270_512x8m81".
Reading "via1_2_x2_R270_512x8m81".
Reading "M3_M2$$43371564_512x8m81".
Reading "M1_PSUB$$46557228_512x8m81".
Reading "M1_PSUB_04_R90_512x8m81".
Reading "M1_NWELL_01_R90_512x8m81".
Reading "via1_R270_512x8m81".
Reading "pmos_5p04310591302020_512x8m81".
Reading "pmos_1p2$$46897196_512x8m81".
Reading "via1_2_x2_R90_512x8m81".
Reading "pmos_5p04310591302019_512x8m81".
Reading "pmos_1p2$$46898220_512x8m81".
Reading "via1_512x8m81".
Reading "pmos_5p04310591302021_512x8m81".
Reading "pmos_1p2$$46896172_512x8m81".
Reading "pmos_5p04310591302018_512x8m81".
Reading "pmos_1p2$$46549036_512x8m81".
Reading "nmos_5p04310591302017_512x8m81".
Reading "nmos_1p2$$46550060_512x8m81".
Reading "nmos_5p04310591302016_512x8m81".
Reading "nmos_1p2$$46552108_512x8m81".
Reading "nmos_5p04310591302015_512x8m81".
Reading "nmos_1p2$$46553132_512x8m81".
Reading "M1_PSUB$$46555180_512x8m81".
Reading "M1_PSUB$$46556204_512x8m81".
Reading "nmos_5p04310591302010_512x8m81".
Reading "nmos_1p2$$46551084_512x8m81".
Reading "nmos_1p2$$45107244_512x8m81".
Reading "M1_PSUB$$46558252_512x8m81".
Reading "M1_NWELL06_512x8m81".
Reading "sa_512x8m81".
Reading "nmos_5p04310591302011_512x8m81".
Reading "pmos_5p0431059130209_512x8m81".
Reading "M1_PSUB$$46893100_512x8m81".
Reading "nmos_5p0431059130208_512x8m81".
Reading "nmos_1p2$$46563372_512x8m81".
Reading "M3_M2$$43368492_R90_512x8m81".
Reading "nmos_5p0431059130207_512x8m81".
Reading "nmos_1p2$$46884908_512x8m81".
Reading "pmos_5p0431059130206_512x8m81".
Reading "pmos_1p2$$46885932_512x8m81".
Reading "nmos_5p0431059130205_512x8m81".
Reading "nmos_1p2$$46883884_512x8m81".
Reading "M1_NWELL08_512x8m81".
Reading "pmos_5p0431059130204_512x8m81".
Reading "pmos_1p2$$46887980_512x8m81".
Reading "M3_M2$$46895148_512x8m81".
Reading "pmos_5p0431059130203_512x8m81".
Reading "pmos_1p2$$46273580_512x8m81".
Reading "M2_M1$$43375660_R90_512x8m81".
Reading "po_m1_R90_512x8m81".
Reading "M1_PSUB$$46892076_512x8m81".
Reading "po_m1_R270_512x8m81".
Reading "pmos_1p2$$46889004_512x8m81".
Reading "M1_PACTIVE4310591302027_512x8m81".
Reading "din_512x8m81".
Reading "M1_NWELL09_512x8m81".
Reading "via2_R90_512x8m81".
Reading "via1_2_512x8m81".
Reading "M1_NWELL05_512x8m81".
Reading "M1_PSUB$$47122476_512x8m81".
Reading "nmos_1p2$$47119404_512x8m81".
Reading "M1_POLY24310591302030_512x8m81".
Reading "ypass_gate_512x8m81".
Reading "ypass_gate_a_512x8m81".
Reading "M1_NACTIVE4310591302028_512x8m81".
Reading "mux821_512x8m81".
Reading "M3_M2$$43370540_512x8m81".
Reading "M3_M2$$44741676_512x8m81".
Reading "via2_512x8m81".
Reading "nmos_5p04310591302052_512x8m81".
Reading "pmos_5p04310591302051_512x8m81".
Reading "M1_NWELL_01_R270_512x8m81".
Reading "nmos_5p04310591302050_512x8m81".
Reading "pmos_5p04310591302049_512x8m81".
Reading "pmos_5p04310591302048_512x8m81".
Reading "pmos_5p04310591302047_512x8m81".
Reading "nmos_5p04310591302046_512x8m81".
Reading "nmos_5p04310591302045_512x8m81".
Reading "pmos_1p2$$171625516_512x8m81".
Reading "M2_M1$$168351788_R90_512x8m81".
Reading "M1_PSUB_02_512x8m81".
Reading "M1_NACTIVE4310591302041_512x8m81".
Reading "M1_PACTIVE4310591302040_512x8m81".
Reading "M1_PACTIVE4310591302039_512x8m81".
Reading "M1_NACTIVE4310591302038_512x8m81".
Reading "outbuf_oe_512x8m81".
Reading "nmos_5p04310591302042_512x8m81".
Reading "M1_NACTIVE4310591302037_512x8m81".
Reading "M2_M1$$202395692_512x8m81".
Reading "M1_NACTIVE_01_512x8m81".
Reading "M3_M24310591302036_512x8m81".
Reading "M2_M14310591302035_512x8m81".
Reading "nmos_5p04310591302040_512x8m81".
Reading "pmos_1p2$$202587180_512x8m81".
Reading "pmos_5p04310591302041_512x8m81".
Reading "M3_M2$$202397740_512x8m81".
Reading "nmos_1p2$$202595372_512x8m81".
Reading "nmos_1p2$$202598444_512x8m81".
Reading "M2_M1$$202396716_512x8m81".
Reading "nmos_5p04310591302039_512x8m81".
Reading "pmos_1p2$$202583084_512x8m81".
Reading "nmos_1p2$$202594348_512x8m81".
Reading "nmos_1p2$$202596396_512x8m81".
Reading "pmos_1p2$$202584108_512x8m81".
Reading "pmos_1p2$$202585132_512x8m81".
Reading "pmos_1p2$$202586156_512x8m81".
Reading "pmos_5p04310591302043_512x8m81".
Reading "wen_wm1_512x8m81".
Reading "saout_R_m2_512x8m81".
Reading "M3_M24310591302026_512x8m81".
Reading "M1_NACTIVE4310591302024_512x8m81".
Reading "saout_m2_512x8m81".
Reading "rcol4_512_512x8m81".
Reading "M2_M1$$48217132_512x8m81".
Reading "M2_M1$$199746604_512x8m81".
Reading "pmos_5p04310591302094_512x8m81".
Reading "M2_M1$$34864172_512x8m81".
Reading "M2_M1$$48219180_512x8m81".
Reading "pmos_5p04310591302092_512x8m81".
Reading "M2_M1$$48221228_512x8m81".
Reading "pmos_5p04310591302073_512x8m81".
Reading "pmos_1p2$$48623660_512x8m81".
Reading "nmos_5p04310591302090_512x8m81".
Reading "M3_M2$$48227372_512x8m81".
Reading "M3_M2$$48229420_512x8m81".
Reading "M2_M1$$43379756_512x8m81".
Reading "nmos_5p04310591302086_512x8m81".
Reading "nmos_1p2$$48302124_512x8m81".
Reading "M1_PSUB$$48312364_512x8m81".
Reading "M1_PSUB_03_R90_512x8m81".
Reading "M2_M1$$34864172_R90_512x8m81".
Reading "M2_M1$$48316460_512x8m81".
Reading "M1_PSUB_02_R90_512x8m81".
Reading "M3_M2$$47115308_512x8m81".
Reading "nmos_5p04310591302083_512x8m81".
Reading "M3_M2$$169753644_512x8m81".
Reading "M2_M1$$170064940_512x8m81".
Reading "M1_PACTIVE06_512x8m81".
Reading "M2_M1$$170061868_512x8m81".
Reading "M2_M1$$168351788_512x8m81".
Reading "nmos_5p04310591302053_512x8m81".
Reading "nmos_1p2$$47342636_512x8m81".
Reading "M3_M2$$43368492_512x8m81".
Reading "M3_M2$$169756716_512x8m81".
Reading "M1_POLY2$$46559276_512x8m81".
Reading "pmos_5p04310591302074_512x8m81".
Reading "M3_M2$$201255980_512x8m81".
Reading "M2_M1$$43380780_512x8m81".
Reading "nmos_5p04310591302093_512x8m81".
Reading "M3_M2$$47108140_512x8m81".
Reading "CON_512x8m81".
Reading "M3_M2$$47332396_512x8m81".
Reading "M1_PSUB_03_512x8m81".
Reading "M2_M1$$170063916_512x8m81".
Reading "M2_M1$$43376684_512x8m81".
Reading "M2_M1_01_R270_512x8m81".
Reading "M2_M1$$43378732_512x8m81".
Reading "M3_M2$$43368492_R270_512x8m81".
Reading "M3_M2$$47645740_512x8m81".
Reading "M1_PACTIVE_01_R90_512x8m81".
Reading "M2_M1$$47515692_512x8m81".
Reading "M3_M2$$169755692_512x8m81".
Reading "M3_M2$$47333420_512x8m81".
Reading "M3_M2$$48066604_512x8m81".
Reading "M2_M1$$43377708_512x8m81".
Reading "M1_POLY24310591302067_512x8m81".
Reading "M2_M1$$48224300_512x8m81".
Reading "M3_M2$$48231468_512x8m81".
Reading "M1_PACTIVE_03_R90_512x8m81".
Reading "pmos_1p2$$47330348_512x8m81".
Reading "nmos_5p04310591302084_512x8m81".
Reading "nmos_1p2$$48308268_512x8m81".
Reading "pmos_5p04310591302089_512x8m81".
Reading "M2_M1$$48218156_512x8m81".
Reading "M1_PACTIVE_02_R90_512x8m81".
Reading "M1_NWELL16_512x8m81".
Reading "M1_POLY24310591302062_512x8m81".
Reading "M1_POLY24310591302061_512x8m81".
Reading "M1_NWELL_02_R90_512x8m81".
Reading "pmos_5p04310591302091_512x8m81".
Reading "pmos_1p2$$48624684_512x8m81".
Reading "pmos_5p04310591302088_512x8m81".
Reading "pmos_5p04310591302087_512x8m81".
Reading "pmos_1p2$$47815724_512x8m81".
Reading "nmos_1p2$$48629804_512x8m81".
Reading "nmos_5p04310591302085_512x8m81".
Reading "nmos_1p2$$48306220_512x8m81".
Reading "M2_M1$$48220204_512x8m81".
Reading "M2_M1$$48222252_512x8m81".
Reading "M3_M2$$48228396_512x8m81".
Reading "M1_PACTIVE02_512x8m81".
Reading "M1_NWELL17_512x8m81".
Reading "M1_NWELL_03_R90_512x8m81".
Reading "M1_NWELL01_512x8m81".
Reading "nmos_5p04310591302081_512x8m81".
Reading "pmos_5p04310591302079_512x8m81".
Reading "M2_M14310591302073_512x8m81".
Reading "M3_M24310591302072_512x8m81".
Reading "M1_PACTIVE4310591302069_512x8m81".
Reading "pmos_5p04310591302082_512x8m81".
Reading "nmos_5p04310591302078_512x8m81".
Reading "M2_M14310591302074_512x8m81".
Reading "M3_M24310591302050_512x8m81".
Reading "M1_PACTIVE4310591302071_512x8m81".
Reading "pmos_5p04310591302077_512x8m81".
Reading "nmos_5p04310591302075_512x8m81".
Reading "M1_NACTIVE4310591302070_512x8m81".
Reading "pmos_5p04310591302080_512x8m81".
Reading "nmos_5p04310591302076_512x8m81".
Reading "wen_v2_512x8m81".
Reading "M1_PACTIVE01_512x8m81".
Reading "M1_PACTIVE4310591302068_512x8m81".
Reading "M1_POLY24310591302066_512x8m81".
Reading "M2_M14310591302065_512x8m81".
Reading "M3_M24310591302064_512x8m81".
Reading "M1_NACTIVE4310591302063_512x8m81".
Reading "M2_M1$$47500332_512x8m81".
Reading "M3_M2$$47644716_512x8m81".
Reading "gen_512x8_512x8m81".
Reading "M2_M1$$202405932_512x8m81".
Reading "M1_POLY2_R270_512x8m81".
Reading "pmos_5p04310591302072_512x8m81".
Reading "pmos_1p2$$47512620_512x8m81".
Reading "M2_M1$$47327276_512x8m81".
Reading "M1_POLY24310591302060_512x8m81".
Reading "pmos_5p04310591302068_512x8m81".
Reading "pmos_1p2$$47513644_512x8m81".
Reading "nmos_5p04310591302057_512x8m81".
Reading "nmos_1p2$$47514668_512x8m81".
Reading "xpredec1_xa_512x8m81".
Reading "M1_NWELL10_512x8m81".
Reading "nmos_5p04310591302071_512x8m81".
Reading "nmos_1p2$$47336492_512x8m81".
Reading "pmos_5p04310591302070_512x8m81".
Reading "pmos_1p2$$47337516_512x8m81".
Reading "M1_PSUB$$47335468_512x8m81".
Reading "pmos_1p2_161_512x8m81".
Reading "M2_M1$$43380780_152_512x8m81".
Reading "nmos_5p04310591302059_512x8m81".
Reading "nmos_1p2$$47329324_512x8m81".
Reading "pmos_1p2_160_512x8m81".
Reading "M1_POLY2_155_512x8m81".
Reading "nmos_1p2_157_512x8m81".
Reading "M2_M1_154_512x8m81".
Reading "M3_M2$$47333420_150_512x8m81".
Reading "M1_PSUB$$45110316_512x8m81".
Reading "M3_M2$$43368492_151_512x8m81".
Reading "M3_M2$$47108140_149_512x8m81".
Reading "pmos_5p04310591302058_512x8m81".
Reading "pmos_1p2$$47331372_512x8m81".
Reading "M2_M1$$43379756_153_512x8m81".
Reading "alatch_512x8m81".
Reading "M3_M2$$47334444_512x8m81".
Reading "xpredec1_bot_512x8m81".
Reading "pmos_5p04310591302062_512x8m81".
Reading "pmos_1p2$$47109164_512x8m81".
Reading "nmos_5p04310591302056_512x8m81".
Reading "xpredec1_512x8m81".
Reading "pmos_5p04310591302069_512x8m81".
Reading "M2_M1$$47640620_512x8m81".
Reading "nmos_1p2$$47641644_512x8m81".
Reading "pmos_5p04310591302067_512x8m81".
Reading "pmos_1p2$$47642668_512x8m81".
Reading "pmos_1p2$$47643692_512x8m81".
Reading "M1_POLY24310591302059_512x8m81".
Reading "xpredec0_xa_512x8m81".
Reading "M1_PACTIVE_02_512x8m81".
Reading "nmos_5p04310591302066_512x8m81".
Reading "M1_NWELL11_512x8m81".
Reading "nmos_5p04310591302065_512x8m81".
Reading "nmos_1p2$$47502380_512x8m81".
Reading "pmos_5p04310591302064_512x8m81".
Reading "pmos_1p2$$47503404_512x8m81".
Reading "pmos_5p04310591302063_512x8m81".
Reading "pmos_1p2$$47504428_512x8m81".
Reading "xpredec0_bot_512x8m81".
Reading "xpredec0_512x8m81".
Reading "prexdec_top_512x8m81".
Reading "M2_M14310591302051_512x8m81".
Reading "pmos_5p04310591302055_512x8m81".
Reading "nmos_5p04310591302054_512x8m81".
Reading "M2_M14310591302056_512x8m81".
Reading "M2_M14310591302055_512x8m81".
Reading "M2_M14310591302054_512x8m81".
Reading "M3_M24310591302053_512x8m81".
Reading "M2_M14310591302052_512x8m81".
Reading "ypredec1_ys_512x8m81".
Reading "M1_NWELL12_512x8m81".
Reading "pmos_5p04310591302061_512x8m81".
Reading "pmos_1p2$$47820844_512x8m81".
Reading "pmos_5p04310591302060_512x8m81".
Reading "pmos_1p2$$47821868_512x8m81".
Reading "M3_M2$$47819820_512x8m81".
Reading "ypredec1_xa_512x8m81".
Reading "M3_M24310591302058_512x8m81".
Reading "M2_M14310591302057_512x8m81".
Reading "ypredec1_xax8_512x8m81".
Reading "M1_PSUB$$47114284_512x8m81".
Reading "M1_NWELL14_512x8m81".
Reading "M1_PSUB$$47818796_512x8m81".
Reading "ypredec1_bot_512x8m81".
Reading "M1_NWELL13_512x8m81".
Reading "M3_M2$$47632428_512x8m81".
Reading "M3_M2$$47633452_512x8m81".
Reading "M2_M1$$47630380_512x8m81".
Reading "M2_M1$$47631404_512x8m81".
Reading "ypredec1_512x8m81".
Reading "M3_M2$$201401388_512x8m81".
Reading "M1_PACTIVE4310591302049_512x8m81".
Reading "M1_PACTIVE4310591302048_512x8m81".
Reading "M1_NACTIVE4310591302047_512x8m81".
Reading "control_512x8_512x8m81".
Reading "M1_PSUB4310591302046_512x8m81".
Reading "M1_PSUB4310591302045_512x8m81".
Reading "M1_PSUB4310591302044_512x8m81".
Reading "M1_PSUB4310591302043_512x8m81".
Reading "G_ring_512x8m81".
Reading "new_dummyrowunit01_512x8m81".
Reading "018SRAM_cell1_cutPC_512x8m81".
Reading "array16_512_dummy_01_512x8m81".
Reading "new_dummyrow_unit_512x8m81".
Reading "ldummy_512x4_512x8m81".
Reading "018SRAM_strap1_2x_bndry_512x8m81".
Reading "Cell_array8x8_512x8m81".
Reading "col_512a_512x8m81".
Error while reading cell "col_512a_512x8m81" (byte position 3056476): Warning:  Cell col_512a_512x8m81 boundary was redefined.
Error while reading cell "col_512a_512x8m81" (byte position 3056476): Warning:  Cell col_512a_512x8m81 boundary was redefined.
Error while reading cell "col_512a_512x8m81" (byte position 3056476): Warning:  Cell col_512a_512x8m81 boundary was redefined.
Reading "lcol4_512_512x8m81".
Reading "gf180mcu_fd_ip_sram__sram512x8m8wm1".
Reading "gf180mcu_fd_sc_mcu7t5v0__dffq_1".
Reading "gf180mcu_fd_sc_mcu7t5v0__buf_3".
Reading "gf180mcu_fd_sc_mcu7t5v0__mux4_2".
Reading "gf180mcu_fd_sc_mcu7t5v0__oai31_4".
Reading "gf180mcu_fd_sc_mcu7t5v0__oai21_4".
Reading "gf180mcu_fd_sc_mcu7t5v0__dlyc_2".
Reading "gf180mcu_fd_sc_mcu7t5v0__oai32_4".
Reading "gf180mcu_fd_sc_mcu7t5v0__or2_4".
Reading "gf180mcu_fd_sc_mcu7t5v0__or3_4".
Reading "gf180mcu_fd_sc_mcu7t5v0__oai211_4".
Reading "gf180mcu_fd_sc_mcu7t5v0__aoi22_4".
Reading "gf180mcu_fd_sc_mcu7t5v0__aoi21_4".
Reading "gf180mcu_fd_sc_mcu7t5v0__clkbuf_12".
Reading "gf180mcu_fd_sc_mcu7t5v0__dffq_2".
Reading "gf180mcu_fd_sc_mcu7t5v0__dffq_4".
Reading "gf180mcu_fd_sc_mcu7t5v0__and2_4".
Reading "gf180mcu_fd_sc_mcu7t5v0__nor3_4".
Reading "gf180mcu_fd_sc_mcu7t5v0__xor2_1".
Reading "gf180mcu_fd_sc_mcu7t5v0__xnor2_1".
Reading "gf180mcu_fd_sc_mcu7t5v0__and4_4".
Reading "gf180mcu_fd_sc_mcu7t5v0__or4_4".
Reading "gf180mcu_fd_sc_mcu7t5v0__and3_4".
Reading "gf180mcu_fd_sc_mcu7t5v0__nand2_4".
Reading "gf180mcu_fd_sc_mcu7t5v0__nand4_4".
Reading "gf180mcu_fd_sc_mcu7t5v0__aoi211_4".
Reading "gf180mcu_fd_sc_mcu7t5v0__clkinv_2".
Reading "gf180mcu_fd_sc_mcu7t5v0__nor2_4".
Reading "gf180mcu_fd_sc_mcu7t5v0__nand3_4".
Reading "gf180mcu_fd_sc_mcu7t5v0__nor4_4".
Reading "gf180mcu_fd_sc_mcu7t5v0__aoi222_4".
Reading "gf180mcu_fd_sc_mcu7t5v0__inv_3".
Reading "gf180mcu_fd_sc_mcu7t5v0__aoi221_4".
Reading "gf180mcu_fd_sc_mcu7t5v0__inv_2".
Reading "gf180mcu_fd_sc_mcu7t5v0__inv_1".
Reading "gf180mcu_fd_sc_mcu7t5v0__buf_12".
Reading "gf180mcu_fd_sc_mcu7t5v0__oai22_4".
Reading "gf180mcu_fd_sc_mcu7t5v0__inv_8".
Reading "gf180mcu_fd_sc_mcu7t5v0__xor2_2".
Reading "gf180mcu_fd_sc_mcu7t5v0__clkinv_4".
Reading "gf180mcu_fd_sc_mcu7t5v0__clkinv_12".
Reading "gf180mcu_fd_sc_mcu7t5v0__mux2_4".
Reading "gf180mcu_fd_sc_mcu7t5v0__xor3_1".
Reading "gf180mcu_fd_sc_mcu7t5v0__oai221_4".
Reading "gf180mcu_fd_sc_mcu7t5v0__xnor2_2".
Reading "gf180mcu_fd_sc_mcu7t5v0__xnor3_1".
Reading "gf180mcu_fd_sc_mcu7t5v0__mux4_4".
Reading "gf180mcu_fd_sc_mcu7t5v0__clkinv_8".
Reading "gf180mcu_fd_sc_mcu7t5v0__dlyb_1".
Reading "gf180mcu_fd_sc_mcu7t5v0__dffrnq_2".
Reading "gf180mcu_fd_sc_mcu7t5v0__dffnrnq_2".
Reading "gf180mcu_fd_sc_mcu7t5v0__dffnsnq_2".
Reading "gf180mcu_fd_sc_mcu7t5v0__dffnsnq_1".
Reading "gf180mcu_fd_sc_mcu7t5v0__clkbuf_3".
Reading "gf180mcu_fd_sc_mcu7t5v0__xor2_4".
Reading "user_id_programming".
Reading "gf180mcu_fd_sc_mcu7t5v0__oai33_4".
Reading "gf180mcu_fd_sc_mcu7t5v0__clkinv_16".
Reading "gf180mcu_fd_sc_mcu7t5v0__buf_16".
Reading "gf180mcu_fd_sc_mcu7t5v0__dffrnq_4".
Reading "gf180mcu_fd_sc_mcu7t5v0__dffsnq_4".
Reading "gf180mcu_fd_sc_mcu7t5v0__clkbuf_16".
Reading "gf180mcu_fd_sc_mcu7t5v0__dffsnq_2".
Reading "gf180mcu_fd_sc_mcu7t5v0__oai222_4".
Reading "gf180mcu_fd_sc_mcu7t5v0__dffsnq_1".
Reading "housekeeping".
    5000 uses
    10000 uses
    15000 uses
    20000 uses
Reading "gf180mcu_fd_sc_mcu7t5v0__dffnsnq_4".
Reading "gf180mcu_fd_sc_mcu7t5v0__dffnrnq_4".
Reading "gf180mcu_fd_sc_mcu7t5v0__invz_1".
Reading "gf180mcu_fd_sc_mcu7t5v0__invz_2".
Reading "gf180mcu_fd_sc_mcu7t5v0__xor3_2".
Reading "gf180mcu_fd_sc_mcu7t5v0__xnor3_2".
Reading "ppolyf_u_1k_6p0_TRTT7C".
Reading "via_cont_0p6um".
Reading "via_cont_2um".
Reading "pmos_6p0_CYEQN4".
Reading "pmos_6p0_EYEQQM".
Reading "pmos_6p0_HUEQQM".
Reading "nmos_6p0_BJPB5U".
Reading "nmos_6p0_B4TB5U".
Reading "nmos_6p0_BJXXPT".
Reading "reduction_mirror".
Reading "mim_2p0fF_8KW78G".
Reading "large_mimcap".
Reading "nmos_6p0_L3YBEV".
Reading "pmos_6p0_9YEQN4".
Reading "pmos_6p0_9859UL".
Reading "pmos_6p0_UXEQNM".
Reading "schmitt_inverter".
Reading "pmos_6p0_MUW2NR".
Reading "nmos_6p0_BUMBJU".
Reading "std_inverter".
Reading "pmos_6p0_GUW2N9".
Reading "nmos_6p0_BUMBUS".
Reading "std_buffer".
Reading "simple_por".
Reading "FILLTIE_7T5P0".
Reading "FILL_X1_7T5P0".
Reading "FILLCAP_X4_7T5P0".
Reading "ENDCAP_7T5P0".
Reading "FILLCAP_X16_7T5P0".
Reading "MUX2_X2_7T5P0".
Reading "TIEL_7T5P0".
Reading "FILLCAP_X8_7T5P0".
Reading "INV_X2_7T5P0".
Reading "FILLCAP_X32_7T5P0".
Reading "NAND2_X2_7T5P0".
Reading "TIEH_7T5P0".
Reading "NOR2_X2_7T5P0".
Reading "INV_X12_7T5P0".
Reading "FILLCAP_X64_7T5P0".
Reading "DFFRSNQ_X2_7T5P0".
Reading "spare_logic_block".
Reading "mprj_io_buffer".
Reading "gf180mcu_fd_sc_mcu7t5v0__xnor2_4".
Reading "gf180mcu_fd_sc_mcu7t5v0__buf_1".
Reading "user_project_wrapper".
    5000 uses
    10000 uses
    15000 uses
    20000 uses
    25000 uses
    30000 uses
    35000 uses
    40000 uses
    45000 uses
    50000 uses
    55000 uses
    60000 uses
    65000 uses
    70000 uses
    75000 uses
    80000 uses
    85000 uses
    90000 uses
    95000 uses
    100000 uses
    105000 uses
    110000 uses
    115000 uses
    120000 uses
    125000 uses
    130000 uses
    135000 uses
    140000 uses
    145000 uses
    150000 uses
    155000 uses
    160000 uses
    165000 uses
    170000 uses
    175000 uses
    180000 uses
    185000 uses
    190000 uses
    195000 uses
    200000 uses
    205000 uses
    210000 uses
    215000 uses
    220000 uses
    225000 uses
Reading "caravel_core".
    5000 uses
    10000 uses
    15000 uses
    20000 uses
    25000 uses
    30000 uses
    35000 uses
    40000 uses
    45000 uses
    50000 uses
    55000 uses
    60000 uses
    65000 uses
    70000 uses
    75000 uses
    80000 uses
    85000 uses
    90000 uses
    95000 uses
    100000 uses
    105000 uses
    110000 uses
    115000 uses
    120000 uses
    125000 uses
[INFO]: Loading caravel_core

DRC style is now "drc(full)"
Loading DRC CIF style.
[INFO]: COUNT: 1199438
[INFO]: Should be divided by 3 or 4
[INFO]: DRC Checking DONE (/home/hosni/GF180/PnR_2/caravel-gf180mcu/openlane/caravel_core/runs/RUN_2022.11.29_17.28.14/reports/signoff/drc.rpt)
[INFO]: Saving mag view with DRC errors (/home/hosni/GF180/PnR_2/caravel-gf180mcu/openlane/caravel_core/runs/RUN_2022.11.29_17.28.14/results/signoff/caravel_core.drc.mag)
[INFO]: Saved
