Information: Derived library resistance unit is 1.000000 Kohm (Time unit is 1 ns, and Capacitance unit is 1.000000 pF). (DES-028)

****************************************
Report : read_parasitics /home/passant/caravel-gf180mcu/signoff/mprj_io_buffer/StarRC/mprj_io_buffer.max.spef
	-pin_cap_included
	-keep_capacitive_coupling
Design : mprj_io_buffer
Version: T-2022.03-SP3
Date   : Mon Nov 28 13:29:40 2022
****************************************

        0 error(s)
        Format is SPEF
        Annotated nets                   :           78
        Annotated capacitances           :          406
        Annotated resistances            :          328
        Annotated coupling capacitances  :          424
        Annotated PI models              :            0
        Annotated Elmore delays          :            0


Executing command 'report_annotated_parasitics':
****************************************
Report : annotated_parasitics
	-internal_nets
	-boundary_nets
Design : mprj_io_buffer
Version: T-2022.03-SP3
Date   : Mon Nov 28 13:29:40 2022
****************************************

                    |         |         |         |   RC    | Coupled |   Not   |
Net Type            |  Total  | Lumped  |  RC pi  | network | network |Annotated|
--------------------+---------+---------+---------+---------+---------+---------+
Internal nets       |         |         |         |         |         |         |
  - Pin to pin nets |       0 |       0 |       0 |       0 |       0 |       0 |
  - Driverless nets |       0 |       0 |       0 |       0 |       0 |       0 |
  - Loadless nets   |       0 |       0 |       0 |       0 |       0 |       0 |
--------------------+---------+---------+---------+---------+---------+---------+
Boundary/port nets  |         |         |         |         |         |         |
  - Pin to pin nets |      78 |       0 |       0 |       0 |      78 |       0 |
  - Driverless nets |       0 |       0 |       0 |       0 |       0 |       0 |
  - Loadless nets   |       0 |       0 |       0 |       0 |       0 |       0 |
--------------------+---------+---------+---------+---------+---------+---------+
                    |      78 |       0 |       0 |       0 |      78 |       0 |

****************************************
Report : annotated_parasitics
	-check
	-internal_nets
	-boundary_nets
Design : mprj_io_buffer
Version: T-2022.03-SP3
Date   : Mon Nov 28 13:29:40 2022
****************************************

                    |         |         |         |   RC    | Coupled |   Not   |
Net Type            |  Total  | Lumped  |  RC pi  | network | network |Annotated|
--------------------+---------+---------+---------+---------+---------+---------+
Internal nets       |         |         |         |         |         |         |
  - Pin to pin nets |       0 |       0 |       0 |       0 |       0 |       0 |
  - Driverless nets |       0 |       0 |       0 |       0 |       0 |       0 |
  - Loadless nets   |       0 |       0 |       0 |       0 |       0 |       0 |
--------------------+---------+---------+---------+---------+---------+---------+
Boundary/port nets  |         |         |         |         |         |         |
  - Pin to pin nets |      78 |       0 |       0 |       0 |      78 |       0 |
  - Driverless nets |       0 |       0 |       0 |       0 |       0 |       0 |
  - Loadless nets   |       0 |       0 |       0 |       0 |       0 |       0 |
--------------------+---------+---------+---------+---------+---------+---------+
                    |      78 |       0 |       0 |       0 |      78 |       0 |

