Information: Derived library resistance unit is 1.000000 Kohm (Time unit is 1 ns, and Capacitance unit is 1.000000 pF). (DES-028)
Warning: Coupling capacitor (mgmt_gpio_in[0]:11 mgmt_gpio_in[2]:8 0) on net mgmt_gpio_in[0] is discarded because the value cannot be <= 0 (PARA-040)
Warning: Coupling capacitor (mgmt_gpio_in[0]:11 mgmt_gpio_in[2]:8 0) on net mgmt_gpio_in[0] is discarded because the value cannot be <= 0 (PARA-040)
Warning: Coupling capacitor (ANTENNA_BUF[31]_I/I mgmt_gpio_in_buf[11] 0) on net mgmt_gpio_in[10] is discarded because the value cannot be <= 0 (PARA-040)
Warning: Coupling capacitor (mgmt_gpio_in[10]:8 mgmt_gpio_in[12]:12 0) on net mgmt_gpio_in[10] is discarded because the value cannot be <= 0 (PARA-040)
Warning: Coupling capacitor (ANTENNA_BUF[31]_I/I mgmt_gpio_in_buf[11] 0) on net mgmt_gpio_in[10] is discarded because the value cannot be <= 0 (PARA-040)
Warning: Coupling capacitor (mgmt_gpio_in[10]:8 mgmt_gpio_in[12]:12 0) on net mgmt_gpio_in[10] is discarded because the value cannot be <= 0 (PARA-040)
Warning: Coupling capacitor (ANTENNA_BUF[32]_I/I ANTENNA_BUF[34]_I/I 0) on net mgmt_gpio_in[11] is discarded because the value cannot be <= 0 (PARA-040)
Warning: Coupling capacitor (ANTENNA_BUF[32]_I/I ANTENNA_BUF[34]_I/I 0) on net mgmt_gpio_in[11] is discarded because the value cannot be <= 0 (PARA-040)
Warning: Detected semantically incorrect SPEF in coupling section. (PARA-098)
Warning: Coupling capacitor (ANTENNA_BUF[33]_I/I BUF[18]/I 0) on net mgmt_gpio_in[12] is discarded because the value cannot be <= 0 (PARA-040)
Warning: Coupling capacitor (mgmt_gpio_in[12]:12 BUF[18]/I 0) on net mgmt_gpio_in[12] is discarded because the value cannot be <= 0 (PARA-040)
Warning: Coupling capacitor (mgmt_gpio_in[12]:12 mgmt_gpio_in[14]:9 0) on net mgmt_gpio_in[12] is discarded because the value cannot be <= 0 (PARA-040)
Warning: Coupling capacitor (mgmt_gpio_in[12]:12 mgmt_gpio_oeb[0]:11 0) on net mgmt_gpio_in[12] is discarded because the value cannot be <= 0 (PARA-040)
Warning: Coupling capacitor (mgmt_gpio_in[10]:8 mgmt_gpio_in[12]:12 0) on net mgmt_gpio_in[12] is discarded because the value cannot be <= 0 (PARA-040)
Warning: Coupling capacitor (ANTENNA_BUF[33]_I/I BUF[18]/I 0) on net mgmt_gpio_in[12] is discarded because the value cannot be <= 0 (PARA-040)
Warning: Coupling capacitor (mgmt_gpio_in[12]:12 BUF[18]/I 0) on net mgmt_gpio_in[12] is discarded because the value cannot be <= 0 (PARA-040)
Warning: Coupling capacitor (mgmt_gpio_in[12]:12 mgmt_gpio_in[14]:9 0) on net mgmt_gpio_in[12] is discarded because the value cannot be <= 0 (PARA-040)
Warning: Coupling capacitor (mgmt_gpio_in[12]:12 mgmt_gpio_oeb[0]:11 0) on net mgmt_gpio_in[12] is discarded because the value cannot be <= 0 (PARA-040)
Warning: Coupling capacitor (mgmt_gpio_in[12]:12 mgmt_gpio_in[10]:8 0) on net mgmt_gpio_in[12] is discarded because the value cannot be <= 0 (PARA-040)
Warning: Coupling capacitor (ANTENNA_BUF[32]_I/I ANTENNA_BUF[34]_I/I 0) on net mgmt_gpio_in[13] is discarded because the value cannot be <= 0 (PARA-040)
Warning: Coupling capacitor (ANTENNA_BUF[34]_I/I ANTENNA_BUF[32]_I/I 0) on net mgmt_gpio_in[13] is discarded because the value cannot be <= 0 (PARA-040)
Warning: Coupling capacitor (mgmt_gpio_in[12]:12 mgmt_gpio_in[14]:9 0) on net mgmt_gpio_in[14] is discarded because the value cannot be <= 0 (PARA-040)
Warning: Coupling capacitor (mgmt_gpio_in[14]:9 mgmt_gpio_in[12]:12 0) on net mgmt_gpio_in[14] is discarded because the value cannot be <= 0 (PARA-040)
Warning: Coupling capacitor (mgmt_gpio_in[15]:9 mgmt_gpio_in[17]:8 0) on net mgmt_gpio_in[15] is discarded because the value cannot be <= 0 (PARA-040)
Warning: Coupling capacitor (mgmt_gpio_in[15]:9 mgmt_gpio_in[17]:8 0) on net mgmt_gpio_in[15] is discarded because the value cannot be <= 0 (PARA-040)
Warning: Coupling capacitor (ANTENNA_BUF[38]_I/I mgmt_gpio_oeb_buf[2] 0) on net mgmt_gpio_in[17] is discarded because the value cannot be <= 0 (PARA-040)
Warning: Coupling capacitor (mgmt_gpio_in[17]:8 mgmt_gpio_oeb_buf[2] 0) on net mgmt_gpio_in[17] is discarded because the value cannot be <= 0 (PARA-040)
Warning: Coupling capacitor (mgmt_gpio_in[15]:9 mgmt_gpio_in[17]:8 0) on net mgmt_gpio_in[17] is discarded because the value cannot be <= 0 (PARA-040)
Warning: Coupling capacitor (ANTENNA_BUF[38]_I/I mgmt_gpio_oeb_buf[2] 0) on net mgmt_gpio_in[17] is discarded because the value cannot be <= 0 (PARA-040)
Warning: Coupling capacitor (mgmt_gpio_in[17]:8 mgmt_gpio_oeb_buf[2] 0) on net mgmt_gpio_in[17] is discarded because the value cannot be <= 0 (PARA-040)
Warning: Coupling capacitor (mgmt_gpio_in[17]:8 mgmt_gpio_in[15]:9 0) on net mgmt_gpio_in[17] is discarded because the value cannot be <= 0 (PARA-040)
Warning: Coupling capacitor (ANTENNA_BUF[22]_I/I ANTENNA_BUF[24]_I/I 0) on net mgmt_gpio_in[1] is discarded because the value cannot be <= 0 (PARA-040)
Warning: Coupling capacitor (ANTENNA_BUF[22]_I/I mgmt_gpio_in[3]:8 0) on net mgmt_gpio_in[1] is discarded because the value cannot be <= 0 (PARA-040)
Warning: Coupling capacitor (ANTENNA_BUF[22]_I/I ANTENNA_BUF[24]_I/I 0) on net mgmt_gpio_in[1] is discarded because the value cannot be <= 0 (PARA-040)
Warning: Coupling capacitor (ANTENNA_BUF[22]_I/I mgmt_gpio_in[3]:8 0) on net mgmt_gpio_in[1] is discarded because the value cannot be <= 0 (PARA-040)
Warning: Coupling capacitor (mgmt_gpio_in[0]:11 mgmt_gpio_in[2]:8 0) on net mgmt_gpio_in[2] is discarded because the value cannot be <= 0 (PARA-040)
Warning: Coupling capacitor (mgmt_gpio_in[2]:8 mgmt_gpio_in[0]:11 0) on net mgmt_gpio_in[2] is discarded because the value cannot be <= 0 (PARA-040)
Warning: Coupling capacitor (ANTENNA_BUF[24]_I/I mgmt_gpio_oeb[2]:8 0) on net mgmt_gpio_in[3] is discarded because the value cannot be <= 0 (PARA-040)
Warning: Coupling capacitor (mgmt_gpio_in[3]:8 mgmt_gpio_in_buf[0] 0) on net mgmt_gpio_in[3] is discarded because the value cannot be <= 0 (PARA-040)
Warning: Coupling capacitor (ANTENNA_BUF[22]_I/I ANTENNA_BUF[24]_I/I 0) on net mgmt_gpio_in[3] is discarded because the value cannot be <= 0 (PARA-040)
Warning: Coupling capacitor (ANTENNA_BUF[22]_I/I mgmt_gpio_in[3]:8 0) on net mgmt_gpio_in[3] is discarded because the value cannot be <= 0 (PARA-040)
Warning: Coupling capacitor (ANTENNA_BUF[24]_I/I mgmt_gpio_oeb[2]:8 0) on net mgmt_gpio_in[3] is discarded because the value cannot be <= 0 (PARA-040)
Warning: Coupling capacitor (mgmt_gpio_in[3]:8 mgmt_gpio_in_buf[0] 0) on net mgmt_gpio_in[3] is discarded because the value cannot be <= 0 (PARA-040)
Warning: Coupling capacitor (ANTENNA_BUF[24]_I/I ANTENNA_BUF[22]_I/I 0) on net mgmt_gpio_in[3] is discarded because the value cannot be <= 0 (PARA-040)
Warning: Coupling capacitor (mgmt_gpio_in[3]:8 ANTENNA_BUF[22]_I/I 0) on net mgmt_gpio_in[3] is discarded because the value cannot be <= 0 (PARA-040)
Warning: Coupling capacitor (mgmt_gpio_in[4]:15 mgmt_gpio_oeb[1]:7 0) on net mgmt_gpio_in[4] is discarded because the value cannot be <= 0 (PARA-040)
Warning: Coupling capacitor (mgmt_gpio_in[4]:15 mgmt_gpio_oeb[1]:7 0) on net mgmt_gpio_in[4] is discarded because the value cannot be <= 0 (PARA-040)
Warning: Coupling capacitor (BUF[26]/I mgmt_gpio_in_buf[9] 0) on net mgmt_gpio_in[5] is discarded because the value cannot be <= 0 (PARA-040)
Warning: Coupling capacitor (BUF[26]/I mgmt_gpio_in_buf[9] 0) on net mgmt_gpio_in[5] is discarded because the value cannot be <= 0 (PARA-040)
Warning: Coupling capacitor (mgmt_gpio_in[6]:11 mgmt_gpio_oeb[1]:7 0) on net mgmt_gpio_in[6] is discarded because the value cannot be <= 0 (PARA-040)
Warning: Coupling capacitor (mgmt_gpio_in[6]:11 mgmt_gpio_oeb[1]:7 0) on net mgmt_gpio_in[6] is discarded because the value cannot be <= 0 (PARA-040)
Warning: Coupling capacitor (mgmt_gpio_in[7]:8 mgmt_gpio_in_buf[10] 0) on net mgmt_gpio_in[7] is discarded because the value cannot be <= 0 (PARA-040)
Warning: Coupling capacitor (mgmt_gpio_in[7]:8 mgmt_gpio_in_buf[10] 0) on net mgmt_gpio_in[7] is discarded because the value cannot be <= 0 (PARA-040)
Warning: Coupling capacitor (mgmt_gpio_in[8]:13 mgmt_gpio_in_buf[10] 0) on net mgmt_gpio_in[8] is discarded because the value cannot be <= 0 (PARA-040)
Warning: Coupling capacitor (mgmt_gpio_in[8]:13 mgmt_gpio_in_buf[10] 0) on net mgmt_gpio_in[8] is discarded because the value cannot be <= 0 (PARA-040)
Warning: Coupling capacitor (mgmt_gpio_in[3]:8 mgmt_gpio_in_buf[0] 0) on net mgmt_gpio_in_buf[0] is discarded because the value cannot be <= 0 (PARA-040)
Warning: Coupling capacitor (mgmt_gpio_in_buf[0] mgmt_gpio_in[3]:8 0) on net mgmt_gpio_in_buf[0] is discarded because the value cannot be <= 0 (PARA-040)
Warning: Coupling capacitor (mgmt_gpio_in[7]:8 mgmt_gpio_in_buf[10] 0) on net mgmt_gpio_in_buf[10] is discarded because the value cannot be <= 0 (PARA-040)
Warning: Coupling capacitor (mgmt_gpio_in[8]:13 mgmt_gpio_in_buf[10] 0) on net mgmt_gpio_in_buf[10] is discarded because the value cannot be <= 0 (PARA-040)
Warning: Coupling capacitor (mgmt_gpio_in_buf[10] mgmt_gpio_in[7]:8 0) on net mgmt_gpio_in_buf[10] is discarded because the value cannot be <= 0 (PARA-040)
Warning: Coupling capacitor (mgmt_gpio_in_buf[10] mgmt_gpio_in[8]:13 0) on net mgmt_gpio_in_buf[10] is discarded because the value cannot be <= 0 (PARA-040)
Warning: Coupling capacitor (ANTENNA_BUF[31]_I/I mgmt_gpio_in_buf[11] 0) on net mgmt_gpio_in_buf[11] is discarded because the value cannot be <= 0 (PARA-040)
Warning: Coupling capacitor (mgmt_gpio_in_buf[11] ANTENNA_BUF[31]_I/I 0) on net mgmt_gpio_in_buf[11] is discarded because the value cannot be <= 0 (PARA-040)
Warning: Coupling capacitor (mgmt_gpio_in_buf[14] mgmt_gpio_in_buf[16] 0) on net mgmt_gpio_in_buf[14] is discarded because the value cannot be <= 0 (PARA-040)
Warning: Coupling capacitor (mgmt_gpio_in_buf[14] mgmt_gpio_in_buf[16] 0) on net mgmt_gpio_in_buf[14] is discarded because the value cannot be <= 0 (PARA-040)
Warning: Coupling capacitor (mgmt_gpio_in_buf[16] mgmt_gpio_out[5]:11 0) on net mgmt_gpio_in_buf[16] is discarded because the value cannot be <= 0 (PARA-040)
Warning: Coupling capacitor (mgmt_gpio_in_buf[14] mgmt_gpio_in_buf[16] 0) on net mgmt_gpio_in_buf[16] is discarded because the value cannot be <= 0 (PARA-040)
Warning: Coupling capacitor (mgmt_gpio_in_buf[16] mgmt_gpio_out[5]:11 0) on net mgmt_gpio_in_buf[16] is discarded because the value cannot be <= 0 (PARA-040)
Warning: Coupling capacitor (mgmt_gpio_in_buf[16] mgmt_gpio_in_buf[14] 0) on net mgmt_gpio_in_buf[16] is discarded because the value cannot be <= 0 (PARA-040)
Warning: Coupling capacitor (mgmt_gpio_in_buf[2] mgmt_gpio_in_buf[4] 0) on net mgmt_gpio_in_buf[2] is discarded because the value cannot be <= 0 (PARA-040)
Warning: Coupling capacitor (mgmt_gpio_in_buf[2] mgmt_gpio_in_buf[4] 0) on net mgmt_gpio_in_buf[2] is discarded because the value cannot be <= 0 (PARA-040)
Warning: Coupling capacitor (mgmt_gpio_in_buf[2] mgmt_gpio_in_buf[4] 0) on net mgmt_gpio_in_buf[4] is discarded because the value cannot be <= 0 (PARA-040)
Warning: Coupling capacitor (mgmt_gpio_in_buf[4] mgmt_gpio_in_buf[2] 0) on net mgmt_gpio_in_buf[4] is discarded because the value cannot be <= 0 (PARA-040)
Warning: Coupling capacitor (BUF[26]/I mgmt_gpio_in_buf[9] 0) on net mgmt_gpio_in_buf[9] is discarded because the value cannot be <= 0 (PARA-040)
Warning: Coupling capacitor (mgmt_gpio_in_buf[9] BUF[26]/I 0) on net mgmt_gpio_in_buf[9] is discarded because the value cannot be <= 0 (PARA-040)
Warning: Coupling capacitor (ANTENNA_BUF[33]_I/I BUF[18]/I 0) on net mgmt_gpio_oeb[0] is discarded because the value cannot be <= 0 (PARA-040)
Warning: Coupling capacitor (mgmt_gpio_in[12]:12 BUF[18]/I 0) on net mgmt_gpio_oeb[0] is discarded because the value cannot be <= 0 (PARA-040)
Warning: Coupling capacitor (mgmt_gpio_in[12]:12 mgmt_gpio_oeb[0]:11 0) on net mgmt_gpio_oeb[0] is discarded because the value cannot be <= 0 (PARA-040)
Warning: Coupling capacitor (BUF[18]/I ANTENNA_BUF[33]_I/I 0) on net mgmt_gpio_oeb[0] is discarded because the value cannot be <= 0 (PARA-040)
Warning: Coupling capacitor (BUF[18]/I mgmt_gpio_in[12]:12 0) on net mgmt_gpio_oeb[0] is discarded because the value cannot be <= 0 (PARA-040)
Warning: Coupling capacitor (mgmt_gpio_oeb[0]:11 mgmt_gpio_in[12]:12 0) on net mgmt_gpio_oeb[0] is discarded because the value cannot be <= 0 (PARA-040)
Warning: Coupling capacitor (mgmt_gpio_in[4]:15 mgmt_gpio_oeb[1]:7 0) on net mgmt_gpio_oeb[1] is discarded because the value cannot be <= 0 (PARA-040)
Warning: Coupling capacitor (mgmt_gpio_in[6]:11 mgmt_gpio_oeb[1]:7 0) on net mgmt_gpio_oeb[1] is discarded because the value cannot be <= 0 (PARA-040)
Warning: Coupling capacitor (mgmt_gpio_oeb[1]:7 mgmt_gpio_in[4]:15 0) on net mgmt_gpio_oeb[1] is discarded because the value cannot be <= 0 (PARA-040)
Warning: Coupling capacitor (mgmt_gpio_oeb[1]:7 mgmt_gpio_in[6]:11 0) on net mgmt_gpio_oeb[1] is discarded because the value cannot be <= 0 (PARA-040)
Warning: Coupling capacitor (ANTENNA_BUF[24]_I/I mgmt_gpio_oeb[2]:8 0) on net mgmt_gpio_oeb[2] is discarded because the value cannot be <= 0 (PARA-040)
Warning: Coupling capacitor (mgmt_gpio_oeb[2]:8 ANTENNA_BUF[24]_I/I 0) on net mgmt_gpio_oeb[2] is discarded because the value cannot be <= 0 (PARA-040)
Warning: Coupling capacitor (mgmt_gpio_oeb_buf[1] ANTENNA_BUF[2]_I/I 0) on net mgmt_gpio_oeb_buf[1] is discarded because the value cannot be <= 0 (PARA-040)
Warning: Coupling capacitor (mgmt_gpio_oeb_buf[1] mgmt_gpio_out[2]:8 0) on net mgmt_gpio_oeb_buf[1] is discarded because the value cannot be <= 0 (PARA-040)
Warning: Coupling capacitor (mgmt_gpio_oeb_buf[1] ANTENNA_BUF[2]_I/I 0) on net mgmt_gpio_oeb_buf[1] is discarded because the value cannot be <= 0 (PARA-040)
Warning: Coupling capacitor (mgmt_gpio_oeb_buf[1] mgmt_gpio_out[2]:8 0) on net mgmt_gpio_oeb_buf[1] is discarded because the value cannot be <= 0 (PARA-040)
Warning: Coupling capacitor (mgmt_gpio_oeb_buf[2] ANTENNA_BUF[12]_I/I 0) on net mgmt_gpio_oeb_buf[2] is discarded because the value cannot be <= 0 (PARA-040)
Warning: Coupling capacitor (mgmt_gpio_oeb_buf[2] mgmt_gpio_out[12]:8 0) on net mgmt_gpio_oeb_buf[2] is discarded because the value cannot be <= 0 (PARA-040)
Warning: Coupling capacitor (mgmt_gpio_oeb_buf[2] mgmt_gpio_out[14]:10 0) on net mgmt_gpio_oeb_buf[2] is discarded because the value cannot be <= 0 (PARA-040)
Warning: Coupling capacitor (ANTENNA_BUF[38]_I/I mgmt_gpio_oeb_buf[2] 0) on net mgmt_gpio_oeb_buf[2] is discarded because the value cannot be <= 0 (PARA-040)
Warning: Coupling capacitor (mgmt_gpio_in[17]:8 mgmt_gpio_oeb_buf[2] 0) on net mgmt_gpio_oeb_buf[2] is discarded because the value cannot be <= 0 (PARA-040)
Warning: Coupling capacitor (mgmt_gpio_oeb_buf[2] ANTENNA_BUF[12]_I/I 0) on net mgmt_gpio_oeb_buf[2] is discarded because the value cannot be <= 0 (PARA-040)
Warning: Coupling capacitor (mgmt_gpio_oeb_buf[2] mgmt_gpio_out[12]:8 0) on net mgmt_gpio_oeb_buf[2] is discarded because the value cannot be <= 0 (PARA-040)
Warning: Coupling capacitor (mgmt_gpio_oeb_buf[2] mgmt_gpio_out[14]:10 0) on net mgmt_gpio_oeb_buf[2] is discarded because the value cannot be <= 0 (PARA-040)
Warning: Coupling capacitor (mgmt_gpio_oeb_buf[2] ANTENNA_BUF[38]_I/I 0) on net mgmt_gpio_oeb_buf[2] is discarded because the value cannot be <= 0 (PARA-040)
Warning: Coupling capacitor (mgmt_gpio_oeb_buf[2] mgmt_gpio_in[17]:8 0) on net mgmt_gpio_oeb_buf[2] is discarded because the value cannot be <= 0 (PARA-040)
Warning: Coupling capacitor (ANTENNA_BUF[0]_I/I mgmt_gpio_out[2]:8 0) on net mgmt_gpio_out[0] is discarded because the value cannot be <= 0 (PARA-040)
Warning: Coupling capacitor (mgmt_gpio_out[0]:12 mgmt_gpio_out[2]:8 0) on net mgmt_gpio_out[0] is discarded because the value cannot be <= 0 (PARA-040)
Warning: Coupling capacitor (ANTENNA_BUF[0]_I/I mgmt_gpio_out[2]:8 0) on net mgmt_gpio_out[0] is discarded because the value cannot be <= 0 (PARA-040)
Warning: Coupling capacitor (mgmt_gpio_out[0]:12 mgmt_gpio_out[2]:8 0) on net mgmt_gpio_out[0] is discarded because the value cannot be <= 0 (PARA-040)
Warning: Coupling capacitor (ANTENNA_BUF[10]_I/I mgmt_gpio_out_buf[15] 0) on net mgmt_gpio_out[10] is discarded because the value cannot be <= 0 (PARA-040)
Warning: Coupling capacitor (mgmt_gpio_out[10]:12 mgmt_gpio_out_buf[12] 0) on net mgmt_gpio_out[10] is discarded because the value cannot be <= 0 (PARA-040)
Warning: Coupling capacitor (ANTENNA_BUF[10]_I/I mgmt_gpio_out_buf[15] 0) on net mgmt_gpio_out[10] is discarded because the value cannot be <= 0 (PARA-040)
Warning: Coupling capacitor (mgmt_gpio_out[10]:12 mgmt_gpio_out_buf[12] 0) on net mgmt_gpio_out[10] is discarded because the value cannot be <= 0 (PARA-040)
Warning: Coupling capacitor (ANTENNA_BUF[11]_I/I mgmt_gpio_out[14]:10 0) on net mgmt_gpio_out[11] is discarded because the value cannot be <= 0 (PARA-040)
Warning: Coupling capacitor (ANTENNA_BUF[11]_I/I mgmt_gpio_out[14]:10 0) on net mgmt_gpio_out[11] is discarded because the value cannot be <= 0 (PARA-040)
Warning: Coupling capacitor (mgmt_gpio_out[12]:8 mgmt_gpio_out[14]:10 0) on net mgmt_gpio_out[12] is discarded because the value cannot be <= 0 (PARA-040)
Warning: Coupling capacitor (mgmt_gpio_oeb_buf[2] ANTENNA_BUF[12]_I/I 0) on net mgmt_gpio_out[12] is discarded because the value cannot be <= 0 (PARA-040)
Warning: Coupling capacitor (mgmt_gpio_oeb_buf[2] mgmt_gpio_out[12]:8 0) on net mgmt_gpio_out[12] is discarded because the value cannot be <= 0 (PARA-040)
Warning: Coupling capacitor (mgmt_gpio_out[12]:8 mgmt_gpio_out[14]:10 0) on net mgmt_gpio_out[12] is discarded because the value cannot be <= 0 (PARA-040)
Warning: Coupling capacitor (ANTENNA_BUF[12]_I/I mgmt_gpio_oeb_buf[2] 0) on net mgmt_gpio_out[12] is discarded because the value cannot be <= 0 (PARA-040)
Warning: Coupling capacitor (mgmt_gpio_out[12]:8 mgmt_gpio_oeb_buf[2] 0) on net mgmt_gpio_out[12] is discarded because the value cannot be <= 0 (PARA-040)
Warning: Coupling capacitor (mgmt_gpio_oeb_buf[2] mgmt_gpio_out[14]:10 0) on net mgmt_gpio_out[14] is discarded because the value cannot be <= 0 (PARA-040)
Warning: Coupling capacitor (ANTENNA_BUF[11]_I/I mgmt_gpio_out[14]:10 0) on net mgmt_gpio_out[14] is discarded because the value cannot be <= 0 (PARA-040)
Warning: Coupling capacitor (mgmt_gpio_out[12]:8 mgmt_gpio_out[14]:10 0) on net mgmt_gpio_out[14] is discarded because the value cannot be <= 0 (PARA-040)
Warning: Coupling capacitor (mgmt_gpio_out[14]:10 mgmt_gpio_oeb_buf[2] 0) on net mgmt_gpio_out[14] is discarded because the value cannot be <= 0 (PARA-040)
Warning: Coupling capacitor (mgmt_gpio_out[14]:10 ANTENNA_BUF[11]_I/I 0) on net mgmt_gpio_out[14] is discarded because the value cannot be <= 0 (PARA-040)
Warning: Coupling capacitor (mgmt_gpio_out[14]:10 mgmt_gpio_out[12]:8 0) on net mgmt_gpio_out[14] is discarded because the value cannot be <= 0 (PARA-040)
Warning: Coupling capacitor (mgmt_gpio_out[15]:9 mgmt_gpio_out_buf[13] 0) on net mgmt_gpio_out[15] is discarded because the value cannot be <= 0 (PARA-040)
Warning: Coupling capacitor (mgmt_gpio_out[15]:9 mgmt_gpio_out_buf[13] 0) on net mgmt_gpio_out[15] is discarded because the value cannot be <= 0 (PARA-040)
Warning: Coupling capacitor (BUF[2]/I mgmt_gpio_out[3]:8 0) on net mgmt_gpio_out[2] is discarded because the value cannot be <= 0 (PARA-040)
Warning: Coupling capacitor (mgmt_gpio_oeb_buf[1] ANTENNA_BUF[2]_I/I 0) on net mgmt_gpio_out[2] is discarded because the value cannot be <= 0 (PARA-040)
Warning: Coupling capacitor (mgmt_gpio_oeb_buf[1] mgmt_gpio_out[2]:8 0) on net mgmt_gpio_out[2] is discarded because the value cannot be <= 0 (PARA-040)
Warning: Coupling capacitor (ANTENNA_BUF[0]_I/I mgmt_gpio_out[2]:8 0) on net mgmt_gpio_out[2] is discarded because the value cannot be <= 0 (PARA-040)
Warning: Coupling capacitor (mgmt_gpio_out[0]:12 mgmt_gpio_out[2]:8 0) on net mgmt_gpio_out[2] is discarded because the value cannot be <= 0 (PARA-040)
Warning: Coupling capacitor (BUF[2]/I mgmt_gpio_out[3]:8 0) on net mgmt_gpio_out[2] is discarded because the value cannot be <= 0 (PARA-040)
Warning: Coupling capacitor (ANTENNA_BUF[2]_I/I mgmt_gpio_oeb_buf[1] 0) on net mgmt_gpio_out[2] is discarded because the value cannot be <= 0 (PARA-040)
Warning: Coupling capacitor (mgmt_gpio_out[2]:8 mgmt_gpio_oeb_buf[1] 0) on net mgmt_gpio_out[2] is discarded because the value cannot be <= 0 (PARA-040)
Warning: Coupling capacitor (mgmt_gpio_out[2]:8 ANTENNA_BUF[0]_I/I 0) on net mgmt_gpio_out[2] is discarded because the value cannot be <= 0 (PARA-040)
Warning: Coupling capacitor (mgmt_gpio_out[2]:8 mgmt_gpio_out[0]:12 0) on net mgmt_gpio_out[2] is discarded because the value cannot be <= 0 (PARA-040)
Warning: Coupling capacitor (mgmt_gpio_out[3]:8 mgmt_gpio_out_buf[1] 0) on net mgmt_gpio_out[3] is discarded because the value cannot be <= 0 (PARA-040)
Warning: Coupling capacitor (mgmt_gpio_out[3]:8 mgmt_gpio_out[5]:11 0) on net mgmt_gpio_out[3] is discarded because the value cannot be <= 0 (PARA-040)
Warning: Coupling capacitor (BUF[2]/I mgmt_gpio_out[3]:8 0) on net mgmt_gpio_out[3] is discarded because the value cannot be <= 0 (PARA-040)
Warning: Coupling capacitor (mgmt_gpio_out[3]:8 mgmt_gpio_out_buf[1] 0) on net mgmt_gpio_out[3] is discarded because the value cannot be <= 0 (PARA-040)
Warning: Coupling capacitor (mgmt_gpio_out[3]:8 mgmt_gpio_out[5]:11 0) on net mgmt_gpio_out[3] is discarded because the value cannot be <= 0 (PARA-040)
Warning: Coupling capacitor (mgmt_gpio_out[3]:8 BUF[2]/I 0) on net mgmt_gpio_out[3] is discarded because the value cannot be <= 0 (PARA-040)
Warning: Coupling capacitor (BUF[4]/I mgmt_gpio_out_buf[4] 0) on net mgmt_gpio_out[4] is discarded because the value cannot be <= 0 (PARA-040)
Warning: Coupling capacitor (BUF[4]/I mgmt_gpio_out_buf[4] 0) on net mgmt_gpio_out[4] is discarded because the value cannot be <= 0 (PARA-040)
Warning: Coupling capacitor (mgmt_gpio_in_buf[16] mgmt_gpio_out[5]:11 0) on net mgmt_gpio_out[5] is discarded because the value cannot be <= 0 (PARA-040)
Warning: Coupling capacitor (mgmt_gpio_out[3]:8 mgmt_gpio_out[5]:11 0) on net mgmt_gpio_out[5] is discarded because the value cannot be <= 0 (PARA-040)
Warning: Coupling capacitor (mgmt_gpio_out[5]:11 mgmt_gpio_in_buf[16] 0) on net mgmt_gpio_out[5] is discarded because the value cannot be <= 0 (PARA-040)
Warning: Coupling capacitor (mgmt_gpio_out[5]:11 mgmt_gpio_out[3]:8 0) on net mgmt_gpio_out[5] is discarded because the value cannot be <= 0 (PARA-040)
Warning: Coupling capacitor (BUF[6]/I ANTENNA_BUF[8]_I/I 0) on net mgmt_gpio_out[6] is discarded because the value cannot be <= 0 (PARA-040)
Warning: Coupling capacitor (BUF[6]/I ANTENNA_BUF[8]_I/I 0) on net mgmt_gpio_out[6] is discarded because the value cannot be <= 0 (PARA-040)
Warning: Coupling capacitor (ANTENNA_BUF[7]_I/I mgmt_gpio_out_buf[15] 0) on net mgmt_gpio_out[7] is discarded because the value cannot be <= 0 (PARA-040)
Warning: Coupling capacitor (ANTENNA_BUF[7]_I/I mgmt_gpio_out_buf[15] 0) on net mgmt_gpio_out[7] is discarded because the value cannot be <= 0 (PARA-040)
Warning: Coupling capacitor (BUF[6]/I ANTENNA_BUF[8]_I/I 0) on net mgmt_gpio_out[8] is discarded because the value cannot be <= 0 (PARA-040)
Warning: Coupling capacitor (ANTENNA_BUF[8]_I/I BUF[6]/I 0) on net mgmt_gpio_out[8] is discarded because the value cannot be <= 0 (PARA-040)
Warning: Coupling capacitor (mgmt_gpio_out[9]:16 mgmt_gpio_out_buf[11] 0) on net mgmt_gpio_out[9] is discarded because the value cannot be <= 0 (PARA-040)
Warning: Coupling capacitor (mgmt_gpio_out[9]:16 mgmt_gpio_out_buf[11] 0) on net mgmt_gpio_out[9] is discarded because the value cannot be <= 0 (PARA-040)
Warning: Coupling capacitor (mgmt_gpio_out[9]:16 mgmt_gpio_out_buf[11] 0) on net mgmt_gpio_out_buf[11] is discarded because the value cannot be <= 0 (PARA-040)
Warning: Coupling capacitor (mgmt_gpio_out_buf[11] mgmt_gpio_out[9]:16 0) on net mgmt_gpio_out_buf[11] is discarded because the value cannot be <= 0 (PARA-040)
Warning: Coupling capacitor (mgmt_gpio_out[10]:12 mgmt_gpio_out_buf[12] 0) on net mgmt_gpio_out_buf[12] is discarded because the value cannot be <= 0 (PARA-040)
Warning: Coupling capacitor (mgmt_gpio_out_buf[12] mgmt_gpio_out[10]:12 0) on net mgmt_gpio_out_buf[12] is discarded because the value cannot be <= 0 (PARA-040)
Warning: Coupling capacitor (mgmt_gpio_out[15]:9 mgmt_gpio_out_buf[13] 0) on net mgmt_gpio_out_buf[13] is discarded because the value cannot be <= 0 (PARA-040)
Warning: Coupling capacitor (mgmt_gpio_out_buf[13] mgmt_gpio_out[15]:9 0) on net mgmt_gpio_out_buf[13] is discarded because the value cannot be <= 0 (PARA-040)
Warning: Coupling capacitor (ANTENNA_BUF[10]_I/I mgmt_gpio_out_buf[15] 0) on net mgmt_gpio_out_buf[15] is discarded because the value cannot be <= 0 (PARA-040)
Warning: Coupling capacitor (ANTENNA_BUF[7]_I/I mgmt_gpio_out_buf[15] 0) on net mgmt_gpio_out_buf[15] is discarded because the value cannot be <= 0 (PARA-040)
Warning: Coupling capacitor (mgmt_gpio_out_buf[15] ANTENNA_BUF[10]_I/I 0) on net mgmt_gpio_out_buf[15] is discarded because the value cannot be <= 0 (PARA-040)
Warning: Coupling capacitor (mgmt_gpio_out_buf[15] ANTENNA_BUF[7]_I/I 0) on net mgmt_gpio_out_buf[15] is discarded because the value cannot be <= 0 (PARA-040)
Warning: Coupling capacitor (mgmt_gpio_out[3]:8 mgmt_gpio_out_buf[1] 0) on net mgmt_gpio_out_buf[1] is discarded because the value cannot be <= 0 (PARA-040)
Warning: Coupling capacitor (mgmt_gpio_out_buf[1] mgmt_gpio_out[3]:8 0) on net mgmt_gpio_out_buf[1] is discarded because the value cannot be <= 0 (PARA-040)
Warning: Coupling capacitor (BUF[4]/I mgmt_gpio_out_buf[4] 0) on net mgmt_gpio_out_buf[4] is discarded because the value cannot be <= 0 (PARA-040)
Warning: Coupling capacitor (mgmt_gpio_out_buf[4] BUF[4]/I 0) on net mgmt_gpio_out_buf[4] is discarded because the value cannot be <= 0 (PARA-040)

****************************************
Report : read_parasitics /home/passant/caravel-gf180mcu/signoff/mprj_io_buffer/openlane-signoff/spef/mprj_io_buffer.nom.spef
	-pin_cap_included
	-keep_capacitive_coupling
Design : mprj_io_buffer
Version: T-2022.03-SP3
Date   : Tue Nov 22 23:00:41 2022
****************************************

        0 error(s)
        Format is SPEF
        Annotated nets                   :           78
        Annotated capacitances           :          234
        Annotated resistances            :          156
        Annotated coupling capacitances  :          274
        Annotated PI models              :            0
        Annotated Elmore delays          :            0


Executing command 'report_annotated_parasitics':
****************************************
Report : annotated_parasitics
	-internal_nets
	-boundary_nets
Design : mprj_io_buffer
Version: T-2022.03-SP3
Date   : Tue Nov 22 23:00:41 2022
****************************************

                    |         |         |         |   RC    | Coupled |   Not   |
Net Type            |  Total  | Lumped  |  RC pi  | network | network |Annotated|
--------------------+---------+---------+---------+---------+---------+---------+
Internal nets       |         |         |         |         |         |         |
  - Pin to pin nets |       0 |       0 |       0 |       0 |       0 |       0 |
  - Driverless nets |       0 |       0 |       0 |       0 |       0 |       0 |
  - Loadless nets   |       0 |       0 |       0 |       0 |       0 |       0 |
--------------------+---------+---------+---------+---------+---------+---------+
Boundary/port nets  |         |         |         |         |         |         |
  - Pin to pin nets |      78 |       0 |       0 |       0 |      78 |       0 |
  - Driverless nets |       0 |       0 |       0 |       0 |       0 |       0 |
  - Loadless nets   |       0 |       0 |       0 |       0 |       0 |       0 |
--------------------+---------+---------+---------+---------+---------+---------+
                    |      78 |       0 |       0 |       0 |      78 |       0 |

****************************************
Report : annotated_parasitics
	-check
	-internal_nets
	-boundary_nets
Design : mprj_io_buffer
Version: T-2022.03-SP3
Date   : Tue Nov 22 23:00:41 2022
****************************************

                    |         |         |         |   RC    | Coupled |   Not   |
Net Type            |  Total  | Lumped  |  RC pi  | network | network |Annotated|
--------------------+---------+---------+---------+---------+---------+---------+
Internal nets       |         |         |         |         |         |         |
  - Pin to pin nets |       0 |       0 |       0 |       0 |       0 |       0 |
  - Driverless nets |       0 |       0 |       0 |       0 |       0 |       0 |
  - Loadless nets   |       0 |       0 |       0 |       0 |       0 |       0 |
--------------------+---------+---------+---------+---------+---------+---------+
Boundary/port nets  |         |         |         |         |         |         |
  - Pin to pin nets |      78 |       0 |       0 |       0 |      78 |       0 |
  - Driverless nets |       0 |       0 |       0 |       0 |       0 |       0 |
  - Loadless nets   |       0 |       0 |       0 |       0 |       0 |       0 |
--------------------+---------+---------+---------+---------+---------+---------+
                    |      78 |       0 |       0 |       0 |      78 |       0 |

