****************************************
Report : case_analysis
Design : caravel
Version: U-2022.12-SP5
Date   : Tue Nov  7 13:49:00 2023
****************************************

Pin name                                         User case analysis value
--------------------------------------------------------------------------------
chip_core/housekeeping/_4066_/S                  0
chip_core/housekeeping/_4067_/S                  0
padframe/mprj_pads[5]/IE                         0
padframe/mprj_pads[7]/IE                         0
padframe/mprj_pads[11]/IE                        0
padframe/mprj_pads[12]/IE                        0
padframe/mprj_pads[34]/IE                        0
padframe/mprj_pads[0]/IE                         0
padframe/mprj_pads[30]/IE                        0
padframe/mprj_pads[31]/IE                        0
padframe/mprj_pads[29]/IE                        0
padframe/mprj_pads[16]/IE                        0
padframe/mprj_pads[17]/IE                        0
padframe/mprj_pads[18]/IE                        0
padframe/mprj_pads[13]/IE                        0
padframe/mprj_pads[32]/IE                        0
padframe/mprj_pads[33]/IE                        0
padframe/mprj_pads[26]/IE                        0
padframe/mprj_pads[27]/IE                        0
padframe/mprj_pads[28]/IE                        0
padframe/mprj_pads[19]/IE                        0
padframe/mprj_pads[36]/IE                        0
padframe/mprj_pads[37]/IE                        0
padframe/mprj_pads[25]/IE                        0
padframe/mprj_pads[21]/IE                        0
padframe/mprj_pads[22]/IE                        0
padframe/mprj_pads[23]/IE                        0
padframe/mprj_pads[24]/IE                        0
padframe/mprj_pads[8]/IE                         0
padframe/mprj_pads[20]/IE                        0
padframe/mprj_pads[10]/IE                        0
padframe/mprj_pads[35]/IE                        0
padframe/mprj_pads[9]/IE                         0
padframe/mprj_pads[1]/IE                         0
padframe/mprj_pads[6]/IE                         0
padframe/mprj_pads[14]/IE                        0
padframe/mprj_pads[15]/IE                        0
padframe/mprj_pads[5]/OE                         1
padframe/mprj_pads[7]/OE                         1
padframe/mprj_pads[11]/OE                        1
padframe/mprj_pads[12]/OE                        1
padframe/mprj_pads[34]/OE                        1
padframe/mprj_pads[0]/OE                         1
padframe/mprj_pads[30]/OE                        1
padframe/mprj_pads[31]/OE                        1
padframe/mprj_pads[29]/OE                        1
padframe/mprj_pads[16]/OE                        1
padframe/mprj_pads[17]/OE                        1
padframe/mprj_pads[18]/OE                        1
padframe/mprj_pads[13]/OE                        1
padframe/mprj_pads[32]/OE                        1
padframe/mprj_pads[33]/OE                        1
padframe/mprj_pads[26]/OE                        1
padframe/mprj_pads[27]/OE                        1
padframe/mprj_pads[28]/OE                        1
padframe/mprj_pads[19]/OE                        1
padframe/mprj_pads[36]/OE                        1
padframe/mprj_pads[37]/OE                        1
padframe/mprj_pads[25]/OE                        1
padframe/mprj_pads[21]/OE                        1
padframe/mprj_pads[22]/OE                        1
padframe/mprj_pads[23]/OE                        1
padframe/mprj_pads[24]/OE                        1
padframe/mprj_pads[8]/OE                         1
padframe/mprj_pads[20]/OE                        1
padframe/mprj_pads[10]/OE                        1
padframe/mprj_pads[35]/OE                        1
padframe/mprj_pads[9]/OE                         1
padframe/mprj_pads[1]/OE                         1
padframe/mprj_pads[6]/OE                         1
padframe/mprj_pads[14]/OE                        1
padframe/mprj_pads[15]/OE                        1
padframe/mprj_pads[2]/IE                         1
padframe/mprj_pads[2]/OE                         0
padframe/mprj_pads[3]/IE                         1
padframe/mprj_pads[3]/OE                         0
padframe/mprj_pads[4]/IE                         1
padframe/mprj_pads[4]/OE                         0
padframe/flash_io0_pad/IE                        0
padframe/flash_csb_pad/IE                        0
padframe/flash_clk_pad/IE                        0
padframe/flash_io0_pad/OE                        1
padframe/flash_csb_pad/OE                        1
padframe/flash_clk_pad/OE                        1
padframe/flash_io1_pad/IE                        1
padframe/flash_io1_pad/OE                        0
padframe/mgmt_gpio_pad/IE                        1
padframe/mgmt_gpio_pad/OE                        0

1
