
===========================================================================
report_checks -unconstrained
============================================================================
Startpoint: _6950_ (rising edge-triggered flip-flop clocked by wbbd_sck)
Endpoint: _6661_ (recovery check against rising-edge clock sck)
Path Group: **async_default**
Path Type: max

Fanout     Cap    Slew   Delay    Time   Description
-----------------------------------------------------------------------------
                         60.00   60.00   clock wbbd_sck (rise edge)
                          0.00   60.00   clock source latency
                  0.00    0.00   60.00 ^ wb_clk_i (in)
     1    0.11                           wb_clk_i (net)
                  0.02    0.01   60.01 ^ clkbuf_0_wb_clk_i/I (gf180mcu_fd_sc_mcu7t5v0__clkbuf_16)
                  0.42    0.42   60.43 ^ clkbuf_0_wb_clk_i/Z (gf180mcu_fd_sc_mcu7t5v0__clkbuf_16)
     8    0.38                           clknet_0_wb_clk_i (net)
                  0.42    0.01   60.44 ^ clkbuf_3_3__f_wb_clk_i/I (gf180mcu_fd_sc_mcu7t5v0__clkbuf_16)
                  0.15    0.33   60.77 ^ clkbuf_3_3__f_wb_clk_i/Z (gf180mcu_fd_sc_mcu7t5v0__clkbuf_16)
    10    0.08                           clknet_3_3__leaf_wb_clk_i (net)
                  0.15    0.00   60.77 ^ _7278_/CLK (gf180mcu_fd_sc_mcu7t5v0__dffrnq_1)
                  0.46    1.08   61.85 ^ _7278_/Q (gf180mcu_fd_sc_mcu7t5v0__dffrnq_1)
     1    0.02                           wbbd_sck (net)
                  0.46    0.00   61.85 ^ clkbuf_0_wbbd_sck/I (gf180mcu_fd_sc_mcu7t5v0__clkbuf_16)
                  0.12    0.32   62.17 ^ clkbuf_0_wbbd_sck/Z (gf180mcu_fd_sc_mcu7t5v0__clkbuf_16)
     2    0.05                           clknet_0_wbbd_sck (net)
                  0.12    0.00   62.17 ^ clkbuf_1_1__f_wbbd_sck/I (gf180mcu_fd_sc_mcu7t5v0__clkbuf_16)
                  0.09    0.23   62.40 ^ clkbuf_1_1__f_wbbd_sck/Z (gf180mcu_fd_sc_mcu7t5v0__clkbuf_16)
     1    0.02                           clknet_1_1__leaf_wbbd_sck (net)
                  0.09    0.00   62.40 ^ _4072_/A2 (gf180mcu_fd_sc_mcu7t5v0__aoi22_4)
                  0.50    0.25   62.65 v _4072_/ZN (gf180mcu_fd_sc_mcu7t5v0__aoi22_4)
     1    0.08                           _1359_ (net)
                  0.50    0.01   62.66 v clkbuf_0__1359_/I (gf180mcu_fd_sc_mcu7t5v0__clkbuf_16)
                  0.46    0.58   63.24 v clkbuf_0__1359_/Z (gf180mcu_fd_sc_mcu7t5v0__clkbuf_16)
    16    0.44                           clknet_0__1359_ (net)
                  0.46    0.01   63.25 v clkbuf_4_5_0__1359_/I (gf180mcu_fd_sc_mcu7t5v0__clkbuf_8)
                  0.89    0.83   64.07 v clkbuf_4_5_0__1359_/Z (gf180mcu_fd_sc_mcu7t5v0__clkbuf_8)
    14    0.41                           clknet_4_5_0__1359_ (net)
                  0.90    0.03   64.11 v clkbuf_leaf_102__1359_/I (gf180mcu_fd_sc_mcu7t5v0__clkbuf_16)
                  0.12    0.42   64.52 v clkbuf_leaf_102__1359_/Z (gf180mcu_fd_sc_mcu7t5v0__clkbuf_16)
     3    0.03                           clknet_leaf_102__1359_ (net)
                  0.12    0.00   64.52 v net613_275/I (gf180mcu_fd_sc_mcu7t5v0__clkinv_1)
                  0.38    0.26   64.78 ^ net613_275/ZN (gf180mcu_fd_sc_mcu7t5v0__clkinv_1)
     1    0.02                           net637 (net)
                  0.38    0.00   64.78 ^ _6950_/CLK (gf180mcu_fd_sc_mcu7t5v0__dffsnq_4)
                  0.59    1.11   65.89 ^ _6950_/Q (gf180mcu_fd_sc_mcu7t5v0__dffsnq_4)
     5    0.14                           gpio_configure[3][2] (net)
                  0.59    0.01   65.90 ^ _3314_/I (gf180mcu_fd_sc_mcu7t5v0__inv_1)
                  0.56    0.46   66.36 v _3314_/ZN (gf180mcu_fd_sc_mcu7t5v0__inv_1)
     2    0.05                           _0712_ (net)
                  0.56    0.00   66.36 v _3993_/A1 (gf180mcu_fd_sc_mcu7t5v0__nor3_4)
                  2.66    1.61   67.97 ^ _3993_/ZN (gf180mcu_fd_sc_mcu7t5v0__nor3_4)
     8    0.23                           _1314_ (net)
                  2.66    0.04   68.01 ^ max_cap344/I (gf180mcu_fd_sc_mcu7t5v0__buf_8)
                  0.49    0.42   68.43 ^ max_cap344/Z (gf180mcu_fd_sc_mcu7t5v0__buf_8)
    16    0.22                           net344 (net)
                  0.49    0.00   68.44 ^ max_cap343/I (gf180mcu_fd_sc_mcu7t5v0__buf_12)
                  0.36    0.37   68.80 ^ max_cap343/Z (gf180mcu_fd_sc_mcu7t5v0__buf_12)
    17    0.25                           net343 (net)
                  0.37    0.02   68.82 ^ _6616_/A2 (gf180mcu_fd_sc_mcu7t5v0__and2_4)
                  0.10    0.24   69.07 ^ _6616_/Z (gf180mcu_fd_sc_mcu7t5v0__and2_4)
     1    0.01                           _0022_ (net)
                  0.10    0.00   69.07 ^ _6661_/RN (gf180mcu_fd_sc_mcu7t5v0__dffrnq_2)
                                 69.07   data arrival time

                        120.00  120.00   clock sck (rise edge)
                          0.00  120.00   clock source latency
                  0.00    0.00  120.00 ^ mgmt_gpio_in[4] (in)
     1    0.04                           mgmt_gpio_in[4] (net)
                  0.00    0.00  120.00 ^ clkbuf_0_mgmt_gpio_in[4]/I (gf180mcu_fd_sc_mcu7t5v0__clkbuf_16)
                  0.15    0.25  120.25 ^ clkbuf_0_mgmt_gpio_in[4]/Z (gf180mcu_fd_sc_mcu7t5v0__clkbuf_16)
     4    0.09                           clknet_0_mgmt_gpio_in[4] (net)
                  0.15    0.00  120.25 ^ clkbuf_2_2__f_mgmt_gpio_in[4]/I (gf180mcu_fd_sc_mcu7t5v0__clkbuf_16)
                  0.11    0.25  120.50 ^ clkbuf_2_2__f_mgmt_gpio_in[4]/Z (gf180mcu_fd_sc_mcu7t5v0__clkbuf_16)
    12    0.04                           clknet_2_2__leaf_mgmt_gpio_in[4] (net)
                  0.11    0.00  120.50 ^ _6661_/CLK (gf180mcu_fd_sc_mcu7t5v0__dffrnq_2)
                         -0.10  120.40   clock uncertainty
                          0.00  120.40   clock reconvergence pessimism
                          0.21  120.61   library recovery time
                                120.61   data required time
-----------------------------------------------------------------------------
                                120.61   data required time
                                -69.07   data arrival time
-----------------------------------------------------------------------------
                                 51.55   slack (MET)


Startpoint: _6659_ (rising edge-triggered flip-flop clocked by sck)
Endpoint: _6871_ (falling edge-triggered flip-flop clocked by sck)
Path Group: sck
Path Type: max

Fanout     Cap    Slew   Delay    Time   Description
-----------------------------------------------------------------------------
                          0.00    0.00   clock sck (rise edge)
                          0.00    0.00   clock source latency
                  0.00    0.00    0.00 ^ mgmt_gpio_in[4] (in)
     1    0.04                           mgmt_gpio_in[4] (net)
                  0.00    0.00    0.00 ^ clkbuf_0_mgmt_gpio_in[4]/I (gf180mcu_fd_sc_mcu7t5v0__clkbuf_16)
                  0.15    0.25    0.25 ^ clkbuf_0_mgmt_gpio_in[4]/Z (gf180mcu_fd_sc_mcu7t5v0__clkbuf_16)
     4    0.09                           clknet_0_mgmt_gpio_in[4] (net)
                  0.15    0.00    0.25 ^ clkbuf_2_3__f_mgmt_gpio_in[4]/I (gf180mcu_fd_sc_mcu7t5v0__clkbuf_16)
                  0.12    0.26    0.51 ^ clkbuf_2_3__f_mgmt_gpio_in[4]/Z (gf180mcu_fd_sc_mcu7t5v0__clkbuf_16)
    17    0.06                           clknet_2_3__leaf_mgmt_gpio_in[4] (net)
                  0.12    0.00    0.51 ^ _6659_/CLK (gf180mcu_fd_sc_mcu7t5v0__dffrnq_2)
                  0.37    0.94    1.45 v _6659_/Q (gf180mcu_fd_sc_mcu7t5v0__dffrnq_2)
     7    0.07                           hkspi.addr[4] (net)
                  0.37    0.00    1.45 v hold271/I (gf180mcu_fd_sc_mcu7t5v0__dlyc_2)
                  0.25    1.92    3.37 v hold271/Z (gf180mcu_fd_sc_mcu7t5v0__dlyc_2)
     1    0.01                           net1132 (net)
                  0.25    0.00    3.37 v _3475_/I1 (gf180mcu_fd_sc_mcu7t5v0__mux2_2)
                  0.35    0.58    3.96 v _3475_/Z (gf180mcu_fd_sc_mcu7t5v0__mux2_2)
     2    0.05                           _0817_ (net)
                  0.35    0.00    3.96 v _3476_/I (gf180mcu_fd_sc_mcu7t5v0__clkinv_1)
                  0.22    0.20    4.16 ^ _3476_/ZN (gf180mcu_fd_sc_mcu7t5v0__clkinv_1)
     1    0.01                           _0818_ (net)
                  0.22    0.00    4.16 ^ _3478_/I0 (gf180mcu_fd_sc_mcu7t5v0__mux2_4)
                  0.16    0.38    4.54 ^ _3478_/Z (gf180mcu_fd_sc_mcu7t5v0__mux2_4)
     1    0.02                           _0820_ (net)
                  0.16    0.00    4.54 ^ hold6/I (gf180mcu_fd_sc_mcu7t5v0__dlyc_2)
                  1.21    2.30    6.84 ^ hold6/Z (gf180mcu_fd_sc_mcu7t5v0__dlyc_2)
    11    0.15                           net867 (net)
                  1.21    0.01    6.84 ^ _3529_/A1 (gf180mcu_fd_sc_mcu7t5v0__or4_4)
                  2.29    1.61    8.46 ^ _3529_/Z (gf180mcu_fd_sc_mcu7t5v0__or4_4)
    24    0.56                           _0871_ (net)
                  2.29    0.02    8.48 ^ _3530_/A2 (gf180mcu_fd_sc_mcu7t5v0__nor2_4)
                  1.43    1.09    9.56 v _3530_/ZN (gf180mcu_fd_sc_mcu7t5v0__nor2_4)
     9    0.30                           _0872_ (net)
                  1.44    0.03    9.59 v _3752_/C1 (gf180mcu_fd_sc_mcu7t5v0__aoi222_4)
                  0.76    0.70   10.30 ^ _3752_/ZN (gf180mcu_fd_sc_mcu7t5v0__aoi222_4)
     1    0.01                           _1088_ (net)
                  0.76    0.00   10.30 ^ _3753_/I (gf180mcu_fd_sc_mcu7t5v0__clkinv_1)
                  0.40    0.33   10.62 v _3753_/ZN (gf180mcu_fd_sc_mcu7t5v0__clkinv_1)
     1    0.02                           _1089_ (net)
                  0.40    0.00   10.62 v _3754_/C (gf180mcu_fd_sc_mcu7t5v0__aoi221_4)
                  1.32    0.85   11.48 ^ _3754_/ZN (gf180mcu_fd_sc_mcu7t5v0__aoi221_4)
     1    0.07                           _1090_ (net)
                  1.32    0.01   11.48 ^ _3757_/A2 (gf180mcu_fd_sc_mcu7t5v0__and4_4)
                  0.17    0.57   12.05 ^ _3757_/Z (gf180mcu_fd_sc_mcu7t5v0__and4_4)
     1    0.01                           _1093_ (net)
                  0.17    0.00   12.05 ^ _3758_/A3 (gf180mcu_fd_sc_mcu7t5v0__and4_4)
                  0.17    0.45   12.50 ^ _3758_/Z (gf180mcu_fd_sc_mcu7t5v0__and4_4)
     1    0.02                           _1094_ (net)
                  0.17    0.00   12.50 ^ _3759_/A4 (gf180mcu_fd_sc_mcu7t5v0__and4_4)
                  0.23    0.50   13.00 ^ _3759_/Z (gf180mcu_fd_sc_mcu7t5v0__and4_4)
     1    0.03                           _1095_ (net)
                  0.23    0.00   13.00 ^ _3760_/A3 (gf180mcu_fd_sc_mcu7t5v0__nand3_4)
                  1.00    0.64   13.64 v _3760_/ZN (gf180mcu_fd_sc_mcu7t5v0__nand3_4)
     5    0.18                           _1096_ (net)
                  1.01    0.03   13.67 v _3761_/I0 (gf180mcu_fd_sc_mcu7t5v0__mux2_2)
                  0.18    0.58   14.25 v _3761_/Z (gf180mcu_fd_sc_mcu7t5v0__mux2_2)
     1    0.01                           _1097_ (net)
                  0.18    0.00   14.25 v _3762_/I0 (gf180mcu_fd_sc_mcu7t5v0__mux2_2)
                  0.18    0.40   14.65 v _3762_/Z (gf180mcu_fd_sc_mcu7t5v0__mux2_2)
     1    0.01                           _0257_ (net)
                  0.18    0.00   14.65 v _6871_/D (gf180mcu_fd_sc_mcu7t5v0__dffnrnq_1)
                                 14.65   data arrival time

                         60.00   60.00   clock sck (fall edge)
                          0.00   60.00   clock source latency
                  0.00    0.00   60.00 v mgmt_gpio_in[4] (in)
     1    0.04                           mgmt_gpio_in[4] (net)
                  0.00    0.00   60.00 v clkbuf_0_mgmt_gpio_in[4]/I (gf180mcu_fd_sc_mcu7t5v0__clkbuf_16)
                  0.15    0.25   60.25 v clkbuf_0_mgmt_gpio_in[4]/Z (gf180mcu_fd_sc_mcu7t5v0__clkbuf_16)
     4    0.09                           clknet_0_mgmt_gpio_in[4] (net)
                  0.15    0.00   60.25 v clkbuf_2_0__f_mgmt_gpio_in[4]/I (gf180mcu_fd_sc_mcu7t5v0__clkbuf_16)
                  0.12    0.26   60.51 v clkbuf_2_0__f_mgmt_gpio_in[4]/Z (gf180mcu_fd_sc_mcu7t5v0__clkbuf_16)
    11    0.05                           clknet_2_0__leaf_mgmt_gpio_in[4] (net)
                  0.12    0.00   60.51 v _6871_/CLKN (gf180mcu_fd_sc_mcu7t5v0__dffnrnq_1)
                         -0.10   60.41   clock uncertainty
                          0.00   60.41   clock reconvergence pessimism
                         -0.24   60.17   library setup time
                                 60.17   data required time
-----------------------------------------------------------------------------
                                 60.17   data required time
                                -14.65   data arrival time
-----------------------------------------------------------------------------
                                 45.52   slack (MET)


Startpoint: wb_clk_i (clock source 'wb_clk_i')
Endpoint: mgmt_gpio_out[14] (output port clocked by wb_clk_i)
Path Group: wb_clk_i
Path Type: max

Fanout     Cap    Slew   Delay    Time   Description
-----------------------------------------------------------------------------
                         15.00   15.00   clock wb_clk_i (fall edge)
                          0.00   15.00   clock source latency
                  0.00    0.00   15.00 v wb_clk_i (in)
     1    0.11                           wb_clk_i (net)
                  0.02    0.01   15.01 v clkbuf_0_wb_clk_i/I (gf180mcu_fd_sc_mcu7t5v0__clkbuf_16)
                  0.40    0.42   15.43 v clkbuf_0_wb_clk_i/Z (gf180mcu_fd_sc_mcu7t5v0__clkbuf_16)
     8    0.38                           clknet_0_wb_clk_i (net)
                  0.40    0.02   15.45 v clkbuf_3_7__f_wb_clk_i/I (gf180mcu_fd_sc_mcu7t5v0__clkbuf_16)
                  0.19    0.38   15.83 v clkbuf_3_7__f_wb_clk_i/Z (gf180mcu_fd_sc_mcu7t5v0__clkbuf_16)
    18    0.14                           clknet_3_7__leaf_wb_clk_i (net)
                  0.19    0.01   15.84 v _4067_/I1 (gf180mcu_fd_sc_mcu7t5v0__mux2_2)
                  0.21    0.45   16.29 v _4067_/Z (gf180mcu_fd_sc_mcu7t5v0__mux2_2)
     1    0.02                           net214 (net)
                  0.21    0.00   16.29 v output214/I (gf180mcu_fd_sc_mcu7t5v0__dlyc_1)
                  1.11    2.41   18.70 v output214/Z (gf180mcu_fd_sc_mcu7t5v0__dlyc_1)
     1    0.10                           mgmt_gpio_out[14] (net)
                  1.11    0.00   18.70 v mgmt_gpio_out[14] (out)
                                 18.70   data arrival time

                         30.00   30.00   clock wb_clk_i (rise edge)
                          0.00   30.00   clock network delay (propagated)
                         -0.10   29.90   clock uncertainty
                          0.00   29.90   clock reconvergence pessimism
                         -5.00   24.90   output external delay
                                 24.90   data required time
-----------------------------------------------------------------------------
                                 24.90   data required time
                                -18.70   data arrival time
-----------------------------------------------------------------------------
                                  6.20   slack (MET)


Startpoint: mgmt_gpio_in[2] (input port clocked by wb_clk_i)
Endpoint: _6845_ (rising edge-triggered flip-flop clocked by wbbd_sck)
Path Group: wbbd_sck
Path Type: max

Fanout     Cap    Slew   Delay    Time   Description
-----------------------------------------------------------------------------
                         30.00   30.00   clock wb_clk_i (rise edge)
                          0.00   30.00   clock network delay (propagated)
                          5.00   35.00 ^ input external delay
                  0.00    0.00   35.00 ^ mgmt_gpio_in[2] (in)
     1    0.02                           mgmt_gpio_in[2] (net)
                  0.00    0.00   35.00 ^ input58/I (gf180mcu_fd_sc_mcu7t5v0__buf_4)
                  1.47    0.93   35.93 ^ input58/Z (gf180mcu_fd_sc_mcu7t5v0__buf_4)
    12    0.36                           net58 (net)
                  1.47    0.05   35.99 ^ _3498_/I1 (gf180mcu_fd_sc_mcu7t5v0__mux2_2)
                  0.64    0.65   36.64 ^ _3498_/Z (gf180mcu_fd_sc_mcu7t5v0__mux2_2)
     2    0.07                           _0840_ (net)
                  0.64    0.01   36.65 ^ _3499_/I (gf180mcu_fd_sc_mcu7t5v0__clkinv_1)
                  0.38    0.31   36.96 v _3499_/ZN (gf180mcu_fd_sc_mcu7t5v0__clkinv_1)
     1    0.02                           _0841_ (net)
                  0.38    0.00   36.96 v _3500_/I0 (gf180mcu_fd_sc_mcu7t5v0__mux2_4)
                  0.24    0.58   37.54 v _3500_/Z (gf180mcu_fd_sc_mcu7t5v0__mux2_4)
     1    0.03                           _0842_ (net)
                  0.24    0.00   37.54 v hold673/I (gf180mcu_fd_sc_mcu7t5v0__dlyc_2)
                  0.75    2.35   39.89 v hold673/Z (gf180mcu_fd_sc_mcu7t5v0__dlyc_2)
     9    0.11                           net1534 (net)
                  0.75    0.00   39.89 v _3560_/A3 (gf180mcu_fd_sc_mcu7t5v0__or4_4)
                  0.45    0.93   40.82 v _3560_/Z (gf180mcu_fd_sc_mcu7t5v0__or4_4)
     4    0.11                           _0902_ (net)
                  0.45    0.01   40.83 v hold674/I (gf180mcu_fd_sc_mcu7t5v0__dlyc_2)
                  0.91    2.55   43.38 v hold674/Z (gf180mcu_fd_sc_mcu7t5v0__dlyc_2)
     5    0.15                           net1535 (net)
                  0.91    0.01   43.38 v _4341_/A2 (gf180mcu_fd_sc_mcu7t5v0__or3_4)
                  0.16    0.60   43.99 v _4341_/Z (gf180mcu_fd_sc_mcu7t5v0__or3_4)
     1    0.01                           _1446_ (net)
                  0.16    0.00   43.99 v hold675/I (gf180mcu_fd_sc_mcu7t5v0__dlyc_2)
                  0.55    2.14   46.13 v hold675/Z (gf180mcu_fd_sc_mcu7t5v0__dlyc_2)
     2    0.07                           net1536 (net)
                  0.55    0.00   46.13 v _4342_/S (gf180mcu_fd_sc_mcu7t5v0__mux2_2)
                  0.32    0.61   46.74 v _4342_/Z (gf180mcu_fd_sc_mcu7t5v0__mux2_2)
     1    0.05                           _0231_ (net)
                  0.32    0.00   46.74 v hold676/I (gf180mcu_fd_sc_mcu7t5v0__dlyc_2)
                  0.25    1.90   48.64 v hold676/Z (gf180mcu_fd_sc_mcu7t5v0__dlyc_2)
     1    0.01                           net1537 (net)
                  0.25    0.00   48.64 v _6845_/D (gf180mcu_fd_sc_mcu7t5v0__dffrnq_2)
                                 48.64   data arrival time

                         60.00   60.00   clock wbbd_sck (rise edge)
                          0.00   60.00   clock source latency
                  0.00    0.00   60.00 ^ wb_clk_i (in)
     1    0.11                           wb_clk_i (net)
                  0.02    0.01   60.01 ^ clkbuf_0_wb_clk_i/I (gf180mcu_fd_sc_mcu7t5v0__clkbuf_16)
                  0.42    0.42   60.43 ^ clkbuf_0_wb_clk_i/Z (gf180mcu_fd_sc_mcu7t5v0__clkbuf_16)
     8    0.38                           clknet_0_wb_clk_i (net)
                  0.42    0.01   60.44 ^ clkbuf_3_3__f_wb_clk_i/I (gf180mcu_fd_sc_mcu7t5v0__clkbuf_16)
                  0.15    0.33   60.77 ^ clkbuf_3_3__f_wb_clk_i/Z (gf180mcu_fd_sc_mcu7t5v0__clkbuf_16)
    10    0.08                           clknet_3_3__leaf_wb_clk_i (net)
                  0.15    0.00   60.77 ^ _7278_/CLK (gf180mcu_fd_sc_mcu7t5v0__dffrnq_1)
                  0.46    1.08   61.85 ^ _7278_/Q (gf180mcu_fd_sc_mcu7t5v0__dffrnq_1)
     1    0.02                           wbbd_sck (net)
                  0.46    0.00   61.85 ^ clkbuf_0_wbbd_sck/I (gf180mcu_fd_sc_mcu7t5v0__clkbuf_16)
                  0.12    0.32   62.17 ^ clkbuf_0_wbbd_sck/Z (gf180mcu_fd_sc_mcu7t5v0__clkbuf_16)
     2    0.05                           clknet_0_wbbd_sck (net)
                  0.12    0.00   62.17 ^ clkbuf_1_1__f_wbbd_sck/I (gf180mcu_fd_sc_mcu7t5v0__clkbuf_16)
                  0.09    0.23   62.40 ^ clkbuf_1_1__f_wbbd_sck/Z (gf180mcu_fd_sc_mcu7t5v0__clkbuf_16)
     1    0.02                           clknet_1_1__leaf_wbbd_sck (net)
                  0.09    0.00   62.40 ^ _4072_/A2 (gf180mcu_fd_sc_mcu7t5v0__aoi22_4)
                  0.34    0.24   62.64 v _4072_/ZN (gf180mcu_fd_sc_mcu7t5v0__aoi22_4)
     1    0.08                           _1359_ (net)
                  0.34    0.01   62.65 v clkbuf_0__1359_/I (gf180mcu_fd_sc_mcu7t5v0__clkbuf_16)
                  0.45    0.54   63.19 v clkbuf_0__1359_/Z (gf180mcu_fd_sc_mcu7t5v0__clkbuf_16)
    16    0.44                           clknet_0__1359_ (net)
                  0.46    0.03   63.22 v clkbuf_4_0_0__1359_/I (gf180mcu_fd_sc_mcu7t5v0__clkbuf_8)
                  0.79    0.77   63.99 v clkbuf_4_0_0__1359_/Z (gf180mcu_fd_sc_mcu7t5v0__clkbuf_8)
    13    0.36                           clknet_4_0_0__1359_ (net)
                  0.80    0.03   64.02 v clkbuf_leaf_2__1359_/I (gf180mcu_fd_sc_mcu7t5v0__clkbuf_16)
                  0.13    0.41   64.42 v clkbuf_leaf_2__1359_/Z (gf180mcu_fd_sc_mcu7t5v0__clkbuf_16)
     6    0.04                           clknet_leaf_2__1359_ (net)
                  0.13    0.00   64.42 v net713_365/I (gf180mcu_fd_sc_mcu7t5v0__clkinv_1)
                  0.18    0.14   64.57 ^ net713_365/ZN (gf180mcu_fd_sc_mcu7t5v0__clkinv_1)
     1    0.01                           net727 (net)
                  0.18    0.00   64.57 ^ _6845_/CLK (gf180mcu_fd_sc_mcu7t5v0__dffrnq_2)
                         -0.10   64.47   clock uncertainty
                          0.00   64.47   clock reconvergence pessimism
                         -0.17   64.30   library setup time
                                 64.30   data required time
-----------------------------------------------------------------------------
                                 64.30   data required time
                                -48.64   data arrival time
-----------------------------------------------------------------------------
                                 15.65   slack (MET)



===========================================================================
report_checks --slack_max -0.01
============================================================================
No paths found.
