
===========================================================================
 report_check_types -max_slew -max_cap -max_fanout -violators
============================================================================
max slew

Pin                                    Limit    Slew   Slack
------------------------------------------------------------
_4132_/I0                               4.00    6.80   -2.80 (VIOLATED)
_4123_/I0                               4.00    6.80   -2.80 (VIOLATED)
_4250_/I0                               4.00    6.80   -2.80 (VIOLATED)
_5507_/I1                               4.00    6.80   -2.80 (VIOLATED)
_5501_/I1                               4.00    6.80   -2.80 (VIOLATED)
_5579_/I1                               4.00    6.80   -2.80 (VIOLATED)
_5789_/I0                               4.00    6.80   -2.80 (VIOLATED)
_5852_/I0                               4.00    6.80   -2.80 (VIOLATED)
_5687_/I1                               4.00    6.80   -2.80 (VIOLATED)
_5771_/I0                               4.00    6.80   -2.80 (VIOLATED)
_5570_/I0                               4.00    6.80   -2.80 (VIOLATED)
_5807_/I0                               4.00    6.80   -2.80 (VIOLATED)
_5870_/I0                               4.00    6.80   -2.80 (VIOLATED)
_5843_/I0                               4.00    6.80   -2.80 (VIOLATED)
_5879_/I0                               4.00    6.80   -2.80 (VIOLATED)
_5888_/I0                               4.00    6.80   -2.80 (VIOLATED)
_5762_/I1                               4.00    6.80   -2.80 (VIOLATED)
_5588_/I1                               4.00    6.80   -2.80 (VIOLATED)
_5543_/I0                               4.00    6.80   -2.80 (VIOLATED)
_5660_/I1                               4.00    6.80   -2.80 (VIOLATED)
_5744_/I0                               4.00    6.80   -2.80 (VIOLATED)
_5735_/I0                               4.00    6.80   -2.80 (VIOLATED)
_5753_/I0                               4.00    6.80   -2.80 (VIOLATED)
_5834_/I0                               4.00    6.80   -2.80 (VIOLATED)
_5861_/I0                               4.00    6.80   -2.80 (VIOLATED)
_5816_/I0                               4.00    6.80   -2.80 (VIOLATED)
_5825_/I0                               4.00    6.80   -2.80 (VIOLATED)
_5561_/I0                               4.00    6.80   -2.80 (VIOLATED)
_4219_/I1                               4.00    6.80   -2.80 (VIOLATED)
_4110_/I0                               4.00    6.80   -2.80 (VIOLATED)
_5798_/I0                               4.00    6.80   -2.80 (VIOLATED)
_5714_/I0                               4.00    6.80   -2.80 (VIOLATED)
_4153_/I0                               4.00    6.80   -2.80 (VIOLATED)
_5723_/I0                               4.00    6.80   -2.80 (VIOLATED)
_4257_/I0                               4.00    6.80   -2.80 (VIOLATED)
_4202_/I1                               4.00    6.80   -2.80 (VIOLATED)
_4236_/I1                               4.00    6.80   -2.80 (VIOLATED)
_5552_/I0                               4.00    6.80   -2.80 (VIOLATED)
_5705_/I1                               4.00    6.80   -2.80 (VIOLATED)
_5615_/I0                               4.00    6.80   -2.80 (VIOLATED)
_5780_/I0                               4.00    6.80   -2.80 (VIOLATED)
_5696_/I0                               4.00    6.80   -2.80 (VIOLATED)
_5597_/I0                               4.00    6.80   -2.80 (VIOLATED)
_5523_/I1                               4.00    6.80   -2.80 (VIOLATED)
_5669_/I1                               4.00    6.80   -2.80 (VIOLATED)
_5633_/I0                               4.00    6.80   -2.80 (VIOLATED)
_5606_/I0                               4.00    6.80   -2.80 (VIOLATED)
_5642_/I1                               4.00    6.80   -2.80 (VIOLATED)
_5678_/I1                               4.00    6.80   -2.80 (VIOLATED)
_5651_/I1                               4.00    6.80   -2.80 (VIOLATED)
_5624_/I0                               4.00    6.80   -2.80 (VIOLATED)
_4266_/I1                               4.00    6.80   -2.80 (VIOLATED)
hold65/Z                                4.00    6.80   -2.80 (VIOLATED)
_5544_/I0                               4.00    6.28   -2.28 (VIOLATED)
_4251_/I0                               4.00    6.28   -2.28 (VIOLATED)
_4258_/I0                               4.00    6.28   -2.28 (VIOLATED)
_4204_/I1                               4.00    6.28   -2.28 (VIOLATED)
_5862_/I0                               4.00    6.28   -2.28 (VIOLATED)
_5772_/I0                               4.00    6.28   -2.28 (VIOLATED)
_5889_/I0                               4.00    6.28   -2.28 (VIOLATED)
_5844_/I0                               4.00    6.27   -2.27 (VIOLATED)
_5835_/I0                               4.00    6.27   -2.27 (VIOLATED)
_5826_/I0                               4.00    6.27   -2.27 (VIOLATED)
_5817_/I0                               4.00    6.27   -2.27 (VIOLATED)
_5754_/I0                               4.00    6.27   -2.27 (VIOLATED)
_5688_/I1                               4.00    6.27   -2.27 (VIOLATED)
_5502_/I1                               4.00    6.27   -2.27 (VIOLATED)
_5508_/I1                               4.00    6.27   -2.27 (VIOLATED)
_4124_/I0                               4.00    6.27   -2.27 (VIOLATED)
_5706_/I1                               4.00    6.27   -2.27 (VIOLATED)
_5871_/I0                               4.00    6.27   -2.27 (VIOLATED)
_5880_/I0                               4.00    6.27   -2.27 (VIOLATED)
_5853_/I0                               4.00    6.27   -2.27 (VIOLATED)
_4133_/I0                               4.00    6.27   -2.27 (VIOLATED)
_4112_/I0                               4.00    6.27   -2.27 (VIOLATED)
_5652_/I1                               4.00    6.27   -2.27 (VIOLATED)
_5697_/I0                               4.00    6.27   -2.27 (VIOLATED)
_5679_/I1                               4.00    6.27   -2.27 (VIOLATED)
_5763_/I1                               4.00    6.27   -2.27 (VIOLATED)
_5598_/I0                               4.00    6.27   -2.27 (VIOLATED)
_5625_/I0                               4.00    6.27   -2.27 (VIOLATED)
_5607_/I0                               4.00    6.27   -2.27 (VIOLATED)
_5781_/I0                               4.00    6.27   -2.27 (VIOLATED)
_4154_/I0                               4.00    6.27   -2.27 (VIOLATED)
_5808_/I0                               4.00    6.27   -2.27 (VIOLATED)
_5589_/I1                               4.00    6.27   -2.27 (VIOLATED)
_5715_/I0                               4.00    6.27   -2.27 (VIOLATED)
_5571_/I0                               4.00    6.27   -2.27 (VIOLATED)
_5580_/I1                               4.00    6.27   -2.27 (VIOLATED)
_5799_/I0                               4.00    6.27   -2.27 (VIOLATED)
_4267_/I1                               4.00    6.27   -2.27 (VIOLATED)
_5634_/I0                               4.00    6.27   -2.27 (VIOLATED)
_5616_/I0                               4.00    6.27   -2.27 (VIOLATED)
_5661_/I1                               4.00    6.27   -2.27 (VIOLATED)
_5736_/I0                               4.00    6.27   -2.27 (VIOLATED)
_5724_/I0                               4.00    6.27   -2.27 (VIOLATED)
_5670_/I1                               4.00    6.27   -2.27 (VIOLATED)
_5745_/I0                               4.00    6.27   -2.27 (VIOLATED)
_5643_/I1                               4.00    6.27   -2.27 (VIOLATED)
_5522_/I1                               4.00    6.27   -2.27 (VIOLATED)
_4221_/I1                               4.00    6.27   -2.27 (VIOLATED)
_5790_/I0                               4.00    6.27   -2.27 (VIOLATED)
_4238_/I1                               4.00    6.27   -2.27 (VIOLATED)
_5553_/I0                               4.00    6.27   -2.27 (VIOLATED)
_5562_/I0                               4.00    6.27   -2.27 (VIOLATED)
hold48/Z                                4.00    6.27   -2.27 (VIOLATED)
_5542_/I0                               4.00    6.11   -2.11 (VIOLATED)
_4249_/I0                               4.00    6.11   -2.11 (VIOLATED)
_5533_/I1                               4.00    6.11   -2.11 (VIOLATED)
_5500_/I1                               4.00    6.11   -2.11 (VIOLATED)
_4131_/I0                               4.00    6.11   -2.11 (VIOLATED)
_5506_/I1                               4.00    6.11   -2.11 (VIOLATED)
_4122_/I0                               4.00    6.11   -2.11 (VIOLATED)
_5587_/I1                               4.00    6.11   -2.11 (VIOLATED)
_5605_/I0                               4.00    6.11   -2.11 (VIOLATED)
_5578_/I1                               4.00    6.11   -2.11 (VIOLATED)
_5860_/I0                               4.00    6.11   -2.11 (VIOLATED)
_4108_/I0                               4.00    6.11   -2.11 (VIOLATED)
_5878_/I0                               4.00    6.11   -2.11 (VIOLATED)
_5887_/I0                               4.00    6.11   -2.11 (VIOLATED)
_5788_/I0                               4.00    6.10   -2.10 (VIOLATED)
_5761_/I1                               4.00    6.10   -2.10 (VIOLATED)
_5842_/I0                               4.00    6.10   -2.10 (VIOLATED)
_5824_/I0                               4.00    6.10   -2.10 (VIOLATED)
_5686_/I1                               4.00    6.10   -2.10 (VIOLATED)
_5869_/I0                               4.00    6.10   -2.10 (VIOLATED)
_5722_/I0                               4.00    6.10   -2.10 (VIOLATED)
_5743_/I0                               4.00    6.10   -2.10 (VIOLATED)
_5851_/I0                               4.00    6.10   -2.10 (VIOLATED)
_4152_/I0                               4.00    6.10   -2.10 (VIOLATED)
_5752_/I0                               4.00    6.10   -2.10 (VIOLATED)
_5560_/I0                               4.00    6.10   -2.10 (VIOLATED)
_5704_/I1                               4.00    6.10   -2.10 (VIOLATED)
_5833_/I0                               4.00    6.10   -2.10 (VIOLATED)
_5596_/I0                               4.00    6.10   -2.10 (VIOLATED)
_4265_/I1                               4.00    6.10   -2.10 (VIOLATED)
_5668_/I1                               4.00    6.10   -2.10 (VIOLATED)
_5815_/I0                               4.00    6.10   -2.10 (VIOLATED)
_5713_/I0                               4.00    6.10   -2.10 (VIOLATED)
_5524_/I1                               4.00    6.10   -2.10 (VIOLATED)
_5770_/I0                               4.00    6.10   -2.10 (VIOLATED)
_4217_/I1                               4.00    6.10   -2.10 (VIOLATED)
_4256_/I0                               4.00    6.10   -2.10 (VIOLATED)
_4200_/I1                               4.00    6.10   -2.10 (VIOLATED)
_5632_/I0                               4.00    6.10   -2.10 (VIOLATED)
_5797_/I0                               4.00    6.10   -2.10 (VIOLATED)
_5734_/I0                               4.00    6.10   -2.10 (VIOLATED)
_5641_/I1                               4.00    6.10   -2.10 (VIOLATED)
_5650_/I1                               4.00    6.10   -2.10 (VIOLATED)
_5623_/I0                               4.00    6.10   -2.10 (VIOLATED)
_5614_/I0                               4.00    6.10   -2.10 (VIOLATED)
_5569_/I0                               4.00    6.10   -2.10 (VIOLATED)
_5677_/I1                               4.00    6.10   -2.10 (VIOLATED)
_5779_/I0                               4.00    6.10   -2.10 (VIOLATED)
_5695_/I0                               4.00    6.10   -2.10 (VIOLATED)
_5806_/I0                               4.00    6.10   -2.10 (VIOLATED)
_4234_/I1                               4.00    6.10   -2.10 (VIOLATED)
_5659_/I1                               4.00    6.10   -2.10 (VIOLATED)
_5551_/I0                               4.00    6.10   -2.10 (VIOLATED)
hold91/Z                                4.00    6.10   -2.10 (VIOLATED)
_4134_/I0                               4.00    6.09   -2.09 (VIOLATED)
_4125_/I0                               4.00    6.09   -2.09 (VIOLATED)
_5509_/I1                               4.00    6.09   -2.09 (VIOLATED)
_5590_/I1                               4.00    6.09   -2.09 (VIOLATED)
_4223_/I1                               4.00    6.09   -2.09 (VIOLATED)
_5581_/I1                               4.00    6.09   -2.09 (VIOLATED)
_5525_/I1                               4.00    6.09   -2.09 (VIOLATED)
_5635_/I0                               4.00    6.09   -2.09 (VIOLATED)
_5644_/I1                               4.00    6.09   -2.09 (VIOLATED)
_5836_/I0                               4.00    6.09   -2.09 (VIOLATED)
_5764_/I1                               4.00    6.09   -2.09 (VIOLATED)
_4114_/I0                               4.00    6.09   -2.09 (VIOLATED)
_5800_/I0                               4.00    6.09   -2.09 (VIOLATED)
_5809_/I0                               4.00    6.09   -2.09 (VIOLATED)
_5818_/I0                               4.00    6.09   -2.09 (VIOLATED)
_5716_/I0                               4.00    6.09   -2.09 (VIOLATED)
_5572_/I0                               4.00    6.09   -2.09 (VIOLATED)
_5698_/I0                               4.00    6.09   -2.09 (VIOLATED)
_5881_/I0                               4.00    6.09   -2.09 (VIOLATED)
_5737_/I0                               4.00    6.09   -2.09 (VIOLATED)
_5782_/I0                               4.00    6.09   -2.09 (VIOLATED)
_5671_/I1                               4.00    6.09   -2.09 (VIOLATED)
_5680_/I1                               4.00    6.09   -2.09 (VIOLATED)
_5746_/I0                               4.00    6.09   -2.09 (VIOLATED)
_5599_/I0                               4.00    6.09   -2.09 (VIOLATED)
_5827_/I0                               4.00    6.09   -2.09 (VIOLATED)
_5626_/I0                               4.00    6.09   -2.09 (VIOLATED)
_5617_/I0                               4.00    6.09   -2.09 (VIOLATED)
_4268_/I1                               4.00    6.09   -2.09 (VIOLATED)
_5854_/I0                               4.00    6.09   -2.09 (VIOLATED)
_5608_/I0                               4.00    6.09   -2.09 (VIOLATED)
_5653_/I1                               4.00    6.09   -2.09 (VIOLATED)
_5662_/I1                               4.00    6.09   -2.09 (VIOLATED)
_5563_/I0                               4.00    6.09   -2.09 (VIOLATED)
_5707_/I1                               4.00    6.09   -2.09 (VIOLATED)
_5689_/I1                               4.00    6.09   -2.09 (VIOLATED)
_4259_/I0                               4.00    6.09   -2.09 (VIOLATED)
_4206_/I1                               4.00    6.09   -2.09 (VIOLATED)
_4252_/I0                               4.00    6.09   -2.09 (VIOLATED)
_5545_/I0                               4.00    6.09   -2.09 (VIOLATED)
_4240_/I1                               4.00    6.09   -2.09 (VIOLATED)
_5554_/I0                               4.00    6.09   -2.09 (VIOLATED)
_5872_/I0                               4.00    6.09   -2.09 (VIOLATED)
_5845_/I0                               4.00    6.09   -2.09 (VIOLATED)
_5890_/I0                               4.00    6.09   -2.09 (VIOLATED)
_5755_/I0                               4.00    6.09   -2.09 (VIOLATED)
_5863_/I0                               4.00    6.09   -2.09 (VIOLATED)
_4155_/I0                               4.00    6.09   -2.09 (VIOLATED)
_5791_/I0                               4.00    6.09   -2.09 (VIOLATED)
_5725_/I0                               4.00    6.09   -2.09 (VIOLATED)
_5773_/I0                               4.00    6.09   -2.09 (VIOLATED)
hold20/Z                                4.00    6.09   -2.09 (VIOLATED)
_4261_/I0                               4.00    6.01   -2.01 (VIOLATED)
_4210_/I1                               4.00    6.01   -2.01 (VIOLATED)
_5547_/I0                               4.00    6.00   -2.00 (VIOLATED)
_5847_/I0                               4.00    6.00   -2.00 (VIOLATED)
_5865_/I0                               4.00    6.00   -2.00 (VIOLATED)
_5892_/I0                               4.00    6.00   -2.00 (VIOLATED)
_5856_/I0                               4.00    6.00   -2.00 (VIOLATED)
_5793_/I0                               4.00    6.00   -2.00 (VIOLATED)
_5874_/I0                               4.00    6.00   -2.00 (VIOLATED)
_5775_/I0                               4.00    6.00   -2.00 (VIOLATED)
_5718_/I0                               4.00    6.00   -2.00 (VIOLATED)
_5727_/I0                               4.00    6.00   -2.00 (VIOLATED)
_4157_/I0                               4.00    6.00   -2.00 (VIOLATED)
_5709_/I1                               4.00    6.00   -2.00 (VIOLATED)
_5883_/I0                               4.00    6.00   -2.00 (VIOLATED)
_5829_/I0                               4.00    6.00   -2.00 (VIOLATED)
_5748_/I0                               4.00    6.00   -2.00 (VIOLATED)
_5757_/I0                               4.00    6.00   -2.00 (VIOLATED)
_5838_/I0                               4.00    6.00   -2.00 (VIOLATED)
_5820_/I0                               4.00    6.00   -2.00 (VIOLATED)
_5766_/I1                               4.00    6.00   -2.00 (VIOLATED)
_5739_/I0                               4.00    6.00   -2.00 (VIOLATED)
_5574_/I0                               4.00    6.00   -2.00 (VIOLATED)
_5811_/I0                               4.00    6.00   -2.00 (VIOLATED)
_4244_/I1                               4.00    6.00   -2.00 (VIOLATED)
_5556_/I0                               4.00    6.00   -2.00 (VIOLATED)
_5691_/I1                               4.00    6.00   -2.00 (VIOLATED)
_5565_/I0                               4.00    6.00   -2.00 (VIOLATED)
_4127_/I0                               4.00    6.00   -2.00 (VIOLATED)
_4136_/I0                               4.00    6.00   -2.00 (VIOLATED)
_5700_/I0                               4.00    6.00   -2.00 (VIOLATED)
_5592_/I1                               4.00    6.00   -2.00 (VIOLATED)
_5802_/I0                               4.00    6.00   -2.00 (VIOLATED)
_4118_/I0                               4.00    6.00   -2.00 (VIOLATED)
_5601_/I0                               4.00    6.00   -2.00 (VIOLATED)
_5583_/I1                               4.00    6.00   -2.00 (VIOLATED)
_5655_/I1                               4.00    6.00   -2.00 (VIOLATED)
_4227_/I1                               4.00    6.00   -2.00 (VIOLATED)
_4270_/I1                               4.00    6.00   -2.00 (VIOLATED)
_5682_/I1                               4.00    6.00   -2.00 (VIOLATED)
_5646_/I1                               4.00    6.00   -2.00 (VIOLATED)
_5610_/I0                               4.00    6.00   -2.00 (VIOLATED)
_5664_/I1                               4.00    6.00   -2.00 (VIOLATED)
_5673_/I1                               4.00    6.00   -2.00 (VIOLATED)
_5628_/I0                               4.00    6.00   -2.00 (VIOLATED)
_5619_/I0                               4.00    6.00   -2.00 (VIOLATED)
_5784_/I0                               4.00    6.00   -2.00 (VIOLATED)
_5637_/I0                               4.00    6.00   -2.00 (VIOLATED)
hold2/Z                                 4.00    6.00   -2.00 (VIOLATED)
_4208_/I1                               4.00    5.90   -1.90 (VIOLATED)
_4260_/I0                               4.00    5.90   -1.90 (VIOLATED)
_5546_/I0                               4.00    5.90   -1.90 (VIOLATED)
_4242_/I1                               4.00    5.90   -1.90 (VIOLATED)
_5555_/I0                               4.00    5.90   -1.90 (VIOLATED)
_5717_/I0                               4.00    5.90   -1.90 (VIOLATED)
_4156_/I0                               4.00    5.90   -1.90 (VIOLATED)
_5756_/I0                               4.00    5.90   -1.90 (VIOLATED)
_5774_/I0                               4.00    5.90   -1.90 (VIOLATED)
_5792_/I0                               4.00    5.90   -1.90 (VIOLATED)
_5855_/I0                               4.00    5.90   -1.90 (VIOLATED)
_5864_/I0                               4.00    5.90   -1.90 (VIOLATED)
_5846_/I0                               4.00    5.90   -1.90 (VIOLATED)
_5891_/I0                               4.00    5.90   -1.90 (VIOLATED)
_5726_/I0                               4.00    5.90   -1.90 (VIOLATED)
_5828_/I0                               4.00    5.90   -1.90 (VIOLATED)
_5747_/I0                               4.00    5.90   -1.90 (VIOLATED)
_5873_/I0                               4.00    5.90   -1.90 (VIOLATED)
_5573_/I0                               4.00    5.90   -1.90 (VIOLATED)
_5837_/I0                               4.00    5.90   -1.90 (VIOLATED)
_5810_/I0                               4.00    5.90   -1.90 (VIOLATED)
_5819_/I0                               4.00    5.90   -1.90 (VIOLATED)
_5765_/I1                               4.00    5.90   -1.90 (VIOLATED)
_5882_/I0                               4.00    5.90   -1.90 (VIOLATED)
_5738_/I0                               4.00    5.90   -1.90 (VIOLATED)
_5708_/I1                               4.00    5.90   -1.90 (VIOLATED)
_5699_/I0                               4.00    5.90   -1.90 (VIOLATED)
_5690_/I1                               4.00    5.90   -1.90 (VIOLATED)
_5564_/I0                               4.00    5.90   -1.90 (VIOLATED)
_4225_/I1                               4.00    5.90   -1.90 (VIOLATED)
_4269_/I1                               4.00    5.90   -1.90 (VIOLATED)
_4126_/I0                               4.00    5.90   -1.90 (VIOLATED)
_4135_/I0                               4.00    5.90   -1.90 (VIOLATED)
_5582_/I1                               4.00    5.90   -1.90 (VIOLATED)
_5600_/I0                               4.00    5.90   -1.90 (VIOLATED)
_5645_/I1                               4.00    5.90   -1.90 (VIOLATED)
_5654_/I1                               4.00    5.90   -1.90 (VIOLATED)
_5681_/I1                               4.00    5.90   -1.90 (VIOLATED)
_5526_/I1                               4.00    5.90   -1.90 (VIOLATED)
_5591_/I1                               4.00    5.90   -1.90 (VIOLATED)
_5627_/I0                               4.00    5.90   -1.90 (VIOLATED)
_5801_/I0                               4.00    5.90   -1.90 (VIOLATED)
_4116_/I0                               4.00    5.90   -1.90 (VIOLATED)
_5783_/I0                               4.00    5.90   -1.90 (VIOLATED)
_5663_/I1                               4.00    5.90   -1.90 (VIOLATED)
_5672_/I1                               4.00    5.90   -1.90 (VIOLATED)
_5609_/I0                               4.00    5.90   -1.90 (VIOLATED)
_5636_/I0                               4.00    5.90   -1.90 (VIOLATED)
_5618_/I0                               4.00    5.90   -1.90 (VIOLATED)
hold12/Z                                4.00    5.90   -1.90 (VIOLATED)
_5720_/I0                               4.00    5.41   -1.41 (VIOLATED)
_5741_/I0                               4.00    5.41   -1.41 (VIOLATED)
_5840_/I0                               4.00    5.41   -1.41 (VIOLATED)
_5768_/I0                               4.00    5.41   -1.41 (VIOLATED)
_5612_/I0                               4.00    5.41   -1.41 (VIOLATED)
_5867_/I0                               4.00    5.40   -1.40 (VIOLATED)
_5849_/I0                               4.00    5.40   -1.40 (VIOLATED)
_5675_/I1                               4.00    5.40   -1.40 (VIOLATED)
_5648_/I1                               4.00    5.40   -1.40 (VIOLATED)
_5702_/I1                               4.00    5.40   -1.40 (VIOLATED)
_5876_/I0                               4.00    5.40   -1.40 (VIOLATED)
_4278_/I0                               4.00    5.40   -1.40 (VIOLATED)
_4321_/I0                               4.00    5.40   -1.40 (VIOLATED)
_4333_/I0                               4.00    5.40   -1.40 (VIOLATED)
_4104_/I0                               4.00    5.40   -1.40 (VIOLATED)
_4330_/I0                               4.00    5.40   -1.40 (VIOLATED)
_5516_/I0                               4.00    5.40   -1.40 (VIOLATED)
_5777_/I0                               4.00    5.40   -1.40 (VIOLATED)
_5732_/I0                               4.00    5.40   -1.40 (VIOLATED)
_5621_/I0                               4.00    5.40   -1.40 (VIOLATED)
_5804_/I0                               4.00    5.40   -1.40 (VIOLATED)
_5567_/I0                               4.00    5.40   -1.40 (VIOLATED)
_4150_/I0                               4.00    5.40   -1.40 (VIOLATED)
_5630_/I0                               4.00    5.40   -1.40 (VIOLATED)
_5711_/I0                               4.00    5.40   -1.40 (VIOLATED)
_5594_/I0                               4.00    5.40   -1.40 (VIOLATED)
_5795_/I0                               4.00    5.40   -1.40 (VIOLATED)
_5511_/I0                               4.00    5.40   -1.40 (VIOLATED)
_5585_/I1                               4.00    5.40   -1.40 (VIOLATED)
_5576_/I1                               4.00    5.40   -1.40 (VIOLATED)
_5693_/I0                               4.00    5.40   -1.40 (VIOLATED)
_5666_/I1                               4.00    5.40   -1.40 (VIOLATED)
_5657_/I1                               4.00    5.40   -1.40 (VIOLATED)
_5639_/I1                               4.00    5.40   -1.40 (VIOLATED)
_5540_/I0                               4.00    5.40   -1.40 (VIOLATED)
_5558_/I0                               4.00    5.40   -1.40 (VIOLATED)
_5786_/I0                               4.00    5.40   -1.40 (VIOLATED)
_4254_/I0                               4.00    5.40   -1.40 (VIOLATED)
_5549_/I0                               4.00    5.40   -1.40 (VIOLATED)
hold227/Z                               4.00    5.40   -1.40 (VIOLATED)
pad_flash_clk                           2.00    2.02   -0.02 (VIOLATED)

max capacitance

Pin                                    Limit     Cap   Slack
------------------------------------------------------------
hold65/Z                                0.48    0.85   -0.37 (VIOLATED)
hold48/Z                                0.48    0.78   -0.30 (VIOLATED)
hold91/Z                                0.48    0.76   -0.28 (VIOLATED)
hold20/Z                                0.48    0.76   -0.28 (VIOLATED)
hold2/Z                                 0.48    0.75   -0.27 (VIOLATED)
hold12/Z                                0.48    0.73   -0.25 (VIOLATED)
hold227/Z                               0.48    0.67   -0.19 (VIOLATED)
hold291/Z                               1.00    1.18   -0.18 (VIOLATED)


===========================================================================
max slew violation count 352
max fanout violation count 0
max cap violation count 8
============================================================================
