
===========================================================================
report_checks -unconstrained
============================================================================
Startpoint: _6902_ (rising edge-triggered flip-flop clocked by wbbd_sck)
Endpoint: _6660_ (recovery check against rising-edge clock sck)
Path Group: **async_default**
Path Type: max

Fanout     Cap    Slew   Delay    Time   Description
-----------------------------------------------------------------------------
                         60.00   60.00   clock wbbd_sck (rise edge)
                          0.00   60.00   clock source latency
                  0.00    0.00   60.00 ^ wb_clk_i (in)
     1    0.11                           wb_clk_i (net)
                  0.02    0.01   60.01 ^ clkbuf_0_wb_clk_i/I (gf180mcu_fd_sc_mcu7t5v0__clkbuf_16)
                  0.43    0.43   60.44 ^ clkbuf_0_wb_clk_i/Z (gf180mcu_fd_sc_mcu7t5v0__clkbuf_16)
     8    0.39                           clknet_0_wb_clk_i (net)
                  0.43    0.01   60.45 ^ clkbuf_3_6__f_wb_clk_i/I (gf180mcu_fd_sc_mcu7t5v0__clkbuf_16)
                  0.20    0.37   60.81 ^ clkbuf_3_6__f_wb_clk_i/Z (gf180mcu_fd_sc_mcu7t5v0__clkbuf_16)
    21    0.14                           clknet_3_6__leaf_wb_clk_i (net)
                  0.20    0.00   60.82 ^ _7278_/CLK (gf180mcu_fd_sc_mcu7t5v0__dffrnq_1)
                  0.48    1.10   61.92 ^ _7278_/Q (gf180mcu_fd_sc_mcu7t5v0__dffrnq_1)
     1    0.03                           wbbd_sck (net)
                  0.48    0.00   61.92 ^ clkbuf_0_wbbd_sck/I (gf180mcu_fd_sc_mcu7t5v0__clkbuf_16)
                  0.13    0.32   62.24 ^ clkbuf_0_wbbd_sck/Z (gf180mcu_fd_sc_mcu7t5v0__clkbuf_16)
     2    0.05                           clknet_0_wbbd_sck (net)
                  0.13    0.00   62.24 ^ clkbuf_1_1__f_wbbd_sck/I (gf180mcu_fd_sc_mcu7t5v0__clkbuf_16)
                  0.09    0.23   62.47 ^ clkbuf_1_1__f_wbbd_sck/Z (gf180mcu_fd_sc_mcu7t5v0__clkbuf_16)
     1    0.02                           clknet_1_1__leaf_wbbd_sck (net)
                  0.09    0.00   62.47 ^ _4072_/A2 (gf180mcu_fd_sc_mcu7t5v0__aoi22_4)
                  0.46    0.24   62.71 v _4072_/ZN (gf180mcu_fd_sc_mcu7t5v0__aoi22_4)
     1    0.07                           _1359_ (net)
                  0.46    0.01   62.72 v clkbuf_0__1359_/I (gf180mcu_fd_sc_mcu7t5v0__clkbuf_16)
                  0.53    0.62   63.34 v clkbuf_0__1359_/Z (gf180mcu_fd_sc_mcu7t5v0__clkbuf_16)
    16    0.52                           clknet_0__1359_ (net)
                  0.53    0.02   63.36 v clkbuf_4_2_0__1359_/I (gf180mcu_fd_sc_mcu7t5v0__clkbuf_8)
                  0.68    0.72   64.08 v clkbuf_4_2_0__1359_/Z (gf180mcu_fd_sc_mcu7t5v0__clkbuf_8)
    12    0.31                           clknet_4_2_0__1359_ (net)
                  0.68    0.02   64.10 v clkbuf_leaf_14__1359_/I (gf180mcu_fd_sc_mcu7t5v0__clkbuf_16)
                  0.11    0.37   64.47 v clkbuf_leaf_14__1359_/Z (gf180mcu_fd_sc_mcu7t5v0__clkbuf_16)
     4    0.03                           clknet_leaf_14__1359_ (net)
                  0.11    0.00   64.48 v net663_323/I (gf180mcu_fd_sc_mcu7t5v0__clkinv_1)
                  0.13    0.10   64.58 ^ net663_323/ZN (gf180mcu_fd_sc_mcu7t5v0__clkinv_1)
     1    0.00                           net685 (net)
                  0.13    0.00   64.58 ^ _6902_/CLK (gf180mcu_fd_sc_mcu7t5v0__dffrnq_2)
                  0.45    0.99   65.57 v _6902_/Q (gf180mcu_fd_sc_mcu7t5v0__dffrnq_2)
     3    0.09                           hkspi_disable (net)
                  0.45    0.00   65.57 v hold773/I (gf180mcu_fd_sc_mcu7t5v0__dlyc_2)
                  0.59    2.29   67.85 v hold773/Z (gf180mcu_fd_sc_mcu7t5v0__dlyc_2)
     2    0.08                           net1634 (net)
                  0.59    0.00   67.86 v _3993_/A2 (gf180mcu_fd_sc_mcu7t5v0__nor3_4)
                  2.39    1.50   69.36 ^ _3993_/ZN (gf180mcu_fd_sc_mcu7t5v0__nor3_4)
     7    0.21                           _1314_ (net)
                  2.40    0.03   69.39 ^ max_cap344/I (gf180mcu_fd_sc_mcu7t5v0__buf_8)
                  0.51    0.44   69.83 ^ max_cap344/Z (gf180mcu_fd_sc_mcu7t5v0__buf_8)
    17    0.23                           net344 (net)
                  0.51    0.00   69.84 ^ max_cap343/I (gf180mcu_fd_sc_mcu7t5v0__buf_8)
                  0.48    0.44   70.27 ^ max_cap343/Z (gf180mcu_fd_sc_mcu7t5v0__buf_8)
    17    0.22                           net343 (net)
                  0.48    0.01   70.28 ^ _6615_/A2 (gf180mcu_fd_sc_mcu7t5v0__and2_4)
                  0.10    0.25   70.54 ^ _6615_/Z (gf180mcu_fd_sc_mcu7t5v0__and2_4)
     1    0.01                           _0021_ (net)
                  0.10    0.00   70.54 ^ _6660_/RN (gf180mcu_fd_sc_mcu7t5v0__dffrnq_4)
                                 70.54   data arrival time

                        120.00  120.00   clock sck (rise edge)
                          0.00  120.00   clock source latency
                  0.00    0.00  120.00 ^ mgmt_gpio_in[4] (in)
     1    0.07                           mgmt_gpio_in[4] (net)
                  0.00    0.00  120.00 ^ clkbuf_0_mgmt_gpio_in[4]/I (gf180mcu_fd_sc_mcu7t5v0__clkbuf_16)
                  0.15    0.25  120.25 ^ clkbuf_0_mgmt_gpio_in[4]/Z (gf180mcu_fd_sc_mcu7t5v0__clkbuf_16)
     4    0.09                           clknet_0_mgmt_gpio_in[4] (net)
                  0.15    0.00  120.25 ^ clkbuf_2_2__f_mgmt_gpio_in[4]/I (gf180mcu_fd_sc_mcu7t5v0__clkbuf_16)
                  0.11    0.25  120.50 ^ clkbuf_2_2__f_mgmt_gpio_in[4]/Z (gf180mcu_fd_sc_mcu7t5v0__clkbuf_16)
    12    0.04                           clknet_2_2__leaf_mgmt_gpio_in[4] (net)
                  0.11    0.00  120.50 ^ _6660_/CLK (gf180mcu_fd_sc_mcu7t5v0__dffrnq_4)
                         -0.10  120.40   clock uncertainty
                          0.00  120.40   clock reconvergence pessimism
                          0.21  120.61   library recovery time
                                120.61   data required time
-----------------------------------------------------------------------------
                                120.61   data required time
                                -70.54   data arrival time
-----------------------------------------------------------------------------
                                 50.07   slack (MET)


Startpoint: _6659_ (rising edge-triggered flip-flop clocked by sck)
Endpoint: _6869_ (falling edge-triggered flip-flop clocked by sck)
Path Group: sck
Path Type: max

Fanout     Cap    Slew   Delay    Time   Description
-----------------------------------------------------------------------------
                          0.00    0.00   clock sck (rise edge)
                          0.00    0.00   clock source latency
                  0.00    0.00    0.00 ^ mgmt_gpio_in[4] (in)
     1    0.07                           mgmt_gpio_in[4] (net)
                  0.00    0.00    0.00 ^ clkbuf_0_mgmt_gpio_in[4]/I (gf180mcu_fd_sc_mcu7t5v0__clkbuf_16)
                  0.15    0.25    0.25 ^ clkbuf_0_mgmt_gpio_in[4]/Z (gf180mcu_fd_sc_mcu7t5v0__clkbuf_16)
     4    0.09                           clknet_0_mgmt_gpio_in[4] (net)
                  0.15    0.00    0.25 ^ clkbuf_2_1__f_mgmt_gpio_in[4]/I (gf180mcu_fd_sc_mcu7t5v0__clkbuf_16)
                  0.11    0.25    0.51 ^ clkbuf_2_1__f_mgmt_gpio_in[4]/Z (gf180mcu_fd_sc_mcu7t5v0__clkbuf_16)
     9    0.05                           clknet_2_1__leaf_mgmt_gpio_in[4] (net)
                  0.11    0.00    0.51 ^ _6659_/CLK (gf180mcu_fd_sc_mcu7t5v0__dffrnq_2)
                  0.43    0.98    1.48 v _6659_/Q (gf180mcu_fd_sc_mcu7t5v0__dffrnq_2)
     7    0.08                           hkspi.addr[4] (net)
                  0.43    0.00    1.48 v hold133/I (gf180mcu_fd_sc_mcu7t5v0__dlyc_2)
                  0.27    1.96    3.44 v hold133/Z (gf180mcu_fd_sc_mcu7t5v0__dlyc_2)
     1    0.01                           net994 (net)
                  0.27    0.00    3.44 v _3475_/I1 (gf180mcu_fd_sc_mcu7t5v0__mux2_2)
                  0.35    0.58    4.02 v _3475_/Z (gf180mcu_fd_sc_mcu7t5v0__mux2_2)
     2    0.05                           _0817_ (net)
                  0.35    0.00    4.03 v _3476_/I (gf180mcu_fd_sc_mcu7t5v0__clkinv_1)
                  0.24    0.21    4.24 ^ _3476_/ZN (gf180mcu_fd_sc_mcu7t5v0__clkinv_1)
     1    0.01                           _0818_ (net)
                  0.24    0.00    4.24 ^ _3478_/I0 (gf180mcu_fd_sc_mcu7t5v0__mux2_4)
                  0.16    0.39    4.63 ^ _3478_/Z (gf180mcu_fd_sc_mcu7t5v0__mux2_4)
     1    0.02                           _0820_ (net)
                  0.16    0.00    4.63 ^ hold11/I (gf180mcu_fd_sc_mcu7t5v0__dlyc_2)
                  1.34    2.37    7.01 ^ hold11/Z (gf180mcu_fd_sc_mcu7t5v0__dlyc_2)
    11    0.16                           net872 (net)
                  1.34    0.01    7.01 ^ _3529_/A1 (gf180mcu_fd_sc_mcu7t5v0__or4_4)
                  2.11    1.51    8.52 ^ _3529_/Z (gf180mcu_fd_sc_mcu7t5v0__or4_4)
    24    0.52                           _0871_ (net)
                  2.11    0.02    8.54 ^ _3572_/A1 (gf180mcu_fd_sc_mcu7t5v0__nor2_4)
                  1.46    1.13    9.67 v _3572_/ZN (gf180mcu_fd_sc_mcu7t5v0__nor2_4)
     8    0.34                           _0914_ (net)
                  1.46    0.02    9.69 v _3879_/B1 (gf180mcu_fd_sc_mcu7t5v0__aoi222_4)
                  0.73    0.72   10.41 ^ _3879_/ZN (gf180mcu_fd_sc_mcu7t5v0__aoi222_4)
     1    0.01                           _1213_ (net)
                  0.73    0.00   10.41 ^ _3880_/I (gf180mcu_fd_sc_mcu7t5v0__clkinv_1)
                  0.40    0.33   10.74 v _3880_/ZN (gf180mcu_fd_sc_mcu7t5v0__clkinv_1)
     1    0.02                           _1214_ (net)
                  0.40    0.00   10.74 v _3881_/C (gf180mcu_fd_sc_mcu7t5v0__aoi221_4)
                  0.99    0.65   11.39 ^ _3881_/ZN (gf180mcu_fd_sc_mcu7t5v0__aoi221_4)
     1    0.04                           _1215_ (net)
                  0.99    0.00   11.39 ^ _3884_/A1 (gf180mcu_fd_sc_mcu7t5v0__and4_4)
                  0.22    0.60   11.99 ^ _3884_/Z (gf180mcu_fd_sc_mcu7t5v0__and4_4)
     1    0.03                           _1218_ (net)
                  0.22    0.00   11.99 ^ _3885_/A4 (gf180mcu_fd_sc_mcu7t5v0__and4_4)
                  0.22    0.50   12.49 ^ _3885_/Z (gf180mcu_fd_sc_mcu7t5v0__and4_4)
     1    0.03                           _1219_ (net)
                  0.22    0.00   12.49 ^ _3896_/A3 (gf180mcu_fd_sc_mcu7t5v0__and4_4)
                  0.36    0.60   13.09 ^ _3896_/Z (gf180mcu_fd_sc_mcu7t5v0__and4_4)
     1    0.07                           _1230_ (net)
                  0.36    0.00   13.09 ^ _3897_/A4 (gf180mcu_fd_sc_mcu7t5v0__nand4_4)
                  0.77    0.48   13.57 v _3897_/ZN (gf180mcu_fd_sc_mcu7t5v0__nand4_4)
     5    0.09                           _1231_ (net)
                  0.77    0.00   13.58 v _3898_/I0 (gf180mcu_fd_sc_mcu7t5v0__mux2_2)
                  0.17    0.53   14.10 v _3898_/Z (gf180mcu_fd_sc_mcu7t5v0__mux2_2)
     1    0.01                           _1232_ (net)
                  0.17    0.00   14.11 v _3899_/I0 (gf180mcu_fd_sc_mcu7t5v0__mux2_2)
                  0.22    0.44   14.54 v _3899_/Z (gf180mcu_fd_sc_mcu7t5v0__mux2_2)
     1    0.02                           _0255_ (net)
                  0.22    0.00   14.54 v _6869_/D (gf180mcu_fd_sc_mcu7t5v0__dffnrnq_1)
                                 14.54   data arrival time

                         60.00   60.00   clock sck (fall edge)
                          0.00   60.00   clock source latency
                  0.00    0.00   60.00 v mgmt_gpio_in[4] (in)
     1    0.07                           mgmt_gpio_in[4] (net)
                  0.00    0.00   60.00 v clkbuf_0_mgmt_gpio_in[4]/I (gf180mcu_fd_sc_mcu7t5v0__clkbuf_16)
                  0.15    0.25   60.25 v clkbuf_0_mgmt_gpio_in[4]/Z (gf180mcu_fd_sc_mcu7t5v0__clkbuf_16)
     4    0.09                           clknet_0_mgmt_gpio_in[4] (net)
                  0.15    0.00   60.25 v clkbuf_2_0__f_mgmt_gpio_in[4]/I (gf180mcu_fd_sc_mcu7t5v0__clkbuf_16)
                  0.12    0.26   60.51 v clkbuf_2_0__f_mgmt_gpio_in[4]/Z (gf180mcu_fd_sc_mcu7t5v0__clkbuf_16)
    11    0.05                           clknet_2_0__leaf_mgmt_gpio_in[4] (net)
                  0.12    0.00   60.51 v _6869_/CLKN (gf180mcu_fd_sc_mcu7t5v0__dffnrnq_1)
                         -0.10   60.41   clock uncertainty
                          0.00   60.41   clock reconvergence pessimism
                         -0.25   60.16   library setup time
                                 60.16   data required time
-----------------------------------------------------------------------------
                                 60.16   data required time
                                -14.54   data arrival time
-----------------------------------------------------------------------------
                                 45.61   slack (MET)


Startpoint: wb_clk_i (clock source 'wb_clk_i')
Endpoint: mgmt_gpio_out[14] (output port clocked by wb_clk_i)
Path Group: wb_clk_i
Path Type: max

Fanout     Cap    Slew   Delay    Time   Description
-----------------------------------------------------------------------------
                         15.00   15.00   clock wb_clk_i (fall edge)
                          0.00   15.00   clock source latency
                  0.00    0.00   15.00 v wb_clk_i (in)
     1    0.11                           wb_clk_i (net)
                  0.02    0.01   15.01 v clkbuf_0_wb_clk_i/I (gf180mcu_fd_sc_mcu7t5v0__clkbuf_16)
                  0.41    0.43   15.44 v clkbuf_0_wb_clk_i/Z (gf180mcu_fd_sc_mcu7t5v0__clkbuf_16)
     8    0.39                           clknet_0_wb_clk_i (net)
                  0.41    0.02   15.45 v clkbuf_3_7__f_wb_clk_i/I (gf180mcu_fd_sc_mcu7t5v0__clkbuf_16)
                  0.18    0.38   15.83 v clkbuf_3_7__f_wb_clk_i/Z (gf180mcu_fd_sc_mcu7t5v0__clkbuf_16)
    16    0.12                           clknet_3_7__leaf_wb_clk_i (net)
                  0.18    0.00   15.84 v _4067_/I1 (gf180mcu_fd_sc_mcu7t5v0__mux2_2)
                  0.21    0.45   16.28 v _4067_/Z (gf180mcu_fd_sc_mcu7t5v0__mux2_2)
     1    0.02                           net214 (net)
                  0.21    0.00   16.28 v output214/I (gf180mcu_fd_sc_mcu7t5v0__dlyc_1)
                  1.10    2.41   18.69 v output214/Z (gf180mcu_fd_sc_mcu7t5v0__dlyc_1)
     1    0.10                           mgmt_gpio_out[14] (net)
                  1.10    0.00   18.69 v mgmt_gpio_out[14] (out)
                                 18.69   data arrival time

                         30.00   30.00   clock wb_clk_i (rise edge)
                          0.00   30.00   clock network delay (propagated)
                         -0.10   29.90   clock uncertainty
                          0.00   29.90   clock reconvergence pessimism
                         -5.00   24.90   output external delay
                                 24.90   data required time
-----------------------------------------------------------------------------
                                 24.90   data required time
                                -18.69   data arrival time
-----------------------------------------------------------------------------
                                  6.21   slack (MET)


Startpoint: mgmt_gpio_in[2] (input port clocked by wb_clk_i)
Endpoint: _6845_ (rising edge-triggered flip-flop clocked by wbbd_sck)
Path Group: wbbd_sck
Path Type: max

Fanout     Cap    Slew   Delay    Time   Description
-----------------------------------------------------------------------------
                         30.00   30.00   clock wb_clk_i (rise edge)
                          0.00   30.00   clock network delay (propagated)
                          5.00   35.00 ^ input external delay
                  0.00    0.00   35.00 ^ mgmt_gpio_in[2] (in)
     1    0.05                           mgmt_gpio_in[2] (net)
                  0.00    0.00   35.00 ^ input58/I (gf180mcu_fd_sc_mcu7t5v0__buf_4)
                  1.36    0.87   35.87 ^ input58/Z (gf180mcu_fd_sc_mcu7t5v0__buf_4)
    12    0.33                           net58 (net)
                  1.36    0.05   35.92 ^ _3498_/I1 (gf180mcu_fd_sc_mcu7t5v0__mux2_2)
                  0.50    0.57   36.49 ^ _3498_/Z (gf180mcu_fd_sc_mcu7t5v0__mux2_2)
     2    0.06                           _0840_ (net)
                  0.51    0.00   36.49 ^ _3499_/I (gf180mcu_fd_sc_mcu7t5v0__clkinv_1)
                  0.27    0.22   36.72 v _3499_/ZN (gf180mcu_fd_sc_mcu7t5v0__clkinv_1)
     1    0.01                           _0841_ (net)
                  0.27    0.00   36.72 v _3500_/I0 (gf180mcu_fd_sc_mcu7t5v0__mux2_4)
                  0.23    0.54   37.26 v _3500_/Z (gf180mcu_fd_sc_mcu7t5v0__mux2_4)
     1    0.02                           _0842_ (net)
                  0.23    0.00   37.26 v hold629/I (gf180mcu_fd_sc_mcu7t5v0__dlyc_2)
                  0.78    2.37   39.63 v hold629/Z (gf180mcu_fd_sc_mcu7t5v0__dlyc_2)
     9    0.12                           net1490 (net)
                  0.78    0.01   39.64 v _3560_/A3 (gf180mcu_fd_sc_mcu7t5v0__or4_4)
                  0.44    0.93   40.56 v _3560_/Z (gf180mcu_fd_sc_mcu7t5v0__or4_4)
     4    0.11                           _0902_ (net)
                  0.44    0.01   40.57 v hold630/I (gf180mcu_fd_sc_mcu7t5v0__dlyc_2)
                  0.92    2.56   43.13 v hold630/Z (gf180mcu_fd_sc_mcu7t5v0__dlyc_2)
     5    0.16                           net1491 (net)
                  0.92    0.01   43.14 v _4341_/A2 (gf180mcu_fd_sc_mcu7t5v0__or3_4)
                  0.16    0.61   43.75 v _4341_/Z (gf180mcu_fd_sc_mcu7t5v0__or3_4)
     1    0.01                           _1446_ (net)
                  0.16    0.00   43.75 v hold631/I (gf180mcu_fd_sc_mcu7t5v0__dlyc_2)
                  0.48    2.07   45.82 v hold631/Z (gf180mcu_fd_sc_mcu7t5v0__dlyc_2)
     2    0.05                           net1492 (net)
                  0.48    0.00   45.82 v _4342_/S (gf180mcu_fd_sc_mcu7t5v0__mux2_2)
                  0.25    0.52   46.34 v _4342_/Z (gf180mcu_fd_sc_mcu7t5v0__mux2_2)
     1    0.03                           _0231_ (net)
                  0.25    0.00   46.34 v hold632/I (gf180mcu_fd_sc_mcu7t5v0__dlyc_2)
                  0.23    1.85   48.19 v hold632/Z (gf180mcu_fd_sc_mcu7t5v0__dlyc_2)
     1    0.00                           net1493 (net)
                  0.23    0.00   48.19 v _6845_/D (gf180mcu_fd_sc_mcu7t5v0__dffrnq_2)
                                 48.19   data arrival time

                         60.00   60.00   clock wbbd_sck (rise edge)
                          0.00   60.00   clock source latency
                  0.00    0.00   60.00 ^ wb_clk_i (in)
     1    0.11                           wb_clk_i (net)
                  0.02    0.01   60.01 ^ clkbuf_0_wb_clk_i/I (gf180mcu_fd_sc_mcu7t5v0__clkbuf_16)
                  0.43    0.43   60.44 ^ clkbuf_0_wb_clk_i/Z (gf180mcu_fd_sc_mcu7t5v0__clkbuf_16)
     8    0.39                           clknet_0_wb_clk_i (net)
                  0.43    0.01   60.45 ^ clkbuf_3_6__f_wb_clk_i/I (gf180mcu_fd_sc_mcu7t5v0__clkbuf_16)
                  0.20    0.37   60.81 ^ clkbuf_3_6__f_wb_clk_i/Z (gf180mcu_fd_sc_mcu7t5v0__clkbuf_16)
    21    0.14                           clknet_3_6__leaf_wb_clk_i (net)
                  0.20    0.00   60.82 ^ _7278_/CLK (gf180mcu_fd_sc_mcu7t5v0__dffrnq_1)
                  0.48    1.10   61.92 ^ _7278_/Q (gf180mcu_fd_sc_mcu7t5v0__dffrnq_1)
     1    0.03                           wbbd_sck (net)
                  0.48    0.00   61.92 ^ clkbuf_0_wbbd_sck/I (gf180mcu_fd_sc_mcu7t5v0__clkbuf_16)
                  0.13    0.32   62.24 ^ clkbuf_0_wbbd_sck/Z (gf180mcu_fd_sc_mcu7t5v0__clkbuf_16)
     2    0.05                           clknet_0_wbbd_sck (net)
                  0.13    0.00   62.24 ^ clkbuf_1_1__f_wbbd_sck/I (gf180mcu_fd_sc_mcu7t5v0__clkbuf_16)
                  0.09    0.23   62.47 ^ clkbuf_1_1__f_wbbd_sck/Z (gf180mcu_fd_sc_mcu7t5v0__clkbuf_16)
     1    0.02                           clknet_1_1__leaf_wbbd_sck (net)
                  0.09    0.00   62.47 ^ _4072_/A2 (gf180mcu_fd_sc_mcu7t5v0__aoi22_4)
                  0.33    0.23   62.71 v _4072_/ZN (gf180mcu_fd_sc_mcu7t5v0__aoi22_4)
     1    0.07                           _1359_ (net)
                  0.33    0.01   62.71 v clkbuf_0__1359_/I (gf180mcu_fd_sc_mcu7t5v0__clkbuf_16)
                  0.53    0.59   63.30 v clkbuf_0__1359_/Z (gf180mcu_fd_sc_mcu7t5v0__clkbuf_16)
    16    0.52                           clknet_0__1359_ (net)
                  0.53    0.02   63.32 v clkbuf_4_0_0__1359_/I (gf180mcu_fd_sc_mcu7t5v0__clkbuf_8)
                  0.81    0.80   64.12 v clkbuf_4_0_0__1359_/Z (gf180mcu_fd_sc_mcu7t5v0__clkbuf_8)
    14    0.37                           clknet_4_0_0__1359_ (net)
                  0.81    0.02   64.14 v clkbuf_leaf_5__1359_/I (gf180mcu_fd_sc_mcu7t5v0__clkbuf_16)
                  0.12    0.41   64.55 v clkbuf_leaf_5__1359_/Z (gf180mcu_fd_sc_mcu7t5v0__clkbuf_16)
     6    0.04                           clknet_leaf_5__1359_ (net)
                  0.12    0.00   64.55 v net713_365/I (gf180mcu_fd_sc_mcu7t5v0__clkinv_1)
                  0.13    0.11   64.66 ^ net713_365/ZN (gf180mcu_fd_sc_mcu7t5v0__clkinv_1)
     1    0.00                           net727 (net)
                  0.13    0.00   64.66 ^ _6845_/CLK (gf180mcu_fd_sc_mcu7t5v0__dffrnq_2)
                         -0.10   64.56   clock uncertainty
                          0.00   64.56   clock reconvergence pessimism
                         -0.17   64.38   library setup time
                                 64.38   data required time
-----------------------------------------------------------------------------
                                 64.38   data required time
                                -48.19   data arrival time
-----------------------------------------------------------------------------
                                 16.20   slack (MET)



===========================================================================
report_checks --slack_max -0.01
============================================================================
No paths found.
