Netgen 1.5.242 compiled on Wed Nov 16 22:54:20 UTC 2022
Warning: netgen command 'format' use fully-qualified name '::netgen::format'
Warning: netgen command 'global' use fully-qualified name '::netgen::global'
Generating JSON file result
Reading netlist file /home/hosni/GF180/PnR_2/caravel-gf180mcu/openlane/housekeeping/runs/RUN_2022.11.28_17.23.38/results/signoff/housekeeping.spice
Reading netlist file /home/hosni/GF180/PnR_2/caravel-gf180mcu/openlane/housekeeping/runs/RUN_2022.11.28_17.23.38/tmp/signoff/27-housekeeping.pnl.v
Warning:  A case-insensitive file has been read and so the	verilog file must be treated case-insensitive to match.
Creating placeholder cell definition for module gf180mcu_fd_sc_mcu7t5v0__clkinv_1.
Creating placeholder cell definition for module gf180mcu_fd_sc_mcu7t5v0__inv_1.
Creating placeholder cell definition for module gf180mcu_fd_sc_mcu7t5v0__clkinv_2.
Creating placeholder cell definition for module gf180mcu_fd_sc_mcu7t5v0__inv_4.
Creating placeholder cell definition for module gf180mcu_fd_sc_mcu7t5v0__clkinv_8.
Creating placeholder cell definition for module gf180mcu_fd_sc_mcu7t5v0__clkinv_3.
Creating placeholder cell definition for module gf180mcu_fd_sc_mcu7t5v0__inv_2.
Creating placeholder cell definition for module gf180mcu_fd_sc_mcu7t5v0__inv_3.
Creating placeholder cell definition for module gf180mcu_fd_sc_mcu7t5v0__clkinv_4.
Creating placeholder cell definition for module gf180mcu_fd_sc_mcu7t5v0__clkinv_12.
Creating placeholder cell definition for module gf180mcu_fd_sc_mcu7t5v0__inv_8.
Creating placeholder cell definition for module gf180mcu_fd_sc_mcu7t5v0__and3_4.
Creating placeholder cell definition for module gf180mcu_fd_sc_mcu7t5v0__nand2_4.
Creating placeholder cell definition for module gf180mcu_fd_sc_mcu7t5v0__nor2_2.
Creating placeholder cell definition for module gf180mcu_fd_sc_mcu7t5v0__or3_4.
Creating placeholder cell definition for module gf180mcu_fd_sc_mcu7t5v0__oai21_4.
Creating placeholder cell definition for module gf180mcu_fd_sc_mcu7t5v0__and2_4.
Creating placeholder cell definition for module gf180mcu_fd_sc_mcu7t5v0__xor2_1.
Creating placeholder cell definition for module gf180mcu_fd_sc_mcu7t5v0__mux2_2.
Creating placeholder cell definition for module gf180mcu_fd_sc_mcu7t5v0__xnor2_1.
Creating placeholder cell definition for module gf180mcu_fd_sc_mcu7t5v0__or4_4.
Creating placeholder cell definition for module gf180mcu_fd_sc_mcu7t5v0__nor3_4.
Creating placeholder cell definition for module gf180mcu_fd_sc_mcu7t5v0__oai31_4.
Creating placeholder cell definition for module gf180mcu_fd_sc_mcu7t5v0__and4_4.
Creating placeholder cell definition for module gf180mcu_fd_sc_mcu7t5v0__aoi21_4.
Creating placeholder cell definition for module gf180mcu_fd_sc_mcu7t5v0__oai211_4.
Creating placeholder cell definition for module gf180mcu_fd_sc_mcu7t5v0__nand4_4.
Creating placeholder cell definition for module gf180mcu_fd_sc_mcu7t5v0__oai22_4.
Creating placeholder cell definition for module gf180mcu_fd_sc_mcu7t5v0__aoi22_4.
Creating placeholder cell definition for module gf180mcu_fd_sc_mcu7t5v0__mux2_4.
Creating placeholder cell definition for module gf180mcu_fd_sc_mcu7t5v0__nor2_4.
Creating placeholder cell definition for module gf180mcu_fd_sc_mcu7t5v0__aoi222_4.
Creating placeholder cell definition for module gf180mcu_fd_sc_mcu7t5v0__aoi221_4.
Creating placeholder cell definition for module gf180mcu_fd_sc_mcu7t5v0__nand3_4.
Creating placeholder cell definition for module gf180mcu_fd_sc_mcu7t5v0__aoi211_4.
Creating placeholder cell definition for module gf180mcu_fd_sc_mcu7t5v0__nor4_4.
Creating placeholder cell definition for module gf180mcu_fd_sc_mcu7t5v0__oai32_4.
Creating placeholder cell definition for module gf180mcu_fd_sc_mcu7t5v0__clkbuf_16.
Creating placeholder cell definition for module gf180mcu_fd_sc_mcu7t5v0__oai221_4.
Creating placeholder cell definition for module gf180mcu_fd_sc_mcu7t5v0__or2_4.
Creating placeholder cell definition for module gf180mcu_fd_sc_mcu7t5v0__xnor2_2.
Creating placeholder cell definition for module gf180mcu_fd_sc_mcu7t5v0__xor2_2.
Creating placeholder cell definition for module gf180mcu_fd_sc_mcu7t5v0__xor2_4.
Creating placeholder cell definition for module gf180mcu_fd_sc_mcu7t5v0__oai222_4.
Creating placeholder cell definition for module gf180mcu_fd_sc_mcu7t5v0__dffrnq_2.
Creating placeholder cell definition for module gf180mcu_fd_sc_mcu7t5v0__dffrnq_4.
Creating placeholder cell definition for module gf180mcu_fd_sc_mcu7t5v0__dffrnq_1.
Creating placeholder cell definition for module gf180mcu_fd_sc_mcu7t5v0__dffsnq_2.
Creating placeholder cell definition for module gf180mcu_fd_sc_mcu7t5v0__dffsnq_4.
Creating placeholder cell definition for module gf180mcu_fd_sc_mcu7t5v0__dffq_1.
Creating placeholder cell definition for module gf180mcu_fd_sc_mcu7t5v0__dffnrnq_1.
Creating placeholder cell definition for module gf180mcu_fd_sc_mcu7t5v0__dffsnq_1.
Creating placeholder cell definition for module gf180mcu_fd_sc_mcu7t5v0__dffnsnq_1.
Creating placeholder cell definition for module gf180mcu_fd_sc_mcu7t5v0__clkbuf_1.
Creating placeholder cell definition for module gf180mcu_fd_sc_mcu7t5v0__endcap.
Creating placeholder cell definition for module gf180mcu_fd_sc_mcu7t5v0__filltie.
Creating placeholder cell definition for module gf180mcu_fd_sc_mcu7t5v0__clkbuf_2.
Creating placeholder cell definition for module gf180mcu_fd_sc_mcu7t5v0__dlyb_1.
Creating placeholder cell definition for module gf180mcu_fd_sc_mcu7t5v0__buf_4.
Creating placeholder cell definition for module gf180mcu_fd_sc_mcu7t5v0__buf_3.
Creating placeholder cell definition for module gf180mcu_fd_sc_mcu7t5v0__buf_16.
Creating placeholder cell definition for module gf180mcu_fd_sc_mcu7t5v0__buf_2.
Creating placeholder cell definition for module gf180mcu_fd_sc_mcu7t5v0__dlyc_1.
Creating placeholder cell definition for module gf180mcu_fd_sc_mcu7t5v0__buf_12.
Creating placeholder cell definition for module gf180mcu_fd_sc_mcu7t5v0__buf_8.
Creating placeholder cell definition for module gf180mcu_fd_sc_mcu7t5v0__buf_20.
Creating placeholder cell definition for module gf180mcu_fd_sc_mcu7t5v0__clkbuf_4.
Creating placeholder cell definition for module gf180mcu_fd_sc_mcu7t5v0__tieh.
Creating placeholder cell definition for module gf180mcu_fd_sc_mcu7t5v0__clkbuf_8.
Creating placeholder cell definition for module gf180mcu_fd_sc_mcu7t5v0__dlyc_2.
Creating placeholder cell definition for module gf180mcu_fd_sc_mcu7t5v0__antenna.
Creating placeholder cell definition for module gf180mcu_fd_sc_mcu7t5v0__fillcap_4.
Creating placeholder cell definition for module gf180mcu_fd_sc_mcu7t5v0__fill_1.
Creating placeholder cell definition for module gf180mcu_fd_sc_mcu7t5v0__fill_2.
Creating placeholder cell definition for module gf180mcu_fd_sc_mcu7t5v0__fillcap_8.
Creating placeholder cell definition for module gf180mcu_fd_sc_mcu7t5v0__fillcap_16.
Creating placeholder cell definition for module gf180mcu_fd_sc_mcu7t5v0__fillcap_32.
Creating placeholder cell definition for module gf180mcu_fd_sc_mcu7t5v0__fillcap_64.
Reading setup file /home/hosni/GF180/PnR_2/OpenLane/pdks/gf180mcuC/libs.tech/netgen/gf180mcuC_setup.tcl
Comparison output logged to file /home/hosni/GF180/PnR_2/caravel-gf180mcu/openlane/housekeeping/runs/RUN_2022.11.28_17.23.38/logs/signoff/30-housekeeping.lef.lvs.log
Logging to file "/home/hosni/GF180/PnR_2/caravel-gf180mcu/openlane/housekeeping/runs/RUN_2022.11.28_17.23.38/logs/signoff/30-housekeeping.lef.lvs.log" enabled

Contents of circuit 1:  Circuit: 'gf180mcu_fd_sc_mcu7t5v0__fillcap_8'
Circuit gf180mcu_fd_sc_mcu7t5v0__fillcap_8 contains 0 device instances.
Circuit contains 0 nets, and 2 disconnected pins.
Contents of circuit 2:  Circuit: 'gf180mcu_fd_sc_mcu7t5v0__fillcap_8'
Circuit gf180mcu_fd_sc_mcu7t5v0__fillcap_8 contains 0 device instances.
Circuit contains 0 nets.

Circuit gf180mcu_fd_sc_mcu7t5v0__fillcap_8 contains no devices.

Contents of circuit 1:  Circuit: 'gf180mcu_fd_sc_mcu7t5v0__dffrnq_1'
Circuit gf180mcu_fd_sc_mcu7t5v0__dffrnq_1 contains 0 device instances.
Circuit contains 0 nets, and 6 disconnected pins.
Contents of circuit 2:  Circuit: 'gf180mcu_fd_sc_mcu7t5v0__dffrnq_1'
Circuit gf180mcu_fd_sc_mcu7t5v0__dffrnq_1 contains 0 device instances.
Circuit contains 0 nets.

Circuit gf180mcu_fd_sc_mcu7t5v0__dffrnq_1 contains no devices.

Contents of circuit 1:  Circuit: 'gf180mcu_fd_sc_mcu7t5v0__dffrnq_2'
Circuit gf180mcu_fd_sc_mcu7t5v0__dffrnq_2 contains 0 device instances.
Circuit contains 0 nets, and 6 disconnected pins.
Contents of circuit 2:  Circuit: 'gf180mcu_fd_sc_mcu7t5v0__dffrnq_2'
Circuit gf180mcu_fd_sc_mcu7t5v0__dffrnq_2 contains 0 device instances.
Circuit contains 0 nets.

Circuit gf180mcu_fd_sc_mcu7t5v0__dffrnq_2 contains no devices.

Contents of circuit 1:  Circuit: 'gf180mcu_fd_sc_mcu7t5v0__fillcap_4'
Circuit gf180mcu_fd_sc_mcu7t5v0__fillcap_4 contains 0 device instances.
Circuit contains 0 nets, and 2 disconnected pins.
Contents of circuit 2:  Circuit: 'gf180mcu_fd_sc_mcu7t5v0__fillcap_4'
Circuit gf180mcu_fd_sc_mcu7t5v0__fillcap_4 contains 0 device instances.
Circuit contains 0 nets.

Circuit gf180mcu_fd_sc_mcu7t5v0__fillcap_4 contains no devices.

Contents of circuit 1:  Circuit: 'gf180mcu_fd_sc_mcu7t5v0__mux2_2'
Circuit gf180mcu_fd_sc_mcu7t5v0__mux2_2 contains 0 device instances.
Circuit contains 0 nets, and 6 disconnected pins.
Contents of circuit 2:  Circuit: 'gf180mcu_fd_sc_mcu7t5v0__mux2_2'
Circuit gf180mcu_fd_sc_mcu7t5v0__mux2_2 contains 0 device instances.
Circuit contains 0 nets.

Circuit gf180mcu_fd_sc_mcu7t5v0__mux2_2 contains no devices.

Contents of circuit 1:  Circuit: 'gf180mcu_fd_sc_mcu7t5v0__nand4_4'
Circuit gf180mcu_fd_sc_mcu7t5v0__nand4_4 contains 0 device instances.
Circuit contains 0 nets, and 7 disconnected pins.
Contents of circuit 2:  Circuit: 'gf180mcu_fd_sc_mcu7t5v0__nand4_4'
Circuit gf180mcu_fd_sc_mcu7t5v0__nand4_4 contains 0 device instances.
Circuit contains 0 nets.

Circuit gf180mcu_fd_sc_mcu7t5v0__nand4_4 contains no devices.

Contents of circuit 1:  Circuit: 'gf180mcu_fd_sc_mcu7t5v0__dlyc_2'
Circuit gf180mcu_fd_sc_mcu7t5v0__dlyc_2 contains 0 device instances.
Circuit contains 0 nets, and 4 disconnected pins.
Contents of circuit 2:  Circuit: 'gf180mcu_fd_sc_mcu7t5v0__dlyc_2'
Circuit gf180mcu_fd_sc_mcu7t5v0__dlyc_2 contains 0 device instances.
Circuit contains 0 nets.

Circuit gf180mcu_fd_sc_mcu7t5v0__dlyc_2 contains no devices.

Contents of circuit 1:  Circuit: 'gf180mcu_fd_sc_mcu7t5v0__fillcap_16'
Circuit gf180mcu_fd_sc_mcu7t5v0__fillcap_16 contains 0 device instances.
Circuit contains 0 nets, and 2 disconnected pins.
Contents of circuit 2:  Circuit: 'gf180mcu_fd_sc_mcu7t5v0__fillcap_16'
Circuit gf180mcu_fd_sc_mcu7t5v0__fillcap_16 contains 0 device instances.
Circuit contains 0 nets.

Circuit gf180mcu_fd_sc_mcu7t5v0__fillcap_16 contains no devices.

Contents of circuit 1:  Circuit: 'gf180mcu_fd_sc_mcu7t5v0__clkinv_1'
Circuit gf180mcu_fd_sc_mcu7t5v0__clkinv_1 contains 0 device instances.
Circuit contains 0 nets, and 4 disconnected pins.
Contents of circuit 2:  Circuit: 'gf180mcu_fd_sc_mcu7t5v0__clkinv_1'
Circuit gf180mcu_fd_sc_mcu7t5v0__clkinv_1 contains 0 device instances.
Circuit contains 0 nets.

Circuit gf180mcu_fd_sc_mcu7t5v0__clkinv_1 contains no devices.

Contents of circuit 1:  Circuit: 'gf180mcu_fd_sc_mcu7t5v0__fillcap_32'
Circuit gf180mcu_fd_sc_mcu7t5v0__fillcap_32 contains 0 device instances.
Circuit contains 0 nets, and 2 disconnected pins.
Contents of circuit 2:  Circuit: 'gf180mcu_fd_sc_mcu7t5v0__fillcap_32'
Circuit gf180mcu_fd_sc_mcu7t5v0__fillcap_32 contains 0 device instances.
Circuit contains 0 nets.

Circuit gf180mcu_fd_sc_mcu7t5v0__fillcap_32 contains no devices.

Contents of circuit 1:  Circuit: 'gf180mcu_fd_sc_mcu7t5v0__clkbuf_16'
Circuit gf180mcu_fd_sc_mcu7t5v0__clkbuf_16 contains 0 device instances.
Circuit contains 0 nets, and 4 disconnected pins.
Contents of circuit 2:  Circuit: 'gf180mcu_fd_sc_mcu7t5v0__clkbuf_16'
Circuit gf180mcu_fd_sc_mcu7t5v0__clkbuf_16 contains 0 device instances.
Circuit contains 0 nets.

Circuit gf180mcu_fd_sc_mcu7t5v0__clkbuf_16 contains no devices.

Contents of circuit 1:  Circuit: 'gf180mcu_fd_sc_mcu7t5v0__or4_4'
Circuit gf180mcu_fd_sc_mcu7t5v0__or4_4 contains 0 device instances.
Circuit contains 0 nets, and 7 disconnected pins.
Contents of circuit 2:  Circuit: 'gf180mcu_fd_sc_mcu7t5v0__or4_4'
Circuit gf180mcu_fd_sc_mcu7t5v0__or4_4 contains 0 device instances.
Circuit contains 0 nets.

Circuit gf180mcu_fd_sc_mcu7t5v0__or4_4 contains no devices.

Contents of circuit 1:  Circuit: 'gf180mcu_fd_sc_mcu7t5v0__nor2_2'
Circuit gf180mcu_fd_sc_mcu7t5v0__nor2_2 contains 0 device instances.
Circuit contains 0 nets, and 5 disconnected pins.
Contents of circuit 2:  Circuit: 'gf180mcu_fd_sc_mcu7t5v0__nor2_2'
Circuit gf180mcu_fd_sc_mcu7t5v0__nor2_2 contains 0 device instances.
Circuit contains 0 nets.

Circuit gf180mcu_fd_sc_mcu7t5v0__nor2_2 contains no devices.

Contents of circuit 1:  Circuit: 'gf180mcu_fd_sc_mcu7t5v0__and2_4'
Circuit gf180mcu_fd_sc_mcu7t5v0__and2_4 contains 0 device instances.
Circuit contains 0 nets, and 5 disconnected pins.
Contents of circuit 2:  Circuit: 'gf180mcu_fd_sc_mcu7t5v0__and2_4'
Circuit gf180mcu_fd_sc_mcu7t5v0__and2_4 contains 0 device instances.
Circuit contains 0 nets.

Circuit gf180mcu_fd_sc_mcu7t5v0__and2_4 contains no devices.

Contents of circuit 1:  Circuit: 'gf180mcu_fd_sc_mcu7t5v0__nor2_4'
Circuit gf180mcu_fd_sc_mcu7t5v0__nor2_4 contains 0 device instances.
Circuit contains 0 nets, and 5 disconnected pins.
Contents of circuit 2:  Circuit: 'gf180mcu_fd_sc_mcu7t5v0__nor2_4'
Circuit gf180mcu_fd_sc_mcu7t5v0__nor2_4 contains 0 device instances.
Circuit contains 0 nets.

Circuit gf180mcu_fd_sc_mcu7t5v0__nor2_4 contains no devices.

Contents of circuit 1:  Circuit: 'gf180mcu_fd_sc_mcu7t5v0__aoi22_4'
Circuit gf180mcu_fd_sc_mcu7t5v0__aoi22_4 contains 0 device instances.
Circuit contains 0 nets, and 7 disconnected pins.
Contents of circuit 2:  Circuit: 'gf180mcu_fd_sc_mcu7t5v0__aoi22_4'
Circuit gf180mcu_fd_sc_mcu7t5v0__aoi22_4 contains 0 device instances.
Circuit contains 0 nets.

Circuit gf180mcu_fd_sc_mcu7t5v0__aoi22_4 contains no devices.

Contents of circuit 1:  Circuit: 'gf180mcu_fd_sc_mcu7t5v0__and4_4'
Circuit gf180mcu_fd_sc_mcu7t5v0__and4_4 contains 0 device instances.
Circuit contains 0 nets, and 7 disconnected pins.
Contents of circuit 2:  Circuit: 'gf180mcu_fd_sc_mcu7t5v0__and4_4'
Circuit gf180mcu_fd_sc_mcu7t5v0__and4_4 contains 0 device instances.
Circuit contains 0 nets.

Circuit gf180mcu_fd_sc_mcu7t5v0__and4_4 contains no devices.

Contents of circuit 1:  Circuit: 'gf180mcu_fd_sc_mcu7t5v0__dffsnq_2'
Circuit gf180mcu_fd_sc_mcu7t5v0__dffsnq_2 contains 0 device instances.
Circuit contains 0 nets, and 6 disconnected pins.
Contents of circuit 2:  Circuit: 'gf180mcu_fd_sc_mcu7t5v0__dffsnq_2'
Circuit gf180mcu_fd_sc_mcu7t5v0__dffsnq_2 contains 0 device instances.
Circuit contains 0 nets.

Circuit gf180mcu_fd_sc_mcu7t5v0__dffsnq_2 contains no devices.

Contents of circuit 1:  Circuit: 'gf180mcu_fd_sc_mcu7t5v0__oai32_4'
Circuit gf180mcu_fd_sc_mcu7t5v0__oai32_4 contains 0 device instances.
Circuit contains 0 nets, and 8 disconnected pins.
Contents of circuit 2:  Circuit: 'gf180mcu_fd_sc_mcu7t5v0__oai32_4'
Circuit gf180mcu_fd_sc_mcu7t5v0__oai32_4 contains 0 device instances.
Circuit contains 0 nets.

Circuit gf180mcu_fd_sc_mcu7t5v0__oai32_4 contains no devices.

Contents of circuit 1:  Circuit: 'gf180mcu_fd_sc_mcu7t5v0__clkbuf_8'
Circuit gf180mcu_fd_sc_mcu7t5v0__clkbuf_8 contains 0 device instances.
Circuit contains 0 nets, and 4 disconnected pins.
Contents of circuit 2:  Circuit: 'gf180mcu_fd_sc_mcu7t5v0__clkbuf_8'
Circuit gf180mcu_fd_sc_mcu7t5v0__clkbuf_8 contains 0 device instances.
Circuit contains 0 nets.

Circuit gf180mcu_fd_sc_mcu7t5v0__clkbuf_8 contains no devices.

Contents of circuit 1:  Circuit: 'gf180mcu_fd_sc_mcu7t5v0__oai211_4'
Circuit gf180mcu_fd_sc_mcu7t5v0__oai211_4 contains 0 device instances.
Circuit contains 0 nets, and 7 disconnected pins.
Contents of circuit 2:  Circuit: 'gf180mcu_fd_sc_mcu7t5v0__oai211_4'
Circuit gf180mcu_fd_sc_mcu7t5v0__oai211_4 contains 0 device instances.
Circuit contains 0 nets.

Circuit gf180mcu_fd_sc_mcu7t5v0__oai211_4 contains no devices.

Contents of circuit 1:  Circuit: 'gf180mcu_fd_sc_mcu7t5v0__buf_4'
Circuit gf180mcu_fd_sc_mcu7t5v0__buf_4 contains 0 device instances.
Circuit contains 0 nets, and 4 disconnected pins.
Contents of circuit 2:  Circuit: 'gf180mcu_fd_sc_mcu7t5v0__buf_4'
Circuit gf180mcu_fd_sc_mcu7t5v0__buf_4 contains 0 device instances.
Circuit contains 0 nets.

Circuit gf180mcu_fd_sc_mcu7t5v0__buf_4 contains no devices.

Contents of circuit 1:  Circuit: 'gf180mcu_fd_sc_mcu7t5v0__and3_4'
Circuit gf180mcu_fd_sc_mcu7t5v0__and3_4 contains 0 device instances.
Circuit contains 0 nets, and 6 disconnected pins.
Contents of circuit 2:  Circuit: 'gf180mcu_fd_sc_mcu7t5v0__and3_4'
Circuit gf180mcu_fd_sc_mcu7t5v0__and3_4 contains 0 device instances.
Circuit contains 0 nets.

Circuit gf180mcu_fd_sc_mcu7t5v0__and3_4 contains no devices.

Contents of circuit 1:  Circuit: 'gf180mcu_fd_sc_mcu7t5v0__mux2_4'
Circuit gf180mcu_fd_sc_mcu7t5v0__mux2_4 contains 0 device instances.
Circuit contains 0 nets, and 6 disconnected pins.
Contents of circuit 2:  Circuit: 'gf180mcu_fd_sc_mcu7t5v0__mux2_4'
Circuit gf180mcu_fd_sc_mcu7t5v0__mux2_4 contains 0 device instances.
Circuit contains 0 nets.

Circuit gf180mcu_fd_sc_mcu7t5v0__mux2_4 contains no devices.

Contents of circuit 1:  Circuit: 'gf180mcu_fd_sc_mcu7t5v0__aoi222_4'
Circuit gf180mcu_fd_sc_mcu7t5v0__aoi222_4 contains 0 device instances.
Circuit contains 0 nets, and 9 disconnected pins.
Contents of circuit 2:  Circuit: 'gf180mcu_fd_sc_mcu7t5v0__aoi222_4'
Circuit gf180mcu_fd_sc_mcu7t5v0__aoi222_4 contains 0 device instances.
Circuit contains 0 nets.

Circuit gf180mcu_fd_sc_mcu7t5v0__aoi222_4 contains no devices.

Contents of circuit 1:  Circuit: 'gf180mcu_fd_sc_mcu7t5v0__aoi21_4'
Circuit gf180mcu_fd_sc_mcu7t5v0__aoi21_4 contains 0 device instances.
Circuit contains 0 nets, and 6 disconnected pins.
Contents of circuit 2:  Circuit: 'gf180mcu_fd_sc_mcu7t5v0__aoi21_4'
Circuit gf180mcu_fd_sc_mcu7t5v0__aoi21_4 contains 0 device instances.
Circuit contains 0 nets.

Circuit gf180mcu_fd_sc_mcu7t5v0__aoi21_4 contains no devices.

Contents of circuit 1:  Circuit: 'gf180mcu_fd_sc_mcu7t5v0__aoi221_4'
Circuit gf180mcu_fd_sc_mcu7t5v0__aoi221_4 contains 0 device instances.
Circuit contains 0 nets, and 8 disconnected pins.
Contents of circuit 2:  Circuit: 'gf180mcu_fd_sc_mcu7t5v0__aoi221_4'
Circuit gf180mcu_fd_sc_mcu7t5v0__aoi221_4 contains 0 device instances.
Circuit contains 0 nets.

Circuit gf180mcu_fd_sc_mcu7t5v0__aoi221_4 contains no devices.

Contents of circuit 1:  Circuit: 'gf180mcu_fd_sc_mcu7t5v0__clkinv_8'
Circuit gf180mcu_fd_sc_mcu7t5v0__clkinv_8 contains 0 device instances.
Circuit contains 0 nets, and 4 disconnected pins.
Contents of circuit 2:  Circuit: 'gf180mcu_fd_sc_mcu7t5v0__clkinv_8'
Circuit gf180mcu_fd_sc_mcu7t5v0__clkinv_8 contains 0 device instances.
Circuit contains 0 nets.

Circuit gf180mcu_fd_sc_mcu7t5v0__clkinv_8 contains no devices.

Contents of circuit 1:  Circuit: 'gf180mcu_fd_sc_mcu7t5v0__or3_4'
Circuit gf180mcu_fd_sc_mcu7t5v0__or3_4 contains 0 device instances.
Circuit contains 0 nets, and 6 disconnected pins.
Contents of circuit 2:  Circuit: 'gf180mcu_fd_sc_mcu7t5v0__or3_4'
Circuit gf180mcu_fd_sc_mcu7t5v0__or3_4 contains 0 device instances.
Circuit contains 0 nets.

Circuit gf180mcu_fd_sc_mcu7t5v0__or3_4 contains no devices.

Contents of circuit 1:  Circuit: 'gf180mcu_fd_sc_mcu7t5v0__antenna'
Circuit gf180mcu_fd_sc_mcu7t5v0__antenna contains 0 device instances.
Circuit contains 0 nets, and 3 disconnected pins.
Contents of circuit 2:  Circuit: 'gf180mcu_fd_sc_mcu7t5v0__antenna'
Circuit gf180mcu_fd_sc_mcu7t5v0__antenna contains 0 device instances.
Circuit contains 0 nets.

Circuit gf180mcu_fd_sc_mcu7t5v0__antenna contains no devices.

Contents of circuit 1:  Circuit: 'gf180mcu_fd_sc_mcu7t5v0__dffq_1'
Circuit gf180mcu_fd_sc_mcu7t5v0__dffq_1 contains 0 device instances.
Circuit contains 0 nets, and 5 disconnected pins.
Contents of circuit 2:  Circuit: 'gf180mcu_fd_sc_mcu7t5v0__dffq_1'
Circuit gf180mcu_fd_sc_mcu7t5v0__dffq_1 contains 0 device instances.
Circuit contains 0 nets.

Circuit gf180mcu_fd_sc_mcu7t5v0__dffq_1 contains no devices.

Contents of circuit 1:  Circuit: 'gf180mcu_fd_sc_mcu7t5v0__nand2_4'
Circuit gf180mcu_fd_sc_mcu7t5v0__nand2_4 contains 0 device instances.
Circuit contains 0 nets, and 5 disconnected pins.
Contents of circuit 2:  Circuit: 'gf180mcu_fd_sc_mcu7t5v0__nand2_4'
Circuit gf180mcu_fd_sc_mcu7t5v0__nand2_4 contains 0 device instances.
Circuit contains 0 nets.

Circuit gf180mcu_fd_sc_mcu7t5v0__nand2_4 contains no devices.

Contents of circuit 1:  Circuit: 'gf180mcu_fd_sc_mcu7t5v0__buf_20'
Circuit gf180mcu_fd_sc_mcu7t5v0__buf_20 contains 0 device instances.
Circuit contains 0 nets, and 4 disconnected pins.
Contents of circuit 2:  Circuit: 'gf180mcu_fd_sc_mcu7t5v0__buf_20'
Circuit gf180mcu_fd_sc_mcu7t5v0__buf_20 contains 0 device instances.
Circuit contains 0 nets.

Circuit gf180mcu_fd_sc_mcu7t5v0__buf_20 contains no devices.

Contents of circuit 1:  Circuit: 'gf180mcu_fd_sc_mcu7t5v0__clkbuf_1'
Circuit gf180mcu_fd_sc_mcu7t5v0__clkbuf_1 contains 0 device instances.
Circuit contains 0 nets, and 4 disconnected pins.
Contents of circuit 2:  Circuit: 'gf180mcu_fd_sc_mcu7t5v0__clkbuf_1'
Circuit gf180mcu_fd_sc_mcu7t5v0__clkbuf_1 contains 0 device instances.
Circuit contains 0 nets.

Circuit gf180mcu_fd_sc_mcu7t5v0__clkbuf_1 contains no devices.

Contents of circuit 1:  Circuit: 'gf180mcu_fd_sc_mcu7t5v0__dlyb_1'
Circuit gf180mcu_fd_sc_mcu7t5v0__dlyb_1 contains 0 device instances.
Circuit contains 0 nets, and 4 disconnected pins.
Contents of circuit 2:  Circuit: 'gf180mcu_fd_sc_mcu7t5v0__dlyb_1'
Circuit gf180mcu_fd_sc_mcu7t5v0__dlyb_1 contains 0 device instances.
Circuit contains 0 nets.

Circuit gf180mcu_fd_sc_mcu7t5v0__dlyb_1 contains no devices.

Contents of circuit 1:  Circuit: 'gf180mcu_fd_sc_mcu7t5v0__dffsnq_4'
Circuit gf180mcu_fd_sc_mcu7t5v0__dffsnq_4 contains 0 device instances.
Circuit contains 0 nets, and 6 disconnected pins.
Contents of circuit 2:  Circuit: 'gf180mcu_fd_sc_mcu7t5v0__dffsnq_4'
Circuit gf180mcu_fd_sc_mcu7t5v0__dffsnq_4 contains 0 device instances.
Circuit contains 0 nets.

Circuit gf180mcu_fd_sc_mcu7t5v0__dffsnq_4 contains no devices.

Contents of circuit 1:  Circuit: 'gf180mcu_fd_sc_mcu7t5v0__oai22_4'
Circuit gf180mcu_fd_sc_mcu7t5v0__oai22_4 contains 0 device instances.
Circuit contains 0 nets, and 7 disconnected pins.
Contents of circuit 2:  Circuit: 'gf180mcu_fd_sc_mcu7t5v0__oai22_4'
Circuit gf180mcu_fd_sc_mcu7t5v0__oai22_4 contains 0 device instances.
Circuit contains 0 nets.

Circuit gf180mcu_fd_sc_mcu7t5v0__oai22_4 contains no devices.

Contents of circuit 1:  Circuit: 'gf180mcu_fd_sc_mcu7t5v0__oai31_4'
Circuit gf180mcu_fd_sc_mcu7t5v0__oai31_4 contains 0 device instances.
Circuit contains 0 nets, and 7 disconnected pins.
Contents of circuit 2:  Circuit: 'gf180mcu_fd_sc_mcu7t5v0__oai31_4'
Circuit gf180mcu_fd_sc_mcu7t5v0__oai31_4 contains 0 device instances.
Circuit contains 0 nets.

Circuit gf180mcu_fd_sc_mcu7t5v0__oai31_4 contains no devices.

Contents of circuit 1:  Circuit: 'gf180mcu_fd_sc_mcu7t5v0__clkinv_2'
Circuit gf180mcu_fd_sc_mcu7t5v0__clkinv_2 contains 0 device instances.
Circuit contains 0 nets, and 4 disconnected pins.
Contents of circuit 2:  Circuit: 'gf180mcu_fd_sc_mcu7t5v0__clkinv_2'
Circuit gf180mcu_fd_sc_mcu7t5v0__clkinv_2 contains 0 device instances.
Circuit contains 0 nets.

Circuit gf180mcu_fd_sc_mcu7t5v0__clkinv_2 contains no devices.

Contents of circuit 1:  Circuit: 'gf180mcu_fd_sc_mcu7t5v0__fillcap_64'
Circuit gf180mcu_fd_sc_mcu7t5v0__fillcap_64 contains 0 device instances.
Circuit contains 0 nets, and 2 disconnected pins.
Contents of circuit 2:  Circuit: 'gf180mcu_fd_sc_mcu7t5v0__fillcap_64'
Circuit gf180mcu_fd_sc_mcu7t5v0__fillcap_64 contains 0 device instances.
Circuit contains 0 nets.

Circuit gf180mcu_fd_sc_mcu7t5v0__fillcap_64 contains no devices.

Contents of circuit 1:  Circuit: 'gf180mcu_fd_sc_mcu7t5v0__dffrnq_4'
Circuit gf180mcu_fd_sc_mcu7t5v0__dffrnq_4 contains 0 device instances.
Circuit contains 0 nets, and 6 disconnected pins.
Contents of circuit 2:  Circuit: 'gf180mcu_fd_sc_mcu7t5v0__dffrnq_4'
Circuit gf180mcu_fd_sc_mcu7t5v0__dffrnq_4 contains 0 device instances.
Circuit contains 0 nets.

Circuit gf180mcu_fd_sc_mcu7t5v0__dffrnq_4 contains no devices.

Contents of circuit 1:  Circuit: 'gf180mcu_fd_sc_mcu7t5v0__nor3_4'
Circuit gf180mcu_fd_sc_mcu7t5v0__nor3_4 contains 0 device instances.
Circuit contains 0 nets, and 6 disconnected pins.
Contents of circuit 2:  Circuit: 'gf180mcu_fd_sc_mcu7t5v0__nor3_4'
Circuit gf180mcu_fd_sc_mcu7t5v0__nor3_4 contains 0 device instances.
Circuit contains 0 nets.

Circuit gf180mcu_fd_sc_mcu7t5v0__nor3_4 contains no devices.

Contents of circuit 1:  Circuit: 'gf180mcu_fd_sc_mcu7t5v0__aoi211_4'
Circuit gf180mcu_fd_sc_mcu7t5v0__aoi211_4 contains 0 device instances.
Circuit contains 0 nets, and 7 disconnected pins.
Contents of circuit 2:  Circuit: 'gf180mcu_fd_sc_mcu7t5v0__aoi211_4'
Circuit gf180mcu_fd_sc_mcu7t5v0__aoi211_4 contains 0 device instances.
Circuit contains 0 nets.

Circuit gf180mcu_fd_sc_mcu7t5v0__aoi211_4 contains no devices.

Contents of circuit 1:  Circuit: 'gf180mcu_fd_sc_mcu7t5v0__buf_12'
Circuit gf180mcu_fd_sc_mcu7t5v0__buf_12 contains 0 device instances.
Circuit contains 0 nets, and 4 disconnected pins.
Contents of circuit 2:  Circuit: 'gf180mcu_fd_sc_mcu7t5v0__buf_12'
Circuit gf180mcu_fd_sc_mcu7t5v0__buf_12 contains 0 device instances.
Circuit contains 0 nets.

Circuit gf180mcu_fd_sc_mcu7t5v0__buf_12 contains no devices.

Contents of circuit 1:  Circuit: 'gf180mcu_fd_sc_mcu7t5v0__nand3_4'
Circuit gf180mcu_fd_sc_mcu7t5v0__nand3_4 contains 0 device instances.
Circuit contains 0 nets, and 6 disconnected pins.
Contents of circuit 2:  Circuit: 'gf180mcu_fd_sc_mcu7t5v0__nand3_4'
Circuit gf180mcu_fd_sc_mcu7t5v0__nand3_4 contains 0 device instances.
Circuit contains 0 nets.

Circuit gf180mcu_fd_sc_mcu7t5v0__nand3_4 contains no devices.

Contents of circuit 1:  Circuit: 'gf180mcu_fd_sc_mcu7t5v0__oai221_4'
Circuit gf180mcu_fd_sc_mcu7t5v0__oai221_4 contains 0 device instances.
Circuit contains 0 nets, and 8 disconnected pins.
Contents of circuit 2:  Circuit: 'gf180mcu_fd_sc_mcu7t5v0__oai221_4'
Circuit gf180mcu_fd_sc_mcu7t5v0__oai221_4 contains 0 device instances.
Circuit contains 0 nets.

Circuit gf180mcu_fd_sc_mcu7t5v0__oai221_4 contains no devices.

Contents of circuit 1:  Circuit: 'gf180mcu_fd_sc_mcu7t5v0__inv_1'
Circuit gf180mcu_fd_sc_mcu7t5v0__inv_1 contains 0 device instances.
Circuit contains 0 nets, and 4 disconnected pins.
Contents of circuit 2:  Circuit: 'gf180mcu_fd_sc_mcu7t5v0__inv_1'
Circuit gf180mcu_fd_sc_mcu7t5v0__inv_1 contains 0 device instances.
Circuit contains 0 nets.

Circuit gf180mcu_fd_sc_mcu7t5v0__inv_1 contains no devices.

Contents of circuit 1:  Circuit: 'gf180mcu_fd_sc_mcu7t5v0__clkinv_12'
Circuit gf180mcu_fd_sc_mcu7t5v0__clkinv_12 contains 0 device instances.
Circuit contains 0 nets, and 4 disconnected pins.
Contents of circuit 2:  Circuit: 'gf180mcu_fd_sc_mcu7t5v0__clkinv_12'
Circuit gf180mcu_fd_sc_mcu7t5v0__clkinv_12 contains 0 device instances.
Circuit contains 0 nets.

Circuit gf180mcu_fd_sc_mcu7t5v0__clkinv_12 contains no devices.

Contents of circuit 1:  Circuit: 'gf180mcu_fd_sc_mcu7t5v0__buf_16'
Circuit gf180mcu_fd_sc_mcu7t5v0__buf_16 contains 0 device instances.
Circuit contains 0 nets, and 4 disconnected pins.
Contents of circuit 2:  Circuit: 'gf180mcu_fd_sc_mcu7t5v0__buf_16'
Circuit gf180mcu_fd_sc_mcu7t5v0__buf_16 contains 0 device instances.
Circuit contains 0 nets.

Circuit gf180mcu_fd_sc_mcu7t5v0__buf_16 contains no devices.

Contents of circuit 1:  Circuit: 'gf180mcu_fd_sc_mcu7t5v0__clkbuf_2'
Circuit gf180mcu_fd_sc_mcu7t5v0__clkbuf_2 contains 0 device instances.
Circuit contains 0 nets, and 4 disconnected pins.
Contents of circuit 2:  Circuit: 'gf180mcu_fd_sc_mcu7t5v0__clkbuf_2'
Circuit gf180mcu_fd_sc_mcu7t5v0__clkbuf_2 contains 0 device instances.
Circuit contains 0 nets.

Circuit gf180mcu_fd_sc_mcu7t5v0__clkbuf_2 contains no devices.

Contents of circuit 1:  Circuit: 'gf180mcu_fd_sc_mcu7t5v0__nor4_4'
Circuit gf180mcu_fd_sc_mcu7t5v0__nor4_4 contains 0 device instances.
Circuit contains 0 nets, and 7 disconnected pins.
Contents of circuit 2:  Circuit: 'gf180mcu_fd_sc_mcu7t5v0__nor4_4'
Circuit gf180mcu_fd_sc_mcu7t5v0__nor4_4 contains 0 device instances.
Circuit contains 0 nets.

Circuit gf180mcu_fd_sc_mcu7t5v0__nor4_4 contains no devices.

Contents of circuit 1:  Circuit: 'gf180mcu_fd_sc_mcu7t5v0__dlyc_1'
Circuit gf180mcu_fd_sc_mcu7t5v0__dlyc_1 contains 0 device instances.
Circuit contains 0 nets, and 4 disconnected pins.
Contents of circuit 2:  Circuit: 'gf180mcu_fd_sc_mcu7t5v0__dlyc_1'
Circuit gf180mcu_fd_sc_mcu7t5v0__dlyc_1 contains 0 device instances.
Circuit contains 0 nets.

Circuit gf180mcu_fd_sc_mcu7t5v0__dlyc_1 contains no devices.

Contents of circuit 1:  Circuit: 'gf180mcu_fd_sc_mcu7t5v0__clkbuf_4'
Circuit gf180mcu_fd_sc_mcu7t5v0__clkbuf_4 contains 0 device instances.
Circuit contains 0 nets, and 4 disconnected pins.
Contents of circuit 2:  Circuit: 'gf180mcu_fd_sc_mcu7t5v0__clkbuf_4'
Circuit gf180mcu_fd_sc_mcu7t5v0__clkbuf_4 contains 0 device instances.
Circuit contains 0 nets.

Circuit gf180mcu_fd_sc_mcu7t5v0__clkbuf_4 contains no devices.

Contents of circuit 1:  Circuit: 'gf180mcu_fd_sc_mcu7t5v0__xor2_2'
Circuit gf180mcu_fd_sc_mcu7t5v0__xor2_2 contains 0 device instances.
Circuit contains 0 nets, and 5 disconnected pins.
Contents of circuit 2:  Circuit: 'gf180mcu_fd_sc_mcu7t5v0__xor2_2'
Circuit gf180mcu_fd_sc_mcu7t5v0__xor2_2 contains 0 device instances.
Circuit contains 0 nets.

Circuit gf180mcu_fd_sc_mcu7t5v0__xor2_2 contains no devices.

Contents of circuit 1:  Circuit: 'gf180mcu_fd_sc_mcu7t5v0__oai21_4'
Circuit gf180mcu_fd_sc_mcu7t5v0__oai21_4 contains 0 device instances.
Circuit contains 0 nets, and 6 disconnected pins.
Contents of circuit 2:  Circuit: 'gf180mcu_fd_sc_mcu7t5v0__oai21_4'
Circuit gf180mcu_fd_sc_mcu7t5v0__oai21_4 contains 0 device instances.
Circuit contains 0 nets.

Circuit gf180mcu_fd_sc_mcu7t5v0__oai21_4 contains no devices.

Contents of circuit 1:  Circuit: 'gf180mcu_fd_sc_mcu7t5v0__xor2_1'
Circuit gf180mcu_fd_sc_mcu7t5v0__xor2_1 contains 0 device instances.
Circuit contains 0 nets, and 5 disconnected pins.
Contents of circuit 2:  Circuit: 'gf180mcu_fd_sc_mcu7t5v0__xor2_1'
Circuit gf180mcu_fd_sc_mcu7t5v0__xor2_1 contains 0 device instances.
Circuit contains 0 nets.

Circuit gf180mcu_fd_sc_mcu7t5v0__xor2_1 contains no devices.

Contents of circuit 1:  Circuit: 'gf180mcu_fd_sc_mcu7t5v0__xnor2_1'
Circuit gf180mcu_fd_sc_mcu7t5v0__xnor2_1 contains 0 device instances.
Circuit contains 0 nets, and 5 disconnected pins.
Contents of circuit 2:  Circuit: 'gf180mcu_fd_sc_mcu7t5v0__xnor2_1'
Circuit gf180mcu_fd_sc_mcu7t5v0__xnor2_1 contains 0 device instances.
Circuit contains 0 nets.

Circuit gf180mcu_fd_sc_mcu7t5v0__xnor2_1 contains no devices.

Contents of circuit 1:  Circuit: 'gf180mcu_fd_sc_mcu7t5v0__buf_2'
Circuit gf180mcu_fd_sc_mcu7t5v0__buf_2 contains 0 device instances.
Circuit contains 0 nets, and 4 disconnected pins.
Contents of circuit 2:  Circuit: 'gf180mcu_fd_sc_mcu7t5v0__buf_2'
Circuit gf180mcu_fd_sc_mcu7t5v0__buf_2 contains 0 device instances.
Circuit contains 0 nets.

Circuit gf180mcu_fd_sc_mcu7t5v0__buf_2 contains no devices.

Contents of circuit 1:  Circuit: 'gf180mcu_fd_sc_mcu7t5v0__clkinv_3'
Circuit gf180mcu_fd_sc_mcu7t5v0__clkinv_3 contains 0 device instances.
Circuit contains 0 nets, and 4 disconnected pins.
Contents of circuit 2:  Circuit: 'gf180mcu_fd_sc_mcu7t5v0__clkinv_3'
Circuit gf180mcu_fd_sc_mcu7t5v0__clkinv_3 contains 0 device instances.
Circuit contains 0 nets.

Circuit gf180mcu_fd_sc_mcu7t5v0__clkinv_3 contains no devices.

Contents of circuit 1:  Circuit: 'gf180mcu_fd_sc_mcu7t5v0__xor2_4'
Circuit gf180mcu_fd_sc_mcu7t5v0__xor2_4 contains 0 device instances.
Circuit contains 0 nets, and 5 disconnected pins.
Contents of circuit 2:  Circuit: 'gf180mcu_fd_sc_mcu7t5v0__xor2_4'
Circuit gf180mcu_fd_sc_mcu7t5v0__xor2_4 contains 0 device instances.
Circuit contains 0 nets.

Circuit gf180mcu_fd_sc_mcu7t5v0__xor2_4 contains no devices.

Contents of circuit 1:  Circuit: 'gf180mcu_fd_sc_mcu7t5v0__inv_4'
Circuit gf180mcu_fd_sc_mcu7t5v0__inv_4 contains 0 device instances.
Circuit contains 0 nets, and 4 disconnected pins.
Contents of circuit 2:  Circuit: 'gf180mcu_fd_sc_mcu7t5v0__inv_4'
Circuit gf180mcu_fd_sc_mcu7t5v0__inv_4 contains 0 device instances.
Circuit contains 0 nets.

Circuit gf180mcu_fd_sc_mcu7t5v0__inv_4 contains no devices.

Contents of circuit 1:  Circuit: 'gf180mcu_fd_sc_mcu7t5v0__clkinv_4'
Circuit gf180mcu_fd_sc_mcu7t5v0__clkinv_4 contains 0 device instances.
Circuit contains 0 nets, and 4 disconnected pins.
Contents of circuit 2:  Circuit: 'gf180mcu_fd_sc_mcu7t5v0__clkinv_4'
Circuit gf180mcu_fd_sc_mcu7t5v0__clkinv_4 contains 0 device instances.
Circuit contains 0 nets.

Circuit gf180mcu_fd_sc_mcu7t5v0__clkinv_4 contains no devices.

Contents of circuit 1:  Circuit: 'gf180mcu_fd_sc_mcu7t5v0__buf_8'
Circuit gf180mcu_fd_sc_mcu7t5v0__buf_8 contains 0 device instances.
Circuit contains 0 nets, and 4 disconnected pins.
Contents of circuit 2:  Circuit: 'gf180mcu_fd_sc_mcu7t5v0__buf_8'
Circuit gf180mcu_fd_sc_mcu7t5v0__buf_8 contains 0 device instances.
Circuit contains 0 nets.

Circuit gf180mcu_fd_sc_mcu7t5v0__buf_8 contains no devices.

Contents of circuit 1:  Circuit: 'gf180mcu_fd_sc_mcu7t5v0__inv_3'
Circuit gf180mcu_fd_sc_mcu7t5v0__inv_3 contains 0 device instances.
Circuit contains 0 nets, and 4 disconnected pins.
Contents of circuit 2:  Circuit: 'gf180mcu_fd_sc_mcu7t5v0__inv_3'
Circuit gf180mcu_fd_sc_mcu7t5v0__inv_3 contains 0 device instances.
Circuit contains 0 nets.

Circuit gf180mcu_fd_sc_mcu7t5v0__inv_3 contains no devices.

Contents of circuit 1:  Circuit: 'gf180mcu_fd_sc_mcu7t5v0__inv_2'
Circuit gf180mcu_fd_sc_mcu7t5v0__inv_2 contains 0 device instances.
Circuit contains 0 nets, and 4 disconnected pins.
Contents of circuit 2:  Circuit: 'gf180mcu_fd_sc_mcu7t5v0__inv_2'
Circuit gf180mcu_fd_sc_mcu7t5v0__inv_2 contains 0 device instances.
Circuit contains 0 nets.

Circuit gf180mcu_fd_sc_mcu7t5v0__inv_2 contains no devices.

Contents of circuit 1:  Circuit: 'gf180mcu_fd_sc_mcu7t5v0__dffnrnq_1'
Circuit gf180mcu_fd_sc_mcu7t5v0__dffnrnq_1 contains 0 device instances.
Circuit contains 0 nets, and 6 disconnected pins.
Contents of circuit 2:  Circuit: 'gf180mcu_fd_sc_mcu7t5v0__dffnrnq_1'
Circuit gf180mcu_fd_sc_mcu7t5v0__dffnrnq_1 contains 0 device instances.
Circuit contains 0 nets.

Circuit gf180mcu_fd_sc_mcu7t5v0__dffnrnq_1 contains no devices.

Contents of circuit 1:  Circuit: 'gf180mcu_fd_sc_mcu7t5v0__dffsnq_1'
Circuit gf180mcu_fd_sc_mcu7t5v0__dffsnq_1 contains 0 device instances.
Circuit contains 0 nets, and 6 disconnected pins.
Contents of circuit 2:  Circuit: 'gf180mcu_fd_sc_mcu7t5v0__dffsnq_1'
Circuit gf180mcu_fd_sc_mcu7t5v0__dffsnq_1 contains 0 device instances.
Circuit contains 0 nets.

Circuit gf180mcu_fd_sc_mcu7t5v0__dffsnq_1 contains no devices.

Contents of circuit 1:  Circuit: 'gf180mcu_fd_sc_mcu7t5v0__xnor2_2'
Circuit gf180mcu_fd_sc_mcu7t5v0__xnor2_2 contains 0 device instances.
Circuit contains 0 nets, and 5 disconnected pins.
Contents of circuit 2:  Circuit: 'gf180mcu_fd_sc_mcu7t5v0__xnor2_2'
Circuit gf180mcu_fd_sc_mcu7t5v0__xnor2_2 contains 0 device instances.
Circuit contains 0 nets.

Circuit gf180mcu_fd_sc_mcu7t5v0__xnor2_2 contains no devices.

Contents of circuit 1:  Circuit: 'gf180mcu_fd_sc_mcu7t5v0__or2_4'
Circuit gf180mcu_fd_sc_mcu7t5v0__or2_4 contains 0 device instances.
Circuit contains 0 nets, and 5 disconnected pins.
Contents of circuit 2:  Circuit: 'gf180mcu_fd_sc_mcu7t5v0__or2_4'
Circuit gf180mcu_fd_sc_mcu7t5v0__or2_4 contains 0 device instances.
Circuit contains 0 nets.

Circuit gf180mcu_fd_sc_mcu7t5v0__or2_4 contains no devices.

Contents of circuit 1:  Circuit: 'gf180mcu_fd_sc_mcu7t5v0__tieh'
Circuit gf180mcu_fd_sc_mcu7t5v0__tieh contains 0 device instances.
Circuit contains 0 nets, and 3 disconnected pins.
Contents of circuit 2:  Circuit: 'gf180mcu_fd_sc_mcu7t5v0__tieh'
Circuit gf180mcu_fd_sc_mcu7t5v0__tieh contains 0 device instances.
Circuit contains 0 nets.

Circuit gf180mcu_fd_sc_mcu7t5v0__tieh contains no devices.

Contents of circuit 1:  Circuit: 'gf180mcu_fd_sc_mcu7t5v0__buf_3'
Circuit gf180mcu_fd_sc_mcu7t5v0__buf_3 contains 0 device instances.
Circuit contains 0 nets, and 4 disconnected pins.
Contents of circuit 2:  Circuit: 'gf180mcu_fd_sc_mcu7t5v0__buf_3'
Circuit gf180mcu_fd_sc_mcu7t5v0__buf_3 contains 0 device instances.
Circuit contains 0 nets.

Circuit gf180mcu_fd_sc_mcu7t5v0__buf_3 contains no devices.

Contents of circuit 1:  Circuit: 'gf180mcu_fd_sc_mcu7t5v0__dffnsnq_1'
Circuit gf180mcu_fd_sc_mcu7t5v0__dffnsnq_1 contains 0 device instances.
Circuit contains 0 nets, and 6 disconnected pins.
Contents of circuit 2:  Circuit: 'gf180mcu_fd_sc_mcu7t5v0__dffnsnq_1'
Circuit gf180mcu_fd_sc_mcu7t5v0__dffnsnq_1 contains 0 device instances.
Circuit contains 0 nets.

Circuit gf180mcu_fd_sc_mcu7t5v0__dffnsnq_1 contains no devices.

Contents of circuit 1:  Circuit: 'gf180mcu_fd_sc_mcu7t5v0__inv_8'
Circuit gf180mcu_fd_sc_mcu7t5v0__inv_8 contains 0 device instances.
Circuit contains 0 nets, and 4 disconnected pins.
Contents of circuit 2:  Circuit: 'gf180mcu_fd_sc_mcu7t5v0__inv_8'
Circuit gf180mcu_fd_sc_mcu7t5v0__inv_8 contains 0 device instances.
Circuit contains 0 nets.

Circuit gf180mcu_fd_sc_mcu7t5v0__inv_8 contains no devices.

Contents of circuit 1:  Circuit: 'gf180mcu_fd_sc_mcu7t5v0__oai222_4'
Circuit gf180mcu_fd_sc_mcu7t5v0__oai222_4 contains 0 device instances.
Circuit contains 0 nets, and 9 disconnected pins.
Contents of circuit 2:  Circuit: 'gf180mcu_fd_sc_mcu7t5v0__oai222_4'
Circuit gf180mcu_fd_sc_mcu7t5v0__oai222_4 contains 0 device instances.
Circuit contains 0 nets.

Circuit gf180mcu_fd_sc_mcu7t5v0__oai222_4 contains no devices.

Contents of circuit 1:  Circuit: 'housekeeping'
Circuit housekeeping contains 11259 device instances.
  Class: gf180mcu_fd_sc_mcu7t5v0__nand3_4 instances:  26
  Class: gf180mcu_fd_sc_mcu7t5v0__dffq_1 instances:  32
  Class: gf180mcu_fd_sc_mcu7t5v0__oai221_4 instances:  11
  Class: gf180mcu_fd_sc_mcu7t5v0__dlyb_1 instances:  33
  Class: gf180mcu_fd_sc_mcu7t5v0__aoi222_4 instances: 192
  Class: gf180mcu_fd_sc_mcu7t5v0__buf_12 instances:   7
  Class: gf180mcu_fd_sc_mcu7t5v0__buf_16 instances:   9
  Class: gf180mcu_fd_sc_mcu7t5v0__and3_4 instances:  70
  Class: gf180mcu_fd_sc_mcu7t5v0__dffsnq_1 instances:   2
  Class: gf180mcu_fd_sc_mcu7t5v0__dffsnq_2 instances:  63
  Class: gf180mcu_fd_sc_mcu7t5v0__dffsnq_4 instances:  84
  Class: gf180mcu_fd_sc_mcu7t5v0__dffrnq_1 instances: 148
  Class: gf180mcu_fd_sc_mcu7t5v0__dffrnq_2 instances: 277
  Class: gf180mcu_fd_sc_mcu7t5v0__dffrnq_4 instances:  32
  Class: gf180mcu_fd_sc_mcu7t5v0__nand2_4 instances: 143
  Class: gf180mcu_fd_sc_mcu7t5v0__dffnsnq_1 instances:   1
  Class: gf180mcu_fd_sc_mcu7t5v0__oai32_4 instances:  17
  Class: gf180mcu_fd_sc_mcu7t5v0__dffnrnq_1 instances:   9
  Class: gf180mcu_fd_sc_mcu7t5v0__oai211_4 instances:  56
  Class: gf180mcu_fd_sc_mcu7t5v0__aoi22_4 instances: 261
  Class: gf180mcu_fd_sc_mcu7t5v0__aoi221_4 instances:  87
  Class: gf180mcu_fd_sc_mcu7t5v0__clkbuf_1 instances:  94
  Class: gf180mcu_fd_sc_mcu7t5v0__clkbuf_2 instances:  19
  Class: gf180mcu_fd_sc_mcu7t5v0__mux2_2 instances: 670
  Class: gf180mcu_fd_sc_mcu7t5v0__clkbuf_4 instances:   1
  Class: gf180mcu_fd_sc_mcu7t5v0__mux2_4 instances:  23
  Class: gf180mcu_fd_sc_mcu7t5v0__clkbuf_8 instances:  16
  Class: gf180mcu_fd_sc_mcu7t5v0__and2_4 instances:  89
  Class: gf180mcu_fd_sc_mcu7t5v0__clkinv_12 instances:   3
  Class: gf180mcu_fd_sc_mcu7t5v0__nor4_4 instances:  24
  Class: gf180mcu_fd_sc_mcu7t5v0__or4_4 instances: 301
  Class: gf180mcu_fd_sc_mcu7t5v0__clkinv_1 instances: 670
  Class: gf180mcu_fd_sc_mcu7t5v0__clkinv_2 instances:  13
  Class: gf180mcu_fd_sc_mcu7t5v0__clkinv_3 instances:   6
  Class: gf180mcu_fd_sc_mcu7t5v0__clkinv_4 instances:   2
  Class: gf180mcu_fd_sc_mcu7t5v0__oai31_4 instances:  36
  Class: gf180mcu_fd_sc_mcu7t5v0__oai22_4 instances:  15
  Class: gf180mcu_fd_sc_mcu7t5v0__buf_2 instances:   4
  Class: gf180mcu_fd_sc_mcu7t5v0__clkinv_8 instances:   6
  Class: gf180mcu_fd_sc_mcu7t5v0__buf_3 instances:   1
  Class: gf180mcu_fd_sc_mcu7t5v0__buf_4 instances: 175
  Class: gf180mcu_fd_sc_mcu7t5v0__buf_8 instances:   3
  Class: gf180mcu_fd_sc_mcu7t5v0__clkbuf_16 instances: 156
  Class: gf180mcu_fd_sc_mcu7t5v0__tieh instances:   1
  Class: gf180mcu_fd_sc_mcu7t5v0__aoi21_4 instances:  80
  Class: gf180mcu_fd_sc_mcu7t5v0__aoi211_4 instances:  20
  Class: gf180mcu_fd_sc_mcu7t5v0__inv_1 instances:  11
  Class: gf180mcu_fd_sc_mcu7t5v0__inv_2 instances:   4
  Class: gf180mcu_fd_sc_mcu7t5v0__inv_3 instances:   2
  Class: gf180mcu_fd_sc_mcu7t5v0__inv_4 instances:   5
  Class: gf180mcu_fd_sc_mcu7t5v0__inv_8 instances:   5
  Class: gf180mcu_fd_sc_mcu7t5v0__nor3_4 instances:  36
  Class: gf180mcu_fd_sc_mcu7t5v0__or3_4 instances:  65
  Class: gf180mcu_fd_sc_mcu7t5v0__oai21_4 instances:  42
  Class: gf180mcu_fd_sc_mcu7t5v0__fillcap_4 instances: 2530
  Class: gf180mcu_fd_sc_mcu7t5v0__fillcap_8 instances: 1685
  Class: gf180mcu_fd_sc_mcu7t5v0__fillcap_64 instances:  49
  Class: gf180mcu_fd_sc_mcu7t5v0__fillcap_16 instances: 760
  Class: gf180mcu_fd_sc_mcu7t5v0__buf_20 instances:  14
  Class: gf180mcu_fd_sc_mcu7t5v0__xnor2_1 instances:   2
  Class: gf180mcu_fd_sc_mcu7t5v0__xnor2_2 instances:   1
  Class: gf180mcu_fd_sc_mcu7t5v0__nor2_2 instances: 236
  Class: gf180mcu_fd_sc_mcu7t5v0__nor2_4 instances: 196
  Class: gf180mcu_fd_sc_mcu7t5v0__antenna instances:  19
  Class: gf180mcu_fd_sc_mcu7t5v0__nand4_4 instances:  70
  Class: gf180mcu_fd_sc_mcu7t5v0__or2_4 instances:   6
  Class: gf180mcu_fd_sc_mcu7t5v0__oai222_4 instances:   1
  Class: gf180mcu_fd_sc_mcu7t5v0__fillcap_32 instances: 166
  Class: gf180mcu_fd_sc_mcu7t5v0__dlyc_1 instances:   6
  Class: gf180mcu_fd_sc_mcu7t5v0__dlyc_2 instances: 1000
  Class: gf180mcu_fd_sc_mcu7t5v0__xor2_1 instances:   9
  Class: gf180mcu_fd_sc_mcu7t5v0__xor2_2 instances:   2
  Class: gf180mcu_fd_sc_mcu7t5v0__xor2_4 instances:   5
  Class: gf180mcu_fd_sc_mcu7t5v0__and4_4 instances: 344
Circuit contains 6221 nets.
Contents of circuit 2:  Circuit: 'housekeeping'
Circuit housekeeping contains 11259 device instances.
  Class: gf180mcu_fd_sc_mcu7t5v0__nand3_4 instances:  26
  Class: gf180mcu_fd_sc_mcu7t5v0__dffq_1 instances:  32
  Class: gf180mcu_fd_sc_mcu7t5v0__oai221_4 instances:  11
  Class: gf180mcu_fd_sc_mcu7t5v0__dlyb_1 instances:  33
  Class: gf180mcu_fd_sc_mcu7t5v0__aoi222_4 instances: 192
  Class: gf180mcu_fd_sc_mcu7t5v0__buf_12 instances:   7
  Class: gf180mcu_fd_sc_mcu7t5v0__buf_16 instances:   9
  Class: gf180mcu_fd_sc_mcu7t5v0__and3_4 instances:  70
  Class: gf180mcu_fd_sc_mcu7t5v0__dffsnq_1 instances:   2
  Class: gf180mcu_fd_sc_mcu7t5v0__dffsnq_2 instances:  63
  Class: gf180mcu_fd_sc_mcu7t5v0__dffsnq_4 instances:  84
  Class: gf180mcu_fd_sc_mcu7t5v0__dffrnq_1 instances: 148
  Class: gf180mcu_fd_sc_mcu7t5v0__dffrnq_2 instances: 277
  Class: gf180mcu_fd_sc_mcu7t5v0__dffrnq_4 instances:  32
  Class: gf180mcu_fd_sc_mcu7t5v0__nand2_4 instances: 143
  Class: gf180mcu_fd_sc_mcu7t5v0__dffnsnq_1 instances:   1
  Class: gf180mcu_fd_sc_mcu7t5v0__oai32_4 instances:  17
  Class: gf180mcu_fd_sc_mcu7t5v0__dffnrnq_1 instances:   9
  Class: gf180mcu_fd_sc_mcu7t5v0__oai211_4 instances:  56
  Class: gf180mcu_fd_sc_mcu7t5v0__aoi22_4 instances: 261
  Class: gf180mcu_fd_sc_mcu7t5v0__aoi221_4 instances:  87
  Class: gf180mcu_fd_sc_mcu7t5v0__clkbuf_1 instances:  94
  Class: gf180mcu_fd_sc_mcu7t5v0__clkbuf_2 instances:  19
  Class: gf180mcu_fd_sc_mcu7t5v0__mux2_2 instances: 670
  Class: gf180mcu_fd_sc_mcu7t5v0__clkbuf_4 instances:   1
  Class: gf180mcu_fd_sc_mcu7t5v0__mux2_4 instances:  23
  Class: gf180mcu_fd_sc_mcu7t5v0__clkbuf_8 instances:  16
  Class: gf180mcu_fd_sc_mcu7t5v0__and2_4 instances:  89
  Class: gf180mcu_fd_sc_mcu7t5v0__clkinv_12 instances:   3
  Class: gf180mcu_fd_sc_mcu7t5v0__nor4_4 instances:  24
  Class: gf180mcu_fd_sc_mcu7t5v0__or4_4 instances: 301
  Class: gf180mcu_fd_sc_mcu7t5v0__clkinv_1 instances: 670
  Class: gf180mcu_fd_sc_mcu7t5v0__clkinv_2 instances:  13
  Class: gf180mcu_fd_sc_mcu7t5v0__clkinv_3 instances:   6
  Class: gf180mcu_fd_sc_mcu7t5v0__oai31_4 instances:  36
  Class: gf180mcu_fd_sc_mcu7t5v0__clkinv_4 instances:   2
  Class: gf180mcu_fd_sc_mcu7t5v0__oai22_4 instances:  15
  Class: gf180mcu_fd_sc_mcu7t5v0__buf_2 instances:   4
  Class: gf180mcu_fd_sc_mcu7t5v0__clkinv_8 instances:   6
  Class: gf180mcu_fd_sc_mcu7t5v0__buf_3 instances:   1
  Class: gf180mcu_fd_sc_mcu7t5v0__buf_4 instances: 175
  Class: gf180mcu_fd_sc_mcu7t5v0__buf_8 instances:   3
  Class: gf180mcu_fd_sc_mcu7t5v0__clkbuf_16 instances: 156
  Class: gf180mcu_fd_sc_mcu7t5v0__tieh instances:   1
  Class: gf180mcu_fd_sc_mcu7t5v0__aoi21_4 instances:  80
  Class: gf180mcu_fd_sc_mcu7t5v0__aoi211_4 instances:  20
  Class: gf180mcu_fd_sc_mcu7t5v0__inv_1 instances:  11
  Class: gf180mcu_fd_sc_mcu7t5v0__inv_2 instances:   4
  Class: gf180mcu_fd_sc_mcu7t5v0__inv_3 instances:   2
  Class: gf180mcu_fd_sc_mcu7t5v0__inv_4 instances:   5
  Class: gf180mcu_fd_sc_mcu7t5v0__inv_8 instances:   5
  Class: gf180mcu_fd_sc_mcu7t5v0__nor3_4 instances:  36
  Class: gf180mcu_fd_sc_mcu7t5v0__or3_4 instances:  65
  Class: gf180mcu_fd_sc_mcu7t5v0__oai21_4 instances:  42
  Class: gf180mcu_fd_sc_mcu7t5v0__fillcap_4 instances: 2530
  Class: gf180mcu_fd_sc_mcu7t5v0__fillcap_8 instances: 1685
  Class: gf180mcu_fd_sc_mcu7t5v0__fillcap_64 instances:  49
  Class: gf180mcu_fd_sc_mcu7t5v0__fillcap_16 instances: 760
  Class: gf180mcu_fd_sc_mcu7t5v0__buf_20 instances:  14
  Class: gf180mcu_fd_sc_mcu7t5v0__xnor2_1 instances:   2
  Class: gf180mcu_fd_sc_mcu7t5v0__xnor2_2 instances:   1
  Class: gf180mcu_fd_sc_mcu7t5v0__nor2_2 instances: 236
  Class: gf180mcu_fd_sc_mcu7t5v0__nor2_4 instances: 196
  Class: gf180mcu_fd_sc_mcu7t5v0__antenna instances:  19
  Class: gf180mcu_fd_sc_mcu7t5v0__nand4_4 instances:  70
  Class: gf180mcu_fd_sc_mcu7t5v0__or2_4 instances:   6
  Class: gf180mcu_fd_sc_mcu7t5v0__oai222_4 instances:   1
  Class: gf180mcu_fd_sc_mcu7t5v0__fillcap_32 instances: 166
  Class: gf180mcu_fd_sc_mcu7t5v0__dlyc_1 instances:   6
  Class: gf180mcu_fd_sc_mcu7t5v0__dlyc_2 instances: 1000
  Class: gf180mcu_fd_sc_mcu7t5v0__xor2_1 instances:   9
  Class: gf180mcu_fd_sc_mcu7t5v0__xor2_2 instances:   2
  Class: gf180mcu_fd_sc_mcu7t5v0__xor2_4 instances:   5
  Class: gf180mcu_fd_sc_mcu7t5v0__and4_4 instances: 344
Circuit contains 6221 nets.

Circuit was modified by parallel/series device merging.
New circuit summary:

Contents of circuit 1:  Circuit: 'housekeeping'
Circuit housekeeping contains 6073 device instances.
  Class: gf180mcu_fd_sc_mcu7t5v0__nand3_4 instances:  26
  Class: gf180mcu_fd_sc_mcu7t5v0__dffq_1 instances:  32
  Class: gf180mcu_fd_sc_mcu7t5v0__oai221_4 instances:  11
  Class: gf180mcu_fd_sc_mcu7t5v0__dlyb_1 instances:  33
  Class: gf180mcu_fd_sc_mcu7t5v0__aoi222_4 instances: 192
  Class: gf180mcu_fd_sc_mcu7t5v0__buf_12 instances:   7
  Class: gf180mcu_fd_sc_mcu7t5v0__buf_16 instances:   9
  Class: gf180mcu_fd_sc_mcu7t5v0__and3_4 instances:  70
  Class: gf180mcu_fd_sc_mcu7t5v0__dffsnq_1 instances:   2
  Class: gf180mcu_fd_sc_mcu7t5v0__dffsnq_2 instances:  63
  Class: gf180mcu_fd_sc_mcu7t5v0__dffsnq_4 instances:  84
  Class: gf180mcu_fd_sc_mcu7t5v0__dffrnq_1 instances: 148
  Class: gf180mcu_fd_sc_mcu7t5v0__dffrnq_2 instances: 277
  Class: gf180mcu_fd_sc_mcu7t5v0__dffrnq_4 instances:  32
  Class: gf180mcu_fd_sc_mcu7t5v0__nand2_4 instances: 143
  Class: gf180mcu_fd_sc_mcu7t5v0__dffnsnq_1 instances:   1
  Class: gf180mcu_fd_sc_mcu7t5v0__oai32_4 instances:  17
  Class: gf180mcu_fd_sc_mcu7t5v0__dffnrnq_1 instances:   9
  Class: gf180mcu_fd_sc_mcu7t5v0__oai211_4 instances:  56
  Class: gf180mcu_fd_sc_mcu7t5v0__aoi22_4 instances: 261
  Class: gf180mcu_fd_sc_mcu7t5v0__aoi221_4 instances:  87
  Class: gf180mcu_fd_sc_mcu7t5v0__clkbuf_1 instances:  94
  Class: gf180mcu_fd_sc_mcu7t5v0__clkbuf_2 instances:  19
  Class: gf180mcu_fd_sc_mcu7t5v0__mux2_2 instances: 670
  Class: gf180mcu_fd_sc_mcu7t5v0__clkbuf_4 instances:   1
  Class: gf180mcu_fd_sc_mcu7t5v0__mux2_4 instances:  23
  Class: gf180mcu_fd_sc_mcu7t5v0__clkbuf_8 instances:  16
  Class: gf180mcu_fd_sc_mcu7t5v0__and2_4 instances:  89
  Class: gf180mcu_fd_sc_mcu7t5v0__clkinv_12 instances:   3
  Class: gf180mcu_fd_sc_mcu7t5v0__nor4_4 instances:  24
  Class: gf180mcu_fd_sc_mcu7t5v0__or4_4 instances: 301
  Class: gf180mcu_fd_sc_mcu7t5v0__clkinv_1 instances: 670
  Class: gf180mcu_fd_sc_mcu7t5v0__clkinv_2 instances:  13
  Class: gf180mcu_fd_sc_mcu7t5v0__clkinv_3 instances:   6
  Class: gf180mcu_fd_sc_mcu7t5v0__clkinv_4 instances:   2
  Class: gf180mcu_fd_sc_mcu7t5v0__oai31_4 instances:  36
  Class: gf180mcu_fd_sc_mcu7t5v0__oai22_4 instances:  15
  Class: gf180mcu_fd_sc_mcu7t5v0__buf_2 instances:   4
  Class: gf180mcu_fd_sc_mcu7t5v0__clkinv_8 instances:   6
  Class: gf180mcu_fd_sc_mcu7t5v0__buf_3 instances:   1
  Class: gf180mcu_fd_sc_mcu7t5v0__buf_4 instances: 175
  Class: gf180mcu_fd_sc_mcu7t5v0__buf_8 instances:   3
  Class: gf180mcu_fd_sc_mcu7t5v0__clkbuf_16 instances: 156
  Class: gf180mcu_fd_sc_mcu7t5v0__tieh instances:   1
  Class: gf180mcu_fd_sc_mcu7t5v0__aoi21_4 instances:  80
  Class: gf180mcu_fd_sc_mcu7t5v0__aoi211_4 instances:  20
  Class: gf180mcu_fd_sc_mcu7t5v0__inv_1 instances:  11
  Class: gf180mcu_fd_sc_mcu7t5v0__inv_2 instances:   4
  Class: gf180mcu_fd_sc_mcu7t5v0__inv_3 instances:   2
  Class: gf180mcu_fd_sc_mcu7t5v0__inv_4 instances:   5
  Class: gf180mcu_fd_sc_mcu7t5v0__inv_8 instances:   5
  Class: gf180mcu_fd_sc_mcu7t5v0__nor3_4 instances:  36
  Class: gf180mcu_fd_sc_mcu7t5v0__or3_4 instances:  65
  Class: gf180mcu_fd_sc_mcu7t5v0__oai21_4 instances:  42
  Class: gf180mcu_fd_sc_mcu7t5v0__fillcap_4 instances:   1
  Class: gf180mcu_fd_sc_mcu7t5v0__fillcap_8 instances:   1
  Class: gf180mcu_fd_sc_mcu7t5v0__fillcap_64 instances:   1
  Class: gf180mcu_fd_sc_mcu7t5v0__fillcap_16 instances:   1
  Class: gf180mcu_fd_sc_mcu7t5v0__buf_20 instances:  14
  Class: gf180mcu_fd_sc_mcu7t5v0__xnor2_1 instances:   2
  Class: gf180mcu_fd_sc_mcu7t5v0__xnor2_2 instances:   1
  Class: gf180mcu_fd_sc_mcu7t5v0__nor2_2 instances: 236
  Class: gf180mcu_fd_sc_mcu7t5v0__nor2_4 instances: 196
  Class: gf180mcu_fd_sc_mcu7t5v0__antenna instances:  18
  Class: gf180mcu_fd_sc_mcu7t5v0__nand4_4 instances:  70
  Class: gf180mcu_fd_sc_mcu7t5v0__or2_4 instances:   6
  Class: gf180mcu_fd_sc_mcu7t5v0__oai222_4 instances:   1
  Class: gf180mcu_fd_sc_mcu7t5v0__fillcap_32 instances:   1
  Class: gf180mcu_fd_sc_mcu7t5v0__dlyc_1 instances:   6
  Class: gf180mcu_fd_sc_mcu7t5v0__dlyc_2 instances: 1000
  Class: gf180mcu_fd_sc_mcu7t5v0__xor2_1 instances:   9
  Class: gf180mcu_fd_sc_mcu7t5v0__xor2_2 instances:   2
  Class: gf180mcu_fd_sc_mcu7t5v0__xor2_4 instances:   5
  Class: gf180mcu_fd_sc_mcu7t5v0__and4_4 instances: 344
Circuit contains 6221 nets.
Contents of circuit 2:  Circuit: 'housekeeping'
Circuit housekeeping contains 6073 device instances.
  Class: gf180mcu_fd_sc_mcu7t5v0__nand3_4 instances:  26
  Class: gf180mcu_fd_sc_mcu7t5v0__dffq_1 instances:  32
  Class: gf180mcu_fd_sc_mcu7t5v0__oai221_4 instances:  11
  Class: gf180mcu_fd_sc_mcu7t5v0__dlyb_1 instances:  33
  Class: gf180mcu_fd_sc_mcu7t5v0__aoi222_4 instances: 192
  Class: gf180mcu_fd_sc_mcu7t5v0__buf_12 instances:   7
  Class: gf180mcu_fd_sc_mcu7t5v0__buf_16 instances:   9
  Class: gf180mcu_fd_sc_mcu7t5v0__and3_4 instances:  70
  Class: gf180mcu_fd_sc_mcu7t5v0__dffsnq_1 instances:   2
  Class: gf180mcu_fd_sc_mcu7t5v0__dffsnq_2 instances:  63
  Class: gf180mcu_fd_sc_mcu7t5v0__dffsnq_4 instances:  84
  Class: gf180mcu_fd_sc_mcu7t5v0__dffrnq_1 instances: 148
  Class: gf180mcu_fd_sc_mcu7t5v0__dffrnq_2 instances: 277
  Class: gf180mcu_fd_sc_mcu7t5v0__dffrnq_4 instances:  32
  Class: gf180mcu_fd_sc_mcu7t5v0__nand2_4 instances: 143
  Class: gf180mcu_fd_sc_mcu7t5v0__dffnsnq_1 instances:   1
  Class: gf180mcu_fd_sc_mcu7t5v0__oai32_4 instances:  17
  Class: gf180mcu_fd_sc_mcu7t5v0__dffnrnq_1 instances:   9
  Class: gf180mcu_fd_sc_mcu7t5v0__oai211_4 instances:  56
  Class: gf180mcu_fd_sc_mcu7t5v0__aoi22_4 instances: 261
  Class: gf180mcu_fd_sc_mcu7t5v0__aoi221_4 instances:  87
  Class: gf180mcu_fd_sc_mcu7t5v0__clkbuf_1 instances:  94
  Class: gf180mcu_fd_sc_mcu7t5v0__clkbuf_2 instances:  19
  Class: gf180mcu_fd_sc_mcu7t5v0__mux2_2 instances: 670
  Class: gf180mcu_fd_sc_mcu7t5v0__clkbuf_4 instances:   1
  Class: gf180mcu_fd_sc_mcu7t5v0__mux2_4 instances:  23
  Class: gf180mcu_fd_sc_mcu7t5v0__clkbuf_8 instances:  16
  Class: gf180mcu_fd_sc_mcu7t5v0__and2_4 instances:  89
  Class: gf180mcu_fd_sc_mcu7t5v0__clkinv_12 instances:   3
  Class: gf180mcu_fd_sc_mcu7t5v0__nor4_4 instances:  24
  Class: gf180mcu_fd_sc_mcu7t5v0__or4_4 instances: 301
  Class: gf180mcu_fd_sc_mcu7t5v0__clkinv_1 instances: 670
  Class: gf180mcu_fd_sc_mcu7t5v0__clkinv_2 instances:  13
  Class: gf180mcu_fd_sc_mcu7t5v0__clkinv_3 instances:   6
  Class: gf180mcu_fd_sc_mcu7t5v0__oai31_4 instances:  36
  Class: gf180mcu_fd_sc_mcu7t5v0__clkinv_4 instances:   2
  Class: gf180mcu_fd_sc_mcu7t5v0__oai22_4 instances:  15
  Class: gf180mcu_fd_sc_mcu7t5v0__buf_2 instances:   4
  Class: gf180mcu_fd_sc_mcu7t5v0__clkinv_8 instances:   6
  Class: gf180mcu_fd_sc_mcu7t5v0__buf_3 instances:   1
  Class: gf180mcu_fd_sc_mcu7t5v0__buf_4 instances: 175
  Class: gf180mcu_fd_sc_mcu7t5v0__buf_8 instances:   3
  Class: gf180mcu_fd_sc_mcu7t5v0__clkbuf_16 instances: 156
  Class: gf180mcu_fd_sc_mcu7t5v0__tieh instances:   1
  Class: gf180mcu_fd_sc_mcu7t5v0__aoi21_4 instances:  80
  Class: gf180mcu_fd_sc_mcu7t5v0__aoi211_4 instances:  20
  Class: gf180mcu_fd_sc_mcu7t5v0__inv_1 instances:  11
  Class: gf180mcu_fd_sc_mcu7t5v0__inv_2 instances:   4
  Class: gf180mcu_fd_sc_mcu7t5v0__inv_3 instances:   2
  Class: gf180mcu_fd_sc_mcu7t5v0__inv_4 instances:   5
  Class: gf180mcu_fd_sc_mcu7t5v0__inv_8 instances:   5
  Class: gf180mcu_fd_sc_mcu7t5v0__nor3_4 instances:  36
  Class: gf180mcu_fd_sc_mcu7t5v0__or3_4 instances:  65
  Class: gf180mcu_fd_sc_mcu7t5v0__oai21_4 instances:  42
  Class: gf180mcu_fd_sc_mcu7t5v0__fillcap_4 instances:   1
  Class: gf180mcu_fd_sc_mcu7t5v0__fillcap_8 instances:   1
  Class: gf180mcu_fd_sc_mcu7t5v0__fillcap_64 instances:   1
  Class: gf180mcu_fd_sc_mcu7t5v0__fillcap_16 instances:   1
  Class: gf180mcu_fd_sc_mcu7t5v0__buf_20 instances:  14
  Class: gf180mcu_fd_sc_mcu7t5v0__xnor2_1 instances:   2
  Class: gf180mcu_fd_sc_mcu7t5v0__xnor2_2 instances:   1
  Class: gf180mcu_fd_sc_mcu7t5v0__nor2_2 instances: 236
  Class: gf180mcu_fd_sc_mcu7t5v0__nor2_4 instances: 196
  Class: gf180mcu_fd_sc_mcu7t5v0__antenna instances:  18
  Class: gf180mcu_fd_sc_mcu7t5v0__nand4_4 instances:  70
  Class: gf180mcu_fd_sc_mcu7t5v0__or2_4 instances:   6
  Class: gf180mcu_fd_sc_mcu7t5v0__oai222_4 instances:   1
  Class: gf180mcu_fd_sc_mcu7t5v0__fillcap_32 instances:   1
  Class: gf180mcu_fd_sc_mcu7t5v0__dlyc_1 instances:   6
  Class: gf180mcu_fd_sc_mcu7t5v0__dlyc_2 instances: 1000
  Class: gf180mcu_fd_sc_mcu7t5v0__xor2_1 instances:   9
  Class: gf180mcu_fd_sc_mcu7t5v0__xor2_2 instances:   2
  Class: gf180mcu_fd_sc_mcu7t5v0__xor2_4 instances:   5
  Class: gf180mcu_fd_sc_mcu7t5v0__and4_4 instances: 344
Circuit contains 6221 nets.

Circuit 1 contains 6073 devices, Circuit 2 contains 6073 devices.
Circuit 1 contains 6221 nets,    Circuit 2 contains 6221 nets.


Final result: 
Circuits match uniquely.
.
Logging to file "/home/hosni/GF180/PnR_2/caravel-gf180mcu/openlane/housekeeping/runs/RUN_2022.11.28_17.23.38/logs/signoff/30-housekeeping.lef.lvs.log" disabled
LVS Done.
