OpenROAD 7c85c140308f01b73f57ea1117f3e43f39abd437 
This program is licensed under the BSD-3 license. See the LICENSE file for details.
Components of this program may be licensed under more restrictive licenses which must be honored.
Net: _0100_
  Pin: hold667/I (gf180mcu_fd_sc_mcu7t5v0__dlyc_2)
    Layer: Metal4
      Partial area ratio:    3.83
      Required ratio:    0.00 (Gate area) 
      Partial area ratio:   14.89
      Required ratio:  400.00 (Side area) 
      Cumulative area ratio:  197.39
      Required ratio:    0.00 (Cumulative area) 
      Cumulative area ratio:  683.84
      Required ratio:    0.00 (Cumulative side area) 

    Layer: Metal3
      Partial area ratio:  145.12
      Required ratio:    0.00 (Gate area) 
      Partial area ratio:  562.04
      Required ratio:  400.00 (Side area) (VIOLATED)
      Cumulative area ratio:  171.85
      Required ratio:    0.00 (Cumulative area) 
      Cumulative area ratio:  668.95
      Required ratio:    0.00 (Cumulative side area) 

    Layer: Metal2
      Partial area ratio:   26.73
      Required ratio:    0.00 (Gate area) 
      Partial area ratio:  106.91
      Required ratio:  400.00 (Side area) 
      Cumulative area ratio:   26.73
      Required ratio:    0.00 (Cumulative area) 
      Cumulative area ratio:  106.91
      Required ratio:    0.00 (Cumulative side area) 

    Layer: Metal1
      Partial area ratio:    0.00
      Required ratio:    0.00 (Gate area) 
      Partial area ratio:    0.00
      Required ratio:  400.00 (Side area) 
      Cumulative area ratio:    0.00
      Required ratio:    0.00 (Cumulative area) 
      Cumulative area ratio:    0.00
      Required ratio:    0.00 (Cumulative side area) 

    Via: Via3_HV
      Partial area ratio:    0.17
      Required ratio:   20.00 (Gate area) 
      Cumulative area ratio:    0.51
      Required ratio:    0.00 (Cumulative area) 

    Via: Via2_VH
      Partial area ratio:    0.17
      Required ratio:   20.00 (Gate area) 
      Cumulative area ratio:    0.34
      Required ratio:    0.00 (Cumulative area) 

    Via: Via1_HV
      Partial area ratio:    0.17
      Required ratio:   20.00 (Gate area) 
      Cumulative area ratio:    0.17
      Required ratio:    0.00 (Cumulative area) 


Net: _2595_
  Pin: hold12/I (gf180mcu_fd_sc_mcu7t5v0__dlyc_2)
    Layer: Metal4
      Partial area ratio:   10.20
      Required ratio:    0.00 (Gate area) 
      Partial area ratio:   39.39
      Required ratio:  400.00 (Side area) 
      Cumulative area ratio:  235.20
      Required ratio:    0.00 (Cumulative area) 
      Cumulative area ratio:  453.28
      Required ratio:    0.00 (Cumulative side area) 

    Layer: Metal3
      Partial area ratio:  104.93
      Required ratio:    0.00 (Gate area) 
      Partial area ratio:  407.78
      Required ratio:  400.00 (Side area) (VIOLATED)
      Cumulative area ratio:  106.32
      Required ratio:    0.00 (Cumulative area) 
      Cumulative area ratio:  413.89
      Required ratio:    0.00 (Cumulative side area) 

    Layer: Metal2
      Partial area ratio:    1.39
      Required ratio:    0.00 (Gate area) 
      Partial area ratio:    6.11
      Required ratio:  400.00 (Side area) 
      Cumulative area ratio:    1.39
      Required ratio:    0.00 (Cumulative area) 
      Cumulative area ratio:    6.11
      Required ratio:    0.00 (Cumulative side area) 

    Layer: Metal1
      Partial area ratio:    0.00
      Required ratio:    0.00 (Gate area) 
      Partial area ratio:    0.00
      Required ratio:  400.00 (Side area) 
      Cumulative area ratio:    0.00
      Required ratio:    0.00 (Cumulative area) 
      Cumulative area ratio:    0.00
      Required ratio:    0.00 (Cumulative side area) 

    Via: Via3_HV
      Partial area ratio:    0.17
      Required ratio:   20.00 (Gate area) 
      Cumulative area ratio:    0.51
      Required ratio:    0.00 (Cumulative area) 

    Via: Via2_VH
      Partial area ratio:    0.17
      Required ratio:   20.00 (Gate area) 
      Cumulative area ratio:    0.34
      Required ratio:    0.00 (Cumulative area) 

    Via: Via1_HV
      Partial area ratio:    0.17
      Required ratio:   20.00 (Gate area) 
      Cumulative area ratio:    0.17
      Required ratio:    0.00 (Cumulative area) 


Net: gpio_configure\[1\]\[1\]
  Pin: hold835/I (gf180mcu_fd_sc_mcu7t5v0__dlyc_2)
    Layer: Metal3
      Partial area ratio:    1.82
      Required ratio:    0.00 (Gate area) 
      Partial area ratio:    7.15
      Required ratio:  400.00 (Side area) 
      Cumulative area ratio:  157.72
      Required ratio:    0.00 (Cumulative area) 
      Cumulative area ratio:  611.95
      Required ratio:    0.00 (Cumulative side area) 

    Layer: Metal2
      Partial area ratio:  155.61
      Required ratio:    0.00 (Gate area) 
      Partial area ratio:  604.80
      Required ratio:  400.00 (Side area) (VIOLATED)
      Cumulative area ratio:  155.61
      Required ratio:    0.00 (Cumulative area) 
      Cumulative area ratio:  604.80
      Required ratio:    0.00 (Cumulative side area) 

    Layer: Metal1
      Partial area ratio:    0.00
      Required ratio:    0.00 (Gate area) 
      Partial area ratio:    0.00
      Required ratio:  400.00 (Side area) 
      Cumulative area ratio:    0.00
      Required ratio:    0.00 (Cumulative area) 
      Cumulative area ratio:    0.00
      Required ratio:    0.00 (Cumulative side area) 

    Via: Via2_VH
      Partial area ratio:    0.34
      Required ratio:   20.00 (Gate area) 
      Cumulative area ratio:    0.51
      Required ratio:    0.00 (Cumulative area) 

    Via: Via1_HV
      Partial area ratio:    0.17
      Required ratio:   20.00 (Gate area) 
      Cumulative area ratio:    0.17
      Required ratio:    0.00 (Cumulative area) 

  Pin: _6316_/C2 (gf180mcu_fd_sc_mcu7t5v0__aoi222_4)
    Layer: Metal3
      Partial area ratio:    1.82
      Required ratio:    0.00 (Gate area) 
      Partial area ratio:    7.15
      Required ratio:  400.00 (Side area) 
      Cumulative area ratio:  158.19
      Required ratio:    0.00 (Cumulative area) 
      Cumulative area ratio:  613.87
      Required ratio:    0.00 (Cumulative side area) 

    Layer: Metal2
      Partial area ratio:    0.46
      Required ratio:    0.00 (Gate area) 
      Partial area ratio:    1.92
      Required ratio:  400.00 (Side area) 
      Cumulative area ratio:    0.46
      Required ratio:    0.00 (Cumulative area) 
      Cumulative area ratio:    1.92
      Required ratio:    0.00 (Cumulative side area) 

    Layer: Metal1
      Partial area ratio:    0.00
      Required ratio:    0.00 (Gate area) 
      Partial area ratio:    0.00
      Required ratio:  400.00 (Side area) 
      Cumulative area ratio:    0.00
      Required ratio:    0.00 (Cumulative area) 
      Cumulative area ratio:    0.00
      Required ratio:    0.00 (Cumulative side area) 

    Via: Via2_VH
      Partial area ratio:    0.03
      Required ratio:   20.00 (Gate area) 
      Cumulative area ratio:    0.05
      Required ratio:    0.00 (Cumulative area) 

    Via: Via1_HV
      Partial area ratio:    0.02
      Required ratio:   20.00 (Gate area) 
      Cumulative area ratio:    0.02
      Required ratio:    0.00 (Cumulative area) 

  Pin: _6020_/A1 (gf180mcu_fd_sc_mcu7t5v0__aoi22_4)
    Layer: Metal3
      Partial area ratio:    1.82
      Required ratio:    0.00 (Gate area) 
      Partial area ratio:    7.15
      Required ratio:  400.00 (Side area) 
      Cumulative area ratio:  158.43
      Required ratio:    0.00 (Cumulative area) 
      Cumulative area ratio:  614.89
      Required ratio:    0.00 (Cumulative side area) 

    Layer: Metal2
      Partial area ratio:    0.25
      Required ratio:    0.00 (Gate area) 
      Partial area ratio:    1.02
      Required ratio:  400.00 (Side area) 
      Cumulative area ratio:    0.25
      Required ratio:    0.00 (Cumulative area) 
      Cumulative area ratio:    1.02
      Required ratio:    0.00 (Cumulative side area) 

    Layer: Metal1
      Partial area ratio:    0.00
      Required ratio:    0.00 (Gate area) 
      Partial area ratio:    0.00
      Required ratio:  400.00 (Side area) 
      Cumulative area ratio:    0.00
      Required ratio:    0.00 (Cumulative area) 
      Cumulative area ratio:    0.00
      Required ratio:    0.00 (Cumulative side area) 

    Via: Via2_VH
      Partial area ratio:    0.02
      Required ratio:   20.00 (Gate area) 
      Cumulative area ratio:    0.03
      Required ratio:    0.00 (Cumulative area) 

    Via: Via1_HV
      Partial area ratio:    0.02
      Required ratio:   20.00 (Gate area) 
      Cumulative area ratio:    0.02
      Required ratio:    0.00 (Cumulative area) 

  Pin: _3859_/A1 (gf180mcu_fd_sc_mcu7t5v0__aoi222_4)
    Layer: Metal3
      Partial area ratio:    1.82
      Required ratio:    0.00 (Gate area) 
      Partial area ratio:    7.15
      Required ratio:  400.00 (Side area) 
      Cumulative area ratio:    2.38
      Required ratio:    0.00 (Cumulative area) 
      Cumulative area ratio:    8.25
      Required ratio:    0.00 (Cumulative side area) 

    Layer: Metal2
      Partial area ratio:    0.27
      Required ratio:    0.00 (Gate area) 
      Partial area ratio:    1.10
      Required ratio:  400.00 (Side area) 
      Cumulative area ratio:    0.27
      Required ratio:    0.00 (Cumulative area) 
      Cumulative area ratio:    1.10
      Required ratio:    0.00 (Cumulative side area) 

    Layer: Metal1
      Partial area ratio:    0.00
      Required ratio:    0.00 (Gate area) 
      Partial area ratio:    0.00
      Required ratio:  400.00 (Side area) 
      Cumulative area ratio:    0.00
      Required ratio:    0.00 (Cumulative area) 
      Cumulative area ratio:    0.00
      Required ratio:    0.00 (Cumulative side area) 

    Via: Via2_VH
      Partial area ratio:    0.02
      Required ratio:   20.00 (Gate area) 
      Cumulative area ratio:    0.03
      Required ratio:    0.00 (Cumulative area) 

    Via: Via1_HV
      Partial area ratio:    0.02
      Required ratio:   20.00 (Gate area) 
      Cumulative area ratio:    0.02
      Required ratio:    0.00 (Cumulative area) 


Net: gpio_configure\[2\]\[2\]
  Pin: hold128/I (gf180mcu_fd_sc_mcu7t5v0__dlyc_2)
    Layer: Metal5
      Partial area ratio:    2.54
      Required ratio:    0.00 (Gate area) 
      Partial area ratio:   11.49
      Required ratio:  400.00 (Side area) 
      Cumulative area ratio:  126.73
      Required ratio:    0.00 (Cumulative area) 
      Cumulative area ratio:  492.24
      Required ratio:    0.00 (Cumulative side area) 

    Layer: Metal4
      Partial area ratio:    0.70
      Required ratio:    0.00 (Gate area) 
      Partial area ratio:    2.73
      Required ratio:  400.00 (Side area) 
      Cumulative area ratio:  123.21
      Required ratio:    0.00 (Cumulative area) 
      Cumulative area ratio:  480.75
      Required ratio:    0.00 (Cumulative side area) 

    Layer: Metal3
      Partial area ratio:    0.36
      Required ratio:    0.00 (Gate area) 
      Partial area ratio:    1.51
      Required ratio:  400.00 (Side area) 
      Cumulative area ratio:  122.51
      Required ratio:    0.00 (Cumulative area) 
      Cumulative area ratio:  478.02
      Required ratio:    0.00 (Cumulative side area) 

    Layer: Metal2
      Partial area ratio:  122.15
      Required ratio:    0.00 (Gate area) 
      Partial area ratio:  476.51
      Required ratio:  400.00 (Side area) (VIOLATED)
      Cumulative area ratio:  122.15
      Required ratio:    0.00 (Cumulative area) 
      Cumulative area ratio:  476.51
      Required ratio:    0.00 (Cumulative side area) 

    Layer: Metal1
      Partial area ratio:    0.00
      Required ratio:    0.00 (Gate area) 
      Partial area ratio:    0.00
      Required ratio:  400.00 (Side area) 
      Cumulative area ratio:    0.00
      Required ratio:    0.00 (Cumulative area) 
      Cumulative area ratio:    0.00
      Required ratio:    0.00 (Cumulative side area) 

    Via: Via4_1_VH
      Partial area ratio:    0.01
      Required ratio:   20.00 (Gate area) 
      Cumulative area ratio:    0.55
      Required ratio:    0.00 (Cumulative area) 

    Via: Via3_HV
      Partial area ratio:    0.03
      Required ratio:   20.00 (Gate area) 
      Cumulative area ratio:    0.54
      Required ratio:    0.00 (Cumulative area) 

    Via: Via2_VH
      Partial area ratio:    0.34
      Required ratio:   20.00 (Gate area) 
      Cumulative area ratio:    0.51
      Required ratio:    0.00 (Cumulative area) 

    Via: Via1_HV
      Partial area ratio:    0.17
      Required ratio:   20.00 (Gate area) 
      Cumulative area ratio:    0.17
      Required ratio:    0.00 (Cumulative area) 

  Pin: _6362_/A1 (gf180mcu_fd_sc_mcu7t5v0__aoi222_4)
    Layer: Metal5
      Partial area ratio:    2.54
      Required ratio:    0.00 (Gate area) 
      Partial area ratio:   11.49
      Required ratio:  400.00 (Side area) 
      Cumulative area ratio:  130.35
      Required ratio:    0.00 (Cumulative area) 
      Cumulative area ratio:  506.54
      Required ratio:    0.00 (Cumulative side area) 

    Layer: Metal4
      Partial area ratio:    0.70
      Required ratio:    0.00 (Gate area) 
      Partial area ratio:    2.73
      Required ratio:  400.00 (Side area) 
      Cumulative area ratio:  126.83
      Required ratio:    0.00 (Cumulative area) 
      Cumulative area ratio:  495.05
      Required ratio:    0.00 (Cumulative side area) 

    Layer: Metal3
      Partial area ratio:    3.12
      Required ratio:    0.00 (Gate area) 
      Partial area ratio:   12.19
      Required ratio:  400.00 (Side area) 
      Cumulative area ratio:    3.62
      Required ratio:    0.00 (Cumulative area) 
      Cumulative area ratio:   14.30
      Required ratio:    0.00 (Cumulative side area) 

    Layer: Metal2
      Partial area ratio:    0.05
      Required ratio:    0.00 (Gate area) 
      Partial area ratio:    0.27
      Required ratio:  400.00 (Side area) 
      Cumulative area ratio:    0.05
      Required ratio:    0.00 (Cumulative area) 
      Cumulative area ratio:    0.27
      Required ratio:    0.00 (Cumulative side area) 

    Layer: Metal1
      Partial area ratio:    0.00
      Required ratio:    0.00 (Gate area) 
      Partial area ratio:    0.00
      Required ratio:  400.00 (Side area) 
      Cumulative area ratio:    0.00
      Required ratio:    0.00 (Cumulative area) 
      Cumulative area ratio:    0.00
      Required ratio:    0.00 (Cumulative side area) 

    Via: Via4_1_VH
      Partial area ratio:    0.01
      Required ratio:   20.00 (Gate area) 
      Cumulative area ratio:    0.44
      Required ratio:    0.00 (Cumulative area) 

    Via: Via3_HV
      Partial area ratio:    0.01
      Required ratio:   20.00 (Gate area) 
      Cumulative area ratio:    0.07
      Required ratio:    0.00 (Cumulative area) 

    Via: Via2_VH
      Partial area ratio:    0.02
      Required ratio:   20.00 (Gate area) 
      Cumulative area ratio:    0.03
      Required ratio:    0.00 (Cumulative area) 

    Via: Via1_HV
      Partial area ratio:    0.02
      Required ratio:   20.00 (Gate area) 
      Cumulative area ratio:    0.02
      Required ratio:    0.00 (Cumulative area) 

  Pin: _6049_/A1 (gf180mcu_fd_sc_mcu7t5v0__aoi221_4)
    Layer: Metal5
      Partial area ratio:    2.54
      Required ratio:    0.00 (Gate area) 
      Partial area ratio:   11.49
      Required ratio:  400.00 (Side area) 
      Cumulative area ratio:  130.29
      Required ratio:    0.00 (Cumulative area) 
      Cumulative area ratio:  506.26
      Required ratio:    0.00 (Cumulative side area) 

    Layer: Metal4
      Partial area ratio:    0.70
      Required ratio:    0.00 (Gate area) 
      Partial area ratio:    2.73
      Required ratio:  400.00 (Side area) 
      Cumulative area ratio:  126.77
      Required ratio:    0.00 (Cumulative area) 
      Cumulative area ratio:  494.78
      Required ratio:    0.00 (Cumulative side area) 

    Layer: Metal3
      Partial area ratio:    3.12
      Required ratio:    0.00 (Gate area) 
      Partial area ratio:   12.19
      Required ratio:  400.00 (Side area) 
      Cumulative area ratio:    3.56
      Required ratio:    0.00 (Cumulative area) 
      Cumulative area ratio:   14.02
      Required ratio:    0.00 (Cumulative side area) 

    Layer: Metal2
      Partial area ratio:    0.44
      Required ratio:    0.00 (Gate area) 
      Partial area ratio:    1.84
      Required ratio:  400.00 (Side area) 
      Cumulative area ratio:    0.44
      Required ratio:    0.00 (Cumulative area) 
      Cumulative area ratio:    1.84
      Required ratio:    0.00 (Cumulative side area) 

    Layer: Metal1
      Partial area ratio:    0.00
      Required ratio:    0.00 (Gate area) 
      Partial area ratio:    0.00
      Required ratio:  400.00 (Side area) 
      Cumulative area ratio:    0.00
      Required ratio:    0.00 (Cumulative area) 
      Cumulative area ratio:    0.00
      Required ratio:    0.00 (Cumulative side area) 

    Via: Via4_1_VH
      Partial area ratio:    0.01
      Required ratio:   20.00 (Gate area) 
      Cumulative area ratio:    0.43
      Required ratio:    0.00 (Cumulative area) 

    Via: Via3_HV
      Partial area ratio:    0.01
      Required ratio:   20.00 (Gate area) 
      Cumulative area ratio:    0.06
      Required ratio:    0.00 (Cumulative area) 

    Via: Via2_VH
      Partial area ratio:    0.03
      Required ratio:   20.00 (Gate area) 
      Cumulative area ratio:    0.05
      Required ratio:    0.00 (Cumulative area) 

    Via: Via1_VV
      Partial area ratio:    0.02
      Required ratio:   20.00 (Gate area) 
      Cumulative area ratio:    0.02
      Required ratio:    0.00 (Cumulative area) 

  Pin: _3791_/B2 (gf180mcu_fd_sc_mcu7t5v0__aoi222_4)
    Layer: Metal5
      Partial area ratio:    2.54
      Required ratio:    0.00 (Gate area) 
      Partial area ratio:   11.49
      Required ratio:  400.00 (Side area) 
      Cumulative area ratio:  126.73
      Required ratio:    0.00 (Cumulative area) 
      Cumulative area ratio:  492.24
      Required ratio:    0.00 (Cumulative side area) 

    Layer: Metal4
      Partial area ratio:    0.70
      Required ratio:    0.00 (Gate area) 
      Partial area ratio:    2.73
      Required ratio:  400.00 (Side area) 
      Cumulative area ratio:  123.21
      Required ratio:    0.00 (Cumulative area) 
      Cumulative area ratio:  480.75
      Required ratio:    0.00 (Cumulative side area) 

    Layer: Metal3
      Partial area ratio:    0.36
      Required ratio:    0.00 (Gate area) 
      Partial area ratio:    1.51
      Required ratio:  400.00 (Side area) 
      Cumulative area ratio:    0.36
      Required ratio:    0.00 (Cumulative area) 
      Cumulative area ratio:    1.51
      Required ratio:    0.00 (Cumulative side area) 

    Layer: Metal2
      Partial area ratio:    0.00
      Required ratio:    0.00 (Gate area) 
      Partial area ratio:    0.00
      Required ratio:  400.00 (Side area) 
      Cumulative area ratio:    0.00
      Required ratio:    0.00 (Cumulative area) 
      Cumulative area ratio:    0.00
      Required ratio:    0.00 (Cumulative side area) 

    Layer: Metal1
      Partial area ratio:    0.00
      Required ratio:    0.00 (Gate area) 
      Partial area ratio:    0.00
      Required ratio:  400.00 (Side area) 
      Cumulative area ratio:    0.00
      Required ratio:    0.00 (Cumulative area) 
      Cumulative area ratio:    0.00
      Required ratio:    0.00 (Cumulative side area) 

    Via: Via4_1_VH
      Partial area ratio:    0.01
      Required ratio:   20.00 (Gate area) 
      Cumulative area ratio:    0.41
      Required ratio:    0.00 (Cumulative area) 

    Via: Via3_HV
      Partial area ratio:    0.03
      Required ratio:   20.00 (Gate area) 
      Cumulative area ratio:    0.06
      Required ratio:    0.00 (Cumulative area) 

    Via: Via2_VH
      Partial area ratio:    0.02
      Required ratio:   20.00 (Gate area) 
      Cumulative area ratio:    0.03
      Required ratio:    0.00 (Cumulative area) 

    Via: Via1_HV
      Partial area ratio:    0.02
      Required ratio:   20.00 (Gate area) 
      Cumulative area ratio:    0.02
      Required ratio:    0.00 (Cumulative area) 


Net: net65
  Pin: _3722_/B2 (gf180mcu_fd_sc_mcu7t5v0__aoi222_4)
    Layer: Metal4
      Partial area ratio:    0.23
      Required ratio:    0.00 (Gate area) 
      Partial area ratio:    0.93
      Required ratio:  400.00 (Side area) 
      Cumulative area ratio:  113.95
      Required ratio:    0.00 (Cumulative area) 
      Cumulative area ratio:  445.04
      Required ratio:    0.00 (Cumulative side area) 

    Layer: Metal3
      Partial area ratio:    3.59
      Required ratio:    0.00 (Gate area) 
      Partial area ratio:   13.98
      Required ratio:  400.00 (Side area) 
      Cumulative area ratio:  113.63
      Required ratio:    0.00 (Cumulative area) 
      Cumulative area ratio:  444.11
      Required ratio:    0.00 (Cumulative side area) 

    Layer: Metal2
      Partial area ratio:    0.00
      Required ratio:    0.00 (Gate area) 
      Partial area ratio:    0.00
      Required ratio:  400.00 (Side area) 
      Cumulative area ratio:    0.00
      Required ratio:    0.00 (Cumulative area) 
      Cumulative area ratio:    0.00
      Required ratio:    0.00 (Cumulative side area) 

    Layer: Metal1
      Partial area ratio:    0.00
      Required ratio:    0.00 (Gate area) 
      Partial area ratio:    0.00
      Required ratio:  400.00 (Side area) 
      Cumulative area ratio:    0.00
      Required ratio:    0.00 (Cumulative area) 
      Cumulative area ratio:    0.00
      Required ratio:    0.00 (Cumulative side area) 

    Via: Via3_HV
      Partial area ratio:    0.01
      Required ratio:   20.00 (Gate area) 
      Cumulative area ratio:    0.23
      Required ratio:    0.00 (Cumulative area) 

    Via: Via2_VH
      Partial area ratio:    0.02
      Required ratio:   20.00 (Gate area) 
      Cumulative area ratio:    0.03
      Required ratio:    0.00 (Cumulative area) 

    Via: Via1_HV
      Partial area ratio:    0.02
      Required ratio:   20.00 (Gate area) 
      Cumulative area ratio:    0.02
      Required ratio:    0.00 (Cumulative area) 

  Pin: _7308_/I (gf180mcu_fd_sc_mcu7t5v0__clkbuf_1)
    Layer: Metal4
      Partial area ratio:    0.23
      Required ratio:    0.00 (Gate area) 
      Partial area ratio:    0.93
      Required ratio:  400.00 (Side area) 
      Cumulative area ratio:  113.95
      Required ratio:    0.00 (Cumulative area) 
      Cumulative area ratio:  445.04
      Required ratio:    0.00 (Cumulative side area) 

    Layer: Metal3
      Partial area ratio:    3.59
      Required ratio:    0.00 (Gate area) 
      Partial area ratio:   13.98
      Required ratio:  400.00 (Side area) 
      Cumulative area ratio:  113.63
      Required ratio:    0.00 (Cumulative area) 
      Cumulative area ratio:  444.11
      Required ratio:    0.00 (Cumulative side area) 

    Layer: Metal2
      Partial area ratio:  110.04
      Required ratio:    0.00 (Gate area) 
      Partial area ratio:  430.13
      Required ratio:  400.00 (Side area) (VIOLATED)
      Cumulative area ratio:  110.04
      Required ratio:    0.00 (Cumulative area) 
      Cumulative area ratio:  430.13
      Required ratio:    0.00 (Cumulative side area) 

    Layer: Metal1
      Partial area ratio:    0.00
      Required ratio:    0.00 (Gate area) 
      Partial area ratio:    0.00
      Required ratio:  400.00 (Side area) 
      Cumulative area ratio:    0.00
      Required ratio:    0.00 (Cumulative area) 
      Cumulative area ratio:    0.00
      Required ratio:    0.00 (Cumulative side area) 

    Via: Via3_HV
      Partial area ratio:    0.01
      Required ratio:   20.00 (Gate area) 
      Cumulative area ratio:    0.29
      Required ratio:    0.00 (Cumulative area) 

    Via: Via2_VH
      Partial area ratio:    0.18
      Required ratio:   20.00 (Gate area) 
      Cumulative area ratio:    0.27
      Required ratio:    0.00 (Cumulative area) 

    Via: Via1_HV
      Partial area ratio:    0.09
      Required ratio:   20.00 (Gate area) 
      Cumulative area ratio:    0.09
      Required ratio:    0.00 (Cumulative area) 


[INFO ANT-0002] Found 5 net violations.
[INFO ANT-0001] Found 5 pin violations.
