****************************************
Report : global_timing
	-format { narrow }
	-separate_all_groups
Design : caravel_core
Version: T-2022.03-SP3
Date   : Wed Nov 30 03:24:57 2022
****************************************


Hold violations for paths in hk_serial_clk
---------------------------------------------------------
         Total  reg->reg   in->reg  reg->out   in->out
---------------------------------------------------------
WNS    -0.0292   -0.0292    0.0000    0.0000    0.0000
TNS    -0.0762   -0.0762    0.0000    0.0000    0.0000
NUM          5         5         0         0         0
---------------------------------------------------------

Hold violations for paths in clk
---------------------------------------------------------
         Total  reg->reg   in->reg  reg->out   in->out
---------------------------------------------------------
WNS    -0.6121    0.0000   -0.6121    0.0000    0.0000
TNS    -0.6121    0.0000   -0.6121    0.0000    0.0000
NUM          1         0         1         0         0
---------------------------------------------------------

1
