[INFO]: Run Directory: /home/passant/caravel-gf180mcu/openlane/caravel/runs/22_12_07_15_47
[INFO]: Storing configs into config.tcl ...
[INFO]: Preparing LEF files for the nom corner...
[INFO]: Extracting the number of available metal layers from /home/passant/OpenLane/pdks/gf180mcuC/libs.ref/gf180mcu_fd_sc_mcu7t5v0/techlef/gf180mcu_fd_sc_mcu7t5v0__nom.tlef...
[INFO]: The available metal layers (5) are Metal1 Metal2 Metal3 Metal4 Metal5.
[INFO]: Merging LEF Files...
[INFO]: Created merged LEF without pads at 'caravel/runs/22_12_07_15_47/tmp/merged.nom.lef'...
[INFO]: Added extra lefs to 'caravel/runs/22_12_07_15_47/tmp/merged.nom.lef'...
[INFO]: Preparing LEF files for the min corner...
[INFO]: Created merged LEF without pads at 'caravel/runs/22_12_07_15_47/tmp/merged.min.lef'...
[INFO]: Added extra lefs to 'caravel/runs/22_12_07_15_47/tmp/merged.min.lef'...
[INFO]: Preparing LEF files for the max corner...
[INFO]: Created merged LEF without pads at 'caravel/runs/22_12_07_15_47/tmp/merged.max.lef'...
[INFO]: Added extra lefs to 'caravel/runs/22_12_07_15_47/tmp/merged.max.lef'...
[INFO]: Trimming liberty files {/home/passant/caravel-gf180mcu/openlane/caravel/runs/22_12_07_15_47/tmp/synthesis/merged.lib} into /home/passant/caravel-gf180mcu/openlane/caravel/runs/22_12_07_15_47/tmp/synthesis/trimmed.lib...
[INFO]: Generating cell exclude list...
[INFO]: Creating ::env(DONT_USE_CELLS)...
[INFO]: Created ::env(DONT_USE_CELLS): {gf180mcu_fd_sc_mcu7t5v0__mux2_1 gf180mcu_fd_sc_mcu7t5v0__oai33_2 gf180mcu_fd_sc_mcu7t5v0__sdffq_1 gf180mcu_fd_sc_mcu7t5v0__sdffq_2 gf180mcu_fd_sc_mcu7t5v0__sdffq_4 gf180mcu_fd_sc_mcu7t5v0__sdffrnq_1 gf180mcu_fd_sc_mcu7t5v0__sdffrnq_2 gf180mcu_fd_sc_mcu7t5v0__sdffrnq_4 gf180mcu_fd_sc_mcu7t5v0__sdffrsnq_1 gf180mcu_fd_sc_mcu7t5v0__sdffrsnq_2 gf180mcu_fd_sc_mcu7t5v0__sdffrsnq_4 gf180mcu_fd_sc_mcu7t5v0__sdffsnq_1 gf180mcu_fd_sc_mcu7t5v0__sdffsnq_2 gf180mcu_fd_sc_mcu7t5v0__sdffsnq_4  }
[INFO]: Trimming liberty files {/home/passant/OpenLane/pdks/gf180mcuC/libs.ref/gf180mcu_fd_sc_mcu7t5v0/liberty/gf180mcu_fd_sc_mcu7t5v0__tt_025C_5v00.lib} into /home/passant/caravel-gf180mcu/openlane/caravel/runs/22_12_07_15_47/tmp/cts/cts.lib...
[INFO]: Generating cell exclude list...
[INFO]: Creating ::env(DONT_USE_CELLS)...
[INFO]: Created ::env(DONT_USE_CELLS): {gf180mcu_fd_sc_mcu7t5v0__mux2_1 gf180mcu_fd_sc_mcu7t5v0__oai33_2 }
[INFO]: Verifying existence of files defined in ::env(EXTRA_GDS_FILES)...
[INFO]: /home/passant/caravel-gf180mcu/gds//caravel_power_routing.gds existence verified.
[INFO]: /home/passant/caravel-gf180mcu/gds//chip_io.gds existence verified.
[INFO]: /home/passant/caravel-gf180mcu/gds//copyright_block.gds existence verified.
[INFO]: /home/passant/caravel-gf180mcu/gds//caravel_logo.gds existence verified.
[INFO]: /home/passant/caravel-gf180mcu/gds//caravel_core.gds existence verified.
[INFO]: Executing yosys with Tcl script '../../../../openlane/scripts/yosys/elaborate.tcl'...
[INFO]: Changing netlist to 'caravel/runs/22_12_07_15_47/results/synthesis/caravel.v'...
[INFO]: Running Initial Floorplanning (log: caravel/runs/22_12_07_15_47/logs/floorplan/1-initial_fp.log)...
[INFO]: Executing openroad with Tcl script '../../../../openlane/scripts/openroad/floorplan.tcl'...
[INFO]: Changing layout to 'caravel/runs/22_12_07_15_47/tmp/floorplan/1-initial_fp.def'...
[INFO]: Changing timing constraints to 'caravel/runs/22_12_07_15_47/tmp/floorplan/1-initial_fp.sdc'...
[INFO]: Changing database to 'caravel/runs/22_12_07_15_47/tmp/floorplan/1-initial_fp.odb'...
[INFO]: Core area width: 3876.32
[INFO]: Core area height: 5068.5599999999995
[INFO]: Final Vertical PDN Offset: 16.32
[INFO]: Final Horizontal PDN Offset: 16.65
[INFO]: Final Vertical PDN Pitch: 153.6
[INFO]: Final Horizontal PDN Pitch: 153.18
[INFO]: Extracting core dimensions...
[INFO]: Floorplanned with width 3876.32 and height 5068.56.
[INFO]: Adding Macro Placement...
[INFO]: Adding Macro Placement...
[INFO]: Adding Macro Placement...
[INFO]: Adding Macro Placement...
[INFO]: Adding Macro Placement...
[INFO]: Performing Manual Macro Placement (log: caravel/runs/22_12_07_15_47/logs/placement/2-macro_placement.log)...
[INFO]: Changing database to 'caravel/runs/22_12_07_15_47/tmp/floorplan/1-initial_fp.macro_placement.odb'...
[INFO]: Changing layout to 'caravel/runs/22_12_07_15_47/tmp/floorplan/1-initial_fp.macro_placement.def'...
[INFO]: Running Magic to generate various views...
[INFO]: Streaming out GDSII with Magic (log: caravel/runs/22_12_07_15_47/logs/signoff/3-gdsii.log)...
[INFO]: Executing magic with Tcl script '../../../../openlane/scripts/magic/def/mag_gds.tcl'...
[INFO]: Saving current set of views in 'caravel/runs/22_12_07_15_47/results/final'...
[INFO]: Calculating runtime...
[INFO]: Saving runtime environment...
[INFO]: Generating final set of reports...
[INFO]: Created manufacturability report at 'caravel/runs/22_12_07_15_47/reports/manufacturability.rpt'.
[INFO]: Created metrics report at 'caravel/runs/22_12_07_15_47/reports/metrics.csv'.
[SUCCESS]: Flow complete.
