****************************************
Report : global_timing
	-format { narrow }
	-separate_all_groups
Design : caravel_core
Version: T-2022.03-SP3
Date   : Wed Nov 30 03:25:54 2022
****************************************

Setup violations for paths in clk
---------------------------------------------------------
         Total  reg->reg   in->reg  reg->out   in->out
---------------------------------------------------------
WNS    -7.6834   -3.2087    0.0000   -7.6834    0.0000
TNS  -151.2611 -119.3060    0.0000  -31.9552    0.0000
NUM        149       144         0         5         0
---------------------------------------------------------


Hold violations for paths in clk
---------------------------------------------------------
         Total  reg->reg   in->reg  reg->out   in->out
---------------------------------------------------------
WNS    -4.2316    0.0000   -4.2316    0.0000    0.0000
TNS    -4.2316    0.0000   -4.2316    0.0000    0.0000
NUM          1         0         1         0         0
---------------------------------------------------------

1
