****************************************
Report : global_timing
	-format { narrow }
	-separate_all_groups
Design : caravel_core
Version: T-2022.03-SP3
Date   : Wed Nov 30 03:26:59 2022
****************************************

Setup violations for paths in clk
---------------------------------------------------------
         Total  reg->reg   in->reg  reg->out   in->out
---------------------------------------------------------
WNS    -6.3903   -1.7693    0.0000   -6.3903    0.0000
TNS   -43.2345  -17.9787    0.0000  -25.2557    0.0000
NUM         34        29         0         5         0
---------------------------------------------------------


Hold violations for paths in clk
---------------------------------------------------------
         Total  reg->reg   in->reg  reg->out   in->out
---------------------------------------------------------
WNS    -3.5561    0.0000   -3.5561    0.0000    0.0000
TNS    -3.5561    0.0000   -3.5561    0.0000    0.0000
NUM          1         0         1         0         0
---------------------------------------------------------

1
