****************************************
Report : global_timing
	-format { narrow }
	-separate_all_groups
Design : caravel_core
Version: T-2022.03-SP3
Date   : Wed Nov 30 03:26:26 2022
****************************************

Setup violations for paths in clk
---------------------------------------------------------
         Total  reg->reg   in->reg  reg->out   in->out
---------------------------------------------------------
WNS    -9.5475   -5.1148    0.0000   -9.5475    0.0000
TNS  -780.2630 -739.0165    0.0000  -41.2466    0.0000
NUM        411       406         0         5         0
---------------------------------------------------------


Hold violations for paths in clk
---------------------------------------------------------
         Total  reg->reg   in->reg  reg->out   in->out
---------------------------------------------------------
WNS    -5.0878    0.0000   -5.0878    0.0000    0.0000
TNS    -5.0878    0.0000   -5.0878    0.0000    0.0000
NUM          1         0         1         0         0
---------------------------------------------------------

1
