****************************************
Report : constraint
	-all_violators
	-path slack_only
Design : caravel
Version: T-2022.03-SP3
Date   : Fri Dec  9 09:08:59 2022
****************************************



   min_delay/hold ('hkspi_clk' group)

   Endpoint                                                  Slack
   -----------------------------------------------------------------
   chip_core/housekeeping/_6872_/D                         -0.3743  (VIOLATED)




   min_capacitance

                             Required        Actual
   Pin                      Capacitance    Capacitance       Slack
   -----------------------------------------------------------------
   chip_core/gpio_control_in_1[10].BUF[0]/Z   0.0010   0.0000  -0.0010 (VIOLATED)
   chip_core/gpio_control_in_1[10].BUF[1]/Z   0.0010   0.0000  -0.0010 (VIOLATED)
   chip_core/gpio_control_in_1[10].BUF[2]/Z   0.0010   0.0000  -0.0010 (VIOLATED)
   chip_core/gpio_control_in_2[0].BUF[0]/Z   0.0010   0.0000  -0.0010 (VIOLATED)
   chip_core/gpio_control_in_2[0].BUF[1]/Z   0.0010   0.0000  -0.0010 (VIOLATED)
   chip_core/gpio_control_in_2[0].BUF[2]/Z   0.0010   0.0000  -0.0010 (VIOLATED)


   max_transition

                             Required        Actual
   Pin                      Transition     Transition        Slack
   -----------------------------------------------------------------
   padframe/flash_clk_pad/PAD   1.0000       3.5000        -2.5000  (VIOLATED)
   padframe/flash_csb_pad/PAD   1.0000       3.5000        -2.5000  (VIOLATED)
   padframe/flash_io0_pad/PAD   1.0000       3.5000        -2.5000  (VIOLATED)
   padframe/mgmt_clock_input_pad/PAD   1.0000   3.5000     -2.5000  (VIOLATED)
   padframe/mgmt_gpio_pad/PAD   1.0000       3.5000        -2.5000  (VIOLATED)
   padframe/mprj_pads[0]/PAD   1.0000        3.5000        -2.5000  (VIOLATED)
   padframe/mprj_pads[1]/PAD   1.0000        3.5000        -2.5000  (VIOLATED)
   padframe/mprj_pads[2]/PAD   1.0000        3.5000        -2.5000  (VIOLATED)
   padframe/mprj_pads[3]/PAD   1.0000        3.5000        -2.5000  (VIOLATED)
   padframe/mprj_pads[4]/PAD   1.0000        3.5000        -2.5000  (VIOLATED)
   padframe/mprj_pads[5]/PAD   1.0000        3.5000        -2.5000  (VIOLATED)
   padframe/mprj_pads[6]/PAD   1.0000        3.5000        -2.5000  (VIOLATED)
   padframe/mprj_pads[7]/PAD   1.0000        3.5000        -2.5000  (VIOLATED)
   padframe/mprj_pads[8]/PAD   1.0000        3.5000        -2.5000  (VIOLATED)
   padframe/mprj_pads[9]/PAD   1.0000        3.5000        -2.5000  (VIOLATED)
   padframe/mprj_pads[10]/PAD   1.0000       3.5000        -2.5000  (VIOLATED)
   padframe/mprj_pads[11]/PAD   1.0000       3.5000        -2.5000  (VIOLATED)
   padframe/mprj_pads[12]/PAD   1.0000       3.5000        -2.5000  (VIOLATED)
   padframe/mprj_pads[13]/PAD   1.0000       3.5000        -2.5000  (VIOLATED)
   padframe/mprj_pads[14]/PAD   1.0000       3.5000        -2.5000  (VIOLATED)
   padframe/mprj_pads[15]/PAD   1.0000       3.5000        -2.5000  (VIOLATED)
   padframe/mprj_pads[16]/PAD   1.0000       3.5000        -2.5000  (VIOLATED)
   padframe/mprj_pads[17]/PAD   1.0000       3.5000        -2.5000  (VIOLATED)
   padframe/mprj_pads[18]/PAD   1.0000       3.5000        -2.5000  (VIOLATED)
   padframe/mprj_pads[19]/PAD   1.0000       3.5000        -2.5000  (VIOLATED)
   padframe/mprj_pads[20]/PAD   1.0000       3.5000        -2.5000  (VIOLATED)
   padframe/mprj_pads[21]/PAD   1.0000       3.5000        -2.5000  (VIOLATED)
   padframe/mprj_pads[22]/PAD   1.0000       3.5000        -2.5000  (VIOLATED)
   padframe/mprj_pads[23]/PAD   1.0000       3.5000        -2.5000  (VIOLATED)
   padframe/mprj_pads[24]/PAD   1.0000       3.5000        -2.5000  (VIOLATED)
   padframe/mprj_pads[25]/PAD   1.0000       3.5000        -2.5000  (VIOLATED)
   padframe/mprj_pads[26]/PAD   1.0000       3.5000        -2.5000  (VIOLATED)
   padframe/mprj_pads[27]/PAD   1.0000       3.5000        -2.5000  (VIOLATED)
   padframe/mprj_pads[28]/PAD   1.0000       3.5000        -2.5000  (VIOLATED)
   padframe/mprj_pads[29]/PAD   1.0000       3.5000        -2.5000  (VIOLATED)
   padframe/mprj_pads[30]/PAD   1.0000       3.5000        -2.5000  (VIOLATED)
   padframe/mprj_pads[31]/PAD   1.0000       3.5000        -2.5000  (VIOLATED)
   padframe/mprj_pads[32]/PAD   1.0000       3.5000        -2.5000  (VIOLATED)
   padframe/mprj_pads[33]/PAD   1.0000       3.5000        -2.5000  (VIOLATED)
   padframe/mprj_pads[34]/PAD   1.0000       3.5000        -2.5000  (VIOLATED)
   padframe/mprj_pads[35]/PAD   1.0000       3.5000        -2.5000  (VIOLATED)
   padframe/mprj_pads[36]/PAD   1.0000       3.5000        -2.5000  (VIOLATED)
   padframe/mprj_pads[37]/PAD   1.0000       3.5000        -2.5000  (VIOLATED)
   padframe/resetb_pad/PAD    1.0000         3.5000        -2.5000  (VIOLATED)
   chip_core/soc.core.sram.ram512x32.RAM01/RAM/D[0]   1.0870   1.6156  -0.5286 (VIOLATED)
   chip_core/soc.core.sram.ram512x32.RAM02/RAM/D[4]   1.0870   1.5232  -0.4362 (VIOLATED)
   chip_core/soc.core.sram.ram512x32.RAM02/RAM/GWEN   1.0870   1.4375  -0.3505 (VIOLATED)
   chip_core/soc.core.sram.ram512x32.RAM03/RAM/GWEN   1.0870   1.4344  -0.3474 (VIOLATED)
   chip_core/soc.core.sram.ram512x32.RAM01/RAM/D[1]   1.0870   1.3591  -0.2721 (VIOLATED)
   chip_core/soc.core.sram.ram512x32.RAM01/RAM/A[7]   1.0870   1.2563  -0.1693 (VIOLATED)
   chip_core/soc.core.sram.ram512x32.RAM02/RAM/A[7]   1.0870   1.2534  -0.1664 (VIOLATED)
   chip_core/soc.core.sram.ram512x32.RAM03/RAM/A[7]   1.0870   1.2343  -0.1473 (VIOLATED)
   padframe/mprj_pads[0]/PDRV0   1.0000      1.1471        -0.1471  (VIOLATED)
   padframe/mprj_pads[1]/PDRV0   1.0000      1.1471        -0.1471  (VIOLATED)
   padframe/mprj_pads[2]/PDRV0   1.0000      1.1471        -0.1471  (VIOLATED)
   padframe/mprj_pads[3]/PDRV0   1.0000      1.1471        -0.1471  (VIOLATED)
   padframe/mprj_pads[4]/PDRV0   1.0000      1.1471        -0.1471  (VIOLATED)
   padframe/mprj_pads[5]/PDRV0   1.0000      1.1471        -0.1471  (VIOLATED)
   padframe/mprj_pads[6]/PDRV0   1.0000      1.1471        -0.1471  (VIOLATED)
   padframe/mprj_pads[7]/PDRV0   1.0000      1.1471        -0.1471  (VIOLATED)
   padframe/mprj_pads[8]/PDRV0   1.0000      1.1471        -0.1471  (VIOLATED)
   padframe/mprj_pads[9]/PDRV0   1.0000      1.1471        -0.1471  (VIOLATED)
   padframe/mprj_pads[10]/PDRV0   1.0000     1.1471        -0.1471  (VIOLATED)
   padframe/mprj_pads[11]/PDRV0   1.0000     1.1471        -0.1471  (VIOLATED)
   padframe/mprj_pads[12]/PDRV0   1.0000     1.1471        -0.1471  (VIOLATED)
   padframe/mprj_pads[13]/PDRV0   1.0000     1.1471        -0.1471  (VIOLATED)
   padframe/mprj_pads[14]/PDRV0   1.0000     1.1471        -0.1471  (VIOLATED)
   padframe/mprj_pads[15]/PDRV0   1.0000     1.1471        -0.1471  (VIOLATED)
   padframe/mprj_pads[16]/PDRV0   1.0000     1.1471        -0.1471  (VIOLATED)
   padframe/mprj_pads[17]/PDRV0   1.0000     1.1471        -0.1471  (VIOLATED)
   padframe/mprj_pads[18]/PDRV0   1.0000     1.1471        -0.1471  (VIOLATED)
   padframe/mprj_pads[19]/PDRV0   1.0000     1.1471        -0.1471  (VIOLATED)
   padframe/mprj_pads[20]/PDRV0   1.0000     1.1471        -0.1471  (VIOLATED)
   padframe/mprj_pads[21]/PDRV0   1.0000     1.1471        -0.1471  (VIOLATED)
   padframe/mprj_pads[22]/PDRV0   1.0000     1.1471        -0.1471  (VIOLATED)
   padframe/mprj_pads[23]/PDRV0   1.0000     1.1471        -0.1471  (VIOLATED)
   padframe/mprj_pads[24]/PDRV0   1.0000     1.1471        -0.1471  (VIOLATED)
   padframe/mprj_pads[25]/PDRV0   1.0000     1.1471        -0.1471  (VIOLATED)
   padframe/mprj_pads[26]/PDRV0   1.0000     1.1471        -0.1471  (VIOLATED)
   padframe/mprj_pads[27]/PDRV0   1.0000     1.1471        -0.1471  (VIOLATED)
   padframe/mprj_pads[28]/PDRV0   1.0000     1.1471        -0.1471  (VIOLATED)
   padframe/mprj_pads[29]/PDRV0   1.0000     1.1471        -0.1471  (VIOLATED)
   padframe/mprj_pads[30]/PDRV0   1.0000     1.1471        -0.1471  (VIOLATED)
   padframe/mprj_pads[31]/PDRV0   1.0000     1.1471        -0.1471  (VIOLATED)
   padframe/mprj_pads[32]/PDRV0   1.0000     1.1471        -0.1471  (VIOLATED)
   padframe/mprj_pads[33]/PDRV0   1.0000     1.1471        -0.1471  (VIOLATED)
   padframe/mprj_pads[34]/PDRV0   1.0000     1.1471        -0.1471  (VIOLATED)
   padframe/mprj_pads[35]/PDRV0   1.0000     1.1471        -0.1471  (VIOLATED)
   padframe/mprj_pads[36]/PDRV0   1.0000     1.1471        -0.1471  (VIOLATED)
   padframe/mprj_pads[37]/PDRV0   1.0000     1.1471        -0.1471  (VIOLATED)
   chip_core/soc.core.sram.ram512x32.RAM00/RAM/CLK   1.0870   1.2294  -0.1424 (VIOLATED)
   padframe/mprj_pads[0]/PDRV1   1.0000      1.1345        -0.1345  (VIOLATED)
   padframe/mprj_pads[1]/PDRV1   1.0000      1.1345        -0.1345  (VIOLATED)
   padframe/mprj_pads[2]/PDRV1   1.0000      1.1345        -0.1345  (VIOLATED)
   padframe/mprj_pads[3]/PDRV1   1.0000      1.1345        -0.1345  (VIOLATED)
   padframe/mprj_pads[4]/PDRV1   1.0000      1.1345        -0.1345  (VIOLATED)
   padframe/mprj_pads[5]/PDRV1   1.0000      1.1345        -0.1345  (VIOLATED)
   padframe/mprj_pads[6]/PDRV1   1.0000      1.1345        -0.1345  (VIOLATED)
   padframe/mprj_pads[7]/PDRV1   1.0000      1.1345        -0.1345  (VIOLATED)
   padframe/mprj_pads[8]/PDRV1   1.0000      1.1345        -0.1345  (VIOLATED)
   padframe/mprj_pads[9]/PDRV1   1.0000      1.1345        -0.1345  (VIOLATED)
   padframe/mprj_pads[10]/PDRV1   1.0000     1.1345        -0.1345  (VIOLATED)
   padframe/mprj_pads[11]/PDRV1   1.0000     1.1345        -0.1345  (VIOLATED)
   padframe/mprj_pads[12]/PDRV1   1.0000     1.1345        -0.1345  (VIOLATED)
   padframe/mprj_pads[13]/PDRV1   1.0000     1.1345        -0.1345  (VIOLATED)
   padframe/mprj_pads[14]/PDRV1   1.0000     1.1345        -0.1345  (VIOLATED)
   padframe/mprj_pads[15]/PDRV1   1.0000     1.1345        -0.1345  (VIOLATED)
   padframe/mprj_pads[16]/PDRV1   1.0000     1.1345        -0.1345  (VIOLATED)
   padframe/mprj_pads[17]/PDRV1   1.0000     1.1345        -0.1345  (VIOLATED)
   padframe/mprj_pads[18]/PDRV1   1.0000     1.1345        -0.1345  (VIOLATED)
   padframe/mprj_pads[19]/PDRV1   1.0000     1.1345        -0.1345  (VIOLATED)
   padframe/mprj_pads[20]/PDRV1   1.0000     1.1345        -0.1345  (VIOLATED)
   padframe/mprj_pads[21]/PDRV1   1.0000     1.1345        -0.1345  (VIOLATED)
   padframe/mprj_pads[22]/PDRV1   1.0000     1.1345        -0.1345  (VIOLATED)
   padframe/mprj_pads[23]/PDRV1   1.0000     1.1345        -0.1345  (VIOLATED)
   padframe/mprj_pads[24]/PDRV1   1.0000     1.1345        -0.1345  (VIOLATED)
   padframe/mprj_pads[25]/PDRV1   1.0000     1.1345        -0.1345  (VIOLATED)
   padframe/mprj_pads[26]/PDRV1   1.0000     1.1345        -0.1345  (VIOLATED)
   padframe/mprj_pads[27]/PDRV1   1.0000     1.1345        -0.1345  (VIOLATED)
   padframe/mprj_pads[28]/PDRV1   1.0000     1.1345        -0.1345  (VIOLATED)
   padframe/mprj_pads[29]/PDRV1   1.0000     1.1345        -0.1345  (VIOLATED)
   padframe/mprj_pads[30]/PDRV1   1.0000     1.1345        -0.1345  (VIOLATED)
   padframe/mprj_pads[31]/PDRV1   1.0000     1.1345        -0.1345  (VIOLATED)
   padframe/mprj_pads[32]/PDRV1   1.0000     1.1345        -0.1345  (VIOLATED)
   padframe/mprj_pads[33]/PDRV1   1.0000     1.1345        -0.1345  (VIOLATED)
   padframe/mprj_pads[34]/PDRV1   1.0000     1.1345        -0.1345  (VIOLATED)
   padframe/mprj_pads[35]/PDRV1   1.0000     1.1345        -0.1345  (VIOLATED)
   padframe/mprj_pads[36]/PDRV1   1.0000     1.1345        -0.1345  (VIOLATED)
   padframe/mprj_pads[37]/PDRV1   1.0000     1.1345        -0.1345  (VIOLATED)
   chip_core/soc.core.sram.ram512x32.RAM02/RAM/D[5]   1.0870   1.1676  -0.0806 (VIOLATED)
   chip_core/soc.core.sram.ram512x32.RAM01/RAM/CEN   1.0870   1.1502  -0.0632 (VIOLATED)
   chip_core/soc.core.sram.ram512x32.RAM02/RAM/CEN   1.0870   1.1488  -0.0618 (VIOLATED)
   chip_core/soc.core.sram.ram512x32.RAM01/RAM/A[8]   1.0870   1.1359  -0.0489 (VIOLATED)
   chip_core/soc.core.sram.ram512x32.RAM02/RAM/A[8]   1.0870   1.1342  -0.0472 (VIOLATED)
   chip_core/soc.core.sram.ram512x32.RAM01/RAM/D[6]   1.0870   1.1337  -0.0467 (VIOLATED)
   chip_core/soc.core.sram.ram512x32.RAM02/RAM/D[7]   1.0870   1.1337  -0.0467 (VIOLATED)
   chip_core/soc.core.sram.ram512x32.RAM03/RAM/CEN   1.0870   1.1193  -0.0323 (VIOLATED)
   chip_core/soc.core.sram.ram512x32.RAM01/RAM/A[3]   1.0870   1.1164  -0.0294 (VIOLATED)
   chip_core/soc.core.sram.ram512x32.RAM02/RAM/A[3]   1.0870   1.1143  -0.0273 (VIOLATED)
   chip_core/soc.core.sram.ram512x32.RAM03/RAM/A[8]   1.0870   1.1129  -0.0259 (VIOLATED)
   chip_core/soc.core.sram.ram512x32.RAM03/RAM/A[3]   1.0870   1.1058  -0.0188 (VIOLATED)


   max_fanout

                             Required        Actual
   Pin                        Fanout         Fanout          Slack
   -----------------------------------------------------------------
   chip_core/output59/Z      22.0000        38.0000       -16.0000  (VIOLATED)
   chip_core/output70/Z      22.0000        38.0000       -16.0000  (VIOLATED)
   chip_core/gpio_control_in_1a[3].BUF[2]/Z  22.0000  24.0000  -2.0000 (VIOLATED)
   chip_core/housekeeping/clkbuf_3_6__f_wb_clk_i/Z  22.0000  23.0000  -1.0000 (VIOLATED)


1
