****************************************
Report : clock timing
	-type skew
	-nworst 1
	-hold
Design : caravel
Version: U-2022.12-SP5
Date   : Tue Nov  7 13:28:19 2023
****************************************

  Clock: clk

  Clock Pin                                 Latency   CRP     Skew
----------------------------------------------------------------------------
  chip_core/_36205_/CLK                     5.0466                     rp-+
  chip_core/housekeeping/_6832_/CLK         7.1381   -0.8913  1.2002   rp-+
----------------------------------------------------------------------------

  Clock: hk_serial_clk

  Clock Pin                                 Latency   CRP     Skew
----------------------------------------------------------------------------
  chip_core/_38511_/CLKN                    4.6016                     fp-+
  chip_core/_38491_/CLK                     5.8314   -0.3713  0.8585   rp-+
----------------------------------------------------------------------------

  Clock: hk_serial_load

  No local skews.


  Clock: hkspi_clk

  Clock Pin                                 Latency   CRP     Skew
----------------------------------------------------------------------------
  chip_core/housekeeping/_7304_/CLK         1.5204                     rp-+
  chip_core/housekeeping/_6891_/CLK         3.8480   -0.3782  1.9494   rp-+
----------------------------------------------------------------------------

1
