****************************************
Report : clock timing
	-type skew
	-nworst 1
	-setup
Design : caravel
Version: U-2022.12-SP5
Date   : Tue Nov  7 13:28:19 2023
****************************************

  Clock: clk

  Clock Pin                                 Latency   CRP     Skew
----------------------------------------------------------------------------
  chip_core/_37874_/CLKN                    7.7358                     fp-+
  chip_core/soc.core.sram.ram512x32.RAM02/RAM/CLK 5.1231 -0.1006 2.5121 rp-+
----------------------------------------------------------------------------

  Clock: hk_serial_clk

  Clock Pin                                 Latency   CRP     Skew
----------------------------------------------------------------------------
  chip_core/_38409_/CLK                     7.1376                     rp-+
  chip_core/_38410_/CLK                     6.0843   -0.5004  0.5529   rp-+
----------------------------------------------------------------------------

  Clock: hk_serial_load

  No local skews.


  Clock: hkspi_clk

  Clock Pin                                 Latency   CRP     Skew
----------------------------------------------------------------------------
  chip_core/housekeeping/_6950_/CLK         3.7761                     rp-+
  chip_core/housekeeping/_7304_/CLK         1.5204   -0.3782  1.8775   rp-+
----------------------------------------------------------------------------

1
