****************************************
Report : constraint
	-all_violators
	-path slack_only
Design : caravel
Version: U-2022.12-SP5
Date   : Tue Nov  7 13:28:17 2023
****************************************






   min_capacitance

                             Required        Actual
   Pin                      Capacitance    Capacitance       Slack
   -----------------------------------------------------------------
   chip_core/gpio_control_in_1[10].BUF[0]/Z   0.0010   0.0000  -0.0010 (VIOLATED)
   chip_core/gpio_control_in_1[10].BUF[1]/Z   0.0010   0.0000  -0.0010 (VIOLATED)
   chip_core/gpio_control_in_1[10].BUF[2]/Z   0.0010   0.0000  -0.0010 (VIOLATED)
   chip_core/gpio_control_in_2[0].BUF[0]/Z   0.0010   0.0000  -0.0010 (VIOLATED)
   chip_core/gpio_control_in_2[0].BUF[1]/Z   0.0010   0.0000  -0.0010 (VIOLATED)
   chip_core/gpio_control_in_2[0].BUF[2]/Z   0.0010   0.0000  -0.0010 (VIOLATED)


   max_transition

                             Required        Actual
   Pin                      Transition     Transition        Slack
   -----------------------------------------------------------------
   padframe/flash_io1_pad/PAD   1.0000       6.0000        -5.0000  (VIOLATED)
   padframe/mgmt_clock_input_pad/PAD   1.0000   3.5000     -2.5000  (VIOLATED)
   padframe/mgmt_gpio_pad/PAD   1.0000       3.5000        -2.5000  (VIOLATED)
   padframe/mprj_pads[3]/PAD   1.0000        3.5000        -2.5000  (VIOLATED)
   padframe/mprj_pads[4]/PAD   1.0000        3.5000        -2.5000  (VIOLATED)
   padframe/mprj_pads[15]/PAD   1.0000       2.1468        -1.1468  (VIOLATED)
   padframe/mprj_pads[17]/PAD   1.0000       2.1468        -1.1468  (VIOLATED)
   padframe/mprj_pads[22]/PAD   1.0000       2.1468        -1.1468  (VIOLATED)
   padframe/mprj_pads[19]/PAD   1.0000       2.1468        -1.1468  (VIOLATED)
   padframe/mprj_pads[23]/PAD   1.0000       2.1468        -1.1468  (VIOLATED)
   padframe/mprj_pads[20]/PAD   1.0000       2.1468        -1.1468  (VIOLATED)
   padframe/mprj_pads[21]/PAD   1.0000       2.1468        -1.1468  (VIOLATED)
   padframe/mprj_pads[16]/PAD   1.0000       2.1468        -1.1468  (VIOLATED)
   padframe/mprj_pads[18]/PAD   1.0000       2.1468        -1.1468  (VIOLATED)
   padframe/mprj_pads[1]/PAD   1.0000        2.1451        -1.1451  (VIOLATED)
   padframe/mprj_pads[14]/PAD   1.0000       2.1451        -1.1451  (VIOLATED)
   padframe/mprj_pads[11]/PAD   1.0000       2.1451        -1.1451  (VIOLATED)
   padframe/mprj_pads[12]/PAD   1.0000       2.1451        -1.1451  (VIOLATED)
   padframe/mprj_pads[26]/PAD   1.0000       2.1451        -1.1451  (VIOLATED)
   padframe/mprj_pads[32]/PAD   1.0000       2.1451        -1.1451  (VIOLATED)
   padframe/mprj_pads[33]/PAD   1.0000       2.1451        -1.1451  (VIOLATED)
   padframe/mprj_pads[10]/PAD   1.0000       2.1451        -1.1451  (VIOLATED)
   padframe/mprj_pads[37]/PAD   1.0000       2.1451        -1.1451  (VIOLATED)
   padframe/mprj_pads[27]/PAD   1.0000       2.1451        -1.1451  (VIOLATED)
   padframe/mprj_pads[24]/PAD   1.0000       2.1451        -1.1451  (VIOLATED)
   padframe/mprj_pads[6]/PAD   1.0000        2.1451        -1.1451  (VIOLATED)
   padframe/mprj_pads[5]/PAD   1.0000        2.1451        -1.1451  (VIOLATED)
   padframe/mprj_pads[0]/PAD   1.0000        2.1451        -1.1451  (VIOLATED)
   padframe/mprj_pads[28]/PAD   1.0000       2.1451        -1.1451  (VIOLATED)
   padframe/mprj_pads[25]/PAD   1.0000       2.1451        -1.1451  (VIOLATED)
   padframe/mprj_pads[29]/PAD   1.0000       2.1451        -1.1451  (VIOLATED)
   padframe/mprj_pads[34]/PAD   1.0000       2.1451        -1.1451  (VIOLATED)
   padframe/mprj_pads[35]/PAD   1.0000       2.1451        -1.1451  (VIOLATED)
   padframe/mprj_pads[8]/PAD   1.0000        2.1451        -1.1451  (VIOLATED)
   padframe/mprj_pads[36]/PAD   1.0000       2.1451        -1.1451  (VIOLATED)
   padframe/mprj_pads[30]/PAD   1.0000       2.1451        -1.1451  (VIOLATED)
   padframe/mprj_pads[13]/PAD   1.0000       2.1451        -1.1451  (VIOLATED)
   padframe/mprj_pads[9]/PAD   1.0000        2.1451        -1.1451  (VIOLATED)
   padframe/mprj_pads[31]/PAD   1.0000       2.1451        -1.1451  (VIOLATED)
   padframe/mprj_pads[7]/PAD   1.0000        2.1451        -1.1451  (VIOLATED)
   padframe/flash_clk_pad/PAD   1.0000       1.8161        -0.8161  (VIOLATED)
   padframe/flash_io0_pad/PAD   1.0000       1.8161        -0.8161  (VIOLATED)
   padframe/flash_csb_pad/PAD   1.0000       1.8160        -0.8160  (VIOLATED)
   chip_core/soc.core.sram.ram512x32.RAM02/RAM/GWEN   1.0870   1.4175  -0.3305 (VIOLATED)
   chip_core/soc.core.sram.ram512x32.RAM03/RAM/GWEN   1.0870   1.4159  -0.3289 (VIOLATED)
   chip_core/soc.core.sram.ram512x32.RAM02/RAM/D[3]   1.0870   1.3537  -0.2667 (VIOLATED)
   chip_core/soc.core.sram.ram512x32.RAM03/RAM/D[6]   1.0870   1.2448  -0.1578 (VIOLATED)
   chip_core/soc.core.sram.ram512x32.RAM01/RAM/A[1]   1.0870   1.1995  -0.1125 (VIOLATED)
   chip_core/soc.core.sram.ram512x32.RAM02/RAM/A[1]   1.0870   1.1937  -0.1067 (VIOLATED)
   chip_core/soc.core.sram.ram512x32.RAM02/RAM/D[1]   1.0870   1.1712  -0.0842 (VIOLATED)
   chip_core/soc.core.sram.ram512x32.RAM00/RAM/CLK   1.0870   1.1169  -0.0299 (VIOLATED)


1
