****************************************
Report : clock timing
	-type skew
	-nworst 1
	-setup
Design : caravel
Version: U-2022.12-SP5
Date   : Tue Nov  7 13:43:51 2023
****************************************

  Clock: clk

  Clock Pin                                 Latency   CRP     Skew
----------------------------------------------------------------------------
  chip_core/_37874_/CLKN                    7.1758                     fp-+
  chip_core/soc.core.sram.ram512x32.RAM02/RAM/CLK 4.7089 -0.0619 2.4050 rp-+
----------------------------------------------------------------------------

  Clock: hk_serial_clk

  Clock Pin                                 Latency   CRP     Skew
----------------------------------------------------------------------------
  chip_core/_38409_/CLK                     6.2897                     rp-+
  chip_core/_38410_/CLK                     5.4983   -0.4415  0.3499   rp-+
----------------------------------------------------------------------------

  Clock: hk_serial_load

  No local skews.


  Clock: hkspi_clk

  Clock Pin                                 Latency   CRP     Skew
----------------------------------------------------------------------------
  chip_core/housekeeping/_6950_/CLK         3.4367                     rp-+
  chip_core/housekeeping/_7304_/CLK         1.3943   -0.3580  1.6844   rp-+
----------------------------------------------------------------------------

1
