****************************************
Report : clock timing
	-type skew
	-nworst 1
	-hold
Design : caravel
Version: U-2022.12-SP5
Date   : Tue Nov  7 13:43:51 2023
****************************************

  Clock: clk

  Clock Pin                                 Latency   CRP     Skew
----------------------------------------------------------------------------
  chip_core/_36205_/CLK                     4.6256                     rp-+
  chip_core/housekeeping/_6832_/CLK         6.4176   -0.7188  1.0733   rp-+
----------------------------------------------------------------------------

  Clock: hk_serial_clk

  Clock Pin                                 Latency   CRP     Skew
----------------------------------------------------------------------------
  chip_core/_38511_/CLKN                    4.0687                     fp-+
  chip_core/_38491_/CLK                     5.1213   -0.3167  0.7359   rp-+
----------------------------------------------------------------------------

  Clock: hk_serial_load

  No local skews.


  Clock: hkspi_clk

  Clock Pin                                 Latency   CRP     Skew
----------------------------------------------------------------------------
  chip_core/housekeeping/_7304_/CLK         1.3943                     rp-+
  chip_core/housekeeping/_6891_/CLK         3.4823   -0.3580  1.7300   rp-+
----------------------------------------------------------------------------

1
