****************************************
Report : clock timing
	-type skew
	-nworst 1
	-hold
Design : caravel
Version: U-2022.12-SP5
Date   : Tue Nov  7 13:36:06 2023
****************************************

  Clock: clk

  Clock Pin                                 Latency   CRP     Skew
----------------------------------------------------------------------------
  chip_core/_36205_/CLK                     4.7905                     rp-+
  chip_core/housekeeping/_6832_/CLK         6.6766   -0.7843  1.1019   rp-+
----------------------------------------------------------------------------

  Clock: hk_serial_clk

  Clock Pin                                 Latency   CRP     Skew
----------------------------------------------------------------------------
  chip_core/_38511_/CLKN                    4.2556                     fp-+
  chip_core/_38491_/CLK                     5.3809   -0.3415  0.7837   rp-+
----------------------------------------------------------------------------

  Clock: hk_serial_load

  No local skews.


  Clock: hkspi_clk

  Clock Pin                                 Latency   CRP     Skew
----------------------------------------------------------------------------
  chip_core/housekeeping/_7304_/CLK         1.4422                     rp-+
  chip_core/housekeeping/_6891_/CLK         3.6135   -0.3612  1.8100   rp-+
----------------------------------------------------------------------------

1
