****************************************
Report : clock timing
	-type skew
	-nworst 1
	-setup
Design : caravel
Version: U-2022.12-SP5
Date   : Tue Nov  7 13:36:06 2023
****************************************

  Clock: clk

  Clock Pin                                 Latency   CRP     Skew
----------------------------------------------------------------------------
  chip_core/_37874_/CLKN                    7.3831                     fp-+
  chip_core/soc.core.sram.ram512x32.RAM02/RAM/CLK 4.8694 -0.0776 2.4361 rp-+
----------------------------------------------------------------------------

  Clock: hk_serial_clk

  Clock Pin                                 Latency   CRP     Skew
----------------------------------------------------------------------------
  chip_core/_38409_/CLK                     6.6039                     rp-+
  chip_core/_38410_/CLK                     5.7067   -0.4618  0.4353   rp-+
----------------------------------------------------------------------------

  Clock: hk_serial_load

  No local skews.


  Clock: hkspi_clk

  Clock Pin                                 Latency   CRP     Skew
----------------------------------------------------------------------------
  chip_core/housekeeping/_6950_/CLK         3.5599                     rp-+
  chip_core/housekeeping/_7304_/CLK         1.4422   -0.3612  1.7565   rp-+
----------------------------------------------------------------------------

1
