StarRC extraction run for design: spare_logic_block at RC corner nom

StarRC command file created:	star_cmd-nom.xtcmd

BLOCK: spare_logic_block
TCAD_GRD_FILE: /home/passant/caravel-gf180mcu/scripts/gf180-tech/gf180mcu_1p5m_1tm_9k_sp_smim_OPTB_typ.nxtgrd
MAPPING_FILE: /home/passant/caravel-gf180mcu/scripts/gf180-tech/gf180mcu.starxt_map
OPERATING_TEMPERATURE: 25
NETLIST_FORMAT: SPEF
NETLIST_FILE: /home/passant/caravel-gf180mcu/signoff/spare_logic_block/StarRC/2022_12_06_02_11_30/spare_logic_block.nom.spef
SUMMARY_FILE: ./star_dir_temp/spare_logic_block.nom.star_sum
LEF_FILE: /home/passant/OpenLane/pdks/gf180mcuC/libs.ref/gf180mcu_fd_sc_mcu7t5v0/techlef/gf180mcu_fd_sc_mcu7t5v0__nom.tlef
LEF_FILE: /home/passant/OpenLane/pdks/gf180mcuC/libs.ref/gf180mcu_fd_sc_mcu7t5v0/lef/gf180mcu_fd_sc_mcu7t5v0.lef
LEF_FILE: /home/passant/OpenLane/pdks/gf180mcuC/libs.ref/gf180mcu_fd_io/lef/gf180mcu_fd_io.lef
LEF_FILE: /home/passant/OpenLane/pdks/gf180mcuC/libs.ref/gf180mcu_fd_ip_sram/lef/gf180mcu_fd_ip_sram__sram512x8m8wm1.lef
LEF_FILE: /home/passant/caravel-gf180mcu/macros/simple_por/lef/simple_por.lef
LEF_FILE: /home/passant/caravel-gf180mcu/lef/user_id_programming.lef
LEF_FILE: /home/passant/caravel-gf180mcu/lef/gpio_defaults_block_007.lef
LEF_FILE: /home/passant/caravel-gf180mcu/lef/digital_pll.lef
LEF_FILE: /home/passant/caravel-gf180mcu/lef/gpio_defaults_block.lef
LEF_FILE: /home/passant/caravel-gf180mcu/lef/housekeeping.lef
LEF_FILE: /home/passant/caravel-gf180mcu/lef/gpio_control_block.lef
LEF_FILE: /home/passant/caravel-gf180mcu/lef/caravel_gf180_pdn.lef
LEF_FILE: /home/passant/caravel-gf180mcu/lef/mgmt_protect.lef
LEF_FILE: /home/passant/caravel-gf180mcu/lef/user_project_wrapper.lef
LEF_FILE: /home/passant/caravel-gf180mcu/lef/caravel_power_routing.lef
LEF_FILE: /home/passant/caravel-gf180mcu/lef/spare_logic_block.lef
LEF_FILE: /home/passant/caravel-gf180mcu/lef/gpio_defaults_block_087.lef
LEF_FILE: /home/passant/caravel-gf180mcu/lef/caravel_core.lef
LEF_FILE: /home/passant/caravel-gf180mcu/lef/caravel_clocking.lef
LEF_FILE: /home/passant/caravel-gf180mcu/lef/mprj_io_buffer.lef
LEF_FILE: /home/passant/caravel-gf180mcu/lef/gpio_defaults_block_009.lef
LEF_FILE: /home/passant/caravel-gf180mcu/lef/chip_io.lef
LEF_FILE: /home/passant/caravel_mgmt_soc_gf180mcu/lef/mgmt_core_wrapper.lef
LEF_FILE: /home/passant/caravel_mgmt_soc_gf180mcu/lef/gf180_ram_512x8_wrapper.lef
LEF_FILE: /home/passant/caravel_mgmt_soc_gf180mcu/lef/GF180_RAM_512x32.lef
LEF_FILE: /home/passant/caravel_user_project-gf180mcu/lef/user_proj_example.lef
LEF_FILE: /home/passant/caravel_user_project-gf180mcu/lef/user_project_wrapper.lef
TOP_DEF_FILE: /home/passant/caravel-gf180mcu/def/spare_logic_block.def
STAR_DIRECTORY: ./star_dir_temp/spare_logic_block.nom/
GPD: /home/passant/caravel-gf180mcu/scripts/star_dir_temp/spare_logic_block.nom.gpd
TRANSLATE_RETAIN_BULK_LAYERS: YES
IGNORE_CAPACITANCE: NONE
TRANSLATE_RETAIN_BULK_LAYERS: YES
NETLIST_PASSIVE_PARAMS: YES
EXTRACTION: RC
EXTRACT_VIA_CAPS: YES
COUPLE_TO_GROUND: NO
COUPLING_ABS_THRESHOLD: 1e-19
REDUCTION: NO_EXTRA_LOOPS

                                  StarRC (TM)

               Version T-2022.03-SP3 for linux64 - Jul 12, 2022 

                    Copyright (c) 1999 - 2022 Synopsys, Inc.
   This software and the associated documentation are proprietary to Synopsys,
 Inc. This software may only be used in accordance with the terms and conditions
 of a written license agreement with Synopsys, Inc. All other use, reproduction,
   or distribution of this software is strictly prohibited.  Licensed Products
     communicate with Synopsys servers for the purpose of providing software
    updates, detecting software piracy and verifying that customers are using
    Licensed Products in conformity with the applicable License Key for such
  Licensed Products. Synopsys will use information gathered in connection with
    this process to deliver software updates and pursue software pirates and
                                   infringers.

 Inclusivity & Diversity - Visit SolvNetPlus to read the "Synopsys Statement on
            Inclusivity and Diversity" (Refer to article 000036315 at
                        https://solvnetplus.synopsys.com)

ExecName: /tools/snps/starrc/T-2022.03-SP3/linux64_starrc/bin/StarXtract
Version: T-2022.03-SP3
Built on: Jul 12 2022 19:20:26
Start Time: Tue Dec  6 02:11:30 2022

Host ............ license-server-00

xTractorName: /tools/snps/starrc/T-2022.03-SP3/linux64_starrc/bin/xTractor
Version: T-2022.03-SP3
Built on: Jul 12 2022 19:20:14

Called as: StarXtract /home/passant/caravel-gf180mcu/scripts/star_cmd-nom.xtcmd 
Run Directory: /home/passant/caravel-gf180mcu/scripts
Read unit 2000 from tech LEF file
/home/passant/OpenLane/pdks/gf180mcuC/libs.ref/gf180mcu_fd_sc_mcu7t5v0/techlef/gf180mcu_fd_sc_mcu7t5v0__nom.tlef.
Using Units:2000 to translate LEF. (SX-2158)
Read unit 2000 from top DEF file /home/passant/caravel-gf180mcu/def/spare_logic_block.def. Using
Units:2000 to translate top DEF. (SX-2158)
WARNING: DEF_MASKSHIFT_CONSISTENCY_CHECK may incur performance penalty in preXtraction. (SX-2105)
WARNING: INPUT_NAMES_ESCAPE_REMOVAL is enabled, please make sure that the net select commands remove
         the escape at the same time. (SX-3860)

Block ........... spare_logic_block
Star Directory .. /home/passant/caravel-gf180mcu/scripts/star_dir_temp/spare_logic_block.nom
WARNING: Running StarRC in single corner mode will result in degraded runtime for design flows where
         multiple corners are used.  For optimal runtime, add the necessary commands to configure
         the Simultaneous Multicorner flow (CORNERS_FILE and SELECTED_CORNERS). (SX-3552)
LEF file ........
 /home/passant/OpenLane/pdks/gf180mcuC/libs.ref/gf180mcu_fd_sc_mcu7t5v0/techlef/gf180mcu_fd_sc_mcu7t5v0__nom.tlef

LEF file ........
 /home/passant/OpenLane/pdks/gf180mcuC/libs.ref/gf180mcu_fd_sc_mcu7t5v0/lef/gf180mcu_fd_sc_mcu7t5v0.lef

LEF file ........
 /home/passant/OpenLane/pdks/gf180mcuC/libs.ref/gf180mcu_fd_io/lef/gf180mcu_fd_io.lef
LEF file ........
 /home/passant/OpenLane/pdks/gf180mcuC/libs.ref/gf180mcu_fd_ip_sram/lef/gf180mcu_fd_ip_sram__sram512x8m8wm1.lef

LEF file ........ /home/passant/caravel-gf180mcu/macros/simple_por/lef/simple_por.lef
LEF file ........ /home/passant/caravel-gf180mcu/lef/user_id_programming.lef
LEF file ........ /home/passant/caravel-gf180mcu/lef/gpio_defaults_block_007.lef
LEF file ........ /home/passant/caravel-gf180mcu/lef/digital_pll.lef
LEF file ........ /home/passant/caravel-gf180mcu/lef/gpio_defaults_block.lef
LEF file ........ /home/passant/caravel-gf180mcu/lef/housekeeping.lef
LEF file ........ /home/passant/caravel-gf180mcu/lef/gpio_control_block.lef
LEF file ........ /home/passant/caravel-gf180mcu/lef/caravel_gf180_pdn.lef
LEF file ........ /home/passant/caravel-gf180mcu/lef/mgmt_protect.lef
LEF file ........ /home/passant/caravel-gf180mcu/lef/user_project_wrapper.lef
LEF file ........ /home/passant/caravel-gf180mcu/lef/caravel_power_routing.lef
LEF file ........ /home/passant/caravel-gf180mcu/lef/spare_logic_block.lef
LEF file ........ /home/passant/caravel-gf180mcu/lef/gpio_defaults_block_087.lef
LEF file ........ /home/passant/caravel-gf180mcu/lef/caravel_core.lef
LEF file ........ /home/passant/caravel-gf180mcu/lef/caravel_clocking.lef
LEF file ........ /home/passant/caravel-gf180mcu/lef/mprj_io_buffer.lef
LEF file ........ /home/passant/caravel-gf180mcu/lef/gpio_defaults_block_009.lef
LEF file ........ /home/passant/caravel-gf180mcu/lef/chip_io.lef
LEF file ........ /home/passant/caravel_mgmt_soc_gf180mcu/lef/mgmt_core_wrapper.lef
LEF file ........ /home/passant/caravel_mgmt_soc_gf180mcu/lef/gf180_ram_512x8_wrapper.lef
LEF file ........ /home/passant/caravel_mgmt_soc_gf180mcu/lef/GF180_RAM_512x32.lef
LEF file ........ /home/passant/caravel_user_project-gf180mcu/lef/user_proj_example.lef
LEF file ........ /home/passant/caravel_user_project-gf180mcu/lef/user_project_wrapper.lef
Top DEF File .... /home/passant/caravel-gf180mcu/def/spare_logic_block.def
  Setup         Elp=00:00:01 Cpu=00:00:01 Usr=1.1    Sys=0.0    Mem=378.1 
Done

Map Layers:  Tue Dec  6 02:11:31 2022
    Parsing LEF file
WARNING: LEF LAYER 'Nwell' is not defined in mapping file (SX-2086)
WARNING: LEF LAYER 'CON' is not defined in mapping file (SX-2086)
WARNING: LEF LAYER 'PR_bndry' is not defined in mapping file (SX-2086)
WARNING: LAYER 'CON' has no VIA connection (SX-2076)
WARNING: Layer "Poly2" has no connections. (SX-1851)
  Warnings: 6    Errors: 0    (See file summary/layers.sum)
  Layers        Elp=00:00:00 Cpu=00:00:00 Usr=0.3    Sys=0.0    Mem=407.1 
Done

Build HN:  Tue Dec  6 02:11:33 2022
    Parsing LEF file
    
  Warnings: 0    Errors: 0
  HN            Elp=00:00:01 Cpu=00:00:00 Usr=0.3    Sys=0.0    Mem=410.5 
Done

Process Cells:  Tue Dec  6 02:11:34 2022
  Warnings: 0    Errors: 0
  Cells         Elp=00:00:00 Cpu=00:00:00 Usr=0.0    Sys=0.0    Mem=394.8 
Done

Translate DB:  Tue Dec  6 02:11:34 2022
  Warnings: 0    Errors: 0
  Translate     Elp=00:00:00 Cpu=00:00:00 Usr=0.0    Sys=0.0    Mem=378.3 
Done

Handle Bulk Layer:  Tue Dec  6 02:11:34 2022
  Warnings: 0    Errors: 0
  BulkLayerHandling Elp=00:00:00 Cpu=00:00:00 Usr=0.0    Sys=0.0    Mem=0.0   
Done

Netlist Setup:  Tue Dec  6 02:11:34 2022
  Warnings: 0    Errors: 0
  NetlistSetup  Elp=00:00:00 Cpu=00:00:00 Usr=0.0    Sys=0.0    Mem=360.7 
Done

GPD XtractSetup:  Tue Dec  6 02:11:36 2022
  Warnings: 0    Errors: 0
  GPD_XtractSetup Elp=00:00:00 Cpu=00:00:00 Usr=0.0    Sys=0.0    Mem=378.2 
Done

GPD NameMap:  Tue Dec  6 02:11:39 2022
  Warnings: 0    Errors: 0
  GPD_NameMap   Elp=00:00:00 Cpu=00:00:00 Usr=0.0    Sys=0.0    Mem=361.4 
Done

xTract DB:  Tue Dec  6 02:11:41 2022
Completed   2%  Time=00:00:00  RemainingTime=00:00:00  Mem=297.98
Completed   6%  Time=00:00:00  RemainingTime=00:00:00  Mem=297.98
Completed  11%  Time=00:00:00  RemainingTime=00:00:00  Mem=297.98
Completed  15%  Time=00:00:00  RemainingTime=00:00:00  Mem=297.98
Completed  20%  Time=00:00:00  RemainingTime=00:00:00  Mem=297.98
Completed  25%  Time=00:00:00  RemainingTime=00:00:00  Mem=297.98
Completed  29%  Time=00:00:00  RemainingTime=00:00:00  Mem=297.98
Completed  34%  Time=00:00:00  RemainingTime=00:00:00  Mem=297.98
Completed  38%  Time=00:00:00  RemainingTime=00:00:00  Mem=297.98
Completed  43%  Time=00:00:00  RemainingTime=00:00:00  Mem=297.98
Completed  47%  Time=00:00:00  RemainingTime=00:00:00  Mem=297.98
Completed  52%  Time=00:00:00  RemainingTime=00:00:00  Mem=297.98
Completed  56%  Time=00:00:00  RemainingTime=00:00:00  Mem=297.98
Completed  61%  Time=00:00:00  RemainingTime=00:00:00  Mem=297.98
Completed  65%  Time=00:00:00  RemainingTime=00:00:00  Mem=297.98
Completed  70%  Time=00:00:00  RemainingTime=00:00:00  Mem=297.98
Completed  75%  Time=00:00:00  RemainingTime=00:00:00  Mem=297.98
Completed  79%  Time=00:00:00  RemainingTime=00:00:00  Mem=297.98
Completed  84%  Time=00:00:00  RemainingTime=00:00:00  Mem=297.98
Completed  88%  Time=00:00:00  RemainingTime=00:00:00  Mem=297.98
Completed  93%  Time=00:00:00  RemainingTime=00:00:00  Mem=297.98
Completed  97%  Time=00:00:00  RemainingTime=00:00:00  Mem=297.98
Completed 100%  Time=00:00:00  RemainingTime=00:00:00  Mem=297.98
Extracted 819 capacitors, 1201 resistors, 1222 nodes
Reduced to 292 nodes,  (76.1047%)
Reduced to 249 resistors,  (79.2673%)
Reduced to 423 capacitors: 131 Cc and 292 Cg (48.3516%)
  Warnings: 0    Errors: 0
  xTract        Elp=00:00:00 Cpu=00:00:00 Usr=0.1    Sys=0.0    Mem=298.5 
Done

xTract Post Process DB:  Tue Dec  6 02:11:45 2022
  Warnings: 0    Errors: 0
  xTractPP      Elp=00:00:00 Cpu=00:00:00 Usr=0.0    Sys=0.0    Mem=258.7 
Done

Report Violations:  Tue Dec  6 02:11:47 2022
  Warnings: 0    Errors: 0
  ReportViolations Elp=00:00:00 Cpu=00:00:00 Usr=0.0    Sys=0.0    Mem=360.6 
Done

Report Opens:  Tue Dec  6 02:11:49 2022
  Warnings: 0    Errors: 0
  ReportOpens   Elp=00:00:00 Cpu=00:00:00 Usr=0.0    Sys=0.0    Mem=360.6 
Done

GPD Post Process:  Tue Dec  6 02:11:51 2022
  Warnings: 0    Errors: 0
  GPD_PostProcess Elp=00:00:00 Cpu=00:00:00 Usr=0.0    Sys=0.0    Mem=361.0 
Done

GPD Converter Part 1:  Tue Dec  6 02:11:53 2022
  Warnings: 0    Errors: 0
  GPD_Converter1 Elp=00:00:00 Cpu=00:00:00 Usr=0.0    Sys=0.0    Mem=254.3 
Done

GPD Converter Part 2:  Tue Dec  6 02:11:55 2022
  Warnings: 0    Errors: 0
  GPD_Converter2 Elp=00:00:00 Cpu=00:00:00 Usr=0.0    Sys=0.0    Mem=253.0 
Done

GPD Converter Merge:  Tue Dec  6 02:11:58 2022
  Warnings: 0    Errors: 0
  GPD_Converter_merge Elp=00:00:00 Cpu=00:00:00 Usr=0.0    Sys=0.0    Mem=252.9 
Done
  
Setup               Elp=00:00:01 Cpu=00:00:01 Usr=1.1    Sys=0.0    Mem=378.1 
Layers              Elp=00:00:00 Cpu=00:00:00 Usr=0.3    Sys=0.0    Mem=407.1 
HN                  Elp=00:00:01 Cpu=00:00:00 Usr=0.3    Sys=0.0    Mem=410.5 
Cells               Elp=00:00:00 Cpu=00:00:00 Usr=0.0    Sys=0.0    Mem=394.8 
Translate           Elp=00:00:00 Cpu=00:00:00 Usr=0.0    Sys=0.0    Mem=378.3 
BulkLayerHandling   Elp=00:00:00 Cpu=00:00:00 Usr=0.0    Sys=0.0    Mem=0.0   
NetlistSetup        Elp=00:00:00 Cpu=00:00:00 Usr=0.0    Sys=0.0    Mem=360.7 
GPD_XtractSetup     Elp=00:00:00 Cpu=00:00:00 Usr=0.0    Sys=0.0    Mem=378.2 
GPD_NameMap         Elp=00:00:00 Cpu=00:00:00 Usr=0.0    Sys=0.0    Mem=361.4 
xTract              Elp=00:00:00 Cpu=00:00:00 Usr=0.1    Sys=0.0    Mem=298.5 
xTractPP            Elp=00:00:00 Cpu=00:00:00 Usr=0.0    Sys=0.0    Mem=258.7 
ReportViolations    Elp=00:00:00 Cpu=00:00:00 Usr=0.0    Sys=0.0    Mem=360.6 
ReportOpens         Elp=00:00:00 Cpu=00:00:00 Usr=0.0    Sys=0.0    Mem=360.6 
GPD_PostProcess     Elp=00:00:00 Cpu=00:00:00 Usr=0.0    Sys=0.0    Mem=361.0 
GPD_Converter1      Elp=00:00:00 Cpu=00:00:00 Usr=0.0    Sys=0.0    Mem=254.3 
GPD_Converter2      Elp=00:00:00 Cpu=00:00:00 Usr=0.0    Sys=0.0    Mem=253.0 
GPD_Converter_merge Elp=00:00:00 Cpu=00:00:00 Usr=0.0    Sys=0.0    Mem=252.9 
  
Done          Elp=00:00:02 Cpu=00:00:01 Usr=1.8    Sys=0.0    Mem=410.5 

End Time: Tue Dec  6 02:12:02 2022



RUN-TIME SUMMARY:
----------------------------------------------------------------------------------------------
CPU#   | STAGE SUMMARY                                            |END TIME             |HOST NAME
----------------------------------------------------------------------------------------------
CPU_01 |*Setup                     Elp=00:00:01 Cpu=00:00:01 Mem=378.1  |Dec  6 02:11:31 |license-server-00
CPU_01 |*Layers                    Elp=00:00:00 Cpu=00:00:00 Mem=407.1  |Dec  6 02:11:31 |license-server-00
CPU_01 |*HN                        Elp=00:00:01 Cpu=00:00:00 Mem=410.5  |Dec  6 02:11:34 |license-server-00
CPU_01 |*BulkLayerHandling         Elp=00:00:00 Cpu=00:00:00 Mem=0      |Dec  6 02:11:34 |license-server-00
CPU_01 |*Cells                     Elp=00:00:00 Cpu=00:00:00 Mem=394.8  |Dec  6 02:11:34 |license-server-00
CPU_01 |*NetlistSetup              Elp=00:00:00 Cpu=00:00:00 Mem=360.7  |Dec  6 02:11:34 |license-server-00
CPU_01 |*Translate                 Elp=00:00:00 Cpu=00:00:00 Mem=378.3  |Dec  6 02:11:34 |license-server-00
CPU_01 |*GPD_XtractSetup           Elp=00:00:01 Cpu=00:00:00 Mem=378.2  |Dec  6 02:11:37 |license-server-00
CPU_01 |*GPD_NameMap               Elp=00:00:00 Cpu=00:00:00 Mem=361.4  |Dec  6 02:11:39 |license-server-00
CPU_01 |*xTract                    Elp=00:00:00 Cpu=00:00:00 Mem=298.5  |Dec  6 02:11:41 |license-server-00
CPU_01 |*xTractPP                  Elp=00:00:00 Cpu=00:00:00 Mem=258.7  |Dec  6 02:11:45 |license-server-00
CPU_01 |*ReportViolations          Elp=00:00:00 Cpu=00:00:00 Mem=360.6  |Dec  6 02:11:47 |license-server-00
CPU_01 |*ReportOpens               Elp=00:00:00 Cpu=00:00:00 Mem=360.6  |Dec  6 02:11:49 |license-server-00
CPU_01 |*GPD_PostProcess           Elp=00:00:00 Cpu=00:00:00 Mem=361    |Dec  6 02:11:51 |license-server-00
CPU_01 |*GPD_Converter_DP          Elp=00:00:03 Cpu=00:00:00 Mem=254.3  |Dec  6 02:11:56 |license-server-00
CPU_01 |*GPD_Converter_merge       Elp=00:00:00 Cpu=00:00:00 Mem=252.9  |Dec  6 02:11:58 |license-server-00
----------------------------------------------------------------------------------------------
Start Time: Tue Dec  6 02:11:30 2022
End Time: Tue Dec  6 02:11:51 2022
----------------------------------------------------------------------------------------------
Overall:         Elp=00:00:17 Cpu= 00:00:01 Peak_Mem(MB)=410.5
PreXtraction:    Elp=00:00:11 Cpu= 00:00:01 Peak_Mem(MB)=410.5
Xtraction:       Elp=00:00:00 Cpu= 00:00:00 Peak_Mem(MB)=0
PostXtraction:   Elp=00:00:06 Cpu= 00:00:00 Peak_Mem(MB)=361
----------------------------------------------------------------------------------------------
Spef Output:     Elp= 00:00:05 Cpu= 00:00:00 Peak_Mem(MB)=254.3
----------------------------------------------------------------------------------------------


NOTE: Simultaneous Multicorner (SMC) is now the default mode for StarRC gate-level extraction.
By running SMC, the overall runtime can be reduced by up to 2x with the same level of accuracy
as single corner extraction. For more information, consult the Simultaneous Multicorner Section
in the StarRC User Guide.

Message Summary:
----------------------------------------------------------------------------------------------
SX-1851 (x   1)|Warning      |LAYER "()" HAS NO CONNECTIONS.
SX-2076 (x   1)|Warning      |LAYER '()' HAS NO VIA CONNECTION
SX-2086 (x   3)|Warning      |LEF LAYER '()' IS NOT DEFINED IN MAPPING FILE
SX-2105 (x   1)|Warning      |DEF_MASKSHIFT_CONSISTENCY_CHECK MAY INCUR PERFORMANCE PENALTY IN PREXTRACTION.
SX-2158 (x   2)|Information  |READ UNIT () FROM () FILE (). USING UNITS:() TO TRANSLATE ().
SX-3552 (x   1)|Warning      |RUNNING STARRC IN SINGLE CORNER MODE WILL RESULT IN DEGRADED RUNTIME FOR DESIGN FLOWS WHERE MULTIPLE CORNERS ARE USED.  FOR OPTIMAL RUNTIME, ADD THE NECESSARY COMMANDS TO CONFIGURE THE SIMULTANEOUS MULTICORNER FLOW (CORNERS_FILE AND SELECTED_CORNERS).
SX-3860 (x   1)|Warning      |INPUT_NAMES_ESCAPE_REMOVAL IS ENABLED, PLEASE MAKE SURE THAT THE NET SELECT COMMANDS REMOVE THE ESCAPE AT THE SAME TIME.

