****************************************
Report : constraint
	-all_violators
	-path slack_only
Design : caravel_core
Version: T-2022.03-SP3
Date   : Tue Dec 13 23:46:27 2022
****************************************






   min_capacitance

                             Required        Actual
   Pin                      Capacitance    Capacitance       Slack
   -----------------------------------------------------------------
   gpio_control_in_1[10].BUF[0]/Z   0.0010   0.0000        -0.0010  (VIOLATED)
   gpio_control_in_1[10].BUF[1]/Z   0.0010   0.0000        -0.0010  (VIOLATED)
   gpio_control_in_1[10].BUF[2]/Z   0.0010   0.0000        -0.0010  (VIOLATED)
   gpio_control_in_2[0].BUF[0]/Z   0.0010    0.0000        -0.0010  (VIOLATED)
   gpio_control_in_2[0].BUF[1]/Z   0.0010    0.0000        -0.0010  (VIOLATED)
   gpio_control_in_2[0].BUF[2]/Z   0.0010    0.0000        -0.0010  (VIOLATED)
   housekeeping/output181/Z   0.0010         0.0010         0.0000  (VIOLATED: increase significant digits)


   max_transition

                             Required        Actual
   Pin                      Transition     Transition        Slack
   -----------------------------------------------------------------
   soc.core.sram.ram512x32.RAM02/RAM/GWEN   1.5470   1.8599  -0.3129 (VIOLATED)
   soc.core.sram.ram512x32.RAM03/RAM/GWEN   1.5470   1.8582  -0.3112 (VIOLATED)
   soc.core.sram.ram512x32.RAM00/RAM/CLK   1.5470   1.6260  -0.0790 (VIOLATED)
   soc.core.sram.ram512x32.RAM02/RAM/CLK   1.5470   1.5894  -0.0424 (VIOLATED)
   soc.core.sram.ram512x32.RAM02/RAM/D[3]   1.5470   1.5824  -0.0354 (VIOLATED)


   max_fanout

                             Required        Actual
   Pin                        Fanout         Fanout          Slack
   -----------------------------------------------------------------
   wire2087/Z                22.0000       115.0000       -93.0000  (VIOLATED)
   housekeeping/clkbuf_3_6__f_wb_clk_i/Z  22.0000  23.0000  -1.0000 (VIOLATED)


1
