****************************************
Report : constraint
	-all_violators
	-path slack_only
Design : housekeeping
Version: T-2022.03-SP3
Date   : Mon Nov 28 12:49:13 2022
****************************************






   max_capacitance

                             Required        Actual
   Pin                      Capacitance    Capacitance       Slack
   -----------------------------------------------------------------
   hold52/Z                   0.4936         0.8018        -0.3082  (VIOLATED)
   hold62/Z                   0.4936         0.7466        -0.2530  (VIOLATED)
   hold86/Z                   0.4936         0.7343        -0.2407  (VIOLATED)
   hold29/Z                   0.4936         0.7181        -0.2245  (VIOLATED)
   hold15/Z                   0.4936         0.7125        -0.2189  (VIOLATED)
   hold2/Z                    0.4936         0.7032        -0.2096  (VIOLATED)
   hold113/Z                  0.4936         0.5498        -0.0562  (VIOLATED)


   max_transition

                             Required        Actual
   Pin                      Transition     Transition        Slack
   -----------------------------------------------------------------
   _5624_/I0                  4.0000        11.4468        -7.4468  (VIOLATED)
   _5651_/I1                  4.0000        11.4467        -7.4467  (VIOLATED)
   _5789_/I0                  4.0000        11.4465        -7.4465  (VIOLATED)
   _4123_/I0                  4.0000        11.4442        -7.4442  (VIOLATED)
   _4153_/I0                  4.0000        11.4442        -7.4442  (VIOLATED)
   _5633_/I0                  4.0000        11.4410        -7.4410  (VIOLATED)
   _5615_/I0                  4.0000        11.4403        -7.4403  (VIOLATED)
   _5660_/I1                  4.0000        11.4398        -7.4398  (VIOLATED)
   _5714_/I0                  4.0000        11.4396        -7.4396  (VIOLATED)
   _5678_/I1                  4.0000        11.4382        -7.4382  (VIOLATED)
   _5507_/I1                  4.0000        11.4381        -7.4381  (VIOLATED)
   _5798_/I0                  4.0000        11.4378        -7.4378  (VIOLATED)
   _5597_/I0                  4.0000        11.4372        -7.4372  (VIOLATED)
   _4110_/I0                  4.0000        11.4372        -7.4372  (VIOLATED)
   _5723_/I0                  4.0000        11.4364        -7.4364  (VIOLATED)
   _5696_/I0                  4.0000        11.4363        -7.4363  (VIOLATED)
   _5861_/I0                  4.0000        11.4333        -7.4333  (VIOLATED)
   _4250_/I0                  4.0000        11.4332        -7.4332  (VIOLATED)
   _5753_/I0                  4.0000        11.4325        -7.4325  (VIOLATED)
   _5705_/I1                  4.0000        11.4320        -7.4320  (VIOLATED)
   _5834_/I0                  4.0000        11.4317        -7.4317  (VIOLATED)
   _4266_/I1                  4.0000        11.4308        -7.4308  (VIOLATED)
   _5825_/I0                  4.0000        11.4306        -7.4306  (VIOLATED)
   _5501_/I1                  4.0000        11.4298        -7.4298  (VIOLATED)
   _5543_/I0                  4.0000        11.4292        -7.4292  (VIOLATED)
   _4202_/I1                  4.0000        11.4289        -7.4289  (VIOLATED)
   _4257_/I0                  4.0000        11.4282        -7.4282  (VIOLATED)
   _5552_/I0                  4.0000        11.4267        -7.4267  (VIOLATED)
   _5523_/I1                  4.0000        11.4257        -7.4257  (VIOLATED)
   _4236_/I1                  4.0000        11.4257        -7.4257  (VIOLATED)
   _5570_/I0                  4.0000        11.4255        -7.4255  (VIOLATED)
   _5762_/I1                  4.0000        11.4245        -7.4245  (VIOLATED)
   _5780_/I0                  4.0000        11.4224        -7.4224  (VIOLATED)
   _5579_/I1                  4.0000        11.4215        -7.4215  (VIOLATED)
   _5561_/I0                  4.0000        11.4212        -7.4212  (VIOLATED)
   _5816_/I0                  4.0000        11.4211        -7.4211  (VIOLATED)
   _5843_/I0                  4.0000        11.4206        -7.4206  (VIOLATED)
   _5879_/I0                  4.0000        11.4204        -7.4204  (VIOLATED)
   _4219_/I1                  4.0000        11.4202        -7.4202  (VIOLATED)
   _5588_/I1                  4.0000        11.4201        -7.4201  (VIOLATED)
   _5888_/I0                  4.0000        11.4191        -7.4191  (VIOLATED)
   _5744_/I0                  4.0000        11.4176        -7.4176  (VIOLATED)
   _5735_/I0                  4.0000        11.4175        -7.4175  (VIOLATED)
   _4132_/I0                  4.0000        11.4064        -7.4064  (VIOLATED)
   _5687_/I1                  4.0000        11.4063        -7.4063  (VIOLATED)
   _5807_/I0                  4.0000        11.4063        -7.4063  (VIOLATED)
   _5852_/I0                  4.0000        11.4063        -7.4063  (VIOLATED)
   _5771_/I0                  4.0000        11.4063        -7.4063  (VIOLATED)
   _5870_/I0                  4.0000        11.4063        -7.4063  (VIOLATED)
   _5669_/I1                  4.0000        11.4062        -7.4062  (VIOLATED)
   _5642_/I1                  4.0000        11.4062        -7.4062  (VIOLATED)
   _5606_/I0                  4.0000        11.4062        -7.4062  (VIOLATED)
   hold52/Z                   4.0000        11.4060        -7.4060  (VIOLATED)
   _5670_/I1                  4.0000        10.6957        -6.6957  (VIOLATED)
   _5571_/I0                  4.0000        10.6633        -6.6633  (VIOLATED)
   _5625_/I0                  4.0000        10.6633        -6.6633  (VIOLATED)
   _5697_/I0                  4.0000        10.6633        -6.6633  (VIOLATED)
   _5808_/I0                  4.0000        10.6633        -6.6633  (VIOLATED)
   _5715_/I0                  4.0000        10.6633        -6.6633  (VIOLATED)
   _5781_/I0                  4.0000        10.6633        -6.6633  (VIOLATED)
   _5616_/I0                  4.0000        10.6633        -6.6633  (VIOLATED)
   _5679_/I1                  4.0000        10.6632        -6.6632  (VIOLATED)
   _5736_/I0                  4.0000        10.6632        -6.6632  (VIOLATED)
   _5652_/I1                  4.0000        10.6632        -6.6632  (VIOLATED)
   _5580_/I1                  4.0000        10.6632        -6.6632  (VIOLATED)
   _5607_/I0                  4.0000        10.6632        -6.6632  (VIOLATED)
   _4154_/I0                  4.0000        10.6632        -6.6632  (VIOLATED)
   _5598_/I0                  4.0000        10.6632        -6.6632  (VIOLATED)
   _4112_/I0                  4.0000        10.6632        -6.6632  (VIOLATED)
   _4267_/I1                  4.0000        10.6632        -6.6632  (VIOLATED)
   _4221_/I1                  4.0000        10.6632        -6.6632  (VIOLATED)
   _5502_/I1                  4.0000        10.6632        -6.6632  (VIOLATED)
   _5508_/I1                  4.0000        10.6632        -6.6632  (VIOLATED)
   _5799_/I0                  4.0000        10.6632        -6.6632  (VIOLATED)
   _5763_/I1                  4.0000        10.6632        -6.6632  (VIOLATED)
   _5706_/I1                  4.0000        10.6631        -6.6631  (VIOLATED)
   _5853_/I0                  4.0000        10.6631        -6.6631  (VIOLATED)
   _4133_/I0                  4.0000        10.6631        -6.6631  (VIOLATED)
   _5880_/I0                  4.0000        10.6631        -6.6631  (VIOLATED)
   _5871_/I0                  4.0000        10.6631        -6.6631  (VIOLATED)
   _5634_/I0                  4.0000        10.6631        -6.6631  (VIOLATED)
   _5589_/I1                  4.0000        10.6631        -6.6631  (VIOLATED)
   _5661_/I1                  4.0000        10.6630        -6.6630  (VIOLATED)
   _5835_/I0                  4.0000        10.6630        -6.6630  (VIOLATED)
   _5817_/I0                  4.0000        10.6630        -6.6630  (VIOLATED)
   _4124_/I0                  4.0000        10.6630        -6.6630  (VIOLATED)
   _5826_/I0                  4.0000        10.6630        -6.6630  (VIOLATED)
   _5688_/I1                  4.0000        10.6629        -6.6629  (VIOLATED)
   _5889_/I0                  4.0000        10.6629        -6.6629  (VIOLATED)
   _5724_/I0                  4.0000        10.6624        -6.6624  (VIOLATED)
   _5643_/I1                  4.0000        10.6624        -6.6624  (VIOLATED)
   _5522_/I1                  4.0000        10.6624        -6.6624  (VIOLATED)
   _5745_/I0                  4.0000        10.6622        -6.6622  (VIOLATED)
   _5790_/I0                  4.0000        10.6613        -6.6613  (VIOLATED)
   _5562_/I0                  4.0000        10.6613        -6.6613  (VIOLATED)
   _4238_/I1                  4.0000        10.6612        -6.6612  (VIOLATED)
   _5553_/I0                  4.0000        10.6612        -6.6612  (VIOLATED)
   _5772_/I0                  4.0000        10.6611        -6.6611  (VIOLATED)
   _5754_/I0                  4.0000        10.6611        -6.6611  (VIOLATED)
   _5844_/I0                  4.0000        10.6611        -6.6611  (VIOLATED)
   _5862_/I0                  4.0000        10.6610        -6.6610  (VIOLATED)
   hold62/Z                   4.0000        10.6609        -6.6609  (VIOLATED)
   _4251_/I0                  4.0000        10.6609        -6.6609  (VIOLATED)
   _4258_/I0                  4.0000        10.6607        -6.6607  (VIOLATED)
   _4204_/I1                  4.0000        10.6607        -6.6607  (VIOLATED)
   _5544_/I0                  4.0000        10.6606        -6.6606  (VIOLATED)
   _5506_/I1                  4.0000        10.5011        -6.5011  (VIOLATED)
   _5500_/I1                  4.0000        10.5011        -6.5011  (VIOLATED)
   _5524_/I1                  4.0000        10.4977        -6.4977  (VIOLATED)
   _4265_/I1                  4.0000        10.4959        -6.4959  (VIOLATED)
   _5533_/I1                  4.0000        10.4958        -6.4958  (VIOLATED)
   _4152_/I0                  4.0000        10.4955        -6.4955  (VIOLATED)
   _4108_/I0                  4.0000        10.4931        -6.4931  (VIOLATED)
   _5806_/I0                  4.0000        10.4925        -6.4925  (VIOLATED)
   _5797_/I0                  4.0000        10.4918        -6.4918  (VIOLATED)
   _5734_/I0                  4.0000        10.4912        -6.4912  (VIOLATED)
   _5596_/I0                  4.0000        10.4909        -6.4909  (VIOLATED)
   _5668_/I1                  4.0000        10.4901        -6.4901  (VIOLATED)
   _5713_/I0                  4.0000        10.4896        -6.4896  (VIOLATED)
   _5722_/I0                  4.0000        10.4891        -6.4891  (VIOLATED)
   _5860_/I0                  4.0000        10.4890        -6.4890  (VIOLATED)
   _5878_/I0                  4.0000        10.4890        -6.4890  (VIOLATED)
   _5887_/I0                  4.0000        10.4888        -6.4888  (VIOLATED)
   _4217_/I1                  4.0000        10.4877        -6.4877  (VIOLATED)
   _5677_/I1                  4.0000        10.4871        -6.4871  (VIOLATED)
   _5842_/I0                  4.0000        10.4866        -6.4866  (VIOLATED)
   _5824_/I0                  4.0000        10.4850        -6.4850  (VIOLATED)
   _5623_/I0                  4.0000        10.4849        -6.4849  (VIOLATED)
   _5659_/I1                  4.0000        10.4849        -6.4849  (VIOLATED)
   _5788_/I0                  4.0000        10.4849        -6.4849  (VIOLATED)
   _5833_/I0                  4.0000        10.4837        -6.4837  (VIOLATED)
   _5704_/I1                  4.0000        10.4822        -6.4822  (VIOLATED)
   _5779_/I0                  4.0000        10.4810        -6.4810  (VIOLATED)
   _5761_/I1                  4.0000        10.4805        -6.4805  (VIOLATED)
   _5686_/I1                  4.0000        10.4800        -6.4800  (VIOLATED)
   _5752_/I0                  4.0000        10.4798        -6.4798  (VIOLATED)
   _5695_/I0                  4.0000        10.4797        -6.4797  (VIOLATED)
   _5641_/I1                  4.0000        10.4794        -6.4794  (VIOLATED)
   _5614_/I0                  4.0000        10.4790        -6.4790  (VIOLATED)
   _5632_/I0                  4.0000        10.4787        -6.4787  (VIOLATED)
   _5743_/I0                  4.0000        10.4786        -6.4786  (VIOLATED)
   _5851_/I0                  4.0000        10.4782        -6.4782  (VIOLATED)
   _5869_/I0                  4.0000        10.4780        -6.4780  (VIOLATED)
   _5650_/I1                  4.0000        10.4771        -6.4771  (VIOLATED)
   _5605_/I0                  4.0000        10.4765        -6.4765  (VIOLATED)
   _5587_/I1                  4.0000        10.4745        -6.4745  (VIOLATED)
   _5560_/I0                  4.0000        10.4726        -6.4726  (VIOLATED)
   _5815_/I0                  4.0000        10.4724        -6.4724  (VIOLATED)
   _4249_/I0                  4.0000        10.4638        -6.4638  (VIOLATED)
   _5542_/I0                  4.0000        10.4638        -6.4638  (VIOLATED)
   _5578_/I1                  4.0000        10.4638        -6.4638  (VIOLATED)
   _4131_/I0                  4.0000        10.4637        -6.4637  (VIOLATED)
   _4122_/I0                  4.0000        10.4637        -6.4637  (VIOLATED)
   _5770_/I0                  4.0000        10.4636        -6.4636  (VIOLATED)
   _5569_/I0                  4.0000        10.4635        -6.4635  (VIOLATED)
   _4234_/I1                  4.0000        10.4632        -6.4632  (VIOLATED)
   _5551_/I0                  4.0000        10.4632        -6.4632  (VIOLATED)
   hold86/Z                   4.0000        10.4631        -6.4631  (VIOLATED)
   _4200_/I1                  4.0000        10.4631        -6.4631  (VIOLATED)
   _4256_/I0                  4.0000        10.4630        -6.4630  (VIOLATED)
   _5581_/I1                  4.0000        10.2862        -6.2862  (VIOLATED)
   _5836_/I0                  4.0000        10.2858        -6.2858  (VIOLATED)
   _5881_/I0                  4.0000        10.2829        -6.2829  (VIOLATED)
   _5764_/I1                  4.0000        10.2812        -6.2812  (VIOLATED)
   _5617_/I0                  4.0000        10.2562        -6.2562  (VIOLATED)
   _5782_/I0                  4.0000        10.2562        -6.2562  (VIOLATED)
   _5599_/I0                  4.0000        10.2562        -6.2562  (VIOLATED)
   _5671_/I1                  4.0000        10.2562        -6.2562  (VIOLATED)
   _5626_/I0                  4.0000        10.2562        -6.2562  (VIOLATED)
   _5653_/I1                  4.0000        10.2562        -6.2562  (VIOLATED)
   _5809_/I0                  4.0000        10.2562        -6.2562  (VIOLATED)
   _4114_/I0                  4.0000        10.2562        -6.2562  (VIOLATED)
   _5680_/I1                  4.0000        10.2562        -6.2562  (VIOLATED)
   _5698_/I0                  4.0000        10.2562        -6.2562  (VIOLATED)
   _5635_/I0                  4.0000        10.2561        -6.2561  (VIOLATED)
   _5737_/I0                  4.0000        10.2561        -6.2561  (VIOLATED)
   _5608_/I0                  4.0000        10.2561        -6.2561  (VIOLATED)
   _5662_/I1                  4.0000        10.2561        -6.2561  (VIOLATED)
   _5644_/I1                  4.0000        10.2561        -6.2561  (VIOLATED)
   _5707_/I1                  4.0000        10.2561        -6.2561  (VIOLATED)
   _4223_/I1                  4.0000        10.2561        -6.2561  (VIOLATED)
   _5800_/I0                  4.0000        10.2561        -6.2561  (VIOLATED)
   _4268_/I1                  4.0000        10.2561        -6.2561  (VIOLATED)
   _5572_/I0                  4.0000        10.2561        -6.2561  (VIOLATED)
   _5590_/I1                  4.0000        10.2561        -6.2561  (VIOLATED)
   _5716_/I0                  4.0000        10.2561        -6.2561  (VIOLATED)
   _5689_/I1                  4.0000        10.2561        -6.2561  (VIOLATED)
   _5818_/I0                  4.0000        10.2561        -6.2561  (VIOLATED)
   _5525_/I1                  4.0000        10.2560        -6.2560  (VIOLATED)
   _5746_/I0                  4.0000        10.2560        -6.2560  (VIOLATED)
   _5827_/I0                  4.0000        10.2560        -6.2560  (VIOLATED)
   _4134_/I0                  4.0000        10.2559        -6.2559  (VIOLATED)
   _4125_/I0                  4.0000        10.2558        -6.2558  (VIOLATED)
   _5509_/I1                  4.0000        10.2558        -6.2558  (VIOLATED)
   _5854_/I0                  4.0000        10.2556        -6.2556  (VIOLATED)
   _5845_/I0                  4.0000        10.2547        -6.2547  (VIOLATED)
   _5863_/I0                  4.0000        10.2547        -6.2547  (VIOLATED)
   _4240_/I1                  4.0000        10.2547        -6.2547  (VIOLATED)
   _5554_/I0                  4.0000        10.2547        -6.2547  (VIOLATED)
   _5755_/I0                  4.0000        10.2547        -6.2547  (VIOLATED)
   _5890_/I0                  4.0000        10.2546        -6.2546  (VIOLATED)
   _5872_/I0                  4.0000        10.2546        -6.2546  (VIOLATED)
   _5563_/I0                  4.0000        10.2545        -6.2545  (VIOLATED)
   _4259_/I0                  4.0000        10.2544        -6.2544  (VIOLATED)
   _4206_/I1                  4.0000        10.2544        -6.2544  (VIOLATED)
   _5725_/I0                  4.0000        10.2543        -6.2543  (VIOLATED)
   _4252_/I0                  4.0000        10.2543        -6.2543  (VIOLATED)
   _5773_/I0                  4.0000        10.2543        -6.2543  (VIOLATED)
   _4155_/I0                  4.0000        10.2542        -6.2542  (VIOLATED)
   _5791_/I0                  4.0000        10.2542        -6.2542  (VIOLATED)
   hold29/Z                   4.0000        10.2542        -6.2542  (VIOLATED)
   _5545_/I0                  4.0000        10.2542        -6.2542  (VIOLATED)
   _5810_/I0                  4.0000        10.2054        -6.2054  (VIOLATED)
   _5681_/I1                  4.0000        10.2047        -6.2047  (VIOLATED)
   _5747_/I0                  4.0000        10.2044        -6.2044  (VIOLATED)
   _5756_/I0                  4.0000        10.2035        -6.2035  (VIOLATED)
   _5837_/I0                  4.0000        10.2031        -6.2031  (VIOLATED)
   _5846_/I0                  4.0000        10.2029        -6.2029  (VIOLATED)
   _5828_/I0                  4.0000        10.2017        -6.2017  (VIOLATED)
   _5573_/I0                  4.0000        10.1995        -6.1995  (VIOLATED)
   _5600_/I0                  4.0000        10.1994        -6.1994  (VIOLATED)
   _4208_/I1                  4.0000        10.1695        -6.1695  (VIOLATED)
   _5738_/I0                  4.0000        10.1695        -6.1695  (VIOLATED)
   _5819_/I0                  4.0000        10.1695        -6.1695  (VIOLATED)
   _4260_/I0                  4.0000        10.1695        -6.1695  (VIOLATED)
   _5765_/I1                  4.0000        10.1695        -6.1695  (VIOLATED)
   _5882_/I0                  4.0000        10.1695        -6.1695  (VIOLATED)
   _5891_/I0                  4.0000        10.1694        -6.1694  (VIOLATED)
   _5546_/I0                  4.0000        10.1694        -6.1694  (VIOLATED)
   _5792_/I0                  4.0000        10.1694        -6.1694  (VIOLATED)
   _5864_/I0                  4.0000        10.1694        -6.1694  (VIOLATED)
   _5774_/I0                  4.0000        10.1694        -6.1694  (VIOLATED)
   _5726_/I0                  4.0000        10.1694        -6.1694  (VIOLATED)
   _4156_/I0                  4.0000        10.1694        -6.1694  (VIOLATED)
   _5855_/I0                  4.0000        10.1694        -6.1694  (VIOLATED)
   _5873_/I0                  4.0000        10.1694        -6.1694  (VIOLATED)
   _5708_/I1                  4.0000        10.1693        -6.1693  (VIOLATED)
   _5564_/I0                  4.0000        10.1692        -6.1692  (VIOLATED)
   _5690_/I1                  4.0000        10.1692        -6.1692  (VIOLATED)
   _4242_/I1                  4.0000        10.1692        -6.1692  (VIOLATED)
   _5555_/I0                  4.0000        10.1691        -6.1691  (VIOLATED)
   _5717_/I0                  4.0000        10.1691        -6.1691  (VIOLATED)
   _5699_/I0                  4.0000        10.1691        -6.1691  (VIOLATED)
   _5582_/I1                  4.0000        10.1690        -6.1690  (VIOLATED)
   _5591_/I1                  4.0000        10.1690        -6.1690  (VIOLATED)
   _5645_/I1                  4.0000        10.1690        -6.1690  (VIOLATED)
   _5801_/I0                  4.0000        10.1690        -6.1690  (VIOLATED)
   _5526_/I1                  4.0000        10.1690        -6.1690  (VIOLATED)
   _4116_/I0                  4.0000        10.1689        -6.1689  (VIOLATED)
   _4269_/I1                  4.0000        10.1689        -6.1689  (VIOLATED)
   _5654_/I1                  4.0000        10.1689        -6.1689  (VIOLATED)
   _4225_/I1                  4.0000        10.1689        -6.1689  (VIOLATED)
   _4126_/I0                  4.0000        10.1689        -6.1689  (VIOLATED)
   _4135_/I0                  4.0000        10.1689        -6.1689  (VIOLATED)
   _5663_/I1                  4.0000        10.1688        -6.1688  (VIOLATED)
   _5618_/I0                  4.0000        10.1688        -6.1688  (VIOLATED)
   _5672_/I1                  4.0000        10.1688        -6.1688  (VIOLATED)
   _5609_/I0                  4.0000        10.1688        -6.1688  (VIOLATED)
   _5636_/I0                  4.0000        10.1688        -6.1688  (VIOLATED)
   _5627_/I0                  4.0000        10.1687        -6.1687  (VIOLATED)
   _5783_/I0                  4.0000        10.1687        -6.1687  (VIOLATED)
   hold15/Z                   4.0000        10.1684        -6.1684  (VIOLATED)
   _4210_/I1                  4.0000        10.0617        -6.0617  (VIOLATED)
   _5757_/I0                  4.0000        10.0587        -6.0587  (VIOLATED)
   _4261_/I0                  4.0000        10.0576        -6.0576  (VIOLATED)
   _5793_/I0                  4.0000        10.0276        -6.0276  (VIOLATED)
   _4157_/I0                  4.0000        10.0276        -6.0276  (VIOLATED)
   _5775_/I0                  4.0000        10.0276        -6.0276  (VIOLATED)
   _5727_/I0                  4.0000        10.0276        -6.0276  (VIOLATED)
   _5718_/I0                  4.0000        10.0276        -6.0276  (VIOLATED)
   _4244_/I1                  4.0000        10.0276        -6.0276  (VIOLATED)
   _5556_/I0                  4.0000        10.0276        -6.0276  (VIOLATED)
   _5811_/I0                  4.0000        10.0276        -6.0276  (VIOLATED)
   _5691_/I1                  4.0000        10.0276        -6.0276  (VIOLATED)
   _5874_/I0                  4.0000        10.0276        -6.0276  (VIOLATED)
   _5565_/I0                  4.0000        10.0276        -6.0276  (VIOLATED)
   _5739_/I0                  4.0000        10.0276        -6.0276  (VIOLATED)
   _5574_/I0                  4.0000        10.0276        -6.0276  (VIOLATED)
   _5709_/I1                  4.0000        10.0276        -6.0276  (VIOLATED)
   _5766_/I1                  4.0000        10.0275        -6.0275  (VIOLATED)
   _5856_/I0                  4.0000        10.0275        -6.0275  (VIOLATED)
   _5820_/I0                  4.0000        10.0275        -6.0275  (VIOLATED)
   _5892_/I0                  4.0000        10.0275        -6.0275  (VIOLATED)
   _5883_/I0                  4.0000        10.0275        -6.0275  (VIOLATED)
   _5865_/I0                  4.0000        10.0275        -6.0275  (VIOLATED)
   _5829_/I0                  4.0000        10.0275        -6.0275  (VIOLATED)
   _5847_/I0                  4.0000        10.0275        -6.0275  (VIOLATED)
   _5748_/I0                  4.0000        10.0275        -6.0275  (VIOLATED)
   _5838_/I0                  4.0000        10.0275        -6.0275  (VIOLATED)
   _5547_/I0                  4.0000        10.0273        -6.0273  (VIOLATED)
   _4270_/I1                  4.0000        10.0271        -6.0271  (VIOLATED)
   _4227_/I1                  4.0000        10.0271        -6.0271  (VIOLATED)
   _5601_/I0                  4.0000        10.0271        -6.0271  (VIOLATED)
   _5583_/I1                  4.0000        10.0271        -6.0271  (VIOLATED)
   _5646_/I1                  4.0000        10.0271        -6.0271  (VIOLATED)
   _4118_/I0                  4.0000        10.0271        -6.0271  (VIOLATED)
   _5802_/I0                  4.0000        10.0270        -6.0270  (VIOLATED)
   _5592_/I1                  4.0000        10.0270        -6.0270  (VIOLATED)
   _4136_/I0                  4.0000        10.0270        -6.0270  (VIOLATED)
   _4127_/I0                  4.0000        10.0270        -6.0270  (VIOLATED)
   _5610_/I0                  4.0000        10.0270        -6.0270  (VIOLATED)
   _5619_/I0                  4.0000        10.0270        -6.0270  (VIOLATED)
   _5628_/I0                  4.0000        10.0270        -6.0270  (VIOLATED)
   _5673_/I1                  4.0000        10.0270        -6.0270  (VIOLATED)
   _5682_/I1                  4.0000        10.0270        -6.0270  (VIOLATED)
   _5700_/I0                  4.0000        10.0270        -6.0270  (VIOLATED)
   _5655_/I1                  4.0000        10.0270        -6.0270  (VIOLATED)
   _5664_/I1                  4.0000        10.0270        -6.0270  (VIOLATED)
   _5637_/I0                  4.0000        10.0269        -6.0269  (VIOLATED)
   _5784_/I0                  4.0000        10.0268        -6.0268  (VIOLATED)
   hold2/Z                    4.0000        10.0266        -6.0266  (VIOLATED)
   _5777_/I0                  4.0000         7.9281        -3.9281  (VIOLATED)
   _5732_/I0                  4.0000         7.9281        -3.9281  (VIOLATED)
   _5603_/I0                  4.0000         7.9272        -3.9272  (VIOLATED)
   _5621_/I0                  4.0000         7.9256        -3.9256  (VIOLATED)
   _5804_/I0                  4.0000         7.9252        -3.9252  (VIOLATED)
   _4321_/I0                  4.0000         7.9004        -3.9004  (VIOLATED)
   _5876_/I0                  4.0000         7.9004        -3.9004  (VIOLATED)
   _4150_/I0                  4.0000         7.9004        -3.9004  (VIOLATED)
   _5849_/I0                  4.0000         7.9004        -3.9004  (VIOLATED)
   _5675_/I1                  4.0000         7.9004        -3.9004  (VIOLATED)
   _5702_/I1                  4.0000         7.9004        -3.9004  (VIOLATED)
   _5867_/I0                  4.0000         7.9004        -3.9004  (VIOLATED)
   _5630_/I0                  4.0000         7.9003        -3.9003  (VIOLATED)
   _5594_/I0                  4.0000         7.9002        -3.9002  (VIOLATED)
   _5741_/I0                  4.0000         7.9002        -3.9002  (VIOLATED)
   _5612_/I0                  4.0000         7.9002        -3.9002  (VIOLATED)
   _5840_/I0                  4.0000         7.9002        -3.9002  (VIOLATED)
   _5567_/I0                  4.0000         7.9002        -3.9002  (VIOLATED)
   _5768_/I0                  4.0000         7.9001        -3.9001  (VIOLATED)
   _5795_/I0                  4.0000         7.9001        -3.9001  (VIOLATED)
   load_slew350/I             4.0000         7.9001        -3.9001  (VIOLATED)
   _5711_/I0                  4.0000         7.9001        -3.9001  (VIOLATED)
   _5786_/I0                  4.0000         7.9000        -3.9000  (VIOLATED)
   _5648_/I1                  4.0000         7.8999        -3.8999  (VIOLATED)
   _5535_/I1                  4.0000         7.8999        -3.8999  (VIOLATED)
   _5540_/I0                  4.0000         7.8999        -3.8999  (VIOLATED)
   _4263_/I1                  4.0000         7.8998        -3.8998  (VIOLATED)
   _5693_/I0                  4.0000         7.8996        -3.8996  (VIOLATED)
   _5657_/I1                  4.0000         7.8993        -3.8993  (VIOLATED)
   _5666_/I1                  4.0000         7.8991        -3.8991  (VIOLATED)
   _5639_/I1                  4.0000         7.8991        -3.8991  (VIOLATED)
   _5576_/I1                  4.0000         7.8991        -3.8991  (VIOLATED)
   _5585_/I1                  4.0000         7.8988        -3.8988  (VIOLATED)
   _5558_/I0                  4.0000         7.8967        -3.8967  (VIOLATED)
   _5549_/I0                  4.0000         7.8966        -3.8966  (VIOLATED)
   hold113/Z                  4.0000         7.8966        -3.8966  (VIOLATED)
   _4254_/I0                  4.0000         7.8964        -3.8964  (VIOLATED)
   _3544_/A2                  4.0000         6.7817        -2.7817  (VIOLATED)
   _4195_/A1                  4.0000         6.7789        -2.7789  (VIOLATED)
   _3787_/B1                  4.0000         6.7632        -2.7632  (VIOLATED)
   _3635_/A2                  4.0000         6.7631        -2.7631  (VIOLATED)
   _3728_/A2                  4.0000         6.7631        -2.7631  (VIOLATED)
   _4202_/S                   4.0000         6.7631        -2.7631  (VIOLATED)
   _4200_/S                   4.0000         6.7631        -2.7631  (VIOLATED)
   _4196_/S                   4.0000         6.7631        -2.7631  (VIOLATED)
   _4198_/S                   4.0000         6.7631        -2.7631  (VIOLATED)
   _3703_/A2                  4.0000         6.7627        -2.7627  (VIOLATED)
   _3854_/B1                  4.0000         6.7627        -2.7627  (VIOLATED)
   _4208_/S                   4.0000         6.7627        -2.7627  (VIOLATED)
   _3948_/A2                  4.0000         6.7627        -2.7627  (VIOLATED)
   _4210_/S                   4.0000         6.7627        -2.7627  (VIOLATED)
   _4206_/S                   4.0000         6.7626        -2.7626  (VIOLATED)
   _4204_/S                   4.0000         6.7626        -2.7626  (VIOLATED)
   _3677_/A2                  4.0000         6.7626        -2.7626  (VIOLATED)
   _3541_/ZN                  4.0000         6.7624        -2.7624  (VIOLATED)
   _3634_/B1                  4.0000         6.1386        -2.1386  (VIOLATED)
   _4234_/S                   4.0000         6.1269        -2.1269  (VIOLATED)
   _4230_/S                   4.0000         6.1269        -2.1269  (VIOLATED)
   _3738_/B1                  4.0000         6.1269        -2.1269  (VIOLATED)
   _4232_/S                   4.0000         6.1269        -2.1269  (VIOLATED)
   _4236_/S                   4.0000         6.1269        -2.1269  (VIOLATED)
   _3652_/B1                  4.0000         6.1269        -2.1269  (VIOLATED)
   _4238_/S                   4.0000         6.1269        -2.1269  (VIOLATED)
   _4242_/S                   4.0000         6.1268        -2.1268  (VIOLATED)
   _4244_/S                   4.0000         6.1268        -2.1268  (VIOLATED)
   _3544_/B1                  4.0000         6.1268        -2.1268  (VIOLATED)
   _4229_/A1                  4.0000         6.1266        -2.1266  (VIOLATED)
   _4240_/S                   4.0000         6.1266        -2.1266  (VIOLATED)
   _3778_/A2                  4.0000         6.1263        -2.1263  (VIOLATED)
   _3703_/B1                  4.0000         6.1256        -2.1256  (VIOLATED)
   _3920_/A2                  4.0000         6.1255        -2.1255  (VIOLATED)
   _3850_/B1                  4.0000         6.1255        -2.1255  (VIOLATED)
   _3543_/ZN                  4.0000         6.1255        -2.1255  (VIOLATED)
   _6164_/B1                  4.0000         5.8496        -1.8496  (VIOLATED)
   _5971_/A3                  4.0000         5.8477        -1.8477  (VIOLATED)
   _6015_/A2                  4.0000         5.8467        -1.8467  (VIOLATED)
   _6211_/B1                  4.0000         5.8465        -1.8465  (VIOLATED)
   _5990_/C1                  4.0000         5.8463        -1.8463  (VIOLATED)
   _6021_/A1                  4.0000         5.8463        -1.8463  (VIOLATED)
   _6186_/B1                  4.0000         5.8462        -1.8462  (VIOLATED)
   _6012_/B1                  4.0000         5.8411        -1.8411  (VIOLATED)
   _5977_/A2                  4.0000         5.8381        -1.8381  (VIOLATED)
   _6000_/A2                  4.0000         5.8373        -1.8373  (VIOLATED)
   _5976_/A2                  4.0000         5.8368        -1.8368  (VIOLATED)
   _6115_/B1                  4.0000         5.8292        -1.8292  (VIOLATED)
   _6043_/B1                  4.0000         5.8292        -1.8292  (VIOLATED)
   _6091_/B1                  4.0000         5.8292        -1.8292  (VIOLATED)
   _6140_/B1                  4.0000         5.8292        -1.8292  (VIOLATED)
   _5969_/A2                  4.0000         5.8291        -1.8291  (VIOLATED)
   _5993_/A4                  4.0000         5.8291        -1.8291  (VIOLATED)
   _6066_/B1                  4.0000         5.8291        -1.8291  (VIOLATED)
   _5968_/ZN                  4.0000         5.8290        -1.8290  (VIOLATED)
   _4214_/S                   4.0000         5.1140        -1.1140  (VIOLATED)
   _4222_/S                   4.0000         5.1067        -1.1067  (VIOLATED)
   _4220_/S                   4.0000         5.1045        -1.1045  (VIOLATED)
   _4218_/S                   4.0000         5.0981        -1.0981  (VIOLATED)
   _4224_/S                   4.0000         5.0980        -1.0980  (VIOLATED)
   _4216_/S                   4.0000         5.0980        -1.0980  (VIOLATED)
   _4228_/S                   4.0000         5.0980        -1.0980  (VIOLATED)
   _4212_/ZN                  4.0000         5.0973        -1.0973  (VIOLATED)
   _4226_/S                   4.0000         5.0973        -1.0973  (VIOLATED)
   _4578_/A1                  4.0000         5.0967        -1.0967  (VIOLATED)
   _4911_/A1                  4.0000         5.0965        -1.0965  (VIOLATED)
   _5464_/A1                  4.0000         5.0915        -1.0915  (VIOLATED)
   _4383_/A1                  4.0000         5.0903        -1.0903  (VIOLATED)
   _4662_/A1                  4.0000         5.0895        -1.0895  (VIOLATED)
   _4669_/A4                  4.0000         5.0883        -1.0883  (VIOLATED)
   _4559_/A1                  4.0000         5.0878        -1.0878  (VIOLATED)
   _4971_/A1                  4.0000         5.0809        -1.0809  (VIOLATED)
   _4954_/A1                  4.0000         5.0809        -1.0809  (VIOLATED)
   _4965_/A1                  4.0000         5.0809        -1.0809  (VIOLATED)
   _4912_/A1                  4.0000         5.0809        -1.0809  (VIOLATED)
   _5076_/A1                  4.0000         5.0809        -1.0809  (VIOLATED)
   _4949_/A1                  4.0000         5.0809        -1.0809  (VIOLATED)
   _4941_/A1                  4.0000         5.0809        -1.0809  (VIOLATED)
   _4934_/A1                  4.0000         5.0808        -1.0808  (VIOLATED)
   _4449_/A2                  4.0000         5.0807        -1.0807  (VIOLATED)
   _4379_/A2                  4.0000         5.0806        -1.0806  (VIOLATED)
   _4378_/A2                  4.0000         5.0806        -1.0806  (VIOLATED)
   _4436_/A2                  4.0000         5.0806        -1.0806  (VIOLATED)
   _5201_/A1                  4.0000         5.0806        -1.0806  (VIOLATED)
   _5190_/A1                  4.0000         5.0806        -1.0806  (VIOLATED)
   _4377_/ZN                  4.0000         5.0804        -1.0804  (VIOLATED)
   _3637_/C1                  4.0000         4.9353        -0.9353  (VIOLATED)
   _3748_/C2                  4.0000         4.9310        -0.9310  (VIOLATED)
   _3717_/C2                  4.0000         4.9245        -0.9245  (VIOLATED)
   _5528_/S                   4.0000         4.9245        -0.9245  (VIOLATED)
   _3789_/B1                  4.0000         4.9244        -0.9244  (VIOLATED)
   _3684_/B1                  4.0000         4.9244        -0.9244  (VIOLATED)
   _3933_/A2                  4.0000         4.9241        -0.9241  (VIOLATED)
   _3865_/A2                  4.0000         4.9240        -0.9240  (VIOLATED)
   _3618_/ZN                  4.0000         4.9240        -0.9240  (VIOLATED)
   _3622_/B1                  4.0000         4.8794        -0.8794  (VIOLATED)
   _3731_/A2                  4.0000         4.8788        -0.8788  (VIOLATED)
   _3597_/C1                  4.0000         4.8743        -0.8743  (VIOLATED)
   _3775_/B1                  4.0000         4.8737        -0.8737  (VIOLATED)
   _3664_/A2                  4.0000         4.8734        -0.8734  (VIOLATED)
   _3769_/B1                  4.0000         4.8723        -0.8723  (VIOLATED)
   _3864_/C2                  4.0000         4.8722        -0.8722  (VIOLATED)
   _3718_/A2                  4.0000         4.8711        -0.8711  (VIOLATED)
   _3913_/A2                  4.0000         4.8706        -0.8706  (VIOLATED)
   _3624_/B1                  4.0000         4.8689        -0.8689  (VIOLATED)
   _3603_/C1                  4.0000         4.8685        -0.8685  (VIOLATED)
   _3735_/B1                  4.0000         4.8670        -0.8670  (VIOLATED)
   _3561_/ZN                  4.0000         4.8633        -0.8633  (VIOLATED)
   _3698_/B1                  4.0000         4.8577        -0.8577  (VIOLATED)
   _5674_/A1                  4.0000         4.8577        -0.8577  (VIOLATED)
   _3664_/B1                  4.0000         4.8577        -0.8577  (VIOLATED)
   _3936_/A2                  4.0000         4.8573        -0.8573  (VIOLATED)
   _3881_/B1                  4.0000         4.8573        -0.8573  (VIOLATED)
   _3569_/ZN                  4.0000         4.8573        -0.8573  (VIOLATED)
   _6038_/B2                  4.0000         4.7380        -0.7380  (VIOLATED)
   _6118_/B                   4.0000         4.7344        -0.7344  (VIOLATED)
   _6086_/B2                  4.0000         4.7241        -0.7241  (VIOLATED)
   _6077_/C                   4.0000         4.7241        -0.7241  (VIOLATED)
   _6025_/C                   4.0000         4.7241        -0.7241  (VIOLATED)
   _6229_/B2                  4.0000         4.7241        -0.7241  (VIOLATED)
   _6205_/B2                  4.0000         4.7241        -0.7241  (VIOLATED)
   _6135_/B2                  4.0000         4.7240        -0.7240  (VIOLATED)
   _6062_/B2                  4.0000         4.7240        -0.7240  (VIOLATED)
   _6168_/C                   4.0000         4.7237        -0.7237  (VIOLATED)
   _6159_/B2                  4.0000         4.7235        -0.7235  (VIOLATED)
   _5929_/ZN                  4.0000         4.7234        -0.7234  (VIOLATED)
   _3774_/C1                  4.0000         4.6425        -0.6425  (VIOLATED)
   _5701_/A1                  4.0000         4.6406        -0.6406  (VIOLATED)
   _3931_/A2                  4.0000         4.6405        -0.6405  (VIOLATED)
   _3698_/A2                  4.0000         4.6401        -0.6401  (VIOLATED)
   _3738_/C1                  4.0000         4.6370        -0.6370  (VIOLATED)
   _3598_/C2                  4.0000         4.6356        -0.6356  (VIOLATED)
   _3624_/A2                  4.0000         4.6339        -0.6339  (VIOLATED)
   _3661_/A2                  4.0000         4.6282        -0.6282  (VIOLATED)
   _3875_/A2                  4.0000         4.6281        -0.6281  (VIOLATED)
   _3556_/ZN                  4.0000         4.6279        -0.6279  (VIOLATED)
   _3563_/A1                  4.0000         4.5991        -0.5991  (VIOLATED)
   _5749_/A3                  4.0000         4.5991        -0.5991  (VIOLATED)
   _3829_/A1                  4.0000         4.5990        -0.5990  (VIOLATED)
   _3827_/A1                  4.0000         4.5834        -0.5834  (VIOLATED)
   _3808_/A1                  4.0000         4.5834        -0.5834  (VIOLATED)
   _3821_/A1                  4.0000         4.5833        -0.5833  (VIOLATED)
   _3842_/A2                  4.0000         4.5833        -0.5833  (VIOLATED)
   _4179_/A3                  4.0000         4.5833        -0.5833  (VIOLATED)
   _4167_/A2                  4.0000         4.5833        -0.5833  (VIOLATED)
   _3840_/A1                  4.0000         4.5833        -0.5833  (VIOLATED)
   _3831_/A1                  4.0000         4.5833        -0.5833  (VIOLATED)
   _3866_/A2                  4.0000         4.5832        -0.5832  (VIOLATED)
   _4173_/A3                  4.0000         4.5832        -0.5832  (VIOLATED)
   _4185_/A2                  4.0000         4.5832        -0.5832  (VIOLATED)
   _3828_/A2                  4.0000         4.5832        -0.5832  (VIOLATED)
   _4149_/A2                  4.0000         4.5831        -0.5831  (VIOLATED)
   _3562_/A2                  4.0000         4.5831        -0.5831  (VIOLATED)
   _5767_/A3                  4.0000         4.5827        -0.5827  (VIOLATED)
   _5719_/A3                  4.0000         4.5827        -0.5827  (VIOLATED)
   _3564_/A2                  4.0000         4.5825        -0.5825  (VIOLATED)
   _3559_/A2                  4.0000         4.5824        -0.5824  (VIOLATED)
   _5740_/A2                  4.0000         4.5824        -0.5824  (VIOLATED)
   _3577_/A2                  4.0000         4.5824        -0.5824  (VIOLATED)
   _5710_/A2                  4.0000         4.5823        -0.5823  (VIOLATED)
   _3551_/A2                  4.0000         4.5823        -0.5823  (VIOLATED)
   _3538_/A2                  4.0000         4.5822        -0.5822  (VIOLATED)
   _3574_/A2                  4.0000         4.5822        -0.5822  (VIOLATED)
   _5884_/A1                  4.0000         4.5814        -0.5814  (VIOLATED)
   _5731_/A2                  4.0000         4.5813        -0.5813  (VIOLATED)
   _3537_/Z                   4.0000         4.5798        -0.5798  (VIOLATED)
   _3838_/A1                  4.0000         4.5682        -0.5682  (VIOLATED)
   _3906_/A1                  4.0000         4.5682        -0.5682  (VIOLATED)
   _3839_/A1                  4.0000         4.5682        -0.5682  (VIOLATED)
   _3835_/A1                  4.0000         4.5682        -0.5682  (VIOLATED)
   _3516_/A1                  4.0000         4.5682        -0.5682  (VIOLATED)
   _3541_/A1                  4.0000         4.5682        -0.5682  (VIOLATED)
   _3543_/A1                  4.0000         4.5682        -0.5682  (VIOLATED)
   _3654_/A1                  4.0000         4.5682        -0.5682  (VIOLATED)
   _4356_/A1                  4.0000         4.5682        -0.5682  (VIOLATED)
   _5530_/A1                  4.0000         4.5681        -0.5681  (VIOLATED)
   _5491_/A1                  4.0000         4.5681        -0.5681  (VIOLATED)
   _3520_/A1                  4.0000         4.5681        -0.5681  (VIOLATED)
   _5857_/A1                  4.0000         4.5681        -0.5681  (VIOLATED)
   _5539_/A1                  4.0000         4.5681        -0.5681  (VIOLATED)
   _4140_/A1                  4.0000         4.5681        -0.5681  (VIOLATED)
   _4350_/A1                  4.0000         4.5679        -0.5679  (VIOLATED)
   _4246_/A1                  4.0000         4.5679        -0.5679  (VIOLATED)
   _3549_/A1                  4.0000         4.5677        -0.5677  (VIOLATED)
   _3545_/A1                  4.0000         4.5676        -0.5676  (VIOLATED)
   _3550_/A1                  4.0000         4.5676        -0.5676  (VIOLATED)
   _5866_/A1                  4.0000         4.5676        -0.5676  (VIOLATED)
   _5848_/A1                  4.0000         4.5674        -0.5674  (VIOLATED)
   _3547_/A1                  4.0000         4.5674        -0.5674  (VIOLATED)
   _3506_/A1                  4.0000         4.5674        -0.5674  (VIOLATED)
   _5515_/A1                  4.0000         4.5674        -0.5674  (VIOLATED)
   _3911_/A1                  4.0000         4.5672        -0.5672  (VIOLATED)
   _3834_/A1                  4.0000         4.5672        -0.5672  (VIOLATED)
   _5875_/A1                  4.0000         4.5672        -0.5672  (VIOLATED)
   _4253_/A1                  4.0000         4.5669        -0.5669  (VIOLATED)
   _5548_/A1                  4.0000         4.5663        -0.5663  (VIOLATED)
   _3485_/Z                   4.0000         4.5661        -0.5661  (VIOLATED)
   _3847_/A1                  4.0000         4.5346        -0.5346  (VIOLATED)
   _3805_/A2                  4.0000         4.5346        -0.5346  (VIOLATED)
   _3812_/A1                  4.0000         4.5346        -0.5346  (VIOLATED)
   _5821_/A2                  4.0000         4.5346        -0.5346  (VIOLATED)
   _4158_/A2                  4.0000         4.5346        -0.5346  (VIOLATED)
   _3846_/A2                  4.0000         4.5346        -0.5346  (VIOLATED)
   _3571_/A2                  4.0000         4.5346        -0.5346  (VIOLATED)
   _5812_/A2                  4.0000         4.5345        -0.5345  (VIOLATED)
   _5830_/A2                  4.0000         4.5345        -0.5345  (VIOLATED)
   _3558_/A2                  4.0000         4.5345        -0.5345  (VIOLATED)
   _3813_/A1                  4.0000         4.5345        -0.5345  (VIOLATED)
   _3819_/A1                  4.0000         4.5345        -0.5345  (VIOLATED)
   _4164_/A2                  4.0000         4.5345        -0.5345  (VIOLATED)
   _5785_/A2                  4.0000         4.5344        -0.5344  (VIOLATED)
   _4176_/A2                  4.0000         4.5343        -0.5343  (VIOLATED)
   _3815_/A1                  4.0000         4.5343        -0.5343  (VIOLATED)
   _5839_/A2                  4.0000         4.5342        -0.5342  (VIOLATED)
   _3553_/A2                  4.0000         4.5340        -0.5340  (VIOLATED)
   _3555_/A2                  4.0000         4.5340        -0.5340  (VIOLATED)
   _3554_/A2                  4.0000         4.5340        -0.5340  (VIOLATED)
   _3573_/A2                  4.0000         4.5339        -0.5339  (VIOLATED)
   _3818_/A2                  4.0000         4.5338        -0.5338  (VIOLATED)
   _5776_/A2                  4.0000         4.5336        -0.5336  (VIOLATED)
   _5794_/A2                  4.0000         4.5335        -0.5335  (VIOLATED)
   _3732_/A4                  4.0000         4.5335        -0.5335  (VIOLATED)
   _3570_/A2                  4.0000         4.5334        -0.5334  (VIOLATED)
   _3568_/A2                  4.0000         4.5332        -0.5332  (VIOLATED)
   _5803_/A2                  4.0000         4.5323        -0.5323  (VIOLATED)
   _3552_/Z                   4.0000         4.5321        -0.5321  (VIOLATED)
   _5683_/A1                  4.0000         4.5212        -0.5212  (VIOLATED)
   _3599_/B1                  4.0000         4.5169        -0.5169  (VIOLATED)
   _3676_/B1                  4.0000         4.5164        -0.5164  (VIOLATED)
   _3623_/B1                  4.0000         4.5154        -0.5154  (VIOLATED)
   _3942_/B2                  4.0000         4.5144        -0.5144  (VIOLATED)
   _3700_/B1                  4.0000         4.5131        -0.5131  (VIOLATED)
   _3881_/A2                  4.0000         4.5125        -0.5125  (VIOLATED)
   _4320_/A1                  4.0000         4.5125        -0.5125  (VIOLATED)
   _5620_/A1                  4.0000         4.5121        -0.5121  (VIOLATED)
   _3733_/B1                  4.0000         4.5120        -0.5120  (VIOLATED)
   _5692_/A3                  4.0000         4.5119        -0.5119  (VIOLATED)
   load_slew349/I             4.0000         4.5114        -0.5114  (VIOLATED)
   _4253_/A4                  4.0000         4.5111        -0.5111  (VIOLATED)
   _3769_/A2                  4.0000         4.5108        -0.5108  (VIOLATED)
   _5710_/A3                  4.0000         4.5107        -0.5107  (VIOLATED)
   _5719_/A4                  4.0000         4.5101        -0.5101  (VIOLATED)
   _5494_/A3                  4.0000         4.5098        -0.5098  (VIOLATED)
   _5848_/A3                  4.0000         4.5094        -0.5094  (VIOLATED)
   _5602_/A1                  4.0000         4.5093        -0.5093  (VIOLATED)
   _5566_/A1                  4.0000         4.5086        -0.5086  (VIOLATED)
   _5839_/A1                  4.0000         4.5073        -0.5073  (VIOLATED)
   _3567_/ZN                  4.0000         4.5062        -0.5062  (VIOLATED)
   _5866_/A3                  4.0000         4.5061        -0.5061  (VIOLATED)
   _5557_/A1                  4.0000         4.5055        -0.5055  (VIOLATED)
   _5875_/A3                  4.0000         4.5043        -0.5043  (VIOLATED)
   _5740_/A3                  4.0000         4.5030        -0.5030  (VIOLATED)
   _3623_/A2                  4.0000         4.5019        -0.5019  (VIOLATED)
   _3603_/B1                  4.0000         4.5018        -0.5018  (VIOLATED)
   _3749_/B1                  4.0000         4.4978        -0.4978  (VIOLATED)
   _5593_/A1                  4.0000         4.4971        -0.4971  (VIOLATED)
   _5731_/A3                  4.0000         4.4970        -0.4970  (VIOLATED)
   _5548_/A4                  4.0000         4.4970        -0.4970  (VIOLATED)
   _5803_/A3                  4.0000         4.4969        -0.4969  (VIOLATED)
   hold6/Z                    4.0000         4.4965        -0.4965  (VIOLATED)
   _3788_/A2                  4.0000         4.4891        -0.4891  (VIOLATED)
   _3695_/A2                  4.0000         4.4891        -0.4891  (VIOLATED)
   _3675_/B1                  4.0000         4.4891        -0.4891  (VIOLATED)
   _5758_/A1                  4.0000         4.4887        -0.4887  (VIOLATED)
   _3870_/A2                  4.0000         4.4887        -0.4887  (VIOLATED)
   _3563_/ZN                  4.0000         4.4886        -0.4886  (VIOLATED)
   _3914_/A2                  4.0000         4.4886        -0.4886  (VIOLATED)
   _5232_/A1                  4.0000         4.4798        -0.4798  (VIOLATED)
   _4536_/A1                  4.0000         4.4788        -0.4788  (VIOLATED)
   _4866_/A3                  4.0000         4.4785        -0.4785  (VIOLATED)
   _4807_/A4                  4.0000         4.4775        -0.4775  (VIOLATED)
   _4861_/A3                  4.0000         4.4771        -0.4771  (VIOLATED)
   _4814_/A1                  4.0000         4.4753        -0.4753  (VIOLATED)
   _4848_/A2                  4.0000         4.4744        -0.4744  (VIOLATED)
   _4854_/A2                  4.0000         4.4743        -0.4743  (VIOLATED)
   _4828_/B2                  4.0000         4.4741        -0.4741  (VIOLATED)
   _5364_/A1                  4.0000         4.4735        -0.4735  (VIOLATED)
   _4839_/A2                  4.0000         4.4713        -0.4713  (VIOLATED)
   _4815_/A1                  4.0000         4.4645        -0.4645  (VIOLATED)
   _5230_/A2                  4.0000         4.4645        -0.4645  (VIOLATED)
   _4788_/A1                  4.0000         4.4644        -0.4644  (VIOLATED)
   _5124_/A1                  4.0000         4.4644        -0.4644  (VIOLATED)
   _5236_/A2                  4.0000         4.4644        -0.4644  (VIOLATED)
   _4535_/A1                  4.0000         4.4644        -0.4644  (VIOLATED)
   _5414_/A2                  4.0000         4.4644        -0.4644  (VIOLATED)
   _4532_/ZN                  4.0000         4.4644        -0.4644  (VIOLATED)
   _3952_/A2                  4.0000         4.4619        -0.4619  (VIOLATED)
   _3698_/C1                  4.0000         4.4602        -0.4602  (VIOLATED)
   _5305_/A3                  4.0000         4.4601        -0.4601  (VIOLATED)
   _3670_/B1                  4.0000         4.4599        -0.4599  (VIOLATED)
   _5307_/A3                  4.0000         4.4594        -0.4594  (VIOLATED)
   _4728_/A2                  4.0000         4.4582        -0.4582  (VIOLATED)
   _3879_/B1                  4.0000         4.4565        -0.4565  (VIOLATED)
   _3765_/A2                  4.0000         4.4562        -0.4562  (VIOLATED)
   _4732_/A3                  4.0000         4.4544        -0.4544  (VIOLATED)
   _4731_/A2                  4.0000         4.4540        -0.4540  (VIOLATED)
   _4729_/A2                  4.0000         4.4538        -0.4538  (VIOLATED)
   _3624_/C1                  4.0000         4.4475        -0.4475  (VIOLATED)
   _3599_/C2                  4.0000         4.4475        -0.4475  (VIOLATED)
   _3733_/C1                  4.0000         4.4475        -0.4475  (VIOLATED)
   _3572_/ZN                  4.0000         4.4474        -0.4474  (VIOLATED)
   _4740_/A1                  4.0000         4.4461        -0.4461  (VIOLATED)
   _4741_/A2                  4.0000         4.4461        -0.4461  (VIOLATED)
   _4748_/A2                  4.0000         4.4461        -0.4461  (VIOLATED)
   _4750_/A1                  4.0000         4.4461        -0.4461  (VIOLATED)
   _4742_/A1                  4.0000         4.4461        -0.4461  (VIOLATED)
   _5304_/A2                  4.0000         4.4461        -0.4461  (VIOLATED)
   _4765_/A2                  4.0000         4.4460        -0.4460  (VIOLATED)
   _4774_/A3                  4.0000         4.4460        -0.4460  (VIOLATED)
   _4772_/A2                  4.0000         4.4460        -0.4460  (VIOLATED)
   _5112_/A2                  4.0000         4.4460        -0.4460  (VIOLATED)
   _5228_/A2                  4.0000         4.4460        -0.4460  (VIOLATED)
   _4773_/A2                  4.0000         4.4460        -0.4460  (VIOLATED)
   _5478_/A3                  4.0000         4.4460        -0.4460  (VIOLATED)
   _4752_/A1                  4.0000         4.4460        -0.4460  (VIOLATED)
   _4711_/A1                  4.0000         4.4459        -0.4459  (VIOLATED)
   _4764_/A2                  4.0000         4.4459        -0.4459  (VIOLATED)
   _4744_/A1                  4.0000         4.4459        -0.4459  (VIOLATED)
   _4763_/A2                  4.0000         4.4459        -0.4459  (VIOLATED)
   _5091_/A2                  4.0000         4.4459        -0.4459  (VIOLATED)
   _4694_/A1                  4.0000         4.4458        -0.4458  (VIOLATED)
   _4778_/A3                  4.0000         4.4457        -0.4457  (VIOLATED)
   _4736_/A2                  4.0000         4.4457        -0.4457  (VIOLATED)
   _5095_/A2                  4.0000         4.4456        -0.4456  (VIOLATED)
   _4771_/A4                  4.0000         4.4456        -0.4456  (VIOLATED)
   _4697_/A3                  4.0000         4.4455        -0.4455  (VIOLATED)
   _4706_/A3                  4.0000         4.4455        -0.4455  (VIOLATED)
   _4782_/A3                  4.0000         4.4455        -0.4455  (VIOLATED)
   _5098_/A2                  4.0000         4.4452        -0.4452  (VIOLATED)
   _4789_/A4                  4.0000         4.4452        -0.4452  (VIOLATED)
   _5302_/B                   4.0000         4.4452        -0.4452  (VIOLATED)
   _5458_/A3                  4.0000         4.4452        -0.4452  (VIOLATED)
   _5399_/A4                  4.0000         4.4452        -0.4452  (VIOLATED)
   _5315_/A4                  4.0000         4.4452        -0.4452  (VIOLATED)
   _4689_/ZN                  4.0000         4.4450        -0.4450  (VIOLATED)
   _3856_/B1                  4.0000         4.4313        -0.4313  (VIOLATED)
   _3952_/B1                  4.0000         4.4294        -0.4294  (VIOLATED)
   _3682_/A2                  4.0000         4.4288        -0.4288  (VIOLATED)
   _3782_/B1                  4.0000         4.4284        -0.4284  (VIOLATED)
   _3693_/A2                  4.0000         4.4258        -0.4258  (VIOLATED)
   _3604_/B1                  4.0000         4.4174        -0.4174  (VIOLATED)
   _3750_/B1                  4.0000         4.4174        -0.4174  (VIOLATED)
   _3627_/A2                  4.0000         4.4174        -0.4174  (VIOLATED)
   _5638_/A1                  4.0000         4.4173        -0.4173  (VIOLATED)
   _3576_/ZN                  4.0000         4.4172        -0.4172  (VIOLATED)
   _4060_/S                   4.0000         4.3827        -0.3827  (VIOLATED)
   _6635_/A2                  4.0000         4.3821        -0.3821  (VIOLATED)
   _3717_/A2                  4.0000         4.3784        -0.3784  (VIOLATED)
   _3882_/A2                  4.0000         4.3778        -0.3778  (VIOLATED)
   _3935_/A2                  4.0000         4.3777        -0.3777  (VIOLATED)
   _3774_/A2                  4.0000         4.3769        -0.3769  (VIOLATED)
   _4064_/S                   4.0000         4.3767        -0.3767  (VIOLATED)
   _3586_/A2                  4.0000         4.3756        -0.3756  (VIOLATED)
   _3623_/C2                  4.0000         4.3740        -0.3740  (VIOLATED)
   _3737_/A2                  4.0000         4.3726        -0.3726  (VIOLATED)
   _3740_/C1                  4.0000         4.3681        -0.3681  (VIOLATED)
   _6653_/A2                  4.0000         4.3680        -0.3680  (VIOLATED)
   _6622_/A2                  4.0000         4.3680        -0.3680  (VIOLATED)
   max_cap344/I               4.0000         4.3680        -0.3680  (VIOLATED)
   max_cap345/I               4.0000         4.3678        -0.3678  (VIOLATED)
   _3993_/ZN                  4.0000         4.3677        -0.3677  (VIOLATED)
   _3631_/B1                  4.0000         4.3655        -0.3655  (VIOLATED)
   _3595_/A2                  4.0000         4.3652        -0.3652  (VIOLATED)
   _3666_/A2                  4.0000         4.3629        -0.3629  (VIOLATED)
   _3528_/ZN                  4.0000         4.3627        -0.3627  (VIOLATED)
   _3637_/B1                  4.0000         4.3562        -0.3562  (VIOLATED)
   _3603_/A2                  4.0000         4.3545        -0.3545  (VIOLATED)
   _3735_/A2                  4.0000         4.3539        -0.3539  (VIOLATED)
   _3665_/B1                  4.0000         4.3530        -0.3530  (VIOLATED)
   _3712_/A2                  4.0000         4.3530        -0.3530  (VIOLATED)
   _3792_/A2                  4.0000         4.3530        -0.3530  (VIOLATED)
   _3888_/A2                  4.0000         4.3529        -0.3529  (VIOLATED)
   _3954_/A2                  4.0000         4.3529        -0.3529  (VIOLATED)
   _3539_/ZN                  4.0000         4.3528        -0.3528  (VIOLATED)
   _3775_/C1                  4.0000         4.3504        -0.3504  (VIOLATED)
   _3644_/B1                  4.0000         4.3487        -0.3487  (VIOLATED)
   _3775_/A2                  4.0000         4.3427        -0.3427  (VIOLATED)
   _3676_/A2                  4.0000         4.3427        -0.3427  (VIOLATED)
   _3720_/A2                  4.0000         4.3425        -0.3425  (VIOLATED)
   _3892_/A2                  4.0000         4.3425        -0.3425  (VIOLATED)
   _3917_/A2                  4.0000         4.3425        -0.3425  (VIOLATED)
   _3551_/ZN                  4.0000         4.3424        -0.3424  (VIOLATED)
   _4207_/S                   4.0000         4.3376        -0.3376  (VIOLATED)
   _4209_/S                   4.0000         4.3365        -0.3365  (VIOLATED)
   _4199_/S                   4.0000         4.3362        -0.3362  (VIOLATED)
   _4197_/S                   4.0000         4.3362        -0.3362  (VIOLATED)
   _4201_/S                   4.0000         4.3356        -0.3356  (VIOLATED)
   _4211_/S                   4.0000         4.3356        -0.3356  (VIOLATED)
   _3684_/A2                  4.0000         4.3355        -0.3355  (VIOLATED)
   _3737_/B1                  4.0000         4.3355        -0.3355  (VIOLATED)
   _3586_/C2                  4.0000         4.3355        -0.3355  (VIOLATED)
   _3721_/B1                  4.0000         4.3354        -0.3354  (VIOLATED)
   _3893_/A2                  4.0000         4.3354        -0.3354  (VIOLATED)
   _3916_/A2                  4.0000         4.3354        -0.3354  (VIOLATED)
   _3558_/ZN                  4.0000         4.3353        -0.3353  (VIOLATED)
   _4203_/S                   4.0000         4.3332        -0.3332  (VIOLATED)
   _4205_/S                   4.0000         4.3226        -0.3226  (VIOLATED)
   _4195_/ZN                  4.0000         4.3225        -0.3225  (VIOLATED)
   _3943_/A2                  4.0000         4.3222        -0.3222  (VIOLATED)
   _3586_/B1                  4.0000         4.3203        -0.3203  (VIOLATED)
   _3771_/A2                  4.0000         4.3202        -0.3202  (VIOLATED)
   _3850_/A2                  4.0000         4.3193        -0.3193  (VIOLATED)
   _3717_/B1                  4.0000         4.3189        -0.3189  (VIOLATED)
   _3672_/A2                  4.0000         4.3183        -0.3183  (VIOLATED)
   _3613_/A2                  4.0000         4.3177        -0.3177  (VIOLATED)
   _3730_/A2                  4.0000         4.3177        -0.3177  (VIOLATED)
   _3538_/ZN                  4.0000         4.3138        -0.3138  (VIOLATED)
   _3640_/A2                  4.0000         4.3000        -0.3000  (VIOLATED)
   _3685_/A2                  4.0000         4.2872        -0.2872  (VIOLATED)
   _3781_/B1                  4.0000         4.2872        -0.2872  (VIOLATED)
   _3594_/A2                  4.0000         4.2872        -0.2872  (VIOLATED)
   _3705_/A2                  4.0000         4.2872        -0.2872  (VIOLATED)
   _3744_/A2                  4.0000         4.2870        -0.2870  (VIOLATED)
   _3957_/A2                  4.0000         4.2869        -0.2869  (VIOLATED)
   _3862_/A2                  4.0000         4.2869        -0.2869  (VIOLATED)
   _3524_/ZN                  4.0000         4.2868        -0.2868  (VIOLATED)
   _4626_/A4                  4.0000         4.2666        -0.2666  (VIOLATED)
   _3588_/A2                  4.0000         4.2652        -0.2652  (VIOLATED)
   _4600_/A4                  4.0000         4.2650        -0.2650  (VIOLATED)
   _3662_/A2                  4.0000         4.2628        -0.2628  (VIOLATED)
   _3716_/A2                  4.0000         4.2612        -0.2612  (VIOLATED)
   _3749_/A2                  4.0000         4.2592        -0.2592  (VIOLATED)
   _3634_/C1                  4.0000         4.2592        -0.2592  (VIOLATED)
   _3772_/B1                  4.0000         4.2581        -0.2581  (VIOLATED)
   _4602_/A4                  4.0000         4.2545        -0.2545  (VIOLATED)
   _5364_/B                   4.0000         4.2545        -0.2545  (VIOLATED)
   _5146_/A2                  4.0000         4.2545        -0.2545  (VIOLATED)
   _4634_/A4                  4.0000         4.2545        -0.2545  (VIOLATED)
   _5373_/A3                  4.0000         4.2545        -0.2545  (VIOLATED)
   _4573_/A2                  4.0000         4.2545        -0.2545  (VIOLATED)
   _4625_/A4                  4.0000         4.2545        -0.2545  (VIOLATED)
   _5278_/B                   4.0000         4.2544        -0.2544  (VIOLATED)
   _5152_/A1                  4.0000         4.2544        -0.2544  (VIOLATED)
   _5151_/A2                  4.0000         4.2544        -0.2544  (VIOLATED)
   _4828_/A1                  4.0000         4.2544        -0.2544  (VIOLATED)
   _4608_/A4                  4.0000         4.2544        -0.2544  (VIOLATED)
   _4635_/A4                  4.0000         4.2544        -0.2544  (VIOLATED)
   _4595_/A2                  4.0000         4.2544        -0.2544  (VIOLATED)
   _4569_/A1                  4.0000         4.2544        -0.2544  (VIOLATED)
   _5142_/B1                  4.0000         4.2543        -0.2543  (VIOLATED)
   _5145_/B2                  4.0000         4.2543        -0.2543  (VIOLATED)
   _4565_/A1                  4.0000         4.2543        -0.2543  (VIOLATED)
   max_cap352/I               4.0000         4.2543        -0.2543  (VIOLATED)
   _4588_/A2                  4.0000         4.2542        -0.2542  (VIOLATED)
   _4590_/A3                  4.0000         4.2540        -0.2540  (VIOLATED)
   _4587_/A3                  4.0000         4.2540        -0.2540  (VIOLATED)
   _4643_/A4                  4.0000         4.2538        -0.2538  (VIOLATED)
   _4642_/A4                  4.0000         4.2538        -0.2538  (VIOLATED)
   _4564_/A2                  4.0000         4.2538        -0.2538  (VIOLATED)
   _4575_/A4                  4.0000         4.2537        -0.2537  (VIOLATED)
   _4570_/A3                  4.0000         4.2535        -0.2535  (VIOLATED)
   _5143_/B2                  4.0000         4.2535        -0.2535  (VIOLATED)
   _4589_/A3                  4.0000         4.2532        -0.2532  (VIOLATED)
   _4822_/B                   4.0000         4.2526        -0.2526  (VIOLATED)
   _4563_/Z                   4.0000         4.2513        -0.2513  (VIOLATED)
   _3848_/A2                  4.0000         4.2506        -0.2506  (VIOLATED)
   _3930_/A2                  4.0000         4.2506        -0.2506  (VIOLATED)
   _3554_/ZN                  4.0000         4.2505        -0.2505  (VIOLATED)
   _3928_/A2                  4.0000         4.2348        -0.2348  (VIOLATED)
   _3697_/A2                  4.0000         4.2328        -0.2328  (VIOLATED)
   _3594_/C1                  4.0000         4.2328        -0.2328  (VIOLATED)
   _3791_/B1                  4.0000         4.2328        -0.2328  (VIOLATED)
   _3891_/C1                  4.0000         4.2328        -0.2328  (VIOLATED)
   _5575_/A1                  4.0000         4.2328        -0.2328  (VIOLATED)
   _3660_/B1                  4.0000         4.2328        -0.2328  (VIOLATED)
   _3741_/B1                  4.0000         4.2323        -0.2323  (VIOLATED)
   _3621_/A2                  4.0000         4.2323        -0.2323  (VIOLATED)
   _3580_/ZN                  4.0000         4.2323        -0.2323  (VIOLATED)
   _3755_/C2                  4.0000         4.2182        -0.2182  (VIOLATED)
   _3706_/B1                  4.0000         4.2166        -0.2166  (VIOLATED)
   _3923_/C1                  4.0000         4.2163        -0.2163  (VIOLATED)
   _3604_/A2                  4.0000         4.2160        -0.2160  (VIOLATED)
   _3867_/A2                  4.0000         4.2151        -0.2151  (VIOLATED)
   _3890_/C1                  4.0000         4.2147        -0.2147  (VIOLATED)
   _3783_/C1                  4.0000         4.2145        -0.2145  (VIOLATED)
   _3593_/B1                  4.0000         4.2132        -0.2132  (VIOLATED)
   _3951_/C1                  4.0000         4.2124        -0.2124  (VIOLATED)
   _3640_/B1                  4.0000         4.2111        -0.2111  (VIOLATED)
   _4956_/A1                  4.0000         4.2070        -0.2070  (VIOLATED)
   _4952_/A1                  4.0000         4.2070        -0.2070  (VIOLATED)
   _4945_/A4                  4.0000         4.2067        -0.2067  (VIOLATED)
   _4961_/A4                  4.0000         4.2054        -0.2054  (VIOLATED)
   _3658_/A2                  4.0000         4.2037        -0.2037  (VIOLATED)
   _5359_/A1                  4.0000         4.2036        -0.2036  (VIOLATED)
   _3782_/C1                  4.0000         4.2036        -0.2036  (VIOLATED)
   _3626_/C1                  4.0000         4.2036        -0.2036  (VIOLATED)
   _3573_/ZN                  4.0000         4.2035        -0.2035  (VIOLATED)
   _4967_/A4                  4.0000         4.2034        -0.2034  (VIOLATED)
   _4661_/A3                  4.0000         4.2029        -0.2029  (VIOLATED)
   _4974_/A1                  4.0000         4.2020        -0.2020  (VIOLATED)
   _3714_/B1                  4.0000         4.2014        -0.2014  (VIOLATED)
   _3668_/A2                  4.0000         4.2014        -0.2014  (VIOLATED)
   _3626_/B1                  4.0000         4.2012        -0.2012  (VIOLATED)
   _3741_/A2                  4.0000         4.2012        -0.2012  (VIOLATED)
   _3605_/A2                  4.0000         4.2012        -0.2012  (VIOLATED)
   _3559_/ZN                  4.0000         4.2011        -0.2011  (VIOLATED)
   _3662_/B1                  4.0000         4.2007        -0.2007  (VIOLATED)
   _3779_/A2                  4.0000         4.2007        -0.2007  (VIOLATED)
   _3704_/B1                  4.0000         4.2006        -0.2006  (VIOLATED)
   _3746_/B1                  4.0000         4.2006        -0.2006  (VIOLATED)
   _3823_/A2                  4.0000         4.2005        -0.2005  (VIOLATED)
   _3901_/A2                  4.0000         4.2005        -0.2005  (VIOLATED)
   _3565_/ZN                  4.0000         4.2004        -0.2004  (VIOLATED)
   _4528_/A1                  4.0000         4.1996        -0.1996  (VIOLATED)
   _5329_/A1                  4.0000         4.1996        -0.1996  (VIOLATED)
   _4527_/A1                  4.0000         4.1982        -0.1982  (VIOLATED)
   _5084_/A1                  4.0000         4.1974        -0.1974  (VIOLATED)
   _5009_/A2                  4.0000         4.1943        -0.1943  (VIOLATED)
   _5020_/A2                  4.0000         4.1943        -0.1943  (VIOLATED)
   _5008_/A2                  4.0000         4.1943        -0.1943  (VIOLATED)
   _5093_/A1                  4.0000         4.1939        -0.1939  (VIOLATED)
   _4520_/ZN                  4.0000         4.1938        -0.1938  (VIOLATED)
   _3788_/B1                  4.0000         4.1478        -0.1478  (VIOLATED)
   _3635_/B1                  4.0000         4.1472        -0.1472  (VIOLATED)
   _3947_/A2                  4.0000         4.1447        -0.1447  (VIOLATED)
   _3720_/B1                  4.0000         4.1446        -0.1446  (VIOLATED)
   _3598_/B1                  4.0000         4.1442        -0.1442  (VIOLATED)
   _3748_/B1                  4.0000         4.1437        -0.1437  (VIOLATED)
   _3870_/B1                  4.0000         4.1436        -0.1436  (VIOLATED)
   _3677_/C1                  4.0000         4.1435        -0.1435  (VIOLATED)
   _3600_/B1                  4.0000         4.1430        -0.1430  (VIOLATED)
   _3636_/C1                  4.0000         4.1376        -0.1376  (VIOLATED)
   _3577_/ZN                  4.0000         4.1361        -0.1361  (VIOLATED)
   _3730_/B1                  4.0000         4.1355        -0.1355  (VIOLATED)
   _3718_/B1                  4.0000         4.1316        -0.1316  (VIOLATED)
   _3771_/B1                  4.0000         4.1316        -0.1316  (VIOLATED)
   _3659_/A2                  4.0000         4.1315        -0.1315  (VIOLATED)
   _3879_/A2                  4.0000         4.1313        -0.1313  (VIOLATED)
   _3945_/B1                  4.0000         4.1313        -0.1313  (VIOLATED)
   _3564_/ZN                  4.0000         4.1313        -0.1313  (VIOLATED)
   _3590_/A2                  4.0000         4.1279        -0.1279  (VIOLATED)
   _3781_/A2                  4.0000         4.1163        -0.1163  (VIOLATED)
   _3752_/C1                  4.0000         4.1148        -0.1148  (VIOLATED)
   _3856_/A2                  4.0000         4.1148        -0.1148  (VIOLATED)
   _3711_/A2                  4.0000         4.1148        -0.1148  (VIOLATED)
   _3959_/A2                  4.0000         4.1148        -0.1148  (VIOLATED)
   _5656_/A1                  4.0000         4.1148        -0.1148  (VIOLATED)
   _3639_/C2                  4.0000         4.1147        -0.1147  (VIOLATED)
   _3782_/A2                  4.0000         4.1146        -0.1146  (VIOLATED)
   _3666_/B1                  4.0000         4.1146        -0.1146  (VIOLATED)
   _3530_/ZN                  4.0000         4.1145        -0.1145  (VIOLATED)
   _3514_/A2                  4.0000         4.1076        -0.1076  (VIOLATED)
   _3671_/A2                  4.0000         4.1037        -0.1037  (VIOLATED)
   _3710_/A2                  4.0000         4.1036        -0.1036  (VIOLATED)
   _3752_/A2                  4.0000         4.1036        -0.1036  (VIOLATED)
   _3633_/A2                  4.0000         4.1035        -0.1035  (VIOLATED)
   _3863_/A2                  4.0000         4.1034        -0.1034  (VIOLATED)
   _3923_/A2                  4.0000         4.1033        -0.1033  (VIOLATED)
   _3513_/ZN                  4.0000         4.1032        -0.1032  (VIOLATED)
   _5665_/A1                  4.0000         4.0779        -0.0779  (VIOLATED)
   _3783_/A2                  4.0000         4.0775        -0.0775  (VIOLATED)
   _3671_/B1                  4.0000         4.0752        -0.0752  (VIOLATED)
   _3639_/B1                  4.0000         4.0718        -0.0718  (VIOLATED)
   _3590_/C1                  4.0000         4.0704        -0.0704  (VIOLATED)
   _3714_/A2                  4.0000         4.0634        -0.0634  (VIOLATED)
   _3951_/B1                  4.0000         4.0633        -0.0633  (VIOLATED)
   _3856_/C1                  4.0000         4.0633        -0.0633  (VIOLATED)
   _3745_/B1                  4.0000         4.0632        -0.0632  (VIOLATED)
   _3557_/ZN                  4.0000         4.0631        -0.0631  (VIOLATED)
   _6431_/A2                  4.0000         4.0574        -0.0574  (VIOLATED)
   _6296_/A3                  4.0000         4.0554        -0.0554  (VIOLATED)
   _6484_/A2                  4.0000         4.0550        -0.0550  (VIOLATED)
   _6250_/A2                  4.0000         4.0550        -0.0550  (VIOLATED)
   _6402_/A2                  4.0000         4.0536        -0.0536  (VIOLATED)
   _6342_/A2                  4.0000         4.0527        -0.0527  (VIOLATED)
   _6247_/A2                  4.0000         4.0525        -0.0525  (VIOLATED)
   _6285_/A1                  4.0000         4.0524        -0.0524  (VIOLATED)
   _6243_/A1                  4.0000         4.0522        -0.0522  (VIOLATED)
   _6248_/A2                  4.0000         4.0519        -0.0519  (VIOLATED)
   _6375_/A2                  4.0000         4.0513        -0.0513  (VIOLATED)
   _6452_/A2                  4.0000         4.0509        -0.0509  (VIOLATED)
   _3598_/A2                  4.0000         4.0478        -0.0478  (VIOLATED)
   _3672_/B1                  4.0000         4.0464        -0.0464  (VIOLATED)
   _3791_/C1                  4.0000         4.0449        -0.0449  (VIOLATED)
   _3628_/B1                  4.0000         4.0449        -0.0449  (VIOLATED)
   _3661_/B1                  4.0000         4.0449        -0.0449  (VIOLATED)
   _3859_/C1                  4.0000         4.0449        -0.0449  (VIOLATED)
   _3925_/A2                  4.0000         4.0449        -0.0449  (VIOLATED)
   _3590_/B1                  4.0000         4.0448        -0.0448  (VIOLATED)
   _3716_/B1                  4.0000         4.0446        -0.0446  (VIOLATED)
   _3741_/C1                  4.0000         4.0445        -0.0445  (VIOLATED)
   _6311_/A2                  4.0000         4.0440        -0.0440  (VIOLATED)
   _6319_/A2                  4.0000         4.0440        -0.0440  (VIOLATED)
   _3581_/ZN                  4.0000         4.0439        -0.0439  (VIOLATED)
   _6275_/A3                  4.0000         4.0438        -0.0438  (VIOLATED)
   _6273_/A1                  4.0000         4.0438        -0.0438  (VIOLATED)
   _4014_/A2                  4.0000         4.0438        -0.0438  (VIOLATED)
   _5938_/A1                  4.0000         4.0438        -0.0438  (VIOLATED)
   _4011_/ZN                  4.0000         4.0436        -0.0436  (VIOLATED)
   _3941_/A2                  4.0000         4.0436        -0.0436  (VIOLATED)
   _3770_/A2                  4.0000         4.0429        -0.0429  (VIOLATED)
   _3643_/B1                  4.0000         4.0428        -0.0428  (VIOLATED)
   _3851_/A2                  4.0000         4.0426        -0.0426  (VIOLATED)
   _3702_/C1                  4.0000         4.0415        -0.0415  (VIOLATED)
   _3756_/B1                  4.0000         4.0404        -0.0404  (VIOLATED)
   _3568_/ZN                  4.0000         4.0363        -0.0363  (VIOLATED)
   _3872_/B1                  4.0000         4.0333        -0.0333  (VIOLATED)
   _3656_/B1                  4.0000         4.0327        -0.0327  (VIOLATED)
   _3700_/A2                  4.0000         4.0292        -0.0292  (VIOLATED)
   _3945_/C2                  4.0000         4.0250        -0.0250  (VIOLATED)
   _3696_/A2                  4.0000         4.0197        -0.0197  (VIOLATED)
   _3597_/B1                  4.0000         4.0189        -0.0189  (VIOLATED)
   _3643_/A2                  4.0000         4.0188        -0.0188  (VIOLATED)
   _3756_/A2                  4.0000         4.0188        -0.0188  (VIOLATED)
   _3774_/B1                  4.0000         4.0188        -0.0188  (VIOLATED)
   _3548_/ZN                  4.0000         4.0187        -0.0187  (VIOLATED)
   _3934_/A2                  4.0000         4.0124        -0.0124  (VIOLATED)
   _3877_/A2                  4.0000         4.0121        -0.0121  (VIOLATED)
   _3665_/A2                  4.0000         4.0072        -0.0072  (VIOLATED)
   _3789_/A2                  4.0000         4.0072        -0.0072  (VIOLATED)
   _3644_/A2                  4.0000         4.0070        -0.0070  (VIOLATED)
   _3599_/A2                  4.0000         4.0070        -0.0070  (VIOLATED)
   _3750_/A2                  4.0000         4.0070        -0.0070  (VIOLATED)
   _3531_/ZN                  4.0000         4.0069        -0.0069  (VIOLATED)


   max_fanout

                             Required        Actual
   Pin                        Fanout         Fanout          Slack
   -----------------------------------------------------------------
   hold271/Z                 12.0000        95.0000       -83.0000  (VIOLATED)
   max_cap357/Z              12.0000        74.0000       -62.0000  (VIOLATED)
   max_cap358/Z              12.0000        72.0000       -60.0000  (VIOLATED)
   max_cap354/Z              12.0000        66.0000       -54.0000  (VIOLATED)
   max_cap356/Z              12.0000        66.0000       -54.0000  (VIOLATED)
   max_cap355/Z              12.0000        64.0000       -52.0000  (VIOLATED)
   max_cap361/Z              12.0000        64.0000       -52.0000  (VIOLATED)
   load_slew350/Z            12.0000        60.0000       -48.0000  (VIOLATED)
   max_cap353/Z              12.0000        58.0000       -46.0000  (VIOLATED)
   hold86/Z                  12.0000        53.0000       -41.0000  (VIOLATED)
   hold52/Z                  12.0000        52.0000       -40.0000  (VIOLATED)
   hold62/Z                  12.0000        52.0000       -40.0000  (VIOLATED)
   hold29/Z                  12.0000        51.0000       -39.0000  (VIOLATED)
   max_cap359/Z              12.0000        51.0000       -39.0000  (VIOLATED)
   max_cap360/Z              12.0000        51.0000       -39.0000  (VIOLATED)
   hold15/Z                  12.0000        49.0000       -37.0000  (VIOLATED)
   hold2/Z                   12.0000        48.0000       -36.0000  (VIOLATED)
   load_slew349/Z            12.0000        48.0000       -36.0000  (VIOLATED)
   _4689_/ZN                 12.0000        39.0000       -27.0000  (VIOLATED)
   hold113/Z                 12.0000        36.0000       -24.0000  (VIOLATED)
   input122/Z                12.0000        36.0000       -24.0000  (VIOLATED)
   input124/Z                12.0000        35.0000       -23.0000  (VIOLATED)
   input160/Z                12.0000        34.0000       -22.0000  (VIOLATED)
   hold18/Z                  12.0000        33.0000       -21.0000  (VIOLATED)
   input120/Z                12.0000        33.0000       -21.0000  (VIOLATED)
   _4563_/Z                  12.0000        32.0000       -20.0000  (VIOLATED)
   input117/Z                12.0000        32.0000       -20.0000  (VIOLATED)
   _3485_/Z                  12.0000        31.0000       -19.0000  (VIOLATED)
   input75/Z                 12.0000        31.0000       -19.0000  (VIOLATED)
   max_cap352/Z              12.0000        29.0000       -17.0000  (VIOLATED)
   _3537_/Z                  12.0000        28.0000       -16.0000  (VIOLATED)
   _3552_/Z                  12.0000        28.0000       -16.0000  (VIOLATED)
   input95/Z                 12.0000        28.0000       -16.0000  (VIOLATED)
   input121/Z                12.0000        28.0000       -16.0000  (VIOLATED)
   load_slew351/Z            12.0000        27.0000       -15.0000  (VIOLATED)
   input106/Z                12.0000        26.0000       -14.0000  (VIOLATED)
   _7227_/Q                  12.0000        25.0000       -13.0000  (VIOLATED)
   _7231_/Q                  12.0000        25.0000       -13.0000  (VIOLATED)
   input123/Z                12.0000        25.0000       -13.0000  (VIOLATED)
   _3529_/Z                  12.0000        24.0000       -12.0000  (VIOLATED)
   input107/Z                12.0000        24.0000       -12.0000  (VIOLATED)
   _3509_/Z                  12.0000        23.0000       -11.0000  (VIOLATED)
   _4422_/Z                  12.0000        22.0000       -10.0000  (VIOLATED)
   _4716_/Z                  12.0000        22.0000       -10.0000  (VIOLATED)
   _7234_/Q                  12.0000        22.0000       -10.0000  (VIOLATED)
   _3408_/ZN                 12.0000        21.0000        -9.0000  (VIOLATED)
   _4377_/ZN                 12.0000        21.0000        -9.0000  (VIOLATED)
   _6733_/Q                  12.0000        21.0000        -9.0000  (VIOLATED)
   clkbuf_3_6__f_wb_clk_i/Z  12.0000        21.0000        -9.0000  (VIOLATED)
   _4454_/Z                  12.0000        20.0000        -8.0000  (VIOLATED)
   _4683_/Z                  12.0000        20.0000        -8.0000  (VIOLATED)
   _5957_/Z                  12.0000        20.0000        -8.0000  (VIOLATED)
   _7228_/Q                  12.0000        20.0000        -8.0000  (VIOLATED)
   hold6/Z                   12.0000        20.0000        -8.0000  (VIOLATED)
   _3407_/ZN                 12.0000        19.0000        -7.0000  (VIOLATED)
   max_cap347/Z              12.0000        19.0000        -7.0000  (VIOLATED)
   _3385_/ZN                 12.0000        18.0000        -6.0000  (VIOLATED)
   _3401_/ZN                 12.0000        18.0000        -6.0000  (VIOLATED)
   _4011_/ZN                 12.0000        18.0000        -6.0000  (VIOLATED)
   _4532_/ZN                 12.0000        18.0000        -6.0000  (VIOLATED)
   _4700_/Z                  12.0000        18.0000        -6.0000  (VIOLATED)
   _5968_/ZN                 12.0000        18.0000        -6.0000  (VIOLATED)
   hold21/Z                  12.0000        18.0000        -6.0000  (VIOLATED)
   _3402_/ZN                 12.0000        17.0000        -5.0000  (VIOLATED)
   _3541_/ZN                 12.0000        17.0000        -5.0000  (VIOLATED)
   _3543_/ZN                 12.0000        17.0000        -5.0000  (VIOLATED)
   _4784_/Z                  12.0000        17.0000        -5.0000  (VIOLATED)
   clkbuf_2_3__f_mgmt_gpio_in[4]/Z  12.0000  17.0000       -5.0000  (VIOLATED)
   max_cap343/Z              12.0000        17.0000        -5.0000  (VIOLATED)
   max_cap344/Z              12.0000        17.0000        -5.0000  (VIOLATED)
   wire348/Z                 12.0000        17.0000        -5.0000  (VIOLATED)
   _3404_/ZN                 12.0000        16.0000        -4.0000  (VIOLATED)
   _3503_/ZN                 12.0000        16.0000        -4.0000  (VIOLATED)
   _3511_/ZN                 12.0000        16.0000        -4.0000  (VIOLATED)
   _3517_/ZN                 12.0000        16.0000        -4.0000  (VIOLATED)
   _3533_/Z                  12.0000        16.0000        -4.0000  (VIOLATED)
   _4520_/ZN                 12.0000        16.0000        -4.0000  (VIOLATED)
   _4526_/Z                  12.0000        16.0000        -4.0000  (VIOLATED)
   _6745_/Q                  12.0000        16.0000        -4.0000  (VIOLATED)
   clkbuf_0__1359_/Z         12.0000        16.0000        -4.0000  (VIOLATED)
   clkbuf_3_7__f_wb_clk_i/Z  12.0000        16.0000        -4.0000  (VIOLATED)
   _3403_/ZN                 12.0000        15.0000        -3.0000  (VIOLATED)
   _3518_/ZN                 12.0000        15.0000        -3.0000  (VIOLATED)
   _4551_/Z                  12.0000        15.0000        -3.0000  (VIOLATED)
   _4614_/Z                  12.0000        15.0000        -3.0000  (VIOLATED)
   _4703_/Z                  12.0000        15.0000        -3.0000  (VIOLATED)
   _6233_/ZN                 12.0000        15.0000        -3.0000  (VIOLATED)
   _6834_/Q                  12.0000        15.0000        -3.0000  (VIOLATED)
   clkbuf_3_1__f_wb_clk_i/Z  12.0000        15.0000        -3.0000  (VIOLATED)
   clkbuf_3_4__f_wb_clk_i/Z  12.0000        15.0000        -3.0000  (VIOLATED)
   clkbuf_4_5_0__1359_/Z     12.0000        15.0000        -3.0000  (VIOLATED)
   input108/Z                12.0000        15.0000        -3.0000  (VIOLATED)
   max_cap346/Z              12.0000        15.0000        -3.0000  (VIOLATED)
   _3406_/ZN                 12.0000        14.0000        -2.0000  (VIOLATED)
   _4366_/ZN                 12.0000        14.0000        -2.0000  (VIOLATED)
   _4502_/ZN                 12.0000        14.0000        -2.0000  (VIOLATED)
   _4524_/Z                  12.0000        14.0000        -2.0000  (VIOLATED)
   _4554_/Z                  12.0000        14.0000        -2.0000  (VIOLATED)
   _4666_/Z                  12.0000        14.0000        -2.0000  (VIOLATED)
   _4718_/ZN                 12.0000        14.0000        -2.0000  (VIOLATED)
   _5947_/ZN                 12.0000        14.0000        -2.0000  (VIOLATED)
   _6744_/Q                  12.0000        14.0000        -2.0000  (VIOLATED)
   _6835_/Q                  12.0000        14.0000        -2.0000  (VIOLATED)
   _6836_/Q                  12.0000        14.0000        -2.0000  (VIOLATED)
   clkbuf_4_0_0__1359_/Z     12.0000        14.0000        -2.0000  (VIOLATED)
   max_cap345/Z              12.0000        14.0000        -2.0000  (VIOLATED)
   _3331_/ZN                 12.0000        13.0000        -1.0000  (VIOLATED)
   _3386_/ZN                 12.0000        13.0000        -1.0000  (VIOLATED)
   _3488_/Z                  12.0000        13.0000        -1.0000  (VIOLATED)
   _4368_/ZN                 12.0000        13.0000        -1.0000  (VIOLATED)
   _4401_/Z                  12.0000        13.0000        -1.0000  (VIOLATED)
   _4495_/Z                  12.0000        13.0000        -1.0000  (VIOLATED)
   _4517_/Z                  12.0000        13.0000        -1.0000  (VIOLATED)
   _4522_/ZN                 12.0000        13.0000        -1.0000  (VIOLATED)
   _4562_/ZN                 12.0000        13.0000        -1.0000  (VIOLATED)
   _4568_/Z                  12.0000        13.0000        -1.0000  (VIOLATED)
   _4586_/Z                  12.0000        13.0000        -1.0000  (VIOLATED)
   _6234_/ZN                 12.0000        13.0000        -1.0000  (VIOLATED)
   _6244_/ZN                 12.0000        13.0000        -1.0000  (VIOLATED)
   _7235_/Q                  12.0000        13.0000        -1.0000  (VIOLATED)


1
