****************************************
Report : constraint
	-all_violators
	-path slack_only
Design : housekeeping
Version: T-2022.03-SP3
Date   : Wed Nov 30 10:14:26 2022
****************************************






   max_transition

                             Required        Actual
   Pin                      Transition     Transition        Slack
   -----------------------------------------------------------------
   _4224_/S                   4.0000         5.5431        -1.5431  (VIOLATED)
   _4216_/S                   4.0000         5.5430        -1.5430  (VIOLATED)
   _4222_/S                   4.0000         5.5429        -1.5429  (VIOLATED)
   _4220_/S                   4.0000         5.5429        -1.5429  (VIOLATED)
   _4228_/S                   4.0000         5.5428        -1.5428  (VIOLATED)
   _4218_/S                   4.0000         5.5428        -1.5428  (VIOLATED)
   _4214_/S                   4.0000         5.5424        -1.5424  (VIOLATED)
   _4226_/S                   4.0000         5.5421        -1.5421  (VIOLATED)
   _4212_/ZN                  4.0000         5.5388        -1.5388  (VIOLATED)
   _3775_/B1                  4.0000         5.4558        -1.4558  (VIOLATED)
   _3913_/A2                  4.0000         5.4365        -1.4365  (VIOLATED)
   _3597_/C1                  4.0000         5.4365        -1.4365  (VIOLATED)
   _3731_/A2                  4.0000         5.4365        -1.4365  (VIOLATED)
   _3718_/A2                  4.0000         5.4364        -1.4364  (VIOLATED)
   _3664_/A2                  4.0000         5.4363        -1.4363  (VIOLATED)
   _3864_/C2                  4.0000         5.4362        -1.4362  (VIOLATED)
   _3622_/B1                  4.0000         5.4361        -1.4361  (VIOLATED)
   _3561_/ZN                  4.0000         5.4344        -1.4344  (VIOLATED)
   _3637_/C1                  4.0000         5.4074        -1.4074  (VIOLATED)
   _5528_/S                   4.0000         5.4073        -1.4073  (VIOLATED)
   _3789_/B1                  4.0000         5.4073        -1.4073  (VIOLATED)
   _3717_/C2                  4.0000         5.4073        -1.4073  (VIOLATED)
   _3748_/C2                  4.0000         5.4072        -1.4072  (VIOLATED)
   _3865_/A2                  4.0000         5.4072        -1.4072  (VIOLATED)
   _3684_/B1                  4.0000         5.4071        -1.4071  (VIOLATED)
   _3933_/A2                  4.0000         5.4071        -1.4071  (VIOLATED)
   _3618_/ZN                  4.0000         5.4057        -1.4057  (VIOLATED)
   _3623_/B1                  4.0000         5.3865        -1.3865  (VIOLATED)
   _3733_/B1                  4.0000         5.3864        -1.3864  (VIOLATED)
   _3599_/B1                  4.0000         5.3864        -1.3864  (VIOLATED)
   _3700_/B1                  4.0000         5.3863        -1.3863  (VIOLATED)
   _3942_/B2                  4.0000         5.3863        -1.3863  (VIOLATED)
   _3881_/A2                  4.0000         5.3863        -1.3863  (VIOLATED)
   _3769_/A2                  4.0000         5.3860        -1.3860  (VIOLATED)
   _5683_/A1                  4.0000         5.3859        -1.3859  (VIOLATED)
   _3676_/B1                  4.0000         5.3859        -1.3859  (VIOLATED)
   _3567_/ZN                  4.0000         5.3854        -1.3854  (VIOLATED)
   _3769_/B1                  4.0000         5.2956        -1.2956  (VIOLATED)
   _3624_/B1                  4.0000         5.2789        -1.2789  (VIOLATED)
   _3603_/C1                  4.0000         5.2788        -1.2788  (VIOLATED)
   _3735_/B1                  4.0000         5.2788        -1.2788  (VIOLATED)
   _3698_/B1                  4.0000         5.2784        -1.2784  (VIOLATED)
   _5674_/A1                  4.0000         5.2783        -1.2783  (VIOLATED)
   _3664_/B1                  4.0000         5.2781        -1.2781  (VIOLATED)
   _3881_/B1                  4.0000         5.2752        -1.2752  (VIOLATED)
   _3936_/A2                  4.0000         5.2746        -1.2746  (VIOLATED)
   _3569_/ZN                  4.0000         5.2691        -1.2691  (VIOLATED)
   _3586_/C2                  4.0000         5.1236        -1.1236  (VIOLATED)
   _3644_/B1                  4.0000         5.1234        -1.1234  (VIOLATED)
   _3775_/C1                  4.0000         5.1230        -1.1230  (VIOLATED)
   _3737_/B1                  4.0000         5.1228        -1.1228  (VIOLATED)
   _3721_/B1                  4.0000         5.1222        -1.1222  (VIOLATED)
   _3893_/A2                  4.0000         5.1222        -1.1222  (VIOLATED)
   _3916_/A2                  4.0000         5.1221        -1.1221  (VIOLATED)
   _3684_/A2                  4.0000         5.1219        -1.1219  (VIOLATED)
   _3558_/ZN                  4.0000         5.1207        -1.1207  (VIOLATED)
   _3891_/C1                  4.0000         5.0398        -1.0398  (VIOLATED)
   _3791_/B1                  4.0000         5.0397        -1.0397  (VIOLATED)
   _5575_/A1                  4.0000         5.0397        -1.0397  (VIOLATED)
   _3697_/A2                  4.0000         5.0397        -1.0397  (VIOLATED)
   _3928_/A2                  4.0000         5.0396        -1.0396  (VIOLATED)
   _3660_/B1                  4.0000         5.0395        -1.0395  (VIOLATED)
   _3621_/A2                  4.0000         5.0362        -1.0362  (VIOLATED)
   _3741_/B1                  4.0000         5.0362        -1.0362  (VIOLATED)
   _3594_/C1                  4.0000         5.0356        -1.0356  (VIOLATED)
   _3580_/ZN                  4.0000         5.0352        -1.0352  (VIOLATED)
   _3698_/C1                  4.0000         5.0302        -1.0302  (VIOLATED)
   _3670_/B1                  4.0000         5.0301        -1.0301  (VIOLATED)
   _3765_/A2                  4.0000         5.0300        -1.0300  (VIOLATED)
   _3952_/A2                  4.0000         5.0298        -1.0298  (VIOLATED)
   _3879_/B1                  4.0000         5.0297        -1.0297  (VIOLATED)
   _3733_/C1                  4.0000         5.0284        -1.0284  (VIOLATED)
   _3624_/C1                  4.0000         5.0283        -1.0283  (VIOLATED)
   _3599_/C2                  4.0000         5.0281        -1.0281  (VIOLATED)
   _3572_/ZN                  4.0000         5.0273        -1.0273  (VIOLATED)
   _4197_/S                   4.0000         5.0224        -1.0224  (VIOLATED)
   _4199_/S                   4.0000         5.0224        -1.0224  (VIOLATED)
   _4201_/S                   4.0000         5.0223        -1.0223  (VIOLATED)
   _4203_/S                   4.0000         5.0223        -1.0223  (VIOLATED)
   _4211_/S                   4.0000         5.0207        -1.0207  (VIOLATED)
   _4205_/S                   4.0000         5.0206        -1.0206  (VIOLATED)
   _4209_/S                   4.0000         5.0205        -1.0205  (VIOLATED)
   _4207_/S                   4.0000         5.0205        -1.0205  (VIOLATED)
   _4195_/ZN                  4.0000         5.0197        -1.0197  (VIOLATED)
   _3771_/A2                  4.0000         4.9151        -0.9151  (VIOLATED)
   _3672_/A2                  4.0000         4.9150        -0.9150  (VIOLATED)
   _3613_/A2                  4.0000         4.9149        -0.9149  (VIOLATED)
   _3717_/B1                  4.0000         4.9149        -0.9149  (VIOLATED)
   _3586_/B1                  4.0000         4.9148        -0.9148  (VIOLATED)
   _3730_/A2                  4.0000         4.9146        -0.9146  (VIOLATED)
   _3850_/A2                  4.0000         4.9129        -0.9129  (VIOLATED)
   _3943_/A2                  4.0000         4.9127        -0.9127  (VIOLATED)
   _3538_/ZN                  4.0000         4.9124        -0.9124  (VIOLATED)
   _3623_/A2                  4.0000         4.8716        -0.8716  (VIOLATED)
   _3603_/B1                  4.0000         4.8715        -0.8715  (VIOLATED)
   _3788_/A2                  4.0000         4.8713        -0.8713  (VIOLATED)
   _3675_/B1                  4.0000         4.8711        -0.8711  (VIOLATED)
   _3695_/A2                  4.0000         4.8711        -0.8711  (VIOLATED)
   _3749_/B1                  4.0000         4.8710        -0.8710  (VIOLATED)
   _5758_/A1                  4.0000         4.8682        -0.8682  (VIOLATED)
   _3870_/A2                  4.0000         4.8673        -0.8673  (VIOLATED)
   _3914_/A2                  4.0000         4.8668        -0.8668  (VIOLATED)
   _3563_/ZN                  4.0000         4.8659        -0.8659  (VIOLATED)
   _3783_/C1                  4.0000         4.8490        -0.8490  (VIOLATED)
   _3867_/A2                  4.0000         4.8489        -0.8489  (VIOLATED)
   _3923_/C1                  4.0000         4.8489        -0.8489  (VIOLATED)
   _3714_/B1                  4.0000         4.8489        -0.8489  (VIOLATED)
   _3668_/A2                  4.0000         4.8487        -0.8487  (VIOLATED)
   _3741_/A2                  4.0000         4.8460        -0.8460  (VIOLATED)
   _3626_/B1                  4.0000         4.8458        -0.8458  (VIOLATED)
   _3605_/A2                  4.0000         4.8451        -0.8451  (VIOLATED)
   _3559_/ZN                  4.0000         4.8449        -0.8449  (VIOLATED)
   _3676_/A2                  4.0000         4.8066        -0.8066  (VIOLATED)
   _3637_/B1                  4.0000         4.8034        -0.8034  (VIOLATED)
   _3775_/A2                  4.0000         4.8015        -0.8015  (VIOLATED)
   _3735_/A2                  4.0000         4.8004        -0.8004  (VIOLATED)
   _3749_/A2                  4.0000         4.7996        -0.7996  (VIOLATED)
   _3603_/A2                  4.0000         4.7920        -0.7920  (VIOLATED)
   _3892_/A2                  4.0000         4.7919        -0.7919  (VIOLATED)
   _3917_/A2                  4.0000         4.7919        -0.7919  (VIOLATED)
   _3720_/A2                  4.0000         4.7918        -0.7918  (VIOLATED)
   _3551_/ZN                  4.0000         4.7912        -0.7912  (VIOLATED)
   _3588_/A2                  4.0000         4.7888        -0.7888  (VIOLATED)
   _3634_/C1                  4.0000         4.7888        -0.7888  (VIOLATED)
   _3716_/A2                  4.0000         4.7888        -0.7888  (VIOLATED)
   _3662_/A2                  4.0000         4.7887        -0.7887  (VIOLATED)
   _3772_/B1                  4.0000         4.7887        -0.7887  (VIOLATED)
   _3848_/A2                  4.0000         4.7885        -0.7885  (VIOLATED)
   _3930_/A2                  4.0000         4.7885        -0.7885  (VIOLATED)
   _3554_/ZN                  4.0000         4.7879        -0.7879  (VIOLATED)
   _3718_/B1                  4.0000         4.7866        -0.7866  (VIOLATED)
   _3659_/A2                  4.0000         4.7865        -0.7865  (VIOLATED)
   _3771_/B1                  4.0000         4.7865        -0.7865  (VIOLATED)
   _3879_/A2                  4.0000         4.7862        -0.7862  (VIOLATED)
   _3945_/B1                  4.0000         4.7862        -0.7862  (VIOLATED)
   _3636_/C1                  4.0000         4.7858        -0.7858  (VIOLATED)
   _3730_/B1                  4.0000         4.7858        -0.7858  (VIOLATED)
   _3600_/B1                  4.0000         4.7857        -0.7857  (VIOLATED)
   _3564_/ZN                  4.0000         4.7845        -0.7845  (VIOLATED)
   _3598_/C2                  4.0000         4.7666        -0.7666  (VIOLATED)
   _3624_/A2                  4.0000         4.7666        -0.7666  (VIOLATED)
   _3698_/A2                  4.0000         4.7666        -0.7666  (VIOLATED)
   _3738_/C1                  4.0000         4.7665        -0.7665  (VIOLATED)
   _5701_/A1                  4.0000         4.7665        -0.7665  (VIOLATED)
   _3661_/A2                  4.0000         4.7665        -0.7665  (VIOLATED)
   _3774_/C1                  4.0000         4.7665        -0.7665  (VIOLATED)
   _3931_/A2                  4.0000         4.7662        -0.7662  (VIOLATED)
   _3875_/A2                  4.0000         4.7662        -0.7662  (VIOLATED)
   _3623_/C2                  4.0000         4.7650        -0.7650  (VIOLATED)
   _3717_/A2                  4.0000         4.7650        -0.7650  (VIOLATED)
   _3586_/A2                  4.0000         4.7650        -0.7650  (VIOLATED)
   _3666_/A2                  4.0000         4.7650        -0.7650  (VIOLATED)
   _3774_/A2                  4.0000         4.7650        -0.7650  (VIOLATED)
   _3556_/ZN                  4.0000         4.7649        -0.7649  (VIOLATED)
   _3935_/A2                  4.0000         4.7644        -0.7644  (VIOLATED)
   _3882_/A2                  4.0000         4.7644        -0.7644  (VIOLATED)
   _3737_/A2                  4.0000         4.7643        -0.7643  (VIOLATED)
   _3528_/ZN                  4.0000         4.7634        -0.7634  (VIOLATED)
   _3659_/B1                  4.0000         4.7533        -0.7533  (VIOLATED)
   _3779_/B1                  4.0000         4.7532        -0.7532  (VIOLATED)
   _3575_/A2                  4.0000         4.7532        -0.7532  (VIOLATED)
   _3629_/B1                  4.0000         4.7532        -0.7532  (VIOLATED)
   _3694_/A2                  4.0000         4.7530        -0.7530  (VIOLATED)
   _3743_/A2                  4.0000         4.7528        -0.7528  (VIOLATED)
   _3845_/A2                  4.0000         4.7521        -0.7521  (VIOLATED)
   _3927_/B1                  4.0000         4.7519        -0.7519  (VIOLATED)
   _3574_/ZN                  4.0000         4.7512        -0.7512  (VIOLATED)
   _3693_/A2                  4.0000         4.7447        -0.7447  (VIOLATED)
   _3782_/B1                  4.0000         4.7446        -0.7446  (VIOLATED)
   _3604_/B1                  4.0000         4.7445        -0.7445  (VIOLATED)
   _5638_/A1                  4.0000         4.7445        -0.7445  (VIOLATED)
   _3682_/A2                  4.0000         4.7442        -0.7442  (VIOLATED)
   _3627_/A2                  4.0000         4.7442        -0.7442  (VIOLATED)
   _3856_/B1                  4.0000         4.7437        -0.7437  (VIOLATED)
   _3952_/B1                  4.0000         4.7436        -0.7436  (VIOLATED)
   _3750_/B1                  4.0000         4.7434        -0.7434  (VIOLATED)
   _3576_/ZN                  4.0000         4.7427        -0.7427  (VIOLATED)
   _3859_/C1                  4.0000         4.6945        -0.6945  (VIOLATED)
   _3925_/A2                  4.0000         4.6944        -0.6944  (VIOLATED)
   _3791_/C1                  4.0000         4.6943        -0.6943  (VIOLATED)
   _3628_/B1                  4.0000         4.6943        -0.6943  (VIOLATED)
   _3590_/B1                  4.0000         4.6933        -0.6933  (VIOLATED)
   _3741_/C1                  4.0000         4.6933        -0.6933  (VIOLATED)
   _3716_/B1                  4.0000         4.6933        -0.6933  (VIOLATED)
   _3661_/B1                  4.0000         4.6930        -0.6930  (VIOLATED)
   _3581_/ZN                  4.0000         4.6929        -0.6929  (VIOLATED)
   _3872_/B1                  4.0000         4.6889        -0.6889  (VIOLATED)
   _3656_/B1                  4.0000         4.6888        -0.6888  (VIOLATED)
   _3597_/B1                  4.0000         4.6886        -0.6886  (VIOLATED)
   _3700_/A2                  4.0000         4.6886        -0.6886  (VIOLATED)
   _3945_/C2                  4.0000         4.6885        -0.6885  (VIOLATED)
   _3643_/A2                  4.0000         4.6881        -0.6881  (VIOLATED)
   _3756_/A2                  4.0000         4.6880        -0.6880  (VIOLATED)
   _3774_/B1                  4.0000         4.6879        -0.6879  (VIOLATED)
   _3752_/A2                  4.0000         4.6872        -0.6872  (VIOLATED)
   _3710_/A2                  4.0000         4.6871        -0.6871  (VIOLATED)
   _3923_/A2                  4.0000         4.6871        -0.6871  (VIOLATED)
   _3863_/A2                  4.0000         4.6869        -0.6869  (VIOLATED)
   _3671_/A2                  4.0000         4.6868        -0.6868  (VIOLATED)
   _3548_/ZN                  4.0000         4.6867        -0.6867  (VIOLATED)
   _3633_/A2                  4.0000         4.6854        -0.6854  (VIOLATED)
   _3514_/A2                  4.0000         4.6854        -0.6854  (VIOLATED)
   _3781_/A2                  4.0000         4.6853        -0.6853  (VIOLATED)
   _3513_/ZN                  4.0000         4.6848        -0.6848  (VIOLATED)
   _3662_/B1                  4.0000         4.6456        -0.6456  (VIOLATED)
   _3779_/A2                  4.0000         4.6454        -0.6454  (VIOLATED)
   _3593_/B1                  4.0000         4.6454        -0.6454  (VIOLATED)
   _3704_/B1                  4.0000         4.6454        -0.6454  (VIOLATED)
   _3640_/B1                  4.0000         4.6452        -0.6452  (VIOLATED)
   _3901_/A2                  4.0000         4.6451        -0.6451  (VIOLATED)
   _3823_/A2                  4.0000         4.6449        -0.6449  (VIOLATED)
   _3746_/B1                  4.0000         4.6449        -0.6449  (VIOLATED)
   _3565_/ZN                  4.0000         4.6437        -0.6437  (VIOLATED)
   _3696_/A2                  4.0000         4.6329        -0.6329  (VIOLATED)
   _3665_/A2                  4.0000         4.6328        -0.6328  (VIOLATED)
   _3934_/A2                  4.0000         4.6327        -0.6327  (VIOLATED)
   _3789_/A2                  4.0000         4.6326        -0.6326  (VIOLATED)
   _3877_/A2                  4.0000         4.6326        -0.6326  (VIOLATED)
   _3750_/A2                  4.0000         4.6317        -0.6317  (VIOLATED)
   _3644_/A2                  4.0000         4.6317        -0.6317  (VIOLATED)
   _3599_/A2                  4.0000         4.6315        -0.6315  (VIOLATED)
   _3531_/ZN                  4.0000         4.6303        -0.6303  (VIOLATED)
   _3677_/C1                  4.0000         4.6179        -0.6179  (VIOLATED)
   _3748_/B1                  4.0000         4.6179        -0.6179  (VIOLATED)
   _3788_/B1                  4.0000         4.6178        -0.6178  (VIOLATED)
   _3870_/B1                  4.0000         4.6177        -0.6177  (VIOLATED)
   _3947_/A2                  4.0000         4.6176        -0.6176  (VIOLATED)
   _3720_/B1                  4.0000         4.6176        -0.6176  (VIOLATED)
   _3635_/B1                  4.0000         4.6175        -0.6175  (VIOLATED)
   _3598_/B1                  4.0000         4.6174        -0.6174  (VIOLATED)
   _3577_/ZN                  4.0000         4.6171        -0.6171  (VIOLATED)
   _3957_/A2                  4.0000         4.6118        -0.6118  (VIOLATED)
   _3705_/A2                  4.0000         4.6118        -0.6118  (VIOLATED)
   _3685_/A2                  4.0000         4.6118        -0.6118  (VIOLATED)
   _3862_/A2                  4.0000         4.6117        -0.6117  (VIOLATED)
   _3640_/A2                  4.0000         4.6115        -0.6115  (VIOLATED)
   _3594_/A2                  4.0000         4.6115        -0.6115  (VIOLATED)
   _3744_/A2                  4.0000         4.6114        -0.6114  (VIOLATED)
   _3781_/B1                  4.0000         4.6114        -0.6114  (VIOLATED)
   _3524_/ZN                  4.0000         4.6106        -0.6106  (VIOLATED)
   _3749_/C1                  4.0000         4.5893        -0.5893  (VIOLATED)
   _3588_/B1                  4.0000         4.5879        -0.5879  (VIOLATED)
   _3954_/A2                  4.0000         4.5815        -0.5815  (VIOLATED)
   _3792_/A2                  4.0000         4.5815        -0.5815  (VIOLATED)
   _3888_/A2                  4.0000         4.5814        -0.5814  (VIOLATED)
   _3712_/A2                  4.0000         4.5814        -0.5814  (VIOLATED)
   _3665_/B1                  4.0000         4.5813        -0.5813  (VIOLATED)
   _3740_/C1                  4.0000         4.5785        -0.5785  (VIOLATED)
   _3631_/B1                  4.0000         4.5784        -0.5784  (VIOLATED)
   _3595_/A2                  4.0000         4.5783        -0.5783  (VIOLATED)
   _3539_/ZN                  4.0000         4.5781        -0.5781  (VIOLATED)
   _3622_/C1                  4.0000         4.5772        -0.5772  (VIOLATED)
   _3788_/C1                  4.0000         4.5771        -0.5771  (VIOLATED)
   _3685_/B1                  4.0000         4.5769        -0.5769  (VIOLATED)
   _3941_/B1                  4.0000         4.5755        -0.5755  (VIOLATED)
   _3883_/C1                  4.0000         4.5755        -0.5755  (VIOLATED)
   _3721_/C2                  4.0000         4.5753        -0.5753  (VIOLATED)
   _3571_/ZN                  4.0000         4.5751        -0.5751  (VIOLATED)
   _3643_/B1                  4.0000         4.5654        -0.5654  (VIOLATED)
   _3941_/A2                  4.0000         4.5618        -0.5618  (VIOLATED)
   _3851_/A2                  4.0000         4.5611        -0.5611  (VIOLATED)
   _3702_/C1                  4.0000         4.5557        -0.5557  (VIOLATED)
   _3672_/B1                  4.0000         4.5492        -0.5492  (VIOLATED)
   _3598_/A2                  4.0000         4.5491        -0.5491  (VIOLATED)
   _3770_/A2                  4.0000         4.5491        -0.5491  (VIOLATED)
   _3756_/B1                  4.0000         4.5490        -0.5490  (VIOLATED)
   _3568_/ZN                  4.0000         4.5484        -0.5484  (VIOLATED)
   _3951_/C1                  4.0000         4.4793        -0.4793  (VIOLATED)
   _3706_/B1                  4.0000         4.4792        -0.4792  (VIOLATED)
   _3658_/A2                  4.0000         4.4791        -0.4791  (VIOLATED)
   _3890_/C1                  4.0000         4.4791        -0.4791  (VIOLATED)
   _3604_/A2                  4.0000         4.4781        -0.4781  (VIOLATED)
   _3626_/C1                  4.0000         4.4781        -0.4781  (VIOLATED)
   _3755_/C2                  4.0000         4.4781        -0.4781  (VIOLATED)
   _3782_/C1                  4.0000         4.4779        -0.4779  (VIOLATED)
   _3573_/ZN                  4.0000         4.4776        -0.4776  (VIOLATED)
   _3785_/A2                  4.0000         4.4174        -0.4174  (VIOLATED)
   _3593_/A2                  4.0000         4.4173        -0.4173  (VIOLATED)
   _3631_/A2                  4.0000         4.4171        -0.4171  (VIOLATED)
   _3740_/A2                  4.0000         4.4170        -0.4170  (VIOLATED)
   _3660_/A2                  4.0000         4.4169        -0.4169  (VIOLATED)
   _3710_/B1                  4.0000         4.4161        -0.4161  (VIOLATED)
   _3910_/A2                  4.0000         4.4157        -0.4157  (VIOLATED)
   _3859_/A2                  4.0000         4.4144        -0.4144  (VIOLATED)
   _3522_/ZN                  4.0000         4.4134        -0.4134  (VIOLATED)
   _3772_/A2                  4.0000         4.3976        -0.3976  (VIOLATED)
   _3585_/A2                  4.0000         4.3975        -0.3975  (VIOLATED)
   _3634_/A2                  4.0000         4.3975        -0.3975  (VIOLATED)
   _3852_/A2                  4.0000         4.3969        -0.3969  (VIOLATED)
   _3655_/A2                  4.0000         4.3969        -0.3969  (VIOLATED)
   _3736_/A2                  4.0000         4.3969        -0.3969  (VIOLATED)
   _3702_/A2                  4.0000         4.3969        -0.3969  (VIOLATED)
   _3912_/A2                  4.0000         4.3969        -0.3969  (VIOLATED)
   _3516_/ZN                  4.0000         4.3967        -0.3967  (VIOLATED)
   _3711_/B1                  4.0000         4.3608        -0.3608  (VIOLATED)
   _3793_/B1                  4.0000         4.3606        -0.3606  (VIOLATED)
   _3924_/A2                  4.0000         4.3606        -0.3606  (VIOLATED)
   _3658_/B1                  4.0000         4.3605        -0.3605  (VIOLATED)
   _3861_/C1                  4.0000         4.3597        -0.3597  (VIOLATED)
   _3743_/B1                  4.0000         4.3594        -0.3594  (VIOLATED)
   _3641_/B1                  4.0000         4.3594        -0.3594  (VIOLATED)
   _3951_/B1                  4.0000         4.3592        -0.3592  (VIOLATED)
   _3583_/A2                  4.0000         4.3591        -0.3591  (VIOLATED)
   _3582_/ZN                  4.0000         4.3585        -0.3585  (VIOLATED)
   _3631_/C2                  4.0000         4.3520        -0.3520  (VIOLATED)
   _3729_/A2                  4.0000         4.3509        -0.3509  (VIOLATED)
   _3856_/C1                  4.0000         4.3437        -0.3437  (VIOLATED)
   _3671_/B1                  4.0000         4.3437        -0.3437  (VIOLATED)
   _3783_/A2                  4.0000         4.3436        -0.3436  (VIOLATED)
   _5665_/A1                  4.0000         4.3436        -0.3436  (VIOLATED)
   _3714_/A2                  4.0000         4.3436        -0.3436  (VIOLATED)
   _3639_/B1                  4.0000         4.3426        -0.3426  (VIOLATED)
   _3590_/C1                  4.0000         4.3425        -0.3425  (VIOLATED)
   _3745_/B1                  4.0000         4.3421        -0.3421  (VIOLATED)
   _3557_/ZN                  4.0000         4.3413        -0.3413  (VIOLATED)
   _3781_/C1                  4.0000         4.3393        -0.3393  (VIOLATED)
   _3668_/B1                  4.0000         4.3393        -0.3393  (VIOLATED)
   _3605_/B1                  4.0000         4.3392        -0.3392  (VIOLATED)
   _3629_/A2                  4.0000         4.3392        -0.3392  (VIOLATED)
   _3710_/C1                  4.0000         4.3390        -0.3390  (VIOLATED)
   _3755_/B1                  4.0000         4.3382        -0.3382  (VIOLATED)
   _3888_/B1                  4.0000         4.3381        -0.3381  (VIOLATED)
   _3956_/A2                  4.0000         4.3381        -0.3381  (VIOLATED)
   _3570_/ZN                  4.0000         4.3375        -0.3375  (VIOLATED)
   _3602_/B1                  4.0000         4.3368        -0.3368  (VIOLATED)
   _3780_/B1                  4.0000         4.3368        -0.3368  (VIOLATED)
   _3861_/B1                  4.0000         4.3366        -0.3366  (VIOLATED)
   _3650_/C1                  4.0000         4.3366        -0.3366  (VIOLATED)
   _3709_/B1                  4.0000         4.3366        -0.3366  (VIOLATED)
   _3955_/A2                  4.0000         4.3366        -0.3366  (VIOLATED)
   _3550_/ZN                  4.0000         4.3364        -0.3364  (VIOLATED)
   _3909_/A2                  4.0000         4.3066        -0.3066  (VIOLATED)
   _3733_/A2                  4.0000         4.3063        -0.3063  (VIOLATED)
   _3854_/A2                  4.0000         4.3056        -0.3056  (VIOLATED)
   _3722_/A2                  4.0000         4.2959        -0.2959  (VIOLATED)
   _3636_/A2                  4.0000         4.2959        -0.2959  (VIOLATED)
   _3584_/A2                  4.0000         4.2958        -0.2958  (VIOLATED)
   _3787_/A2                  4.0000         4.2958        -0.2958  (VIOLATED)
   _3650_/A2                  4.0000         4.2956        -0.2956  (VIOLATED)
   _3506_/ZN                  4.0000         4.2949        -0.2949  (VIOLATED)
   _3863_/B1                  4.0000         4.2677        -0.2677  (VIOLATED)
   _3785_/B1                  4.0000         4.2563        -0.2563  (VIOLATED)
   _3709_/C2                  4.0000         4.2562        -0.2562  (VIOLATED)
   _3651_/A2                  4.0000         4.2562        -0.2562  (VIOLATED)
   _3959_/C1                  4.0000         4.2562        -0.2562  (VIOLATED)
   _3626_/A2                  4.0000         4.2552        -0.2552  (VIOLATED)
   _3746_/A2                  4.0000         4.2552        -0.2552  (VIOLATED)
   _3585_/B1                  4.0000         4.2545        -0.2545  (VIOLATED)
   _3545_/ZN                  4.0000         4.2537        -0.2537  (VIOLATED)
   _3952_/C2                  4.0000         4.2371        -0.2371  (VIOLATED)
   _3891_/A2                  4.0000         4.2227        -0.2227  (VIOLATED)
   _3620_/A2                  4.0000         4.2227        -0.2227  (VIOLATED)
   _5584_/A1                  4.0000         4.2226        -0.2226  (VIOLATED)
   _3791_/A2                  4.0000         4.2226        -0.2226  (VIOLATED)
   _3669_/A2                  4.0000         4.2226        -0.2226  (VIOLATED)
   _3706_/A2                  4.0000         4.2226        -0.2226  (VIOLATED)
   _3755_/A2                  4.0000         4.2205        -0.2205  (VIOLATED)
   _3602_/C2                  4.0000         4.2202        -0.2202  (VIOLATED)
   _3510_/ZN                  4.0000         4.2201        -0.2201  (VIOLATED)
   output199/I                4.0000         4.1852        -0.1852  (VIOLATED)
   _4052_/ZN                  4.0000         4.1846        -0.1846  (VIOLATED)
   _4239_/S                   4.0000         4.1772        -0.1772  (VIOLATED)
   _4237_/S                   4.0000         4.1638        -0.1638  (VIOLATED)
   _4235_/S                   4.0000         4.1637        -0.1637  (VIOLATED)
   _4231_/S                   4.0000         4.1637        -0.1637  (VIOLATED)
   _4243_/S                   4.0000         4.1637        -0.1637  (VIOLATED)
   _4233_/S                   4.0000         4.1636        -0.1636  (VIOLATED)
   _4245_/S                   4.0000         4.1634        -0.1634  (VIOLATED)
   _4241_/S                   4.0000         4.1624        -0.1624  (VIOLATED)
   _3763_/A2                  4.0000         4.1623        -0.1623  (VIOLATED)
   _4229_/ZN                  4.0000         4.1623        -0.1623  (VIOLATED)
   _3754_/A2                  4.0000         4.1546        -0.1546  (VIOLATED)
   _3951_/A2                  4.0000         4.1546        -0.1546  (VIOLATED)
   _3704_/A2                  4.0000         4.1545        -0.1545  (VIOLATED)
   _3678_/B1                  4.0000         4.1544        -0.1544  (VIOLATED)
   _3793_/A2                  4.0000         4.1543        -0.1543  (VIOLATED)
   _3591_/A2                  4.0000         4.1542        -0.1542  (VIOLATED)
   _3890_/A2                  4.0000         4.1542        -0.1542  (VIOLATED)
   fanout351/I                4.0000         4.1498        -0.1498  (VIOLATED)
   _3639_/A2                  4.0000         4.1496        -0.1496  (VIOLATED)
   _3555_/ZN                  4.0000         4.1486        -0.1486  (VIOLATED)
   _3702_/B1                  4.0000         4.1484        -0.1484  (VIOLATED)
   _3883_/A2                  4.0000         4.1484        -0.1484  (VIOLATED)
   _3948_/B1                  4.0000         4.1483        -0.1483  (VIOLATED)
   _3736_/B1                  4.0000         4.1483        -0.1483  (VIOLATED)
   _4194_/A1                  4.0000         4.1481        -0.1481  (VIOLATED)
   _3650_/B1                  4.0000         4.1479        -0.1479  (VIOLATED)
   _3584_/C1                  4.0000         4.1479        -0.1479  (VIOLATED)
   _3637_/A2                  4.0000         4.1479        -0.1479  (VIOLATED)
   _3549_/ZN                  4.0000         4.1476        -0.1476  (VIOLATED)
   _4064_/S                   4.0000         4.1365        -0.1365  (VIOLATED)
   fanout347/I                4.0000         4.1364        -0.1364  (VIOLATED)
   _5548_/A3                  4.0000         4.1364        -0.1364  (VIOLATED)
   _3993_/ZN                  4.0000         4.1356        -0.1356  (VIOLATED)
   _3666_/B1                  4.0000         4.0899        -0.0899  (VIOLATED)
   _5656_/A1                  4.0000         4.0899        -0.0899  (VIOLATED)
   _3782_/A2                  4.0000         4.0899        -0.0899  (VIOLATED)
   _3590_/A2                  4.0000         4.0897        -0.0897  (VIOLATED)
   _3639_/C2                  4.0000         4.0896        -0.0896  (VIOLATED)
   _3711_/A2                  4.0000         4.0893        -0.0893  (VIOLATED)
   _3752_/C1                  4.0000         4.0879        -0.0879  (VIOLATED)
   _3856_/A2                  4.0000         4.0874        -0.0874  (VIOLATED)
   _3959_/A2                  4.0000         4.0874        -0.0874  (VIOLATED)
   _3530_/ZN                  4.0000         4.0864        -0.0864  (VIOLATED)
   _4069_/I1                  4.0000         4.0423        -0.0423  (VIOLATED)
   hold1058/I                 4.0000         4.0285        -0.0285  (VIOLATED)
   _3789_/B2                  4.0000         4.0284        -0.0284  (VIOLATED)
   _6897_/Q                   4.0000         4.0276        -0.0276  (VIOLATED)
   _3927_/C2                  4.0000         4.0142        -0.0142  (VIOLATED)
   _3740_/B1                  4.0000         4.0027        -0.0027  (VIOLATED)
   _3594_/B1                  4.0000         4.0026        -0.0026  (VIOLATED)
   _3627_/C2                  4.0000         4.0018        -0.0018  (VIOLATED)
   _3704_/C2                  4.0000         4.0018        -0.0018  (VIOLATED)
   _3766_/A2                  4.0000         4.0017        -0.0017  (VIOLATED)
   _3678_/A2                  4.0000         4.0017        -0.0017  (VIOLATED)
   _3858_/C2                  4.0000         4.0017        -0.0017  (VIOLATED)
   _3536_/ZN                  4.0000         4.0011        -0.0011  (VIOLATED)


1
