****************************************
Report : constraint
	-all_violators
	-path slack_only
Design : housekeeping
Version: T-2022.03-SP3
Date   : Sun Nov 27 09:49:44 2022
****************************************






   max_capacitance

                             Required        Actual
   Pin                      Capacitance    Capacitance       Slack
   -----------------------------------------------------------------
   hold65/Z                   0.4936         0.8404        -0.3468  (VIOLATED)
   hold48/Z                   0.4936         0.7680        -0.2744  (VIOLATED)
   hold91/Z                   0.4936         0.7527        -0.2591  (VIOLATED)
   hold20/Z                   0.4936         0.7461        -0.2525  (VIOLATED)
   hold2/Z                    0.4936         0.7403        -0.2467  (VIOLATED)
   hold12/Z                   0.4936         0.7191        -0.2255  (VIOLATED)
   hold227/Z                  0.4936         0.6616        -0.1680  (VIOLATED)
   _3543_/ZN                  0.4868         0.4934        -0.0066  (VIOLATED)


   max_transition

                             Required        Actual
   Pin                      Transition     Transition        Slack
   -----------------------------------------------------------------
   _5735_/I0                  4.0000        12.0074        -8.0074  (VIOLATED)
   _5753_/I0                  4.0000        12.0041        -8.0041  (VIOLATED)
   _4250_/I0                  4.0000        12.0040        -8.0040  (VIOLATED)
   _5816_/I0                  4.0000        12.0038        -8.0038  (VIOLATED)
   _5834_/I0                  4.0000        12.0031        -8.0031  (VIOLATED)
   _5780_/I0                  4.0000        12.0027        -8.0027  (VIOLATED)
   _5561_/I0                  4.0000        12.0021        -8.0021  (VIOLATED)
   _5507_/I1                  4.0000        12.0014        -8.0014  (VIOLATED)
   _5501_/I1                  4.0000        11.9986        -7.9986  (VIOLATED)
   _5861_/I0                  4.0000        11.9985        -7.9985  (VIOLATED)
   _5615_/I0                  4.0000        11.9980        -7.9980  (VIOLATED)
   _5825_/I0                  4.0000        11.9943        -7.9943  (VIOLATED)
   _5579_/I1                  4.0000        11.9942        -7.9942  (VIOLATED)
   _4219_/I1                  4.0000        11.9936        -7.9936  (VIOLATED)
   _5660_/I1                  4.0000        11.9908        -7.9908  (VIOLATED)
   _5588_/I1                  4.0000        11.9902        -7.9902  (VIOLATED)
   _4123_/I0                  4.0000        11.9650        -7.9650  (VIOLATED)
   _4132_/I0                  4.0000        11.9649        -7.9649  (VIOLATED)
   _5744_/I0                  4.0000        11.9648        -7.9648  (VIOLATED)
   _5762_/I1                  4.0000        11.9648        -7.9648  (VIOLATED)
   _5879_/I0                  4.0000        11.9648        -7.9648  (VIOLATED)
   _5888_/I0                  4.0000        11.9648        -7.9648  (VIOLATED)
   _5843_/I0                  4.0000        11.9648        -7.9648  (VIOLATED)
   _5570_/I0                  4.0000        11.9648        -7.9648  (VIOLATED)
   _5687_/I1                  4.0000        11.9648        -7.9648  (VIOLATED)
   _5771_/I0                  4.0000        11.9648        -7.9648  (VIOLATED)
   _5807_/I0                  4.0000        11.9648        -7.9648  (VIOLATED)
   _5870_/I0                  4.0000        11.9648        -7.9648  (VIOLATED)
   _5789_/I0                  4.0000        11.9648        -7.9648  (VIOLATED)
   _5852_/I0                  4.0000        11.9648        -7.9648  (VIOLATED)
   _5543_/I0                  4.0000        11.9648        -7.9648  (VIOLATED)
   _5798_/I0                  4.0000        11.9647        -7.9647  (VIOLATED)
   _4110_/I0                  4.0000        11.9647        -7.9647  (VIOLATED)
   _5696_/I0                  4.0000        11.9645        -7.9645  (VIOLATED)
   _5705_/I1                  4.0000        11.9645        -7.9645  (VIOLATED)
   _5678_/I1                  4.0000        11.9644        -7.9644  (VIOLATED)
   _5552_/I0                  4.0000        11.9644        -7.9644  (VIOLATED)
   _4236_/I1                  4.0000        11.9644        -7.9644  (VIOLATED)
   _5633_/I0                  4.0000        11.9644        -7.9644  (VIOLATED)
   _5606_/I0                  4.0000        11.9644        -7.9644  (VIOLATED)
   _5642_/I1                  4.0000        11.9644        -7.9644  (VIOLATED)
   _5651_/I1                  4.0000        11.9644        -7.9644  (VIOLATED)
   _4202_/I1                  4.0000        11.9644        -7.9644  (VIOLATED)
   _4257_/I0                  4.0000        11.9644        -7.9644  (VIOLATED)
   _5624_/I0                  4.0000        11.9644        -7.9644  (VIOLATED)
   _5669_/I1                  4.0000        11.9644        -7.9644  (VIOLATED)
   _5723_/I0                  4.0000        11.9643        -7.9643  (VIOLATED)
   _4153_/I0                  4.0000        11.9643        -7.9643  (VIOLATED)
   _5714_/I0                  4.0000        11.9643        -7.9643  (VIOLATED)
   _5523_/I1                  4.0000        11.9643        -7.9643  (VIOLATED)
   _5597_/I0                  4.0000        11.9643        -7.9643  (VIOLATED)
   _4266_/I1                  4.0000        11.9643        -7.9643  (VIOLATED)
   hold65/Z                   4.0000        11.9639        -7.9639  (VIOLATED)
   _5706_/I1                  4.0000        11.0271        -7.0271  (VIOLATED)
   _5853_/I0                  4.0000        11.0268        -7.0268  (VIOLATED)
   _5634_/I0                  4.0000        11.0211        -7.0211  (VIOLATED)
   _5763_/I1                  4.0000        11.0189        -7.0189  (VIOLATED)
   _4124_/I0                  4.0000        10.9885        -6.9885  (VIOLATED)
   _5508_/I1                  4.0000        10.9885        -6.9885  (VIOLATED)
   _5754_/I0                  4.0000        10.9885        -6.9885  (VIOLATED)
   _5502_/I1                  4.0000        10.9885        -6.9885  (VIOLATED)
   _5844_/I0                  4.0000        10.9884        -6.9884  (VIOLATED)
   _5688_/I1                  4.0000        10.9884        -6.9884  (VIOLATED)
   _5817_/I0                  4.0000        10.9884        -6.9884  (VIOLATED)
   _5889_/I0                  4.0000        10.9884        -6.9884  (VIOLATED)
   _5772_/I0                  4.0000        10.9884        -6.9884  (VIOLATED)
   _5862_/I0                  4.0000        10.9883        -6.9883  (VIOLATED)
   _5826_/I0                  4.0000        10.9883        -6.9883  (VIOLATED)
   _4204_/I1                  4.0000        10.9883        -6.9883  (VIOLATED)
   _5835_/I0                  4.0000        10.9883        -6.9883  (VIOLATED)
   _4258_/I0                  4.0000        10.9883        -6.9883  (VIOLATED)
   _5880_/I0                  4.0000        10.9883        -6.9883  (VIOLATED)
   _4251_/I0                  4.0000        10.9883        -6.9883  (VIOLATED)
   _5871_/I0                  4.0000        10.9883        -6.9883  (VIOLATED)
   _5544_/I0                  4.0000        10.9882        -6.9882  (VIOLATED)
   _5661_/I1                  4.0000        10.9879        -6.9879  (VIOLATED)
   _5616_/I0                  4.0000        10.9879        -6.9879  (VIOLATED)
   _5724_/I0                  4.0000        10.9878        -6.9878  (VIOLATED)
   _5745_/I0                  4.0000        10.9877        -6.9877  (VIOLATED)
   _5670_/I1                  4.0000        10.9876        -6.9876  (VIOLATED)
   _5643_/I1                  4.0000        10.9876        -6.9876  (VIOLATED)
   _5736_/I0                  4.0000        10.9875        -6.9875  (VIOLATED)
   _5522_/I1                  4.0000        10.9875        -6.9875  (VIOLATED)
   _4267_/I1                  4.0000        10.9875        -6.9875  (VIOLATED)
   _4221_/I1                  4.0000        10.9874        -6.9874  (VIOLATED)
   _5799_/I0                  4.0000        10.9874        -6.9874  (VIOLATED)
   _5571_/I0                  4.0000        10.9874        -6.9874  (VIOLATED)
   _5580_/I1                  4.0000        10.9874        -6.9874  (VIOLATED)
   _5715_/I0                  4.0000        10.9874        -6.9874  (VIOLATED)
   _5589_/I1                  4.0000        10.9874        -6.9874  (VIOLATED)
   _5808_/I0                  4.0000        10.9873        -6.9873  (VIOLATED)
   _4154_/I0                  4.0000        10.9872        -6.9872  (VIOLATED)
   _5781_/I0                  4.0000        10.9871        -6.9871  (VIOLATED)
   _5607_/I0                  4.0000        10.9871        -6.9871  (VIOLATED)
   _5625_/I0                  4.0000        10.9871        -6.9871  (VIOLATED)
   _5598_/I0                  4.0000        10.9871        -6.9871  (VIOLATED)
   _5679_/I1                  4.0000        10.9870        -6.9870  (VIOLATED)
   _5697_/I0                  4.0000        10.9870        -6.9870  (VIOLATED)
   _5652_/I1                  4.0000        10.9870        -6.9870  (VIOLATED)
   _4112_/I0                  4.0000        10.9870        -6.9870  (VIOLATED)
   _4133_/I0                  4.0000        10.9870        -6.9870  (VIOLATED)
   _5562_/I0                  4.0000        10.9854        -6.9854  (VIOLATED)
   hold48/Z                   4.0000        10.9851        -6.9851  (VIOLATED)
   _4238_/I1                  4.0000        10.9851        -6.9851  (VIOLATED)
   _5553_/I0                  4.0000        10.9851        -6.9851  (VIOLATED)
   _5790_/I0                  4.0000        10.9848        -6.9848  (VIOLATED)
   _5569_/I0                  4.0000        10.7840        -6.7840  (VIOLATED)
   _4108_/I0                  4.0000        10.7801        -6.7801  (VIOLATED)
   _5842_/I0                  4.0000        10.7707        -6.7707  (VIOLATED)
   _5824_/I0                  4.0000        10.7698        -6.7698  (VIOLATED)
   _5761_/I1                  4.0000        10.7694        -6.7694  (VIOLATED)
   _5686_/I1                  4.0000        10.7689        -6.7689  (VIOLATED)
   _5869_/I0                  4.0000        10.7678        -6.7678  (VIOLATED)
   _5743_/I0                  4.0000        10.7666        -6.7666  (VIOLATED)
   _5851_/I0                  4.0000        10.7666        -6.7666  (VIOLATED)
   _4152_/I0                  4.0000        10.7643        -6.7643  (VIOLATED)
   _5524_/I1                  4.0000        10.7643        -6.7643  (VIOLATED)
   _5770_/I0                  4.0000        10.7643        -6.7643  (VIOLATED)
   _4217_/I1                  4.0000        10.7641        -6.7641  (VIOLATED)
   _5560_/I0                  4.0000        10.7615        -6.7615  (VIOLATED)
   _5704_/I1                  4.0000        10.7613        -6.7613  (VIOLATED)
   _5752_/I0                  4.0000        10.7612        -6.7612  (VIOLATED)
   _5833_/I0                  4.0000        10.7606        -6.7606  (VIOLATED)
   _5668_/I1                  4.0000        10.7604        -6.7604  (VIOLATED)
   _5815_/I0                  4.0000        10.7603        -6.7603  (VIOLATED)
   _5596_/I0                  4.0000        10.7594        -6.7594  (VIOLATED)
   _4265_/I1                  4.0000        10.7589        -6.7589  (VIOLATED)
   _5533_/I1                  4.0000        10.7484        -6.7484  (VIOLATED)
   _5860_/I0                  4.0000        10.7484        -6.7484  (VIOLATED)
   _5887_/I0                  4.0000        10.7484        -6.7484  (VIOLATED)
   _5878_/I0                  4.0000        10.7484        -6.7484  (VIOLATED)
   _5788_/I0                  4.0000        10.7483        -6.7483  (VIOLATED)
   _4249_/I0                  4.0000        10.7483        -6.7483  (VIOLATED)
   _5722_/I0                  4.0000        10.7483        -6.7483  (VIOLATED)
   _5542_/I0                  4.0000        10.7483        -6.7483  (VIOLATED)
   _5713_/I0                  4.0000        10.7482        -6.7482  (VIOLATED)
   _5578_/I1                  4.0000        10.7482        -6.7482  (VIOLATED)
   _5605_/I0                  4.0000        10.7482        -6.7482  (VIOLATED)
   _5587_/I1                  4.0000        10.7482        -6.7482  (VIOLATED)
   _4122_/I0                  4.0000        10.7482        -6.7482  (VIOLATED)
   _5506_/I1                  4.0000        10.7482        -6.7482  (VIOLATED)
   _4131_/I0                  4.0000        10.7482        -6.7482  (VIOLATED)
   _4200_/I1                  4.0000        10.7482        -6.7482  (VIOLATED)
   _4256_/I0                  4.0000        10.7482        -6.7482  (VIOLATED)
   _5500_/I1                  4.0000        10.7482        -6.7482  (VIOLATED)
   _4234_/I1                  4.0000        10.7480        -6.7480  (VIOLATED)
   _5806_/I0                  4.0000        10.7479        -6.7479  (VIOLATED)
   _5695_/I0                  4.0000        10.7479        -6.7479  (VIOLATED)
   _5614_/I0                  4.0000        10.7479        -6.7479  (VIOLATED)
   _5677_/I1                  4.0000        10.7479        -6.7479  (VIOLATED)
   _5779_/I0                  4.0000        10.7479        -6.7479  (VIOLATED)
   _5623_/I0                  4.0000        10.7479        -6.7479  (VIOLATED)
   _5650_/I1                  4.0000        10.7479        -6.7479  (VIOLATED)
   _5641_/I1                  4.0000        10.7479        -6.7479  (VIOLATED)
   _5659_/I1                  4.0000        10.7479        -6.7479  (VIOLATED)
   _5551_/I0                  4.0000        10.7478        -6.7478  (VIOLATED)
   _5734_/I0                  4.0000        10.7478        -6.7478  (VIOLATED)
   _5797_/I0                  4.0000        10.7477        -6.7477  (VIOLATED)
   _5632_/I0                  4.0000        10.7477        -6.7477  (VIOLATED)
   hold91/Z                   4.0000        10.7466        -6.7466  (VIOLATED)
   _5809_/I0                  4.0000        10.6769        -6.6769  (VIOLATED)
   _5818_/I0                  4.0000        10.6762        -6.6762  (VIOLATED)
   _5716_/I0                  4.0000        10.6756        -6.6756  (VIOLATED)
   _5572_/I0                  4.0000        10.6752        -6.6752  (VIOLATED)
   _4223_/I1                  4.0000        10.6746        -6.6746  (VIOLATED)
   _5698_/I0                  4.0000        10.6740        -6.6740  (VIOLATED)
   _5782_/I0                  4.0000        10.6725        -6.6725  (VIOLATED)
   _5737_/I0                  4.0000        10.6724        -6.6724  (VIOLATED)
   _5671_/I1                  4.0000        10.6718        -6.6718  (VIOLATED)
   _5581_/I1                  4.0000        10.6711        -6.6711  (VIOLATED)
   _5599_/I0                  4.0000        10.6703        -6.6703  (VIOLATED)
   _5626_/I0                  4.0000        10.6691        -6.6691  (VIOLATED)
   _5525_/I1                  4.0000        10.6685        -6.6685  (VIOLATED)
   _5617_/I0                  4.0000        10.6682        -6.6682  (VIOLATED)
   _5653_/I1                  4.0000        10.6664        -6.6664  (VIOLATED)
   _5680_/I1                  4.0000        10.6664        -6.6664  (VIOLATED)
   _5764_/I1                  4.0000        10.6659        -6.6659  (VIOLATED)
   _5746_/I0                  4.0000        10.6657        -6.6657  (VIOLATED)
   _5827_/I0                  4.0000        10.6647        -6.6647  (VIOLATED)
   _5881_/I0                  4.0000        10.6646        -6.6646  (VIOLATED)
   _5689_/I1                  4.0000        10.6646        -6.6646  (VIOLATED)
   _5662_/I1                  4.0000        10.6639        -6.6639  (VIOLATED)
   _5707_/I1                  4.0000        10.6638        -6.6638  (VIOLATED)
   _5563_/I0                  4.0000        10.6637        -6.6637  (VIOLATED)
   _4268_/I1                  4.0000        10.6634        -6.6634  (VIOLATED)
   _5854_/I0                  4.0000        10.6633        -6.6633  (VIOLATED)
   _5608_/I0                  4.0000        10.6629        -6.6629  (VIOLATED)
   _5590_/I1                  4.0000        10.6399        -6.6399  (VIOLATED)
   _5509_/I1                  4.0000        10.6399        -6.6399  (VIOLATED)
   _4125_/I0                  4.0000        10.6399        -6.6399  (VIOLATED)
   _4134_/I0                  4.0000        10.6399        -6.6399  (VIOLATED)
   _4114_/I0                  4.0000        10.6398        -6.6398  (VIOLATED)
   _5800_/I0                  4.0000        10.6398        -6.6398  (VIOLATED)
   _5836_/I0                  4.0000        10.6398        -6.6398  (VIOLATED)
   _5644_/I1                  4.0000        10.6398        -6.6398  (VIOLATED)
   _5635_/I0                  4.0000        10.6398        -6.6398  (VIOLATED)
   _5554_/I0                  4.0000        10.6394        -6.6394  (VIOLATED)
   _4240_/I1                  4.0000        10.6394        -6.6394  (VIOLATED)
   _5872_/I0                  4.0000        10.6394        -6.6394  (VIOLATED)
   _5845_/I0                  4.0000        10.6393        -6.6393  (VIOLATED)
   _5890_/I0                  4.0000        10.6393        -6.6393  (VIOLATED)
   _5863_/I0                  4.0000        10.6393        -6.6393  (VIOLATED)
   _5755_/I0                  4.0000        10.6393        -6.6393  (VIOLATED)
   _5545_/I0                  4.0000        10.6392        -6.6392  (VIOLATED)
   _4252_/I0                  4.0000        10.6392        -6.6392  (VIOLATED)
   _4206_/I1                  4.0000        10.6391        -6.6391  (VIOLATED)
   _4259_/I0                  4.0000        10.6391        -6.6391  (VIOLATED)
   _5773_/I0                  4.0000        10.6390        -6.6390  (VIOLATED)
   _5725_/I0                  4.0000        10.6390        -6.6390  (VIOLATED)
   _5791_/I0                  4.0000        10.6390        -6.6390  (VIOLATED)
   _4155_/I0                  4.0000        10.6390        -6.6390  (VIOLATED)
   hold20/Z                   4.0000        10.6389        -6.6389  (VIOLATED)
   _5892_/I0                  4.0000        10.6013        -6.6013  (VIOLATED)
   _5856_/I0                  4.0000        10.6013        -6.6013  (VIOLATED)
   _5865_/I0                  4.0000        10.6013        -6.6013  (VIOLATED)
   _5847_/I0                  4.0000        10.6012        -6.6012  (VIOLATED)
   _5874_/I0                  4.0000        10.6012        -6.6012  (VIOLATED)
   _5793_/I0                  4.0000        10.6012        -6.6012  (VIOLATED)
   _5709_/I1                  4.0000        10.6012        -6.6012  (VIOLATED)
   _5883_/I0                  4.0000        10.6012        -6.6012  (VIOLATED)
   _5829_/I0                  4.0000        10.6012        -6.6012  (VIOLATED)
   _4157_/I0                  4.0000        10.6012        -6.6012  (VIOLATED)
   _5727_/I0                  4.0000        10.6011        -6.6011  (VIOLATED)
   _5766_/I1                  4.0000        10.6011        -6.6011  (VIOLATED)
   _5718_/I0                  4.0000        10.6011        -6.6011  (VIOLATED)
   _5775_/I0                  4.0000        10.6011        -6.6011  (VIOLATED)
   _5820_/I0                  4.0000        10.6011        -6.6011  (VIOLATED)
   _5739_/I0                  4.0000        10.6011        -6.6011  (VIOLATED)
   _5838_/I0                  4.0000        10.6011        -6.6011  (VIOLATED)
   _5757_/I0                  4.0000        10.6011        -6.6011  (VIOLATED)
   _5574_/I0                  4.0000        10.6011        -6.6011  (VIOLATED)
   _5748_/I0                  4.0000        10.6011        -6.6011  (VIOLATED)
   _5811_/I0                  4.0000        10.6010        -6.6010  (VIOLATED)
   _5691_/I1                  4.0000        10.6009        -6.6009  (VIOLATED)
   _5556_/I0                  4.0000        10.6009        -6.6009  (VIOLATED)
   _4244_/I1                  4.0000        10.6009        -6.6009  (VIOLATED)
   _5565_/I0                  4.0000        10.6009        -6.6009  (VIOLATED)
   _5547_/I0                  4.0000        10.6008        -6.6008  (VIOLATED)
   _4210_/I1                  4.0000        10.6005        -6.6005  (VIOLATED)
   _4261_/I0                  4.0000        10.6005        -6.6005  (VIOLATED)
   _5700_/I0                  4.0000        10.6004        -6.6004  (VIOLATED)
   _5655_/I1                  4.0000        10.5998        -6.5998  (VIOLATED)
   _5682_/I1                  4.0000        10.5995        -6.5995  (VIOLATED)
   _5610_/I0                  4.0000        10.5994        -6.5994  (VIOLATED)
   _5583_/I1                  4.0000        10.5993        -6.5993  (VIOLATED)
   _4270_/I1                  4.0000        10.5992        -6.5992  (VIOLATED)
   _4227_/I1                  4.0000        10.5992        -6.5992  (VIOLATED)
   _5646_/I1                  4.0000        10.5991        -6.5991  (VIOLATED)
   _5664_/I1                  4.0000        10.5991        -6.5991  (VIOLATED)
   _5628_/I0                  4.0000        10.5991        -6.5991  (VIOLATED)
   _5673_/I1                  4.0000        10.5991        -6.5991  (VIOLATED)
   _5619_/I0                  4.0000        10.5990        -6.5990  (VIOLATED)
   _5601_/I0                  4.0000        10.5990        -6.5990  (VIOLATED)
   _5592_/I1                  4.0000        10.5990        -6.5990  (VIOLATED)
   _4118_/I0                  4.0000        10.5989        -6.5989  (VIOLATED)
   _5802_/I0                  4.0000        10.5988        -6.5988  (VIOLATED)
   _4136_/I0                  4.0000        10.5985        -6.5985  (VIOLATED)
   _4127_/I0                  4.0000        10.5985        -6.5985  (VIOLATED)
   _5784_/I0                  4.0000        10.5981        -6.5981  (VIOLATED)
   _5637_/I0                  4.0000        10.5977        -6.5977  (VIOLATED)
   hold2/Z                    4.0000        10.5975        -6.5975  (VIOLATED)
   _5690_/I1                  4.0000        10.2977        -6.2977  (VIOLATED)
   _5882_/I0                  4.0000        10.2977        -6.2977  (VIOLATED)
   _5708_/I1                  4.0000        10.2938        -6.2938  (VIOLATED)
   _5738_/I0                  4.0000        10.2878        -6.2878  (VIOLATED)
   _5765_/I1                  4.0000        10.2618        -6.2618  (VIOLATED)
   _5819_/I0                  4.0000        10.2618        -6.2618  (VIOLATED)
   _5810_/I0                  4.0000        10.2618        -6.2618  (VIOLATED)
   _5837_/I0                  4.0000        10.2618        -6.2618  (VIOLATED)
   _5573_/I0                  4.0000        10.2618        -6.2618  (VIOLATED)
   _5873_/I0                  4.0000        10.2618        -6.2618  (VIOLATED)
   _5726_/I0                  4.0000        10.2618        -6.2618  (VIOLATED)
   _5855_/I0                  4.0000        10.2618        -6.2618  (VIOLATED)
   _5774_/I0                  4.0000        10.2618        -6.2618  (VIOLATED)
   _5792_/I0                  4.0000        10.2618        -6.2618  (VIOLATED)
   _5747_/I0                  4.0000        10.2618        -6.2618  (VIOLATED)
   _4156_/I0                  4.0000        10.2618        -6.2618  (VIOLATED)
   _5828_/I0                  4.0000        10.2618        -6.2618  (VIOLATED)
   _5846_/I0                  4.0000        10.2618        -6.2618  (VIOLATED)
   _5891_/I0                  4.0000        10.2618        -6.2618  (VIOLATED)
   _5864_/I0                  4.0000        10.2618        -6.2618  (VIOLATED)
   _5717_/I0                  4.0000        10.2618        -6.2618  (VIOLATED)
   _5756_/I0                  4.0000        10.2618        -6.2618  (VIOLATED)
   _5555_/I0                  4.0000        10.2618        -6.2618  (VIOLATED)
   _4242_/I1                  4.0000        10.2618        -6.2618  (VIOLATED)
   _5546_/I0                  4.0000        10.2617        -6.2617  (VIOLATED)
   _4260_/I0                  4.0000        10.2617        -6.2617  (VIOLATED)
   _4208_/I1                  4.0000        10.2617        -6.2617  (VIOLATED)
   _5699_/I0                  4.0000        10.2616        -6.2616  (VIOLATED)
   _5564_/I0                  4.0000        10.2616        -6.2616  (VIOLATED)
   _5600_/I0                  4.0000        10.2615        -6.2615  (VIOLATED)
   _5654_/I1                  4.0000        10.2614        -6.2614  (VIOLATED)
   _5681_/I1                  4.0000        10.2610        -6.2610  (VIOLATED)
   _5627_/I0                  4.0000        10.2609        -6.2609  (VIOLATED)
   _5526_/I1                  4.0000        10.2607        -6.2607  (VIOLATED)
   _5591_/I1                  4.0000        10.2607        -6.2607  (VIOLATED)
   _5783_/I0                  4.0000        10.2606        -6.2606  (VIOLATED)
   _5645_/I1                  4.0000        10.2606        -6.2606  (VIOLATED)
   _5663_/I1                  4.0000        10.2606        -6.2606  (VIOLATED)
   _5582_/I1                  4.0000        10.2606        -6.2606  (VIOLATED)
   _5672_/I1                  4.0000        10.2605        -6.2605  (VIOLATED)
   _5609_/I0                  4.0000        10.2605        -6.2605  (VIOLATED)
   _5636_/I0                  4.0000        10.2605        -6.2605  (VIOLATED)
   _5618_/I0                  4.0000        10.2605        -6.2605  (VIOLATED)
   _4135_/I0                  4.0000        10.2605        -6.2605  (VIOLATED)
   _4126_/I0                  4.0000        10.2605        -6.2605  (VIOLATED)
   _4269_/I1                  4.0000        10.2605        -6.2605  (VIOLATED)
   _4225_/I1                  4.0000        10.2605        -6.2605  (VIOLATED)
   hold12/Z                   4.0000        10.2603        -6.2603  (VIOLATED)
   _4116_/I0                  4.0000        10.2602        -6.2602  (VIOLATED)
   _5801_/I0                  4.0000        10.2602        -6.2602  (VIOLATED)
   _5621_/I0                  4.0000         9.4728        -5.4728  (VIOLATED)
   _5804_/I0                  4.0000         9.4728        -5.4728  (VIOLATED)
   _4321_/I0                  4.0000         9.4728        -5.4728  (VIOLATED)
   _5567_/I0                  4.0000         9.4728        -5.4728  (VIOLATED)
   _4150_/I0                  4.0000         9.4728        -5.4728  (VIOLATED)
   _5630_/I0                  4.0000         9.4728        -5.4728  (VIOLATED)
   _5732_/I0                  4.0000         9.4727        -5.4727  (VIOLATED)
   _5711_/I0                  4.0000         9.4727        -5.4727  (VIOLATED)
   _5594_/I0                  4.0000         9.4727        -5.4727  (VIOLATED)
   _5876_/I0                  4.0000         9.4727        -5.4727  (VIOLATED)
   _5795_/I0                  4.0000         9.4727        -5.4727  (VIOLATED)
   _5777_/I0                  4.0000         9.4726        -5.4726  (VIOLATED)
   _5702_/I1                  4.0000         9.4726        -5.4726  (VIOLATED)
   _5648_/I1                  4.0000         9.4726        -5.4726  (VIOLATED)
   _5675_/I1                  4.0000         9.4726        -5.4726  (VIOLATED)
   _5511_/I0                  4.0000         9.4726        -5.4726  (VIOLATED)
   _5516_/I0                  4.0000         9.4726        -5.4726  (VIOLATED)
   _4330_/I0                  4.0000         9.4725        -5.4725  (VIOLATED)
   _4104_/I0                  4.0000         9.4725        -5.4725  (VIOLATED)
   _4333_/I0                  4.0000         9.4725        -5.4725  (VIOLATED)
   _5585_/I1                  4.0000         9.4725        -5.4725  (VIOLATED)
   _5849_/I0                  4.0000         9.4725        -5.4725  (VIOLATED)
   _4278_/I0                  4.0000         9.4725        -5.4725  (VIOLATED)
   _5576_/I1                  4.0000         9.4725        -5.4725  (VIOLATED)
   _5867_/I0                  4.0000         9.4724        -5.4724  (VIOLATED)
   _5612_/I0                  4.0000         9.4723        -5.4723  (VIOLATED)
   _5768_/I0                  4.0000         9.4723        -5.4723  (VIOLATED)
   _5840_/I0                  4.0000         9.4723        -5.4723  (VIOLATED)
   _5741_/I0                  4.0000         9.4723        -5.4723  (VIOLATED)
   _5720_/I0                  4.0000         9.4723        -5.4723  (VIOLATED)
   _5693_/I0                  4.0000         9.4718        -5.4718  (VIOLATED)
   _5666_/I1                  4.0000         9.4717        -5.4717  (VIOLATED)
   _5657_/I1                  4.0000         9.4714        -5.4714  (VIOLATED)
   _5639_/I1                  4.0000         9.4712        -5.4712  (VIOLATED)
   _5786_/I0                  4.0000         9.4691        -5.4691  (VIOLATED)
   _5558_/I0                  4.0000         9.4691        -5.4691  (VIOLATED)
   _5549_/I0                  4.0000         9.4690        -5.4690  (VIOLATED)
   _4254_/I0                  4.0000         9.4688        -5.4688  (VIOLATED)
   hold227/Z                  4.0000         9.4686        -5.4686  (VIOLATED)
   _5540_/I0                  4.0000         9.4685        -5.4685  (VIOLATED)
   _4230_/S                   4.0000         6.9635        -2.9635  (VIOLATED)
   _3738_/B1                  4.0000         6.9635        -2.9635  (VIOLATED)
   _4234_/S                   4.0000         6.9634        -2.9634  (VIOLATED)
   _3544_/B1                  4.0000         6.9634        -2.9634  (VIOLATED)
   _4244_/S                   4.0000         6.9633        -2.9633  (VIOLATED)
   _3634_/B1                  4.0000         6.9633        -2.9633  (VIOLATED)
   _4232_/S                   4.0000         6.9632        -2.9632  (VIOLATED)
   _3652_/B1                  4.0000         6.9632        -2.9632  (VIOLATED)
   _4236_/S                   4.0000         6.9631        -2.9631  (VIOLATED)
   _4242_/S                   4.0000         6.9631        -2.9631  (VIOLATED)
   _4238_/S                   4.0000         6.9631        -2.9631  (VIOLATED)
   _4229_/A1                  4.0000         6.9629        -2.9629  (VIOLATED)
   _3778_/A2                  4.0000         6.9629        -2.9629  (VIOLATED)
   _4240_/S                   4.0000         6.9628        -2.9628  (VIOLATED)
   _3703_/B1                  4.0000         6.9606        -2.9606  (VIOLATED)
   _3850_/B1                  4.0000         6.9605        -2.9605  (VIOLATED)
   _3920_/A2                  4.0000         6.9605        -2.9605  (VIOLATED)
   _3543_/ZN                  4.0000         6.9604        -2.9604  (VIOLATED)
   _3787_/B1                  4.0000         6.5525        -2.5525  (VIOLATED)
   _3677_/A2                  4.0000         6.5490        -2.5490  (VIOLATED)
   _3635_/A2                  4.0000         6.5381        -2.5381  (VIOLATED)
   _3544_/A2                  4.0000         6.5292        -2.5292  (VIOLATED)
   _4202_/S                   4.0000         6.5292        -2.5292  (VIOLATED)
   _4196_/S                   4.0000         6.5292        -2.5292  (VIOLATED)
   _3728_/A2                  4.0000         6.5292        -2.5292  (VIOLATED)
   _4200_/S                   4.0000         6.5292        -2.5292  (VIOLATED)
   _4198_/S                   4.0000         6.5291        -2.5291  (VIOLATED)
   _4195_/A1                  4.0000         6.5288        -2.5288  (VIOLATED)
   _3854_/B1                  4.0000         6.5287        -2.5287  (VIOLATED)
   _3703_/A2                  4.0000         6.5287        -2.5287  (VIOLATED)
   _3948_/A2                  4.0000         6.5287        -2.5287  (VIOLATED)
   _4206_/S                   4.0000         6.5287        -2.5287  (VIOLATED)
   _4204_/S                   4.0000         6.5287        -2.5287  (VIOLATED)
   _4208_/S                   4.0000         6.5287        -2.5287  (VIOLATED)
   _4210_/S                   4.0000         6.5287        -2.5287  (VIOLATED)
   _3541_/ZN                  4.0000         6.5286        -2.5286  (VIOLATED)
   _5977_/A2                  4.0000         6.2720        -2.2720  (VIOLATED)
   _5993_/A4                  4.0000         6.2629        -2.2629  (VIOLATED)
   _5990_/C1                  4.0000         6.2543        -2.2543  (VIOLATED)
   _6091_/B1                  4.0000         6.2543        -2.2543  (VIOLATED)
   _6043_/B1                  4.0000         6.2543        -2.2543  (VIOLATED)
   _6115_/B1                  4.0000         6.2543        -2.2543  (VIOLATED)
   _6186_/B1                  4.0000         6.2542        -2.2542  (VIOLATED)
   _6211_/B1                  4.0000         6.2542        -2.2542  (VIOLATED)
   _6012_/B1                  4.0000         6.2542        -2.2542  (VIOLATED)
   _5976_/A2                  4.0000         6.2540        -2.2540  (VIOLATED)
   _6015_/A2                  4.0000         6.2540        -2.2540  (VIOLATED)
   _6000_/A2                  4.0000         6.2540        -2.2540  (VIOLATED)
   _5969_/A2                  4.0000         6.2535        -2.2535  (VIOLATED)
   _6140_/B1                  4.0000         6.2534        -2.2534  (VIOLATED)
   _6164_/B1                  4.0000         6.2534        -2.2534  (VIOLATED)
   _6066_/B1                  4.0000         6.2533        -2.2533  (VIOLATED)
   _6021_/A1                  4.0000         6.2532        -2.2532  (VIOLATED)
   _5971_/A3                  4.0000         6.2530        -2.2530  (VIOLATED)
   _5968_/ZN                  4.0000         6.2524        -2.2524  (VIOLATED)
   _3637_/C1                  4.0000         5.4387        -1.4387  (VIOLATED)
   _3717_/C2                  4.0000         5.4342        -1.4342  (VIOLATED)
   _3789_/B1                  4.0000         5.4331        -1.4331  (VIOLATED)
   _3748_/C2                  4.0000         5.4280        -1.4280  (VIOLATED)
   _4559_/A1                  4.0000         5.4227        -1.4227  (VIOLATED)
   _3684_/B1                  4.0000         5.4197        -1.4197  (VIOLATED)
   _5528_/S                   4.0000         5.4196        -1.4196  (VIOLATED)
   _3933_/A2                  4.0000         5.4193        -1.4193  (VIOLATED)
   _3865_/A2                  4.0000         5.4193        -1.4193  (VIOLATED)
   _3618_/ZN                  4.0000         5.4192        -1.4192  (VIOLATED)
   _4383_/A1                  4.0000         5.4146        -1.4146  (VIOLATED)
   _4911_/A1                  4.0000         5.4075        -1.4075  (VIOLATED)
   _4669_/A4                  4.0000         5.4075        -1.4075  (VIOLATED)
   _4662_/A1                  4.0000         5.4075        -1.4075  (VIOLATED)
   _4912_/A1                  4.0000         5.4075        -1.4075  (VIOLATED)
   _5464_/A1                  4.0000         5.4075        -1.4075  (VIOLATED)
   _5076_/A1                  4.0000         5.4074        -1.4074  (VIOLATED)
   _4954_/A1                  4.0000         5.4074        -1.4074  (VIOLATED)
   _4971_/A1                  4.0000         5.4074        -1.4074  (VIOLATED)
   _4965_/A1                  4.0000         5.4074        -1.4074  (VIOLATED)
   _4949_/A1                  4.0000         5.4074        -1.4074  (VIOLATED)
   _4941_/A1                  4.0000         5.4074        -1.4074  (VIOLATED)
   _4934_/A1                  4.0000         5.4074        -1.4074  (VIOLATED)
   _4449_/A2                  4.0000         5.4071        -1.4071  (VIOLATED)
   _4379_/A2                  4.0000         5.4069        -1.4069  (VIOLATED)
   _4578_/A1                  4.0000         5.4068        -1.4068  (VIOLATED)
   _4378_/A2                  4.0000         5.4067        -1.4067  (VIOLATED)
   _4436_/A2                  4.0000         5.4067        -1.4067  (VIOLATED)
   _5190_/A1                  4.0000         5.4067        -1.4067  (VIOLATED)
   _5201_/A1                  4.0000         5.4067        -1.4067  (VIOLATED)
   _4377_/ZN                  4.0000         5.4066        -1.4066  (VIOLATED)
   _3931_/A2                  4.0000         5.1756        -1.1756  (VIOLATED)
   _3774_/C1                  4.0000         5.1753        -1.1753  (VIOLATED)
   _3698_/A2                  4.0000         5.1734        -1.1734  (VIOLATED)
   _3624_/A2                  4.0000         5.1681        -1.1681  (VIOLATED)
   _5701_/A1                  4.0000         5.1666        -1.1666  (VIOLATED)
   _3738_/C1                  4.0000         5.1649        -1.1649  (VIOLATED)
   _3598_/C2                  4.0000         5.1620        -1.1620  (VIOLATED)
   _3661_/A2                  4.0000         5.1587        -1.1587  (VIOLATED)
   _3875_/A2                  4.0000         5.1585        -1.1585  (VIOLATED)
   _3556_/ZN                  4.0000         5.1584        -1.1584  (VIOLATED)
   _4064_/S                   4.0000         5.1567        -1.1567  (VIOLATED)
   _4060_/S                   4.0000         5.1565        -1.1565  (VIOLATED)
   _3700_/B1                  4.0000         5.1548        -1.1548  (VIOLATED)
   _3599_/B1                  4.0000         5.1535        -1.1535  (VIOLATED)
   _3942_/B2                  4.0000         5.1533        -1.1533  (VIOLATED)
   _3769_/A2                  4.0000         5.1517        -1.1517  (VIOLATED)
   _5683_/A1                  4.0000         5.1509        -1.1509  (VIOLATED)
   _3881_/A2                  4.0000         5.1497        -1.1497  (VIOLATED)
   _3623_/B1                  4.0000         5.1497        -1.1497  (VIOLATED)
   _3733_/B1                  4.0000         5.1486        -1.1486  (VIOLATED)
   _6654_/A2                  4.0000         5.1432        -1.1432  (VIOLATED)
   _6635_/A2                  4.0000         5.1432        -1.1432  (VIOLATED)
   _6636_/A2                  4.0000         5.1431        -1.1431  (VIOLATED)
   max_cap344/I               4.0000         5.1431        -1.1431  (VIOLATED)
   _6651_/A2                  4.0000         5.1431        -1.1431  (VIOLATED)
   max_cap345/I               4.0000         5.1425        -1.1425  (VIOLATED)
   _3993_/ZN                  4.0000         5.1423        -1.1423  (VIOLATED)
   _3676_/B1                  4.0000         5.1374        -1.1374  (VIOLATED)
   _3567_/ZN                  4.0000         5.1371        -1.1371  (VIOLATED)
   _6025_/C                   4.0000         4.9915        -0.9915  (VIOLATED)
   _6038_/B2                  4.0000         4.9915        -0.9915  (VIOLATED)
   _6229_/B2                  4.0000         4.9914        -0.9914  (VIOLATED)
   _6077_/C                   4.0000         4.9914        -0.9914  (VIOLATED)
   _6086_/B2                  4.0000         4.9914        -0.9914  (VIOLATED)
   _6205_/B2                  4.0000         4.9914        -0.9914  (VIOLATED)
   _6135_/B2                  4.0000         4.9914        -0.9914  (VIOLATED)
   _6062_/B2                  4.0000         4.9914        -0.9914  (VIOLATED)
   _6118_/B                   4.0000         4.9913        -0.9913  (VIOLATED)
   _6168_/C                   4.0000         4.9912        -0.9912  (VIOLATED)
   _6159_/B2                  4.0000         4.9910        -0.9910  (VIOLATED)
   _5929_/ZN                  4.0000         4.9909        -0.9909  (VIOLATED)
   _4218_/S                   4.0000         4.8610        -0.8610  (VIOLATED)
   _4224_/S                   4.0000         4.8606        -0.8606  (VIOLATED)
   _4226_/S                   4.0000         4.8569        -0.8569  (VIOLATED)
   _4214_/S                   4.0000         4.8565        -0.8565  (VIOLATED)
   _4220_/S                   4.0000         4.8565        -0.8565  (VIOLATED)
   _4228_/S                   4.0000         4.8449        -0.8449  (VIOLATED)
   _4222_/S                   4.0000         4.8449        -0.8449  (VIOLATED)
   _4216_/S                   4.0000         4.8446        -0.8446  (VIOLATED)
   _4212_/ZN                  4.0000         4.8445        -0.8445  (VIOLATED)
   _3934_/A2                  4.0000         4.8371        -0.8371  (VIOLATED)
   _3644_/A2                  4.0000         4.8370        -0.8370  (VIOLATED)
   _3599_/A2                  4.0000         4.8364        -0.8364  (VIOLATED)
   _3877_/A2                  4.0000         4.8355        -0.8355  (VIOLATED)
   _3696_/A2                  4.0000         4.8325        -0.8325  (VIOLATED)
   _3789_/A2                  4.0000         4.8314        -0.8314  (VIOLATED)
   _3735_/B1                  4.0000         4.8293        -0.8293  (VIOLATED)
   _3769_/B1                  4.0000         4.8250        -0.8250  (VIOLATED)
   _3665_/A2                  4.0000         4.8205        -0.8205  (VIOLATED)
   _3750_/A2                  4.0000         4.8203        -0.8203  (VIOLATED)
   _3531_/ZN                  4.0000         4.8200        -0.8200  (VIOLATED)
   _3603_/C1                  4.0000         4.8132        -0.8132  (VIOLATED)
   _3698_/B1                  4.0000         4.8132        -0.8132  (VIOLATED)
   _3624_/B1                  4.0000         4.8131        -0.8131  (VIOLATED)
   _5674_/A1                  4.0000         4.8131        -0.8131  (VIOLATED)
   _3664_/B1                  4.0000         4.8131        -0.8131  (VIOLATED)
   _3881_/B1                  4.0000         4.8129        -0.8129  (VIOLATED)
   _3936_/A2                  4.0000         4.8121        -0.8121  (VIOLATED)
   _3569_/ZN                  4.0000         4.8120        -0.8120  (VIOLATED)
   _3664_/A2                  4.0000         4.7753        -0.7753  (VIOLATED)
   _3718_/A2                  4.0000         4.7753        -0.7753  (VIOLATED)
   _3775_/B1                  4.0000         4.7753        -0.7753  (VIOLATED)
   _3731_/A2                  4.0000         4.7751        -0.7751  (VIOLATED)
   _3597_/C1                  4.0000         4.7750        -0.7750  (VIOLATED)
   _3622_/B1                  4.0000         4.7750        -0.7750  (VIOLATED)
   _3913_/A2                  4.0000         4.7748        -0.7748  (VIOLATED)
   _3864_/C2                  4.0000         4.7741        -0.7741  (VIOLATED)
   _3561_/ZN                  4.0000         4.7733        -0.7733  (VIOLATED)
   _5620_/A1                  4.0000         4.7693        -0.7693  (VIOLATED)
   _4320_/A1                  4.0000         4.7642        -0.7642  (VIOLATED)
   _3654_/A1                  4.0000         4.7578        -0.7578  (VIOLATED)
   _4356_/A1                  4.0000         4.7578        -0.7578  (VIOLATED)
   _3516_/A1                  4.0000         4.7577        -0.7577  (VIOLATED)
   _5539_/A1                  4.0000         4.7577        -0.7577  (VIOLATED)
   _3543_/A1                  4.0000         4.7577        -0.7577  (VIOLATED)
   _3520_/A1                  4.0000         4.7576        -0.7576  (VIOLATED)
   _5884_/A1                  4.0000         4.7576        -0.7576  (VIOLATED)
   _3906_/A1                  4.0000         4.7576        -0.7576  (VIOLATED)
   _5857_/A1                  4.0000         4.7575        -0.7575  (VIOLATED)
   _3838_/A1                  4.0000         4.7575        -0.7575  (VIOLATED)
   _3835_/A1                  4.0000         4.7575        -0.7575  (VIOLATED)
   _3839_/A1                  4.0000         4.7575        -0.7575  (VIOLATED)
   _5530_/A1                  4.0000         4.7575        -0.7575  (VIOLATED)
   _4253_/A1                  4.0000         4.7574        -0.7574  (VIOLATED)
   _3541_/A1                  4.0000         4.7574        -0.7574  (VIOLATED)
   _5491_/A1                  4.0000         4.7574        -0.7574  (VIOLATED)
   _4140_/A1                  4.0000         4.7573        -0.7573  (VIOLATED)
   _3549_/A1                  4.0000         4.7573        -0.7573  (VIOLATED)
   _5740_/A3                  4.0000         4.7572        -0.7572  (VIOLATED)
   _5602_/A1                  4.0000         4.7572        -0.7572  (VIOLATED)
   _5719_/A4                  4.0000         4.7572        -0.7572  (VIOLATED)
   _5494_/A3                  4.0000         4.7572        -0.7572  (VIOLATED)
   _5611_/A2                  4.0000         4.7572        -0.7572  (VIOLATED)
   _5839_/A1                  4.0000         4.7572        -0.7572  (VIOLATED)
   _4253_/A4                  4.0000         4.7571        -0.7571  (VIOLATED)
   load_slew349/I             4.0000         4.7571        -0.7571  (VIOLATED)
   _3506_/A1                  4.0000         4.7570        -0.7570  (VIOLATED)
   _5566_/A1                  4.0000         4.7570        -0.7570  (VIOLATED)
   _5866_/A3                  4.0000         4.7570        -0.7570  (VIOLATED)
   _5731_/A3                  4.0000         4.7570        -0.7570  (VIOLATED)
   _5848_/A3                  4.0000         4.7570        -0.7570  (VIOLATED)
   _5692_/A3                  4.0000         4.7570        -0.7570  (VIOLATED)
   _5548_/A4                  4.0000         4.7569        -0.7569  (VIOLATED)
   _5710_/A3                  4.0000         4.7569        -0.7569  (VIOLATED)
   _4246_/A1                  4.0000         4.7568        -0.7568  (VIOLATED)
   _5803_/A3                  4.0000         4.7567        -0.7567  (VIOLATED)
   _5866_/A1                  4.0000         4.7567        -0.7567  (VIOLATED)
   _5875_/A3                  4.0000         4.7567        -0.7567  (VIOLATED)
   _3545_/A1                  4.0000         4.7566        -0.7566  (VIOLATED)
   _3547_/A1                  4.0000         4.7565        -0.7565  (VIOLATED)
   _3550_/A1                  4.0000         4.7565        -0.7565  (VIOLATED)
   _5515_/A1                  4.0000         4.7564        -0.7564  (VIOLATED)
   _5848_/A1                  4.0000         4.7564        -0.7564  (VIOLATED)
   _3911_/A1                  4.0000         4.7563        -0.7563  (VIOLATED)
   _3834_/A1                  4.0000         4.7561        -0.7561  (VIOLATED)
   _4350_/A1                  4.0000         4.7560        -0.7560  (VIOLATED)
   hold24/Z                   4.0000         4.7557        -0.7557  (VIOLATED)
   _5875_/A1                  4.0000         4.7555        -0.7555  (VIOLATED)
   _5548_/A1                  4.0000         4.7537        -0.7537  (VIOLATED)
   _3485_/Z                   4.0000         4.7534        -0.7534  (VIOLATED)
   _3588_/A2                  4.0000         4.7424        -0.7424  (VIOLATED)
   _3933_/A1                  4.0000         4.7399        -0.7399  (VIOLATED)
   _3391_/I                   4.0000         4.7395        -0.7395  (VIOLATED)
   _7222_/Q                   4.0000         4.7394        -0.7394  (VIOLATED)
   _3634_/C1                  4.0000         4.7370        -0.7370  (VIOLATED)
   _3749_/A2                  4.0000         4.7362        -0.7362  (VIOLATED)
   _3772_/B1                  4.0000         4.7357        -0.7357  (VIOLATED)
   _3812_/A1                  4.0000         4.7322        -0.7322  (VIOLATED)
   _3847_/A1                  4.0000         4.7321        -0.7321  (VIOLATED)
   _3805_/A2                  4.0000         4.7321        -0.7321  (VIOLATED)
   _3846_/A2                  4.0000         4.7321        -0.7321  (VIOLATED)
   _3813_/A1                  4.0000         4.7321        -0.7321  (VIOLATED)
   _4164_/A2                  4.0000         4.7321        -0.7321  (VIOLATED)
   _3815_/A1                  4.0000         4.7321        -0.7321  (VIOLATED)
   _3819_/A1                  4.0000         4.7321        -0.7321  (VIOLATED)
   _4158_/A2                  4.0000         4.7321        -0.7321  (VIOLATED)
   _5821_/A2                  4.0000         4.7321        -0.7321  (VIOLATED)
   _4176_/A2                  4.0000         4.7321        -0.7321  (VIOLATED)
   _5812_/A2                  4.0000         4.7320        -0.7320  (VIOLATED)
   _5830_/A2                  4.0000         4.7320        -0.7320  (VIOLATED)
   _5776_/A2                  4.0000         4.7319        -0.7319  (VIOLATED)
   _5794_/A2                  4.0000         4.7319        -0.7319  (VIOLATED)
   _3818_/A2                  4.0000         4.7319        -0.7319  (VIOLATED)
   _3571_/A2                  4.0000         4.7318        -0.7318  (VIOLATED)
   _3570_/A2                  4.0000         4.7318        -0.7318  (VIOLATED)
   _3558_/A2                  4.0000         4.7316        -0.7316  (VIOLATED)
   _5785_/A2                  4.0000         4.7309        -0.7309  (VIOLATED)
   _5839_/A2                  4.0000         4.7306        -0.7306  (VIOLATED)
   _3568_/A2                  4.0000         4.7301        -0.7301  (VIOLATED)
   _3732_/A4                  4.0000         4.7297        -0.7297  (VIOLATED)
   _3553_/A2                  4.0000         4.7296        -0.7296  (VIOLATED)
   _3554_/A2                  4.0000         4.7295        -0.7295  (VIOLATED)
   _3573_/A2                  4.0000         4.7295        -0.7295  (VIOLATED)
   _5803_/A2                  4.0000         4.7294        -0.7294  (VIOLATED)
   _3555_/A2                  4.0000         4.7290        -0.7290  (VIOLATED)
   _3552_/Z                   4.0000         4.7279        -0.7279  (VIOLATED)
   _3716_/A2                  4.0000         4.7263        -0.7263  (VIOLATED)
   _3662_/A2                  4.0000         4.7263        -0.7263  (VIOLATED)
   _3848_/A2                  4.0000         4.7261        -0.7261  (VIOLATED)
   _3930_/A2                  4.0000         4.7260        -0.7260  (VIOLATED)
   _3554_/ZN                  4.0000         4.7259        -0.7259  (VIOLATED)
   _3808_/A1                  4.0000         4.7163        -0.7163  (VIOLATED)
   _3831_/A1                  4.0000         4.7162        -0.7162  (VIOLATED)
   _3827_/A1                  4.0000         4.7162        -0.7162  (VIOLATED)
   _3842_/A2                  4.0000         4.7161        -0.7161  (VIOLATED)
   _4167_/A2                  4.0000         4.7161        -0.7161  (VIOLATED)
   _3829_/A1                  4.0000         4.7161        -0.7161  (VIOLATED)
   _3563_/A1                  4.0000         4.7160        -0.7160  (VIOLATED)
   _3821_/A1                  4.0000         4.7160        -0.7160  (VIOLATED)
   _3840_/A1                  4.0000         4.7159        -0.7159  (VIOLATED)
   _3866_/A2                  4.0000         4.7159        -0.7159  (VIOLATED)
   _3828_/A2                  4.0000         4.7158        -0.7158  (VIOLATED)
   _4185_/A2                  4.0000         4.7157        -0.7157  (VIOLATED)
   _4179_/A3                  4.0000         4.7156        -0.7156  (VIOLATED)
   _4173_/A3                  4.0000         4.7156        -0.7156  (VIOLATED)
   _4149_/A2                  4.0000         4.7156        -0.7156  (VIOLATED)
   _3562_/A2                  4.0000         4.7155        -0.7155  (VIOLATED)
   _5749_/A3                  4.0000         4.7152        -0.7152  (VIOLATED)
   _5767_/A3                  4.0000         4.7144        -0.7144  (VIOLATED)
   _3564_/A2                  4.0000         4.7140        -0.7140  (VIOLATED)
   _5719_/A3                  4.0000         4.7134        -0.7134  (VIOLATED)
   _5740_/A2                  4.0000         4.7132        -0.7132  (VIOLATED)
   _3551_/A2                  4.0000         4.7118        -0.7118  (VIOLATED)
   _3577_/A2                  4.0000         4.7111        -0.7111  (VIOLATED)
   _3538_/A2                  4.0000         4.7107        -0.7107  (VIOLATED)
   _5710_/A2                  4.0000         4.7104        -0.7104  (VIOLATED)
   _3574_/A2                  4.0000         4.7102        -0.7102  (VIOLATED)
   _3559_/A2                  4.0000         4.7099        -0.7099  (VIOLATED)
   _5731_/A2                  4.0000         4.7076        -0.7076  (VIOLATED)
   _3537_/Z                   4.0000         4.7057        -0.7057  (VIOLATED)
   _3705_/A2                  4.0000         4.7056        -0.7056  (VIOLATED)
   _3594_/A2                  4.0000         4.7055        -0.7055  (VIOLATED)
   _3957_/A2                  4.0000         4.7055        -0.7055  (VIOLATED)
   _3685_/A2                  4.0000         4.7055        -0.7055  (VIOLATED)
   _3862_/A2                  4.0000         4.7055        -0.7055  (VIOLATED)
   _3744_/A2                  4.0000         4.7051        -0.7051  (VIOLATED)
   _3640_/A2                  4.0000         4.7051        -0.7051  (VIOLATED)
   _3781_/B1                  4.0000         4.7050        -0.7050  (VIOLATED)
   _3524_/ZN                  4.0000         4.7050        -0.7050  (VIOLATED)
   _3700_/A2                  4.0000         4.6962        -0.6962  (VIOLATED)
   _3730_/A2                  4.0000         4.6897        -0.6897  (VIOLATED)
   _3613_/A2                  4.0000         4.6883        -0.6883  (VIOLATED)
   _3656_/B1                  4.0000         4.6825        -0.6825  (VIOLATED)
   _3872_/B1                  4.0000         4.6824        -0.6824  (VIOLATED)
   _3597_/B1                  4.0000         4.6824        -0.6824  (VIOLATED)
   _3945_/C2                  4.0000         4.6822        -0.6822  (VIOLATED)
   _3756_/A2                  4.0000         4.6821        -0.6821  (VIOLATED)
   _3643_/A2                  4.0000         4.6821        -0.6821  (VIOLATED)
   _3774_/B1                  4.0000         4.6821        -0.6821  (VIOLATED)
   _3548_/ZN                  4.0000         4.6819        -0.6819  (VIOLATED)
   _3771_/A2                  4.0000         4.6752        -0.6752  (VIOLATED)
   _3672_/A2                  4.0000         4.6752        -0.6752  (VIOLATED)
   _3717_/B1                  4.0000         4.6752        -0.6752  (VIOLATED)
   _3586_/B1                  4.0000         4.6752        -0.6752  (VIOLATED)
   _3850_/A2                  4.0000         4.6748        -0.6748  (VIOLATED)
   _3943_/A2                  4.0000         4.6747        -0.6747  (VIOLATED)
   _3538_/ZN                  4.0000         4.6747        -0.6747  (VIOLATED)
   _3697_/A2                  4.0000         4.6658        -0.6658  (VIOLATED)
   _3791_/B1                  4.0000         4.6658        -0.6658  (VIOLATED)
   _3594_/C1                  4.0000         4.6658        -0.6658  (VIOLATED)
   _5575_/A1                  4.0000         4.6658        -0.6658  (VIOLATED)
   _3891_/C1                  4.0000         4.6658        -0.6658  (VIOLATED)
   _3660_/B1                  4.0000         4.6658        -0.6658  (VIOLATED)
   _3928_/A2                  4.0000         4.6656        -0.6656  (VIOLATED)
   _3741_/B1                  4.0000         4.6648        -0.6648  (VIOLATED)
   _3621_/A2                  4.0000         4.6647        -0.6647  (VIOLATED)
   _3580_/ZN                  4.0000         4.6645        -0.6645  (VIOLATED)
   _5230_/A2                  4.0000         4.6472        -0.6472  (VIOLATED)
   _4788_/A1                  4.0000         4.6450        -0.6450  (VIOLATED)
   _5232_/A1                  4.0000         4.6427        -0.6427  (VIOLATED)
   _4815_/A1                  4.0000         4.6405        -0.6405  (VIOLATED)
   _3935_/A2                  4.0000         4.6363        -0.6363  (VIOLATED)
   _3666_/A2                  4.0000         4.6355        -0.6355  (VIOLATED)
   _3882_/A2                  4.0000         4.6351        -0.6351  (VIOLATED)
   _3717_/A2                  4.0000         4.6337        -0.6337  (VIOLATED)
   _3737_/A2                  4.0000         4.6332        -0.6332  (VIOLATED)
   _4866_/A3                  4.0000         4.6310        -0.6310  (VIOLATED)
   _4861_/A3                  4.0000         4.6310        -0.6310  (VIOLATED)
   _4854_/A2                  4.0000         4.6310        -0.6310  (VIOLATED)
   _4848_/A2                  4.0000         4.6310        -0.6310  (VIOLATED)
   _4828_/B2                  4.0000         4.6310        -0.6310  (VIOLATED)
   _4839_/A2                  4.0000         4.6310        -0.6310  (VIOLATED)
   _5364_/A1                  4.0000         4.6309        -0.6309  (VIOLATED)
   _5236_/A2                  4.0000         4.6309        -0.6309  (VIOLATED)
   _5124_/A1                  4.0000         4.6309        -0.6309  (VIOLATED)
   _4536_/A1                  4.0000         4.6307        -0.6307  (VIOLATED)
   _4807_/A4                  4.0000         4.6307        -0.6307  (VIOLATED)
   _4814_/A1                  4.0000         4.6305        -0.6305  (VIOLATED)
   _4535_/A1                  4.0000         4.6302        -0.6302  (VIOLATED)
   _5414_/A2                  4.0000         4.6301        -0.6301  (VIOLATED)
   _4532_/ZN                  4.0000         4.6301        -0.6301  (VIOLATED)
   _3774_/A2                  4.0000         4.6283        -0.6283  (VIOLATED)
   _3623_/C2                  4.0000         4.6231        -0.6231  (VIOLATED)
   _3586_/A2                  4.0000         4.6230        -0.6230  (VIOLATED)
   _3528_/ZN                  4.0000         4.6229        -0.6229  (VIOLATED)
   _3775_/C1                  4.0000         4.6054        -0.6054  (VIOLATED)
   _3644_/B1                  4.0000         4.6054        -0.6054  (VIOLATED)
   _3586_/C2                  4.0000         4.6054        -0.6054  (VIOLATED)
   _3684_/A2                  4.0000         4.6054        -0.6054  (VIOLATED)
   _3737_/B1                  4.0000         4.6053        -0.6053  (VIOLATED)
   _3721_/B1                  4.0000         4.6050        -0.6050  (VIOLATED)
   _3916_/A2                  4.0000         4.6050        -0.6050  (VIOLATED)
   _3893_/A2                  4.0000         4.6049        -0.6049  (VIOLATED)
   _3558_/ZN                  4.0000         4.6048        -0.6048  (VIOLATED)
   _3640_/B1                  4.0000         4.5649        -0.5649  (VIOLATED)
   _3704_/B1                  4.0000         4.5644        -0.5644  (VIOLATED)
   _3593_/B1                  4.0000         4.5636        -0.5636  (VIOLATED)
   _3823_/A2                  4.0000         4.5623        -0.5623  (VIOLATED)
   _3622_/C1                  4.0000         4.5616        -0.5616  (VIOLATED)
   _3783_/C1                  4.0000         4.5598        -0.5598  (VIOLATED)
   _3923_/C1                  4.0000         4.5598        -0.5598  (VIOLATED)
   _3714_/B1                  4.0000         4.5598        -0.5598  (VIOLATED)
   _3867_/A2                  4.0000         4.5598        -0.5598  (VIOLATED)
   _3668_/A2                  4.0000         4.5598        -0.5598  (VIOLATED)
   _3626_/B1                  4.0000         4.5593        -0.5593  (VIOLATED)
   _3741_/A2                  4.0000         4.5593        -0.5593  (VIOLATED)
   _3605_/A2                  4.0000         4.5592        -0.5592  (VIOLATED)
   _3559_/ZN                  4.0000         4.5592        -0.5592  (VIOLATED)
   _3901_/A2                  4.0000         4.5586        -0.5586  (VIOLATED)
   _3779_/A2                  4.0000         4.5575        -0.5575  (VIOLATED)
   _3788_/C1                  4.0000         4.5505        -0.5505  (VIOLATED)
   _3588_/B1                  4.0000         4.5505        -0.5505  (VIOLATED)
   _3685_/B1                  4.0000         4.5505        -0.5505  (VIOLATED)
   _3749_/C1                  4.0000         4.5504        -0.5504  (VIOLATED)
   _3941_/B1                  4.0000         4.5501        -0.5501  (VIOLATED)
   _3883_/C1                  4.0000         4.5501        -0.5501  (VIOLATED)
   _3721_/C2                  4.0000         4.5500        -0.5500  (VIOLATED)
   _3662_/B1                  4.0000         4.5500        -0.5500  (VIOLATED)
   _3571_/ZN                  4.0000         4.5500        -0.5500  (VIOLATED)
   _3746_/B1                  4.0000         4.5499        -0.5499  (VIOLATED)
   _3565_/ZN                  4.0000         4.5494        -0.5494  (VIOLATED)
   _4763_/A2                  4.0000         4.5462        -0.5462  (VIOLATED)
   _4764_/A2                  4.0000         4.5459        -0.5459  (VIOLATED)
   _4772_/A2                  4.0000         4.5446        -0.5446  (VIOLATED)
   _4765_/A2                  4.0000         4.5437        -0.5437  (VIOLATED)
   _4773_/A2                  4.0000         4.5413        -0.5413  (VIOLATED)
   _4774_/A3                  4.0000         4.5390        -0.5390  (VIOLATED)
   _5304_/A2                  4.0000         4.5312        -0.5312  (VIOLATED)
   _4728_/A2                  4.0000         4.5312        -0.5312  (VIOLATED)
   _4731_/A2                  4.0000         4.5312        -0.5312  (VIOLATED)
   _4740_/A1                  4.0000         4.5312        -0.5312  (VIOLATED)
   _4742_/A1                  4.0000         4.5312        -0.5312  (VIOLATED)
   _4741_/A2                  4.0000         4.5312        -0.5312  (VIOLATED)
   _4729_/A2                  4.0000         4.5312        -0.5312  (VIOLATED)
   _4732_/A3                  4.0000         4.5312        -0.5312  (VIOLATED)
   _4711_/A1                  4.0000         4.5312        -0.5312  (VIOLATED)
   _4750_/A1                  4.0000         4.5312        -0.5312  (VIOLATED)
   _4748_/A2                  4.0000         4.5312        -0.5312  (VIOLATED)
   _5478_/A3                  4.0000         4.5311        -0.5311  (VIOLATED)
   _5228_/A2                  4.0000         4.5311        -0.5311  (VIOLATED)
   _5112_/A2                  4.0000         4.5311        -0.5311  (VIOLATED)
   _4752_/A1                  4.0000         4.5311        -0.5311  (VIOLATED)
   _4744_/A1                  4.0000         4.5311        -0.5311  (VIOLATED)
   _5315_/A4                  4.0000         4.5311        -0.5311  (VIOLATED)
   _5399_/A4                  4.0000         4.5311        -0.5311  (VIOLATED)
   _4736_/A2                  4.0000         4.5310        -0.5310  (VIOLATED)
   _4697_/A3                  4.0000         4.5309        -0.5309  (VIOLATED)
   _4771_/A4                  4.0000         4.5308        -0.5308  (VIOLATED)
   _4706_/A3                  4.0000         4.5308        -0.5308  (VIOLATED)
   _5095_/A2                  4.0000         4.5308        -0.5308  (VIOLATED)
   _4694_/A1                  4.0000         4.5308        -0.5308  (VIOLATED)
   _4778_/A3                  4.0000         4.5307        -0.5307  (VIOLATED)
   _5305_/A3                  4.0000         4.5307        -0.5307  (VIOLATED)
   _5307_/A3                  4.0000         4.5307        -0.5307  (VIOLATED)
   _5091_/A2                  4.0000         4.5306        -0.5306  (VIOLATED)
   _4782_/A3                  4.0000         4.5306        -0.5306  (VIOLATED)
   _5458_/A3                  4.0000         4.5304        -0.5304  (VIOLATED)
   _5098_/A2                  4.0000         4.5303        -0.5303  (VIOLATED)
   _5302_/B                   4.0000         4.5300        -0.5300  (VIOLATED)
   _4789_/A4                  4.0000         4.5300        -0.5300  (VIOLATED)
   _4689_/ZN                  4.0000         4.5299        -0.5299  (VIOLATED)
   _3633_/A2                  4.0000         4.5179        -0.5179  (VIOLATED)
   _3863_/A2                  4.0000         4.5173        -0.5173  (VIOLATED)
   _3710_/A2                  4.0000         4.5169        -0.5169  (VIOLATED)
   _3514_/A2                  4.0000         4.5167        -0.5167  (VIOLATED)
   _3781_/A2                  4.0000         4.5148        -0.5148  (VIOLATED)
   _3923_/A2                  4.0000         4.5121        -0.5121  (VIOLATED)
   _3752_/A2                  4.0000         4.5028        -0.5028  (VIOLATED)
   _3671_/A2                  4.0000         4.5027        -0.5027  (VIOLATED)
   _3513_/ZN                  4.0000         4.5025        -0.5025  (VIOLATED)
   _3603_/A2                  4.0000         4.5019        -0.5019  (VIOLATED)
   _3637_/B1                  4.0000         4.5018        -0.5018  (VIOLATED)
   _3682_/A2                  4.0000         4.4990        -0.4990  (VIOLATED)
   _3600_/B1                  4.0000         4.4990        -0.4990  (VIOLATED)
   _3636_/C1                  4.0000         4.4983        -0.4983  (VIOLATED)
   _3782_/B1                  4.0000         4.4972        -0.4972  (VIOLATED)
   _3693_/A2                  4.0000         4.4955        -0.4955  (VIOLATED)
   _3952_/B1                  4.0000         4.4947        -0.4947  (VIOLATED)
   _3771_/B1                  4.0000         4.4872        -0.4872  (VIOLATED)
   _3718_/B1                  4.0000         4.4871        -0.4871  (VIOLATED)
   _3659_/A2                  4.0000         4.4871        -0.4871  (VIOLATED)
   _3730_/B1                  4.0000         4.4870        -0.4870  (VIOLATED)
   _3775_/A2                  4.0000         4.4862        -0.4862  (VIOLATED)
   _3676_/A2                  4.0000         4.4862        -0.4862  (VIOLATED)
   _3735_/A2                  4.0000         4.4861        -0.4861  (VIOLATED)
   _3945_/B1                  4.0000         4.4861        -0.4861  (VIOLATED)
   _3879_/A2                  4.0000         4.4861        -0.4861  (VIOLATED)
   _3564_/ZN                  4.0000         4.4860        -0.4860  (VIOLATED)
   _3892_/A2                  4.0000         4.4860        -0.4860  (VIOLATED)
   _3720_/A2                  4.0000         4.4860        -0.4860  (VIOLATED)
   _3917_/A2                  4.0000         4.4859        -0.4859  (VIOLATED)
   _3551_/ZN                  4.0000         4.4858        -0.4858  (VIOLATED)
   _3604_/B1                  4.0000         4.4835        -0.4835  (VIOLATED)
   _3750_/B1                  4.0000         4.4835        -0.4835  (VIOLATED)
   _3856_/B1                  4.0000         4.4834        -0.4834  (VIOLATED)
   _3627_/A2                  4.0000         4.4833        -0.4833  (VIOLATED)
   _5638_/A1                  4.0000         4.4833        -0.4833  (VIOLATED)
   _3576_/ZN                  4.0000         4.4833        -0.4833  (VIOLATED)
   _4203_/S                   4.0000         4.4762        -0.4762  (VIOLATED)
   _4209_/S                   4.0000         4.4762        -0.4762  (VIOLATED)
   _4199_/S                   4.0000         4.4757        -0.4757  (VIOLATED)
   _4201_/S                   4.0000         4.4605        -0.4605  (VIOLATED)
   _4197_/S                   4.0000         4.4604        -0.4604  (VIOLATED)
   _4211_/S                   4.0000         4.4603        -0.4603  (VIOLATED)
   _4205_/S                   4.0000         4.4603        -0.4603  (VIOLATED)
   _4207_/S                   4.0000         4.4603        -0.4603  (VIOLATED)
   _4195_/ZN                  4.0000         4.4602        -0.4602  (VIOLATED)
   _3706_/B1                  4.0000         4.4121        -0.4121  (VIOLATED)
   _3951_/C1                  4.0000         4.4121        -0.4121  (VIOLATED)
   _3890_/C1                  4.0000         4.4120        -0.4120  (VIOLATED)
   _3658_/A2                  4.0000         4.4120        -0.4120  (VIOLATED)
   _3755_/C2                  4.0000         4.4119        -0.4119  (VIOLATED)
   _3626_/C1                  4.0000         4.4117        -0.4117  (VIOLATED)
   _3604_/A2                  4.0000         4.4117        -0.4117  (VIOLATED)
   _3782_/C1                  4.0000         4.4117        -0.4117  (VIOLATED)
   _3573_/ZN                  4.0000         4.4115        -0.4115  (VIOLATED)
   _5656_/A1                  4.0000         4.3715        -0.3715  (VIOLATED)
   _3782_/A2                  4.0000         4.3586        -0.3586  (VIOLATED)
   _3666_/B1                  4.0000         4.3586        -0.3586  (VIOLATED)
   _3590_/A2                  4.0000         4.3585        -0.3585  (VIOLATED)
   _3639_/C2                  4.0000         4.3585        -0.3585  (VIOLATED)
   _3711_/A2                  4.0000         4.3584        -0.3584  (VIOLATED)
   _3752_/C1                  4.0000         4.3583        -0.3583  (VIOLATED)
   _3856_/A2                  4.0000         4.3581        -0.3581  (VIOLATED)
   _3959_/A2                  4.0000         4.3580        -0.3580  (VIOLATED)
   _3530_/ZN                  4.0000         4.3569        -0.3569  (VIOLATED)
   _3791_/C1                  4.0000         4.3490        -0.3490  (VIOLATED)
   _3628_/B1                  4.0000         4.3490        -0.3490  (VIOLATED)
   _3661_/B1                  4.0000         4.3490        -0.3490  (VIOLATED)
   _3859_/C1                  4.0000         4.3490        -0.3490  (VIOLATED)
   _3925_/A2                  4.0000         4.3489        -0.3489  (VIOLATED)
   _3590_/B1                  4.0000         4.3487        -0.3487  (VIOLATED)
   _3716_/B1                  4.0000         4.3483        -0.3483  (VIOLATED)
   _3741_/C1                  4.0000         4.3480        -0.3480  (VIOLATED)
   _3581_/ZN                  4.0000         4.3472        -0.3472  (VIOLATED)
   _3755_/B1                  4.0000         4.3354        -0.3354  (VIOLATED)
   _3781_/C1                  4.0000         4.3251        -0.3251  (VIOLATED)
   _3629_/A2                  4.0000         4.3251        -0.3251  (VIOLATED)
   _3605_/B1                  4.0000         4.3250        -0.3250  (VIOLATED)
   _3710_/C1                  4.0000         4.3249        -0.3249  (VIOLATED)
   _3888_/B1                  4.0000         4.3248        -0.3248  (VIOLATED)
   _3668_/B1                  4.0000         4.3248        -0.3248  (VIOLATED)
   _3956_/A2                  4.0000         4.3248        -0.3248  (VIOLATED)
   _3570_/ZN                  4.0000         4.3247        -0.3247  (VIOLATED)
   _4527_/A1                  4.0000         4.3205        -0.3205  (VIOLATED)
   _4661_/A3                  4.0000         4.3153        -0.3153  (VIOLATED)
   _5359_/A1                  4.0000         4.3146        -0.3146  (VIOLATED)
   _4974_/A1                  4.0000         4.3077        -0.3077  (VIOLATED)
   _4967_/A4                  4.0000         4.3077        -0.3077  (VIOLATED)
   _5084_/A1                  4.0000         4.3077        -0.3077  (VIOLATED)
   _5329_/A1                  4.0000         4.3077        -0.3077  (VIOLATED)
   _4961_/A4                  4.0000         4.3077        -0.3077  (VIOLATED)
   _4945_/A4                  4.0000         4.3077        -0.3077  (VIOLATED)
   _4952_/A1                  4.0000         4.3077        -0.3077  (VIOLATED)
   _4956_/A1                  4.0000         4.3077        -0.3077  (VIOLATED)
   _5009_/A2                  4.0000         4.3075        -0.3075  (VIOLATED)
   _5020_/A2                  4.0000         4.3075        -0.3075  (VIOLATED)
   _4528_/A1                  4.0000         4.3074        -0.3074  (VIOLATED)
   _5008_/A2                  4.0000         4.3074        -0.3074  (VIOLATED)
   _5093_/A1                  4.0000         4.3070        -0.3070  (VIOLATED)
   _4520_/ZN                  4.0000         4.3063        -0.3063  (VIOLATED)
   _3639_/B1                  4.0000         4.2947        -0.2947  (VIOLATED)
   _3590_/C1                  4.0000         4.2900        -0.2900  (VIOLATED)
   _3671_/B1                  4.0000         4.2796        -0.2796  (VIOLATED)
   _3783_/A2                  4.0000         4.2796        -0.2796  (VIOLATED)
   _5665_/A1                  4.0000         4.2796        -0.2796  (VIOLATED)
   _3714_/A2                  4.0000         4.2796        -0.2796  (VIOLATED)
   _3951_/B1                  4.0000         4.2794        -0.2794  (VIOLATED)
   _3856_/C1                  4.0000         4.2794        -0.2794  (VIOLATED)
   _3745_/B1                  4.0000         4.2792        -0.2792  (VIOLATED)
   _3557_/ZN                  4.0000         4.2789        -0.2789  (VIOLATED)
   _3749_/B1                  4.0000         4.2699        -0.2699  (VIOLATED)
   _3788_/A2                  4.0000         4.2607        -0.2607  (VIOLATED)
   _3623_/A2                  4.0000         4.2607        -0.2607  (VIOLATED)
   _3603_/B1                  4.0000         4.2607        -0.2607  (VIOLATED)
   _3675_/B1                  4.0000         4.2607        -0.2607  (VIOLATED)
   _3695_/A2                  4.0000         4.2607        -0.2607  (VIOLATED)
   _5758_/A1                  4.0000         4.2602        -0.2602  (VIOLATED)
   _3870_/A2                  4.0000         4.2600        -0.2600  (VIOLATED)
   _3914_/A2                  4.0000         4.2597        -0.2597  (VIOLATED)
   _3563_/ZN                  4.0000         4.2596        -0.2596  (VIOLATED)
   _3694_/A2                  4.0000         4.2554        -0.2554  (VIOLATED)
   _3927_/B1                  4.0000         4.2554        -0.2554  (VIOLATED)
   _3845_/A2                  4.0000         4.2554        -0.2554  (VIOLATED)
   _3659_/B1                  4.0000         4.2554        -0.2554  (VIOLATED)
   _3575_/A2                  4.0000         4.2551        -0.2551  (VIOLATED)
   _3743_/A2                  4.0000         4.2550        -0.2550  (VIOLATED)
   _3629_/B1                  4.0000         4.2550        -0.2550  (VIOLATED)
   _3779_/B1                  4.0000         4.2550        -0.2550  (VIOLATED)
   _3574_/ZN                  4.0000         4.2549        -0.2549  (VIOLATED)
   _3698_/C1                  4.0000         4.2325        -0.2325  (VIOLATED)
   _3952_/A2                  4.0000         4.2325        -0.2325  (VIOLATED)
   _3765_/A2                  4.0000         4.2325        -0.2325  (VIOLATED)
   _3670_/B1                  4.0000         4.2325        -0.2325  (VIOLATED)
   _3879_/B1                  4.0000         4.2324        -0.2324  (VIOLATED)
   _3733_/C1                  4.0000         4.2321        -0.2321  (VIOLATED)
   _3599_/C2                  4.0000         4.2321        -0.2321  (VIOLATED)
   _3624_/C1                  4.0000         4.2321        -0.2321  (VIOLATED)
   _3572_/ZN                  4.0000         4.2319        -0.2319  (VIOLATED)
   _3854_/B2                  4.0000         4.2244        -0.2244  (VIOLATED)
   input44/Z                  4.0000         4.2238        -0.2238  (VIOLATED)
   _6342_/A2                  4.0000         4.2227        -0.2227  (VIOLATED)
   _6250_/A2                  4.0000         4.2218        -0.2218  (VIOLATED)
   _6484_/A2                  4.0000         4.2207        -0.2207  (VIOLATED)
   _6375_/A2                  4.0000         4.2205        -0.2205  (VIOLATED)
   _6243_/A1                  4.0000         4.2195        -0.2195  (VIOLATED)
   _6247_/A2                  4.0000         4.2190        -0.2190  (VIOLATED)
   _6452_/A2                  4.0000         4.2185        -0.2185  (VIOLATED)
   _6296_/A3                  4.0000         4.2178        -0.2178  (VIOLATED)
   _6285_/A1                  4.0000         4.2163        -0.2163  (VIOLATED)
   _6402_/A2                  4.0000         4.2159        -0.2159  (VIOLATED)
   _6311_/A2                  4.0000         4.2088        -0.2088  (VIOLATED)
   _6319_/A2                  4.0000         4.2088        -0.2088  (VIOLATED)
   _6431_/A2                  4.0000         4.2088        -0.2088  (VIOLATED)
   _6248_/A2                  4.0000         4.2087        -0.2087  (VIOLATED)
   _6275_/A3                  4.0000         4.2087        -0.2087  (VIOLATED)
   _6273_/A1                  4.0000         4.2087        -0.2087  (VIOLATED)
   _5938_/A1                  4.0000         4.2086        -0.2086  (VIOLATED)
   _4014_/A2                  4.0000         4.2086        -0.2086  (VIOLATED)
   _4011_/ZN                  4.0000         4.2084        -0.2084  (VIOLATED)
   _3756_/B1                  4.0000         4.1984        -0.1984  (VIOLATED)
   _3941_/A2                  4.0000         4.1975        -0.1975  (VIOLATED)
   _3598_/A2                  4.0000         4.1971        -0.1971  (VIOLATED)
   _3672_/B1                  4.0000         4.1968        -0.1968  (VIOLATED)
   _3888_/A2                  4.0000         4.1965        -0.1965  (VIOLATED)
   _3851_/A2                  4.0000         4.1943        -0.1943  (VIOLATED)
   _3643_/B1                  4.0000         4.1936        -0.1936  (VIOLATED)
   _3770_/A2                  4.0000         4.1930        -0.1930  (VIOLATED)
   _3702_/C1                  4.0000         4.1923        -0.1923  (VIOLATED)
   _3792_/A2                  4.0000         4.1854        -0.1854  (VIOLATED)
   _3712_/A2                  4.0000         4.1854        -0.1854  (VIOLATED)
   _3954_/A2                  4.0000         4.1854        -0.1854  (VIOLATED)
   _3665_/B1                  4.0000         4.1854        -0.1854  (VIOLATED)
   _3631_/B1                  4.0000         4.1849        -0.1849  (VIOLATED)
   _3740_/C1                  4.0000         4.1849        -0.1849  (VIOLATED)
   _3595_/A2                  4.0000         4.1849        -0.1849  (VIOLATED)
   _3539_/ZN                  4.0000         4.1848        -0.1848  (VIOLATED)
   _3568_/ZN                  4.0000         4.1835        -0.1835  (VIOLATED)
   _3843_/A1                  4.0000         4.1428        -0.1428  (VIOLATED)
   _4344_/A1                  4.0000         4.1428        -0.1428  (VIOLATED)
   _3830_/A1                  4.0000         4.1427        -0.1427  (VIOLATED)
   _3832_/A2                  4.0000         4.1427        -0.1427  (VIOLATED)
   _3826_/A1                  4.0000         4.1427        -0.1427  (VIOLATED)
   _3833_/A1                  4.0000         4.1427        -0.1427  (VIOLATED)
   _3824_/A1                  4.0000         4.1427        -0.1427  (VIOLATED)
   _4335_/A2                  4.0000         4.1426        -0.1426  (VIOLATED)
   _3803_/A1                  4.0000         4.1426        -0.1426  (VIOLATED)
   _4341_/A1                  4.0000         4.1425        -0.1425  (VIOLATED)
   _4338_/A1                  4.0000         4.1423        -0.1423  (VIOLATED)
   _4353_/A1                  4.0000         4.1422        -0.1422  (VIOLATED)
   _4347_/A2                  4.0000         4.1421        -0.1421  (VIOLATED)
   _4137_/A1                  4.0000         4.1420        -0.1420  (VIOLATED)
   _3569_/A2                  4.0000         4.1419        -0.1419  (VIOLATED)
   _3567_/A2                  4.0000         4.1413        -0.1413  (VIOLATED)
   _5692_/A1                  4.0000         4.1410        -0.1410  (VIOLATED)
   _3572_/A1                  4.0000         4.1405        -0.1405  (VIOLATED)
   _3557_/A2                  4.0000         4.1403        -0.1403  (VIOLATED)
   _3531_/A2                  4.0000         4.1403        -0.1403  (VIOLATED)
   _3530_/A2                  4.0000         4.1402        -0.1402  (VIOLATED)
   _3556_/A2                  4.0000         4.1402        -0.1402  (VIOLATED)
   _3844_/A1                  4.0000         4.1398        -0.1398  (VIOLATED)
   _3576_/A2                  4.0000         4.1395        -0.1395  (VIOLATED)
   _3529_/Z                   4.0000         4.1394        -0.1394  (VIOLATED)
   _3711_/B1                  4.0000         4.1201        -0.1201  (VIOLATED)
   _3793_/B1                  4.0000         4.1201        -0.1201  (VIOLATED)
   _3924_/A2                  4.0000         4.1201        -0.1201  (VIOLATED)
   _3658_/B1                  4.0000         4.1201        -0.1201  (VIOLATED)
   _3861_/C1                  4.0000         4.1198        -0.1198  (VIOLATED)
   _3743_/B1                  4.0000         4.1198        -0.1198  (VIOLATED)
   _3641_/B1                  4.0000         4.1198        -0.1198  (VIOLATED)
   _3583_/A2                  4.0000         4.1197        -0.1197  (VIOLATED)
   _3582_/ZN                  4.0000         4.1196        -0.1196  (VIOLATED)
   _3785_/A2                  4.0000         4.0874        -0.0874  (VIOLATED)
   _3593_/A2                  4.0000         4.0752        -0.0752  (VIOLATED)
   _3631_/A2                  4.0000         4.0752        -0.0752  (VIOLATED)
   _3740_/A2                  4.0000         4.0751        -0.0751  (VIOLATED)
   _3660_/A2                  4.0000         4.0751        -0.0751  (VIOLATED)
   _3710_/B1                  4.0000         4.0749        -0.0749  (VIOLATED)
   _3910_/A2                  4.0000         4.0747        -0.0747  (VIOLATED)
   _3859_/A2                  4.0000         4.0747        -0.0747  (VIOLATED)
   _3522_/ZN                  4.0000         4.0746        -0.0746  (VIOLATED)
   _3883_/A2                  4.0000         4.0610        -0.0610  (VIOLATED)
   _3763_/A2                  4.0000         4.0598        -0.0598  (VIOLATED)
   _3948_/B1                  4.0000         4.0594        -0.0594  (VIOLATED)
   _3736_/B1                  4.0000         4.0578        -0.0578  (VIOLATED)
   _3702_/B1                  4.0000         4.0578        -0.0578  (VIOLATED)
   _3737_/C1                  4.0000         4.0573        -0.0573  (VIOLATED)
   _3769_/C1                  4.0000         4.0566        -0.0566  (VIOLATED)
   _3637_/A2                  4.0000         4.0563        -0.0563  (VIOLATED)
   _3650_/B1                  4.0000         4.0562        -0.0562  (VIOLATED)
   _3584_/C1                  4.0000         4.0557        -0.0557  (VIOLATED)
   _4194_/A1                  4.0000         4.0551        -0.0551  (VIOLATED)
   _3874_/A2                  4.0000         4.0537        -0.0537  (VIOLATED)
   _3912_/B1                  4.0000         4.0528        -0.0528  (VIOLATED)
   _3682_/B1                  4.0000         4.0511        -0.0511  (VIOLATED)
   _3549_/ZN                  4.0000         4.0492        -0.0492  (VIOLATED)
   _3699_/A2                  4.0000         4.0433        -0.0433  (VIOLATED)
   _3681_/ZN                  4.0000         4.0432        -0.0432  (VIOLATED)


   max_fanout

                             Required        Actual
   Pin                        Fanout         Fanout          Slack
   -----------------------------------------------------------------
   hold291/Z                 12.0000        94.0000       -82.0000  (VIOLATED)
   max_cap357/Z              12.0000        72.0000       -60.0000  (VIOLATED)
   max_cap355/Z              12.0000        70.0000       -58.0000  (VIOLATED)
   max_cap354/Z              12.0000        68.0000       -56.0000  (VIOLATED)
   max_cap359/Z              12.0000        68.0000       -56.0000  (VIOLATED)
   max_cap356/Z              12.0000        66.0000       -54.0000  (VIOLATED)
   max_cap358/Z              12.0000        62.0000       -50.0000  (VIOLATED)
   max_cap353/Z              12.0000        60.0000       -48.0000  (VIOLATED)
   load_slew350/Z            12.0000        55.0000       -43.0000  (VIOLATED)
   hold91/Z                  12.0000        53.0000       -41.0000  (VIOLATED)
   max_cap361/Z              12.0000        53.0000       -41.0000  (VIOLATED)
   hold48/Z                  12.0000        52.0000       -40.0000  (VIOLATED)
   hold65/Z                  12.0000        52.0000       -40.0000  (VIOLATED)
   hold20/Z                  12.0000        51.0000       -39.0000  (VIOLATED)
   hold12/Z                  12.0000        49.0000       -37.0000  (VIOLATED)
   hold2/Z                   12.0000        48.0000       -36.0000  (VIOLATED)
   load_slew349/Z            12.0000        48.0000       -36.0000  (VIOLATED)
   max_cap360/Z              12.0000        47.0000       -35.0000  (VIOLATED)
   _4689_/ZN                 12.0000        39.0000       -27.0000  (VIOLATED)
   hold227/Z                 12.0000        39.0000       -27.0000  (VIOLATED)
   input122/Z                12.0000        36.0000       -24.0000  (VIOLATED)
   input124/Z                12.0000        35.0000       -23.0000  (VIOLATED)
   input160/Z                12.0000        35.0000       -23.0000  (VIOLATED)
   max_cap352/Z              12.0000        35.0000       -23.0000  (VIOLATED)
   input120/Z                12.0000        33.0000       -21.0000  (VIOLATED)
   hold32/Z                  12.0000        32.0000       -20.0000  (VIOLATED)
   input117/Z                12.0000        32.0000       -20.0000  (VIOLATED)
   _3485_/Z                  12.0000        31.0000       -19.0000  (VIOLATED)
   input75/Z                 12.0000        31.0000       -19.0000  (VIOLATED)
   _3537_/Z                  12.0000        28.0000       -16.0000  (VIOLATED)
   _3552_/Z                  12.0000        28.0000       -16.0000  (VIOLATED)
   input95/Z                 12.0000        28.0000       -16.0000  (VIOLATED)
   input121/Z                12.0000        28.0000       -16.0000  (VIOLATED)
   load_slew351/Z            12.0000        27.0000       -15.0000  (VIOLATED)
   _4563_/Z                  12.0000        26.0000       -14.0000  (VIOLATED)
   input106/Z                12.0000        26.0000       -14.0000  (VIOLATED)
   _7227_/Q                  12.0000        25.0000       -13.0000  (VIOLATED)
   _7231_/Q                  12.0000        25.0000       -13.0000  (VIOLATED)
   input123/Z                12.0000        25.0000       -13.0000  (VIOLATED)
   _3529_/Z                  12.0000        24.0000       -12.0000  (VIOLATED)
   input107/Z                12.0000        24.0000       -12.0000  (VIOLATED)
   _3509_/Z                  12.0000        23.0000       -11.0000  (VIOLATED)
   _4422_/Z                  12.0000        22.0000       -10.0000  (VIOLATED)
   _4716_/Z                  12.0000        22.0000       -10.0000  (VIOLATED)
   _7234_/Q                  12.0000        22.0000       -10.0000  (VIOLATED)
   _3408_/ZN                 12.0000        21.0000        -9.0000  (VIOLATED)
   _4377_/ZN                 12.0000        21.0000        -9.0000  (VIOLATED)
   _6733_/Q                  12.0000        21.0000        -9.0000  (VIOLATED)
   _4454_/Z                  12.0000        20.0000        -8.0000  (VIOLATED)
   _4683_/Z                  12.0000        20.0000        -8.0000  (VIOLATED)
   _5957_/Z                  12.0000        20.0000        -8.0000  (VIOLATED)
   _7228_/Q                  12.0000        20.0000        -8.0000  (VIOLATED)
   _3407_/ZN                 12.0000        19.0000        -7.0000  (VIOLATED)
   clkbuf_3_6__f_wb_clk_i/Z  12.0000        19.0000        -7.0000  (VIOLATED)
   hold24/Z                  12.0000        19.0000        -7.0000  (VIOLATED)
   max_cap347/Z              12.0000        19.0000        -7.0000  (VIOLATED)
   _3385_/ZN                 12.0000        18.0000        -6.0000  (VIOLATED)
   _3401_/ZN                 12.0000        18.0000        -6.0000  (VIOLATED)
   _4011_/ZN                 12.0000        18.0000        -6.0000  (VIOLATED)
   _4532_/ZN                 12.0000        18.0000        -6.0000  (VIOLATED)
   _4700_/Z                  12.0000        18.0000        -6.0000  (VIOLATED)
   _5968_/ZN                 12.0000        18.0000        -6.0000  (VIOLATED)
   clkbuf_3_7__f_wb_clk_i/Z  12.0000        18.0000        -6.0000  (VIOLATED)
   _3402_/ZN                 12.0000        17.0000        -5.0000  (VIOLATED)
   _3541_/ZN                 12.0000        17.0000        -5.0000  (VIOLATED)
   _3543_/ZN                 12.0000        17.0000        -5.0000  (VIOLATED)
   _4784_/Z                  12.0000        17.0000        -5.0000  (VIOLATED)
   clkbuf_2_3__f_mgmt_gpio_in[4]/Z  12.0000  17.0000       -5.0000  (VIOLATED)
   max_cap343/Z              12.0000        17.0000        -5.0000  (VIOLATED)
   _3404_/ZN                 12.0000        16.0000        -4.0000  (VIOLATED)
   _3503_/ZN                 12.0000        16.0000        -4.0000  (VIOLATED)
   _3511_/ZN                 12.0000        16.0000        -4.0000  (VIOLATED)
   _3517_/ZN                 12.0000        16.0000        -4.0000  (VIOLATED)
   _3533_/Z                  12.0000        16.0000        -4.0000  (VIOLATED)
   _4520_/ZN                 12.0000        16.0000        -4.0000  (VIOLATED)
   _4526_/Z                  12.0000        16.0000        -4.0000  (VIOLATED)
   _6745_/Q                  12.0000        16.0000        -4.0000  (VIOLATED)
   clkbuf_0__1359_/Z         12.0000        16.0000        -4.0000  (VIOLATED)
   max_cap344/Z              12.0000        16.0000        -4.0000  (VIOLATED)
   _3403_/ZN                 12.0000        15.0000        -3.0000  (VIOLATED)
   _3518_/ZN                 12.0000        15.0000        -3.0000  (VIOLATED)
   _4551_/Z                  12.0000        15.0000        -3.0000  (VIOLATED)
   _4614_/Z                  12.0000        15.0000        -3.0000  (VIOLATED)
   _4703_/Z                  12.0000        15.0000        -3.0000  (VIOLATED)
   _6233_/ZN                 12.0000        15.0000        -3.0000  (VIOLATED)
   _6834_/Q                  12.0000        15.0000        -3.0000  (VIOLATED)
   clkbuf_3_1__f_wb_clk_i/Z  12.0000        15.0000        -3.0000  (VIOLATED)
   clkbuf_3_4__f_wb_clk_i/Z  12.0000        15.0000        -3.0000  (VIOLATED)
   input108/Z                12.0000        15.0000        -3.0000  (VIOLATED)
   _3406_/ZN                 12.0000        14.0000        -2.0000  (VIOLATED)
   _4366_/ZN                 12.0000        14.0000        -2.0000  (VIOLATED)
   _4502_/ZN                 12.0000        14.0000        -2.0000  (VIOLATED)
   _4524_/Z                  12.0000        14.0000        -2.0000  (VIOLATED)
   _4554_/Z                  12.0000        14.0000        -2.0000  (VIOLATED)
   _4666_/Z                  12.0000        14.0000        -2.0000  (VIOLATED)
   _4718_/ZN                 12.0000        14.0000        -2.0000  (VIOLATED)
   _5947_/ZN                 12.0000        14.0000        -2.0000  (VIOLATED)
   _6744_/Q                  12.0000        14.0000        -2.0000  (VIOLATED)
   _6835_/Q                  12.0000        14.0000        -2.0000  (VIOLATED)
   _6836_/Q                  12.0000        14.0000        -2.0000  (VIOLATED)
   clkbuf_4_5_0__1359_/Z     12.0000        14.0000        -2.0000  (VIOLATED)
   hold54/Z                  12.0000        14.0000        -2.0000  (VIOLATED)
   max_cap345/Z              12.0000        14.0000        -2.0000  (VIOLATED)
   max_cap346/Z              12.0000        14.0000        -2.0000  (VIOLATED)
   _3331_/ZN                 12.0000        13.0000        -1.0000  (VIOLATED)
   _3386_/ZN                 12.0000        13.0000        -1.0000  (VIOLATED)
   _3488_/Z                  12.0000        13.0000        -1.0000  (VIOLATED)
   _4368_/ZN                 12.0000        13.0000        -1.0000  (VIOLATED)
   _4401_/Z                  12.0000        13.0000        -1.0000  (VIOLATED)
   _4495_/Z                  12.0000        13.0000        -1.0000  (VIOLATED)
   _4517_/Z                  12.0000        13.0000        -1.0000  (VIOLATED)
   _4522_/ZN                 12.0000        13.0000        -1.0000  (VIOLATED)
   _4562_/ZN                 12.0000        13.0000        -1.0000  (VIOLATED)
   _4568_/Z                  12.0000        13.0000        -1.0000  (VIOLATED)
   _4586_/Z                  12.0000        13.0000        -1.0000  (VIOLATED)
   _6234_/ZN                 12.0000        13.0000        -1.0000  (VIOLATED)
   _6244_/ZN                 12.0000        13.0000        -1.0000  (VIOLATED)
   _7235_/Q                  12.0000        13.0000        -1.0000  (VIOLATED)
   clkbuf_4_0_0__1359_/Z     12.0000        13.0000        -1.0000  (VIOLATED)
   clkbuf_4_4_0__1359_/Z     12.0000        13.0000        -1.0000  (VIOLATED)
   max_cap348/Z              12.0000        13.0000        -1.0000  (VIOLATED)


1
