Information: Derived library resistance unit is 1.000000 Kohm (Time unit is 1 ns, and Capacitance unit is 1.000000 pF). (DES-028)

****************************************
Report : read_parasitics /home/passant/caravel-gf180mcu/signoff/housekeeping/StarRC/housekeeping.max.spef
	-pin_cap_included
	-keep_capacitive_coupling
Design : housekeeping
Version: T-2022.03-SP3
Date   : Mon Nov 28 12:49:52 2022
****************************************

        0 error(s)
        Format is SPEF
        Annotated nets                   :         6219
        Annotated capacitances           :        59912
        Annotated resistances            :        53850
        Annotated coupling capacitances  :       162114
        Annotated PI models              :            0
        Annotated Elmore delays          :            0


Executing command 'report_annotated_parasitics':
****************************************
Report : annotated_parasitics
	-internal_nets
	-boundary_nets
Design : housekeeping
Version: T-2022.03-SP3
Date   : Mon Nov 28 12:49:52 2022
****************************************

                    |         |         |         |   RC    | Coupled |   Not   |
Net Type            |  Total  | Lumped  |  RC pi  | network | network |Annotated|
--------------------+---------+---------+---------+---------+---------+---------+
Internal nets       |         |         |         |         |         |         |
  - Pin to pin nets |    5874 |       0 |       0 |      11 |    5863 |       0 |
  - Driverless nets |      20 |       0 |       0 |       0 |       0 |      20 |
  - Loadless nets   |       0 |       0 |       0 |       0 |       0 |       0 |
--------------------+---------+---------+---------+---------+---------+---------+
Boundary/port nets  |         |         |         |         |         |         |
  - Pin to pin nets |     345 |       0 |       0 |      11 |     334 |       0 |
  - Driverless nets |       0 |       0 |       0 |       0 |       0 |       0 |
  - Loadless nets   |       0 |       0 |       0 |       0 |       0 |       0 |
--------------------+---------+---------+---------+---------+---------+---------+
                    |    6239 |       0 |       0 |      22 |    6197 |      20 |

****************************************
Report : annotated_parasitics
	-check
	-internal_nets
	-boundary_nets
Design : housekeeping
Version: T-2022.03-SP3
Date   : Mon Nov 28 12:49:52 2022
****************************************

                    |         |         |         |   RC    | Coupled |   Not   |
Net Type            |  Total  | Lumped  |  RC pi  | network | network |Annotated|
--------------------+---------+---------+---------+---------+---------+---------+
Internal nets       |         |         |         |         |         |         |
  - Pin to pin nets |    5874 |       0 |       0 |      11 |    5863 |       0 |
  - Driverless nets |      20 |       0 |       0 |       0 |       0 |      20 |
  - Loadless nets   |       0 |       0 |       0 |       0 |       0 |       0 |
--------------------+---------+---------+---------+---------+---------+---------+
Boundary/port nets  |         |         |         |         |         |         |
  - Pin to pin nets |     345 |       0 |       0 |      11 |     334 |       0 |
  - Driverless nets |       0 |       0 |       0 |       0 |       0 |       0 |
  - Loadless nets   |       0 |       0 |       0 |       0 |       0 |       0 |
--------------------+---------+---------+---------+---------+---------+---------+
                    |    6239 |       0 |       0 |      22 |    6197 |      20 |

