Information: Derived library resistance unit is 1.000000 Kohm (Time unit is 1 ns, and Capacitance unit is 1.000000 pF). (DES-028)

****************************************
Report : read_parasitics /home/passant/caravel-gf180mcu/signoff/housekeeping/StarRC/housekeeping.nom.spef
	-pin_cap_included
	-keep_capacitive_coupling
Design : housekeeping
Version: T-2022.03-SP3
Date   : Wed Nov 30 10:15:08 2022
****************************************

        0 error(s)
        Format is SPEF
        Annotated nets                   :         6692
        Annotated capacitances           :        61443
        Annotated resistances            :        54896
        Annotated coupling capacitances  :       166643
        Annotated PI models              :            0
        Annotated Elmore delays          :            0


Executing command 'report_annotated_parasitics':
****************************************
Report : annotated_parasitics
	-internal_nets
	-boundary_nets
Design : housekeeping
Version: T-2022.03-SP3
Date   : Wed Nov 30 10:15:08 2022
****************************************

                    |         |         |         |   RC    | Coupled |   Not   |
Net Type            |  Total  | Lumped  |  RC pi  | network | network |Annotated|
--------------------+---------+---------+---------+---------+---------+---------+
Internal nets       |         |         |         |         |         |         |
  - Pin to pin nets |    6347 |       0 |       0 |      57 |    6290 |       0 |
  - Driverless nets |      20 |       0 |       0 |       0 |       0 |      20 |
  - Loadless nets   |       0 |       0 |       0 |       0 |       0 |       0 |
--------------------+---------+---------+---------+---------+---------+---------+
Boundary/port nets  |         |         |         |         |         |         |
  - Pin to pin nets |     345 |       0 |       0 |       2 |     343 |       0 |
  - Driverless nets |       0 |       0 |       0 |       0 |       0 |       0 |
  - Loadless nets   |       0 |       0 |       0 |       0 |       0 |       0 |
--------------------+---------+---------+---------+---------+---------+---------+
                    |    6712 |       0 |       0 |      59 |    6633 |      20 |

****************************************
Report : annotated_parasitics
	-check
	-internal_nets
	-boundary_nets
Design : housekeeping
Version: T-2022.03-SP3
Date   : Wed Nov 30 10:15:08 2022
****************************************

                    |         |         |         |   RC    | Coupled |   Not   |
Net Type            |  Total  | Lumped  |  RC pi  | network | network |Annotated|
--------------------+---------+---------+---------+---------+---------+---------+
Internal nets       |         |         |         |         |         |         |
  - Pin to pin nets |    6347 |       0 |       0 |      57 |    6290 |       0 |
  - Driverless nets |      20 |       0 |       0 |       0 |       0 |      20 |
  - Loadless nets   |       0 |       0 |       0 |       0 |       0 |       0 |
--------------------+---------+---------+---------+---------+---------+---------+
Boundary/port nets  |         |         |         |         |         |         |
  - Pin to pin nets |     345 |       0 |       0 |       2 |     343 |       0 |
  - Driverless nets |       0 |       0 |       0 |       0 |       0 |       0 |
  - Loadless nets   |       0 |       0 |       0 |       0 |       0 |       0 |
--------------------+---------+---------+---------+---------+---------+---------+
                    |    6712 |       0 |       0 |      59 |    6633 |      20 |

