Information: Derived library resistance unit is 1.000000 Kohm (Time unit is 1 ns, and Capacitance unit is 1.000000 pF). (DES-028)

****************************************
Report : read_parasitics /home/passant/caravel-gf180mcu/signoff/housekeeping/StarRC/housekeeping.max.spef
	-pin_cap_included
	-keep_capacitive_coupling
Design : housekeeping
Version: T-2022.03-SP3
Date   : Wed Dec 14 00:38:08 2022
****************************************

        0 error(s)
        Format is SPEF
        Annotated nets                   :         6692
        Annotated capacitances           :        61593
        Annotated resistances            :        55044
        Annotated coupling capacitances  :       165535
        Annotated PI models              :            0
        Annotated Elmore delays          :            0

****************************************
Report : annotated_parasitics
	-check
	-internal_nets
	-boundary_nets
Design : housekeeping
Version: T-2022.03-SP3
Date   : Wed Dec 14 00:38:08 2022
****************************************

                    |         |         |         |   RC    | Coupled |   Not   |
Net Type            |  Total  | Lumped  |  RC pi  | network | network |Annotated|
--------------------+---------+---------+---------+---------+---------+---------+
Internal nets       |         |         |         |         |         |         |
  - Pin to pin nets |    6347 |       0 |       0 |      13 |    6334 |       0 |
  - Driverless nets |      20 |       0 |       0 |       0 |       0 |      20 |
  - Loadless nets   |       0 |       0 |       0 |       0 |       0 |       0 |
--------------------+---------+---------+---------+---------+---------+---------+
Boundary/port nets  |         |         |         |         |         |         |
  - Pin to pin nets |     345 |       0 |       0 |       3 |     342 |       0 |
  - Driverless nets |       0 |       0 |       0 |       0 |       0 |       0 |
  - Loadless nets   |       0 |       0 |       0 |       0 |       0 |       0 |
--------------------+---------+---------+---------+---------+---------+---------+
                    |    6712 |       0 |       0 |      16 |    6676 |      20 |

