****************************************
Report : clock timing
	-type skew
	-nworst 1
	-hold
Design : caravel
Version: U-2022.12-SP5
Date   : Tue Nov  7 13:30:55 2023
****************************************

  Clock: clk

  Clock Pin                                 Latency   CRP     Skew
----------------------------------------------------------------------------
  chip_core/_36205_/CLK                     7.7732                     rp-+
  chip_core/housekeeping/_6832_/CLK         11.0637  -1.5025  1.7879   rp-+
----------------------------------------------------------------------------

  Clock: hk_serial_clk

  Clock Pin                                 Latency   CRP     Skew
----------------------------------------------------------------------------
  chip_core/_38511_/CLKN                    6.8091                     fp-+
  chip_core/_38491_/CLK                     8.6671   -0.5501  1.3079   rp-+
----------------------------------------------------------------------------

  Clock: hk_serial_load

  No local skews.


  Clock: hkspi_clk

  Clock Pin                                 Latency   CRP     Skew
----------------------------------------------------------------------------
  chip_core/housekeeping/_7304_/CLK         2.4339                     rp-+
  chip_core/housekeeping/_6891_/CLK         6.0102   -0.6074  2.9689   rp-+
----------------------------------------------------------------------------

1
