****************************************
Report : clock timing
	-type skew
	-nworst 1
	-hold
Design : caravel
Version: U-2022.12-SP5
Date   : Tue Nov  7 13:46:26 2023
****************************************

  Clock: clk

  Clock Pin                                 Latency   CRP     Skew
----------------------------------------------------------------------------
  chip_core/_36205_/CLK                     7.2128                     rp-+
  chip_core/housekeeping/_6832_/CLK         10.1058  -1.2466  1.6464   rp-+
----------------------------------------------------------------------------

  Clock: hk_serial_clk

  Clock Pin                                 Latency   CRP     Skew
----------------------------------------------------------------------------
  chip_core/_38511_/CLKN                    6.1204                     fp-+
  chip_core/_38491_/CLK                     7.7137   -0.4771  1.1161   rp-+
----------------------------------------------------------------------------

  Clock: hk_serial_load

  No local skews.


  Clock: hkspi_clk

  Clock Pin                                 Latency   CRP     Skew
----------------------------------------------------------------------------
  chip_core/housekeeping/_7304_/CLK         2.2655                     rp-+
  chip_core/housekeeping/_6766_/CLK         5.5261   -0.5874  2.6732   rp-+
----------------------------------------------------------------------------

1
