****************************************
Report : clock timing
	-type skew
	-nworst 1
	-hold
Design : caravel
Version: U-2022.12-SP5
Date   : Tue Nov  7 13:38:41 2023
****************************************

  Clock: clk

  Clock Pin                                 Latency   CRP     Skew
----------------------------------------------------------------------------
  chip_core/_36205_/CLK                     7.4352                     rp-+
  chip_core/housekeeping/_6832_/CLK         10.4558  -1.3417  1.6789   rp-+
----------------------------------------------------------------------------

  Clock: hk_serial_clk

  Clock Pin                                 Latency   CRP     Skew
----------------------------------------------------------------------------
  chip_core/_38511_/CLKN                    6.3777                     fp-+
  chip_core/_38491_/CLK                     8.0830   -0.4975  1.2078   rp-+
----------------------------------------------------------------------------

  Clock: hk_serial_load

  No local skews.


  Clock: hkspi_clk

  Clock Pin                                 Latency   CRP     Skew
----------------------------------------------------------------------------
  chip_core/housekeeping/_7304_/CLK         2.3327                     rp-+
  chip_core/housekeeping/_6891_/CLK         5.7058   -0.5919  2.7812   rp-+
----------------------------------------------------------------------------

1
