****************************************
Report : clock timing
	-type skew
	-nworst 1
	-setup
Design : caravel
Version: U-2022.12-SP5
Date   : Tue Nov  7 13:38:41 2023
****************************************

  Clock: clk

  Clock Pin                                 Latency   CRP     Skew
----------------------------------------------------------------------------
  chip_core/housekeeping/_7261_/CLK         10.4547                    rp-+
  chip_core/_37535_/CLK                     7.2146   -0.2881  2.9520   rp-+
----------------------------------------------------------------------------

  Clock: hk_serial_clk

  Clock Pin                                 Latency   CRP     Skew
----------------------------------------------------------------------------
  chip_core/_38409_/CLK                     9.9160                     rp-+
  chip_core/_38410_/CLK                     8.5824   -0.6938  0.6398   rp-+
----------------------------------------------------------------------------

  Clock: hk_serial_load

  No local skews.


  Clock: hkspi_clk

  Clock Pin                                 Latency   CRP     Skew
----------------------------------------------------------------------------
  chip_core/housekeeping/_6950_/CLK         5.6337                     rp-+
  chip_core/housekeeping/_7304_/CLK         2.3327   -0.5919  2.7091   rp-+
----------------------------------------------------------------------------

1
