****************************************
Report : constraint
	-all_violators
	-path slack_only
Design : caravel
Version: U-2022.12-SP5
Date   : Tue Nov  7 13:38:39 2023
****************************************






   min_capacitance

                             Required        Actual
   Pin                      Capacitance    Capacitance       Slack
   -----------------------------------------------------------------
   chip_core/gpio_control_in_1[10].BUF[0]/Z   0.0010   0.0000  -0.0010 (VIOLATED)
   chip_core/gpio_control_in_1[10].BUF[1]/Z   0.0010   0.0000  -0.0010 (VIOLATED)
   chip_core/gpio_control_in_1[10].BUF[2]/Z   0.0010   0.0000  -0.0010 (VIOLATED)
   chip_core/gpio_control_in_2[0].BUF[0]/Z   0.0010   0.0000  -0.0010 (VIOLATED)
   chip_core/gpio_control_in_2[0].BUF[1]/Z   0.0010   0.0000  -0.0010 (VIOLATED)
   chip_core/gpio_control_in_2[0].BUF[2]/Z   0.0010   0.0000  -0.0010 (VIOLATED)


   max_transition

                             Required        Actual
   Pin                      Transition     Transition        Slack
   -----------------------------------------------------------------
   padframe/flash_io1_pad/PAD   1.0000       6.0000        -5.0000  (VIOLATED)
   padframe/mgmt_clock_input_pad/PAD   1.0000   3.5000     -2.5000  (VIOLATED)
   padframe/mgmt_gpio_pad/PAD   1.0000       3.5000        -2.5000  (VIOLATED)
   padframe/mprj_pads[3]/PAD   1.0000        3.5000        -2.5000  (VIOLATED)
   padframe/mprj_pads[4]/PAD   1.0000        3.5000        -2.5000  (VIOLATED)
   padframe/mprj_pads[18]/PAD   1.0000       3.2112        -2.2112  (VIOLATED)
   padframe/mprj_pads[16]/PAD   1.0000       3.2112        -2.2112  (VIOLATED)
   padframe/mprj_pads[21]/PAD   1.0000       3.2112        -2.2112  (VIOLATED)
   padframe/mprj_pads[23]/PAD   1.0000       3.2112        -2.2112  (VIOLATED)
   padframe/mprj_pads[20]/PAD   1.0000       3.2112        -2.2112  (VIOLATED)
   padframe/mprj_pads[22]/PAD   1.0000       3.2112        -2.2112  (VIOLATED)
   padframe/mprj_pads[19]/PAD   1.0000       3.2112        -2.2112  (VIOLATED)
   padframe/mprj_pads[17]/PAD   1.0000       3.2112        -2.2112  (VIOLATED)
   padframe/mprj_pads[15]/PAD   1.0000       3.2111        -2.2111  (VIOLATED)
   padframe/mprj_pads[24]/PAD   1.0000       3.2088        -2.2088  (VIOLATED)
   padframe/mprj_pads[31]/PAD   1.0000       3.2088        -2.2088  (VIOLATED)
   padframe/mprj_pads[27]/PAD   1.0000       3.2088        -2.2088  (VIOLATED)
   padframe/mprj_pads[5]/PAD   1.0000        3.2088        -2.2088  (VIOLATED)
   padframe/mprj_pads[7]/PAD   1.0000        3.2088        -2.2088  (VIOLATED)
   padframe/mprj_pads[8]/PAD   1.0000        3.2088        -2.2088  (VIOLATED)
   padframe/mprj_pads[32]/PAD   1.0000       3.2088        -2.2088  (VIOLATED)
   padframe/mprj_pads[37]/PAD   1.0000       3.2088        -2.2088  (VIOLATED)
   padframe/mprj_pads[33]/PAD   1.0000       3.2088        -2.2088  (VIOLATED)
   padframe/mprj_pads[30]/PAD   1.0000       3.2088        -2.2088  (VIOLATED)
   padframe/mprj_pads[28]/PAD   1.0000       3.2088        -2.2088  (VIOLATED)
   padframe/mprj_pads[26]/PAD   1.0000       3.2088        -2.2088  (VIOLATED)
   padframe/mprj_pads[9]/PAD   1.0000        3.2088        -2.2088  (VIOLATED)
   padframe/mprj_pads[6]/PAD   1.0000        3.2088        -2.2088  (VIOLATED)
   padframe/mprj_pads[36]/PAD   1.0000       3.2088        -2.2088  (VIOLATED)
   padframe/mprj_pads[34]/PAD   1.0000       3.2088        -2.2088  (VIOLATED)
   padframe/mprj_pads[35]/PAD   1.0000       3.2088        -2.2088  (VIOLATED)
   padframe/mprj_pads[25]/PAD   1.0000       3.2088        -2.2088  (VIOLATED)
   padframe/mprj_pads[29]/PAD   1.0000       3.2088        -2.2088  (VIOLATED)
   padframe/mprj_pads[13]/PAD   1.0000       3.2088        -2.2088  (VIOLATED)
   padframe/mprj_pads[10]/PAD   1.0000       3.2088        -2.2088  (VIOLATED)
   padframe/mprj_pads[11]/PAD   1.0000       3.2088        -2.2088  (VIOLATED)
   padframe/mprj_pads[12]/PAD   1.0000       3.2088        -2.2088  (VIOLATED)
   padframe/mprj_pads[14]/PAD   1.0000       3.2087        -2.2087  (VIOLATED)
   padframe/mprj_pads[0]/PAD   1.0000        3.2087        -2.2087  (VIOLATED)
   padframe/mprj_pads[1]/PAD   1.0000        3.2087        -2.2087  (VIOLATED)
   padframe/flash_clk_pad/PAD   1.0000       2.7195        -1.7195  (VIOLATED)
   padframe/flash_csb_pad/PAD   1.0000       2.7195        -1.7195  (VIOLATED)
   padframe/flash_io0_pad/PAD   1.0000       2.7195        -1.7195  (VIOLATED)
   chip_core/soc.core.sram.ram512x32.RAM02/RAM/GWEN   1.5470   1.9924  -0.4454 (VIOLATED)
   chip_core/soc.core.sram.ram512x32.RAM03/RAM/GWEN   1.5470   1.9897  -0.4427 (VIOLATED)
   chip_core/soc.core.sram.ram512x32.RAM02/RAM/D[3]   1.5470   1.7301  -0.1831 (VIOLATED)
   chip_core/soc.core.sram.ram512x32.RAM00/RAM/CLK   1.5470   1.6526  -0.1056 (VIOLATED)
   chip_core/soc.core.sram.ram512x32.RAM02/RAM/CLK   1.5470   1.6221  -0.0751 (VIOLATED)
   chip_core/soc.core.sram.ram512x32.RAM03/RAM/D[6]   1.5470   1.5821  -0.0351 (VIOLATED)
   chip_core/soc.core.sram.ram512x32.RAM01/RAM/CLK   1.5470   1.5766  -0.0296 (VIOLATED)


1
