Information: Setting timing_save_pin_arrival_and_slack to TRUE and updating timing. (PTE-076)
Information: It is recommended that the variable timing_save_pin_arrival_and_slack be set before the initial timing update for optimal performance of this command. (PTE-077)
****************************************
Report : si_bottleneck
	-cost_type delta_delay
	-slack_lesser_than 10
	-all_nets
	-significant_digits 4
	-nosplit
	-minimum_active_aggressors 1
	-min
	-max
Design : mprj_io_buffer
Version: T-2022.03-SP3
Date   : Mon Nov 28 13:28:37 2022
****************************************

 Bottleneck Cost:  delta_delay
 net                                                         cost
 ---------------------------------------------------------------------
 mgmt_gpio_oeb[2]                                              0.0309
 mgmt_gpio_in[14]                                              0.0301
 mgmt_gpio_oeb[0]                                              0.0244
 mgmt_gpio_in[2]                                               0.0210
 mgmt_gpio_out[7]                                              0.0188
 mgmt_gpio_out[8]                                              0.0171
 mgmt_gpio_out[6]                                              0.0166
 mgmt_gpio_out[14]                                             0.0159
 mgmt_gpio_out[12]                                             0.0159
 mgmt_gpio_out[4]                                              0.0128
 mgmt_gpio_out[10]                                             0.0100
 mgmt_gpio_out[16]                                             0.0085
 mgmt_gpio_in[6]                                               0.0057
 mgmt_gpio_out[5]                                              0.0054
 mgmt_gpio_in[13]                                              0.0044
 mgmt_gpio_in[15]                                              0.0038
 mgmt_gpio_out[3]                                              0.0027
 mgmt_gpio_out[9]                                              0.0013
 mgmt_gpio_in[7]                                               0.0010
 mgmt_gpio_in[1]                                               0.0009
 mgmt_gpio_in[8]                                               0.0009
 mgmt_gpio_out[17]                                             0.0007
 mgmt_gpio_in[3]                                              -0.0000
 mgmt_gpio_in[11]                                             -0.0000
 mgmt_gpio_out[11]                                            -0.0000
 mgmt_gpio_in[4]                                              -0.0000
 mgmt_gpio_out[13]                                            -0.0000
 mgmt_gpio_in[5]                                              -0.0000
 mgmt_gpio_in[12]                                             -0.0000
 mgmt_gpio_out_buf[13]                                        -0.0000
 mgmt_gpio_out_buf[16]                                        -0.0000
 mgmt_gpio_in_buf[9]                                          -0.0000
 mgmt_gpio_out[15]                                            -0.0000
 mgmt_gpio_out[0]                                             -0.0000
 mgmt_gpio_out[1]                                             -0.0000
 mgmt_gpio_out[2]                                             -0.0000
 mgmt_gpio_oeb[1]                                             -0.0000
 mgmt_gpio_in_buf[13]                                         -0.0000
 mgmt_gpio_in[0]                                              -0.0000
 mgmt_gpio_in[10]                                             -0.0000
 mgmt_gpio_in[16]                                             -0.0000
 mgmt_gpio_in[17]                                             -0.0000

1
