[INFO]: Run Directory: /home/hosni/GF180/PnR_2/caravel-gf180mcu/openlane/spare_logic_block/runs/RUN_2022.12.05_18.35.53
[INFO]: Storing configs into config.tcl ...
[INFO]: Preparing LEF files for the nom corner...
[INFO]: Extracting the number of available metal layers from /home/hosni/GF180/PnR_2/OpenLane/pdks/gf180mcuC/libs.ref/gf180mcu_fd_sc_mcu7t5v0/techlef/gf180mcu_fd_sc_mcu7t5v0__nom.tlef...
[INFO]: The available metal layers (5) are Metal1 Metal2 Metal3 Metal4 Metal5.
[INFO]: Merging LEF Files...
[INFO]: Created merged LEF without pads at 'spare_logic_block/runs/RUN_2022.12.05_18.35.53/tmp/merged.nom.lef'...
[INFO]: Preparing LEF files for the min corner...
[INFO]: Created merged LEF without pads at 'spare_logic_block/runs/RUN_2022.12.05_18.35.53/tmp/merged.min.lef'...
[INFO]: Preparing LEF files for the max corner...
[INFO]: Created merged LEF without pads at 'spare_logic_block/runs/RUN_2022.12.05_18.35.53/tmp/merged.max.lef'...
[INFO]: Trimming liberty files {/home/hosni/GF180/PnR_2/caravel-gf180mcu/openlane/spare_logic_block/runs/RUN_2022.12.05_18.35.53/tmp/synthesis/merged.lib} into /home/hosni/GF180/PnR_2/caravel-gf180mcu/openlane/spare_logic_block/runs/RUN_2022.12.05_18.35.53/tmp/synthesis/trimmed.lib...
[INFO]: Generating cell exclude list...
[INFO]: Creating ::env(DONT_USE_CELLS)...
[INFO]: Created ::env(DONT_USE_CELLS): {gf180mcu_fd_sc_mcu7t5v0__mux2_1 gf180mcu_fd_sc_mcu7t5v0__oai33_2 gf180mcu_fd_sc_mcu7t5v0__sdffq_1 gf180mcu_fd_sc_mcu7t5v0__sdffq_2 gf180mcu_fd_sc_mcu7t5v0__sdffq_4 gf180mcu_fd_sc_mcu7t5v0__sdffrnq_1 gf180mcu_fd_sc_mcu7t5v0__sdffrnq_2 gf180mcu_fd_sc_mcu7t5v0__sdffrnq_4 gf180mcu_fd_sc_mcu7t5v0__sdffrsnq_1 gf180mcu_fd_sc_mcu7t5v0__sdffrsnq_2 gf180mcu_fd_sc_mcu7t5v0__sdffrsnq_4 gf180mcu_fd_sc_mcu7t5v0__sdffsnq_1 gf180mcu_fd_sc_mcu7t5v0__sdffsnq_2 gf180mcu_fd_sc_mcu7t5v0__sdffsnq_4  }
[INFO]: Trimming liberty files {/home/hosni/GF180/PnR_2//OpenLane/pdks/gf180mcuC/libs.ref/gf180mcu_fd_sc_mcu7t5v0/liberty/gf180mcu_fd_sc_mcu7t5v0__tt_025C_5v00.lib} into /home/hosni/GF180/PnR_2/caravel-gf180mcu/openlane/spare_logic_block/runs/RUN_2022.12.05_18.35.53/tmp/cts/cts.lib...
[INFO]: Generating cell exclude list...
[INFO]: Creating ::env(DONT_USE_CELLS)...
[INFO]: Created ::env(DONT_USE_CELLS): {gf180mcu_fd_sc_mcu7t5v0__mux2_1 gf180mcu_fd_sc_mcu7t5v0__oai33_2 }
[INFO]: Running Synthesis (log: spare_logic_block/runs/RUN_2022.12.05_18.35.53/logs/synthesis/1-synthesis.log)...
[INFO]: Executing yosys with Tcl script '../../../../../../openlane/scripts/yosys/synth.tcl'...
[INFO]: Changing netlist to 'spare_logic_block/runs/RUN_2022.12.05_18.35.53/results/synthesis/spare_logic_block.v'...
[INFO]: Running Single-Corner Static Timing Analysis (log: spare_logic_block/runs/RUN_2022.12.05_18.35.53/logs/synthesis/2-sta.log)...
[INFO]: Executing openroad with Tcl script '../../../../../../openlane/scripts/openroad/sta.tcl'...
[INFO]: Running Initial Floorplanning (log: spare_logic_block/runs/RUN_2022.12.05_18.35.53/logs/floorplan/3-initial_fp.log)...
[INFO]: Executing openroad with Tcl script '../../../../../../openlane/scripts/openroad/floorplan.tcl'...
[INFO]: Changing layout to 'spare_logic_block/runs/RUN_2022.12.05_18.35.53/tmp/floorplan/3-initial_fp.def'...
[INFO]: Changing timing constraints to 'spare_logic_block/runs/RUN_2022.12.05_18.35.53/tmp/floorplan/3-initial_fp.sdc'...
[INFO]: Changing database to 'spare_logic_block/runs/RUN_2022.12.05_18.35.53/tmp/floorplan/3-initial_fp.odb'...
[INFO]: Core area width: 63.279999999999994
[INFO]: Core area height: 50.959999999999994
[INFO]: Final Vertical PDN Offset: 16.32
[INFO]: Final Horizontal PDN Offset: 16.65
[INFO]: Final Vertical PDN Pitch: 15.95
[INFO]: Final Horizontal PDN Pitch: 153.18
[INFO]: Extracting core dimensions...
[INFO]: Floorplanned with width 63.28 and height 50.96.
[INFO]: Running IO Placement...
[INFO]: Executing openroad with Tcl script '../../../../../../openlane/scripts/openroad/ioplacer.tcl'...
[INFO]: Changing layout to 'spare_logic_block/runs/RUN_2022.12.05_18.35.53/tmp/floorplan/4-io.def'...
[INFO]: Changing database to 'spare_logic_block/runs/RUN_2022.12.05_18.35.53/tmp/floorplan/4-io.odb'...
[INFO]: Running Tap/Decap Insertion (log: spare_logic_block/runs/RUN_2022.12.05_18.35.53/logs/floorplan/5-tap.log)...
[INFO]: Executing openroad with Tcl script '../../../../../../openlane/scripts/openroad/tapcell.tcl'...
[INFO]: Changing layout to 'spare_logic_block/runs/RUN_2022.12.05_18.35.53/results/floorplan/spare_logic_block.def'...
[INFO]: Changing database to 'spare_logic_block/runs/RUN_2022.12.05_18.35.53/results/floorplan/spare_logic_block.odb'...
[INFO]: Power planning with power {VDD} and ground {VSS}...
[INFO]: Generating PDN (log: spare_logic_block/runs/RUN_2022.12.05_18.35.53/logs/floorplan/6-pdn.log)...
[INFO]: Executing openroad with Tcl script '../../../../../../openlane/scripts/openroad/pdn.tcl'...
[INFO]: Changing layout to 'spare_logic_block/runs/RUN_2022.12.05_18.35.53/tmp/floorplan/6-pdn.def'...
[INFO]: Changing database to 'spare_logic_block/runs/RUN_2022.12.05_18.35.53/tmp/floorplan/6-pdn.odb'...
[INFO]: Running Global Placement (log: spare_logic_block/runs/RUN_2022.12.05_18.35.53/logs/placement/7-global.log)...
[INFO]: Executing openroad with Tcl script '../../../../../../openlane/scripts/openroad/gpl.tcl'...
[INFO]: Changing layout to 'spare_logic_block/runs/RUN_2022.12.05_18.35.53/tmp/placement/7-global.def'...
[INFO]: Changing database to 'spare_logic_block/runs/RUN_2022.12.05_18.35.53/tmp/placement/7-global.odb'...
[INFO]: Skipping Placement Resizer Design Optimizations.
[INFO]: Running Detailed Placement (log: spare_logic_block/runs/RUN_2022.12.05_18.35.53/logs/placement/8-detailed.log)...
[INFO]: Executing openroad with Tcl script '../../../../../../openlane/scripts/openroad/dpl.tcl'...
[INFO]: Changing layout to 'spare_logic_block/runs/RUN_2022.12.05_18.35.53/results/placement/spare_logic_block.def'...
[INFO]: Changing database to 'spare_logic_block/runs/RUN_2022.12.05_18.35.53/results/placement/spare_logic_block.odb'...
[INFO]: Changing netlist to 'spare_logic_block/runs/RUN_2022.12.05_18.35.53/results/placement/spare_logic_block.nl.v'...
[INFO]: Skipping Placement Resizer Timing Optimizations.
[INFO]: Starting routing process...
[INFO]: Skipping Global Routing Resizer Timing Optimizations.
[INFO]: Running Diode Insertion (log: spare_logic_block/runs/RUN_2022.12.05_18.35.53/logs/routing/9-diodes.log)...
[INFO]: Changing layout to 'spare_logic_block/runs/RUN_2022.12.05_18.35.53/tmp/routing/9-diodes.def'...
[INFO]: Changing database to 'spare_logic_block/runs/RUN_2022.12.05_18.35.53/tmp/routing/9-diodes.odb'...
[INFO]: Running Detailed Placement (log: spare_logic_block/runs/RUN_2022.12.05_18.35.53/logs/routing/10-diode_legalization.log)...
[INFO]: Executing openroad with Tcl script '../../../../../../openlane/scripts/openroad/dpl.tcl'...
[INFO]: Changing layout to 'spare_logic_block/runs/RUN_2022.12.05_18.35.53/tmp/routing/diodes.def'...
[INFO]: Changing database to 'spare_logic_block/runs/RUN_2022.12.05_18.35.53/tmp/routing/diodes.odb'...
[INFO]: Changing netlist to 'spare_logic_block/runs/RUN_2022.12.05_18.35.53/tmp/routing/diodes.nl.v'...
[INFO]: Running Fill Insertion (log: spare_logic_block/runs/RUN_2022.12.05_18.35.53/logs/routing/11-fill.log)...
[INFO]: Executing openroad with Tcl script '../../../../../../openlane/scripts/openroad/fill.tcl'...
[INFO]: Changing layout to 'spare_logic_block/runs/RUN_2022.12.05_18.35.53/tmp/routing/11-fill.def'...
[INFO]: Changing database to 'spare_logic_block/runs/RUN_2022.12.05_18.35.53/tmp/routing/11-fill.odb'...
[INFO]: Changing netlist to 'spare_logic_block/runs/RUN_2022.12.05_18.35.53/tmp/routing/11-fill.nl.v'...
[INFO]: Running Global Routing (log: spare_logic_block/runs/RUN_2022.12.05_18.35.53/logs/routing/12-global.log)...
[INFO]: Executing openroad with Tcl script '../../../../../../openlane/scripts/openroad/groute.tcl'...
[INFO]: Changing layout to 'spare_logic_block/runs/RUN_2022.12.05_18.35.53/tmp/routing/12-global.def'...
[INFO]: Changing guide to 'spare_logic_block/runs/RUN_2022.12.05_18.35.53/tmp/routing/12-global.guide'...
[INFO]: Changing database to 'spare_logic_block/runs/RUN_2022.12.05_18.35.53/tmp/routing/12-global.odb'...
[INFO]: Writing Verilog (log: spare_logic_block/runs/RUN_2022.12.05_18.35.53/logs/routing/12-global_write_netlist.log)...
[INFO]: Executing openroad with Tcl script '../../../../../../openlane/scripts/openroad/write_views.tcl'...
[INFO]: Changing netlist to 'spare_logic_block/runs/RUN_2022.12.05_18.35.53/tmp/routing/global.nl.v'...
[INFO]: Running Detailed Routing (log: spare_logic_block/runs/RUN_2022.12.05_18.35.53/logs/routing/14-detailed.log)...
[INFO]: Executing openroad with Tcl script '../../../../../../openlane/scripts/openroad/droute.tcl'...
[INFO]: Changing layout to 'spare_logic_block/runs/RUN_2022.12.05_18.35.53/results/routing/spare_logic_block.def'...
[INFO]: Changing database to 'spare_logic_block/runs/RUN_2022.12.05_18.35.53/results/routing/spare_logic_block.odb'...
[INFO]: Changing netlist to 'spare_logic_block/runs/RUN_2022.12.05_18.35.53/results/routing/spare_logic_block.nl.v'...
[INFO]: No DRC violations after detailed routing.
[INFO]: Checking Wire Lengths (log: spare_logic_block/runs/RUN_2022.12.05_18.35.53/logs/routing/15-wire_lengths.log)...
[INFO]: Running SPEF Extraction at the min process corner (log: spare_logic_block/runs/RUN_2022.12.05_18.35.53/logs/signoff/16-parasitics_extraction.min.log)...
[INFO]: /home/hosni/GF180/PnR_2//OpenLane/pdks/gf180mcuC/libs.tech/openlane/rules.openrcx.gf180mcuC.min existence verified.
[INFO]: /home/hosni/GF180/PnR_2//OpenLane/pdks/gf180mcuC/libs.ref/gf180mcu_fd_sc_mcu7t5v0/liberty/gf180mcu_fd_sc_mcu7t5v0__tt_025C_5v00.lib existence verified.
[INFO]: Executing openroad with Tcl script '../../../../../../openlane/scripts/openroad/rcx.tcl'...
[INFO]: Running Multi-Corner Static Timing Analysis at the min process corner (log: spare_logic_block/runs/RUN_2022.12.05_18.35.53/logs/signoff/17-rcx_mcsta.min.log)...
[INFO]: Executing openroad with Tcl script '../../../../../../openlane/scripts/openroad/sta_multi_corner.tcl'...
[INFO]: Running SPEF Extraction at the max process corner (log: spare_logic_block/runs/RUN_2022.12.05_18.35.53/logs/signoff/18-parasitics_extraction.max.log)...
[INFO]: /home/hosni/GF180/PnR_2//OpenLane/pdks/gf180mcuC/libs.tech/openlane/rules.openrcx.gf180mcuC.max existence verified.
[INFO]: /home/hosni/GF180/PnR_2//OpenLane/pdks/gf180mcuC/libs.ref/gf180mcu_fd_sc_mcu7t5v0/liberty/gf180mcu_fd_sc_mcu7t5v0__tt_025C_5v00.lib existence verified.
[INFO]: Executing openroad with Tcl script '../../../../../../openlane/scripts/openroad/rcx.tcl'...
[INFO]: Running Multi-Corner Static Timing Analysis at the max process corner (log: spare_logic_block/runs/RUN_2022.12.05_18.35.53/logs/signoff/19-rcx_mcsta.max.log)...
[INFO]: Executing openroad with Tcl script '../../../../../../openlane/scripts/openroad/sta_multi_corner.tcl'...
[INFO]: Running SPEF Extraction at the nom process corner (log: spare_logic_block/runs/RUN_2022.12.05_18.35.53/logs/signoff/20-parasitics_extraction.nom.log)...
[INFO]: /home/hosni/GF180/PnR_2//OpenLane/pdks/gf180mcuC/libs.tech/openlane/rules.openrcx.gf180mcuC.nom existence verified.
[INFO]: /home/hosni/GF180/PnR_2//OpenLane/pdks/gf180mcuC/libs.ref/gf180mcu_fd_sc_mcu7t5v0/liberty/gf180mcu_fd_sc_mcu7t5v0__tt_025C_5v00.lib existence verified.
[INFO]: Executing openroad with Tcl script '../../../../../../openlane/scripts/openroad/rcx.tcl'...
[INFO]: Running Multi-Corner Static Timing Analysis at the nom process corner (log: spare_logic_block/runs/RUN_2022.12.05_18.35.53/logs/signoff/21-rcx_mcsta.nom.log)...
[INFO]: Executing openroad with Tcl script '../../../../../../openlane/scripts/openroad/sta_multi_corner.tcl'...
[INFO]: Running Single-Corner Static Timing Analysis at the nom process corner (log: spare_logic_block/runs/RUN_2022.12.05_18.35.53/logs/signoff/22-rcx_sta.log)...
[INFO]: Executing openroad with Tcl script '../../../../../../openlane/scripts/openroad/sta.tcl'...
[INFO]: Creating IR Drop Report (log: spare_logic_block/runs/RUN_2022.12.05_18.35.53/logs/signoff/23-irdrop.log)...
[INFO]: Executing openroad with Tcl script '../../../../../../openlane/scripts/openroad/irdrop.tcl'...
[INFO]: Running Magic to generate various views...
[INFO]: Streaming out GDSII with Magic (log: spare_logic_block/runs/RUN_2022.12.05_18.35.53/logs/signoff/24-gdsii.log)...
[INFO]: Executing magic with Tcl script '../../../../../../openlane/scripts/magic/def/mag_gds.tcl'...
[INFO]: Generating MAGLEF views...
[INFO]: Executing magic with Tcl script '../../../../../../openlane/scripts/magic/gds/mag_with_pointers.tcl'...
[INFO]: Executing magic with Tcl script '../../../../../../openlane/scripts/magic/mag/lef.tcl'...
[INFO]: Executing magic with Tcl script '../../../../../../openlane/scripts/magic/lef/maglef.tcl'...
[INFO]: Running Magic Spice Export from GDS (log: spare_logic_block/runs/RUN_2022.12.05_18.35.53/logs/signoff/25-gds.spice.log)...
[INFO]: Executing magic with Tcl script '../../../../../../openlane/scripts/magic/extract_spice.tcl'...
[INFO]: Starting LVS process...
[INFO]: Writing Powered Verilog (logs: spare_logic_block/runs/RUN_2022.12.05_18.35.53/logs/signoff/26-write_powered_def.log, spare_logic_block/runs/RUN_2022.12.05_18.35.53/logs/signoff/26-write_powered_verilog.log)...
[INFO]: Writing Verilog (log: spare_logic_block/runs/RUN_2022.12.05_18.35.53/logs/signoff/26-write_powered_verilog.log)...
[INFO]: Executing openroad with Tcl script '../../../../../../openlane/scripts/openroad/write_views.tcl'...
[INFO]: Changing netlist to 'spare_logic_block/runs/RUN_2022.12.05_18.35.53/tmp/signoff/25-spare_logic_block.nl.v'...
[INFO]: Running LVS (log: spare_logic_block/runs/RUN_2022.12.05_18.35.53/logs/signoff/28-lvs.gds.log)...
[INFO]: /home/hosni/GF180/PnR_2/caravel-gf180mcu/openlane/spare_logic_block/runs/RUN_2022.12.05_18.35.53/results/signoff/spare_logic_block.gds.spice against /home/hosni/GF180/PnR_2/caravel-gf180mcu/openlane/spare_logic_block/runs/RUN_2022.12.05_18.35.53/tmp/signoff/25-spare_logic_block.pnl.v
[INFO]: Running Magic DRC (log: spare_logic_block/runs/RUN_2022.12.05_18.35.53/logs/signoff/29-drc.log)...
[INFO]: Executing magic with Tcl script '../../../../../../openlane/scripts/magic/drc.tcl'...
[INFO]: Converting Magic DRC database to various tool-readable formats...
[INFO]: No DRC violations after GDS streaming out.
[INFO]: Running OpenROAD Antenna Rule Checker (log: spare_logic_block/runs/RUN_2022.12.05_18.35.53/logs/signoff/30-antenna.log)...
[INFO]: Executing openroad with Tcl script '../../../../../../openlane/scripts/openroad/antenna_check.tcl'...
[WARNING]: This PDK does not support the Circuit Validity Checker, skipping...
[INFO]: Saving current set of views in 'spare_logic_block/runs/RUN_2022.12.05_18.35.53/results/final'...
[INFO]: Saving current set of views in '..'...
[INFO]: Calculating runtime...
[INFO]: Saving runtime environment...
[INFO]: Generating final set of reports...
[INFO]: Created manufacturability report at 'spare_logic_block/runs/RUN_2022.12.05_18.35.53/reports/manufacturability.rpt'.
[INFO]: Created metrics report at 'spare_logic_block/runs/RUN_2022.12.05_18.35.53/reports/metrics.csv'.
[INFO]: There are no max slew, max fanout or max capacitance violations in the design at the typical corner.
[INFO]: There are no hold violations in the design at the typical corner.
[INFO]: There are no setup violations in the design at the typical corner.
[SUCCESS]: Flow complete.
[INFO]: Note that the following warnings have been generated:
