****************************************
Report : constraint
	-all_violators
	-path slack_only
Design : housekeeping
Version: T-2022.03-SP3
Date   : Mon Nov 28 12:49:33 2022
****************************************






   max_capacitance

                             Required        Actual
   Pin                      Capacitance    Capacitance       Slack
   -----------------------------------------------------------------
   hold52/Z                   0.4692         0.8649        -0.3957  (VIOLATED)
   hold62/Z                   0.4692         0.8003        -0.3311  (VIOLATED)
   hold86/Z                   0.4692         0.7894        -0.3202  (VIOLATED)
   hold29/Z                   0.4692         0.7656        -0.2964  (VIOLATED)
   hold15/Z                   0.4692         0.7643        -0.2951  (VIOLATED)
   hold2/Z                    0.4692         0.7529        -0.2837  (VIOLATED)
   hold113/Z                  0.4692         0.5865        -0.1173  (VIOLATED)


   max_transition

                             Required        Actual
   Pin                      Transition     Transition        Slack
   -----------------------------------------------------------------
   _5888_/I0                  2.6000         4.8570        -2.2570  (VIOLATED)
   _5744_/I0                  2.6000         4.8552        -2.2552  (VIOLATED)
   _5735_/I0                  2.6000         4.8550        -2.2550  (VIOLATED)
   _5561_/I0                  2.6000         4.8397        -2.2397  (VIOLATED)
   _5780_/I0                  2.6000         4.8397        -2.2397  (VIOLATED)
   _5879_/I0                  2.6000         4.8397        -2.2397  (VIOLATED)
   _5843_/I0                  2.6000         4.8397        -2.2397  (VIOLATED)
   _5825_/I0                  2.6000         4.8397        -2.2397  (VIOLATED)
   _5834_/I0                  2.6000         4.8397        -2.2397  (VIOLATED)
   _5543_/I0                  2.6000         4.8397        -2.2397  (VIOLATED)
   _5753_/I0                  2.6000         4.8397        -2.2397  (VIOLATED)
   _4250_/I0                  2.6000         4.8397        -2.2397  (VIOLATED)
   _5861_/I0                  2.6000         4.8397        -2.2397  (VIOLATED)
   _5588_/I1                  2.6000         4.8397        -2.2397  (VIOLATED)
   _4219_/I1                  2.6000         4.8397        -2.2397  (VIOLATED)
   _5501_/I1                  2.6000         4.8396        -2.2396  (VIOLATED)
   _5816_/I0                  2.6000         4.8396        -2.2396  (VIOLATED)
   _5579_/I1                  2.6000         4.8396        -2.2396  (VIOLATED)
   _5507_/I1                  2.6000         4.8396        -2.2396  (VIOLATED)
   _5762_/I1                  2.6000         4.8395        -2.2395  (VIOLATED)
   _4123_/I0                  2.6000         4.8395        -2.2395  (VIOLATED)
   _5523_/I1                  2.6000         4.8395        -2.2395  (VIOLATED)
   _5570_/I0                  2.6000         4.8394        -2.2394  (VIOLATED)
   _4110_/I0                  2.6000         4.8394        -2.2394  (VIOLATED)
   _5798_/I0                  2.6000         4.8394        -2.2394  (VIOLATED)
   _5660_/I1                  2.6000         4.8394        -2.2394  (VIOLATED)
   _5615_/I0                  2.6000         4.8394        -2.2394  (VIOLATED)
   _4132_/I0                  2.6000         4.8393        -2.2393  (VIOLATED)
   _5552_/I0                  2.6000         4.8392        -2.2392  (VIOLATED)
   _4257_/I0                  2.6000         4.8392        -2.2392  (VIOLATED)
   _4236_/I1                  2.6000         4.8392        -2.2392  (VIOLATED)
   _4202_/I1                  2.6000         4.8392        -2.2392  (VIOLATED)
   _5723_/I0                  2.6000         4.8391        -2.2391  (VIOLATED)
   _4266_/I1                  2.6000         4.8391        -2.2391  (VIOLATED)
   _5714_/I0                  2.6000         4.8391        -2.2391  (VIOLATED)
   _5705_/I1                  2.6000         4.8391        -2.2391  (VIOLATED)
   _4153_/I0                  2.6000         4.8390        -2.2390  (VIOLATED)
   _5789_/I0                  2.6000         4.8390        -2.2390  (VIOLATED)
   _5687_/I1                  2.6000         4.8389        -2.2389  (VIOLATED)
   _5696_/I0                  2.6000         4.8389        -2.2389  (VIOLATED)
   _5807_/I0                  2.6000         4.8389        -2.2389  (VIOLATED)
   _5678_/I1                  2.6000         4.8389        -2.2389  (VIOLATED)
   _5852_/I0                  2.6000         4.8389        -2.2389  (VIOLATED)
   _5771_/I0                  2.6000         4.8389        -2.2389  (VIOLATED)
   _5870_/I0                  2.6000         4.8389        -2.2389  (VIOLATED)
   _5597_/I0                  2.6000         4.8389        -2.2389  (VIOLATED)
   _5633_/I0                  2.6000         4.8387        -2.2387  (VIOLATED)
   _5651_/I1                  2.6000         4.8387        -2.2387  (VIOLATED)
   _5624_/I0                  2.6000         4.8387        -2.2387  (VIOLATED)
   _5669_/I1                  2.6000         4.8386        -2.2386  (VIOLATED)
   _5642_/I1                  2.6000         4.8386        -2.2386  (VIOLATED)
   _5606_/I0                  2.6000         4.8386        -2.2386  (VIOLATED)
   hold52/Z                   2.6000         4.8378        -2.2378  (VIOLATED)
   _5571_/I0                  2.6000         4.5362        -1.9362  (VIOLATED)
   _5625_/I0                  2.6000         4.5362        -1.9362  (VIOLATED)
   _5697_/I0                  2.6000         4.5362        -1.9362  (VIOLATED)
   _5808_/I0                  2.6000         4.5362        -1.9362  (VIOLATED)
   _5715_/I0                  2.6000         4.5361        -1.9361  (VIOLATED)
   _5781_/I0                  2.6000         4.5361        -1.9361  (VIOLATED)
   _5616_/I0                  2.6000         4.5361        -1.9361  (VIOLATED)
   _5736_/I0                  2.6000         4.5361        -1.9361  (VIOLATED)
   _5652_/I1                  2.6000         4.5361        -1.9361  (VIOLATED)
   _5607_/I0                  2.6000         4.5360        -1.9360  (VIOLATED)
   _4154_/I0                  2.6000         4.5360        -1.9360  (VIOLATED)
   _5679_/I1                  2.6000         4.5360        -1.9360  (VIOLATED)
   _5598_/I0                  2.6000         4.5360        -1.9360  (VIOLATED)
   _5580_/I1                  2.6000         4.5360        -1.9360  (VIOLATED)
   _4112_/I0                  2.6000         4.5359        -1.9359  (VIOLATED)
   _4267_/I1                  2.6000         4.5358        -1.9358  (VIOLATED)
   _4221_/I1                  2.6000         4.5358        -1.9358  (VIOLATED)
   _5799_/I0                  2.6000         4.5357        -1.9357  (VIOLATED)
   _5763_/I1                  2.6000         4.5356        -1.9356  (VIOLATED)
   _5502_/I1                  2.6000         4.5356        -1.9356  (VIOLATED)
   _5508_/I1                  2.6000         4.5356        -1.9356  (VIOLATED)
   _5706_/I1                  2.6000         4.5356        -1.9356  (VIOLATED)
   _5634_/I0                  2.6000         4.5355        -1.9355  (VIOLATED)
   _5853_/I0                  2.6000         4.5355        -1.9355  (VIOLATED)
   _5880_/I0                  2.6000         4.5355        -1.9355  (VIOLATED)
   _5589_/I1                  2.6000         4.5355        -1.9355  (VIOLATED)
   _5871_/I0                  2.6000         4.5355        -1.9355  (VIOLATED)
   _4133_/I0                  2.6000         4.5354        -1.9354  (VIOLATED)
   _5661_/I1                  2.6000         4.5352        -1.9352  (VIOLATED)
   _5835_/I0                  2.6000         4.5349        -1.9349  (VIOLATED)
   _5670_/I1                  2.6000         4.5348        -1.9348  (VIOLATED)
   _5817_/I0                  2.6000         4.5348        -1.9348  (VIOLATED)
   _5826_/I0                  2.6000         4.5348        -1.9348  (VIOLATED)
   _4124_/I0                  2.6000         4.5347        -1.9347  (VIOLATED)
   _5688_/I1                  2.6000         4.5347        -1.9347  (VIOLATED)
   _5889_/I0                  2.6000         4.5346        -1.9346  (VIOLATED)
   _5724_/I0                  2.6000         4.5326        -1.9326  (VIOLATED)
   _5643_/I1                  2.6000         4.5326        -1.9326  (VIOLATED)
   _5522_/I1                  2.6000         4.5326        -1.9326  (VIOLATED)
   _5745_/I0                  2.6000         4.5319        -1.9319  (VIOLATED)
   _5790_/I0                  2.6000         4.5274        -1.9274  (VIOLATED)
   _5562_/I0                  2.6000         4.5273        -1.9273  (VIOLATED)
   _4238_/I1                  2.6000         4.5269        -1.9269  (VIOLATED)
   _5772_/I0                  2.6000         4.5269        -1.9269  (VIOLATED)
   _5553_/I0                  2.6000         4.5268        -1.9268  (VIOLATED)
   _5754_/I0                  2.6000         4.5266        -1.9266  (VIOLATED)
   _5844_/I0                  2.6000         4.5266        -1.9266  (VIOLATED)
   hold62/Z                   2.6000         4.5262        -1.9262  (VIOLATED)
   _5862_/I0                  2.6000         4.5261        -1.9261  (VIOLATED)
   _4251_/I0                  2.6000         4.5257        -1.9257  (VIOLATED)
   _4258_/I0                  2.6000         4.5249        -1.9249  (VIOLATED)
   _4204_/I1                  2.6000         4.5247        -1.9247  (VIOLATED)
   _5544_/I0                  2.6000         4.5242        -1.9242  (VIOLATED)
   _5587_/I1                  2.6000         4.4555        -1.8555  (VIOLATED)
   _5560_/I0                  2.6000         4.4530        -1.8530  (VIOLATED)
   _5815_/I0                  2.6000         4.4527        -1.8527  (VIOLATED)
   _5788_/I0                  2.6000         4.4416        -1.8416  (VIOLATED)
   _5887_/I0                  2.6000         4.4416        -1.8416  (VIOLATED)
   _5860_/I0                  2.6000         4.4416        -1.8416  (VIOLATED)
   _5878_/I0                  2.6000         4.4416        -1.8416  (VIOLATED)
   _5722_/I0                  2.6000         4.4416        -1.8416  (VIOLATED)
   _5713_/I0                  2.6000         4.4416        -1.8416  (VIOLATED)
   _5533_/I1                  2.6000         4.4415        -1.8415  (VIOLATED)
   _5869_/I0                  2.6000         4.4415        -1.8415  (VIOLATED)
   _5851_/I0                  2.6000         4.4415        -1.8415  (VIOLATED)
   _5743_/I0                  2.6000         4.4414        -1.8414  (VIOLATED)
   _5752_/I0                  2.6000         4.4414        -1.8414  (VIOLATED)
   _5686_/I1                  2.6000         4.4414        -1.8414  (VIOLATED)
   _5761_/I1                  2.6000         4.4414        -1.8414  (VIOLATED)
   _5704_/I1                  2.6000         4.4414        -1.8414  (VIOLATED)
   _5824_/I0                  2.6000         4.4414        -1.8414  (VIOLATED)
   _5632_/I0                  2.6000         4.4414        -1.8414  (VIOLATED)
   _5842_/I0                  2.6000         4.4414        -1.8414  (VIOLATED)
   _5668_/I1                  2.6000         4.4413        -1.8413  (VIOLATED)
   _4217_/I1                  2.6000         4.4413        -1.8413  (VIOLATED)
   _4265_/I1                  2.6000         4.4413        -1.8413  (VIOLATED)
   _5734_/I0                  2.6000         4.4413        -1.8413  (VIOLATED)
   _4249_/I0                  2.6000         4.4413        -1.8413  (VIOLATED)
   _5524_/I1                  2.6000         4.4413        -1.8413  (VIOLATED)
   _5833_/I0                  2.6000         4.4413        -1.8413  (VIOLATED)
   _5797_/I0                  2.6000         4.4413        -1.8413  (VIOLATED)
   _5542_/I0                  2.6000         4.4413        -1.8413  (VIOLATED)
   _4108_/I0                  2.6000         4.4413        -1.8413  (VIOLATED)
   _5500_/I1                  2.6000         4.4413        -1.8413  (VIOLATED)
   _5506_/I1                  2.6000         4.4413        -1.8413  (VIOLATED)
   _5605_/I0                  2.6000         4.4413        -1.8413  (VIOLATED)
   _5650_/I1                  2.6000         4.4413        -1.8413  (VIOLATED)
   _5578_/I1                  2.6000         4.4412        -1.8412  (VIOLATED)
   _5614_/I0                  2.6000         4.4412        -1.8412  (VIOLATED)
   _5641_/I1                  2.6000         4.4412        -1.8412  (VIOLATED)
   _5695_/I0                  2.6000         4.4412        -1.8412  (VIOLATED)
   _5779_/I0                  2.6000         4.4412        -1.8412  (VIOLATED)
   _5596_/I0                  2.6000         4.4412        -1.8412  (VIOLATED)
   _4131_/I0                  2.6000         4.4411        -1.8411  (VIOLATED)
   _5623_/I0                  2.6000         4.4411        -1.8411  (VIOLATED)
   _5659_/I1                  2.6000         4.4411        -1.8411  (VIOLATED)
   _4122_/I0                  2.6000         4.4411        -1.8411  (VIOLATED)
   _5677_/I1                  2.6000         4.4410        -1.8410  (VIOLATED)
   _4152_/I0                  2.6000         4.4410        -1.8410  (VIOLATED)
   _5806_/I0                  2.6000         4.4409        -1.8409  (VIOLATED)
   _5770_/I0                  2.6000         4.4407        -1.8407  (VIOLATED)
   _5569_/I0                  2.6000         4.4404        -1.8404  (VIOLATED)
   _4234_/I1                  2.6000         4.4389        -1.8389  (VIOLATED)
   _5551_/I0                  2.6000         4.4388        -1.8388  (VIOLATED)
   hold86/Z                   2.6000         4.4384        -1.8384  (VIOLATED)
   _4200_/I1                  2.6000         4.4382        -1.8382  (VIOLATED)
   _4256_/I0                  2.6000         4.4381        -1.8381  (VIOLATED)
   _5617_/I0                  2.6000         4.3361        -1.7361  (VIOLATED)
   _5671_/I1                  2.6000         4.3361        -1.7361  (VIOLATED)
   _5599_/I0                  2.6000         4.3361        -1.7361  (VIOLATED)
   _5782_/I0                  2.6000         4.3361        -1.7361  (VIOLATED)
   _5626_/I0                  2.6000         4.3361        -1.7361  (VIOLATED)
   _5653_/I1                  2.6000         4.3361        -1.7361  (VIOLATED)
   _5680_/I1                  2.6000         4.3361        -1.7361  (VIOLATED)
   _5698_/I0                  2.6000         4.3361        -1.7361  (VIOLATED)
   _5635_/I0                  2.6000         4.3361        -1.7361  (VIOLATED)
   _5662_/I1                  2.6000         4.3361        -1.7361  (VIOLATED)
   _5809_/I0                  2.6000         4.3360        -1.7360  (VIOLATED)
   _5707_/I1                  2.6000         4.3360        -1.7360  (VIOLATED)
   _4223_/I1                  2.6000         4.3360        -1.7360  (VIOLATED)
   _4268_/I1                  2.6000         4.3360        -1.7360  (VIOLATED)
   _4114_/I0                  2.6000         4.3360        -1.7360  (VIOLATED)
   _5608_/I0                  2.6000         4.3360        -1.7360  (VIOLATED)
   _5737_/I0                  2.6000         4.3360        -1.7360  (VIOLATED)
   _5644_/I1                  2.6000         4.3360        -1.7360  (VIOLATED)
   _5800_/I0                  2.6000         4.3360        -1.7360  (VIOLATED)
   _5590_/I1                  2.6000         4.3360        -1.7360  (VIOLATED)
   _5572_/I0                  2.6000         4.3359        -1.7359  (VIOLATED)
   _5689_/I1                  2.6000         4.3359        -1.7359  (VIOLATED)
   _5716_/I0                  2.6000         4.3358        -1.7358  (VIOLATED)
   _5818_/I0                  2.6000         4.3357        -1.7357  (VIOLATED)
   _5525_/I1                  2.6000         4.3357        -1.7357  (VIOLATED)
   _5746_/I0                  2.6000         4.3355        -1.7355  (VIOLATED)
   _5827_/I0                  2.6000         4.3355        -1.7355  (VIOLATED)
   _5836_/I0                  2.6000         4.3351        -1.7351  (VIOLATED)
   _5581_/I1                  2.6000         4.3351        -1.7351  (VIOLATED)
   _5764_/I1                  2.6000         4.3349        -1.7349  (VIOLATED)
   _5881_/I0                  2.6000         4.3349        -1.7349  (VIOLATED)
   _4134_/I0                  2.6000         4.3348        -1.7348  (VIOLATED)
   _4125_/I0                  2.6000         4.3347        -1.7347  (VIOLATED)
   _5509_/I1                  2.6000         4.3345        -1.7345  (VIOLATED)
   _5854_/I0                  2.6000         4.3339        -1.7339  (VIOLATED)
   _5845_/I0                  2.6000         4.3302        -1.7302  (VIOLATED)
   _5863_/I0                  2.6000         4.3302        -1.7302  (VIOLATED)
   _4240_/I1                  2.6000         4.3301        -1.7301  (VIOLATED)
   _5554_/I0                  2.6000         4.3301        -1.7301  (VIOLATED)
   _5755_/I0                  2.6000         4.3299        -1.7299  (VIOLATED)
   _5890_/I0                  2.6000         4.3298        -1.7298  (VIOLATED)
   _5872_/I0                  2.6000         4.3298        -1.7298  (VIOLATED)
   _5563_/I0                  2.6000         4.3290        -1.7290  (VIOLATED)
   _4259_/I0                  2.6000         4.3287        -1.7287  (VIOLATED)
   _4206_/I1                  2.6000         4.3286        -1.7287  (VIOLATED)
   _5725_/I0                  2.6000         4.3281        -1.7281  (VIOLATED)
   _4252_/I0                  2.6000         4.3280        -1.7280  (VIOLATED)
   _5773_/I0                  2.6000         4.3280        -1.7280  (VIOLATED)
   hold29/Z                   2.6000         4.3280        -1.7280  (VIOLATED)
   _4155_/I0                  2.6000         4.3278        -1.7278  (VIOLATED)
   _5791_/I0                  2.6000         4.3277        -1.7277  (VIOLATED)
   _5545_/I0                  2.6000         4.3276        -1.7276  (VIOLATED)
   _5828_/I0                  2.6000         4.3153        -1.7153  (VIOLATED)
   _5846_/I0                  2.6000         4.3153        -1.7153  (VIOLATED)
   _5837_/I0                  2.6000         4.3153        -1.7153  (VIOLATED)
   _5756_/I0                  2.6000         4.3153        -1.7153  (VIOLATED)
   _5747_/I0                  2.6000         4.3152        -1.7152  (VIOLATED)
   _5810_/I0                  2.6000         4.3151        -1.7151  (VIOLATED)
   _5738_/I0                  2.6000         4.3151        -1.7151  (VIOLATED)
   _4208_/I1                  2.6000         4.3150        -1.7150  (VIOLATED)
   _5819_/I0                  2.6000         4.3150        -1.7150  (VIOLATED)
   _5573_/I0                  2.6000         4.3150        -1.7150  (VIOLATED)
   _4260_/I0                  2.6000         4.3150        -1.7150  (VIOLATED)
   _5765_/I1                  2.6000         4.3149        -1.7149  (VIOLATED)
   _5882_/I0                  2.6000         4.3149        -1.7149  (VIOLATED)
   _5891_/I0                  2.6000         4.3148        -1.7148  (VIOLATED)
   _5792_/I0                  2.6000         4.3147        -1.7147  (VIOLATED)
   _5864_/I0                  2.6000         4.3147        -1.7147  (VIOLATED)
   _5600_/I0                  2.6000         4.3146        -1.7146  (VIOLATED)
   _5546_/I0                  2.6000         4.3146        -1.7146  (VIOLATED)
   _5774_/I0                  2.6000         4.3145        -1.7145  (VIOLATED)
   _5726_/I0                  2.6000         4.3145        -1.7145  (VIOLATED)
   _4156_/I0                  2.6000         4.3145        -1.7145  (VIOLATED)
   _5855_/I0                  2.6000         4.3144        -1.7144  (VIOLATED)
   _5873_/I0                  2.6000         4.3144        -1.7144  (VIOLATED)
   _5708_/I1                  2.6000         4.3142        -1.7142  (VIOLATED)
   _5681_/I1                  2.6000         4.3140        -1.7140  (VIOLATED)
   _5564_/I0                  2.6000         4.3139        -1.7139  (VIOLATED)
   _5690_/I1                  2.6000         4.3137        -1.7137  (VIOLATED)
   _4242_/I1                  2.6000         4.3136        -1.7136  (VIOLATED)
   _5555_/I0                  2.6000         4.3135        -1.7135  (VIOLATED)
   _5717_/I0                  2.6000         4.3135        -1.7135  (VIOLATED)
   _5699_/I0                  2.6000         4.3133        -1.7133  (VIOLATED)
   _5582_/I1                  2.6000         4.3130        -1.7130  (VIOLATED)
   _5591_/I1                  2.6000         4.3129        -1.7129  (VIOLATED)
   _5645_/I1                  2.6000         4.3129        -1.7129  (VIOLATED)
   _5801_/I0                  2.6000         4.3128        -1.7128  (VIOLATED)
   _5526_/I1                  2.6000         4.3128        -1.7128  (VIOLATED)
   _4116_/I0                  2.6000         4.3127        -1.7127  (VIOLATED)
   _5654_/I1                  2.6000         4.3126        -1.7126  (VIOLATED)
   _4269_/I1                  2.6000         4.3126        -1.7126  (VIOLATED)
   _4225_/I1                  2.6000         4.3125        -1.7125  (VIOLATED)
   _5663_/I1                  2.6000         4.3124        -1.7124  (VIOLATED)
   _4126_/I0                  2.6000         4.3123        -1.7123  (VIOLATED)
   _4135_/I0                  2.6000         4.3123        -1.7123  (VIOLATED)
   _5618_/I0                  2.6000         4.3122        -1.7122  (VIOLATED)
   _5672_/I1                  2.6000         4.3121        -1.7121  (VIOLATED)
   _5609_/I0                  2.6000         4.3121        -1.7121  (VIOLATED)
   _5636_/I0                  2.6000         4.3120        -1.7120  (VIOLATED)
   _5627_/I0                  2.6000         4.3120        -1.7120  (VIOLATED)
   _5783_/I0                  2.6000         4.3117        -1.7117  (VIOLATED)
   hold15/Z                   2.6000         4.3106        -1.7106  (VIOLATED)
   _5775_/I0                  2.6000         4.2414        -1.6414  (VIOLATED)
   _4157_/I0                  2.6000         4.2414        -1.6414  (VIOLATED)
   _5793_/I0                  2.6000         4.2414        -1.6414  (VIOLATED)
   _5727_/I0                  2.6000         4.2414        -1.6414  (VIOLATED)
   _5718_/I0                  2.6000         4.2414        -1.6414  (VIOLATED)
   _4244_/I1                  2.6000         4.2414        -1.6414  (VIOLATED)
   _5556_/I0                  2.6000         4.2414        -1.6414  (VIOLATED)
   _5811_/I0                  2.6000         4.2414        -1.6414  (VIOLATED)
   _5691_/I1                  2.6000         4.2413        -1.6413  (VIOLATED)
   _5565_/I0                  2.6000         4.2412        -1.6412  (VIOLATED)
   _5739_/I0                  2.6000         4.2412        -1.6412  (VIOLATED)
   _5874_/I0                  2.6000         4.2412        -1.6412  (VIOLATED)
   _5574_/I0                  2.6000         4.2412        -1.6412  (VIOLATED)
   _5709_/I1                  2.6000         4.2411        -1.6411  (VIOLATED)
   _5766_/I1                  2.6000         4.2411        -1.6411  (VIOLATED)
   _5820_/I0                  2.6000         4.2410        -1.6410  (VIOLATED)
   _5883_/I0                  2.6000         4.2410        -1.6410  (VIOLATED)
   _5829_/I0                  2.6000         4.2409        -1.6409  (VIOLATED)
   _5856_/I0                  2.6000         4.2409        -1.6409  (VIOLATED)
   _5838_/I0                  2.6000         4.2409        -1.6409  (VIOLATED)
   _5892_/I0                  2.6000         4.2409        -1.6409  (VIOLATED)
   _5865_/I0                  2.6000         4.2408        -1.6408  (VIOLATED)
   _5847_/I0                  2.6000         4.2408        -1.6408  (VIOLATED)
   _5748_/I0                  2.6000         4.2408        -1.6408  (VIOLATED)
   _5757_/I0                  2.6000         4.2407        -1.6407  (VIOLATED)
   _4261_/I0                  2.6000         4.2404        -1.6404  (VIOLATED)
   _4210_/I1                  2.6000         4.2404        -1.6404  (VIOLATED)
   _5547_/I0                  2.6000         4.2400        -1.6400  (VIOLATED)
   _4270_/I1                  2.6000         4.2395        -1.6395  (VIOLATED)
   _4227_/I1                  2.6000         4.2395        -1.6395  (VIOLATED)
   _5601_/I0                  2.6000         4.2392        -1.6392  (VIOLATED)
   _5583_/I1                  2.6000         4.2392        -1.6392  (VIOLATED)
   _5646_/I1                  2.6000         4.2391        -1.6391  (VIOLATED)
   _4118_/I0                  2.6000         4.2391        -1.6391  (VIOLATED)
   _5802_/I0                  2.6000         4.2391        -1.6391  (VIOLATED)
   _5592_/I1                  2.6000         4.2391        -1.6391  (VIOLATED)
   _5610_/I0                  2.6000         4.2390        -1.6390  (VIOLATED)
   _5619_/I0                  2.6000         4.2390        -1.6390  (VIOLATED)
   _5673_/I1                  2.6000         4.2390        -1.6390  (VIOLATED)
   _4136_/I0                  2.6000         4.2390        -1.6390  (VIOLATED)
   _4127_/I0                  2.6000         4.2390        -1.6390  (VIOLATED)
   _5628_/I0                  2.6000         4.2390        -1.6390  (VIOLATED)
   _5682_/I1                  2.6000         4.2390        -1.6390  (VIOLATED)
   _5700_/I0                  2.6000         4.2390        -1.6390  (VIOLATED)
   _5655_/I1                  2.6000         4.2390        -1.6390  (VIOLATED)
   _5664_/I1                  2.6000         4.2389        -1.6389  (VIOLATED)
   _5637_/I0                  2.6000         4.2387        -1.6387  (VIOLATED)
   _5784_/I0                  2.6000         4.2382        -1.6382  (VIOLATED)
   hold2/Z                    2.6000         4.2375        -1.6375  (VIOLATED)
   _4321_/I0                  2.6000         3.3488        -0.7488  (VIOLATED)
   _4150_/I0                  2.6000         3.3488        -0.7488  (VIOLATED)
   _5876_/I0                  2.6000         3.3488        -0.7488  (VIOLATED)
   _5675_/I1                  2.6000         3.3487        -0.7487  (VIOLATED)
   _5702_/I1                  2.6000         3.3487        -0.7487  (VIOLATED)
   _5849_/I0                  2.6000         3.3487        -0.7487  (VIOLATED)
   _5603_/I0                  2.6000         3.3487        -0.7487  (VIOLATED)
   _5804_/I0                  2.6000         3.3486        -0.7486  (VIOLATED)
   _5621_/I0                  2.6000         3.3486        -0.7486  (VIOLATED)
   _5732_/I0                  2.6000         3.3486        -0.7486  (VIOLATED)
   _5777_/I0                  2.6000         3.3486        -0.7486  (VIOLATED)
   _5630_/I0                  2.6000         3.3483        -0.7483  (VIOLATED)
   _5867_/I0                  2.6000         3.3483        -0.7483  (VIOLATED)
   _5594_/I0                  2.6000         3.3480        -0.7480  (VIOLATED)
   _5567_/I0                  2.6000         3.3477        -0.7477  (VIOLATED)
   _5741_/I0                  2.6000         3.3477        -0.7477  (VIOLATED)
   _5612_/I0                  2.6000         3.3477        -0.7477  (VIOLATED)
   _5840_/I0                  2.6000         3.3477        -0.7477  (VIOLATED)
   _5795_/I0                  2.6000         3.3476        -0.7476  (VIOLATED)
   _5711_/I0                  2.6000         3.3474        -0.7474  (VIOLATED)
   _5768_/I0                  2.6000         3.3474        -0.7474  (VIOLATED)
   load_slew350/I             2.6000         3.3473        -0.7473  (VIOLATED)
   _5786_/I0                  2.6000         3.3469        -0.7469  (VIOLATED)
   _5648_/I1                  2.6000         3.3469        -0.7469  (VIOLATED)
   _5535_/I1                  2.6000         3.3465        -0.7465  (VIOLATED)
   _4263_/I1                  2.6000         3.3464        -0.7464  (VIOLATED)
   _5540_/I0                  2.6000         3.3463        -0.7463  (VIOLATED)
   _5693_/I0                  2.6000         3.3455        -0.7455  (VIOLATED)
   _5657_/I1                  2.6000         3.3440        -0.7440  (VIOLATED)
   _5666_/I1                  2.6000         3.3435        -0.7435  (VIOLATED)
   _5639_/I1                  2.6000         3.3434        -0.7434  (VIOLATED)
   _5576_/I1                  2.6000         3.3434        -0.7434  (VIOLATED)
   _5585_/I1                  2.6000         3.3420        -0.7420  (VIOLATED)
   _5558_/I0                  2.6000         3.3321        -0.7321  (VIOLATED)
   _5549_/I0                  2.6000         3.3317        -0.7317  (VIOLATED)
   hold113/Z                  2.6000         3.3317        -0.7317  (VIOLATED)
   _4254_/I0                  2.6000         3.3305        -0.7305  (VIOLATED)


   max_fanout

                             Required        Actual
   Pin                        Fanout         Fanout          Slack
   -----------------------------------------------------------------
   hold271/Z                 12.0000        95.0000       -83.0000  (VIOLATED)
   max_cap357/Z              12.0000        74.0000       -62.0000  (VIOLATED)
   max_cap358/Z              12.0000        72.0000       -60.0000  (VIOLATED)
   max_cap354/Z              12.0000        66.0000       -54.0000  (VIOLATED)
   max_cap356/Z              12.0000        66.0000       -54.0000  (VIOLATED)
   max_cap355/Z              12.0000        64.0000       -52.0000  (VIOLATED)
   max_cap361/Z              12.0000        64.0000       -52.0000  (VIOLATED)
   load_slew350/Z            12.0000        60.0000       -48.0000  (VIOLATED)
   max_cap353/Z              12.0000        58.0000       -46.0000  (VIOLATED)
   hold86/Z                  12.0000        53.0000       -41.0000  (VIOLATED)
   hold52/Z                  12.0000        52.0000       -40.0000  (VIOLATED)
   hold62/Z                  12.0000        52.0000       -40.0000  (VIOLATED)
   hold29/Z                  12.0000        51.0000       -39.0000  (VIOLATED)
   max_cap359/Z              12.0000        51.0000       -39.0000  (VIOLATED)
   max_cap360/Z              12.0000        51.0000       -39.0000  (VIOLATED)
   hold15/Z                  12.0000        49.0000       -37.0000  (VIOLATED)
   hold2/Z                   12.0000        48.0000       -36.0000  (VIOLATED)
   load_slew349/Z            12.0000        48.0000       -36.0000  (VIOLATED)
   _4689_/ZN                 12.0000        39.0000       -27.0000  (VIOLATED)
   hold113/Z                 12.0000        36.0000       -24.0000  (VIOLATED)
   input122/Z                12.0000        36.0000       -24.0000  (VIOLATED)
   input124/Z                12.0000        35.0000       -23.0000  (VIOLATED)
   input160/Z                12.0000        34.0000       -22.0000  (VIOLATED)
   hold18/Z                  12.0000        33.0000       -21.0000  (VIOLATED)
   input120/Z                12.0000        33.0000       -21.0000  (VIOLATED)
   _4563_/Z                  12.0000        32.0000       -20.0000  (VIOLATED)
   input117/Z                12.0000        32.0000       -20.0000  (VIOLATED)
   _3485_/Z                  12.0000        31.0000       -19.0000  (VIOLATED)
   input75/Z                 12.0000        31.0000       -19.0000  (VIOLATED)
   max_cap352/Z              12.0000        29.0000       -17.0000  (VIOLATED)
   _3537_/Z                  12.0000        28.0000       -16.0000  (VIOLATED)
   _3552_/Z                  12.0000        28.0000       -16.0000  (VIOLATED)
   input95/Z                 12.0000        28.0000       -16.0000  (VIOLATED)
   input121/Z                12.0000        28.0000       -16.0000  (VIOLATED)
   load_slew351/Z            12.0000        27.0000       -15.0000  (VIOLATED)
   input106/Z                12.0000        26.0000       -14.0000  (VIOLATED)
   _7227_/Q                  12.0000        25.0000       -13.0000  (VIOLATED)
   _7231_/Q                  12.0000        25.0000       -13.0000  (VIOLATED)
   input123/Z                12.0000        25.0000       -13.0000  (VIOLATED)
   _3529_/Z                  12.0000        24.0000       -12.0000  (VIOLATED)
   input107/Z                12.0000        24.0000       -12.0000  (VIOLATED)
   _3509_/Z                  12.0000        23.0000       -11.0000  (VIOLATED)
   _4422_/Z                  12.0000        22.0000       -10.0000  (VIOLATED)
   _4716_/Z                  12.0000        22.0000       -10.0000  (VIOLATED)
   _7234_/Q                  12.0000        22.0000       -10.0000  (VIOLATED)
   _3408_/ZN                 12.0000        21.0000        -9.0000  (VIOLATED)
   _4377_/ZN                 12.0000        21.0000        -9.0000  (VIOLATED)
   _6733_/Q                  12.0000        21.0000        -9.0000  (VIOLATED)
   clkbuf_3_6__f_wb_clk_i/Z  12.0000        21.0000        -9.0000  (VIOLATED)
   _4454_/Z                  12.0000        20.0000        -8.0000  (VIOLATED)
   _4683_/Z                  12.0000        20.0000        -8.0000  (VIOLATED)
   _5957_/Z                  12.0000        20.0000        -8.0000  (VIOLATED)
   _7228_/Q                  12.0000        20.0000        -8.0000  (VIOLATED)
   hold6/Z                   12.0000        20.0000        -8.0000  (VIOLATED)
   _3407_/ZN                 12.0000        19.0000        -7.0000  (VIOLATED)
   max_cap347/Z              12.0000        19.0000        -7.0000  (VIOLATED)
   _3385_/ZN                 12.0000        18.0000        -6.0000  (VIOLATED)
   _3401_/ZN                 12.0000        18.0000        -6.0000  (VIOLATED)
   _4011_/ZN                 12.0000        18.0000        -6.0000  (VIOLATED)
   _4532_/ZN                 12.0000        18.0000        -6.0000  (VIOLATED)
   _4700_/Z                  12.0000        18.0000        -6.0000  (VIOLATED)
   _5968_/ZN                 12.0000        18.0000        -6.0000  (VIOLATED)
   hold21/Z                  12.0000        18.0000        -6.0000  (VIOLATED)
   _3402_/ZN                 12.0000        17.0000        -5.0000  (VIOLATED)
   _3541_/ZN                 12.0000        17.0000        -5.0000  (VIOLATED)
   _3543_/ZN                 12.0000        17.0000        -5.0000  (VIOLATED)
   _4784_/Z                  12.0000        17.0000        -5.0000  (VIOLATED)
   clkbuf_2_3__f_mgmt_gpio_in[4]/Z  12.0000  17.0000       -5.0000  (VIOLATED)
   max_cap343/Z              12.0000        17.0000        -5.0000  (VIOLATED)
   max_cap344/Z              12.0000        17.0000        -5.0000  (VIOLATED)
   wire348/Z                 12.0000        17.0000        -5.0000  (VIOLATED)
   _3404_/ZN                 12.0000        16.0000        -4.0000  (VIOLATED)
   _3503_/ZN                 12.0000        16.0000        -4.0000  (VIOLATED)
   _3511_/ZN                 12.0000        16.0000        -4.0000  (VIOLATED)
   _3517_/ZN                 12.0000        16.0000        -4.0000  (VIOLATED)
   _3533_/Z                  12.0000        16.0000        -4.0000  (VIOLATED)
   _4520_/ZN                 12.0000        16.0000        -4.0000  (VIOLATED)
   _4526_/Z                  12.0000        16.0000        -4.0000  (VIOLATED)
   _6745_/Q                  12.0000        16.0000        -4.0000  (VIOLATED)
   clkbuf_0__1359_/Z         12.0000        16.0000        -4.0000  (VIOLATED)
   clkbuf_3_7__f_wb_clk_i/Z  12.0000        16.0000        -4.0000  (VIOLATED)
   _3403_/ZN                 12.0000        15.0000        -3.0000  (VIOLATED)
   _3518_/ZN                 12.0000        15.0000        -3.0000  (VIOLATED)
   _4551_/Z                  12.0000        15.0000        -3.0000  (VIOLATED)
   _4614_/Z                  12.0000        15.0000        -3.0000  (VIOLATED)
   _4703_/Z                  12.0000        15.0000        -3.0000  (VIOLATED)
   _6233_/ZN                 12.0000        15.0000        -3.0000  (VIOLATED)
   _6834_/Q                  12.0000        15.0000        -3.0000  (VIOLATED)
   clkbuf_3_1__f_wb_clk_i/Z  12.0000        15.0000        -3.0000  (VIOLATED)
   clkbuf_3_4__f_wb_clk_i/Z  12.0000        15.0000        -3.0000  (VIOLATED)
   clkbuf_4_5_0__1359_/Z     12.0000        15.0000        -3.0000  (VIOLATED)
   input108/Z                12.0000        15.0000        -3.0000  (VIOLATED)
   max_cap346/Z              12.0000        15.0000        -3.0000  (VIOLATED)
   _3406_/ZN                 12.0000        14.0000        -2.0000  (VIOLATED)
   _4366_/ZN                 12.0000        14.0000        -2.0000  (VIOLATED)
   _4502_/ZN                 12.0000        14.0000        -2.0000  (VIOLATED)
   _4524_/Z                  12.0000        14.0000        -2.0000  (VIOLATED)
   _4554_/Z                  12.0000        14.0000        -2.0000  (VIOLATED)
   _4666_/Z                  12.0000        14.0000        -2.0000  (VIOLATED)
   _4718_/ZN                 12.0000        14.0000        -2.0000  (VIOLATED)
   _5947_/ZN                 12.0000        14.0000        -2.0000  (VIOLATED)
   _6744_/Q                  12.0000        14.0000        -2.0000  (VIOLATED)
   _6835_/Q                  12.0000        14.0000        -2.0000  (VIOLATED)
   _6836_/Q                  12.0000        14.0000        -2.0000  (VIOLATED)
   clkbuf_4_0_0__1359_/Z     12.0000        14.0000        -2.0000  (VIOLATED)
   max_cap345/Z              12.0000        14.0000        -2.0000  (VIOLATED)
   _3331_/ZN                 12.0000        13.0000        -1.0000  (VIOLATED)
   _3386_/ZN                 12.0000        13.0000        -1.0000  (VIOLATED)
   _3488_/Z                  12.0000        13.0000        -1.0000  (VIOLATED)
   _4368_/ZN                 12.0000        13.0000        -1.0000  (VIOLATED)
   _4401_/Z                  12.0000        13.0000        -1.0000  (VIOLATED)
   _4495_/Z                  12.0000        13.0000        -1.0000  (VIOLATED)
   _4517_/Z                  12.0000        13.0000        -1.0000  (VIOLATED)
   _4522_/ZN                 12.0000        13.0000        -1.0000  (VIOLATED)
   _4562_/ZN                 12.0000        13.0000        -1.0000  (VIOLATED)
   _4568_/Z                  12.0000        13.0000        -1.0000  (VIOLATED)
   _4586_/Z                  12.0000        13.0000        -1.0000  (VIOLATED)
   _6234_/ZN                 12.0000        13.0000        -1.0000  (VIOLATED)
   _6244_/ZN                 12.0000        13.0000        -1.0000  (VIOLATED)
   _7235_/Q                  12.0000        13.0000        -1.0000  (VIOLATED)


1
