****************************************
Report : timing
	-path_type full_clock_expanded
	-delay_type max
	-input_pins
	-nets
	-nworst 5
	-slack_lesser_than 10.0000
	-max_paths 10000
	-unique_pins
	-transition_time
	-capacitance
	-crosstalk_delta
	-derate
	-sort_by slack
	-include_hierarchical_pins
Design : housekeeping
Version: T-2022.03-SP3
Date   : Sun Nov 27 09:30:43 2022
****************************************


  Startpoint: wb_clk_i (clock source 'wb_clk_i')
  Endpoint: mgmt_gpio_out[14]
               (output port clocked by wb_clk_i)
  Path Group: wb_clk_i
  Path Type: max

  Point                                                        Fanout   Cap    DTrans   Trans    Derate   Delta     Incr       Path
  ------------------------------------------------------------------------------------------------------------------------------------
  clock wb_clk_i (fall edge)                                                                                     15.0000    15.0000
  clock source latency                                                                                            0.0000    15.0000
  wb_clk_i (in)                                                                        0.0000                     0.0000 &  15.0000 f
  wb_clk_i (net)                                                 1   0.1075 
  clkbuf_0_wb_clk_i/I (gf180mcu_fd_sc_mcu7t5v0__clkbuf_16)                    0.0000   0.0192   1.0000   0.0000   0.0095 &  15.0095 f
  clkbuf_0_wb_clk_i/Z (gf180mcu_fd_sc_mcu7t5v0__clkbuf_16)                             0.2842   1.0000            0.2708 &  15.2803 f
  clknet_0_wb_clk_i (net)                                        8   0.3775 
  clkbuf_3_7__f_wb_clk_i/I (gf180mcu_fd_sc_mcu7t5v0__clkbuf_16)               0.0000   0.2860   1.0000   0.0000   0.0153 &  15.2957 f
  clkbuf_3_7__f_wb_clk_i/Z (gf180mcu_fd_sc_mcu7t5v0__clkbuf_16)                        0.1322   1.0000            0.2450 &  15.5407 f
  clknet_3_7__leaf_wb_clk_i (net)                               18   0.1311 
  _4067_/I1 (gf180mcu_fd_sc_mcu7t5v0__mux2_2)                                 0.0000   0.1344   1.0000   0.0000   0.0097 &  15.5503 f
  _4067_/Z (gf180mcu_fd_sc_mcu7t5v0__mux2_2)                                           0.1359   1.0000            0.2750 &  15.8253 f
  net214 (net)                                                   1   0.0184 
  output214/I (gf180mcu_fd_sc_mcu7t5v0__dlyc_1)                               0.0360   0.1359   1.0000   0.0138   0.0142 &  15.8395 f
  output214/Z (gf180mcu_fd_sc_mcu7t5v0__dlyc_1)                                        0.7620   1.0000            1.4662 &  17.3057 f
  mgmt_gpio_out[14] (net)                                        1   0.1071 
  mgmt_gpio_out[14] (out)                                                     0.0000   0.7623   1.0000   0.0000   0.0040 &  17.3097 f
  data arrival time                                                                                                         17.3097

  clock wb_clk_i (rise edge)                                                                                     30.0000    30.0000
  clock reconvergence pessimism                                                                                   0.0000    30.0000
  clock uncertainty                                                                                              -0.1000    29.9000
  output external delay                                                                                          -5.0000    24.9000
  data required time                                                                                                        24.9000
  ------------------------------------------------------------------------------------------------------------------------------------
  data required time                                                                                                        24.9000
  data arrival time                                                                                                        -17.3097
  ------------------------------------------------------------------------------------------------------------------------------------
  slack (MET)                                                                                                                7.5903


  Startpoint: user_clock (clock source 'user_clock')
  Endpoint: mgmt_gpio_out[15]
               (output port clocked by wb_clk_i)
  Path Group: wb_clk_i
  Path Type: max

  Point                                        Fanout   Cap    DTrans   Trans    Derate   Delta     Incr       Path
  --------------------------------------------------------------------------------------------------------------------
  clock user_clock (fall edge)                                                                   15.0000    15.0000
  clock source latency                                                                            0.0000    15.0000
  user_clock (in)                                                      0.0000                     0.0000 &  15.0000 f
  user_clock (net)                               4   0.1674 
  _4066_/I1 (gf180mcu_fd_sc_mcu7t5v0__mux2_2)                 0.0000   0.0457   1.0000   0.0000   0.0210 &  15.0210 f
  _4066_/Z (gf180mcu_fd_sc_mcu7t5v0__mux2_2)                           0.1502   1.0000            0.2791 &  15.3001 f
  net215 (net)                                   1   0.0249 
  output215/I (gf180mcu_fd_sc_mcu7t5v0__dlyc_1)               0.0319   0.1502   1.0000   0.0124   0.0132 &  15.3133 f
  output215/Z (gf180mcu_fd_sc_mcu7t5v0__dlyc_1)                        0.7884   1.0000            1.4887 &  16.8020 f
  mgmt_gpio_out[15] (net)                        1   0.1113 
  mgmt_gpio_out[15] (out)                                     0.0021   0.7885   1.0000   0.0008   0.0042 &  16.8062 f
  data arrival time                                                                                         16.8062

  clock wb_clk_i (rise edge)                                                                     30.0000    30.0000
  clock reconvergence pessimism                                                                   0.0000    30.0000
  clock uncertainty                                                                              -0.1000    29.9000
  output external delay                                                                          -5.0000    24.9000
  data required time                                                                                        24.9000
  --------------------------------------------------------------------------------------------------------------------
  data required time                                                                                        24.9000
  data arrival time                                                                                        -16.8062
  --------------------------------------------------------------------------------------------------------------------
  slack (MET)                                                                                                8.0938


1
