****************************************
Report : constraint
	-all_violators
	-path slack_only
Design : housekeeping
Version: T-2022.03-SP3
Date   : Tue Nov 29 12:00:55 2022
****************************************






   max_capacitance

                             Required        Actual
   Pin                      Capacitance    Capacitance       Slack
   -----------------------------------------------------------------
   output300/Z                0.9369         2.0759        -1.1390  (VIOLATED)
   output303/Z                0.9369         2.0627        -1.1258  (VIOLATED)
   hold52/Z                   0.4692         0.9560        -0.4868  (VIOLATED)
   hold62/Z                   0.4692         0.8830        -0.4138  (VIOLATED)
   hold86/Z                   0.4692         0.8662        -0.3970  (VIOLATED)
   hold29/Z                   0.4692         0.8482        -0.3790  (VIOLATED)
   hold15/Z                   0.4692         0.8444        -0.3752  (VIOLATED)
   hold2/Z                    0.4692         0.8334        -0.3642  (VIOLATED)
   hold113/Z                  0.4692         0.6463        -0.1771  (VIOLATED)
   _3541_/ZN                  0.5239         0.5257        -0.0018  (VIOLATED)


   max_transition

                             Required        Actual
   Pin                      Transition     Transition        Slack
   -----------------------------------------------------------------
   output303/Z                2.6000         6.1945        -3.5945  (VIOLATED)
   output300/Z                2.6000         6.0198        -3.4198  (VIOLATED)
   _5735_/I0                  2.6000         5.4248        -2.8248  (VIOLATED)
   _5888_/I0                  2.6000         5.4248        -2.8248  (VIOLATED)
   _5561_/I0                  2.6000         5.4248        -2.8248  (VIOLATED)
   _5879_/I0                  2.6000         5.4248        -2.8248  (VIOLATED)
   _5780_/I0                  2.6000         5.4248        -2.8248  (VIOLATED)
   _5843_/I0                  2.6000         5.4248        -2.8248  (VIOLATED)
   _5588_/I1                  2.6000         5.4247        -2.8247  (VIOLATED)
   _4219_/I1                  2.6000         5.4247        -2.8247  (VIOLATED)
   _5744_/I0                  2.6000         5.4246        -2.8246  (VIOLATED)
   _5825_/I0                  2.6000         5.4246        -2.8246  (VIOLATED)
   _5501_/I1                  2.6000         5.4246        -2.8246  (VIOLATED)
   _5543_/I0                  2.6000         5.4245        -2.8245  (VIOLATED)
   _5834_/I0                  2.6000         5.4245        -2.8245  (VIOLATED)
   _5753_/I0                  2.6000         5.4245        -2.8245  (VIOLATED)
   _4250_/I0                  2.6000         5.4244        -2.8244  (VIOLATED)
   _5861_/I0                  2.6000         5.4244        -2.8244  (VIOLATED)
   _5579_/I1                  2.6000         5.4243        -2.8243  (VIOLATED)
   _5816_/I0                  2.6000         5.4241        -2.8241  (VIOLATED)
   _5507_/I1                  2.6000         5.4241        -2.8241  (VIOLATED)
   _5762_/I1                  2.6000         5.4236        -2.8236  (VIOLATED)
   _4123_/I0                  2.6000         5.4236        -2.8236  (VIOLATED)
   _5523_/I1                  2.6000         5.4235        -2.8235  (VIOLATED)
   _4110_/I0                  2.6000         5.4232        -2.8232  (VIOLATED)
   _5570_/I0                  2.6000         5.4232        -2.8232  (VIOLATED)
   _5798_/I0                  2.6000         5.4232        -2.8232  (VIOLATED)
   _5660_/I1                  2.6000         5.4230        -2.8230  (VIOLATED)
   _5615_/I0                  2.6000         5.4230        -2.8230  (VIOLATED)
   _4132_/I0                  2.6000         5.4226        -2.8226  (VIOLATED)
   _4266_/I1                  2.6000         5.4218        -2.8218  (VIOLATED)
   _5552_/I0                  2.6000         5.4217        -2.8217  (VIOLATED)
   _4236_/I1                  2.6000         5.4217        -2.8217  (VIOLATED)
   _4257_/I0                  2.6000         5.4216        -2.8216  (VIOLATED)
   _4202_/I1                  2.6000         5.4216        -2.8216  (VIOLATED)
   _5723_/I0                  2.6000         5.4212        -2.8212  (VIOLATED)
   _5705_/I1                  2.6000         5.4212        -2.8212  (VIOLATED)
   _5714_/I0                  2.6000         5.4210        -2.8210  (VIOLATED)
   _4153_/I0                  2.6000         5.4207        -2.8207  (VIOLATED)
   _5696_/I0                  2.6000         5.4206        -2.8206  (VIOLATED)
   _5678_/I1                  2.6000         5.4205        -2.8205  (VIOLATED)
   _5789_/I0                  2.6000         5.4204        -2.8204  (VIOLATED)
   _5597_/I0                  2.6000         5.4203        -2.8203  (VIOLATED)
   _5687_/I1                  2.6000         5.4202        -2.8202  (VIOLATED)
   _5807_/I0                  2.6000         5.4201        -2.8201  (VIOLATED)
   _5852_/I0                  2.6000         5.4199        -2.8199  (VIOLATED)
   _5633_/I0                  2.6000         5.4198        -2.8198  (VIOLATED)
   _5771_/I0                  2.6000         5.4197        -2.8197  (VIOLATED)
   _5870_/I0                  2.6000         5.4196        -2.8196  (VIOLATED)
   _5651_/I1                  2.6000         5.4194        -2.8194  (VIOLATED)
   _5624_/I0                  2.6000         5.4194        -2.8194  (VIOLATED)
   _5669_/I1                  2.6000         5.4193        -2.8193  (VIOLATED)
   _5642_/I1                  2.6000         5.4193        -2.8193  (VIOLATED)
   _5606_/I0                  2.6000         5.4193        -2.8193  (VIOLATED)
   hold52/Z                   2.6000         5.4137        -2.8137  (VIOLATED)
   _5571_/I0                  2.6000         5.0878        -2.4878  (VIOLATED)
   _5625_/I0                  2.6000         5.0878        -2.4878  (VIOLATED)
   _5697_/I0                  2.6000         5.0876        -2.4876  (VIOLATED)
   _5808_/I0                  2.6000         5.0874        -2.4874  (VIOLATED)
   _5715_/I0                  2.6000         5.0872        -2.4872  (VIOLATED)
   _5781_/I0                  2.6000         5.0872        -2.4872  (VIOLATED)
   _5616_/I0                  2.6000         5.0870        -2.4870  (VIOLATED)
   _5736_/I0                  2.6000         5.0869        -2.4869  (VIOLATED)
   _5652_/I1                  2.6000         5.0868        -2.4868  (VIOLATED)
   _5607_/I0                  2.6000         5.0866        -2.4866  (VIOLATED)
   _5679_/I1                  2.6000         5.0866        -2.4866  (VIOLATED)
   _4154_/I0                  2.6000         5.0865        -2.4865  (VIOLATED)
   _5598_/I0                  2.6000         5.0865        -2.4865  (VIOLATED)
   _5580_/I1                  2.6000         5.0863        -2.4863  (VIOLATED)
   _4112_/I0                  2.6000         5.0862        -2.4862  (VIOLATED)
   _4267_/I1                  2.6000         5.0854        -2.4854  (VIOLATED)
   _4221_/I1                  2.6000         5.0854        -2.4854  (VIOLATED)
   _5799_/I0                  2.6000         5.0852        -2.4852  (VIOLATED)
   _5502_/I1                  2.6000         5.0847        -2.4847  (VIOLATED)
   _5508_/I1                  2.6000         5.0847        -2.4847  (VIOLATED)
   _5763_/I1                  2.6000         5.0844        -2.4844  (VIOLATED)
   _5634_/I0                  2.6000         5.0843        -2.4843  (VIOLATED)
   _5706_/I1                  2.6000         5.0842        -2.4842  (VIOLATED)
   _4133_/I0                  2.6000         5.0840        -2.4840  (VIOLATED)
   _5853_/I0                  2.6000         5.0839        -2.4839  (VIOLATED)
   _5589_/I1                  2.6000         5.0837        -2.4837  (VIOLATED)
   _5880_/I0                  2.6000         5.0836        -2.4836  (VIOLATED)
   _5871_/I0                  2.6000         5.0835        -2.4835  (VIOLATED)
   _5661_/I1                  2.6000         5.0825        -2.4825  (VIOLATED)
   _5835_/I0                  2.6000         5.0808        -2.4808  (VIOLATED)
   _5817_/I0                  2.6000         5.0804        -2.4804  (VIOLATED)
   _4124_/I0                  2.6000         5.0803        -2.4803  (VIOLATED)
   _5826_/I0                  2.6000         5.0801        -2.4801  (VIOLATED)
   _5688_/I1                  2.6000         5.0798        -2.4798  (VIOLATED)
   _5670_/I1                  2.6000         5.0797        -2.4797  (VIOLATED)
   _5889_/I0                  2.6000         5.0794        -2.4794  (VIOLATED)
   _5724_/I0                  2.6000         5.0659        -2.4659  (VIOLATED)
   _5643_/I1                  2.6000         5.0656        -2.4656  (VIOLATED)
   _5522_/I1                  2.6000         5.0655        -2.4655  (VIOLATED)
   _5745_/I0                  2.6000         5.0617        -2.4617  (VIOLATED)
   _4258_/I0                  2.6000         5.0490        -2.4490  (VIOLATED)
   _4204_/I1                  2.6000         5.0490        -2.4490  (VIOLATED)
   _5544_/I0                  2.6000         5.0490        -2.4490  (VIOLATED)
   _5562_/I0                  2.6000         5.0412        -2.4412  (VIOLATED)
   _5790_/I0                  2.6000         5.0410        -2.4410  (VIOLATED)
   _4238_/I1                  2.6000         5.0395        -2.4395  (VIOLATED)
   _5553_/I0                  2.6000         5.0393        -2.4393  (VIOLATED)
   _5772_/I0                  2.6000         5.0346        -2.4346  (VIOLATED)
   _5754_/I0                  2.6000         5.0336        -2.4336  (VIOLATED)
   _5844_/I0                  2.6000         5.0335        -2.4335  (VIOLATED)
   _5862_/I0                  2.6000         5.0320        -2.4320  (VIOLATED)
   _4251_/I0                  2.6000         5.0300        -2.4300  (VIOLATED)
   hold62/Z                   2.6000         5.0295        -2.4295  (VIOLATED)
   serial_load                4.0000         6.3601        -2.3601  (VIOLATED)
   _5788_/I0                  2.6000         4.9260        -2.3260  (VIOLATED)
   _5560_/I0                  2.6000         4.9260        -2.3260  (VIOLATED)
   _5887_/I0                  2.6000         4.9258        -2.3258  (VIOLATED)
   _5878_/I0                  2.6000         4.9258        -2.3258  (VIOLATED)
   _5860_/I0                  2.6000         4.9258        -2.3258  (VIOLATED)
   _5722_/I0                  2.6000         4.9258        -2.3258  (VIOLATED)
   _5713_/I0                  2.6000         4.9258        -2.3258  (VIOLATED)
   _5533_/I1                  2.6000         4.9255        -2.3255  (VIOLATED)
   _5869_/I0                  2.6000         4.9254        -2.3254  (VIOLATED)
   _5851_/I0                  2.6000         4.9254        -2.3254  (VIOLATED)
   _5743_/I0                  2.6000         4.9252        -2.3252  (VIOLATED)
   _5752_/I0                  2.6000         4.9252        -2.3252  (VIOLATED)
   _5686_/I1                  2.6000         4.9252        -2.3252  (VIOLATED)
   _5761_/I1                  2.6000         4.9252        -2.3252  (VIOLATED)
   _5704_/I1                  2.6000         4.9251        -2.3251  (VIOLATED)
   _5824_/I0                  2.6000         4.9250        -2.3250  (VIOLATED)
   _5842_/I0                  2.6000         4.9249        -2.3249  (VIOLATED)
   _5833_/I0                  2.6000         4.9247        -2.3247  (VIOLATED)
   _4249_/I0                  2.6000         4.9245        -2.3245  (VIOLATED)
   _5542_/I0                  2.6000         4.9244        -2.3244  (VIOLATED)
   _5632_/I0                  2.6000         4.9240        -2.3240  (VIOLATED)
   _5587_/I1                  2.6000         4.9240        -2.3240  (VIOLATED)
   _4217_/I1                  2.6000         4.9238        -2.3238  (VIOLATED)
   _5668_/I1                  2.6000         4.9238        -2.3238  (VIOLATED)
   _5815_/I0                  2.6000         4.9237        -2.3237  (VIOLATED)
   _5734_/I0                  2.6000         4.9236        -2.3236  (VIOLATED)
   _5797_/I0                  2.6000         4.9236        -2.3236  (VIOLATED)
   _4108_/I0                  2.6000         4.9235        -2.3235  (VIOLATED)
   _5596_/I0                  2.6000         4.9235        -2.3235  (VIOLATED)
   _4265_/I1                  2.6000         4.9234        -2.3234  (VIOLATED)
   _5605_/I0                  2.6000         4.9232        -2.3232  (VIOLATED)
   _5524_/I1                  2.6000         4.9232        -2.3232  (VIOLATED)
   _5650_/I1                  2.6000         4.9232        -2.3232  (VIOLATED)
   _5614_/I0                  2.6000         4.9230        -2.3230  (VIOLATED)
   _5641_/I1                  2.6000         4.9229        -2.3229  (VIOLATED)
   _5695_/I0                  2.6000         4.9229        -2.3229  (VIOLATED)
   _5500_/I1                  2.6000         4.9229        -2.3229  (VIOLATED)
   _5506_/I1                  2.6000         4.9229        -2.3229  (VIOLATED)
   _5779_/I0                  2.6000         4.9228        -2.3228  (VIOLATED)
   _4152_/I0                  2.6000         4.9225        -2.3225  (VIOLATED)
   _5659_/I1                  2.6000         4.9225        -2.3225  (VIOLATED)
   _5623_/I0                  2.6000         4.9225        -2.3225  (VIOLATED)
   _5578_/I1                  2.6000         4.9225        -2.3225  (VIOLATED)
   _5677_/I1                  2.6000         4.9223        -2.3223  (VIOLATED)
   _5806_/I0                  2.6000         4.9215        -2.3215  (VIOLATED)
   _4131_/I0                  2.6000         4.9213        -2.3213  (VIOLATED)
   _4122_/I0                  2.6000         4.9212        -2.3212  (VIOLATED)
   _5770_/I0                  2.6000         4.9206        -2.3206  (VIOLATED)
   _5569_/I0                  2.6000         4.9182        -2.3182  (VIOLATED)
   _4234_/I1                  2.6000         4.9094        -2.3094  (VIOLATED)
   _5551_/I0                  2.6000         4.9088        -2.3088  (VIOLATED)
   _4200_/I1                  2.6000         4.9054        -2.3054  (VIOLATED)
   hold86/Z                   2.6000         4.9053        -2.3053  (VIOLATED)
   _4256_/I0                  2.6000         4.9045        -2.3045  (VIOLATED)
   _5617_/I0                  2.6000         4.8877        -2.2877  (VIOLATED)
   _5782_/I0                  2.6000         4.8876        -2.2876  (VIOLATED)
   _5671_/I1                  2.6000         4.8873        -2.2873  (VIOLATED)
   _5599_/I0                  2.6000         4.8873        -2.2873  (VIOLATED)
   _5626_/I0                  2.6000         4.8873        -2.2873  (VIOLATED)
   _5809_/I0                  2.6000         4.8873        -2.2873  (VIOLATED)
   _5653_/I1                  2.6000         4.8873        -2.2873  (VIOLATED)
   _4114_/I0                  2.6000         4.8872        -2.2872  (VIOLATED)
   _5698_/I0                  2.6000         4.8871        -2.2871  (VIOLATED)
   _5680_/I1                  2.6000         4.8871        -2.2871  (VIOLATED)
   _5635_/I0                  2.6000         4.8871        -2.2871  (VIOLATED)
   _5737_/I0                  2.6000         4.8870        -2.2870  (VIOLATED)
   _5608_/I0                  2.6000         4.8870        -2.2870  (VIOLATED)
   _5644_/I1                  2.6000         4.8870        -2.2870  (VIOLATED)
   _5662_/I1                  2.6000         4.8869        -2.2869  (VIOLATED)
   _5800_/I0                  2.6000         4.8868        -2.2868  (VIOLATED)
   _5707_/I1                  2.6000         4.8867        -2.2867  (VIOLATED)
   _4223_/I1                  2.6000         4.8867        -2.2867  (VIOLATED)
   _4268_/I1                  2.6000         4.8867        -2.2867  (VIOLATED)
   _5590_/I1                  2.6000         4.8864        -2.2864  (VIOLATED)
   _5572_/I0                  2.6000         4.8862        -2.2862  (VIOLATED)
   _5689_/I1                  2.6000         4.8856        -2.2856  (VIOLATED)
   _5716_/I0                  2.6000         4.8854        -2.2854  (VIOLATED)
   _5818_/I0                  2.6000         4.8849        -2.2849  (VIOLATED)
   _5525_/I1                  2.6000         4.8844        -2.2844  (VIOLATED)
   _5746_/I0                  2.6000         4.8831        -2.2831  (VIOLATED)
   _5827_/I0                  2.6000         4.8830        -2.2830  (VIOLATED)
   _5836_/I0                  2.6000         4.8802        -2.2802  (VIOLATED)
   _5581_/I1                  2.6000         4.8802        -2.2802  (VIOLATED)
   _4134_/I0                  2.6000         4.8799        -2.2799  (VIOLATED)
   _4125_/I0                  2.6000         4.8792        -2.2792  (VIOLATED)
   _5764_/I1                  2.6000         4.8786        -2.2786  (VIOLATED)
   _5509_/I1                  2.6000         4.8781        -2.2781  (VIOLATED)
   _5881_/I0                  2.6000         4.8774        -2.2774  (VIOLATED)
   _5854_/I0                  2.6000         4.8732        -2.2732  (VIOLATED)
   _5545_/I0                  2.6000         4.8591        -2.2591  (VIOLATED)
   _4252_/I0                  2.6000         4.8591        -2.2591  (VIOLATED)
   _5845_/I0                  2.6000         4.8513        -2.2513  (VIOLATED)
   _5863_/I0                  2.6000         4.8509        -2.2509  (VIOLATED)
   _4240_/I1                  2.6000         4.8509        -2.2509  (VIOLATED)
   _5554_/I0                  2.6000         4.8508        -2.2508  (VIOLATED)
   _5755_/I0                  2.6000         4.8501        -2.2501  (VIOLATED)
   _5890_/I0                  2.6000         4.8494        -2.2494  (VIOLATED)
   _5872_/I0                  2.6000         4.8494        -2.2494  (VIOLATED)
   _5828_/I0                  2.6000         4.8489        -2.2489  (VIOLATED)
   _5846_/I0                  2.6000         4.8486        -2.2486  (VIOLATED)
   _5837_/I0                  2.6000         4.8486        -2.2486  (VIOLATED)
   _5756_/I0                  2.6000         4.8485        -2.2485  (VIOLATED)
   _5747_/I0                  2.6000         4.8481        -2.2481  (VIOLATED)
   _5810_/I0                  2.6000         4.8474        -2.2474  (VIOLATED)
   _5738_/I0                  2.6000         4.8466        -2.2466  (VIOLATED)
   _5819_/I0                  2.6000         4.8465        -2.2465  (VIOLATED)
   _4208_/I1                  2.6000         4.8464        -2.2464  (VIOLATED)
   _5573_/I0                  2.6000         4.8461        -2.2461  (VIOLATED)
   _4260_/I0                  2.6000         4.8459        -2.2459  (VIOLATED)
   _5563_/I0                  2.6000         4.8458        -2.2458  (VIOLATED)
   _5765_/I1                  2.6000         4.8457        -2.2457  (VIOLATED)
   _5882_/I0                  2.6000         4.8457        -2.2457  (VIOLATED)
   _5891_/I0                  2.6000         4.8450        -2.2450  (VIOLATED)
   _4259_/I0                  2.6000         4.8444        -2.2444  (VIOLATED)
   _5792_/I0                  2.6000         4.8443        -2.2443  (VIOLATED)
   _5864_/I0                  2.6000         4.8443        -2.2443  (VIOLATED)
   _4206_/I1                  2.6000         4.8442        -2.2442  (VIOLATED)
   _5546_/I0                  2.6000         4.8441        -2.2441  (VIOLATED)
   _5600_/I0                  2.6000         4.8441        -2.2441  (VIOLATED)
   _5774_/I0                  2.6000         4.8435        -2.2435  (VIOLATED)
   _5726_/I0                  2.6000         4.8431        -2.2431  (VIOLATED)
   _4156_/I0                  2.6000         4.8429        -2.2429  (VIOLATED)
   _5855_/I0                  2.6000         4.8428        -2.2428  (VIOLATED)
   _5873_/I0                  2.6000         4.8427        -2.2427  (VIOLATED)
   _5725_/I0                  2.6000         4.8414        -2.2414  (VIOLATED)
   _5708_/I1                  2.6000         4.8410        -2.2410  (VIOLATED)
   _5681_/I1                  2.6000         4.8408        -2.2408  (VIOLATED)
   _5773_/I0                  2.6000         4.8403        -2.2403  (VIOLATED)
   _4155_/I0                  2.6000         4.8394        -2.2394  (VIOLATED)
   _5564_/I0                  2.6000         4.8393        -2.2393  (VIOLATED)
   _5791_/I0                  2.6000         4.8390        -2.2390  (VIOLATED)
   _5690_/I1                  2.6000         4.8383        -2.2383  (VIOLATED)
   _4242_/I1                  2.6000         4.8380        -2.2380  (VIOLATED)
   _5555_/I0                  2.6000         4.8377        -2.2377  (VIOLATED)
   _5717_/I0                  2.6000         4.8374        -2.2374  (VIOLATED)
   _5699_/I0                  2.6000         4.8366        -2.2366  (VIOLATED)
   hold29/Z                   2.6000         4.8359        -2.2359  (VIOLATED)
   _5654_/I1                  2.6000         4.8317        -2.2317  (VIOLATED)
   _5582_/I1                  2.6000         4.8317        -2.2317  (VIOLATED)
   _5591_/I1                  2.6000         4.8314        -2.2314  (VIOLATED)
   _5645_/I1                  2.6000         4.8311        -2.2311  (VIOLATED)
   _5526_/I1                  2.6000         4.8306        -2.2306  (VIOLATED)
   _5801_/I0                  2.6000         4.8304        -2.2304  (VIOLATED)
   _4116_/I0                  2.6000         4.8300        -2.2300  (VIOLATED)
   _4269_/I1                  2.6000         4.8294        -2.2294  (VIOLATED)
   _4225_/I1                  2.6000         4.8289        -2.2289  (VIOLATED)
   _5663_/I1                  2.6000         4.8282        -2.2282  (VIOLATED)
   _4126_/I0                  2.6000         4.8274        -2.2274  (VIOLATED)
   _5618_/I0                  2.6000         4.8273        -2.2273  (VIOLATED)
   _4135_/I0                  2.6000         4.8272        -2.2272  (VIOLATED)
   _5672_/I1                  2.6000         4.8261        -2.2261  (VIOLATED)
   _5609_/I0                  2.6000         4.8261        -2.2261  (VIOLATED)
   _5636_/I0                  2.6000         4.8259        -2.2259  (VIOLATED)
   _5627_/I0                  2.6000         4.8257        -2.2257  (VIOLATED)
   _5783_/I0                  2.6000         4.8240        -2.2240  (VIOLATED)
   serial_clock               4.0000         6.2154        -2.2154  (VIOLATED)
   hold15/Z                   2.6000         4.8146        -2.2146  (VIOLATED)
   _5775_/I0                  2.6000         4.7562        -2.1562  (VIOLATED)
   _4157_/I0                  2.6000         4.7562        -2.1562  (VIOLATED)
   _5793_/I0                  2.6000         4.7561        -2.1561  (VIOLATED)
   _5727_/I0                  2.6000         4.7561        -2.1561  (VIOLATED)
   _5718_/I0                  2.6000         4.7561        -2.1561  (VIOLATED)
   _4244_/I1                  2.6000         4.7560        -2.1560  (VIOLATED)
   _5556_/I0                  2.6000         4.7560        -2.1560  (VIOLATED)
   _5811_/I0                  2.6000         4.7560        -2.1560  (VIOLATED)
   _5691_/I1                  2.6000         4.7559        -2.1559  (VIOLATED)
   _5739_/I0                  2.6000         4.7554        -2.1554  (VIOLATED)
   _5565_/I0                  2.6000         4.7554        -2.1554  (VIOLATED)
   _5574_/I0                  2.6000         4.7553        -2.1553  (VIOLATED)
   _5874_/I0                  2.6000         4.7550        -2.1550  (VIOLATED)
   _5766_/I1                  2.6000         4.7545        -2.1545  (VIOLATED)
   _5709_/I1                  2.6000         4.7544        -2.1544  (VIOLATED)
   _5820_/I0                  2.6000         4.7542        -2.1542  (VIOLATED)
   _5883_/I0                  2.6000         4.7539        -2.1539  (VIOLATED)
   _5829_/I0                  2.6000         4.7536        -2.1536  (VIOLATED)
   _5856_/I0                  2.6000         4.7535        -2.1535  (VIOLATED)
   _5838_/I0                  2.6000         4.7535        -2.1535  (VIOLATED)
   _5892_/I0                  2.6000         4.7532        -2.1532  (VIOLATED)
   _5865_/I0                  2.6000         4.7531        -2.1531  (VIOLATED)
   _5847_/I0                  2.6000         4.7529        -2.1529  (VIOLATED)
   _5748_/I0                  2.6000         4.7528        -2.1528  (VIOLATED)
   _5757_/I0                  2.6000         4.7526        -2.1526  (VIOLATED)
   _4261_/I0                  2.6000         4.7501        -2.1501  (VIOLATED)
   _4210_/I1                  2.6000         4.7497        -2.1497  (VIOLATED)
   _5547_/I0                  2.6000         4.7472        -2.1472  (VIOLATED)
   _4270_/I1                  2.6000         4.7454        -2.1454  (VIOLATED)
   _4227_/I1                  2.6000         4.7450        -2.1450  (VIOLATED)
   _5601_/I0                  2.6000         4.7437        -2.1437  (VIOLATED)
   _5646_/I1                  2.6000         4.7436        -2.1436  (VIOLATED)
   _5583_/I1                  2.6000         4.7435        -2.1435  (VIOLATED)
   _5610_/I0                  2.6000         4.7431        -2.1431  (VIOLATED)
   _5619_/I0                  2.6000         4.7431        -2.1431  (VIOLATED)
   _4118_/I0                  2.6000         4.7431        -2.1431  (VIOLATED)
   _5802_/I0                  2.6000         4.7429        -2.1429  (VIOLATED)
   _5628_/I0                  2.6000         4.7429        -2.1429  (VIOLATED)
   _5673_/I1                  2.6000         4.7429        -2.1429  (VIOLATED)
   _5592_/I1                  2.6000         4.7429        -2.1429  (VIOLATED)
   _5682_/I1                  2.6000         4.7428        -2.1428  (VIOLATED)
   _5700_/I0                  2.6000         4.7428        -2.1428  (VIOLATED)
   _4136_/I0                  2.6000         4.7427        -2.1427  (VIOLATED)
   _4127_/I0                  2.6000         4.7427        -2.1427  (VIOLATED)
   _5655_/I1                  2.6000         4.7426        -2.1426  (VIOLATED)
   _5664_/I1                  2.6000         4.7422        -2.1422  (VIOLATED)
   _5637_/I0                  2.6000         4.7410        -2.1410  (VIOLATED)
   _5784_/I0                  2.6000         4.7373        -2.1373  (VIOLATED)
   hold2/Z                    2.6000         4.7299        -2.1299  (VIOLATED)
   _5535_/I1                  2.6000         3.8350        -1.2350  (VIOLATED)
   _5540_/I0                  2.6000         3.8350        -1.2350  (VIOLATED)
   _5786_/I0                  2.6000         3.8350        -1.2350  (VIOLATED)
   _4321_/I0                  2.6000         3.8292        -1.2292  (VIOLATED)
   _5876_/I0                  2.6000         3.8292        -1.2292  (VIOLATED)
   _4150_/I0                  2.6000         3.8290        -1.2290  (VIOLATED)
   _5849_/I0                  2.6000         3.8287        -1.2287  (VIOLATED)
   _5675_/I1                  2.6000         3.8286        -1.2286  (VIOLATED)
   _5702_/I1                  2.6000         3.8286        -1.2286  (VIOLATED)
   _5603_/I0                  2.6000         3.8276        -1.2276  (VIOLATED)
   _5867_/I0                  2.6000         3.8276        -1.2276  (VIOLATED)
   _5804_/I0                  2.6000         3.8272        -1.2272  (VIOLATED)
   _5621_/I0                  2.6000         3.8271        -1.2271  (VIOLATED)
   _5777_/I0                  2.6000         3.8269        -1.2269  (VIOLATED)
   _5732_/I0                  2.6000         3.8269        -1.2269  (VIOLATED)
   _5630_/I0                  2.6000         3.8251        -1.2251  (VIOLATED)
   _5741_/I0                  2.6000         3.8241        -1.2241  (VIOLATED)
   _5612_/I0                  2.6000         3.8240        -1.2240  (VIOLATED)
   _5840_/I0                  2.6000         3.8240        -1.2240  (VIOLATED)
   _5594_/I0                  2.6000         3.8230        -1.2230  (VIOLATED)
   _5768_/I0                  2.6000         3.8224        -1.2224  (VIOLATED)
   load_slew350/I             2.6000         3.8215        -1.2215  (VIOLATED)
   _5567_/I0                  2.6000         3.8213        -1.2213  (VIOLATED)
   _5795_/I0                  2.6000         3.8197        -1.2197  (VIOLATED)
   _5711_/I0                  2.6000         3.8192        -1.2192  (VIOLATED)
   _5648_/I1                  2.6000         3.8150        -1.2150  (VIOLATED)
   _4263_/I1                  2.6000         3.8119        -1.2119  (VIOLATED)
   _5693_/I0                  2.6000         3.8050        -1.2050  (VIOLATED)
   _5657_/I1                  2.6000         3.7975        -1.1975  (VIOLATED)
   _5666_/I1                  2.6000         3.7936        -1.1936  (VIOLATED)
   _5639_/I1                  2.6000         3.7930        -1.1930  (VIOLATED)
   _5576_/I1                  2.6000         3.7930        -1.1930  (VIOLATED)
   _5585_/I1                  2.6000         3.7862        -1.1862  (VIOLATED)
   _5558_/I0                  2.6000         3.7654        -1.1654  (VIOLATED)
   _5549_/I0                  2.6000         3.7654        -1.1654  (VIOLATED)
   _4254_/I0                  2.6000         3.7653        -1.1653  (VIOLATED)
   hold113/Z                  2.6000         3.7614        -1.1614  (VIOLATED)
   _3544_/A2                  2.6000         2.6280        -0.0280  (VIOLATED)
   _3787_/B1                  2.6000         2.6280        -0.0280  (VIOLATED)
   _3635_/A2                  2.6000         2.6278        -0.0278  (VIOLATED)
   _4202_/S                   2.6000         2.6271        -0.0271  (VIOLATED)
   _3728_/A2                  2.6000         2.6271        -0.0271  (VIOLATED)
   _4200_/S                   2.6000         2.6267        -0.0267  (VIOLATED)
   _4196_/S                   2.6000         2.6264        -0.0264  (VIOLATED)
   _4198_/S                   2.6000         2.6263        -0.0263  (VIOLATED)
   _4195_/A1                  2.6000         2.6238        -0.0238  (VIOLATED)
   _3703_/A2                  2.6000         2.6163        -0.0163  (VIOLATED)
   _3854_/B1                  2.6000         2.6163        -0.0163  (VIOLATED)
   _3948_/A2                  2.6000         2.6158        -0.0158  (VIOLATED)
   _4208_/S                   2.6000         2.6151        -0.0151  (VIOLATED)
   _4210_/S                   2.6000         2.6149        -0.0149  (VIOLATED)
   _4206_/S                   2.6000         2.6136        -0.0136  (VIOLATED)
   _4204_/S                   2.6000         2.6134        -0.0134  (VIOLATED)
   _3677_/A2                  2.6000         2.6115        -0.0115  (VIOLATED)
   _3541_/ZN                  2.6000         2.6070        -0.0070  (VIOLATED)


   max_fanout

                             Required        Actual
   Pin                        Fanout         Fanout          Slack
   -----------------------------------------------------------------
   hold271/Z                 12.0000        95.0000       -83.0000  (VIOLATED)
   max_cap357/Z              12.0000        74.0000       -62.0000  (VIOLATED)
   max_cap358/Z              12.0000        72.0000       -60.0000  (VIOLATED)
   max_cap354/Z              12.0000        66.0000       -54.0000  (VIOLATED)
   max_cap356/Z              12.0000        66.0000       -54.0000  (VIOLATED)
   max_cap355/Z              12.0000        64.0000       -52.0000  (VIOLATED)
   max_cap361/Z              12.0000        64.0000       -52.0000  (VIOLATED)
   load_slew350/Z            12.0000        60.0000       -48.0000  (VIOLATED)
   max_cap353/Z              12.0000        58.0000       -46.0000  (VIOLATED)
   hold86/Z                  12.0000        53.0000       -41.0000  (VIOLATED)
   hold52/Z                  12.0000        52.0000       -40.0000  (VIOLATED)
   hold62/Z                  12.0000        52.0000       -40.0000  (VIOLATED)
   hold29/Z                  12.0000        51.0000       -39.0000  (VIOLATED)
   max_cap359/Z              12.0000        51.0000       -39.0000  (VIOLATED)
   max_cap360/Z              12.0000        51.0000       -39.0000  (VIOLATED)
   hold15/Z                  12.0000        49.0000       -37.0000  (VIOLATED)
   hold2/Z                   12.0000        48.0000       -36.0000  (VIOLATED)
   load_slew349/Z            12.0000        48.0000       -36.0000  (VIOLATED)
   _4689_/ZN                 12.0000        39.0000       -27.0000  (VIOLATED)
   hold113/Z                 12.0000        36.0000       -24.0000  (VIOLATED)
   input122/Z                12.0000        36.0000       -24.0000  (VIOLATED)
   input124/Z                12.0000        35.0000       -23.0000  (VIOLATED)
   input160/Z                12.0000        34.0000       -22.0000  (VIOLATED)
   hold18/Z                  12.0000        33.0000       -21.0000  (VIOLATED)
   input120/Z                12.0000        33.0000       -21.0000  (VIOLATED)
   _4563_/Z                  12.0000        32.0000       -20.0000  (VIOLATED)
   input117/Z                12.0000        32.0000       -20.0000  (VIOLATED)
   _3485_/Z                  12.0000        31.0000       -19.0000  (VIOLATED)
   input75/Z                 12.0000        31.0000       -19.0000  (VIOLATED)
   max_cap352/Z              12.0000        29.0000       -17.0000  (VIOLATED)
   _3537_/Z                  12.0000        28.0000       -16.0000  (VIOLATED)
   _3552_/Z                  12.0000        28.0000       -16.0000  (VIOLATED)
   input95/Z                 12.0000        28.0000       -16.0000  (VIOLATED)
   input121/Z                12.0000        28.0000       -16.0000  (VIOLATED)
   load_slew351/Z            12.0000        27.0000       -15.0000  (VIOLATED)
   input106/Z                12.0000        26.0000       -14.0000  (VIOLATED)
   _7227_/Q                  12.0000        25.0000       -13.0000  (VIOLATED)
   _7231_/Q                  12.0000        25.0000       -13.0000  (VIOLATED)
   input123/Z                12.0000        25.0000       -13.0000  (VIOLATED)
   _3529_/Z                  12.0000        24.0000       -12.0000  (VIOLATED)
   input107/Z                12.0000        24.0000       -12.0000  (VIOLATED)
   _3509_/Z                  12.0000        23.0000       -11.0000  (VIOLATED)
   _4422_/Z                  12.0000        22.0000       -10.0000  (VIOLATED)
   _4716_/Z                  12.0000        22.0000       -10.0000  (VIOLATED)
   _7234_/Q                  12.0000        22.0000       -10.0000  (VIOLATED)
   _3408_/ZN                 12.0000        21.0000        -9.0000  (VIOLATED)
   _4377_/ZN                 12.0000        21.0000        -9.0000  (VIOLATED)
   _6733_/Q                  12.0000        21.0000        -9.0000  (VIOLATED)
   clkbuf_3_6__f_wb_clk_i/Z  12.0000        21.0000        -9.0000  (VIOLATED)
   _4454_/Z                  12.0000        20.0000        -8.0000  (VIOLATED)
   _4683_/Z                  12.0000        20.0000        -8.0000  (VIOLATED)
   _5957_/Z                  12.0000        20.0000        -8.0000  (VIOLATED)
   _7228_/Q                  12.0000        20.0000        -8.0000  (VIOLATED)
   hold6/Z                   12.0000        20.0000        -8.0000  (VIOLATED)
   _3407_/ZN                 12.0000        19.0000        -7.0000  (VIOLATED)
   max_cap347/Z              12.0000        19.0000        -7.0000  (VIOLATED)
   _3385_/ZN                 12.0000        18.0000        -6.0000  (VIOLATED)
   _3401_/ZN                 12.0000        18.0000        -6.0000  (VIOLATED)
   _4011_/ZN                 12.0000        18.0000        -6.0000  (VIOLATED)
   _4532_/ZN                 12.0000        18.0000        -6.0000  (VIOLATED)
   _4700_/Z                  12.0000        18.0000        -6.0000  (VIOLATED)
   _5968_/ZN                 12.0000        18.0000        -6.0000  (VIOLATED)
   hold21/Z                  12.0000        18.0000        -6.0000  (VIOLATED)
   _3402_/ZN                 12.0000        17.0000        -5.0000  (VIOLATED)
   _3541_/ZN                 12.0000        17.0000        -5.0000  (VIOLATED)
   _3543_/ZN                 12.0000        17.0000        -5.0000  (VIOLATED)
   _4784_/Z                  12.0000        17.0000        -5.0000  (VIOLATED)
   clkbuf_2_3__f_mgmt_gpio_in[4]/Z  12.0000  17.0000       -5.0000  (VIOLATED)
   max_cap343/Z              12.0000        17.0000        -5.0000  (VIOLATED)
   max_cap344/Z              12.0000        17.0000        -5.0000  (VIOLATED)
   wire348/Z                 12.0000        17.0000        -5.0000  (VIOLATED)
   _3404_/ZN                 12.0000        16.0000        -4.0000  (VIOLATED)
   _3503_/ZN                 12.0000        16.0000        -4.0000  (VIOLATED)
   _3511_/ZN                 12.0000        16.0000        -4.0000  (VIOLATED)
   _3517_/ZN                 12.0000        16.0000        -4.0000  (VIOLATED)
   _3533_/Z                  12.0000        16.0000        -4.0000  (VIOLATED)
   _4520_/ZN                 12.0000        16.0000        -4.0000  (VIOLATED)
   _4526_/Z                  12.0000        16.0000        -4.0000  (VIOLATED)
   _6745_/Q                  12.0000        16.0000        -4.0000  (VIOLATED)
   clkbuf_0__1359_/Z         12.0000        16.0000        -4.0000  (VIOLATED)
   clkbuf_3_7__f_wb_clk_i/Z  12.0000        16.0000        -4.0000  (VIOLATED)
   _3403_/ZN                 12.0000        15.0000        -3.0000  (VIOLATED)
   _3518_/ZN                 12.0000        15.0000        -3.0000  (VIOLATED)
   _4551_/Z                  12.0000        15.0000        -3.0000  (VIOLATED)
   _4614_/Z                  12.0000        15.0000        -3.0000  (VIOLATED)
   _4703_/Z                  12.0000        15.0000        -3.0000  (VIOLATED)
   _6233_/ZN                 12.0000        15.0000        -3.0000  (VIOLATED)
   _6834_/Q                  12.0000        15.0000        -3.0000  (VIOLATED)
   clkbuf_3_1__f_wb_clk_i/Z  12.0000        15.0000        -3.0000  (VIOLATED)
   clkbuf_3_4__f_wb_clk_i/Z  12.0000        15.0000        -3.0000  (VIOLATED)
   clkbuf_4_5_0__1359_/Z     12.0000        15.0000        -3.0000  (VIOLATED)
   input108/Z                12.0000        15.0000        -3.0000  (VIOLATED)
   max_cap346/Z              12.0000        15.0000        -3.0000  (VIOLATED)
   _3406_/ZN                 12.0000        14.0000        -2.0000  (VIOLATED)
   _4366_/ZN                 12.0000        14.0000        -2.0000  (VIOLATED)
   _4502_/ZN                 12.0000        14.0000        -2.0000  (VIOLATED)
   _4524_/Z                  12.0000        14.0000        -2.0000  (VIOLATED)
   _4554_/Z                  12.0000        14.0000        -2.0000  (VIOLATED)
   _4666_/Z                  12.0000        14.0000        -2.0000  (VIOLATED)
   _4718_/ZN                 12.0000        14.0000        -2.0000  (VIOLATED)
   _5947_/ZN                 12.0000        14.0000        -2.0000  (VIOLATED)
   _6744_/Q                  12.0000        14.0000        -2.0000  (VIOLATED)
   _6835_/Q                  12.0000        14.0000        -2.0000  (VIOLATED)
   _6836_/Q                  12.0000        14.0000        -2.0000  (VIOLATED)
   clkbuf_4_0_0__1359_/Z     12.0000        14.0000        -2.0000  (VIOLATED)
   max_cap345/Z              12.0000        14.0000        -2.0000  (VIOLATED)
   _3331_/ZN                 12.0000        13.0000        -1.0000  (VIOLATED)
   _3386_/ZN                 12.0000        13.0000        -1.0000  (VIOLATED)
   _3488_/Z                  12.0000        13.0000        -1.0000  (VIOLATED)
   _4368_/ZN                 12.0000        13.0000        -1.0000  (VIOLATED)
   _4401_/Z                  12.0000        13.0000        -1.0000  (VIOLATED)
   _4495_/Z                  12.0000        13.0000        -1.0000  (VIOLATED)
   _4517_/Z                  12.0000        13.0000        -1.0000  (VIOLATED)
   _4522_/ZN                 12.0000        13.0000        -1.0000  (VIOLATED)
   _4562_/ZN                 12.0000        13.0000        -1.0000  (VIOLATED)
   _4568_/Z                  12.0000        13.0000        -1.0000  (VIOLATED)
   _4586_/Z                  12.0000        13.0000        -1.0000  (VIOLATED)
   _6234_/ZN                 12.0000        13.0000        -1.0000  (VIOLATED)
   _6244_/ZN                 12.0000        13.0000        -1.0000  (VIOLATED)
   _7235_/Q                  12.0000        13.0000        -1.0000  (VIOLATED)


1
