****************************************
Report : constraint
	-all_violators
	-path slack_only
Design : housekeeping
Version: T-2022.03-SP3
Date   : Tue Nov 29 12:01:17 2022
****************************************






   max_capacitance

                             Required        Actual
   Pin                      Capacitance    Capacitance       Slack
   -----------------------------------------------------------------
   output300/Z                0.9369         2.0608        -1.1239  (VIOLATED)
   output303/Z                0.9369         2.0515        -1.1146  (VIOLATED)
   hold52/Z                   0.4692         0.7925        -0.3233  (VIOLATED)
   hold62/Z                   0.4692         0.7372        -0.2680  (VIOLATED)
   hold86/Z                   0.4692         0.7247        -0.2555  (VIOLATED)
   hold29/Z                   0.4692         0.7089        -0.2397  (VIOLATED)
   hold15/Z                   0.4692         0.7037        -0.2345  (VIOLATED)
   hold2/Z                    0.4692         0.6947        -0.2255  (VIOLATED)
   hold113/Z                  0.4692         0.5428        -0.0736  (VIOLATED)


   max_transition

                             Required        Actual
   Pin                      Transition     Transition        Slack
   -----------------------------------------------------------------
   output300/Z                2.6000         5.8914        -3.2914  (VIOLATED)
   output303/Z                2.6000         5.8430        -3.2430  (VIOLATED)
   serial_clock               4.0000         5.9299        -1.9299  (VIOLATED)
   serial_load                4.0000         5.8745        -1.8745  (VIOLATED)
   _5780_/I0                  2.6000         4.4476        -1.8476  (VIOLATED)
   _5579_/I1                  2.6000         4.4469        -1.8469  (VIOLATED)
   _5561_/I0                  2.6000         4.4463        -1.8463  (VIOLATED)
   _5816_/I0                  2.6000         4.4463        -1.8463  (VIOLATED)
   _5843_/I0                  2.6000         4.4458        -1.8458  (VIOLATED)
   _5879_/I0                  2.6000         4.4456        -1.8456  (VIOLATED)
   _4219_/I1                  2.6000         4.4452        -1.8452  (VIOLATED)
   _5588_/I1                  2.6000         4.4451        -1.8451  (VIOLATED)
   _5888_/I0                  2.6000         4.4443        -1.8443  (VIOLATED)
   _5744_/I0                  2.6000         4.4429        -1.8429  (VIOLATED)
   _5735_/I0                  2.6000         4.4427        -1.8427  (VIOLATED)
   _5825_/I0                  2.6000         4.4318        -1.8318  (VIOLATED)
   _5834_/I0                  2.6000         4.4318        -1.8318  (VIOLATED)
   _5753_/I0                  2.6000         4.4318        -1.8318  (VIOLATED)
   _5543_/I0                  2.6000         4.4318        -1.8318  (VIOLATED)
   _4250_/I0                  2.6000         4.4318        -1.8318  (VIOLATED)
   _5861_/I0                  2.6000         4.4318        -1.8318  (VIOLATED)
   _5501_/I1                  2.6000         4.4318        -1.8318  (VIOLATED)
   _5507_/I1                  2.6000         4.4317        -1.8317  (VIOLATED)
   _5762_/I1                  2.6000         4.4317        -1.8317  (VIOLATED)
   _4123_/I0                  2.6000         4.4317        -1.8317  (VIOLATED)
   _5523_/I1                  2.6000         4.4317        -1.8317  (VIOLATED)
   _5570_/I0                  2.6000         4.4317        -1.8317  (VIOLATED)
   _4110_/I0                  2.6000         4.4316        -1.8316  (VIOLATED)
   _5798_/I0                  2.6000         4.4316        -1.8316  (VIOLATED)
   _5660_/I1                  2.6000         4.4316        -1.8316  (VIOLATED)
   _5615_/I0                  2.6000         4.4316        -1.8316  (VIOLATED)
   _4132_/I0                  2.6000         4.4316        -1.8316  (VIOLATED)
   _5552_/I0                  2.6000         4.4315        -1.8315  (VIOLATED)
   _4257_/I0                  2.6000         4.4315        -1.8315  (VIOLATED)
   _4202_/I1                  2.6000         4.4315        -1.8315  (VIOLATED)
   _4236_/I1                  2.6000         4.4315        -1.8315  (VIOLATED)
   _5723_/I0                  2.6000         4.4315        -1.8315  (VIOLATED)
   _5714_/I0                  2.6000         4.4315        -1.8315  (VIOLATED)
   _4266_/I1                  2.6000         4.4315        -1.8315  (VIOLATED)
   _5705_/I1                  2.6000         4.4315        -1.8315  (VIOLATED)
   _4153_/I0                  2.6000         4.4315        -1.8315  (VIOLATED)
   _5789_/I0                  2.6000         4.4314        -1.8314  (VIOLATED)
   _5687_/I1                  2.6000         4.4314        -1.8314  (VIOLATED)
   _5807_/I0                  2.6000         4.4314        -1.8314  (VIOLATED)
   _5696_/I0                  2.6000         4.4314        -1.8314  (VIOLATED)
   _5852_/I0                  2.6000         4.4314        -1.8314  (VIOLATED)
   _5678_/I1                  2.6000         4.4314        -1.8314  (VIOLATED)
   _5771_/I0                  2.6000         4.4314        -1.8314  (VIOLATED)
   _5870_/I0                  2.6000         4.4314        -1.8314  (VIOLATED)
   _5597_/I0                  2.6000         4.4314        -1.8314  (VIOLATED)
   _5633_/I0                  2.6000         4.4313        -1.8313  (VIOLATED)
   _5651_/I1                  2.6000         4.4313        -1.8313  (VIOLATED)
   _5624_/I0                  2.6000         4.4312        -1.8312  (VIOLATED)
   _5669_/I1                  2.6000         4.4312        -1.8312  (VIOLATED)
   _5642_/I1                  2.6000         4.4312        -1.8312  (VIOLATED)
   _5606_/I0                  2.6000         4.4312        -1.8312  (VIOLATED)
   hold52/Z                   2.6000         4.4307        -1.8307  (VIOLATED)
   _5571_/I0                  2.6000         4.1615        -1.5615  (VIOLATED)
   _5625_/I0                  2.6000         4.1615        -1.5615  (VIOLATED)
   _5697_/I0                  2.6000         4.1615        -1.5615  (VIOLATED)
   _5808_/I0                  2.6000         4.1615        -1.5615  (VIOLATED)
   _5715_/I0                  2.6000         4.1614        -1.5614  (VIOLATED)
   _5781_/I0                  2.6000         4.1614        -1.5614  (VIOLATED)
   _5616_/I0                  2.6000         4.1614        -1.5614  (VIOLATED)
   _5736_/I0                  2.6000         4.1614        -1.5614  (VIOLATED)
   _5652_/I1                  2.6000         4.1614        -1.5614  (VIOLATED)
   _5607_/I0                  2.6000         4.1614        -1.5614  (VIOLATED)
   _5679_/I1                  2.6000         4.1614        -1.5614  (VIOLATED)
   _4154_/I0                  2.6000         4.1614        -1.5614  (VIOLATED)
   _5598_/I0                  2.6000         4.1614        -1.5614  (VIOLATED)
   _5580_/I1                  2.6000         4.1613        -1.5613  (VIOLATED)
   _4112_/I0                  2.6000         4.1613        -1.5613  (VIOLATED)
   _4267_/I1                  2.6000         4.1613        -1.5613  (VIOLATED)
   _4221_/I1                  2.6000         4.1613        -1.5613  (VIOLATED)
   _5799_/I0                  2.6000         4.1612        -1.5612  (VIOLATED)
   _5502_/I1                  2.6000         4.1612        -1.5612  (VIOLATED)
   _5508_/I1                  2.6000         4.1612        -1.5612  (VIOLATED)
   _5763_/I1                  2.6000         4.1611        -1.5611  (VIOLATED)
   _5706_/I1                  2.6000         4.1611        -1.5611  (VIOLATED)
   _5634_/I0                  2.6000         4.1611        -1.5611  (VIOLATED)
   _5853_/I0                  2.6000         4.1611        -1.5611  (VIOLATED)
   _5589_/I1                  2.6000         4.1611        -1.5611  (VIOLATED)
   _5880_/I0                  2.6000         4.1611        -1.5611  (VIOLATED)
   _4133_/I0                  2.6000         4.1611        -1.5611  (VIOLATED)
   _5871_/I0                  2.6000         4.1611        -1.5611  (VIOLATED)
   _5661_/I1                  2.6000         4.1609        -1.5609  (VIOLATED)
   _5835_/I0                  2.6000         4.1607        -1.5607  (VIOLATED)
   _5670_/I1                  2.6000         4.1607        -1.5607  (VIOLATED)
   _5817_/I0                  2.6000         4.1607        -1.5607  (VIOLATED)
   _5826_/I0                  2.6000         4.1607        -1.5607  (VIOLATED)
   _4124_/I0                  2.6000         4.1607        -1.5607  (VIOLATED)
   _5688_/I1                  2.6000         4.1606        -1.5606  (VIOLATED)
   _5889_/I0                  2.6000         4.1606        -1.5606  (VIOLATED)
   _5724_/I0                  2.6000         4.1594        -1.5594  (VIOLATED)
   _5643_/I1                  2.6000         4.1594        -1.5594  (VIOLATED)
   _5522_/I1                  2.6000         4.1594        -1.5594  (VIOLATED)
   _5745_/I0                  2.6000         4.1590        -1.5590  (VIOLATED)
   _5790_/I0                  2.6000         4.1567        -1.5567  (VIOLATED)
   _5562_/I0                  2.6000         4.1567        -1.5567  (VIOLATED)
   _4238_/I1                  2.6000         4.1565        -1.5565  (VIOLATED)
   _5553_/I0                  2.6000         4.1565        -1.5565  (VIOLATED)
   _5772_/I0                  2.6000         4.1563        -1.5563  (VIOLATED)
   _5754_/I0                  2.6000         4.1562        -1.5562  (VIOLATED)
   _5844_/I0                  2.6000         4.1562        -1.5562  (VIOLATED)
   _5862_/I0                  2.6000         4.1559        -1.5559  (VIOLATED)
   hold62/Z                   2.6000         4.1559        -1.5559  (VIOLATED)
   _4251_/I0                  2.6000         4.1557        -1.5557  (VIOLATED)
   _4258_/I0                  2.6000         4.1552        -1.5552  (VIOLATED)
   _4204_/I1                  2.6000         4.1551        -1.5551  (VIOLATED)
   _5544_/I0                  2.6000         4.1548        -1.5548  (VIOLATED)
   _5743_/I0                  2.6000         4.0817        -1.4817  (VIOLATED)
   _5632_/I0                  2.6000         4.0816        -1.4816  (VIOLATED)
   _5851_/I0                  2.6000         4.0813        -1.4813  (VIOLATED)
   _5869_/I0                  2.6000         4.0811        -1.4811  (VIOLATED)
   _5650_/I1                  2.6000         4.0802        -1.4802  (VIOLATED)
   _5605_/I0                  2.6000         4.0795        -1.4795  (VIOLATED)
   _5587_/I1                  2.6000         4.0774        -1.4774  (VIOLATED)
   _5560_/I0                  2.6000         4.0755        -1.4755  (VIOLATED)
   _5815_/I0                  2.6000         4.0755        -1.4755  (VIOLATED)
   _5788_/I0                  2.6000         4.0670        -1.4670  (VIOLATED)
   _5887_/I0                  2.6000         4.0669        -1.4669  (VIOLATED)
   _5860_/I0                  2.6000         4.0669        -1.4669  (VIOLATED)
   _5878_/I0                  2.6000         4.0669        -1.4669  (VIOLATED)
   _5722_/I0                  2.6000         4.0669        -1.4669  (VIOLATED)
   _5713_/I0                  2.6000         4.0669        -1.4669  (VIOLATED)
   _5533_/I1                  2.6000         4.0669        -1.4669  (VIOLATED)
   _5752_/I0                  2.6000         4.0669        -1.4669  (VIOLATED)
   _5686_/I1                  2.6000         4.0669        -1.4669  (VIOLATED)
   _5761_/I1                  2.6000         4.0669        -1.4669  (VIOLATED)
   _5704_/I1                  2.6000         4.0668        -1.4668  (VIOLATED)
   _5824_/I0                  2.6000         4.0668        -1.4668  (VIOLATED)
   _5842_/I0                  2.6000         4.0668        -1.4668  (VIOLATED)
   _4249_/I0                  2.6000         4.0668        -1.4668  (VIOLATED)
   _5833_/I0                  2.6000         4.0668        -1.4668  (VIOLATED)
   _5542_/I0                  2.6000         4.0668        -1.4668  (VIOLATED)
   _4217_/I1                  2.6000         4.0668        -1.4668  (VIOLATED)
   _5668_/I1                  2.6000         4.0668        -1.4668  (VIOLATED)
   _4265_/I1                  2.6000         4.0668        -1.4668  (VIOLATED)
   _5734_/I0                  2.6000         4.0668        -1.4668  (VIOLATED)
   _5797_/I0                  2.6000         4.0668        -1.4668  (VIOLATED)
   _5524_/I1                  2.6000         4.0667        -1.4667  (VIOLATED)
   _4108_/I0                  2.6000         4.0667        -1.4667  (VIOLATED)
   _5500_/I1                  2.6000         4.0667        -1.4667  (VIOLATED)
   _5506_/I1                  2.6000         4.0667        -1.4667  (VIOLATED)
   _5614_/I0                  2.6000         4.0667        -1.4667  (VIOLATED)
   _5641_/I1                  2.6000         4.0667        -1.4667  (VIOLATED)
   _5695_/I0                  2.6000         4.0667        -1.4667  (VIOLATED)
   _5596_/I0                  2.6000         4.0667        -1.4667  (VIOLATED)
   _5578_/I1                  2.6000         4.0667        -1.4667  (VIOLATED)
   _5779_/I0                  2.6000         4.0667        -1.4667  (VIOLATED)
   _5659_/I1                  2.6000         4.0666        -1.4666  (VIOLATED)
   _5623_/I0                  2.6000         4.0666        -1.4666  (VIOLATED)
   _5677_/I1                  2.6000         4.0666        -1.4666  (VIOLATED)
   _4131_/I0                  2.6000         4.0666        -1.4666  (VIOLATED)
   _4152_/I0                  2.6000         4.0666        -1.4666  (VIOLATED)
   _4122_/I0                  2.6000         4.0666        -1.4666  (VIOLATED)
   _5806_/I0                  2.6000         4.0665        -1.4665  (VIOLATED)
   _5770_/I0                  2.6000         4.0664        -1.4664  (VIOLATED)
   _5569_/I0                  2.6000         4.0662        -1.4662  (VIOLATED)
   _4234_/I1                  2.6000         4.0654        -1.4654  (VIOLATED)
   _5551_/I0                  2.6000         4.0654        -1.4654  (VIOLATED)
   hold86/Z                   2.6000         4.0651        -1.4651  (VIOLATED)
   _4200_/I1                  2.6000         4.0651        -1.4651  (VIOLATED)
   _4256_/I0                  2.6000         4.0650        -1.4650  (VIOLATED)
   _5617_/I0                  2.6000         4.0000        -1.4000  (VIOLATED)
   _5782_/I0                  2.6000         4.0000        -1.4000  (VIOLATED)
   _5671_/I1                  2.6000         4.0000        -1.4000  (VIOLATED)
   _5599_/I0                  2.6000         4.0000        -1.4000  (VIOLATED)
   _5626_/I0                  2.6000         4.0000        -1.4000  (VIOLATED)
   _5653_/I1                  2.6000         4.0000        -1.4000  (VIOLATED)
   _5680_/I1                  2.6000         4.0000        -1.4000  (VIOLATED)
   _5698_/I0                  2.6000         4.0000        -1.4000  (VIOLATED)
   _5809_/I0                  2.6000         4.0000        -1.4000  (VIOLATED)
   _5635_/I0                  2.6000         4.0000        -1.4000  (VIOLATED)
   _4114_/I0                  2.6000         4.0000        -1.4000  (VIOLATED)
   _5662_/I1                  2.6000         3.9999        -1.3999  (VIOLATED)
   _5608_/I0                  2.6000         3.9999        -1.3999  (VIOLATED)
   _5737_/I0                  2.6000         3.9999        -1.3999  (VIOLATED)
   _5707_/I1                  2.6000         3.9999        -1.3999  (VIOLATED)
   _5644_/I1                  2.6000         3.9999        -1.3999  (VIOLATED)
   _4223_/I1                  2.6000         3.9999        -1.3999  (VIOLATED)
   _4268_/I1                  2.6000         3.9999        -1.3999  (VIOLATED)
   _5800_/I0                  2.6000         3.9999        -1.3999  (VIOLATED)
   _5590_/I1                  2.6000         3.9999        -1.3999  (VIOLATED)
   _5572_/I0                  2.6000         3.9999        -1.3999  (VIOLATED)
   _5689_/I1                  2.6000         3.9998        -1.3998  (VIOLATED)
   _5716_/I0                  2.6000         3.9998        -1.3998  (VIOLATED)
   _5818_/I0                  2.6000         3.9997        -1.3997  (VIOLATED)
   _5525_/I1                  2.6000         3.9997        -1.3997  (VIOLATED)
   _5746_/I0                  2.6000         3.9996        -1.3996  (VIOLATED)
   _5827_/I0                  2.6000         3.9996        -1.3996  (VIOLATED)
   _5836_/I0                  2.6000         3.9994        -1.3994  (VIOLATED)
   _5581_/I1                  2.6000         3.9994        -1.3994  (VIOLATED)
   _5764_/I1                  2.6000         3.9993        -1.3993  (VIOLATED)
   _4134_/I0                  2.6000         3.9992        -1.3992  (VIOLATED)
   _5881_/I0                  2.6000         3.9992        -1.3992  (VIOLATED)
   _4125_/I0                  2.6000         3.9991        -1.3991  (VIOLATED)
   _5509_/I1                  2.6000         3.9991        -1.3991  (VIOLATED)
   _5854_/I0                  2.6000         3.9987        -1.3987  (VIOLATED)
   _5845_/I0                  2.6000         3.9966        -1.3966  (VIOLATED)
   _5863_/I0                  2.6000         3.9965        -1.3965  (VIOLATED)
   _4240_/I1                  2.6000         3.9965        -1.3965  (VIOLATED)
   _5554_/I0                  2.6000         3.9965        -1.3965  (VIOLATED)
   _5755_/I0                  2.6000         3.9964        -1.3964  (VIOLATED)
   _5890_/I0                  2.6000         3.9964        -1.3964  (VIOLATED)
   _5872_/I0                  2.6000         3.9964        -1.3964  (VIOLATED)
   _5563_/I0                  2.6000         3.9960        -1.3960  (VIOLATED)
   _4259_/I0                  2.6000         3.9958        -1.3958  (VIOLATED)
   _4206_/I1                  2.6000         3.9958        -1.3958  (VIOLATED)
   _5725_/I0                  2.6000         3.9955        -1.3955  (VIOLATED)
   _5773_/I0                  2.6000         3.9954        -1.3954  (VIOLATED)
   _4252_/I0                  2.6000         3.9954        -1.3954  (VIOLATED)
   _4155_/I0                  2.6000         3.9953        -1.3953  (VIOLATED)
   _5791_/I0                  2.6000         3.9953        -1.3953  (VIOLATED)
   hold29/Z                   2.6000         3.9953        -1.3953  (VIOLATED)
   _5545_/I0                  2.6000         3.9952        -1.3952  (VIOLATED)
   _5828_/I0                  2.6000         3.9613        -1.3613  (VIOLATED)
   _5846_/I0                  2.6000         3.9613        -1.3613  (VIOLATED)
   _5837_/I0                  2.6000         3.9613        -1.3613  (VIOLATED)
   _5756_/I0                  2.6000         3.9612        -1.3612  (VIOLATED)
   _5747_/I0                  2.6000         3.9612        -1.3612  (VIOLATED)
   _5810_/I0                  2.6000         3.9612        -1.3612  (VIOLATED)
   _5738_/I0                  2.6000         3.9611        -1.3611  (VIOLATED)
   _5819_/I0                  2.6000         3.9611        -1.3611  (VIOLATED)
   _4208_/I1                  2.6000         3.9611        -1.3611  (VIOLATED)
   _5573_/I0                  2.6000         3.9611        -1.3611  (VIOLATED)
   _5765_/I1                  2.6000         3.9610        -1.3610  (VIOLATED)
   _5882_/I0                  2.6000         3.9610        -1.3610  (VIOLATED)
   _4260_/I0                  2.6000         3.9610        -1.3610  (VIOLATED)
   _5891_/I0                  2.6000         3.9610        -1.3610  (VIOLATED)
   _5792_/I0                  2.6000         3.9609        -1.3609  (VIOLATED)
   _5864_/I0                  2.6000         3.9609        -1.3609  (VIOLATED)
   _5600_/I0                  2.6000         3.9609        -1.3609  (VIOLATED)
   _5546_/I0                  2.6000         3.9609        -1.3609  (VIOLATED)
   _5774_/I0                  2.6000         3.9608        -1.3608  (VIOLATED)
   _5726_/I0                  2.6000         3.9608        -1.3608  (VIOLATED)
   _4156_/I0                  2.6000         3.9608        -1.3608  (VIOLATED)
   _5855_/I0                  2.6000         3.9608        -1.3608  (VIOLATED)
   _5873_/I0                  2.6000         3.9608        -1.3608  (VIOLATED)
   _5708_/I1                  2.6000         3.9606        -1.3606  (VIOLATED)
   _5681_/I1                  2.6000         3.9606        -1.3606  (VIOLATED)
   _5564_/I0                  2.6000         3.9605        -1.3605  (VIOLATED)
   _5690_/I1                  2.6000         3.9603        -1.3603  (VIOLATED)
   _4242_/I1                  2.6000         3.9603        -1.3603  (VIOLATED)
   _5555_/I0                  2.6000         3.9603        -1.3603  (VIOLATED)
   _5717_/I0                  2.6000         3.9602        -1.3602  (VIOLATED)
   _5699_/I0                  2.6000         3.9602        -1.3602  (VIOLATED)
   _5582_/I1                  2.6000         3.9599        -1.3599  (VIOLATED)
   _5591_/I1                  2.6000         3.9599        -1.3599  (VIOLATED)
   _5645_/I1                  2.6000         3.9599        -1.3599  (VIOLATED)
   _5801_/I0                  2.6000         3.9598        -1.3598  (VIOLATED)
   _5526_/I1                  2.6000         3.9598        -1.3598  (VIOLATED)
   _4116_/I0                  2.6000         3.9598        -1.3598  (VIOLATED)
   _5654_/I1                  2.6000         3.9598        -1.3598  (VIOLATED)
   _4269_/I1                  2.6000         3.9597        -1.3597  (VIOLATED)
   _4225_/I1                  2.6000         3.9596        -1.3596  (VIOLATED)
   _5663_/I1                  2.6000         3.9596        -1.3596  (VIOLATED)
   _4126_/I0                  2.6000         3.9595        -1.3595  (VIOLATED)
   _4135_/I0                  2.6000         3.9595        -1.3595  (VIOLATED)
   _5618_/I0                  2.6000         3.9595        -1.3595  (VIOLATED)
   _5672_/I1                  2.6000         3.9594        -1.3594  (VIOLATED)
   _5609_/I0                  2.6000         3.9594        -1.3594  (VIOLATED)
   _5636_/I0                  2.6000         3.9594        -1.3594  (VIOLATED)
   _5627_/I0                  2.6000         3.9594        -1.3594  (VIOLATED)
   _5783_/I0                  2.6000         3.9592        -1.3592  (VIOLATED)
   hold15/Z                   2.6000         3.9585        -1.3585  (VIOLATED)
   _5775_/I0                  2.6000         3.9034        -1.3034  (VIOLATED)
   _5793_/I0                  2.6000         3.9034        -1.3034  (VIOLATED)
   _4157_/I0                  2.6000         3.9034        -1.3034  (VIOLATED)
   _5727_/I0                  2.6000         3.9034        -1.3034  (VIOLATED)
   _5718_/I0                  2.6000         3.9034        -1.3034  (VIOLATED)
   _4244_/I1                  2.6000         3.9034        -1.3034  (VIOLATED)
   _5556_/I0                  2.6000         3.9034        -1.3034  (VIOLATED)
   _5811_/I0                  2.6000         3.9034        -1.3034  (VIOLATED)
   _5691_/I1                  2.6000         3.9034        -1.3034  (VIOLATED)
   _5739_/I0                  2.6000         3.9033        -1.3033  (VIOLATED)
   _5565_/I0                  2.6000         3.9033        -1.3033  (VIOLATED)
   _5874_/I0                  2.6000         3.9033        -1.3033  (VIOLATED)
   _5574_/I0                  2.6000         3.9033        -1.3033  (VIOLATED)
   _5709_/I1                  2.6000         3.9032        -1.3032  (VIOLATED)
   _5766_/I1                  2.6000         3.9032        -1.3032  (VIOLATED)
   _5820_/I0                  2.6000         3.9032        -1.3032  (VIOLATED)
   _5883_/I0                  2.6000         3.9031        -1.3031  (VIOLATED)
   _5829_/I0                  2.6000         3.9031        -1.3031  (VIOLATED)
   _5856_/I0                  2.6000         3.9031        -1.3031  (VIOLATED)
   _5838_/I0                  2.6000         3.9031        -1.3031  (VIOLATED)
   _5892_/I0                  2.6000         3.9031        -1.3031  (VIOLATED)
   _5865_/I0                  2.6000         3.9031        -1.3031  (VIOLATED)
   _5847_/I0                  2.6000         3.9030        -1.3030  (VIOLATED)
   _5748_/I0                  2.6000         3.9030        -1.3030  (VIOLATED)
   _5757_/I0                  2.6000         3.9030        -1.3030  (VIOLATED)
   _4261_/I0                  2.6000         3.9028        -1.3028  (VIOLATED)
   _4210_/I1                  2.6000         3.9028        -1.3028  (VIOLATED)
   _5547_/I0                  2.6000         3.9026        -1.3026  (VIOLATED)
   _4270_/I1                  2.6000         3.9023        -1.3023  (VIOLATED)
   _4227_/I1                  2.6000         3.9023        -1.3023  (VIOLATED)
   _5601_/I0                  2.6000         3.9021        -1.3021  (VIOLATED)
   _5583_/I1                  2.6000         3.9021        -1.3021  (VIOLATED)
   _5646_/I1                  2.6000         3.9021        -1.3021  (VIOLATED)
   _5610_/I0                  2.6000         3.9021        -1.3021  (VIOLATED)
   _4118_/I0                  2.6000         3.9021        -1.3021  (VIOLATED)
   _5619_/I0                  2.6000         3.9021        -1.3021  (VIOLATED)
   _5802_/I0                  2.6000         3.9020        -1.3020  (VIOLATED)
   _5673_/I1                  2.6000         3.9020        -1.3020  (VIOLATED)
   _5592_/I1                  2.6000         3.9020        -1.3020  (VIOLATED)
   _5628_/I0                  2.6000         3.9020        -1.3020  (VIOLATED)
   _5682_/I1                  2.6000         3.9020        -1.3020  (VIOLATED)
   _5700_/I0                  2.6000         3.9020        -1.3020  (VIOLATED)
   _4136_/I0                  2.6000         3.9020        -1.3020  (VIOLATED)
   _4127_/I0                  2.6000         3.9020        -1.3020  (VIOLATED)
   _5655_/I1                  2.6000         3.9020        -1.3020  (VIOLATED)
   _5664_/I1                  2.6000         3.9020        -1.3020  (VIOLATED)
   _5637_/I0                  2.6000         3.9019        -1.3019  (VIOLATED)
   _5784_/I0                  2.6000         3.9016        -1.3016  (VIOLATED)
   hold2/Z                    2.6000         3.9011        -1.3011  (VIOLATED)
   _4321_/I0                  2.6000         3.1049        -0.5049  (VIOLATED)
   _4150_/I0                  2.6000         3.1049        -0.5049  (VIOLATED)
   _5876_/I0                  2.6000         3.1049        -0.5049  (VIOLATED)
   _5849_/I0                  2.6000         3.1048        -0.5048  (VIOLATED)
   _5675_/I1                  2.6000         3.1048        -0.5048  (VIOLATED)
   _5702_/I1                  2.6000         3.1048        -0.5048  (VIOLATED)
   _5603_/I0                  2.6000         3.1048        -0.5048  (VIOLATED)
   _5804_/I0                  2.6000         3.1048        -0.5048  (VIOLATED)
   _5621_/I0                  2.6000         3.1048        -0.5048  (VIOLATED)
   _5732_/I0                  2.6000         3.1048        -0.5048  (VIOLATED)
   _5777_/I0                  2.6000         3.1048        -0.5048  (VIOLATED)
   _5867_/I0                  2.6000         3.1047        -0.5047  (VIOLATED)
   _5630_/I0                  2.6000         3.1046        -0.5046  (VIOLATED)
   _5594_/I0                  2.6000         3.1044        -0.5044  (VIOLATED)
   _5741_/I0                  2.6000         3.1043        -0.5043  (VIOLATED)
   _5612_/I0                  2.6000         3.1043        -0.5043  (VIOLATED)
   _5840_/I0                  2.6000         3.1043        -0.5043  (VIOLATED)
   _5567_/I0                  2.6000         3.1042        -0.5042  (VIOLATED)
   _5795_/I0                  2.6000         3.1041        -0.5041  (VIOLATED)
   _5768_/I0                  2.6000         3.1041        -0.5041  (VIOLATED)
   _5711_/I0                  2.6000         3.1041        -0.5041  (VIOLATED)
   load_slew350/I             2.6000         3.1040        -0.5040  (VIOLATED)
   _5786_/I0                  2.6000         3.1038        -0.5038  (VIOLATED)
   _5648_/I1                  2.6000         3.1037        -0.5037  (VIOLATED)
   _5535_/I1                  2.6000         3.1036        -0.5036  (VIOLATED)
   _5540_/I0                  2.6000         3.1035        -0.5035  (VIOLATED)
   _4263_/I1                  2.6000         3.1034        -0.5034  (VIOLATED)
   _5693_/I0                  2.6000         3.1029        -0.5029  (VIOLATED)
   _5657_/I1                  2.6000         3.1021        -0.5021  (VIOLATED)
   _5666_/I1                  2.6000         3.1018        -0.5018  (VIOLATED)
   _5639_/I1                  2.6000         3.1017        -0.5017  (VIOLATED)
   _5576_/I1                  2.6000         3.1017        -0.5017  (VIOLATED)
   _5585_/I1                  2.6000         3.1010        -0.5010  (VIOLATED)
   _5558_/I0                  2.6000         3.0958        -0.4958  (VIOLATED)
   _5549_/I0                  2.6000         3.0956        -0.4956  (VIOLATED)
   hold113/Z                  2.6000         3.0955        -0.4955  (VIOLATED)
   _4254_/I0                  2.6000         3.0950        -0.4950  (VIOLATED)


   max_fanout

                             Required        Actual
   Pin                        Fanout         Fanout          Slack
   -----------------------------------------------------------------
   hold271/Z                 12.0000        95.0000       -83.0000  (VIOLATED)
   max_cap357/Z              12.0000        74.0000       -62.0000  (VIOLATED)
   max_cap358/Z              12.0000        72.0000       -60.0000  (VIOLATED)
   max_cap354/Z              12.0000        66.0000       -54.0000  (VIOLATED)
   max_cap356/Z              12.0000        66.0000       -54.0000  (VIOLATED)
   max_cap355/Z              12.0000        64.0000       -52.0000  (VIOLATED)
   max_cap361/Z              12.0000        64.0000       -52.0000  (VIOLATED)
   load_slew350/Z            12.0000        60.0000       -48.0000  (VIOLATED)
   max_cap353/Z              12.0000        58.0000       -46.0000  (VIOLATED)
   hold86/Z                  12.0000        53.0000       -41.0000  (VIOLATED)
   hold52/Z                  12.0000        52.0000       -40.0000  (VIOLATED)
   hold62/Z                  12.0000        52.0000       -40.0000  (VIOLATED)
   hold29/Z                  12.0000        51.0000       -39.0000  (VIOLATED)
   max_cap359/Z              12.0000        51.0000       -39.0000  (VIOLATED)
   max_cap360/Z              12.0000        51.0000       -39.0000  (VIOLATED)
   hold15/Z                  12.0000        49.0000       -37.0000  (VIOLATED)
   hold2/Z                   12.0000        48.0000       -36.0000  (VIOLATED)
   load_slew349/Z            12.0000        48.0000       -36.0000  (VIOLATED)
   _4689_/ZN                 12.0000        39.0000       -27.0000  (VIOLATED)
   hold113/Z                 12.0000        36.0000       -24.0000  (VIOLATED)
   input122/Z                12.0000        36.0000       -24.0000  (VIOLATED)
   input124/Z                12.0000        35.0000       -23.0000  (VIOLATED)
   input160/Z                12.0000        34.0000       -22.0000  (VIOLATED)
   hold18/Z                  12.0000        33.0000       -21.0000  (VIOLATED)
   input120/Z                12.0000        33.0000       -21.0000  (VIOLATED)
   _4563_/Z                  12.0000        32.0000       -20.0000  (VIOLATED)
   input117/Z                12.0000        32.0000       -20.0000  (VIOLATED)
   _3485_/Z                  12.0000        31.0000       -19.0000  (VIOLATED)
   input75/Z                 12.0000        31.0000       -19.0000  (VIOLATED)
   max_cap352/Z              12.0000        29.0000       -17.0000  (VIOLATED)
   _3537_/Z                  12.0000        28.0000       -16.0000  (VIOLATED)
   _3552_/Z                  12.0000        28.0000       -16.0000  (VIOLATED)
   input95/Z                 12.0000        28.0000       -16.0000  (VIOLATED)
   input121/Z                12.0000        28.0000       -16.0000  (VIOLATED)
   load_slew351/Z            12.0000        27.0000       -15.0000  (VIOLATED)
   input106/Z                12.0000        26.0000       -14.0000  (VIOLATED)
   _7227_/Q                  12.0000        25.0000       -13.0000  (VIOLATED)
   _7231_/Q                  12.0000        25.0000       -13.0000  (VIOLATED)
   input123/Z                12.0000        25.0000       -13.0000  (VIOLATED)
   _3529_/Z                  12.0000        24.0000       -12.0000  (VIOLATED)
   input107/Z                12.0000        24.0000       -12.0000  (VIOLATED)
   _3509_/Z                  12.0000        23.0000       -11.0000  (VIOLATED)
   _4422_/Z                  12.0000        22.0000       -10.0000  (VIOLATED)
   _4716_/Z                  12.0000        22.0000       -10.0000  (VIOLATED)
   _7234_/Q                  12.0000        22.0000       -10.0000  (VIOLATED)
   _3408_/ZN                 12.0000        21.0000        -9.0000  (VIOLATED)
   _4377_/ZN                 12.0000        21.0000        -9.0000  (VIOLATED)
   _6733_/Q                  12.0000        21.0000        -9.0000  (VIOLATED)
   clkbuf_3_6__f_wb_clk_i/Z  12.0000        21.0000        -9.0000  (VIOLATED)
   _4454_/Z                  12.0000        20.0000        -8.0000  (VIOLATED)
   _4683_/Z                  12.0000        20.0000        -8.0000  (VIOLATED)
   _5957_/Z                  12.0000        20.0000        -8.0000  (VIOLATED)
   _7228_/Q                  12.0000        20.0000        -8.0000  (VIOLATED)
   hold6/Z                   12.0000        20.0000        -8.0000  (VIOLATED)
   _3407_/ZN                 12.0000        19.0000        -7.0000  (VIOLATED)
   max_cap347/Z              12.0000        19.0000        -7.0000  (VIOLATED)
   _3385_/ZN                 12.0000        18.0000        -6.0000  (VIOLATED)
   _3401_/ZN                 12.0000        18.0000        -6.0000  (VIOLATED)
   _4011_/ZN                 12.0000        18.0000        -6.0000  (VIOLATED)
   _4532_/ZN                 12.0000        18.0000        -6.0000  (VIOLATED)
   _4700_/Z                  12.0000        18.0000        -6.0000  (VIOLATED)
   _5968_/ZN                 12.0000        18.0000        -6.0000  (VIOLATED)
   hold21/Z                  12.0000        18.0000        -6.0000  (VIOLATED)
   _3402_/ZN                 12.0000        17.0000        -5.0000  (VIOLATED)
   _3541_/ZN                 12.0000        17.0000        -5.0000  (VIOLATED)
   _3543_/ZN                 12.0000        17.0000        -5.0000  (VIOLATED)
   _4784_/Z                  12.0000        17.0000        -5.0000  (VIOLATED)
   clkbuf_2_3__f_mgmt_gpio_in[4]/Z  12.0000  17.0000       -5.0000  (VIOLATED)
   max_cap343/Z              12.0000        17.0000        -5.0000  (VIOLATED)
   max_cap344/Z              12.0000        17.0000        -5.0000  (VIOLATED)
   wire348/Z                 12.0000        17.0000        -5.0000  (VIOLATED)
   _3404_/ZN                 12.0000        16.0000        -4.0000  (VIOLATED)
   _3503_/ZN                 12.0000        16.0000        -4.0000  (VIOLATED)
   _3511_/ZN                 12.0000        16.0000        -4.0000  (VIOLATED)
   _3517_/ZN                 12.0000        16.0000        -4.0000  (VIOLATED)
   _3533_/Z                  12.0000        16.0000        -4.0000  (VIOLATED)
   _4520_/ZN                 12.0000        16.0000        -4.0000  (VIOLATED)
   _4526_/Z                  12.0000        16.0000        -4.0000  (VIOLATED)
   _6745_/Q                  12.0000        16.0000        -4.0000  (VIOLATED)
   clkbuf_0__1359_/Z         12.0000        16.0000        -4.0000  (VIOLATED)
   clkbuf_3_7__f_wb_clk_i/Z  12.0000        16.0000        -4.0000  (VIOLATED)
   _3403_/ZN                 12.0000        15.0000        -3.0000  (VIOLATED)
   _3518_/ZN                 12.0000        15.0000        -3.0000  (VIOLATED)
   _4551_/Z                  12.0000        15.0000        -3.0000  (VIOLATED)
   _4614_/Z                  12.0000        15.0000        -3.0000  (VIOLATED)
   _4703_/Z                  12.0000        15.0000        -3.0000  (VIOLATED)
   _6233_/ZN                 12.0000        15.0000        -3.0000  (VIOLATED)
   _6834_/Q                  12.0000        15.0000        -3.0000  (VIOLATED)
   clkbuf_3_1__f_wb_clk_i/Z  12.0000        15.0000        -3.0000  (VIOLATED)
   clkbuf_3_4__f_wb_clk_i/Z  12.0000        15.0000        -3.0000  (VIOLATED)
   clkbuf_4_5_0__1359_/Z     12.0000        15.0000        -3.0000  (VIOLATED)
   input108/Z                12.0000        15.0000        -3.0000  (VIOLATED)
   max_cap346/Z              12.0000        15.0000        -3.0000  (VIOLATED)
   _3406_/ZN                 12.0000        14.0000        -2.0000  (VIOLATED)
   _4366_/ZN                 12.0000        14.0000        -2.0000  (VIOLATED)
   _4502_/ZN                 12.0000        14.0000        -2.0000  (VIOLATED)
   _4524_/Z                  12.0000        14.0000        -2.0000  (VIOLATED)
   _4554_/Z                  12.0000        14.0000        -2.0000  (VIOLATED)
   _4666_/Z                  12.0000        14.0000        -2.0000  (VIOLATED)
   _4718_/ZN                 12.0000        14.0000        -2.0000  (VIOLATED)
   _5947_/ZN                 12.0000        14.0000        -2.0000  (VIOLATED)
   _6744_/Q                  12.0000        14.0000        -2.0000  (VIOLATED)
   _6835_/Q                  12.0000        14.0000        -2.0000  (VIOLATED)
   _6836_/Q                  12.0000        14.0000        -2.0000  (VIOLATED)
   clkbuf_4_0_0__1359_/Z     12.0000        14.0000        -2.0000  (VIOLATED)
   max_cap345/Z              12.0000        14.0000        -2.0000  (VIOLATED)
   _3331_/ZN                 12.0000        13.0000        -1.0000  (VIOLATED)
   _3386_/ZN                 12.0000        13.0000        -1.0000  (VIOLATED)
   _3488_/Z                  12.0000        13.0000        -1.0000  (VIOLATED)
   _4368_/ZN                 12.0000        13.0000        -1.0000  (VIOLATED)
   _4401_/Z                  12.0000        13.0000        -1.0000  (VIOLATED)
   _4495_/Z                  12.0000        13.0000        -1.0000  (VIOLATED)
   _4517_/Z                  12.0000        13.0000        -1.0000  (VIOLATED)
   _4522_/ZN                 12.0000        13.0000        -1.0000  (VIOLATED)
   _4562_/ZN                 12.0000        13.0000        -1.0000  (VIOLATED)
   _4568_/Z                  12.0000        13.0000        -1.0000  (VIOLATED)
   _4586_/Z                  12.0000        13.0000        -1.0000  (VIOLATED)
   _6234_/ZN                 12.0000        13.0000        -1.0000  (VIOLATED)
   _6244_/ZN                 12.0000        13.0000        -1.0000  (VIOLATED)
   _7235_/Q                  12.0000        13.0000        -1.0000  (VIOLATED)


1
