****************************************
Report : constraint
	-all_violators
	-path slack_only
Design : housekeeping
Version: T-2022.03-SP3
Date   : Wed Dec 14 00:36:50 2022
****************************************






   max_transition

                             Required        Actual
   Pin                      Transition     Transition        Slack
   -----------------------------------------------------------------
   _3586_/C2                  4.0000         5.5759        -1.5759  (VIOLATED)
   _3644_/B1                  4.0000         5.5714        -1.5714  (VIOLATED)
   _3684_/A2                  4.0000         5.5575        -1.5575  (VIOLATED)
   _3916_/A2                  4.0000         5.5575        -1.5575  (VIOLATED)
   _3893_/A2                  4.0000         5.5574        -1.5574  (VIOLATED)
   _3721_/B1                  4.0000         5.5574        -1.5574  (VIOLATED)
   _3775_/C1                  4.0000         5.5574        -1.5574  (VIOLATED)
   _3737_/B1                  4.0000         5.5573        -1.5573  (VIOLATED)
   _3558_/ZN                  4.0000         5.5570        -1.5570  (VIOLATED)
   _3748_/C2                  4.0000         5.2395        -1.2395  (VIOLATED)
   _3933_/A2                  4.0000         5.2384        -1.2384  (VIOLATED)
   _3637_/C1                  4.0000         5.2372        -1.2372  (VIOLATED)
   _3865_/A2                  4.0000         5.2354        -1.2354  (VIOLATED)
   _5528_/S                   4.0000         5.2215        -1.2215  (VIOLATED)
   _3789_/B1                  4.0000         5.2215        -1.2215  (VIOLATED)
   _3717_/C2                  4.0000         5.2215        -1.2215  (VIOLATED)
   _3684_/B1                  4.0000         5.2214        -1.2214  (VIOLATED)
   _3618_/ZN                  4.0000         5.2212        -1.2212  (VIOLATED)
   _4220_/S                   4.0000         4.9772        -0.9772  (VIOLATED)
   _4218_/S                   4.0000         4.9719        -0.9719  (VIOLATED)
   _3864_/C2                  4.0000         4.9642        -0.9642  (VIOLATED)
   _4224_/S                   4.0000         4.9635        -0.9635  (VIOLATED)
   _4216_/S                   4.0000         4.9635        -0.9635  (VIOLATED)
   _4222_/S                   4.0000         4.9635        -0.9635  (VIOLATED)
   _4228_/S                   4.0000         4.9634        -0.9634  (VIOLATED)
   _4214_/S                   4.0000         4.9633        -0.9633  (VIOLATED)
   _4226_/S                   4.0000         4.9631        -0.9631  (VIOLATED)
   _3664_/A2                  4.0000         4.9630        -0.9630  (VIOLATED)
   _3775_/B1                  4.0000         4.9630        -0.9630  (VIOLATED)
   _4212_/ZN                  4.0000         4.9625        -0.9625  (VIOLATED)
   _3718_/A2                  4.0000         4.9566        -0.9566  (VIOLATED)
   _3676_/B1                  4.0000         4.9525        -0.9525  (VIOLATED)
   _3700_/B1                  4.0000         4.9517        -0.9517  (VIOLATED)
   _5683_/A1                  4.0000         4.9502        -0.9502  (VIOLATED)
   _3881_/A2                  4.0000         4.9485        -0.9485  (VIOLATED)
   _3769_/A2                  4.0000         4.9481        -0.9481  (VIOLATED)
   _3733_/B1                  4.0000         4.9471        -0.9471  (VIOLATED)
   _3731_/A2                  4.0000         4.9467        -0.9467  (VIOLATED)
   _3623_/B1                  4.0000         4.9467        -0.9467  (VIOLATED)
   _3913_/A2                  4.0000         4.9467        -0.9467  (VIOLATED)
   _3597_/C1                  4.0000         4.9467        -0.9467  (VIOLATED)
   _3622_/B1                  4.0000         4.9466        -0.9466  (VIOLATED)
   _3561_/ZN                  4.0000         4.9464        -0.9464  (VIOLATED)
   _3599_/B1                  4.0000         4.9350        -0.9350  (VIOLATED)
   _3942_/B2                  4.0000         4.9349        -0.9349  (VIOLATED)
   _3567_/ZN                  4.0000         4.9348        -0.9348  (VIOLATED)
   _3928_/A2                  4.0000         4.8940        -0.8940  (VIOLATED)
   _3891_/C1                  4.0000         4.8785        -0.8785  (VIOLATED)
   _3791_/B1                  4.0000         4.8785        -0.8785  (VIOLATED)
   _5575_/A1                  4.0000         4.8785        -0.8785  (VIOLATED)
   _3697_/A2                  4.0000         4.8785        -0.8785  (VIOLATED)
   _3660_/B1                  4.0000         4.8784        -0.8784  (VIOLATED)
   _3741_/B1                  4.0000         4.8774        -0.8774  (VIOLATED)
   _3580_/ZN                  4.0000         4.8773        -0.8773  (VIOLATED)
   _3621_/A2                  4.0000         4.8773        -0.8773  (VIOLATED)
   _3594_/C1                  4.0000         4.8773        -0.8773  (VIOLATED)
   _3698_/B1                  4.0000         4.7057        -0.7057  (VIOLATED)
   _3624_/B1                  4.0000         4.7040        -0.7040  (VIOLATED)
   _3774_/C1                  4.0000         4.7002        -0.7002  (VIOLATED)
   _3875_/A2                  4.0000         4.6982        -0.6982  (VIOLATED)
   _3661_/A2                  4.0000         4.6981        -0.6981  (VIOLATED)
   _3698_/A2                  4.0000         4.6962        -0.6962  (VIOLATED)
   _3931_/A2                  4.0000         4.6958        -0.6958  (VIOLATED)
   _3598_/C2                  4.0000         4.6957        -0.6957  (VIOLATED)
   _5701_/A1                  4.0000         4.6952        -0.6952  (VIOLATED)
   _3624_/A2                  4.0000         4.6952        -0.6952  (VIOLATED)
   _3735_/B1                  4.0000         4.6906        -0.6906  (VIOLATED)
   _3603_/C1                  4.0000         4.6906        -0.6906  (VIOLATED)
   _5674_/A1                  4.0000         4.6906        -0.6906  (VIOLATED)
   _3664_/B1                  4.0000         4.6906        -0.6906  (VIOLATED)
   _3769_/B1                  4.0000         4.6905        -0.6905  (VIOLATED)
   _3936_/A2                  4.0000         4.6903        -0.6903  (VIOLATED)
   _3881_/B1                  4.0000         4.6903        -0.6903  (VIOLATED)
   _3569_/ZN                  4.0000         4.6896        -0.6896  (VIOLATED)
   _3590_/B1                  4.0000         4.6861        -0.6861  (VIOLATED)
   _3738_/C1                  4.0000         4.6848        -0.6848  (VIOLATED)
   _3556_/ZN                  4.0000         4.6846        -0.6846  (VIOLATED)
   _3859_/C1                  4.0000         4.6832        -0.6832  (VIOLATED)
   _3791_/C1                  4.0000         4.6708        -0.6708  (VIOLATED)
   _3628_/B1                  4.0000         4.6708        -0.6708  (VIOLATED)
   _3925_/A2                  4.0000         4.6708        -0.6708  (VIOLATED)
   _3716_/B1                  4.0000         4.6707        -0.6707  (VIOLATED)
   _3741_/C1                  4.0000         4.6707        -0.6707  (VIOLATED)
   _3661_/B1                  4.0000         4.6706        -0.6706  (VIOLATED)
   _3581_/ZN                  4.0000         4.6706        -0.6706  (VIOLATED)
   _3930_/A2                  4.0000         4.6240        -0.6240  (VIOLATED)
   _3662_/A2                  4.0000         4.6234        -0.6234  (VIOLATED)
   _3716_/A2                  4.0000         4.6200        -0.6200  (VIOLATED)
   _3588_/A2                  4.0000         4.6186        -0.6186  (VIOLATED)
   _3634_/C1                  4.0000         4.6185        -0.6185  (VIOLATED)
   _3848_/A2                  4.0000         4.6184        -0.6184  (VIOLATED)
   _3772_/B1                  4.0000         4.6180        -0.6180  (VIOLATED)
   _3749_/A2                  4.0000         4.6158        -0.6158  (VIOLATED)
   _3554_/ZN                  4.0000         4.6107        -0.6107  (VIOLATED)
   _3698_/C1                  4.0000         4.5885        -0.5885  (VIOLATED)
   _3670_/B1                  4.0000         4.5885        -0.5885  (VIOLATED)
   _3765_/A2                  4.0000         4.5885        -0.5885  (VIOLATED)
   _3952_/A2                  4.0000         4.5885        -0.5885  (VIOLATED)
   _3879_/B1                  4.0000         4.5884        -0.5884  (VIOLATED)
   _3733_/C1                  4.0000         4.5882        -0.5882  (VIOLATED)
   _3624_/C1                  4.0000         4.5882        -0.5882  (VIOLATED)
   _3599_/C2                  4.0000         4.5882        -0.5882  (VIOLATED)
   _3572_/ZN                  4.0000         4.5881        -0.5881  (VIOLATED)
   _3867_/A2                  4.0000         4.5845        -0.5845  (VIOLATED)
   _3714_/B1                  4.0000         4.5717        -0.5717  (VIOLATED)
   _3923_/C1                  4.0000         4.5717        -0.5717  (VIOLATED)
   _3783_/C1                  4.0000         4.5717        -0.5717  (VIOLATED)
   _3668_/A2                  4.0000         4.5717        -0.5717  (VIOLATED)
   _3626_/B1                  4.0000         4.5712        -0.5712  (VIOLATED)
   _3741_/A2                  4.0000         4.5711        -0.5711  (VIOLATED)
   _3605_/A2                  4.0000         4.5711        -0.5711  (VIOLATED)
   _3559_/ZN                  4.0000         4.5710        -0.5710  (VIOLATED)
   _3730_/A2                  4.0000         4.5323        -0.5323  (VIOLATED)
   _3613_/A2                  4.0000         4.5291        -0.5291  (VIOLATED)
   _3771_/A2                  4.0000         4.5193        -0.5193  (VIOLATED)
   _3672_/A2                  4.0000         4.5193        -0.5193  (VIOLATED)
   _3717_/B1                  4.0000         4.5193        -0.5193  (VIOLATED)
   _3586_/B1                  4.0000         4.5193        -0.5193  (VIOLATED)
   _3850_/A2                  4.0000         4.5188        -0.5188  (VIOLATED)
   _3943_/A2                  4.0000         4.5187        -0.5187  (VIOLATED)
   _3538_/ZN                  4.0000         4.5187        -0.5187  (VIOLATED)
   _3586_/A2                  4.0000         4.5016        -0.5016  (VIOLATED)
   _3666_/A2                  4.0000         4.5016        -0.5016  (VIOLATED)
   _3717_/A2                  4.0000         4.5011        -0.5011  (VIOLATED)
   _3623_/C2                  4.0000         4.4999        -0.4999  (VIOLATED)
   _3774_/A2                  4.0000         4.4978        -0.4978  (VIOLATED)
   _3935_/A2                  4.0000         4.4873        -0.4873  (VIOLATED)
   _3882_/A2                  4.0000         4.4873        -0.4873  (VIOLATED)
   _3737_/A2                  4.0000         4.4873        -0.4873  (VIOLATED)
   _3528_/ZN                  4.0000         4.4872        -0.4872  (VIOLATED)
   _3917_/A2                  4.0000         4.4824        -0.4824  (VIOLATED)
   _3676_/A2                  4.0000         4.4821        -0.4821  (VIOLATED)
   _3892_/A2                  4.0000         4.4820        -0.4820  (VIOLATED)
   _3603_/A2                  4.0000         4.4789        -0.4789  (VIOLATED)
   _3775_/A2                  4.0000         4.4782        -0.4782  (VIOLATED)
   _3637_/B1                  4.0000         4.4755        -0.4755  (VIOLATED)
   _3735_/A2                  4.0000         4.4749        -0.4749  (VIOLATED)
   _3720_/A2                  4.0000         4.4714        -0.4714  (VIOLATED)
   _3551_/ZN                  4.0000         4.4714        -0.4714  (VIOLATED)
   _3877_/A2                  4.0000         4.4704        -0.4704  (VIOLATED)
   _3696_/A2                  4.0000         4.4585        -0.4585  (VIOLATED)
   _3665_/A2                  4.0000         4.4585        -0.4585  (VIOLATED)
   _3934_/A2                  4.0000         4.4585        -0.4585  (VIOLATED)
   _3789_/A2                  4.0000         4.4585        -0.4585  (VIOLATED)
   _3644_/A2                  4.0000         4.4581        -0.4581  (VIOLATED)
   _3750_/A2                  4.0000         4.4581        -0.4581  (VIOLATED)
   _3599_/A2                  4.0000         4.4580        -0.4580  (VIOLATED)
   _3531_/ZN                  4.0000         4.4580        -0.4580  (VIOLATED)
   _3863_/A2                  4.0000         4.4534        -0.4534  (VIOLATED)
   _3888_/A2                  4.0000         4.4406        -0.4406  (VIOLATED)
   _3752_/A2                  4.0000         4.4398        -0.4398  (VIOLATED)
   _3923_/A2                  4.0000         4.4397        -0.4397  (VIOLATED)
   _3710_/A2                  4.0000         4.4397        -0.4397  (VIOLATED)
   _3671_/A2                  4.0000         4.4397        -0.4397  (VIOLATED)
   _3633_/A2                  4.0000         4.4393        -0.4393  (VIOLATED)
   _3514_/A2                  4.0000         4.4393        -0.4393  (VIOLATED)
   _3781_/A2                  4.0000         4.4393        -0.4393  (VIOLATED)
   _3513_/ZN                  4.0000         4.4392        -0.4392  (VIOLATED)
   _3954_/A2                  4.0000         4.4267        -0.4267  (VIOLATED)
   _3792_/A2                  4.0000         4.4267        -0.4267  (VIOLATED)
   _3712_/A2                  4.0000         4.4267        -0.4267  (VIOLATED)
   _3665_/B1                  4.0000         4.4267        -0.4267  (VIOLATED)
   _3740_/C1                  4.0000         4.4263        -0.4263  (VIOLATED)
   _3631_/B1                  4.0000         4.4263        -0.4263  (VIOLATED)
   _3595_/A2                  4.0000         4.4262        -0.4262  (VIOLATED)
   _3539_/ZN                  4.0000         4.4262        -0.4262  (VIOLATED)
   _3598_/B1                  4.0000         4.4241        -0.4241  (VIOLATED)
   _3947_/A2                  4.0000         4.4218        -0.4218  (VIOLATED)
   _3720_/B1                  4.0000         4.4210        -0.4210  (VIOLATED)
   _3788_/B1                  4.0000         4.4205        -0.4205  (VIOLATED)
   _3870_/B1                  4.0000         4.4193        -0.4193  (VIOLATED)
   _3748_/B1                  4.0000         4.4173        -0.4173  (VIOLATED)
   _3635_/B1                  4.0000         4.4169        -0.4169  (VIOLATED)
   _3677_/C1                  4.0000         4.4163        -0.4163  (VIOLATED)
   _3749_/B1                  4.0000         4.4161        -0.4161  (VIOLATED)
   _3577_/ZN                  4.0000         4.4129        -0.4129  (VIOLATED)
   _3705_/A2                  4.0000         4.4070        -0.4070  (VIOLATED)
   _3957_/A2                  4.0000         4.4070        -0.4070  (VIOLATED)
   _3685_/A2                  4.0000         4.4070        -0.4070  (VIOLATED)
   _3862_/A2                  4.0000         4.4069        -0.4069  (VIOLATED)
   _3640_/A2                  4.0000         4.4068        -0.4068  (VIOLATED)
   _3594_/A2                  4.0000         4.4068        -0.4068  (VIOLATED)
   _3744_/A2                  4.0000         4.4067        -0.4067  (VIOLATED)
   _3781_/B1                  4.0000         4.4067        -0.4067  (VIOLATED)
   _3524_/ZN                  4.0000         4.4066        -0.4066  (VIOLATED)
   _3623_/A2                  4.0000         4.4062        -0.4062  (VIOLATED)
   _3603_/B1                  4.0000         4.4062        -0.4062  (VIOLATED)
   _3788_/A2                  4.0000         4.4061        -0.4061  (VIOLATED)
   _3675_/B1                  4.0000         4.4061        -0.4061  (VIOLATED)
   _3695_/A2                  4.0000         4.4061        -0.4061  (VIOLATED)
   _5758_/A1                  4.0000         4.4055        -0.4055  (VIOLATED)
   _3870_/A2                  4.0000         4.4052        -0.4052  (VIOLATED)
   _3914_/A2                  4.0000         4.4051        -0.4051  (VIOLATED)
   _3563_/ZN                  4.0000         4.4051        -0.4051  (VIOLATED)
   _4197_/S                   4.0000         4.3707        -0.3707  (VIOLATED)
   _4199_/S                   4.0000         4.3707        -0.3707  (VIOLATED)
   _4201_/S                   4.0000         4.3707        -0.3707  (VIOLATED)
   _4203_/S                   4.0000         4.3707        -0.3707  (VIOLATED)
   _4211_/S                   4.0000         4.3703        -0.3703  (VIOLATED)
   _4205_/S                   4.0000         4.3703        -0.3703  (VIOLATED)
   _4209_/S                   4.0000         4.3703        -0.3703  (VIOLATED)
   _4207_/S                   4.0000         4.3703        -0.3703  (VIOLATED)
   _4195_/ZN                  4.0000         4.3702        -0.3702  (VIOLATED)
   _3600_/B1                  4.0000         4.3543        -0.3543  (VIOLATED)
   _3879_/A2                  4.0000         4.3532        -0.3532  (VIOLATED)
   _3627_/A2                  4.0000         4.3525        -0.3525  (VIOLATED)
   _3682_/A2                  4.0000         4.3513        -0.3513  (VIOLATED)
   _3730_/B1                  4.0000         4.3496        -0.3496  (VIOLATED)
   _3636_/C1                  4.0000         4.3491        -0.3491  (VIOLATED)
   _5638_/A1                  4.0000         4.3472        -0.3472  (VIOLATED)
   _3718_/B1                  4.0000         4.3392        -0.3392  (VIOLATED)
   _3659_/A2                  4.0000         4.3391        -0.3391  (VIOLATED)
   _3771_/B1                  4.0000         4.3391        -0.3391  (VIOLATED)
   _3945_/B1                  4.0000         4.3391        -0.3391  (VIOLATED)
   _3564_/ZN                  4.0000         4.3388        -0.3388  (VIOLATED)
   _3693_/A2                  4.0000         4.3380        -0.3380  (VIOLATED)
   _3782_/B1                  4.0000         4.3379        -0.3379  (VIOLATED)
   _3604_/B1                  4.0000         4.3379        -0.3379  (VIOLATED)
   _3952_/B1                  4.0000         4.3377        -0.3377  (VIOLATED)
   _3856_/B1                  4.0000         4.3377        -0.3377  (VIOLATED)
   _3750_/B1                  4.0000         4.3376        -0.3376  (VIOLATED)
   _3576_/ZN                  4.0000         4.3376        -0.3376  (VIOLATED)
   _3588_/B1                  4.0000         4.3134        -0.3134  (VIOLATED)
   _3749_/C1                  4.0000         4.3116        -0.3116  (VIOLATED)
   _3622_/C1                  4.0000         4.3068        -0.3068  (VIOLATED)
   _3788_/C1                  4.0000         4.3068        -0.3068  (VIOLATED)
   _3685_/B1                  4.0000         4.3067        -0.3067  (VIOLATED)
   _3883_/C1                  4.0000         4.3064        -0.3064  (VIOLATED)
   _3941_/B1                  4.0000         4.3064        -0.3064  (VIOLATED)
   _3571_/ZN                  4.0000         4.3063        -0.3063  (VIOLATED)
   _3721_/C2                  4.0000         4.3063        -0.3063  (VIOLATED)
   _3951_/C1                  4.0000         4.2740        -0.2740  (VIOLATED)
   _3706_/B1                  4.0000         4.2740        -0.2740  (VIOLATED)
   _3890_/C1                  4.0000         4.2739        -0.2739  (VIOLATED)
   _3658_/A2                  4.0000         4.2739        -0.2739  (VIOLATED)
   _3626_/C1                  4.0000         4.2737        -0.2737  (VIOLATED)
   _3604_/A2                  4.0000         4.2737        -0.2737  (VIOLATED)
   _3755_/C2                  4.0000         4.2736        -0.2736  (VIOLATED)
   _3782_/C1                  4.0000         4.2736        -0.2736  (VIOLATED)
   _3573_/ZN                  4.0000         4.2736        -0.2736  (VIOLATED)
   _3756_/B1                  4.0000         4.2423        -0.2423  (VIOLATED)
   _3598_/A2                  4.0000         4.2421        -0.2421  (VIOLATED)
   _3941_/A2                  4.0000         4.2393        -0.2393  (VIOLATED)
   _3945_/C2                  4.0000         4.2392        -0.2392  (VIOLATED)
   _3851_/A2                  4.0000         4.2368        -0.2368  (VIOLATED)
   _3672_/B1                  4.0000         4.2367        -0.2367  (VIOLATED)
   _3702_/C1                  4.0000         4.2340        -0.2340  (VIOLATED)
   _3770_/A2                  4.0000         4.2327        -0.2327  (VIOLATED)
   _3643_/B1                  4.0000         4.2317        -0.2317  (VIOLATED)
   _3568_/ZN                  4.0000         4.2277        -0.2277  (VIOLATED)
   _3656_/B1                  4.0000         4.2265        -0.2265  (VIOLATED)
   _3872_/B1                  4.0000         4.2265        -0.2265  (VIOLATED)
   _3700_/A2                  4.0000         4.2265        -0.2265  (VIOLATED)
   _3597_/B1                  4.0000         4.2265        -0.2265  (VIOLATED)
   _3756_/A2                  4.0000         4.2262        -0.2262  (VIOLATED)
   _3643_/A2                  4.0000         4.2262        -0.2262  (VIOLATED)
   _3774_/B1                  4.0000         4.2262        -0.2262  (VIOLATED)
   _3548_/ZN                  4.0000         4.2261        -0.2261  (VIOLATED)
   _3856_/C1                  4.0000         4.2139        -0.2139  (VIOLATED)
   _3951_/B1                  4.0000         4.2136        -0.2136  (VIOLATED)
   _3901_/A2                  4.0000         4.2030        -0.2030  (VIOLATED)
   _3671_/B1                  4.0000         4.2007        -0.2007  (VIOLATED)
   _3783_/A2                  4.0000         4.2007        -0.2007  (VIOLATED)
   _5665_/A1                  4.0000         4.2007        -0.2007  (VIOLATED)
   _3714_/A2                  4.0000         4.2007        -0.2007  (VIOLATED)
   _3639_/B1                  4.0000         4.2004        -0.2004  (VIOLATED)
   _3590_/C1                  4.0000         4.2003        -0.2003  (VIOLATED)
   _3745_/B1                  4.0000         4.2003        -0.2003  (VIOLATED)
   _3557_/ZN                  4.0000         4.2000        -0.2000  (VIOLATED)
   _3593_/B1                  4.0000         4.1999        -0.1999  (VIOLATED)
   _3662_/B1                  4.0000         4.1881        -0.1881  (VIOLATED)
   _3779_/A2                  4.0000         4.1881        -0.1881  (VIOLATED)
   _3704_/B1                  4.0000         4.1881        -0.1881  (VIOLATED)
   _3823_/A2                  4.0000         4.1881        -0.1881  (VIOLATED)
   _3640_/B1                  4.0000         4.1881        -0.1881  (VIOLATED)
   _3746_/B1                  4.0000         4.1880        -0.1880  (VIOLATED)
   _3565_/ZN                  4.0000         4.1877        -0.1877  (VIOLATED)
   _3912_/A2                  4.0000         4.1691        -0.1691  (VIOLATED)
   _3516_/ZN                  4.0000         4.1683        -0.1683  (VIOLATED)
   _3655_/A2                  4.0000         4.1670        -0.1670  (VIOLATED)
   _3702_/A2                  4.0000         4.1654        -0.1654  (VIOLATED)
   _3852_/A2                  4.0000         4.1644        -0.1644  (VIOLATED)
   _3772_/A2                  4.0000         4.1626        -0.1626  (VIOLATED)
   _4235_/S                   4.0000         4.1559        -0.1559  (VIOLATED)
   _4243_/S                   4.0000         4.1557        -0.1557  (VIOLATED)
   _3634_/A2                  4.0000         4.1544        -0.1544  (VIOLATED)
   _3585_/A2                  4.0000         4.1544        -0.1544  (VIOLATED)
   _3736_/A2                  4.0000         4.1543        -0.1543  (VIOLATED)
   _4231_/S                   4.0000         4.1529        -0.1529  (VIOLATED)
   _4237_/S                   4.0000         4.1517        -0.1517  (VIOLATED)
   _4239_/S                   4.0000         4.1420        -0.1420  (VIOLATED)
   _4233_/S                   4.0000         4.1420        -0.1420  (VIOLATED)
   _4245_/S                   4.0000         4.1418        -0.1418  (VIOLATED)
   _4241_/S                   4.0000         4.1415        -0.1415  (VIOLATED)
   _4229_/ZN                  4.0000         4.1415        -0.1415  (VIOLATED)
   _3699_/A2                  4.0000         4.1279        -0.1279  (VIOLATED)
   _3682_/B1                  4.0000         4.1276        -0.1276  (VIOLATED)
   _3769_/C1                  4.0000         4.1264        -0.1264  (VIOLATED)
   _3874_/A2                  4.0000         4.1200        -0.1200  (VIOLATED)
   _3912_/B1                  4.0000         4.1192        -0.1192  (VIOLATED)
   _3924_/A2                  4.0000         4.1163        -0.1163  (VIOLATED)
   _3737_/C1                  4.0000         4.1139        -0.1139  (VIOLATED)
   _3681_/ZN                  4.0000         4.1137        -0.1137  (VIOLATED)
   _3711_/B1                  4.0000         4.1036        -0.1036  (VIOLATED)
   _3793_/B1                  4.0000         4.1036        -0.1036  (VIOLATED)
   _3658_/B1                  4.0000         4.1036        -0.1036  (VIOLATED)
   _3861_/C1                  4.0000         4.1034        -0.1034  (VIOLATED)
   _3743_/B1                  4.0000         4.1033        -0.1033  (VIOLATED)
   _3641_/B1                  4.0000         4.1033        -0.1033  (VIOLATED)
   _3583_/A2                  4.0000         4.1033        -0.1033  (VIOLATED)
   _3582_/ZN                  4.0000         4.1032        -0.1032  (VIOLATED)
   _3785_/A2                  4.0000         4.0495        -0.0495  (VIOLATED)
   _3593_/A2                  4.0000         4.0495        -0.0495  (VIOLATED)
   _3631_/A2                  4.0000         4.0494        -0.0494  (VIOLATED)
   _3740_/A2                  4.0000         4.0493        -0.0493  (VIOLATED)
   _3660_/A2                  4.0000         4.0493        -0.0493  (VIOLATED)
   _3710_/B1                  4.0000         4.0490        -0.0490  (VIOLATED)
   _3910_/A2                  4.0000         4.0488        -0.0488  (VIOLATED)
   _3859_/A2                  4.0000         4.0485        -0.0485  (VIOLATED)
   _3522_/ZN                  4.0000         4.0483        -0.0483  (VIOLATED)
   _3575_/A2                  4.0000         4.0435        -0.0435  (VIOLATED)
   _3779_/B1                  4.0000         4.0433        -0.0433  (VIOLATED)
   _3629_/B1                  4.0000         4.0407        -0.0407  (VIOLATED)
   _3659_/B1                  4.0000         4.0304        -0.0304  (VIOLATED)
   _3694_/A2                  4.0000         4.0304        -0.0304  (VIOLATED)
   _3743_/A2                  4.0000         4.0303        -0.0303  (VIOLATED)
   _3845_/A2                  4.0000         4.0303        -0.0303  (VIOLATED)
   _3927_/B1                  4.0000         4.0303        -0.0303  (VIOLATED)
   _3574_/ZN                  4.0000         4.0302        -0.0302  (VIOLATED)
   _3709_/B1                  4.0000         4.0231        -0.0231  (VIOLATED)
   _3550_/ZN                  4.0000         4.0223        -0.0223  (VIOLATED)
   _3780_/B1                  4.0000         4.0199        -0.0199  (VIOLATED)
   _3861_/B1                  4.0000         4.0196        -0.0196  (VIOLATED)
   _3602_/B1                  4.0000         4.0193        -0.0193  (VIOLATED)
   _3955_/A2                  4.0000         4.0185        -0.0185  (VIOLATED)
   _3650_/A2                  4.0000         4.0178        -0.0178  (VIOLATED)
   _3952_/C2                  4.0000         4.0169        -0.0169  (VIOLATED)
   _3631_/C2                  4.0000         4.0168        -0.0168  (VIOLATED)
   _3584_/A2                  4.0000         4.0168        -0.0168  (VIOLATED)
   _3650_/C1                  4.0000         4.0167        -0.0167  (VIOLATED)
   _3729_/A2                  4.0000         4.0161        -0.0161  (VIOLATED)
   _3722_/A2                  4.0000         4.0159        -0.0159  (VIOLATED)
   _3709_/C2                  4.0000         4.0147        -0.0147  (VIOLATED)
   _3854_/A2                  4.0000         4.0145        -0.0145  (VIOLATED)
   _3785_/B1                  4.0000         4.0136        -0.0136  (VIOLATED)
   _3636_/A2                  4.0000         4.0127        -0.0127  (VIOLATED)
   _3909_/A2                  4.0000         4.0125        -0.0125  (VIOLATED)
   _3891_/A2                  4.0000         4.0102        -0.0102  (VIOLATED)
   _3620_/A2                  4.0000         4.0102        -0.0102  (VIOLATED)
   _5584_/A1                  4.0000         4.0102        -0.0102  (VIOLATED)
   _3791_/A2                  4.0000         4.0102        -0.0102  (VIOLATED)
   _3669_/A2                  4.0000         4.0102        -0.0102  (VIOLATED)
   _3706_/A2                  4.0000         4.0102        -0.0102  (VIOLATED)
   _3863_/B1                  4.0000         4.0097        -0.0097  (VIOLATED)
   _3755_/A2                  4.0000         4.0094        -0.0094  (VIOLATED)
   _3510_/ZN                  4.0000         4.0093        -0.0093  (VIOLATED)
   _3733_/A2                  4.0000         4.0093        -0.0093  (VIOLATED)
   _3602_/C2                  4.0000         4.0093        -0.0093  (VIOLATED)
   _3787_/A2                  4.0000         4.0061        -0.0061  (VIOLATED)
   _3506_/ZN                  4.0000         4.0059        -0.0059  (VIOLATED)
   _3668_/B1                  4.0000         4.0037        -0.0037  (VIOLATED)
   _3651_/A2                  4.0000         4.0023        -0.0023  (VIOLATED)
   _3959_/C1                  4.0000         4.0023        -0.0023  (VIOLATED)
   _3746_/A2                  4.0000         4.0021        -0.0021  (VIOLATED)
   _3626_/A2                  4.0000         4.0021        -0.0021  (VIOLATED)
   _3585_/B1                  4.0000         4.0021        -0.0021  (VIOLATED)
   _3545_/ZN                  4.0000         4.0019        -0.0019  (VIOLATED)
   _3710_/C1                  4.0000         4.0008        -0.0008  (VIOLATED)


1
