****************************************
Report : constraint
	-all_violators
	-path slack_only
Design : housekeeping
Version: T-2022.03-SP3
Date   : Wed Dec 14 00:37:30 2022
****************************************






   max_transition

                             Required        Actual
   Pin                      Transition     Transition        Slack
   -----------------------------------------------------------------
   _3916_/A2                  4.0000         5.0809        -1.0809  (VIOLATED)
   _3893_/A2                  4.0000         5.0801        -1.0801  (VIOLATED)
   _3721_/B1                  4.0000         5.0800        -1.0800  (VIOLATED)
   _3586_/C2                  4.0000         5.0775        -1.0775  (VIOLATED)
   _3644_/B1                  4.0000         5.0758        -1.0758  (VIOLATED)
   _3684_/A2                  4.0000         5.0684        -1.0684  (VIOLATED)
   _3775_/C1                  4.0000         5.0684        -1.0684  (VIOLATED)
   _3737_/B1                  4.0000         5.0683        -1.0683  (VIOLATED)
   _3558_/ZN                  4.0000         5.0681        -1.0681  (VIOLATED)
   _3717_/C2                  4.0000         4.9203        -0.9203  (VIOLATED)
   _3684_/B1                  4.0000         4.9198        -0.9198  (VIOLATED)
   _3789_/B1                  4.0000         4.9185        -0.9185  (VIOLATED)
   _3748_/C2                  4.0000         4.9182        -0.9182  (VIOLATED)
   _3933_/A2                  4.0000         4.9173        -0.9173  (VIOLATED)
   _3637_/C1                  4.0000         4.9162        -0.9162  (VIOLATED)
   _3865_/A2                  4.0000         4.9142        -0.9142  (VIOLATED)
   _5528_/S                   4.0000         4.9050        -0.9050  (VIOLATED)
   _3618_/ZN                  4.0000         4.9048        -0.9048  (VIOLATED)
   _4224_/S                   4.0000         4.6990        -0.6990  (VIOLATED)
   _4220_/S                   4.0000         4.6923        -0.6923  (VIOLATED)
   _3597_/C1                  4.0000         4.6897        -0.6897  (VIOLATED)
   _4218_/S                   4.0000         4.6896        -0.6896  (VIOLATED)
   _3913_/A2                  4.0000         4.6895        -0.6895  (VIOLATED)
   _3864_/C2                  4.0000         4.6874        -0.6874  (VIOLATED)
   _3664_/A2                  4.0000         4.6863        -0.6863  (VIOLATED)
   _3775_/B1                  4.0000         4.6858        -0.6858  (VIOLATED)
   _4216_/S                   4.0000         4.6839        -0.6839  (VIOLATED)
   _4222_/S                   4.0000         4.6839        -0.6839  (VIOLATED)
   _4228_/S                   4.0000         4.6839        -0.6839  (VIOLATED)
   _4214_/S                   4.0000         4.6838        -0.6838  (VIOLATED)
   _4226_/S                   4.0000         4.6837        -0.6837  (VIOLATED)
   _4212_/ZN                  4.0000         4.6834        -0.6834  (VIOLATED)
   _3718_/A2                  4.0000         4.6811        -0.6811  (VIOLATED)
   _3731_/A2                  4.0000         4.6738        -0.6738  (VIOLATED)
   _3622_/B1                  4.0000         4.6737        -0.6737  (VIOLATED)
   _3561_/ZN                  4.0000         4.6736        -0.6736  (VIOLATED)
   _3928_/A2                  4.0000         4.6180        -0.6180  (VIOLATED)
   _3599_/B1                  4.0000         4.6104        -0.6104  (VIOLATED)
   _3942_/B2                  4.0000         4.6103        -0.6103  (VIOLATED)
   _3676_/B1                  4.0000         4.6100        -0.6100  (VIOLATED)
   _3700_/B1                  4.0000         4.6090        -0.6090  (VIOLATED)
   _5683_/A1                  4.0000         4.6076        -0.6076  (VIOLATED)
   _3769_/A2                  4.0000         4.6075        -0.6075  (VIOLATED)
   _3881_/A2                  4.0000         4.6068        -0.6068  (VIOLATED)
   _3891_/C1                  4.0000         4.6064        -0.6064  (VIOLATED)
   _3791_/B1                  4.0000         4.6064        -0.6064  (VIOLATED)
   _5575_/A1                  4.0000         4.6064        -0.6064  (VIOLATED)
   _3697_/A2                  4.0000         4.6064        -0.6064  (VIOLATED)
   _3660_/B1                  4.0000         4.6063        -0.6063  (VIOLATED)
   _3741_/B1                  4.0000         4.6057        -0.6057  (VIOLATED)
   _3621_/A2                  4.0000         4.6057        -0.6057  (VIOLATED)
   _3580_/ZN                  4.0000         4.6057        -0.6057  (VIOLATED)
   _3594_/C1                  4.0000         4.6057        -0.6057  (VIOLATED)
   _3733_/B1                  4.0000         4.6057        -0.6057  (VIOLATED)
   _3623_/B1                  4.0000         4.6051        -0.6051  (VIOLATED)
   _3567_/ZN                  4.0000         4.5961        -0.5961  (VIOLATED)
   _3738_/C1                  4.0000         4.4790        -0.4790  (VIOLATED)
   _3774_/C1                  4.0000         4.4761        -0.4761  (VIOLATED)
   _3661_/A2                  4.0000         4.4749        -0.4749  (VIOLATED)
   _3875_/A2                  4.0000         4.4746        -0.4746  (VIOLATED)
   _3698_/A2                  4.0000         4.4735        -0.4735  (VIOLATED)
   _3624_/A2                  4.0000         4.4729        -0.4729  (VIOLATED)
   _3931_/A2                  4.0000         4.4729        -0.4729  (VIOLATED)
   _3598_/C2                  4.0000         4.4728        -0.4728  (VIOLATED)
   _5701_/A1                  4.0000         4.4726        -0.4726  (VIOLATED)
   _3556_/ZN                  4.0000         4.4642        -0.4642  (VIOLATED)
   _3664_/B1                  4.0000         4.4570        -0.4570  (VIOLATED)
   _5674_/A1                  4.0000         4.4555        -0.4555  (VIOLATED)
   _3698_/B1                  4.0000         4.4538        -0.4538  (VIOLATED)
   _3735_/B1                  4.0000         4.4529        -0.4529  (VIOLATED)
   _3603_/C1                  4.0000         4.4520        -0.4520  (VIOLATED)
   _3624_/B1                  4.0000         4.4494        -0.4494  (VIOLATED)
   _3769_/B1                  4.0000         4.4484        -0.4484  (VIOLATED)
   _3881_/B1                  4.0000         4.4412        -0.4412  (VIOLATED)
   _3936_/A2                  4.0000         4.4412        -0.4412  (VIOLATED)
   _3569_/ZN                  4.0000         4.4408        -0.4408  (VIOLATED)
   _3791_/C1                  4.0000         4.4080        -0.4080  (VIOLATED)
   _3925_/A2                  4.0000         4.4061        -0.4061  (VIOLATED)
   _3741_/C1                  4.0000         4.4049        -0.4049  (VIOLATED)
   _3716_/B1                  4.0000         4.4049        -0.4049  (VIOLATED)
   _3590_/B1                  4.0000         4.4037        -0.4037  (VIOLATED)
   _3859_/C1                  4.0000         4.4018        -0.4018  (VIOLATED)
   _3628_/B1                  4.0000         4.3931        -0.3931  (VIOLATED)
   _3661_/B1                  4.0000         4.3930        -0.3930  (VIOLATED)
   _3581_/ZN                  4.0000         4.3930        -0.3930  (VIOLATED)
   _3879_/B1                  4.0000         4.3462        -0.3462  (VIOLATED)
   _3554_/ZN                  4.0000         4.3431        -0.3431  (VIOLATED)
   _3662_/A2                  4.0000         4.3382        -0.3382  (VIOLATED)
   _3930_/A2                  4.0000         4.3379        -0.3379  (VIOLATED)
   _3716_/A2                  4.0000         4.3351        -0.3351  (VIOLATED)
   _3698_/C1                  4.0000         4.3343        -0.3343  (VIOLATED)
   _3670_/B1                  4.0000         4.3343        -0.3343  (VIOLATED)
   _3952_/A2                  4.0000         4.3343        -0.3343  (VIOLATED)
   _3765_/A2                  4.0000         4.3343        -0.3343  (VIOLATED)
   _3733_/C1                  4.0000         4.3342        -0.3342  (VIOLATED)
   _3624_/C1                  4.0000         4.3342        -0.3342  (VIOLATED)
   _3599_/C2                  4.0000         4.3341        -0.3341  (VIOLATED)
   _3572_/ZN                  4.0000         4.3341        -0.3341  (VIOLATED)
   _3848_/A2                  4.0000         4.3336        -0.3336  (VIOLATED)
   _3772_/B1                  4.0000         4.3335        -0.3335  (VIOLATED)
   _3588_/A2                  4.0000         4.3327        -0.3327  (VIOLATED)
   _3634_/C1                  4.0000         4.3327        -0.3327  (VIOLATED)
   _3749_/A2                  4.0000         4.3314        -0.3314  (VIOLATED)
   _3771_/A2                  4.0000         4.3159        -0.3159  (VIOLATED)
   _3730_/A2                  4.0000         4.3124        -0.3124  (VIOLATED)
   _3613_/A2                  4.0000         4.3091        -0.3091  (VIOLATED)
   _3672_/A2                  4.0000         4.3012        -0.3012  (VIOLATED)
   _3717_/B1                  4.0000         4.3012        -0.3012  (VIOLATED)
   _3586_/B1                  4.0000         4.3012        -0.3012  (VIOLATED)
   _3850_/A2                  4.0000         4.3009        -0.3009  (VIOLATED)
   _3943_/A2                  4.0000         4.3008        -0.3008  (VIOLATED)
   _3538_/ZN                  4.0000         4.3008        -0.3008  (VIOLATED)
   _3923_/C1                  4.0000         4.2524        -0.2524  (VIOLATED)
   _3586_/A2                  4.0000         4.2496        -0.2496  (VIOLATED)
   _3666_/A2                  4.0000         4.2496        -0.2496  (VIOLATED)
   _3717_/A2                  4.0000         4.2493        -0.2493  (VIOLATED)
   _3867_/A2                  4.0000         4.2493        -0.2493  (VIOLATED)
   _3623_/C2                  4.0000         4.2484        -0.2484  (VIOLATED)
   _3774_/A2                  4.0000         4.2469        -0.2469  (VIOLATED)
   _3551_/ZN                  4.0000         4.2409        -0.2409  (VIOLATED)
   _3714_/B1                  4.0000         4.2403        -0.2403  (VIOLATED)
   _3668_/A2                  4.0000         4.2403        -0.2403  (VIOLATED)
   _3783_/C1                  4.0000         4.2403        -0.2403  (VIOLATED)
   _3626_/B1                  4.0000         4.2400        -0.2400  (VIOLATED)
   _3741_/A2                  4.0000         4.2400        -0.2400  (VIOLATED)
   _3605_/A2                  4.0000         4.2400        -0.2400  (VIOLATED)
   _3559_/ZN                  4.0000         4.2400        -0.2400  (VIOLATED)
   _3720_/A2                  4.0000         4.2395        -0.2395  (VIOLATED)
   _3935_/A2                  4.0000         4.2394        -0.2394  (VIOLATED)
   _3882_/A2                  4.0000         4.2394        -0.2394  (VIOLATED)
   _3737_/A2                  4.0000         4.2394        -0.2394  (VIOLATED)
   _3528_/ZN                  4.0000         4.2394        -0.2394  (VIOLATED)
   _3676_/A2                  4.0000         4.2359        -0.2359  (VIOLATED)
   _3917_/A2                  4.0000         4.2358        -0.2358  (VIOLATED)
   _3892_/A2                  4.0000         4.2355        -0.2355  (VIOLATED)
   _3603_/A2                  4.0000         4.2335        -0.2335  (VIOLATED)
   _3775_/A2                  4.0000         4.2329        -0.2329  (VIOLATED)
   _3637_/B1                  4.0000         4.2309        -0.2309  (VIOLATED)
   _3735_/A2                  4.0000         4.2307        -0.2307  (VIOLATED)
   _3934_/A2                  4.0000         4.2125        -0.2125  (VIOLATED)
   _3954_/A2                  4.0000         4.2124        -0.2124  (VIOLATED)
   _3888_/A2                  4.0000         4.2114        -0.2114  (VIOLATED)
   _3863_/A2                  4.0000         4.2069        -0.2069  (VIOLATED)
   _3877_/A2                  4.0000         4.2063        -0.2063  (VIOLATED)
   _3577_/ZN                  4.0000         4.2050        -0.2050  (VIOLATED)
   _3792_/A2                  4.0000         4.2004        -0.2004  (VIOLATED)
   _3712_/A2                  4.0000         4.2004        -0.2004  (VIOLATED)
   _3665_/B1                  4.0000         4.2003        -0.2003  (VIOLATED)
   _3598_/B1                  4.0000         4.2002        -0.2002  (VIOLATED)
   _3631_/B1                  4.0000         4.2001        -0.2001  (VIOLATED)
   _3740_/C1                  4.0000         4.2001        -0.2001  (VIOLATED)
   _3595_/A2                  4.0000         4.2001        -0.2001  (VIOLATED)
   _3539_/ZN                  4.0000         4.2000        -0.2000  (VIOLATED)
   _3623_/A2                  4.0000         4.1985        -0.1985  (VIOLATED)
   _3696_/A2                  4.0000         4.1982        -0.1982  (VIOLATED)
   _3665_/A2                  4.0000         4.1982        -0.1982  (VIOLATED)
   _3789_/A2                  4.0000         4.1982        -0.1982  (VIOLATED)
   _3947_/A2                  4.0000         4.1980        -0.1980  (VIOLATED)
   _3644_/A2                  4.0000         4.1980        -0.1980  (VIOLATED)
   _3750_/A2                  4.0000         4.1980        -0.1980  (VIOLATED)
   _3599_/A2                  4.0000         4.1980        -0.1980  (VIOLATED)
   _3531_/ZN                  4.0000         4.1979        -0.1979  (VIOLATED)
   _3720_/B1                  4.0000         4.1977        -0.1977  (VIOLATED)
   _3788_/B1                  4.0000         4.1970        -0.1970  (VIOLATED)
   _3870_/B1                  4.0000         4.1964        -0.1964  (VIOLATED)
   _3752_/A2                  4.0000         4.1963        -0.1963  (VIOLATED)
   _3710_/A2                  4.0000         4.1962        -0.1962  (VIOLATED)
   _3923_/A2                  4.0000         4.1962        -0.1962  (VIOLATED)
   _3671_/A2                  4.0000         4.1962        -0.1962  (VIOLATED)
   _3633_/A2                  4.0000         4.1960        -0.1960  (VIOLATED)
   _3514_/A2                  4.0000         4.1960        -0.1960  (VIOLATED)
   _3781_/A2                  4.0000         4.1960        -0.1960  (VIOLATED)
   _3513_/ZN                  4.0000         4.1959        -0.1959  (VIOLATED)
   _3748_/B1                  4.0000         4.1952        -0.1952  (VIOLATED)
   _3635_/B1                  4.0000         4.1948        -0.1948  (VIOLATED)
   _3677_/C1                  4.0000         4.1945        -0.1945  (VIOLATED)
   _3749_/B1                  4.0000         4.1941        -0.1941  (VIOLATED)
   _3603_/B1                  4.0000         4.1867        -0.1867  (VIOLATED)
   _3788_/A2                  4.0000         4.1867        -0.1867  (VIOLATED)
   _3675_/B1                  4.0000         4.1867        -0.1867  (VIOLATED)
   _3695_/A2                  4.0000         4.1867        -0.1867  (VIOLATED)
   _5758_/A1                  4.0000         4.1863        -0.1863  (VIOLATED)
   _3870_/A2                  4.0000         4.1862        -0.1862  (VIOLATED)
   _3914_/A2                  4.0000         4.1861        -0.1861  (VIOLATED)
   _3563_/ZN                  4.0000         4.1861        -0.1861  (VIOLATED)
   _4197_/S                   4.0000         4.1754        -0.1754  (VIOLATED)
   _3862_/A2                  4.0000         4.1753        -0.1753  (VIOLATED)
   _3957_/A2                  4.0000         4.1748        -0.1748  (VIOLATED)
   _3640_/A2                  4.0000         4.1745        -0.1745  (VIOLATED)
   _3856_/B1                  4.0000         4.1656        -0.1656  (VIOLATED)
   _3693_/A2                  4.0000         4.1649        -0.1649  (VIOLATED)
   _3952_/B1                  4.0000         4.1631        -0.1631  (VIOLATED)
   _4199_/S                   4.0000         4.1606        -0.1606  (VIOLATED)
   _4201_/S                   4.0000         4.1606        -0.1606  (VIOLATED)
   _4203_/S                   4.0000         4.1606        -0.1606  (VIOLATED)
   _3705_/A2                  4.0000         4.1606        -0.1606  (VIOLATED)
   _3685_/A2                  4.0000         4.1606        -0.1606  (VIOLATED)
   _3594_/A2                  4.0000         4.1605        -0.1605  (VIOLATED)
   _4211_/S                   4.0000         4.1604        -0.1604  (VIOLATED)
   _3744_/A2                  4.0000         4.1604        -0.1604  (VIOLATED)
   _4205_/S                   4.0000         4.1604        -0.1604  (VIOLATED)
   _4209_/S                   4.0000         4.1604        -0.1604  (VIOLATED)
   _4207_/S                   4.0000         4.1604        -0.1604  (VIOLATED)
   _3781_/B1                  4.0000         4.1604        -0.1604  (VIOLATED)
   _4195_/ZN                  4.0000         4.1604        -0.1604  (VIOLATED)
   _3524_/ZN                  4.0000         4.1604        -0.1604  (VIOLATED)
   _3627_/A2                  4.0000         4.1599        -0.1599  (VIOLATED)
   _3682_/A2                  4.0000         4.1595        -0.1595  (VIOLATED)
   _5638_/A1                  4.0000         4.1550        -0.1550  (VIOLATED)
   _3782_/B1                  4.0000         4.1510        -0.1510  (VIOLATED)
   _3604_/B1                  4.0000         4.1510        -0.1510  (VIOLATED)
   _3750_/B1                  4.0000         4.1508        -0.1508  (VIOLATED)
   _3576_/ZN                  4.0000         4.1508        -0.1508  (VIOLATED)
   _3659_/A2                  4.0000         4.1241        -0.1241  (VIOLATED)
   _3718_/B1                  4.0000         4.1228        -0.1228  (VIOLATED)
   _3600_/B1                  4.0000         4.1227        -0.1227  (VIOLATED)
   _3771_/B1                  4.0000         4.1225        -0.1225  (VIOLATED)
   _3879_/A2                  4.0000         4.1214        -0.1214  (VIOLATED)
   _3730_/B1                  4.0000         4.1191        -0.1191  (VIOLATED)
   _3636_/C1                  4.0000         4.1186        -0.1186  (VIOLATED)
   _3945_/B1                  4.0000         4.1110        -0.1110  (VIOLATED)
   _3564_/ZN                  4.0000         4.1109        -0.1109  (VIOLATED)
   _3622_/C1                  4.0000         4.0887        -0.0887  (VIOLATED)
   _3749_/C1                  4.0000         4.0810        -0.0810  (VIOLATED)
   _3588_/B1                  4.0000         4.0808        -0.0808  (VIOLATED)
   _3788_/C1                  4.0000         4.0766        -0.0766  (VIOLATED)
   _3685_/B1                  4.0000         4.0766        -0.0766  (VIOLATED)
   _3883_/C1                  4.0000         4.0764        -0.0764  (VIOLATED)
   _3941_/B1                  4.0000         4.0764        -0.0764  (VIOLATED)
   _3721_/C2                  4.0000         4.0763        -0.0763  (VIOLATED)
   _3571_/ZN                  4.0000         4.0763        -0.0763  (VIOLATED)
   _3951_/C1                  4.0000         4.0615        -0.0615  (VIOLATED)
   _3706_/B1                  4.0000         4.0615        -0.0615  (VIOLATED)
   _3658_/A2                  4.0000         4.0615        -0.0615  (VIOLATED)
   _3890_/C1                  4.0000         4.0615        -0.0615  (VIOLATED)
   _3626_/C1                  4.0000         4.0613        -0.0613  (VIOLATED)
   _3604_/A2                  4.0000         4.0613        -0.0613  (VIOLATED)
   _3755_/C2                  4.0000         4.0613        -0.0613  (VIOLATED)
   _3782_/C1                  4.0000         4.0613        -0.0613  (VIOLATED)
   _3573_/ZN                  4.0000         4.0613        -0.0613  (VIOLATED)
   _3756_/B1                  4.0000         4.0253        -0.0253  (VIOLATED)
   _3700_/A2                  4.0000         4.0247        -0.0247  (VIOLATED)
   _3598_/A2                  4.0000         4.0245        -0.0245  (VIOLATED)
   _3941_/A2                  4.0000         4.0225        -0.0225  (VIOLATED)
   _3945_/C2                  4.0000         4.0224        -0.0224  (VIOLATED)
   _3672_/B1                  4.0000         4.0207        -0.0207  (VIOLATED)
   _3851_/A2                  4.0000         4.0205        -0.0205  (VIOLATED)
   _3702_/C1                  4.0000         4.0190        -0.0190  (VIOLATED)
   _3770_/A2                  4.0000         4.0180        -0.0180  (VIOLATED)
   _3643_/B1                  4.0000         4.0173        -0.0173  (VIOLATED)
   _3568_/ZN                  4.0000         4.0146        -0.0146  (VIOLATED)
   _3856_/C1                  4.0000         4.0143        -0.0143  (VIOLATED)
   _3951_/B1                  4.0000         4.0142        -0.0142  (VIOLATED)
   _3656_/B1                  4.0000         4.0124        -0.0124  (VIOLATED)
   _3872_/B1                  4.0000         4.0124        -0.0124  (VIOLATED)
   _3597_/B1                  4.0000         4.0124        -0.0124  (VIOLATED)
   _3756_/A2                  4.0000         4.0123        -0.0123  (VIOLATED)
   _3643_/A2                  4.0000         4.0123        -0.0123  (VIOLATED)
   _3774_/B1                  4.0000         4.0123        -0.0123  (VIOLATED)
   _3548_/ZN                  4.0000         4.0122        -0.0122  (VIOLATED)
   _3671_/B1                  4.0000         4.0051        -0.0051  (VIOLATED)
   _3783_/A2                  4.0000         4.0051        -0.0051  (VIOLATED)
   _5665_/A1                  4.0000         4.0051        -0.0051  (VIOLATED)
   _3714_/A2                  4.0000         4.0051        -0.0051  (VIOLATED)
   _3639_/B1                  4.0000         4.0049        -0.0049  (VIOLATED)
   _3590_/C1                  4.0000         4.0049        -0.0049  (VIOLATED)
   _3745_/B1                  4.0000         4.0048        -0.0048  (VIOLATED)
   _3557_/ZN                  4.0000         4.0047        -0.0047  (VIOLATED)


1
