
===========================================================================
report_checks -unconstrained
============================================================================
Startpoint: mgmt_gpio_out[6] (input port clocked by __VIRTUAL_CLK__)
Endpoint: mgmt_gpio_out_buf[6] (output port clocked by __VIRTUAL_CLK__)
Path Group: __VIRTUAL_CLK__
Path Type: max

Fanout     Cap    Slew   Delay    Time   Description
-----------------------------------------------------------------------------
                  0.00    0.00    0.00   clock __VIRTUAL_CLK__ (rise edge)
                          0.00    0.00   clock network delay (ideal)
                          1.60    1.60 ^ input external delay
                  0.63    0.35    1.95 ^ mgmt_gpio_out[6] (in)
     2    0.02                           mgmt_gpio_out[6] (net)
                  0.63    0.00    1.95 ^ BUF[6]/I (gf180mcu_fd_sc_mcu7t5v0__clkbuf_8)
                  0.30    0.55    2.50 ^ BUF[6]/Z (gf180mcu_fd_sc_mcu7t5v0__clkbuf_8)
     1    0.07                           mgmt_gpio_out_buf[6] (net)
                  0.30    0.00    2.50 ^ mgmt_gpio_out_buf[6] (out)
                                  2.50   data arrival time

                  0.00    8.00    8.00   clock __VIRTUAL_CLK__ (rise edge)
                          0.00    8.00   clock network delay (ideal)
                         -0.25    7.75   clock uncertainty
                          0.00    7.75   clock reconvergence pessimism
                         -1.60    6.15   output external delay
                                  6.15   data required time
-----------------------------------------------------------------------------
                                  6.15   data required time
                                 -2.50   data arrival time
-----------------------------------------------------------------------------
                                  3.65   slack (MET)



===========================================================================
report_checks --slack_max -0.01
============================================================================
No paths found.
