
===========================================================================
report_checks -path_delay max (Setup)
============================================================================
Startpoint: mgmt_gpio_out[6] (input port clocked by __VIRTUAL_CLK__)
Endpoint: mgmt_gpio_out_buf[6] (output port clocked by __VIRTUAL_CLK__)
Path Group: __VIRTUAL_CLK__
Path Type: max

Fanout     Cap    Slew   Delay    Time   Description
-----------------------------------------------------------------------------
                  0.00    0.00    0.00   clock __VIRTUAL_CLK__ (rise edge)
                          0.00    0.00   clock network delay (ideal)
                          1.60    1.60 ^ input external delay
                  0.63    0.35    1.95 ^ mgmt_gpio_out[6] (in)
     2    0.02                           mgmt_gpio_out[6] (net)
                  0.63    0.00    1.95 ^ BUF[6]/I (gf180mcu_fd_sc_mcu7t5v0__clkbuf_8)
                  0.30    0.55    2.50 ^ BUF[6]/Z (gf180mcu_fd_sc_mcu7t5v0__clkbuf_8)
     1    0.07                           mgmt_gpio_out_buf[6] (net)
                  0.30    0.00    2.50 ^ mgmt_gpio_out_buf[6] (out)
                                  2.50   data arrival time

                  0.00    8.00    8.00   clock __VIRTUAL_CLK__ (rise edge)
                          0.00    8.00   clock network delay (ideal)
                         -0.25    7.75   clock uncertainty
                          0.00    7.75   clock reconvergence pessimism
                         -1.60    6.15   output external delay
                                  6.15   data required time
-----------------------------------------------------------------------------
                                  6.15   data required time
                                 -2.50   data arrival time
-----------------------------------------------------------------------------
                                  3.65   slack (MET)


Startpoint: mgmt_gpio_out[5] (input port clocked by __VIRTUAL_CLK__)
Endpoint: mgmt_gpio_out_buf[5] (output port clocked by __VIRTUAL_CLK__)
Path Group: __VIRTUAL_CLK__
Path Type: max

Fanout     Cap    Slew   Delay    Time   Description
-----------------------------------------------------------------------------
                  0.00    0.00    0.00   clock __VIRTUAL_CLK__ (rise edge)
                          0.00    0.00   clock network delay (ideal)
                          1.60    1.60 ^ input external delay
                  0.60    0.33    1.93 ^ mgmt_gpio_out[5] (in)
     2    0.02                           mgmt_gpio_out[5] (net)
                  0.60    0.00    1.93 ^ BUF[5]/I (gf180mcu_fd_sc_mcu7t5v0__clkbuf_8)
                  0.29    0.54    2.47 ^ BUF[5]/Z (gf180mcu_fd_sc_mcu7t5v0__clkbuf_8)
     1    0.07                           mgmt_gpio_out_buf[5] (net)
                  0.29    0.00    2.47 ^ mgmt_gpio_out_buf[5] (out)
                                  2.47   data arrival time

                  0.00    8.00    8.00   clock __VIRTUAL_CLK__ (rise edge)
                          0.00    8.00   clock network delay (ideal)
                         -0.25    7.75   clock uncertainty
                          0.00    7.75   clock reconvergence pessimism
                         -1.60    6.15   output external delay
                                  6.15   data required time
-----------------------------------------------------------------------------
                                  6.15   data required time
                                 -2.47   data arrival time
-----------------------------------------------------------------------------
                                  3.68   slack (MET)


Startpoint: mgmt_gpio_in[1] (input port clocked by __VIRTUAL_CLK__)
Endpoint: mgmt_gpio_in_buf[1] (output port clocked by __VIRTUAL_CLK__)
Path Group: __VIRTUAL_CLK__
Path Type: max

Fanout     Cap    Slew   Delay    Time   Description
-----------------------------------------------------------------------------
                  0.00    0.00    0.00   clock __VIRTUAL_CLK__ (rise edge)
                          0.00    0.00   clock network delay (ideal)
                          1.60    1.60 ^ input external delay
                  0.60    0.33    1.93 ^ mgmt_gpio_in[1] (in)
     2    0.02                           mgmt_gpio_in[1] (net)
                  0.60    0.00    1.93 ^ BUF[22]/I (gf180mcu_fd_sc_mcu7t5v0__clkbuf_8)
                  0.29    0.54    2.46 ^ BUF[22]/Z (gf180mcu_fd_sc_mcu7t5v0__clkbuf_8)
     1    0.07                           mgmt_gpio_in_buf[1] (net)
                  0.29    0.00    2.47 ^ mgmt_gpio_in_buf[1] (out)
                                  2.47   data arrival time

                  0.00    8.00    8.00   clock __VIRTUAL_CLK__ (rise edge)
                          0.00    8.00   clock network delay (ideal)
                         -0.25    7.75   clock uncertainty
                          0.00    7.75   clock reconvergence pessimism
                         -1.60    6.15   output external delay
                                  6.15   data required time
-----------------------------------------------------------------------------
                                  6.15   data required time
                                 -2.47   data arrival time
-----------------------------------------------------------------------------
                                  3.68   slack (MET)


Startpoint: mgmt_gpio_in[4] (input port clocked by __VIRTUAL_CLK__)
Endpoint: mgmt_gpio_in_buf[4] (output port clocked by __VIRTUAL_CLK__)
Path Group: __VIRTUAL_CLK__
Path Type: max

Fanout     Cap    Slew   Delay    Time   Description
-----------------------------------------------------------------------------
                  0.00    0.00    0.00   clock __VIRTUAL_CLK__ (rise edge)
                          0.00    0.00   clock network delay (ideal)
                          1.60    1.60 ^ input external delay
                  0.59    0.32    1.92 ^ mgmt_gpio_in[4] (in)
     2    0.02                           mgmt_gpio_in[4] (net)
                  0.59    0.00    1.92 ^ BUF[25]/I (gf180mcu_fd_sc_mcu7t5v0__clkbuf_8)
                  0.29    0.54    2.46 ^ BUF[25]/Z (gf180mcu_fd_sc_mcu7t5v0__clkbuf_8)
     1    0.07                           mgmt_gpio_in_buf[4] (net)
                  0.29    0.00    2.46 ^ mgmt_gpio_in_buf[4] (out)
                                  2.46   data arrival time

                  0.00    8.00    8.00   clock __VIRTUAL_CLK__ (rise edge)
                          0.00    8.00   clock network delay (ideal)
                         -0.25    7.75   clock uncertainty
                          0.00    7.75   clock reconvergence pessimism
                         -1.60    6.15   output external delay
                                  6.15   data required time
-----------------------------------------------------------------------------
                                  6.15   data required time
                                 -2.46   data arrival time
-----------------------------------------------------------------------------
                                  3.69   slack (MET)


Startpoint: mgmt_gpio_out[7] (input port clocked by __VIRTUAL_CLK__)
Endpoint: mgmt_gpio_out_buf[7] (output port clocked by __VIRTUAL_CLK__)
Path Group: __VIRTUAL_CLK__
Path Type: max

Fanout     Cap    Slew   Delay    Time   Description
-----------------------------------------------------------------------------
                  0.00    0.00    0.00   clock __VIRTUAL_CLK__ (rise edge)
                          0.00    0.00   clock network delay (ideal)
                          1.60    1.60 ^ input external delay
                  0.57    0.31    1.91 ^ mgmt_gpio_out[7] (in)
     2    0.02                           mgmt_gpio_out[7] (net)
                  0.57    0.00    1.91 ^ BUF[7]/I (gf180mcu_fd_sc_mcu7t5v0__clkbuf_8)
                  0.29    0.54    2.45 ^ BUF[7]/Z (gf180mcu_fd_sc_mcu7t5v0__clkbuf_8)
     1    0.07                           mgmt_gpio_out_buf[7] (net)
                  0.29    0.00    2.45 ^ mgmt_gpio_out_buf[7] (out)
                                  2.45   data arrival time

                  0.00    8.00    8.00   clock __VIRTUAL_CLK__ (rise edge)
                          0.00    8.00   clock network delay (ideal)
                         -0.25    7.75   clock uncertainty
                          0.00    7.75   clock reconvergence pessimism
                         -1.60    6.15   output external delay
                                  6.15   data required time
-----------------------------------------------------------------------------
                                  6.15   data required time
                                 -2.45   data arrival time
-----------------------------------------------------------------------------
                                  3.70   slack (MET)


