
===========================================================================
report_checks -unconstrained
============================================================================
Startpoint: mgmt_gpio_out[10] (input port clocked by __VIRTUAL_CLK__)
Endpoint: mgmt_gpio_out_buf[10] (output port clocked by __VIRTUAL_CLK__)
Path Group: __VIRTUAL_CLK__
Path Type: max

Fanout     Cap    Slew   Delay    Time   Description
-----------------------------------------------------------------------------
                  0.00    0.00    0.00   clock __VIRTUAL_CLK__ (rise edge)
                          0.00    0.00   clock network delay (ideal)
                          1.60    1.60 ^ input external delay
                  0.40    0.22    1.82 ^ mgmt_gpio_out[10] (in)
     2    0.02                           mgmt_gpio_out[10] (net)
                  0.40    0.00    1.82 ^ BUF[10]/I (gf180mcu_fd_sc_mcu7t5v0__clkbuf_8)
                  0.21    0.38    2.20 ^ BUF[10]/Z (gf180mcu_fd_sc_mcu7t5v0__clkbuf_8)
     1    0.07                           mgmt_gpio_out_buf[10] (net)
                  0.21    0.00    2.20 ^ mgmt_gpio_out_buf[10] (out)
                                  2.20   data arrival time

                  0.00    8.00    8.00   clock __VIRTUAL_CLK__ (rise edge)
                          0.00    8.00   clock network delay (ideal)
                         -0.25    7.75   clock uncertainty
                          0.00    7.75   clock reconvergence pessimism
                         -1.60    6.15   output external delay
                                  6.15   data required time
-----------------------------------------------------------------------------
                                  6.15   data required time
                                 -2.20   data arrival time
-----------------------------------------------------------------------------
                                  3.95   slack (MET)



===========================================================================
report_checks --slack_max -0.01
============================================================================
No paths found.
