Instance name,  X location,  Y location,  Voltage 
ANTENNA_BUF\[13\]_I, 73.15, 43.12, -3.03971e-08
FILLER_10_135, 73.15, 43.12, -3.03971e-08
ANTENNA_BUF\[11\]_I, 73.15, 35.28, -2.9521e-08
FILLER_7_134, 73.15, 35.28, -2.9521e-08
FILLER_3_135, 73.15, 19.6, -3.44317e-08
FILLER_3_137, 73.15, 19.6, -3.44317e-08
ANTENNA_BUF\[10\]_I, 73.15, 11.76, -3.65033e-08
ANTENNA_BUF\[6\]_I, 73.15, 11.76, -3.65033e-08
ANTENNA_BUF\[7\]_I, 73.15, 11.76, -3.65033e-08
ANTENNA_BUF\[8\]_I, 73.15, 11.76, -3.65033e-08
FILLER_0_134, 73.15, 11.76, -3.65033e-08
FILLER_1_128, 73.15, 11.76, -3.65033e-08
FILLER_1_132, 73.15, 11.76, -3.65033e-08
FILLER_1_136, 73.15, 11.76, -3.65033e-08
FILLER_2_135, 73.15, 11.76, -3.65033e-08
ANTENNA_BUF\[1\]_I, 52.57, 50.96, -2.77447e-08
FILLER_11_99, 52.57, 50.96, -2.77447e-08
FILLER_10_101, 52.57, 43.12, -2.68345e-08
FILLER_8_91, 52.57, 43.12, -2.68345e-08
ANTENNA_BUF\[0\]_I, 52.57, 35.28, -2.44469e-08
ANTENNA_BUF\[38\]_I, 52.57, 35.28, -2.44469e-08
FILLER_6_87, 52.57, 35.28, -2.44469e-08
FILLER_6_91, 52.57, 35.28, -2.44469e-08
FILLER_8_95, 52.57, 35.28, -2.44469e-08
BUF\[16\], 52.57, 27.44, -2.71803e-08
FILLER_5_85, 52.57, 27.44, -2.71803e-08
FILLER_6_99, 52.57, 27.44, -2.71803e-08
ANTENNA_BUF\[5\]_I, 52.57, 19.6, -3.10814e-08
FILLER_4_101, 52.57, 19.6, -3.10814e-08
FILLER_4_92, 52.57, 19.6, -3.10814e-08
FILLER_4_96, 52.57, 19.6, -3.10814e-08
FILLER_4_98, 52.57, 19.6, -3.10814e-08
FILLER_1_100, 52.57, 11.76, -3.33036e-08
BUF\[37\], 31.99, 50.96, -3.51038e-08
FILLER_10_46, 31.99, 50.96, -3.51038e-08
FILLER_8_53, 31.99, 43.12, -3.53614e-08
ANTENNA_BUF\[36\]_I, 31.99, 35.28, -3.28575e-08
FILLER_6_53, 31.99, 35.28, -3.28575e-08
FILLER_8_63, 31.99, 35.28, -3.28575e-08
ANTENNA_BUF\[28\]_I, 31.99, 27.44, -3.44624e-08
BUF\[38\], 31.99, 27.44, -3.44624e-08
FILLER_5_47, 31.99, 27.44, -3.44624e-08
FILLER_5_51, 31.99, 27.44, -3.44624e-08
FILLER_0_64, 31.99, 11.76, -4.02442e-08
FILLER_2_64, 31.99, 11.76, -4.02442e-08
BUF\[28\], 11.41, 27.44, -3.8234e-08
FILLER_4_18, 11.41, 27.44, -3.8234e-08
FILLER_5_18, 11.41, 27.44, -3.8234e-08
FILLER_5_20, 11.41, 27.44, -3.8234e-08
BUF\[26\], 11.41, 19.6, -4.02832e-08
FILLER_4_26, 11.41, 19.6, -4.02832e-08
BUF\[30\], 11.41, 11.76, -4.45791e-08
FILLER_1_10, 11.41, 11.76, -4.45791e-08
FILLER_1_14, 11.41, 11.76, -4.45791e-08
BUF\[23\], 1.12, 50.96, -3.94533e-08
FILLER_11_2, 1.12, 50.96, -3.94533e-08
PHY_20, 1.12, 50.96, -3.94533e-08
PHY_22, 1.12, 50.96, -3.94533e-08
ANTENNA_BUF\[15\]_I, 83.44, 50.96, -3.23613e-08
FILLER_10_139, 83.44, 50.96, -3.23613e-08
FILLER_10_143, 83.44, 50.96, -3.23613e-08
FILLER_11_139, 83.44, 50.96, -3.23613e-08
FILLER_11_142, 83.44, 50.96, -3.23613e-08
FILLER_11_144, 83.44, 50.96, -3.23613e-08
PHY_21, 83.44, 50.96, -3.23613e-08
PHY_23, 83.44, 50.96, -3.23613e-08
TAP_51, 83.44, 50.96, -3.23613e-08
ANTENNA_BUF\[23\]_I, 21.7, 50.96, -3.76259e-08
ANTENNA_BUF\[35\]_I, 21.7, 50.96, -3.76259e-08
BUF\[35\], 21.7, 50.96, -3.76259e-08
FILLER_10_34, 21.7, 50.96, -3.76259e-08
FILLER_11_29, 21.7, 50.96, -3.76259e-08
FILLER_11_33, 21.7, 50.96, -3.76259e-08
FILLER_11_37, 21.7, 50.96, -3.76259e-08
FILLER_11_41, 21.7, 50.96, -3.76259e-08
TAP_46, 21.7, 50.96, -3.76259e-08
TAP_48, 21.7, 50.96, -3.76259e-08
BUF\[1\], 42.28, 50.96, -3.18502e-08
FILLER_10_73, 42.28, 50.96, -3.18502e-08
FILLER_11_69, 42.28, 50.96, -3.18502e-08
FILLER_11_72, 42.28, 50.96, -3.18502e-08
TAP_49, 42.28, 50.96, -3.18502e-08
ANTENNA_BUF\[20\]_I, 62.86, 50.96, -3.06926e-08
ANTENNA_BUF\[2\]_I, 62.86, 50.96, -3.06926e-08
BUF\[13\], 62.86, 50.96, -3.06926e-08
BUF\[20\], 62.86, 50.96, -3.06926e-08
FILLER_10_105, 62.86, 50.96, -3.06926e-08
FILLER_10_108, 62.86, 50.96, -3.06926e-08
FILLER_11_103, 62.86, 50.96, -3.06926e-08
FILLER_11_107, 62.86, 50.96, -3.06926e-08
FILLER_11_110, 62.86, 50.96, -3.06926e-08
FILLER_11_112, 62.86, 50.96, -3.06926e-08
TAP_47, 62.86, 50.96, -3.06926e-08
TAP_50, 62.86, 50.96, -3.06926e-08
BUF\[24\], 1.12, 43.12, -4.1538e-08
BUF\[25\], 1.12, 43.12, -4.1538e-08
FILLER_10_2, 1.12, 43.12, -4.1538e-08
FILLER_10_6, 1.12, 43.12, -4.1538e-08
FILLER_9_2, 1.12, 43.12, -4.1538e-08
FILLER_9_4, 1.12, 43.12, -4.1538e-08
PHY_16, 1.12, 43.12, -4.1538e-08
PHY_18, 1.12, 43.12, -4.1538e-08
FILLER_8_144, 83.44, 43.12, -3.08601e-08
FILLER_9_141, 83.44, 43.12, -3.08601e-08
FILLER_9_144, 83.44, 43.12, -3.08601e-08
PHY_17, 83.44, 43.12, -3.08601e-08
PHY_19, 83.44, 43.12, -3.08601e-08
TAP_45, 83.44, 43.12, -3.08601e-08
ANTENNA_BUF\[21\]_I, 21.7, 43.12, -3.85834e-08
ANTENNA_BUF\[24\]_I, 21.7, 43.12, -3.85834e-08
ANTENNA_BUF\[25\]_I, 21.7, 43.12, -3.85834e-08
BUF\[36\], 21.7, 43.12, -3.85834e-08
FILLER_10_37, 21.7, 43.12, -3.85834e-08
FILLER_10_40, 21.7, 43.12, -3.85834e-08
FILLER_10_44, 21.7, 43.12, -3.85834e-08
FILLER_8_29, 21.7, 43.12, -3.85834e-08
FILLER_8_33, 21.7, 43.12, -3.85834e-08
FILLER_9_31, 21.7, 43.12, -3.85834e-08
FILLER_9_35, 21.7, 43.12, -3.85834e-08
FILLER_9_43, 21.7, 43.12, -3.85834e-08
TAP_42, 21.7, 43.12, -3.85834e-08
BUF\[0\], 42.28, 43.12, -3.20284e-08
BUF\[2\], 42.28, 43.12, -3.20284e-08
BUF\[3\], 42.28, 43.12, -3.20284e-08
FILLER_9_70, 42.28, 43.12, -3.20284e-08
FILLER_9_73, 42.28, 43.12, -3.20284e-08
TAP_44, 42.28, 43.12, -3.20284e-08
ANTENNA_BUF\[3\]_I, 62.86, 43.12, -2.92154e-08
BUF\[15\], 62.86, 43.12, -2.92154e-08
FILLER_8_103, 62.86, 43.12, -2.92154e-08
FILLER_8_105, 62.86, 43.12, -2.92154e-08
FILLER_8_108, 62.86, 43.12, -2.92154e-08
FILLER_9_103, 62.86, 43.12, -2.92154e-08
FILLER_9_107, 62.86, 43.12, -2.92154e-08
TAP_43, 62.86, 43.12, -2.92154e-08
BUF\[21\], 1.12, 35.28, -3.89969e-08
BUF\[22\], 1.12, 35.28, -3.89969e-08
FILLER_7_2, 1.12, 35.28, -3.89969e-08
FILLER_8_2, 1.12, 35.28, -3.89969e-08
PHY_12, 1.12, 35.28, -3.89969e-08
PHY_14, 1.12, 35.28, -3.89969e-08
ANTENNA_BUF\[17\]_I, 83.44, 35.28, -3.02542e-08
FILLER_6_138, 83.44, 35.28, -3.02542e-08
FILLER_6_144, 83.44, 35.28, -3.02542e-08
FILLER_7_138, 83.44, 35.28, -3.02542e-08
FILLER_7_144, 83.44, 35.28, -3.02542e-08
PHY_13, 83.44, 35.28, -3.02542e-08
PHY_15, 83.44, 35.28, -3.02542e-08
TAP_41, 83.44, 35.28, -3.02542e-08
ANTENNA_BUF\[22\]_I, 21.7, 35.28, -3.55192e-08
FILLER_6_34, 21.7, 35.28, -3.55192e-08
FILLER_7_29, 21.7, 35.28, -3.55192e-08
FILLER_7_33, 21.7, 35.28, -3.55192e-08
FILLER_8_37, 21.7, 35.28, -3.55192e-08
TAP_38, 21.7, 35.28, -3.55192e-08
ANTENNA_BUF\[37\]_I, 42.28, 35.28, -2.89416e-08
FILLER_7_65, 42.28, 35.28, -2.89416e-08
FILLER_7_69, 42.28, 35.28, -2.89416e-08
FILLER_7_73, 42.28, 35.28, -2.89416e-08
FILLER_7_76, 42.28, 35.28, -2.89416e-08
TAP_40, 42.28, 35.28, -2.89416e-08
BUF\[11\], 62.86, 35.28, -2.772e-08
BUF\[17\], 62.86, 35.28, -2.772e-08
FILLER_6_103, 62.86, 35.28, -2.772e-08
FILLER_6_105, 62.86, 35.28, -2.772e-08
FILLER_6_108, 62.86, 35.28, -2.772e-08
FILLER_8_116, 62.86, 35.28, -2.772e-08
TAP_39, 62.86, 35.28, -2.772e-08
FILLER_5_2, 1.12, 27.44, -3.85428e-08
FILLER_6_2, 1.12, 27.44, -3.85428e-08
PHY_10, 1.12, 27.44, -3.85428e-08
PHY_8, 1.12, 27.44, -3.85428e-08
FILLER_4_144, 83.44, 27.44, -3.1298e-08
FILLER_5_141, 83.44, 27.44, -3.1298e-08
FILLER_5_144, 83.44, 27.44, -3.1298e-08
PHY_11, 83.44, 27.44, -3.1298e-08
PHY_9, 83.44, 27.44, -3.1298e-08
TAP_37, 83.44, 27.44, -3.1298e-08
ANTENNA_BUF\[27\]_I, 21.7, 27.44, -3.6599e-08
FILLER_4_30, 21.7, 27.44, -3.6599e-08
FILLER_4_34, 21.7, 27.44, -3.6599e-08
FILLER_6_37, 21.7, 27.44, -3.6599e-08
TAP_34, 21.7, 27.44, -3.6599e-08
FILLER_5_67, 42.28, 27.44, -3.09757e-08
FILLER_5_73, 42.28, 27.44, -3.09757e-08
FILLER_5_81, 42.28, 27.44, -3.09757e-08
TAP_36, 42.28, 27.44, -3.09757e-08
ANTENNA_BUF\[19\]_I, 62.86, 27.44, -2.9898e-08
ANTENNA_BUF\[4\]_I, 62.86, 27.44, -2.9898e-08
BUF\[12\], 62.86, 27.44, -2.9898e-08
BUF\[19\], 62.86, 27.44, -2.9898e-08
FILLER_4_105, 62.86, 27.44, -2.9898e-08
FILLER_4_108, 62.86, 27.44, -2.9898e-08
FILLER_5_113, 62.86, 27.44, -2.9898e-08
TAP_35, 62.86, 27.44, -2.9898e-08
FILLER_3_2, 1.12, 19.6, -4.05919e-08
FILLER_4_2, 1.12, 19.6, -4.05919e-08
PHY_4, 1.12, 19.6, -4.05919e-08
PHY_6, 1.12, 19.6, -4.05919e-08
ANTENNA_BUF\[12\]_I, 83.44, 19.6, -3.53578e-08
ANTENNA_BUF\[9\]_I, 83.44, 19.6, -3.53578e-08
FILLER_2_139, 83.44, 19.6, -3.53578e-08
FILLER_2_143, 83.44, 19.6, -3.53578e-08
FILLER_3_140, 83.44, 19.6, -3.53578e-08
FILLER_3_144, 83.44, 19.6, -3.53578e-08
PHY_5, 83.44, 19.6, -3.53578e-08
PHY_7, 83.44, 19.6, -3.53578e-08
TAP_33, 83.44, 19.6, -3.53578e-08
ANTENNA_BUF\[26\]_I, 21.7, 19.6, -3.93708e-08
ANTENNA_BUF\[30\]_I, 21.7, 19.6, -3.93708e-08
BUF\[33\], 21.7, 19.6, -3.93708e-08
FILLER_2_34, 21.7, 19.6, -3.93708e-08
FILLER_3_36, 21.7, 19.6, -3.93708e-08
FILLER_3_40, 21.7, 19.6, -3.93708e-08
FILLER_4_37, 21.7, 19.6, -3.93708e-08
FILLER_4_40, 21.7, 19.6, -3.93708e-08
FILLER_4_44, 21.7, 19.6, -3.93708e-08
TAP_30, 21.7, 19.6, -3.93708e-08
ANTENNA_BUF\[18\]_I, 42.28, 19.6, -3.48663e-08
ANTENNA_BUF\[32\]_I, 42.28, 19.6, -3.48663e-08
ANTENNA_BUF\[33\]_I, 42.28, 19.6, -3.48663e-08
BUF\[4\], 42.28, 19.6, -3.48663e-08
FILLER_2_68, 42.28, 19.6, -3.48663e-08
FILLER_3_67, 42.28, 19.6, -3.48663e-08
FILLER_3_73, 42.28, 19.6, -3.48663e-08
FILLER_3_76, 42.28, 19.6, -3.48663e-08
FILLER_3_80, 42.28, 19.6, -3.48663e-08
FILLER_4_76, 42.28, 19.6, -3.48663e-08
TAP_32, 42.28, 19.6, -3.48663e-08
ANTENNA_BUF\[16\]_I, 62.86, 19.6, -3.39378e-08
BUF\[14\], 62.86, 19.6, -3.39378e-08
BUF\[8\], 62.86, 19.6, -3.39378e-08
BUF\[9\], 62.86, 19.6, -3.39378e-08
FILLER_2_105, 62.86, 19.6, -3.39378e-08
FILLER_2_108, 62.86, 19.6, -3.39378e-08
FILLER_3_107, 62.86, 19.6, -3.39378e-08
FILLER_4_111, 62.86, 19.6, -3.39378e-08
FILLER_4_115, 62.86, 19.6, -3.39378e-08
FILLER_4_117, 62.86, 19.6, -3.39378e-08
TAP_31, 62.86, 19.6, -3.39378e-08
ANTENNA_BUF\[29\]_I, 1.12, 11.76, -4.63985e-08
BUF\[27\], 1.12, 11.76, -4.63985e-08
BUF\[29\], 1.12, 11.76, -4.63985e-08
FILLER_0_2, 1.12, 11.76, -4.63985e-08
FILLER_0_6, 1.12, 11.76, -4.63985e-08
FILLER_1_2, 1.12, 11.76, -4.63985e-08
FILLER_2_2, 1.12, 11.76, -4.63985e-08
FILLER_2_6, 1.12, 11.76, -4.63985e-08
PHY_0, 1.12, 11.76, -4.63985e-08
PHY_2, 1.12, 11.76, -4.63985e-08
ANTENNA_BUF\[14\]_I, 83.44, 11.76, -3.7468e-08
FILLER_0_138, 83.44, 11.76, -3.7468e-08
FILLER_0_142, 83.44, 11.76, -3.7468e-08
FILLER_0_144, 83.44, 11.76, -3.7468e-08
FILLER_1_138, 83.44, 11.76, -3.7468e-08
FILLER_1_141, 83.44, 11.76, -3.7468e-08
FILLER_1_144, 83.44, 11.76, -3.7468e-08
PHY_1, 83.44, 11.76, -3.7468e-08
PHY_3, 83.44, 11.76, -3.7468e-08
TAP_27, 83.44, 11.76, -3.7468e-08
TAP_29, 83.44, 11.76, -3.7468e-08
BUF\[31\], 21.7, 11.76, -4.34192e-08
BUF\[32\], 21.7, 11.76, -4.34192e-08
BUF\[34\], 21.7, 11.76, -4.34192e-08
FILLER_0_34, 21.7, 11.76, -4.34192e-08
FILLER_0_37, 21.7, 11.76, -4.34192e-08
FILLER_1_42, 21.7, 11.76, -4.34192e-08
FILLER_2_37, 21.7, 11.76, -4.34192e-08
TAP_24, 21.7, 11.76, -4.34192e-08
ANTENNA_BUF\[31\]_I, 42.28, 11.76, -3.81674e-08
ANTENNA_BUF\[34\]_I, 42.28, 11.76, -3.81674e-08
BUF\[10\], 42.28, 11.76, -3.81674e-08
BUF\[18\], 42.28, 11.76, -3.81674e-08
BUF\[5\], 42.28, 11.76, -3.81674e-08
FILLER_0_68, 42.28, 11.76, -3.81674e-08
FILLER_0_72, 42.28, 11.76, -3.81674e-08
FILLER_0_75, 42.28, 11.76, -3.81674e-08
FILLER_0_77, 42.28, 11.76, -3.81674e-08
FILLER_1_70, 42.28, 11.76, -3.81674e-08
FILLER_1_73, 42.28, 11.76, -3.81674e-08
FILLER_2_74, 42.28, 11.76, -3.81674e-08
FILLER_2_78, 42.28, 11.76, -3.81674e-08
TAP_25, 42.28, 11.76, -3.81674e-08
TAP_28, 42.28, 11.76, -3.81674e-08
BUF\[6\], 62.86, 11.76, -3.55624e-08
BUF\[7\], 62.86, 11.76, -3.55624e-08
FILLER_0_104, 62.86, 11.76, -3.55624e-08
FILLER_0_107, 62.86, 11.76, -3.55624e-08
TAP_26, 62.86, 11.76, -3.55624e-08

