Netgen 1.5.242 compiled on Wed Nov 16 22:54:20 UTC 2022
Warning: netgen command 'format' use fully-qualified name '::netgen::format'
Warning: netgen command 'global' use fully-qualified name '::netgen::global'
Generating JSON file result
Reading netlist file /home/hosni/GF180/PnR_2/caravel-gf180mcu/openlane/mprj_io_buffer/runs/RUN_2022.11.28_18.30.25/results/signoff/mprj_io_buffer.spice
Reading netlist file /home/hosni/GF180/PnR_2/caravel-gf180mcu/openlane/mprj_io_buffer/runs/RUN_2022.11.28_18.30.25/tmp/signoff/24-mprj_io_buffer.pnl.v
Warning:  A case-insensitive file has been read and so the	verilog file must be treated case-insensitive to match.
Creating placeholder cell definition for module gf180mcu_fd_sc_mcu7t5v0__clkbuf_8.
Creating placeholder cell definition for module gf180mcu_fd_sc_mcu7t5v0__endcap.
Creating placeholder cell definition for module gf180mcu_fd_sc_mcu7t5v0__filltie.
Creating placeholder cell definition for module gf180mcu_fd_sc_mcu7t5v0__antenna.
Creating placeholder cell definition for module gf180mcu_fd_sc_mcu7t5v0__fill_2.
Creating placeholder cell definition for module gf180mcu_fd_sc_mcu7t5v0__fill_1.
Creating placeholder cell definition for module gf180mcu_fd_sc_mcu7t5v0__fillcap_8.
Creating placeholder cell definition for module gf180mcu_fd_sc_mcu7t5v0__fillcap_4.
Creating placeholder cell definition for module gf180mcu_fd_sc_mcu7t5v0__fillcap_16.
Creating placeholder cell definition for module gf180mcu_fd_sc_mcu7t5v0__fillcap_32.
Reading setup file /home/hosni/GF180/PnR_2/OpenLane/pdks/gf180mcuC/libs.tech/netgen/gf180mcuC_setup.tcl
Comparison output logged to file /home/hosni/GF180/PnR_2/caravel-gf180mcu/openlane/mprj_io_buffer/runs/RUN_2022.11.28_18.30.25/logs/signoff/27-mprj_io_buffer.lef.lvs.log
Logging to file "/home/hosni/GF180/PnR_2/caravel-gf180mcu/openlane/mprj_io_buffer/runs/RUN_2022.11.28_18.30.25/logs/signoff/27-mprj_io_buffer.lef.lvs.log" enabled

Contents of circuit 1:  Circuit: 'gf180mcu_fd_sc_mcu7t5v0__fillcap_4'
Circuit gf180mcu_fd_sc_mcu7t5v0__fillcap_4 contains 0 device instances.
Circuit contains 0 nets, and 2 disconnected pins.
Contents of circuit 2:  Circuit: 'gf180mcu_fd_sc_mcu7t5v0__fillcap_4'
Circuit gf180mcu_fd_sc_mcu7t5v0__fillcap_4 contains 0 device instances.
Circuit contains 0 nets.

Circuit gf180mcu_fd_sc_mcu7t5v0__fillcap_4 contains no devices.

Contents of circuit 1:  Circuit: 'gf180mcu_fd_sc_mcu7t5v0__clkbuf_8'
Circuit gf180mcu_fd_sc_mcu7t5v0__clkbuf_8 contains 0 device instances.
Circuit contains 0 nets, and 4 disconnected pins.
Contents of circuit 2:  Circuit: 'gf180mcu_fd_sc_mcu7t5v0__clkbuf_8'
Circuit gf180mcu_fd_sc_mcu7t5v0__clkbuf_8 contains 0 device instances.
Circuit contains 0 nets.

Circuit gf180mcu_fd_sc_mcu7t5v0__clkbuf_8 contains no devices.

Contents of circuit 1:  Circuit: 'gf180mcu_fd_sc_mcu7t5v0__fillcap_8'
Circuit gf180mcu_fd_sc_mcu7t5v0__fillcap_8 contains 0 device instances.
Circuit contains 0 nets, and 2 disconnected pins.
Contents of circuit 2:  Circuit: 'gf180mcu_fd_sc_mcu7t5v0__fillcap_8'
Circuit gf180mcu_fd_sc_mcu7t5v0__fillcap_8 contains 0 device instances.
Circuit contains 0 nets.

Circuit gf180mcu_fd_sc_mcu7t5v0__fillcap_8 contains no devices.

Contents of circuit 1:  Circuit: 'gf180mcu_fd_sc_mcu7t5v0__antenna'
Circuit gf180mcu_fd_sc_mcu7t5v0__antenna contains 0 device instances.
Circuit contains 0 nets, and 3 disconnected pins.
Contents of circuit 2:  Circuit: 'gf180mcu_fd_sc_mcu7t5v0__antenna'
Circuit gf180mcu_fd_sc_mcu7t5v0__antenna contains 0 device instances.
Circuit contains 0 nets.

Circuit gf180mcu_fd_sc_mcu7t5v0__antenna contains no devices.

Contents of circuit 1:  Circuit: 'gf180mcu_fd_sc_mcu7t5v0__fillcap_16'
Circuit gf180mcu_fd_sc_mcu7t5v0__fillcap_16 contains 0 device instances.
Circuit contains 0 nets, and 2 disconnected pins.
Contents of circuit 2:  Circuit: 'gf180mcu_fd_sc_mcu7t5v0__fillcap_16'
Circuit gf180mcu_fd_sc_mcu7t5v0__fillcap_16 contains 0 device instances.
Circuit contains 0 nets.

Circuit gf180mcu_fd_sc_mcu7t5v0__fillcap_16 contains no devices.

Contents of circuit 1:  Circuit: 'gf180mcu_fd_sc_mcu7t5v0__fillcap_32'
Circuit gf180mcu_fd_sc_mcu7t5v0__fillcap_32 contains 0 device instances.
Circuit contains 0 nets, and 2 disconnected pins.
Contents of circuit 2:  Circuit: 'gf180mcu_fd_sc_mcu7t5v0__fillcap_32'
Circuit gf180mcu_fd_sc_mcu7t5v0__fillcap_32 contains 0 device instances.
Circuit contains 0 nets.

Circuit gf180mcu_fd_sc_mcu7t5v0__fillcap_32 contains no devices.

Contents of circuit 1:  Circuit: 'mprj_io_buffer'
Circuit mprj_io_buffer contains 118 device instances.
  Class: gf180mcu_fd_sc_mcu7t5v0__clkbuf_8 instances:  39
  Class: gf180mcu_fd_sc_mcu7t5v0__fillcap_4 instances:  19
  Class: gf180mcu_fd_sc_mcu7t5v0__fillcap_8 instances:  11
  Class: gf180mcu_fd_sc_mcu7t5v0__fillcap_16 instances:   6
  Class: gf180mcu_fd_sc_mcu7t5v0__antenna instances:  39
  Class: gf180mcu_fd_sc_mcu7t5v0__fillcap_32 instances:   4
Circuit contains 80 nets.
Contents of circuit 2:  Circuit: 'mprj_io_buffer'
Circuit mprj_io_buffer contains 118 device instances.
  Class: gf180mcu_fd_sc_mcu7t5v0__clkbuf_8 instances:  39
  Class: gf180mcu_fd_sc_mcu7t5v0__fillcap_4 instances:  19
  Class: gf180mcu_fd_sc_mcu7t5v0__fillcap_8 instances:  11
  Class: gf180mcu_fd_sc_mcu7t5v0__fillcap_16 instances:   6
  Class: gf180mcu_fd_sc_mcu7t5v0__antenna instances:  39
  Class: gf180mcu_fd_sc_mcu7t5v0__fillcap_32 instances:   4
Circuit contains 80 nets.

Circuit was modified by parallel/series device merging.
New circuit summary:

Contents of circuit 1:  Circuit: 'mprj_io_buffer'
Circuit mprj_io_buffer contains 82 device instances.
  Class: gf180mcu_fd_sc_mcu7t5v0__clkbuf_8 instances:  39
  Class: gf180mcu_fd_sc_mcu7t5v0__fillcap_4 instances:   1
  Class: gf180mcu_fd_sc_mcu7t5v0__fillcap_8 instances:   1
  Class: gf180mcu_fd_sc_mcu7t5v0__fillcap_16 instances:   1
  Class: gf180mcu_fd_sc_mcu7t5v0__antenna instances:  39
  Class: gf180mcu_fd_sc_mcu7t5v0__fillcap_32 instances:   1
Circuit contains 80 nets.
Contents of circuit 2:  Circuit: 'mprj_io_buffer'
Circuit mprj_io_buffer contains 82 device instances.
  Class: gf180mcu_fd_sc_mcu7t5v0__clkbuf_8 instances:  39
  Class: gf180mcu_fd_sc_mcu7t5v0__fillcap_4 instances:   1
  Class: gf180mcu_fd_sc_mcu7t5v0__fillcap_8 instances:   1
  Class: gf180mcu_fd_sc_mcu7t5v0__fillcap_16 instances:   1
  Class: gf180mcu_fd_sc_mcu7t5v0__antenna instances:  39
  Class: gf180mcu_fd_sc_mcu7t5v0__fillcap_32 instances:   1
Circuit contains 80 nets.

Circuit 1 contains 82 devices, Circuit 2 contains 82 devices.
Circuit 1 contains 80 nets,    Circuit 2 contains 80 nets.


Final result: 
Circuits match uniquely.
.
Logging to file "/home/hosni/GF180/PnR_2/caravel-gf180mcu/openlane/mprj_io_buffer/runs/RUN_2022.11.28_18.30.25/logs/signoff/27-mprj_io_buffer.lef.lvs.log" disabled
LVS Done.
