
Cell gf180mcu_fd_sc_mcu7t5v0__fillcap_4 (0) disconnected node: VDD
Cell gf180mcu_fd_sc_mcu7t5v0__fillcap_4 (0) disconnected node: VSS
Warning: Equate pins:  cell gf180mcu_fd_sc_mcu7t5v0__fillcap_4 is a placeholder, treated as a black box.

Subcircuit pins:
Circuit 1: gf180mcu_fd_sc_mcu7t5v0__fillca |Circuit 2: gf180mcu_fd_sc_mcu7t5v0__fillca 
-------------------------------------------|-------------------------------------------
VDD                                        |VDD                                        
VSS                                        |VSS                                        
---------------------------------------------------------------------------------------
Cell pin lists are equivalent.
Device classes gf180mcu_fd_sc_mcu7t5v0__fillcap_4 and gf180mcu_fd_sc_mcu7t5v0__fillcap_4 are equivalent.

Cell gf180mcu_fd_sc_mcu7t5v0__clkbuf_8 (0) disconnected node: I
Cell gf180mcu_fd_sc_mcu7t5v0__clkbuf_8 (0) disconnected node: Z
Cell gf180mcu_fd_sc_mcu7t5v0__clkbuf_8 (0) disconnected node: VDD
Cell gf180mcu_fd_sc_mcu7t5v0__clkbuf_8 (0) disconnected node: VSS
Warning: Equate pins:  cell gf180mcu_fd_sc_mcu7t5v0__clkbuf_8 is a placeholder, treated as a black box.

Subcircuit pins:
Circuit 1: gf180mcu_fd_sc_mcu7t5v0__clkbuf |Circuit 2: gf180mcu_fd_sc_mcu7t5v0__clkbuf 
-------------------------------------------|-------------------------------------------
I                                          |I                                          
Z                                          |Z                                          
VDD                                        |VDD                                        
VSS                                        |VSS                                        
---------------------------------------------------------------------------------------
Cell pin lists are equivalent.
Device classes gf180mcu_fd_sc_mcu7t5v0__clkbuf_8 and gf180mcu_fd_sc_mcu7t5v0__clkbuf_8 are equivalent.

Cell gf180mcu_fd_sc_mcu7t5v0__fillcap_8 (0) disconnected node: VDD
Cell gf180mcu_fd_sc_mcu7t5v0__fillcap_8 (0) disconnected node: VSS
Warning: Equate pins:  cell gf180mcu_fd_sc_mcu7t5v0__fillcap_8 is a placeholder, treated as a black box.

Subcircuit pins:
Circuit 1: gf180mcu_fd_sc_mcu7t5v0__fillca |Circuit 2: gf180mcu_fd_sc_mcu7t5v0__fillca 
-------------------------------------------|-------------------------------------------
VDD                                        |VDD                                        
VSS                                        |VSS                                        
---------------------------------------------------------------------------------------
Cell pin lists are equivalent.
Device classes gf180mcu_fd_sc_mcu7t5v0__fillcap_8 and gf180mcu_fd_sc_mcu7t5v0__fillcap_8 are equivalent.

Cell gf180mcu_fd_sc_mcu7t5v0__antenna (0) disconnected node: I
Cell gf180mcu_fd_sc_mcu7t5v0__antenna (0) disconnected node: VDD
Cell gf180mcu_fd_sc_mcu7t5v0__antenna (0) disconnected node: VSS
Warning: Equate pins:  cell gf180mcu_fd_sc_mcu7t5v0__antenna is a placeholder, treated as a black box.

Subcircuit pins:
Circuit 1: gf180mcu_fd_sc_mcu7t5v0__antenn |Circuit 2: gf180mcu_fd_sc_mcu7t5v0__antenn 
-------------------------------------------|-------------------------------------------
I                                          |I                                          
VDD                                        |VDD                                        
VSS                                        |VSS                                        
---------------------------------------------------------------------------------------
Cell pin lists are equivalent.
Device classes gf180mcu_fd_sc_mcu7t5v0__antenna and gf180mcu_fd_sc_mcu7t5v0__antenna are equivalent.

Cell gf180mcu_fd_sc_mcu7t5v0__fillcap_16 (0) disconnected node: VDD
Cell gf180mcu_fd_sc_mcu7t5v0__fillcap_16 (0) disconnected node: VSS
Warning: Equate pins:  cell gf180mcu_fd_sc_mcu7t5v0__fillcap_16 is a placeholder, treated as a black box.

Subcircuit pins:
Circuit 1: gf180mcu_fd_sc_mcu7t5v0__fillca |Circuit 2: gf180mcu_fd_sc_mcu7t5v0__fillca 
-------------------------------------------|-------------------------------------------
VDD                                        |VDD                                        
VSS                                        |VSS                                        
---------------------------------------------------------------------------------------
Cell pin lists are equivalent.
Device classes gf180mcu_fd_sc_mcu7t5v0__fillcap_16 and gf180mcu_fd_sc_mcu7t5v0__fillcap_16 are equivalent.

Cell gf180mcu_fd_sc_mcu7t5v0__fillcap_32 (0) disconnected node: VDD
Cell gf180mcu_fd_sc_mcu7t5v0__fillcap_32 (0) disconnected node: VSS
Warning: Equate pins:  cell gf180mcu_fd_sc_mcu7t5v0__fillcap_32 is a placeholder, treated as a black box.

Subcircuit pins:
Circuit 1: gf180mcu_fd_sc_mcu7t5v0__fillca |Circuit 2: gf180mcu_fd_sc_mcu7t5v0__fillca 
-------------------------------------------|-------------------------------------------
VDD                                        |VDD                                        
VSS                                        |VSS                                        
---------------------------------------------------------------------------------------
Cell pin lists are equivalent.
Device classes gf180mcu_fd_sc_mcu7t5v0__fillcap_32 and gf180mcu_fd_sc_mcu7t5v0__fillcap_32 are equivalent.

Class mprj_io_buffer (0):  Merged 36 parallel devices.
Class mprj_io_buffer (1):  Merged 36 parallel devices.
Subcircuit summary:
Circuit 1: mprj_io_buffer                  |Circuit 2: mprj_io_buffer                  
-------------------------------------------|-------------------------------------------
gf180mcu_fd_sc_mcu7t5v0__fillcap_4 (19->1) |gf180mcu_fd_sc_mcu7t5v0__fillcap_4 (19->1) 
gf180mcu_fd_sc_mcu7t5v0__clkbuf_8 (39)     |gf180mcu_fd_sc_mcu7t5v0__clkbuf_8 (39)     
gf180mcu_fd_sc_mcu7t5v0__fillcap_8 (11->1) |gf180mcu_fd_sc_mcu7t5v0__fillcap_8 (11->1) 
gf180mcu_fd_sc_mcu7t5v0__antenna (39)      |gf180mcu_fd_sc_mcu7t5v0__antenna (39)      
gf180mcu_fd_sc_mcu7t5v0__fillcap_16 (6->1) |gf180mcu_fd_sc_mcu7t5v0__fillcap_16 (6->1) 
gf180mcu_fd_sc_mcu7t5v0__fillcap_32 (4->1) |gf180mcu_fd_sc_mcu7t5v0__fillcap_32 (4->1) 
Number of devices: 82                      |Number of devices: 82                      
Number of nets: 80                         |Number of nets: 80                         
---------------------------------------------------------------------------------------
Resolving symmetries by property value.
Resolving symmetries by pin name.
Netlists match uniquely.

Subcircuit pins:
Circuit 1: mprj_io_buffer                  |Circuit 2: mprj_io_buffer                  
-------------------------------------------|-------------------------------------------
mgmt_gpio_in_buf[14]                       |mgmt_gpio_in_buf[14]                       
mgmt_gpio_out_buf[12]                      |mgmt_gpio_out_buf[12]                      
mgmt_gpio_out_buf[7]                       |mgmt_gpio_out_buf[7]                       
mgmt_gpio_in_buf[16]                       |mgmt_gpio_in_buf[16]                       
mgmt_gpio_out_buf[14]                      |mgmt_gpio_out_buf[14]                      
mgmt_gpio_out_buf[9]                       |mgmt_gpio_out_buf[9]                       
mgmt_gpio_in_buf[0]                        |mgmt_gpio_in_buf[0]                        
mgmt_gpio_out_buf[16]                      |mgmt_gpio_out_buf[16]                      
mgmt_gpio_out_buf[0]                       |mgmt_gpio_out_buf[0]                       
mgmt_gpio_in_buf[2]                        |mgmt_gpio_in_buf[2]                        
mgmt_gpio_in_buf[9]                        |mgmt_gpio_in_buf[9]                        
mgmt_gpio_oeb_buf[0]                       |mgmt_gpio_oeb_buf[0]                       
mgmt_gpio_in_buf[4]                        |mgmt_gpio_in_buf[4]                        
mgmt_gpio_out_buf[2]                       |mgmt_gpio_out_buf[2]                       
mgmt_gpio_in_buf[11]                       |mgmt_gpio_in_buf[11]                       
mgmt_gpio_out_buf[4]                       |mgmt_gpio_out_buf[4]                       
mgmt_gpio_in_buf[6]                        |mgmt_gpio_in_buf[6]                        
mgmt_gpio_in_buf[13]                       |mgmt_gpio_in_buf[13]                       
mgmt_gpio_out_buf[11]                      |mgmt_gpio_out_buf[11]                      
mgmt_gpio_out_buf[6]                       |mgmt_gpio_out_buf[6]                       
mgmt_gpio_in_buf[8]                        |mgmt_gpio_in_buf[8]                        
mgmt_gpio_in_buf[15]                       |mgmt_gpio_in_buf[15]                       
mgmt_gpio_out_buf[13]                      |mgmt_gpio_out_buf[13]                      
mgmt_gpio_out_buf[8]                       |mgmt_gpio_out_buf[8]                       
mgmt_gpio_oeb_buf[2]                       |mgmt_gpio_oeb_buf[2]                       
mgmt_gpio_in_buf[17]                       |mgmt_gpio_in_buf[17]                       
mgmt_gpio_out_buf[15]                      |mgmt_gpio_out_buf[15]                      
mgmt_gpio_in_buf[1]                        |mgmt_gpio_in_buf[1]                        
mgmt_gpio_out_buf[17]                      |mgmt_gpio_out_buf[17]                      
mgmt_gpio_in_buf[3]                        |mgmt_gpio_in_buf[3]                        
mgmt_gpio_out_buf[1]                       |mgmt_gpio_out_buf[1]                       
mgmt_gpio_in_buf[10]                       |mgmt_gpio_in_buf[10]                       
mgmt_gpio_oeb_buf[1]                       |mgmt_gpio_oeb_buf[1]                       
mgmt_gpio_in_buf[5]                        |mgmt_gpio_in_buf[5]                        
mgmt_gpio_out_buf[3]                       |mgmt_gpio_out_buf[3]                       
mgmt_gpio_in_buf[12]                       |mgmt_gpio_in_buf[12]                       
mgmt_gpio_out_buf[10]                      |mgmt_gpio_out_buf[10]                      
mgmt_gpio_out_buf[5]                       |mgmt_gpio_out_buf[5]                       
mgmt_gpio_in_buf[7]                        |mgmt_gpio_in_buf[7]                        
mgmt_gpio_out[16]                          |mgmt_gpio_out[16]                          
mgmt_gpio_in[14]                           |mgmt_gpio_in[14]                           
mgmt_gpio_in[4]                            |mgmt_gpio_in[4]                            
mgmt_gpio_out[2]                           |mgmt_gpio_out[2]                           
mgmt_gpio_in[11]                           |mgmt_gpio_in[11]                           
mgmt_gpio_out[14]                          |mgmt_gpio_out[14]                          
mgmt_gpio_in[2]                            |mgmt_gpio_in[2]                            
mgmt_gpio_out[9]                           |mgmt_gpio_out[9]                           
mgmt_gpio_in[13]                           |mgmt_gpio_in[13]                           
mgmt_gpio_out[11]                          |mgmt_gpio_out[11]                          
mgmt_gpio_in[8]                            |mgmt_gpio_in[8]                            
mgmt_gpio_out[6]                           |mgmt_gpio_out[6]                           
mgmt_gpio_out[13]                          |mgmt_gpio_out[13]                          
mgmt_gpio_out[8]                           |mgmt_gpio_out[8]                           
mgmt_gpio_oeb[2]                           |mgmt_gpio_oeb[2]                           
mgmt_gpio_oeb[0]                           |mgmt_gpio_oeb[0]                           
mgmt_gpio_in[6]                            |mgmt_gpio_in[6]                            
mgmt_gpio_in[15]                           |mgmt_gpio_in[15]                           
mgmt_gpio_in[17]                           |mgmt_gpio_in[17]                           
mgmt_gpio_out[0]                           |mgmt_gpio_out[0]                           
mgmt_gpio_in[1]                            |mgmt_gpio_in[1]                            
mgmt_gpio_out[15]                          |mgmt_gpio_out[15]                          
mgmt_gpio_out[17]                          |mgmt_gpio_out[17]                          
mgmt_gpio_out[12]                          |mgmt_gpio_out[12]                          
mgmt_gpio_in[9]                            |mgmt_gpio_in[9]                            
mgmt_gpio_in[0]                            |mgmt_gpio_in[0]                            
mgmt_gpio_in[3]                            |mgmt_gpio_in[3]                            
mgmt_gpio_out[1]                           |mgmt_gpio_out[1]                           
mgmt_gpio_in[10]                           |mgmt_gpio_in[10]                           
mgmt_gpio_out[7]                           |mgmt_gpio_out[7]                           
mgmt_gpio_in[5]                            |mgmt_gpio_in[5]                            
mgmt_gpio_out[3]                           |mgmt_gpio_out[3]                           
mgmt_gpio_in[12]                           |mgmt_gpio_in[12]                           
mgmt_gpio_out[4]                           |mgmt_gpio_out[4]                           
mgmt_gpio_oeb[1]                           |mgmt_gpio_oeb[1]                           
mgmt_gpio_in[16]                           |mgmt_gpio_in[16]                           
mgmt_gpio_out[10]                          |mgmt_gpio_out[10]                          
mgmt_gpio_out[5]                           |mgmt_gpio_out[5]                           
mgmt_gpio_in[7]                            |mgmt_gpio_in[7]                            
VDD                                        |VDD                                        
VSS                                        |VSS                                        
---------------------------------------------------------------------------------------
Cell pin lists are equivalent.
Device classes mprj_io_buffer and mprj_io_buffer are equivalent.

Final result: Circuits match uniquely.
.
