Information: Derived library resistance unit is 1.000000 Kohm (Time unit is 1 ns, and Capacitance unit is 1.000000 pF). (DES-028)
Error: Cannot find net 'gpio_defaults_block_0/gpio_default_value_one[0]/Z' in design 'caravel_core' (PARA-124)
Error: Cannot find net 'gpio_defaults_block_0/gpio_default_value_one[1]/Z' in design 'caravel_core' (PARA-124)
Error: Cannot find net 'gpio_defaults_block_0/gpio_default_value_one[2]/Z' in design 'caravel_core' (PARA-124)
Error: Cannot find net 'gpio_defaults_block_0/gpio_default_value_one[3]/Z' in design 'caravel_core' (PARA-124)
Error: Cannot find net 'gpio_defaults_block_0/gpio_default_value_one[4]/Z' in design 'caravel_core' (PARA-124)
Error: Cannot find net 'gpio_defaults_block_0/gpio_default_value_one[5]/Z' in design 'caravel_core' (PARA-124)
Error: Cannot find net 'gpio_defaults_block_0/gpio_default_value_one[6]/Z' in design 'caravel_core' (PARA-124)
Error: Cannot find net 'gpio_defaults_block_0/gpio_default_value_one[7]/Z' in design 'caravel_core' (PARA-124)
Error: Cannot find net 'gpio_defaults_block_0/gpio_default_value_one[8]/Z' in design 'caravel_core' (PARA-124)
Error: Cannot find net 'gpio_defaults_block_0/gpio_default_value_one[9]/Z' in design 'caravel_core' (PARA-124)

****************************************
Report : read_parasitics /home/passant/caravel-gf180mcu/signoff/gpio_defaults_block/StarRC/gpio_defaults_block.min.spef
	-keep_capacitive_coupling
Design : caravel_core
Version: T-2022.03-SP3
Date   : Tue Dec 13 23:49:58 2022
****************************************

        10 error(s)
        Format is SPEF
        Annotated nets                   :           10
        Annotated capacitances           :         2368
        Annotated resistances            :         1998
        Annotated coupling capacitances  :          962
        Annotated PI models              :            0
        Annotated Elmore delays          :            0

Information: Derived library resistance unit is 1.000000 Kohm (Time unit is 1 ns, and Capacitance unit is 1.000000 pF). (DES-028)

****************************************
Report : read_parasitics /home/passant/caravel-gf180mcu/signoff/spare_logic_block/StarRC/spare_logic_block.min.spef
	-keep_capacitive_coupling
Design : caravel_core
Version: T-2022.03-SP3
Date   : Tue Dec 13 23:49:58 2022
****************************************

        0 error(s)
        Format is SPEF
        Annotated nets                   :           44
        Annotated capacitances           :         1168
        Annotated resistances            :          996
        Annotated coupling capacitances  :          888
        Annotated PI models              :            0
        Annotated Elmore delays          :            0

Information: Derived library resistance unit is 1.000000 Kohm (Time unit is 1 ns, and Capacitance unit is 1.000000 pF). (DES-028)

****************************************
Report : read_parasitics /home/passant/caravel-gf180mcu/signoff/mprj_io_buffer/StarRC/mprj_io_buffer.min.spef
	-keep_capacitive_coupling
Design : caravel_core
Version: T-2022.03-SP3
Date   : Tue Dec 13 23:49:58 2022
****************************************

        0 error(s)
        Format is SPEF
        Annotated nets                   :           78
        Annotated capacitances           :          406
        Annotated resistances            :          328
        Annotated coupling capacitances  :          424
        Annotated PI models              :            0
        Annotated Elmore delays          :            0

Information: Derived library resistance unit is 1.000000 Kohm (Time unit is 1 ns, and Capacitance unit is 1.000000 pF). (DES-028)

****************************************
Report : read_parasitics /home/passant/caravel-gf180mcu/signoff/housekeeping/StarRC/housekeeping.min.spef
	-keep_capacitive_coupling
Design : caravel_core
Version: T-2022.03-SP3
Date   : Tue Dec 13 23:49:59 2022
****************************************

        0 error(s)
        Format is SPEF
        Annotated nets                   :         6692
        Annotated capacitances           :        61517
        Annotated resistances            :        54968
        Annotated coupling capacitances  :       165327
        Annotated PI models              :            0
        Annotated Elmore delays          :            0

Information: Derived library resistance unit is 1.000000 Kohm (Time unit is 1 ns, and Capacitance unit is 1.000000 pF). (DES-028)

****************************************
Report : read_parasitics /home/passant/caravel-gf180mcu/signoff/caravel_core/StarRC/caravel_core.min.spef
	-pin_cap_included
	-keep_capacitive_coupling
Design : caravel_core
Version: T-2022.03-SP3
Date   : Tue Dec 13 23:50:00 2022
****************************************

        0 error(s)
        Format is SPEF
        Annotated nets                   :        28373
        Annotated capacitances           :       278873
        Annotated resistances            :       251775
        Annotated coupling capacitances  :       533023
        Annotated PI models              :            0
        Annotated Elmore delays          :            0

****************************************
Report : annotated_parasitics
	-check
	-internal_nets
	-boundary_nets
Design : caravel_core
Version: T-2022.03-SP3
Date   : Tue Dec 13 23:50:00 2022
****************************************

                    |         |         |         |   RC    | Coupled |   Not   |
Net Type            |  Total  | Lumped  |  RC pi  | network | network |Annotated|
--------------------+---------+---------+---------+---------+---------+---------+
Internal nets       |         |         |         |         |         |         |
  - Pin to pin nets |   33807 |       0 |       0 |     222 |   33585 |       0 |
  - Driverless nets |    1205 |       0 |       0 |       1 |     177 |    1027 |
  - Loadless nets   |     735 |       0 |       0 |       7 |     316 |     412 |
--------------------+---------+---------+---------+---------+---------+---------+
Boundary/port nets  |         |         |         |         |         |         |
  - Pin to pin nets |     412 |       0 |       0 |       3 |     409 |       0 |
  - Driverless nets |       0 |       0 |       0 |       0 |       0 |       0 |
  - Loadless nets   |       0 |       0 |       0 |       0 |       0 |       0 |
--------------------+---------+---------+---------+---------+---------+---------+
                    |   36159 |       0 |       0 |     233 |   34487 |    1439 |

