Information: Setting timing_save_pin_arrival_and_slack to TRUE and updating timing. (PTE-076)
Information: It is recommended that the variable timing_save_pin_arrival_and_slack be set before the initial timing update for optimal performance of this command. (PTE-077)
****************************************
Report : si_bottleneck
	-cost_type delta_delay
	-slack_lesser_than 10
	-all_nets
	-significant_digits 4
	-nosplit
	-minimum_active_aggressors 1
	-min
	-max
Design : mprj_io_buffer
Version: T-2022.03-SP3
Date   : Mon Nov 28 13:29:19 2022
****************************************

 Bottleneck Cost:  delta_delay
 net                                                         cost
 ---------------------------------------------------------------------
 mgmt_gpio_in[14]                                              0.0425
 mgmt_gpio_oeb[2]                                              0.0336
 mgmt_gpio_oeb[0]                                              0.0325
 mgmt_gpio_out[7]                                              0.0261
 mgmt_gpio_in[2]                                               0.0245
 mgmt_gpio_out[8]                                              0.0245
 mgmt_gpio_out[6]                                              0.0231
 mgmt_gpio_out[14]                                             0.0217
 mgmt_gpio_out[12]                                             0.0207
 mgmt_gpio_out[10]                                             0.0146
 mgmt_gpio_out[4]                                              0.0145
 mgmt_gpio_out[16]                                             0.0134
 mgmt_gpio_in[15]                                              0.0059
 mgmt_gpio_out[5]                                              0.0055
 mgmt_gpio_in[13]                                              0.0029
 mgmt_gpio_out[3]                                              0.0021
 mgmt_gpio_out[9]                                              0.0021
 mgmt_gpio_in[1]                                               0.0015
 mgmt_gpio_in[8]                                               0.0014
 mgmt_gpio_out[17]                                             0.0012
 mgmt_gpio_in[3]                                              -0.0000
 mgmt_gpio_in[11]                                             -0.0000
 mgmt_gpio_in[4]                                              -0.0000
 mgmt_gpio_out[13]                                            -0.0000
 mgmt_gpio_in[5]                                              -0.0000
 mgmt_gpio_out[11]                                            -0.0000
 mgmt_gpio_in[12]                                             -0.0000
 mgmt_gpio_out[15]                                            -0.0000
 mgmt_gpio_in[6]                                              -0.0000
 mgmt_gpio_out_buf[13]                                        -0.0000
 mgmt_gpio_out_buf[16]                                        -0.0000
 mgmt_gpio_in[7]                                              -0.0000
 mgmt_gpio_out[0]                                             -0.0000
 mgmt_gpio_out[1]                                             -0.0000
 mgmt_gpio_out[2]                                             -0.0000
 mgmt_gpio_oeb[1]                                             -0.0000
 mgmt_gpio_in[0]                                              -0.0000
 mgmt_gpio_in_buf[13]                                         -0.0000
 mgmt_gpio_in[10]                                             -0.0000
 mgmt_gpio_in[16]                                             -0.0000
 mgmt_gpio_in[17]                                             -0.0000

1
