StarRC extraction run for design: chip_io at RC corner min

StarRC command file created:	star_cmd-min.xtcmd

BLOCK: chip_io
TCAD_GRD_FILE: /home/passant/gf180_timing/caravel-gf180mcu/scripts/gf180-tech/gf180mcu_1p5m_1tm_9k_sp_smim_OPTB_bst.nxtgrd
MAPPING_FILE: /home/passant/gf180_timing/caravel-gf180mcu/scripts/gf180-tech/gf180mcu.starxt_map
OPERATING_TEMPERATURE: -40
NETLIST_FORMAT: SPEF
NETLIST_FILE: /home/passant/gf180_timing/caravel-gf180mcu/signoff/chip_io/StarRC/2022_12_11_07_35_52/chip_io.min.spef
SUMMARY_FILE: ./star_dir_temp/chip_io.min.star_sum
LEF_FILE: /home/passant/OpenLane/pdks/gf180mcuC/libs.ref/gf180mcu_fd_sc_mcu7t5v0/techlef/gf180mcu_fd_sc_mcu7t5v0__min.tlef
LEF_FILE: /home/passant/OpenLane/pdks/gf180mcuC/libs.ref/gf180mcu_fd_sc_mcu7t5v0/lef/gf180mcu_fd_sc_mcu7t5v0.lef
LEF_FILE: /home/passant/OpenLane/pdks/gf180mcuC/libs.ref/gf180mcu_fd_io/lef/gf180mcu_fd_io.lef
LEF_FILE: /home/passant/OpenLane/pdks/gf180mcuC/libs.ref/gf180mcu_fd_ip_sram/lef/gf180mcu_fd_ip_sram__sram512x8m8wm1.lef
LEF_FILE: /home/passant/gf180_timing/caravel-gf180mcu/macros/simple_por/lef/simple_por.lef
LEF_FILE: /home/passant/gf180_timing/caravel-gf180mcu/lef/caravel_motto.lef
LEF_FILE: /home/passant/gf180_timing/caravel-gf180mcu/lef/user_id_programming.lef
LEF_FILE: /home/passant/gf180_timing/caravel-gf180mcu/lef/gpio_defaults_block_007.lef
LEF_FILE: /home/passant/gf180_timing/caravel-gf180mcu/lef/user_project_wrapper_PnR.lef
LEF_FILE: /home/passant/gf180_timing/caravel-gf180mcu/lef/gpio_defaults_block.lef
LEF_FILE: /home/passant/gf180_timing/caravel-gf180mcu/lef/housekeeping.lef
LEF_FILE: /home/passant/gf180_timing/caravel-gf180mcu/lef/caravel_logo.lef
LEF_FILE: /home/passant/gf180_timing/caravel-gf180mcu/lef/user_project_wrapper.lef
LEF_FILE: /home/passant/gf180_timing/caravel-gf180mcu/lef/caravel_power_routing.lef
LEF_FILE: /home/passant/gf180_timing/caravel-gf180mcu/lef/spare_logic_block.lef
LEF_FILE: /home/passant/gf180_timing/caravel-gf180mcu/lef/gpio_defaults_block_087.lef
LEF_FILE: /home/passant/gf180_timing/caravel-gf180mcu/lef/copyright_block.lef
LEF_FILE: /home/passant/gf180_timing/caravel-gf180mcu/lef/caravel_core.lef
LEF_FILE: /home/passant/gf180_timing/caravel-gf180mcu/lef/caravel.lef
LEF_FILE: /home/passant/gf180_timing/caravel-gf180mcu/lef/open_source.lef
LEF_FILE: /home/passant/gf180_timing/caravel-gf180mcu/lef/mprj_io_buffer.lef
LEF_FILE: /home/passant/gf180_timing/caravel-gf180mcu/lef/gpio_defaults_block_009.lef
LEF_FILE: /home/passant/gf180_timing/caravel-gf180mcu/lef/user_id_textblock.lef
LEF_FILE: /home/passant/gf180_timing/caravel-gf180mcu/lef/chip_io.lef
LEF_FILE: /home/passant/caravel_mgmt_soc_gf180mcu/lef/gf180_ram_512x8_wrapper.lef
LEF_FILE: /home/passant/caravel_user_project-gf180mcu/lef/user_proj_example.lef
LEF_FILE: /home/passant/caravel_user_project-gf180mcu/lef/user_project_wrapper.lef
TOP_DEF_FILE: /home/passant/gf180_timing/caravel-gf180mcu/def/chip_io.def
STAR_DIRECTORY: ./star_dir_temp/chip_io.min/
GPD: /home/passant/gf180_timing/caravel-gf180mcu/scripts/star_dir_temp/chip_io.min.gpd
TRANSLATE_RETAIN_BULK_LAYERS: YES
IGNORE_CAPACITANCE: NONE
TRANSLATE_RETAIN_BULK_LAYERS: YES
NETLIST_PASSIVE_PARAMS: YES
EXTRACTION: RC
EXTRACT_VIA_CAPS: YES
COUPLE_TO_GROUND: NO
COUPLING_ABS_THRESHOLD: 1e-19
REDUCTION: NO_EXTRA_LOOPS

                                  StarRC (TM)

               Version T-2022.03-SP3 for linux64 - Jul 12, 2022 

                    Copyright (c) 1999 - 2022 Synopsys, Inc.
   This software and the associated documentation are proprietary to Synopsys,
 Inc. This software may only be used in accordance with the terms and conditions
 of a written license agreement with Synopsys, Inc. All other use, reproduction,
   or distribution of this software is strictly prohibited.  Licensed Products
     communicate with Synopsys servers for the purpose of providing software
    updates, detecting software piracy and verifying that customers are using
    Licensed Products in conformity with the applicable License Key for such
  Licensed Products. Synopsys will use information gathered in connection with
    this process to deliver software updates and pursue software pirates and
                                   infringers.

 Inclusivity & Diversity - Visit SolvNetPlus to read the "Synopsys Statement on
            Inclusivity and Diversity" (Refer to article 000036315 at
                        https://solvnetplus.synopsys.com)

ExecName: /tools/snps/starrc/T-2022.03-SP3/linux64_starrc/bin/StarXtract
Version: T-2022.03-SP3
Built on: Jul 12 2022 19:20:26
Start Time: Sun Dec 11 07:37:39 2022

Host ............ license-server-00

xTractorName: /tools/snps/starrc/T-2022.03-SP3/linux64_starrc/bin/xTractor
Version: T-2022.03-SP3
Built on: Jul 12 2022 19:20:14

Called as: StarXtract /home/passant/gf180_timing/caravel-gf180mcu/scripts/star_cmd-min.xtcmd 
Run Directory: /home/passant/gf180_timing/caravel-gf180mcu/scripts
Read unit 2000 from tech LEF file
/home/passant/OpenLane/pdks/gf180mcuC/libs.ref/gf180mcu_fd_sc_mcu7t5v0/techlef/gf180mcu_fd_sc_mcu7t5v0__min.tlef.
Using Units:2000 to translate LEF. (SX-2158)
Read unit 400 from top DEF file /home/passant/gf180_timing/caravel-gf180mcu/def/chip_io.def. Using
Units:2000 to translate top DEF. (SX-2158)
WARNING: DEF_MASKSHIFT_CONSISTENCY_CHECK may incur performance penalty in preXtraction. (SX-2105)
WARNING: INPUT_NAMES_ESCAPE_REMOVAL is enabled, please make sure that the net select commands remove
         the escape at the same time. (SX-3860)

Block ........... chip_io
Star Directory .. /home/passant/gf180_timing/caravel-gf180mcu/scripts/star_dir_temp/chip_io.min
WARNING: Running StarRC in single corner mode will result in degraded runtime for design flows where
         multiple corners are used.  For optimal runtime, add the necessary commands to configure
         the Simultaneous Multicorner flow (CORNERS_FILE and SELECTED_CORNERS). (SX-3552)
LEF file ........
 /home/passant/OpenLane/pdks/gf180mcuC/libs.ref/gf180mcu_fd_sc_mcu7t5v0/techlef/gf180mcu_fd_sc_mcu7t5v0__min.tlef

LEF file ........
 /home/passant/OpenLane/pdks/gf180mcuC/libs.ref/gf180mcu_fd_sc_mcu7t5v0/lef/gf180mcu_fd_sc_mcu7t5v0.lef

LEF file ........
 /home/passant/OpenLane/pdks/gf180mcuC/libs.ref/gf180mcu_fd_io/lef/gf180mcu_fd_io.lef
LEF file ........
 /home/passant/OpenLane/pdks/gf180mcuC/libs.ref/gf180mcu_fd_ip_sram/lef/gf180mcu_fd_ip_sram__sram512x8m8wm1.lef

LEF file ........ /home/passant/gf180_timing/caravel-gf180mcu/macros/simple_por/lef/simple_por.lef
LEF file ........ /home/passant/gf180_timing/caravel-gf180mcu/lef/caravel_motto.lef
LEF file ........ /home/passant/gf180_timing/caravel-gf180mcu/lef/user_id_programming.lef
LEF file ........ /home/passant/gf180_timing/caravel-gf180mcu/lef/gpio_defaults_block_007.lef
LEF file ........ /home/passant/gf180_timing/caravel-gf180mcu/lef/user_project_wrapper_PnR.lef
LEF file ........ /home/passant/gf180_timing/caravel-gf180mcu/lef/gpio_defaults_block.lef
LEF file ........ /home/passant/gf180_timing/caravel-gf180mcu/lef/housekeeping.lef
LEF file ........ /home/passant/gf180_timing/caravel-gf180mcu/lef/caravel_logo.lef
LEF file ........ /home/passant/gf180_timing/caravel-gf180mcu/lef/user_project_wrapper.lef
LEF file ........ /home/passant/gf180_timing/caravel-gf180mcu/lef/caravel_power_routing.lef
LEF file ........ /home/passant/gf180_timing/caravel-gf180mcu/lef/spare_logic_block.lef
LEF file ........ /home/passant/gf180_timing/caravel-gf180mcu/lef/gpio_defaults_block_087.lef
LEF file ........ /home/passant/gf180_timing/caravel-gf180mcu/lef/copyright_block.lef
LEF file ........ /home/passant/gf180_timing/caravel-gf180mcu/lef/caravel_core.lef
LEF file ........ /home/passant/gf180_timing/caravel-gf180mcu/lef/caravel.lef
LEF file ........ /home/passant/gf180_timing/caravel-gf180mcu/lef/open_source.lef
LEF file ........ /home/passant/gf180_timing/caravel-gf180mcu/lef/mprj_io_buffer.lef
LEF file ........ /home/passant/gf180_timing/caravel-gf180mcu/lef/gpio_defaults_block_009.lef
LEF file ........ /home/passant/gf180_timing/caravel-gf180mcu/lef/user_id_textblock.lef
LEF file ........ /home/passant/gf180_timing/caravel-gf180mcu/lef/chip_io.lef
LEF file ........ /home/passant/caravel_mgmt_soc_gf180mcu/lef/gf180_ram_512x8_wrapper.lef
LEF file ........ /home/passant/caravel_user_project-gf180mcu/lef/user_proj_example.lef
LEF file ........ /home/passant/caravel_user_project-gf180mcu/lef/user_project_wrapper.lef
Top DEF File .... /home/passant/gf180_timing/caravel-gf180mcu/def/chip_io.def
  Setup         Elp=00:00:01 Cpu=00:00:01 Usr=1.1    Sys=0.0    Mem=378.1 
Done

Map Layers:  Sun Dec 11 07:37:40 2022
    Parsing LEF file
WARNING: LEF LAYER 'Nwell' is not defined in mapping file (SX-2086)
WARNING: LEF LAYER 'CON' is not defined in mapping file (SX-2086)
WARNING: LEF LAYER 'PR_bndry' is not defined in mapping file (SX-2086)
WARNING: LAYER 'CON' has no VIA connection (SX-2076)
WARNING: Layer "Poly2" has no connections. (SX-1851)
  Warnings: 6    Errors: 0    (See file summary/layers.sum)
  Layers        Elp=00:00:01 Cpu=00:00:00 Usr=0.2    Sys=0.0    Mem=408.4 
Done

Build HN:  Sun Dec 11 07:37:43 2022
    Parsing LEF file
WARNING: Invalid pairings of the LEF dbuPerMicron '2000' and the corresponding DEF dbuPerMircon
         '400' (SX-2150)
WARNING: Detected the net 'vdd' connected to the P/G port 'DVDD' of instance
         'gf180mcu_fd_io__fill10_526' (cell 'gf180mcu_fd_io__fill10') would take them as power net
 (SX-2227)
WARNING: Detected the net 'vss' connected to the P/G port 'VSS' of instance
         'gf180mcu_fd_io__fill10_526' (cell 'gf180mcu_fd_io__fill10') would take them as power net
 (SX-2227)
WARNING: Detected the net 'mprj_pads[23]/VDD' connected to the P/G port 'VDD' of instance
         'mprj_pads[23]' (cell 'gf180mcu_fd_io__bi_t') would take them as power net (SX-2227)
    
  Warnings: 4    Errors: 0    (See file summary/hn.sum)
  HN            Elp=00:00:00 Cpu=00:00:00 Usr=0.3    Sys=0.0    Mem=412.3 
Done

Process Cells:  Sun Dec 11 07:37:43 2022
  Warnings: 0    Errors: 0
  Cells         Elp=00:00:00 Cpu=00:00:00 Usr=0.0    Sys=0.0    Mem=396.9 
Done

Translate_part1 DB:  Sun Dec 11 07:37:45 2022
  Warnings: 0    Errors: 0
  Translate_part1 Elp=00:00:00 Cpu=00:00:00 Usr=0.1    Sys=0.0    Mem=378.2 
Done

XinCombine:  Sun Dec 11 07:37:47 2022
  Warnings: 0    Errors: 0
  XinCombine    Elp=00:00:00 Cpu=00:00:00 Usr=0.0    Sys=0.0    Mem=360.6 
Done

PartitionPP:  Sun Dec 11 07:37:49 2022
  Warnings: 0    Errors: 0
  PartitionPP   Elp=00:00:00 Cpu=00:00:00 Usr=0.0    Sys=0.0    Mem=378.2 
Done

Merge Index Pins:  Sun Dec 11 07:37:51 2022
  Warnings: 0    Errors: 0
  MergeIndexPins Elp=00:00:00 Cpu=00:00:00 Usr=0.0    Sys=0.0    Mem=378.2 
Done

Merge Index:  Sun Dec 11 07:37:53 2022
  Warnings: 0    Errors: 0
  MergeIndex    Elp=00:00:00 Cpu=00:00:00 Usr=0.0    Sys=0.0    Mem=378.2 
Done

Merge GPD Instance Pins:  Sun Dec 11 07:37:55 2022
  Warnings: 0    Errors: 0
  MergeGpdInstPins Elp=00:00:00 Cpu=00:00:00 Usr=0.0    Sys=0.0    Mem=378.2 
Done

GPD XtractSetup:  Sun Dec 11 07:37:57 2022
  Warnings: 0    Errors: 0
  GPD_XtractSetup Elp=00:00:00 Cpu=00:00:00 Usr=0.0    Sys=0.0    Mem=378.2 
Done

Netlist Setup:  Sun Dec 11 07:38:00 2022
  Warnings: 0    Errors: 0
  NetlistSetup  Elp=00:00:00 Cpu=00:00:00 Usr=0.0    Sys=0.0    Mem=360.7 
Done

Netlist Assembly Setup:  Sun Dec 11 07:38:02 2022
  Warnings: 0    Errors: 0
  NetlistAssemblySetup Elp=00:00:00 Cpu=00:00:00 Usr=0.0    Sys=0.0    Mem=360.6 
Done

Clean Directory:  Sun Dec 11 07:38:04 2022
  Warnings: 0    Errors: 0
  CleanDirectory Elp=00:00:00 Cpu=00:00:00 Usr=0.0    Sys=0.0    Mem=360.6 
Done

GPD NameMap:  Sun Dec 11 07:38:06 2022
  Warnings: 0    Errors: 0
  GPD_NameMap   Elp=00:00:00 Cpu=00:00:00 Usr=0.0    Sys=0.0    Mem=361.4 
Done

xTract_part1 DB:  Sun Dec 11 07:38:08 2022
Extracting partition 1
Completed   0%  Time=00:00:00  RemainingTime=00:00:00  Mem=1462.16
Completed   1%  Time=00:00:00  RemainingTime=00:00:00  Mem=1462.16
Completed   2%  Time=00:00:00  RemainingTime=00:00:00  Mem=1462.16
Completed   3%  Time=00:00:00  RemainingTime=00:00:00  Mem=1462.16
Completed   4%  Time=00:00:00  RemainingTime=00:00:00  Mem=1462.16
Completed   5%  Time=00:00:00  RemainingTime=00:00:00  Mem=1462.16
Completed  10%  Time=00:00:00  RemainingTime=00:00:00  Mem=1462.16
Completed  14%  Time=00:00:00  RemainingTime=00:00:00  Mem=1462.16
Completed  19%  Time=00:00:00  RemainingTime=00:00:00  Mem=1462.16
Completed  24%  Time=00:00:00  RemainingTime=00:00:00  Mem=1462.16
Completed  29%  Time=00:00:00  RemainingTime=00:00:00  Mem=1462.16
Completed  33%  Time=00:00:00  RemainingTime=00:00:00  Mem=1462.16
Completed  38%  Time=00:00:00  RemainingTime=00:00:00  Mem=1462.16
Completed  43%  Time=00:00:00  RemainingTime=00:00:00  Mem=1462.16
Completed  48%  Time=00:00:00  RemainingTime=00:00:00  Mem=1462.16
Completed  53%  Time=00:00:00  RemainingTime=00:00:00  Mem=1462.16
Completed  57%  Time=00:00:00  RemainingTime=00:00:00  Mem=1462.16
Completed  62%  Time=00:00:00  RemainingTime=00:00:00  Mem=1462.16
Completed  67%  Time=00:00:00  RemainingTime=00:00:00  Mem=1462.16
Completed  72%  Time=00:00:00  RemainingTime=00:00:00  Mem=1462.16
Completed  77%  Time=00:00:00  RemainingTime=00:00:00  Mem=1462.16
Completed  81%  Time=00:00:00  RemainingTime=00:00:00  Mem=1462.16
Completed  86%  Time=00:00:00  RemainingTime=00:00:00  Mem=1462.16
Completed  91%  Time=00:00:00  RemainingTime=00:00:00  Mem=1462.16
Completed  96%  Time=00:00:00  RemainingTime=00:00:00  Mem=1462.16
Completed 100%  Time=00:00:00  RemainingTime=00:00:00  Mem=1462.16
Extracted 3435 capacitors, 7035 resistors, 6715 nodes
Reduced to 4535 nodes,  (32.4646%)
Reduced to 4185 resistors,  (40.5117%)
Reduced to 2835 capacitors: -1700 Cc and 4535 Cg (17.4672%)
  Warnings: 0    Errors: 0
  xTract_part1  Elp=00:00:01 Cpu=00:00:01 Usr=0.7    Sys=0.6    Mem=1462.7
Done

xTract Post Process DB:  Sun Dec 11 07:38:13 2022
  Warnings: 0    Errors: 0
  xTractPP      Elp=00:00:00 Cpu=00:00:00 Usr=0.0    Sys=0.0    Mem=258.7 
Done

Report Violations:  Sun Dec 11 07:38:16 2022
  Warnings: 0    Errors: 0
  ReportViolations Elp=00:00:00 Cpu=00:00:00 Usr=0.0    Sys=0.0    Mem=360.6 
Done

Report Opens:  Sun Dec 11 07:38:18 2022
  Warnings: 0    Errors: 0
  ReportOpens   Elp=00:00:00 Cpu=00:00:00 Usr=0.0    Sys=0.0    Mem=360.6 
Done

GPD Post Process:  Sun Dec 11 07:38:20 2022
  Warnings: 0    Errors: 0
  GPD_PostProcess Elp=00:00:00 Cpu=00:00:00 Usr=0.0    Sys=0.0    Mem=361.0 
Done

GPD Converter Part 1:  Sun Dec 11 07:38:22 2022
  Warnings: 0    Errors: 0
  GPD_Converter1 Elp=00:00:00 Cpu=00:00:00 Usr=0.0    Sys=0.0    Mem=254.3 
Done

GPD Converter Part 2:  Sun Dec 11 07:38:26 2022
  Warnings: 0    Errors: 0
  GPD_Converter2 Elp=00:00:00 Cpu=00:00:00 Usr=0.0    Sys=0.0    Mem=253.0 
Done

GPD Converter Merge:  Sun Dec 11 07:38:28 2022
  Warnings: 0    Errors: 0
  GPD_Converter_merge Elp=00:00:00 Cpu=00:00:00 Usr=0.0    Sys=0.0    Mem=252.9 
Done
  
Setup                Elp=00:00:01 Cpu=00:00:01 Usr=1.1    Sys=0.0    Mem=378.1 
Layers               Elp=00:00:01 Cpu=00:00:00 Usr=0.2    Sys=0.0    Mem=408.4 
HN                   Elp=00:00:00 Cpu=00:00:00 Usr=0.3    Sys=0.0    Mem=412.3 
Cells                Elp=00:00:00 Cpu=00:00:00 Usr=0.0    Sys=0.0    Mem=396.9 
Translate_part1      Elp=00:00:00 Cpu=00:00:00 Usr=0.1    Sys=0.0    Mem=378.2 
XinCombine           Elp=00:00:00 Cpu=00:00:00 Usr=0.0    Sys=0.0    Mem=360.6 
PartitionPP          Elp=00:00:00 Cpu=00:00:00 Usr=0.0    Sys=0.0    Mem=378.2 
MergeIndexPins       Elp=00:00:00 Cpu=00:00:00 Usr=0.0    Sys=0.0    Mem=378.2 
MergeIndex           Elp=00:00:00 Cpu=00:00:00 Usr=0.0    Sys=0.0    Mem=378.2 
MergeGpdInstPins     Elp=00:00:00 Cpu=00:00:00 Usr=0.0    Sys=0.0    Mem=378.2 
GPD_XtractSetup      Elp=00:00:00 Cpu=00:00:00 Usr=0.0    Sys=0.0    Mem=378.2 
NetlistSetup         Elp=00:00:00 Cpu=00:00:00 Usr=0.0    Sys=0.0    Mem=360.7 
NetlistAssemblySetup Elp=00:00:00 Cpu=00:00:00 Usr=0.0    Sys=0.0    Mem=360.6 
CleanDirectory       Elp=00:00:00 Cpu=00:00:00 Usr=0.0    Sys=0.0    Mem=360.6 
GPD_NameMap          Elp=00:00:00 Cpu=00:00:00 Usr=0.0    Sys=0.0    Mem=361.4 
xTract_part1         Elp=00:00:01 Cpu=00:00:01 Usr=0.7    Sys=0.6    Mem=1462.7
xTractPP             Elp=00:00:00 Cpu=00:00:00 Usr=0.0    Sys=0.0    Mem=258.7 
ReportViolations     Elp=00:00:00 Cpu=00:00:00 Usr=0.0    Sys=0.0    Mem=360.6 
ReportOpens          Elp=00:00:00 Cpu=00:00:00 Usr=0.0    Sys=0.0    Mem=360.6 
GPD_PostProcess      Elp=00:00:00 Cpu=00:00:00 Usr=0.0    Sys=0.0    Mem=361.0 
GPD_Converter1       Elp=00:00:00 Cpu=00:00:00 Usr=0.0    Sys=0.0    Mem=254.3 
GPD_Converter2       Elp=00:00:00 Cpu=00:00:00 Usr=0.0    Sys=0.0    Mem=253.0 
GPD_Converter_merge  Elp=00:00:00 Cpu=00:00:00 Usr=0.0    Sys=0.0    Mem=252.9 
  
Done          Elp=00:00:03 Cpu=00:00:02 Usr=2.4    Sys=0.6    Mem=1462.7

End Time: Sun Dec 11 07:38:33 2022



RUN-TIME SUMMARY:
----------------------------------------------------------------------------------------------
CPU#   | STAGE SUMMARY                                            |END TIME             |HOST NAME
----------------------------------------------------------------------------------------------
CPU_01 |*Setup                     Elp=00:00:01 Cpu=00:00:01 Mem=378.1  |Dec 11 07:37:40 |license-server-00
CPU_01 |*Layers                    Elp=00:00:01 Cpu=00:00:00 Mem=408.4  |Dec 11 07:37:41 |license-server-00
CPU_01 |*Cells                     Elp=00:00:00 Cpu=00:00:00 Mem=396.9  |Dec 11 07:37:43 |license-server-00
CPU_01 |*HN                        Elp=00:00:00 Cpu=00:00:00 Mem=412.3  |Dec 11 07:37:43 |license-server-00
CPU_01 |*Translate_DP              Elp=00:00:00 Cpu=00:00:00 Mem=378.2  |Dec 11 07:37:45 |license-server-00
CPU_01 |*XinCombine                Elp=00:00:00 Cpu=00:00:00 Mem=360.6  |Dec 11 07:37:47 |license-server-00
CPU_01 |*PartitionPP               Elp=00:00:00 Cpu=00:00:00 Mem=378.2  |Dec 11 07:37:49 |license-server-00
CPU_01 |*MergeIndexPins            Elp=00:00:00 Cpu=00:00:00 Mem=378.2  |Dec 11 07:37:51 |license-server-00
CPU_01 |*MergeIndex                Elp=00:00:00 Cpu=00:00:00 Mem=378.2  |Dec 11 07:37:53 |license-server-00
CPU_01 |*MergeGpdInstPins          Elp=00:00:00 Cpu=00:00:00 Mem=378.2  |Dec 11 07:37:55 |license-server-00
CPU_01 |*GPD_XtractSetup           Elp=00:00:01 Cpu=00:00:00 Mem=378.2  |Dec 11 07:37:58 |license-server-00
CPU_01 |*NetlistSetup              Elp=00:00:00 Cpu=00:00:00 Mem=360.7  |Dec 11 07:38:00 |license-server-00
CPU_01 |*NetlistAssemblySetup      Elp=00:00:00 Cpu=00:00:00 Mem=360.6  |Dec 11 07:38:02 |license-server-00
CPU_01 |*CleanDirectory            Elp=00:00:00 Cpu=00:00:00 Mem=360.6  |Dec 11 07:38:04 |license-server-00
CPU_01 |*GPD_NameMap               Elp=00:00:00 Cpu=00:00:00 Mem=361.4  |Dec 11 07:38:06 |license-server-00
CPU_01 |*xTract_DP                 Elp=00:00:03 Cpu=00:00:01 Mem=1462.7 |Dec 11 07:38:09 |license-server-00
CPU_01 |*xTractPP                  Elp=00:00:05 Cpu=00:00:00 Mem=258.7  |Dec 11 07:38:14 |license-server-00
CPU_01 |*ReportViolations          Elp=00:00:00 Cpu=00:00:00 Mem=360.6  |Dec 11 07:38:16 |license-server-00
CPU_01 |*ReportOpens               Elp=00:00:00 Cpu=00:00:00 Mem=360.6  |Dec 11 07:38:18 |license-server-00
CPU_01 |*GPD_PostProcess           Elp=00:00:00 Cpu=00:00:00 Mem=361    |Dec 11 07:38:20 |license-server-00
CPU_01 |*GPD_Converter_DP          Elp=00:00:04 Cpu=00:00:00 Mem=254.3  |Dec 11 07:38:26 |license-server-00
CPU_01 |*GPD_Converter_merge       Elp=00:00:01 Cpu=00:00:00 Mem=252.9  |Dec 11 07:38:29 |license-server-00
----------------------------------------------------------------------------------------------
Start Time: Sun Dec 11 07:37:39 2022
End Time: Sun Dec 11 07:38:20 2022
----------------------------------------------------------------------------------------------
Overall:         Elp=00:00:41 Cpu= 00:00:02 Peak_Mem(MB)=1462.7
PreXtraction:    Elp=00:00:27 Cpu= 00:00:01 Peak_Mem(MB)=412.3
Xtraction:       Elp=00:00:03 Cpu= 00:00:01 Peak_Mem(MB)=1462.7
PostXtraction:   Elp=00:00:11 Cpu= 00:00:00 Peak_Mem(MB)=361
----------------------------------------------------------------------------------------------
Spef Output:     Elp= 00:00:07 Cpu= 00:00:00 Peak_Mem(MB)=254.3
----------------------------------------------------------------------------------------------


NOTE: Simultaneous Multicorner (SMC) is now the default mode for StarRC gate-level extraction.
By running SMC, the overall runtime can be reduced by up to 2x with the same level of accuracy
as single corner extraction. For more information, consult the Simultaneous Multicorner Section
in the StarRC User Guide.

Message Summary:
----------------------------------------------------------------------------------------------
SX-1851 (x   1)|Warning      |LAYER "()" HAS NO CONNECTIONS.
SX-2076 (x   1)|Warning      |LAYER '()' HAS NO VIA CONNECTION
SX-2086 (x   3)|Warning      |LEF LAYER '()' IS NOT DEFINED IN MAPPING FILE
SX-2105 (x   1)|Warning      |DEF_MASKSHIFT_CONSISTENCY_CHECK MAY INCUR PERFORMANCE PENALTY IN PREXTRACTION.
SX-2150 (x   1)|Warning      |INVALID PAIRINGS OF THE LEF DBUPERMICRON '()' AND THE CORRESPONDING DEF DBUPERMIRCON '()'
SX-2158 (x   2)|Information  |READ UNIT () FROM () FILE (). USING UNITS:() TO TRANSLATE ().
SX-2227 (x   3)|Warning      |DETECTED THE NET '()' CONNECTED TO THE P/G PORT '()' OF INSTANCE '()' (CELL '()') WOULD TAKE THEM AS POWER NET
SX-3552 (x   1)|Warning      |RUNNING STARRC IN SINGLE CORNER MODE WILL RESULT IN DEGRADED RUNTIME FOR DESIGN FLOWS WHERE MULTIPLE CORNERS ARE USED.  FOR OPTIMAL RUNTIME, ADD THE NECESSARY COMMANDS TO CONFIGURE THE SIMULTANEOUS MULTICORNER FLOW (CORNERS_FILE AND SELECTED_CORNERS).
SX-3860 (x   1)|Warning      |INPUT_NAMES_ESCAPE_REMOVAL IS ENABLED, PLEASE MAKE SURE THAT THE NET SELECT COMMANDS REMOVE THE ESCAPE AT THE SAME TIME.

